0 10
(4_w,8)-aCMA-ES (mu_w=2.6,w_1=52%) in dimension 4 (seed=860423, Mon Jun 14 11:03:55 2021)
circuitVTD.py:339: DeprecationWarning: The QuantumCircuit.__add__() method is being deprecated.Use the compose() method which is more flexible w.r.t circuit register compatibility.
  TrotterFixStepList.append(TrotterFixStepList[-1] + U_trot)
/home/nfb1/.local/lib/python3.7/site-packages/qiskit/circuit/quantumcircuit.py:869: DeprecationWarning: The QuantumCircuit.combine() method is being deprecated. Use the compose() method which is more flexible w.r.t circuit register compatibility.
  return self.combine(rhs)
Iterat #Fevals   function value  axis ratio  sigma  min&max std  t[m:s]
    1      8 2.463378906250004e-01 1.0e+00 1.60e+00  1e+00  2e+00 0:06.3
    2     16 4.865722656250006e-01 1.4e+00 1.69e+00  2e+00  2e+00 0:12.5
    3     24 1.965332031250003e-01 1.5e+00 1.43e+00  1e+00  2e+00 0:18.9
    4     32 1.184082031249999e-01 1.6e+00 1.42e+00  1e+00  2e+00 0:25.2
    5     40 4.174804687500011e-01 1.7e+00 1.47e+00  1e+00  2e+00 0:31.4
    6     48 3.237304687500006e-01 2.0e+00 1.57e+00  1e+00  2e+00 0:37.7
    7     56 3.076171874999989e-02 2.0e+00 1.47e+00  1e+00  2e+00 0:44.0
    9     72 7.983398437500000e-02 2.1e+00 1.03e+00  8e-01  1e+00 0:56.5
   11     88 2.192382812500011e-01 2.2e+00 9.85e-01  8e-01  9e-01 1:09.2
   13    104 7.788085937500044e-02 2.7e+00 8.54e-01  6e-01  8e-01 1:21.6
   15    120 9.765625000001110e-04 2.4e+00 7.78e-01  5e-01  7e-01 1:34.3
   17    136 -7.397460937499978e-02 2.8e+00 5.90e-01  3e-01  6e-01 1:46.7
termination on ftarget=1e-11
final/bestever f-value = -7.397461e-02 -7.397461e-02
incumbent solution: [-4.709995962421782, 6.168709270331621, 1.6282579086095779, 8.399509409814229]
std deviation: [0.5551410854869612, 0.41003955313448776, 0.36092369278812947, 0.33078839696247897]
CMAEvolutionStrategyResult(xbest=array([-5.08353144,  5.885497  ,  1.76973692,  8.60882082]), fbest=-0.07397460937499978, evals_best=136, evaluations=136, iterations=17, xfavorite=array([-4.70999596,  6.16870927,  1.62825791,  8.39950941]), stds=array([0.55514109, 0.41003955, 0.36092369, 0.3307884 ]), stop={'ftarget': 1e-11})
1 10
(4_w,8)-aCMA-ES (mu_w=2.6,w_1=52%) in dimension 4 (seed=827940, Mon Jun 14 11:05:42 2021)
Iterat #Fevals   function value  axis ratio  sigma  min&max std  t[m:s]
    1      8 3.115234375000002e-01 1.0e+00 1.40e+00  1e+00  1e+00 0:07.4
    2     16 1.083984375000006e-01 1.2e+00 1.15e+00  1e+00  1e+00 0:15.3
    3     24 1.704101562500007e-01 1.2e+00 9.84e-01  8e-01  1e+00 0:23.0
    4     32 1.386718750000010e-01 1.4e+00 9.24e-01  7e-01  9e-01 0:31.1
    5     40 9.130859375000089e-02 1.5e+00 8.91e-01  7e-01  1e+00 0:38.7
    6     48 2.209472656250002e-01 1.8e+00 7.88e-01  5e-01  8e-01 0:46.3
    7     56 5.322265625000033e-02 1.9e+00 7.06e-01  5e-01  7e-01 0:54.0
    8     64 2.685546874999978e-02 1.7e+00 5.74e-01  3e-01  5e-01 1:01.5
   10     80 3.295898437500000e-02 1.7e+00 4.09e-01  2e-01  4e-01 1:17.1
   12     96 -5.541992187500022e-02 2.0e+00 3.34e-01  2e-01  3e-01 1:32.6
termination on ftarget=1e-11
final/bestever f-value = -5.541992e-02 -5.541992e-02
incumbent solution: [-1.4051075333200005, -0.2011444585058229, 3.5039012758823143, 2.36608993581213]
std deviation: [0.27258174994393686, 0.1757297682723019, 0.1930353941625857, 0.17813615546578174]
CMAEvolutionStrategyResult(xbest=array([-1.44866553, -0.29482542,  3.31235194,  2.4558744 ]), fbest=-0.05541992187500022, evals_best=89, evaluations=96, iterations=12, xfavorite=array([-1.40510753, -0.20114446,  3.50390128,  2.36608994]), stds=array([0.27258175, 0.17572977, 0.19303539, 0.17813616]), stop={'ftarget': 1e-11})
2 10
(4_w,8)-aCMA-ES (mu_w=2.6,w_1=52%) in dimension 4 (seed=821643, Mon Jun 14 11:07:15 2021)
Iterat #Fevals   function value  axis ratio  sigma  min&max std  t[m:s]
    1      8 3.925781250000006e-01 1.0e+00 1.49e+00  1e+00  2e+00 0:07.7
    2     16 3.542480468750002e-01 1.3e+00 1.33e+00  1e+00  1e+00 0:15.5
    3     24 2.758789062500003e-01 1.5e+00 1.37e+00  1e+00  2e+00 0:22.7
    4     32 3.049316406250002e-01 1.6e+00 1.17e+00  1e+00  1e+00 0:30.3
    5     40 1.706542968750003e-01 1.9e+00 1.17e+00  9e-01  1e+00 0:38.1
    6     48 9.838867187500022e-02 1.9e+00 1.22e+00  9e-01  1e+00 0:45.5
    7     56 1.394042968750006e-01 2.0e+00 1.20e+00  9e-01  1e+00 0:53.6
    8     64 2.312011718750003e-01 2.2e+00 1.12e+00  8e-01  1e+00 1:00.9
   10     80 2.685546875000056e-02 2.6e+00 8.16e-01  5e-01  8e-01 1:16.5
   12     96 9.838867187500078e-02 3.2e+00 7.57e-01  5e-01  8e-01 1:31.9
   14    112 2.121582031250000e-01 3.5e+00 6.72e-01  4e-01  7e-01 1:47.2
   16    128 1.342773437500006e-01 3.8e+00 4.73e-01  3e-01  5e-01 2:02.1
   18    144 1.181640625000003e-01 3.8e+00 4.13e-01  2e-01  4e-01 2:17.2
   20    160 -2.197265625000067e-02 4.3e+00 3.51e-01  2e-01  3e-01 2:32.9
termination on ftarget=1e-11
final/bestever f-value = -2.197266e-02 -2.197266e-02
incumbent solution: [8.657486590856152, 4.432419250345983, 6.510055576183306, 3.769409460887521]
std deviation: [0.21849629733506043, 0.25254927228628754, 0.311290061268753, 0.15225378065476303]
CMAEvolutionStrategyResult(xbest=array([8.57348405, 4.35238093, 6.67067459, 3.7745851 ]), fbest=-0.021972656250000666, evals_best=157, evaluations=160, iterations=20, xfavorite=array([8.65748659, 4.43241925, 6.51005558, 3.76940946]), stds=array([0.2184963 , 0.25254927, 0.31129006, 0.15225378]), stop={'ftarget': 1e-11})
3 10
(4_w,8)-aCMA-ES (mu_w=2.6,w_1=52%) in dimension 4 (seed=823820, Mon Jun 14 11:09:48 2021)
Iterat #Fevals   function value  axis ratio  sigma  min&max std  t[m:s]
    1      8 2.929687500000006e-01 1.0e+00 1.38e+00  1e+00  1e+00 0:07.6
    2     16 1.713867187499999e-01 1.3e+00 1.15e+00  9e-01  1e+00 0:15.6
    3     24 3.249511718750003e-01 1.4e+00 1.25e+00  1e+00  1e+00 0:23.0
    4     32 1.970214843750004e-01 1.6e+00 1.24e+00  1e+00  1e+00 0:30.8
    5     40 1.262207031250007e-01 1.9e+00 1.20e+00  9e-01  1e+00 0:38.5
    6     48 1.855468750000003e-01 2.3e+00 1.08e+00  8e-01  1e+00 0:45.9
    7     56 1.728515625000004e-01 2.6e+00 1.14e+00  9e-01  1e+00 0:53.4
    8     64 -1.611328124999978e-02 2.8e+00 9.83e-01  8e-01  1e+00 1:01.1
termination on ftarget=1e-11
final/bestever f-value = -1.611328e-02 -1.611328e-02
incumbent solution: [3.9301104577856485, 3.880543643425271, 5.180559046712138, 3.1986331516377966]
std deviation: [0.8934481675793785, 0.8221124857167988, 0.8182522517464892, 1.1179265746714133]
CMAEvolutionStrategyResult(xbest=array([4.6136547 , 2.97117869, 5.62171748, 2.22910462]), fbest=-0.016113281249999778, evals_best=60, evaluations=64, iterations=8, xfavorite=array([3.93011046, 3.88054364, 5.18055905, 3.19863315]), stds=array([0.89344817, 0.82211249, 0.81825225, 1.11792657]), stop={'ftarget': 1e-11})
4 10
(4_w,8)-aCMA-ES (mu_w=2.6,w_1=52%) in dimension 4 (seed=788118, Mon Jun 14 11:10:49 2021)
Iterat #Fevals   function value  axis ratio  sigma  min&max std  t[m:s]
    1      8 1.875000000000006e-01 1.0e+00 1.39e+00  1e+00  1e+00 0:07.4
    2     16 2.414550781250009e-01 1.2e+00 1.31e+00  1e+00  1e+00 0:15.0
    3     24 3.510742187500004e-01 1.5e+00 1.27e+00  1e+00  1e+00 0:22.6
    4     32 1.992187500000004e-01 1.6e+00 1.28e+00  1e+00  1e+00 0:30.3
    5     40 2.661132812500006e-01 1.6e+00 1.29e+00  1e+00  1e+00 0:38.1
    6     48 1.062011718750002e-01 1.5e+00 1.36e+00  9e-01  2e+00 0:45.5
    7     56 1.752929687500003e-01 2.1e+00 1.54e+00  1e+00  2e+00 0:53.2
    8     64 1.892089843750006e-01 2.5e+00 1.62e+00  1e+00  2e+00 1:00.7
   10     80 5.693359375000002e-01 2.4e+00 1.37e+00  8e-01  2e+00 1:16.0
   12     96 1.848144531249999e-01 2.6e+00 1.06e+00  6e-01  1e+00 1:31.6
   14    112 2.229003906250002e-01 3.0e+00 1.25e+00  8e-01  2e+00 1:47.1
   16    128 2.844238281250010e-01 3.5e+00 1.00e+00  6e-01  1e+00 2:02.4
   18    144 7.177734375000011e-02 3.4e+00 9.79e-01  5e-01  1e+00 2:18.1
   20    160 1.340332031250003e-01 4.8e+00 8.53e-01  4e-01  1e+00 2:33.7
   22    176 2.050781250000002e-01 4.8e+00 1.00e+00  5e-01  1e+00 2:49.6
   24    192 1.782226562500003e-01 4.2e+00 1.00e+00  4e-01  1e+00 3:05.3
   27    216 8.813476562499989e-02 3.5e+00 8.11e-01  3e-01  7e-01 3:28.5
   30    240 5.419921875000089e-02 3.2e+00 5.40e-01  2e-01  4e-01 3:51.6
   33    264 4.638671875000067e-02 4.5e+00 4.38e-01  1e-01  3e-01 4:14.2
   36    288 4.003906250000011e-02 5.2e+00 4.86e-01  1e-01  4e-01 4:37.0
   38    304 -3.515625000000044e-02 4.8e+00 6.06e-01  1e-01  5e-01 4:52.5
termination on ftarget=1e-11
final/bestever f-value = -3.515625e-02 -3.515625e-02
incumbent solution: [4.388296533848598, 1.7544694015620597, 2.603994567232321, 4.635572460545818]
std deviation: [0.1493878716918134, 0.5213563058273684, 0.5296571093291546, 0.3754264651545763]
CMAEvolutionStrategyResult(xbest=array([4.34832164, 1.36319781, 3.16351689, 4.78668038]), fbest=-0.035156250000000444, evals_best=304, evaluations=304, iterations=38, xfavorite=array([4.38829653, 1.7544694 , 2.60399457, 4.63557246]), stds=array([0.14938787, 0.52135631, 0.52965711, 0.37542647]), stop={'ftarget': 1e-11})
5 10
(4_w,8)-aCMA-ES (mu_w=2.6,w_1=52%) in dimension 4 (seed=764694, Mon Jun 14 11:15:42 2021)
Iterat #Fevals   function value  axis ratio  sigma  min&max std  t[m:s]
    1      8 1.633300781250002e-01 1.0e+00 1.32e+00  1e+00  1e+00 0:07.5
    2     16 7.294921875000000e-01 1.3e+00 1.50e+00  1e+00  2e+00 0:15.5
    3     24 4.799804687500003e-01 1.6e+00 1.80e+00  2e+00  2e+00 0:23.0
    4     32 3.093261718750002e-01 2.2e+00 1.79e+00  2e+00  2e+00 0:30.4
    5     40 3.623046875000006e-01 2.1e+00 1.84e+00  2e+00  2e+00 0:38.2
    6     48 2.744140625000004e-01 2.0e+00 2.04e+00  2e+00  2e+00 0:45.6
    7     56 1.743164062500000e-01 1.8e+00 1.98e+00  1e+00  2e+00 0:53.5
    8     64 4.306640625000003e-01 1.7e+00 1.60e+00  1e+00  2e+00 1:01.4
   10     80 3.815917968750003e-01 1.7e+00 1.32e+00  9e-01  1e+00 1:17.0
   12     96 1.672363281250000e-01 1.9e+00 1.10e+00  7e-01  1e+00 1:32.2
   14    112 1.936035156249999e-01 2.0e+00 1.01e+00  6e-01  9e-01 1:47.4
   16    128 1.228027343749999e-01 1.8e+00 7.84e-01  4e-01  6e-01 2:03.4
   18    144 1.325683593750008e-01 2.2e+00 7.85e-01  5e-01  6e-01 2:19.0
   20    160 7.568359375000044e-02 2.1e+00 5.76e-01  3e-01  4e-01 2:34.3
   22    176 1.193847656250012e-01 2.0e+00 4.73e-01  3e-01  3e-01 2:49.8
   24    192 3.002929687500100e-02 2.2e+00 4.11e-01  2e-01  3e-01 3:04.9
   25    200 -6.054687500000044e-02 2.0e+00 3.93e-01  2e-01  3e-01 3:12.9
termination on ftarget=1e-11
final/bestever f-value = -6.054688e-02 -6.054688e-02
incumbent solution: [4.18064686564434, 5.374821186639992, 2.1635708350668774, 7.519682250378398]
std deviation: [0.2657770259137324, 0.18552252102125652, 0.1927251019134074, 0.21017833181716836]
CMAEvolutionStrategyResult(xbest=array([4.21120727, 5.26183438, 2.03123373, 7.51593212]), fbest=-0.060546875000000444, evals_best=200, evaluations=200, iterations=25, xfavorite=array([4.18064687, 5.37482119, 2.16357084, 7.51968225]), stds=array([0.26577703, 0.18552252, 0.1927251 , 0.21017833]), stop={'ftarget': 1e-11})
6 10
(4_w,8)-aCMA-ES (mu_w=2.6,w_1=52%) in dimension 4 (seed=768304, Mon Jun 14 11:18:55 2021)
Iterat #Fevals   function value  axis ratio  sigma  min&max std  t[m:s]
    1      8 8.618164062500000e-02 1.0e+00 1.41e+00  1e+00  1e+00 0:08.0
    2     16 1.965332031250007e-01 1.3e+00 1.32e+00  1e+00  1e+00 0:15.7
    3     24 1.428222656249999e-01 1.4e+00 1.19e+00  9e-01  1e+00 0:23.6
    4     32 2.905273437500078e-02 1.7e+00 1.01e+00  7e-01  9e-01 0:31.4
    5     40 -1.953124999999778e-03 1.7e+00 8.40e-01  6e-01  8e-01 0:39.0
termination on ftarget=1e-11
final/bestever f-value = -1.953125e-03 -1.953125e-03
incumbent solution: [0.8310703486013463, 2.124499410681861, 1.0929128337891285, 4.803098700465991]
std deviation: [0.5779098888002653, 0.6819125415391539, 0.7535920548130307, 0.7816823884625783]
CMAEvolutionStrategyResult(xbest=array([0.93770135, 2.14064954, 1.00702052, 4.69973681]), fbest=-0.001953124999999778, evals_best=40, evaluations=40, iterations=5, xfavorite=array([0.83107035, 2.12449941, 1.09291283, 4.8030987 ]), stds=array([0.57790989, 0.68191254, 0.75359205, 0.78168239]), stop={'ftarget': 1e-11})
7 10
(4_w,8)-aCMA-ES (mu_w=2.6,w_1=52%) in dimension 4 (seed=787618, Mon Jun 14 11:19:34 2021)
Iterat #Fevals   function value  axis ratio  sigma  min&max std  t[m:s]
    1      8 2.570800781249999e-01 1.0e+00 1.55e+00  1e+00  2e+00 0:07.5
    2     16 1.169433593750002e-01 1.3e+00 1.49e+00  1e+00  2e+00 0:15.1
    3     24 2.871093750000003e-01 1.5e+00 2.02e+00  2e+00  3e+00 0:22.9
    4     32 3.740234375000008e-01 1.9e+00 2.07e+00  2e+00  3e+00 0:30.3
    5     40 5.727539062500002e-01 1.9e+00 1.81e+00  1e+00  2e+00 0:38.1
    6     48 3.376464843750003e-01 1.7e+00 1.87e+00  1e+00  2e+00 0:45.6
    7     56 2.495117187500008e-01 2.0e+00 1.75e+00  1e+00  2e+00 0:53.6
    8     64 5.693359375000001e-01 2.0e+00 1.48e+00  1e+00  2e+00 1:01.4
   10     80 2.141113281249996e-01 2.5e+00 1.46e+00  1e+00  2e+00 1:16.8
   12     96 2.224121093750010e-01 2.8e+00 1.19e+00  8e-01  1e+00 1:32.3
   14    112 1.428222656250000e-01 3.7e+00 1.12e+00  7e-01  2e+00 1:47.8
   16    128 -6.835937500000000e-03 4.5e+00 9.89e-01  6e-01  2e+00 2:02.9
termination on ftarget=1e-11
final/bestever f-value = -6.835938e-03 -6.835938e-03
incumbent solution: [-3.7078774145363083, 2.0925532256116592, 0.1999304771391466, 6.879142205857867]
std deviation: [0.5566010666144063, 0.6485853279014993, 0.683537786660165, 1.6085739510941999]
CMAEvolutionStrategyResult(xbest=array([-3.51956561,  1.68798655,  0.72978697,  8.06705947]), fbest=-0.0068359375, evals_best=122, evaluations=128, iterations=16, xfavorite=array([-3.70787741,  2.09255323,  0.19993048,  6.87914221]), stds=array([0.55660107, 0.64858533, 0.68353779, 1.60857395]), stop={'ftarget': 1e-11})
8 10
(4_w,8)-aCMA-ES (mu_w=2.6,w_1=52%) in dimension 4 (seed=720051, Mon Jun 14 11:21:37 2021)
Iterat #Fevals   function value  axis ratio  sigma  min&max std  t[m:s]
    1      8 5.068359375000002e-01 1.0e+00 1.29e+00  1e+00  1e+00 0:07.7
    2     16 1.447753906250008e-01 1.2e+00 1.14e+00  1e+00  1e+00 0:15.6
    3     24 1.928710937500003e-01 1.4e+00 9.66e-01  8e-01  1e+00 0:23.1
    4     32 8.447265625000022e-02 1.6e+00 8.77e-01  7e-01  1e+00 0:31.0
    5     40 1.357421875000003e-01 1.7e+00 8.71e-01  6e-01  9e-01 0:39.0
    6     48 6.884765624999967e-02 1.8e+00 7.37e-01  5e-01  8e-01 0:46.6
    7     56 1.823730468749997e-01 2.0e+00 7.08e-01  5e-01  7e-01 0:54.6
    8     64 1.606445312500003e-01 2.0e+00 6.62e-01  4e-01  7e-01 1:02.1
   10     80 1.176757812500006e-01 2.3e+00 6.63e-01  4e-01  7e-01 1:17.5
   12     96 6.079101562500056e-02 2.6e+00 4.60e-01  3e-01  5e-01 1:32.5
   14    112 2.465820312500044e-02 2.1e+00 4.03e-01  2e-01  3e-01 1:47.9
   15    120 -1.806640624999978e-02 2.1e+00 3.57e-01  2e-01  3e-01 1:55.3
termination on ftarget=1e-11
final/bestever f-value = -1.806641e-02 -1.806641e-02
incumbent solution: [4.490691682444246, 0.6160557773332259, 3.5688775881432506, 2.776815494625939]
std deviation: [0.29433150451541706, 0.19958774070744698, 0.2242620745854631, 0.19272015992454605]
CMAEvolutionStrategyResult(xbest=array([4.48331737, 0.6274721 , 3.6193816 , 2.73575386]), fbest=-0.018066406249999778, evals_best=118, evaluations=120, iterations=15, xfavorite=array([4.49069168, 0.61605578, 3.56887759, 2.77681549]), stds=array([0.2943315 , 0.19958774, 0.22426207, 0.19272016]), stop={'ftarget': 1e-11})
9 10
(4_w,8)-aCMA-ES (mu_w=2.6,w_1=52%) in dimension 4 (seed=827307, Mon Jun 14 11:23:32 2021)
Iterat #Fevals   function value  axis ratio  sigma  min&max std  t[m:s]
    1      8 2.163085937500002e-01 1.0e+00 1.86e+00  2e+00  2e+00 0:07.5
    2     16 4.362792968750006e-01 1.7e+00 2.23e+00  2e+00  3e+00 0:15.2
    3     24 4.084472656250002e-01 2.0e+00 2.01e+00  2e+00  3e+00 0:22.8
    4     32 2.683105468749997e-01 2.1e+00 2.03e+00  2e+00  3e+00 0:31.1
    5     40 2.507324218750000e-01 2.8e+00 1.86e+00  2e+00  3e+00 0:38.8
    6     48 3.161621093750001e-01 2.8e+00 1.80e+00  2e+00  3e+00 0:46.7
    7     56 -2.929687500000000e-03 3.0e+00 1.51e+00  1e+00  2e+00 0:55.0
termination on ftarget=1e-11
final/bestever f-value = -2.929688e-03 -2.929688e-03
incumbent solution: [4.263626684352435, 3.928475592370642, 2.6799698058055217, 0.883031875317275]
std deviation: [1.515999674481313, 1.3181236630639641, 2.220486634052658, 1.2790181880173928]
CMAEvolutionStrategyResult(xbest=array([5.01515844, 2.93447134, 5.1895959 , 1.46865592]), fbest=-0.0029296875, evals_best=56, evaluations=56, iterations=7, xfavorite=array([4.26362668, 3.92847559, 2.67996981, 0.88303188]), stds=array([1.51599967, 1.31812366, 2.22048663, 1.27901819]), stop={'ftarget': 1e-11})
