0 10
(4_w,8)-aCMA-ES (mu_w=2.6,w_1=52%) in dimension 4 (seed=779787, Mon Jun 14 11:04:27 2021)
circuitVTD.py:339: DeprecationWarning: The QuantumCircuit.__add__() method is being deprecated.Use the compose() method which is more flexible w.r.t circuit register compatibility.
  TrotterFixStepList.append(TrotterFixStepList[-1] + U_trot)
/home/nfb1/.local/lib/python3.7/site-packages/qiskit/circuit/quantumcircuit.py:869: DeprecationWarning: The QuantumCircuit.combine() method is being deprecated. Use the compose() method which is more flexible w.r.t circuit register compatibility.
  return self.combine(rhs)
Iterat #Fevals   function value  axis ratio  sigma  min&max std  t[m:s]
    1      8 3.197937011718753e-01 1.0e+00 1.59e+00  2e+00  2e+00 0:09.6
    2     16 2.243041992187502e-01 1.2e+00 1.41e+00  1e+00  2e+00 0:18.8
    3     24 1.324462890625007e-01 1.5e+00 1.52e+00  1e+00  2e+00 0:28.2
    4     32 2.362060546875008e-01 1.6e+00 1.51e+00  1e+00  2e+00 0:37.3
    5     40 3.469848632812522e-02 1.7e+00 1.45e+00  1e+00  2e+00 0:46.8
    6     48 -5.905151367187456e-02 1.9e+00 1.24e+00  8e-01  2e+00 0:56.0
termination on ftarget=1e-11
final/bestever f-value = -5.905151e-02 -5.905151e-02
incumbent solution: [2.7218621941141037, -0.4170068801851941, 1.5164020697714853, 2.0136051645881485]
std deviation: [1.0806296101101245, 1.56401880186873, 0.9278075605657615, 0.8341711415380749]
CMAEvolutionStrategyResult(xbest=array([ 3.13486053, -0.37134632,  1.48979815,  1.82652089]), fbest=-0.059051513671874556, evals_best=43, evaluations=48, iterations=6, xfavorite=array([ 2.72186219, -0.41700688,  1.51640207,  2.01360516]), stds=array([1.08062961, 1.5640188 , 0.92780756, 0.83417114]), stop={'ftarget': 1e-11})
1 10
(4_w,8)-aCMA-ES (mu_w=2.6,w_1=52%) in dimension 4 (seed=735419, Mon Jun 14 11:05:24 2021)
Iterat #Fevals   function value  axis ratio  sigma  min&max std  t[m:s]
    1      8 3.784790039062501e-01 1.0e+00 1.43e+00  1e+00  1e+00 0:10.6
    2     16 5.124206542968752e-01 1.2e+00 1.24e+00  1e+00  1e+00 0:21.0
    3     24 3.293151855468752e-01 1.3e+00 1.20e+00  1e+00  1e+00 0:31.3
    4     32 4.330444335937500e-02 1.5e+00 1.19e+00  1e+00  1e+00 0:41.9
    5     40 7.208251953125022e-02 1.7e+00 1.21e+00  1e+00  1e+00 0:52.4
    6     48 2.294311523437506e-01 1.9e+00 1.36e+00  1e+00  1e+00 1:03.2
    7     56 3.498229980468757e-01 2.0e+00 1.32e+00  9e-01  1e+00 1:13.9
    8     64 1.573486328124999e-01 2.1e+00 1.20e+00  8e-01  1e+00 1:24.6
    9     72 2.000732421874997e-01 1.8e+00 1.01e+00  7e-01  9e-01 1:35.3
   10     80 9.323120117187589e-02 1.8e+00 8.44e-01  5e-01  8e-01 1:45.9
   11     88 1.905212402343757e-01 1.7e+00 7.55e-01  5e-01  7e-01 1:56.9
   13    104 4.702758789062544e-02 1.8e+00 5.16e-01  3e-01  4e-01 2:17.8
   15    120 5.194091796875033e-02 1.6e+00 4.97e-01  2e-01  4e-01 2:38.9
   17    136 1.059570312500001e-01 1.8e+00 4.79e-01  2e-01  3e-01 2:59.6
   19    152 9.381103515625022e-02 2.0e+00 4.01e-01  2e-01  3e-01 3:20.6
   21    168 7.241821289062522e-02 2.2e+00 4.06e-01  2e-01  3e-01 3:41.7
   23    184 7.284545898437556e-02 2.6e+00 4.08e-01  2e-01  3e-01 4:02.7
   25    200 8.346557617187511e-02 3.3e+00 4.74e-01  2e-01  4e-01 4:23.8
   27    216 1.011962890624996e-01 4.2e+00 4.12e-01  2e-01  3e-01 4:44.8
   29    232 4.849243164062544e-02 3.9e+00 3.43e-01  1e-01  2e-01 5:06.4
   31    248 1.007995605468746e-01 3.9e+00 2.76e-01  1e-01  2e-01 5:27.8
   33    264 5.584716796875067e-02 4.6e+00 2.26e-01  9e-02  2e-01 5:48.8
   36    288 8.135986328125033e-02 5.6e+00 1.57e-01  6e-02  1e-01 6:20.9
   39    312 4.293823242187533e-02 5.8e+00 1.49e-01  6e-02  1e-01 6:52.5
   42    336 3.961181640625000e-02 7.5e+00 1.18e-01  4e-02  8e-02 7:25.3
   43    344 -5.432128906249334e-03 8.7e+00 1.27e-01  4e-02  8e-02 7:35.9
termination on ftarget=1e-11
final/bestever f-value = -5.432129e-03 -5.432129e-03
incumbent solution: [1.3819527486254497, 7.324866592830679, 2.272184893507201, 1.6344174089285457]
std deviation: [0.056658957786530496, 0.057611364242249254, 0.08103741500738182, 0.04432187002276091]
CMAEvolutionStrategyResult(xbest=array([1.41338707, 7.33702509, 2.2745824 , 1.64641525]), fbest=-0.005432128906249334, evals_best=339, evaluations=344, iterations=43, xfavorite=array([1.38195275, 7.32486659, 2.27218489, 1.63441741]), stds=array([0.05665896, 0.05761136, 0.08103742, 0.04432187]), stop={'ftarget': 1e-11})
2 10
(4_w,8)-aCMA-ES (mu_w=2.6,w_1=52%) in dimension 4 (seed=837693, Mon Jun 14 11:12:59 2021)
Iterat #Fevals   function value  axis ratio  sigma  min&max std  t[m:s]
    1      8 4.770812988281254e-01 1.0e+00 1.83e+00  2e+00  2e+00 0:10.7
    2     16 2.004394531250003e-01 1.4e+00 1.91e+00  2e+00  2e+00 0:21.2
    3     24 3.374023437499999e-01 1.3e+00 1.99e+00  2e+00  2e+00 0:31.5
    4     32 5.393066406250003e-01 1.5e+00 2.28e+00  2e+00  3e+00 0:41.9
    5     40 5.547485351562507e-01 1.6e+00 2.64e+00  2e+00  4e+00 0:52.7
    6     48 3.105163574218753e-01 2.2e+00 2.53e+00  2e+00  4e+00 1:03.4
    7     56 4.293212890625002e-01 2.1e+00 2.30e+00  2e+00  3e+00 1:13.8
    8     64 1.810607910156256e-01 2.2e+00 2.40e+00  2e+00  3e+00 1:24.6
    9     72 5.700378417968753e-01 2.3e+00 2.90e+00  2e+00  4e+00 1:35.4
   10     80 3.861083984375001e-01 2.3e+00 2.79e+00  2e+00  4e+00 1:45.8
   11     88 2.630004882812500e-01 2.4e+00 2.32e+00  2e+00  3e+00 1:56.1
   13    104 4.790344238281249e-01 3.2e+00 2.19e+00  2e+00  3e+00 2:17.2
   15    120 2.252197265625002e-01 3.1e+00 1.77e+00  1e+00  2e+00 2:38.1
   17    136 4.800415039062503e-01 3.8e+00 1.54e+00  1e+00  2e+00 2:58.7
   19    152 7.135009765625078e-02 4.1e+00 1.42e+00  1e+00  2e+00 3:19.5
   21    168 1.825561523437507e-01 4.2e+00 1.03e+00  6e-01  1e+00 3:40.5
   23    184 1.839904785156256e-01 5.2e+00 1.03e+00  6e-01  1e+00 4:01.3
   25    200 6.301879882812511e-02 3.8e+00 9.59e-01  5e-01  9e-01 4:22.8
   27    216 7.345581054687533e-02 3.7e+00 8.44e-01  4e-01  9e-01 4:45.4
   29    232 1.086730957031251e-01 3.2e+00 6.62e-01  3e-01  7e-01 5:06.3
   31    248 6.085205078125033e-02 3.7e+00 6.68e-01  3e-01  7e-01 5:27.5
   33    264 3.628540039062456e-02 3.7e+00 7.09e-01  3e-01  8e-01 5:49.0
   34    272 -3.579711914062500e-02 4.4e+00 7.38e-01  3e-01  9e-01 5:59.9
termination on ftarget=1e-11
final/bestever f-value = -3.579712e-02 -3.579712e-02
incumbent solution: [-2.5594905885539556, 8.424114370191607, 1.4417747022823797, 7.725705631332364]
std deviation: [0.4248921263315542, 0.3256995048759555, 0.9041100559994599, 0.2683737960684159]
CMAEvolutionStrategyResult(xbest=array([-2.7139739 ,  8.66094858,  1.70598955,  7.81553435]), fbest=-0.035797119140625, evals_best=271, evaluations=272, iterations=34, xfavorite=array([-2.55949059,  8.42411437,  1.4417747 ,  7.72570563]), stds=array([0.42489213, 0.3256995 , 0.90411006, 0.2683738 ]), stop={'ftarget': 1e-11})
3 10
(4_w,8)-aCMA-ES (mu_w=2.6,w_1=52%) in dimension 4 (seed=780175, Mon Jun 14 11:18:59 2021)
Iterat #Fevals   function value  axis ratio  sigma  min&max std  t[m:s]
    1      8 1.977539062500010e-01 1.0e+00 1.57e+00  1e+00  2e+00 0:10.8
    2     16 3.426513671875000e-01 1.2e+00 1.72e+00  2e+00  2e+00 0:21.7
    3     24 2.721862792968752e-01 1.5e+00 1.64e+00  1e+00  2e+00 0:32.1
    4     32 1.683044433593751e-01 1.8e+00 1.57e+00  1e+00  2e+00 0:43.1
    5     40 3.101196289062503e-01 1.9e+00 1.50e+00  1e+00  2e+00 0:53.6
    6     48 5.066223144531252e-01 2.1e+00 1.70e+00  1e+00  2e+00 1:04.4
    7     56 2.104187011718753e-01 2.4e+00 1.63e+00  1e+00  2e+00 1:15.0
    8     64 4.542236328125006e-01 2.5e+00 1.85e+00  1e+00  3e+00 1:26.0
    9     72 2.075500488281259e-01 2.9e+00 1.77e+00  1e+00  3e+00 1:36.6
   10     80 2.876281738281249e-01 2.9e+00 1.93e+00  1e+00  3e+00 1:47.2
   11     88 3.385620117187499e-01 2.8e+00 1.81e+00  1e+00  2e+00 1:58.0
   13    104 2.828979492187508e-01 3.0e+00 1.70e+00  1e+00  2e+00 2:19.0
   15    120 1.180419921875002e-01 2.4e+00 1.81e+00  1e+00  2e+00 2:40.4
   17    136 2.310180664062506e-01 2.7e+00 1.93e+00  1e+00  2e+00 3:01.6
   19    152 2.103881835937508e-01 2.3e+00 1.38e+00  9e-01  1e+00 3:23.2
   21    168 2.465515136718750e-01 2.8e+00 1.33e+00  9e-01  1e+00 3:46.3
   23    184 1.937255859375003e-01 2.8e+00 1.36e+00  9e-01  1e+00 4:08.1
   25    200 2.134094238281253e-01 3.0e+00 1.11e+00  7e-01  8e-01 4:29.2
   27    216 1.422424316406248e-01 3.5e+00 1.05e+00  6e-01  7e-01 4:50.5
   29    232 6.091308593750056e-02 3.6e+00 8.60e-01  5e-01  6e-01 5:13.1
   31    248 1.506042480468746e-01 4.4e+00 7.92e-01  4e-01  6e-01 5:35.4
   33    264 1.016845703124999e-01 4.3e+00 6.72e-01  3e-01  4e-01 5:56.4
   36    288 3.564453124999989e-02 4.2e+00 7.21e-01  3e-01  5e-01 6:29.9
   39    312 -3.234863281249334e-03 3.5e+00 6.45e-01  3e-01  3e-01 7:01.3
termination on ftarget=1e-11
final/bestever f-value = -3.234863e-03 -3.234863e-03
incumbent solution: [8.222247097126047, -1.2406534430116112, 2.1309919417903584, 5.160201541802326]
std deviation: [0.31958149055087215, 0.2902099710532327, 0.32591749444123436, 0.29590221625523866]
CMAEvolutionStrategyResult(xbest=array([ 8.12286801, -1.43604857,  2.10799154,  5.26923337]), fbest=-0.003234863281249334, evals_best=306, evaluations=312, iterations=39, xfavorite=array([ 8.2222471 , -1.24065344,  2.13099194,  5.16020154]), stds=array([0.31958149, 0.29020997, 0.32591749, 0.29590222]), stop={'ftarget': 1e-11})
4 10
(4_w,8)-aCMA-ES (mu_w=2.6,w_1=52%) in dimension 4 (seed=770335, Mon Jun 14 11:26:01 2021)
Iterat #Fevals   function value  axis ratio  sigma  min&max std  t[m:s]
    1      8 3.617858886718752e-01 1.0e+00 1.86e+00  2e+00  2e+00 0:10.4
    2     16 2.538146972656254e-01 1.6e+00 2.60e+00  3e+00  3e+00 0:20.8
    3     24 2.889099121093761e-01 1.9e+00 2.52e+00  2e+00  3e+00 0:31.4
    4     32 1.127014160156250e-01 2.0e+00 2.66e+00  2e+00  3e+00 0:41.8
    5     40 4.214477539062503e-01 2.1e+00 3.15e+00  3e+00  4e+00 0:52.5
    6     48 2.213439941406259e-01 2.2e+00 4.18e+00  3e+00  5e+00 1:03.2
    7     56 1.437072753906251e-01 2.3e+00 4.55e+00  4e+00  7e+00 1:13.7
    8     64 3.084411621093756e-01 2.7e+00 4.56e+00  4e+00  6e+00 1:24.2
    9     72 2.896423339843748e-01 3.0e+00 3.85e+00  3e+00  6e+00 1:34.9
   10     80 2.196044921875006e-01 3.0e+00 4.27e+00  3e+00  7e+00 1:45.6
   11     88 5.693969726562504e-01 3.5e+00 5.39e+00  5e+00  1e+01 1:56.6
   13    104 5.824279785156254e-01 3.9e+00 6.76e+00  6e+00  2e+01 2:17.8
   15    120 4.470825195312522e-02 5.6e+00 9.17e+00  6e+00  3e+01 2:39.6
   17    136 3.602905273437502e-01 6.3e+00 9.21e+00  7e+00  2e+01 3:01.0
   19    152 2.104187011718752e-01 5.7e+00 9.75e+00  6e+00  2e+01 3:22.9
   21    168 3.097839355468750e-01 5.7e+00 8.71e+00  5e+00  2e+01 3:44.2
   23    184 2.341918945312510e-01 4.5e+00 9.02e+00  6e+00  2e+01 4:05.1
   25    200 1.532592773437502e-01 4.7e+00 1.05e+01  7e+00  2e+01 4:26.1
   27    216 1.528625488281252e-01 5.8e+00 1.61e+01  1e+01  4e+01 4:47.9
   29    232 4.993286132812503e-01 6.4e+00 1.65e+01  1e+01  4e+01 5:08.9
   31    248 2.420654296875006e-01 6.6e+00 1.82e+01  1e+01  4e+01 5:30.3
   33    264 5.995178222656250e-01 7.3e+00 1.72e+01  1e+01  4e+01 5:51.7
   36    288 2.235717773437504e-01 9.0e+00 9.77e+00  8e+00  2e+01 6:23.2
   39    312 4.641418457031250e-01 1.0e+01 1.10e+01  1e+01  3e+01 6:54.3
   42    336 6.346740722656250e-01 1.5e+01 1.20e+01  1e+01  4e+01 7:26.6
   45    360 3.607788085937498e-01 1.7e+01 1.22e+01  1e+01  3e+01 7:58.9
   48    384 3.115539550781251e-01 1.7e+01 1.01e+01  9e+00  3e+01 8:30.7
   51    408 3.385620117187503e-01 1.8e+01 1.08e+01  1e+01  3e+01 9:02.7
   54    432 3.420715332031254e-01 2.3e+01 1.47e+01  1e+01  4e+01 9:35.1
   57    456 2.070922851562504e-01 2.7e+01 1.47e+01  1e+01  5e+01 10:07.2
   60    480 5.048828125000001e-01 3.1e+01 1.38e+01  1e+01  5e+01 10:38.6
   63    504 1.640014648437503e-01 3.9e+01 1.34e+01  1e+01  5e+01 11:09.8
   67    536 5.061645507812504e-01 4.3e+01 1.22e+01  1e+01  4e+01 11:52.5
   71    568 4.001159667968750e-01 5.6e+01 9.88e+00  8e+00  4e+01 12:35.2
   75    600 9.280395507812500e-02 6.9e+01 1.25e+01  1e+01  4e+01 13:18.0
   79    632 5.376281738281254e-01 7.3e+01 1.19e+01  1e+01  4e+01 14:00.3
   83    664 1.936340332031253e-01 9.6e+01 2.04e+01  3e+01  1e+02 14:42.8
   87    696 4.811401367187504e-01 1.2e+02 3.99e+01  7e+01  2e+02 15:24.7
   91    728 4.864196777343752e-01 1.7e+02 5.02e+01  1e+02  3e+02 16:07.5
   95    760 2.258605957031259e-01 2.1e+02 7.48e+01  1e+02  5e+02 16:49.7
   99    792 5.724182128906252e-01 1.8e+02 5.55e+01  8e+01  3e+02 17:33.0
  100    800 2.739868164062503e-01 1.7e+02 5.59e+01  8e+01  3e+02 17:44.1
termination on maxiter=100
final/bestever f-value = 2.739868e-01 3.903198e-02
incumbent solution: [-146.27512581146715, -205.41416538942144, 136.13845075261577, -143.36520693503783]
std deviation: [186.4908800612761, 75.36874247465688, 303.4050938756033, 130.07590473920712]
CMAEvolutionStrategyResult(xbest=array([-20.35207062, -21.24939238,  19.61814974, -21.94287496]), fbest=0.039031982421875555, evals_best=623, evaluations=800, iterations=100, xfavorite=array([-146.27512581, -205.41416539,  136.13845075, -143.36520694]), stds=array([186.49088006,  75.36874247, 303.40509388, 130.07590474]), stop={'maxiter': 100})
5 10
(4_w,8)-aCMA-ES (mu_w=2.6,w_1=52%) in dimension 4 (seed=800869, Mon Jun 14 11:43:45 2021)
Iterat #Fevals   function value  axis ratio  sigma  min&max std  t[m:s]
    1      8 6.710815429687504e-01 1.0e+00 1.70e+00  1e+00  2e+00 0:10.8
    2     16 2.491760253906254e-01 1.6e+00 1.56e+00  1e+00  2e+00 0:21.6
    3     24 5.021057128906250e-01 1.6e+00 1.66e+00  1e+00  2e+00 0:32.0
    4     32 1.815795898437504e-01 1.7e+00 1.48e+00  1e+00  2e+00 0:42.5
    5     40 2.081909179687504e-01 1.7e+00 1.31e+00  1e+00  1e+00 0:53.1
    6     48 1.123962402343748e-01 1.7e+00 1.17e+00  1e+00  1e+00 1:03.7
    7     56 1.417236328125002e-01 1.7e+00 1.08e+00  9e-01  1e+00 1:14.2
    8     64 2.257690429687502e-01 1.9e+00 1.17e+00  1e+00  1e+00 1:24.9
    9     72 1.513366699218751e-01 2.2e+00 1.06e+00  8e-01  1e+00 1:36.3
   10     80 1.719970703125008e-01 2.2e+00 8.68e-01  6e-01  7e-01 1:46.7
   11     88 1.695556640625007e-01 2.2e+00 7.82e-01  6e-01  7e-01 1:57.2
   13    104 1.223754882812467e-02 2.6e+00 6.03e-01  4e-01  5e-01 2:18.4
   15    120 6.549072265625056e-02 2.9e+00 4.59e-01  3e-01  4e-01 2:39.8
   17    136 1.220703125000222e-03 3.0e+00 3.98e-01  2e-01  3e-01 3:00.9
   18    144 -2.438354492187500e-02 3.3e+00 3.52e-01  2e-01  3e-01 3:11.4
termination on ftarget=1e-11
final/bestever f-value = -2.438354e-02 -2.438354e-02
incumbent solution: [3.961241166570851, 1.1326205522358779, 5.186398140615653, 5.004021518894257]
std deviation: [0.2574477774047468, 0.20767768519883278, 0.2958723883680434, 0.1786710027384531]
CMAEvolutionStrategyResult(xbest=array([4.13091744, 1.20921156, 4.85385074, 4.95641241]), fbest=-0.024383544921875, evals_best=141, evaluations=144, iterations=18, xfavorite=array([3.96124117, 1.13262055, 5.18639814, 5.00402152]), stds=array([0.25744778, 0.20767769, 0.29587239, 0.178671  ]), stop={'ftarget': 1e-11})
6 10
(4_w,8)-aCMA-ES (mu_w=2.6,w_1=52%) in dimension 4 (seed=862399, Mon Jun 14 11:46:56 2021)
Iterat #Fevals   function value  axis ratio  sigma  min&max std  t[m:s]
    1      8 1.399841308593754e-01 1.0e+00 1.39e+00  1e+00  1e+00 0:10.7
    2     16 4.522094726562508e-01 1.2e+00 1.26e+00  1e+00  1e+00 0:21.5
    3     24 5.891723632812501e-01 1.3e+00 1.34e+00  1e+00  1e+00 0:32.0
    4     32 2.460632324218760e-01 1.5e+00 1.39e+00  1e+00  2e+00 0:42.4
    5     40 2.564392089843754e-01 1.6e+00 1.71e+00  1e+00  2e+00 0:52.7
    6     48 1.673583984375002e-01 2.0e+00 1.48e+00  1e+00  2e+00 1:03.3
    7     56 1.886291503906260e-01 2.2e+00 1.58e+00  1e+00  2e+00 1:13.8
    8     64 6.232910156250000e-01 2.2e+00 1.56e+00  1e+00  2e+00 1:24.3
    9     72 1.138916015624999e-01 2.5e+00 1.36e+00  9e-01  2e+00 1:34.8
   10     80 8.755493164062500e-02 2.3e+00 1.43e+00  1e+00  2e+00 1:45.5
   11     88 1.464538574218756e-01 2.0e+00 1.70e+00  1e+00  2e+00 1:55.9
   13    104 2.948303222656252e-01 2.5e+00 1.40e+00  1e+00  2e+00 2:17.2
   15    120 1.080627441406252e-01 2.6e+00 1.20e+00  8e-01  1e+00 2:38.4
   17    136 5.599975585937533e-02 3.0e+00 1.06e+00  6e-01  1e+00 2:59.9
   19    152 8.166503906249989e-02 3.3e+00 9.02e-01  4e-01  1e+00 3:20.6
   21    168 1.540832519531253e-01 4.0e+00 7.27e-01  3e-01  8e-01 3:41.9
   23    184 7.885742187500022e-02 5.3e+00 7.07e-01  3e-01  9e-01 4:03.3
   25    200 4.791259765625555e-03 5.9e+00 6.93e-01  3e-01  9e-01 4:24.5
   27    216 4.415893554687544e-02 6.9e+00 1.03e+00  3e-01  2e+00 4:45.6
   29    232 3.848266601562533e-02 8.6e+00 9.39e-01  3e-01  2e+00 5:06.5
   31    248 3.811645507812522e-02 1.0e+01 8.05e-01  2e-01  1e+00 5:27.6
   33    264 -2.014160156249778e-03 9.6e+00 7.97e-01  2e-01  1e+00 5:48.5
termination on ftarget=1e-11
final/bestever f-value = -2.014160e-03 -2.014160e-03
incumbent solution: [6.621538822751175, 3.108699717076517, -2.1855393720190377, 3.7689000020322942]
std deviation: [0.2291074036862816, 0.7471680709361956, 1.0560145285469598, 0.7858731936833703]
CMAEvolutionStrategyResult(xbest=array([ 6.55314068,  3.31770947, -2.14287438,  3.62496849]), fbest=-0.002014160156249778, evals_best=262, evaluations=264, iterations=33, xfavorite=array([ 6.62153882,  3.10869972, -2.18553937,  3.7689    ]), stds=array([0.2291074 , 0.74716807, 1.05601453, 0.78587319]), stop={'ftarget': 1e-11})
7 10
(4_w,8)-aCMA-ES (mu_w=2.6,w_1=52%) in dimension 4 (seed=811965, Mon Jun 14 11:52:45 2021)
Iterat #Fevals   function value  axis ratio  sigma  min&max std  t[m:s]
    1      8 3.197021484375001e-01 1.0e+00 1.55e+00  1e+00  2e+00 0:10.9
    2     16 1.973876953124997e-01 1.4e+00 1.57e+00  1e+00  2e+00 0:21.5
    3     24 2.540283203125001e-01 1.3e+00 1.47e+00  1e+00  1e+00 0:32.0
    4     32 9.362792968750022e-02 1.4e+00 1.20e+00  1e+00  1e+00 0:42.7
    5     40 2.021484375000002e-01 1.7e+00 1.08e+00  8e-01  1e+00 0:53.3
    6     48 1.250610351562506e-01 2.0e+00 1.00e+00  7e-01  1e+00 1:03.5
    7     56 1.193237304687504e-01 2.2e+00 1.13e+00  9e-01  1e+00 1:14.7
    8     64 2.282104492187504e-01 2.4e+00 1.07e+00  9e-01  1e+00 1:25.1
    9     72 1.687927246093756e-01 2.6e+00 1.14e+00  9e-01  1e+00 1:35.9
   10     80 8.706665039062578e-02 3.0e+00 9.82e-01  7e-01  1e+00 1:46.1
   11     88 1.296081542968758e-01 3.2e+00 8.84e-01  6e-01  9e-01 1:56.4
   13    104 9.057617187500067e-02 3.6e+00 6.99e-01  4e-01  7e-01 2:17.1
   14    112 -1.461791992187456e-02 3.7e+00 7.17e-01  4e-01  8e-01 2:27.7
termination on ftarget=1e-11
final/bestever f-value = -1.461792e-02 -1.461792e-02
incumbent solution: [0.5065827201359647, 4.846972903829245, 8.178851444548464, 3.6624142270713476]
std deviation: [0.40293630903358063, 0.842972885363809, 0.47687453820610365, 0.7494915805266532]
CMAEvolutionStrategyResult(xbest=array([0.33553437, 5.17045374, 8.2095802 , 3.5365784 ]), fbest=-0.014617919921874556, evals_best=112, evaluations=112, iterations=14, xfavorite=array([0.50658272, 4.8469729 , 8.17885144, 3.66241423]), stds=array([0.40293631, 0.84297289, 0.47687454, 0.74949158]), stop={'ftarget': 1e-11})
8 10
(4_w,8)-aCMA-ES (mu_w=2.6,w_1=52%) in dimension 4 (seed=719489, Mon Jun 14 11:55:13 2021)
Iterat #Fevals   function value  axis ratio  sigma  min&max std  t[m:s]
    1      8 1.751403808593759e-01 1.0e+00 1.53e+00  1e+00  2e+00 0:11.0
    2     16 1.647644042968759e-01 1.3e+00 1.23e+00  1e+00  1e+00 0:21.2
    3     24 2.348327636718753e-01 1.5e+00 1.11e+00  9e-01  1e+00 0:31.7
    4     32 2.366638183593749e-01 1.8e+00 1.26e+00  1e+00  2e+00 0:42.5
    5     40 4.942626953125004e-01 2.4e+00 1.29e+00  1e+00  2e+00 0:53.2
    6     48 5.080566406250002e-01 2.3e+00 1.23e+00  1e+00  2e+00 1:03.6
    7     56 2.543029785156254e-01 2.5e+00 1.14e+00  9e-01  2e+00 1:14.3
    8     64 3.656005859375067e-02 2.5e+00 1.12e+00  9e-01  1e+00 1:25.1
    9     72 1.374206542968761e-01 2.2e+00 9.90e-01  7e-01  1e+00 1:35.5
   10     80 2.835693359375006e-01 2.0e+00 8.40e-01  6e-01  8e-01 1:47.2
   11     88 2.173461914062502e-01 1.7e+00 7.16e-01  5e-01  6e-01 1:57.9
   13    104 9.106445312500078e-02 1.6e+00 7.50e-01  5e-01  7e-01 2:19.3
   15    120 4.116821289062478e-02 2.2e+00 7.86e-01  4e-01  8e-01 2:40.5
   17    136 1.285705566406251e-01 2.6e+00 7.79e-01  4e-01  8e-01 3:01.6
   19    152 8.407592773437556e-02 2.6e+00 6.35e-01  3e-01  6e-01 3:22.7
   21    168 -7.110595703125000e-02 3.0e+00 6.10e-01  3e-01  6e-01 3:43.5
termination on ftarget=1e-11
final/bestever f-value = -7.110596e-02 -7.110596e-02
incumbent solution: [2.8304475627572883, 2.8374791302508893, 1.1285473507728103, 1.6026655680132764]
std deviation: [0.32624712694934077, 0.3818526499282593, 0.2982320871769366, 0.5745091866061857]
CMAEvolutionStrategyResult(xbest=array([2.96475768, 2.77040736, 1.25879155, 1.44861234]), fbest=-0.07110595703125, evals_best=161, evaluations=168, iterations=21, xfavorite=array([2.83044756, 2.83747913, 1.12854735, 1.60266557]), stds=array([0.32624713, 0.38185265, 0.29823209, 0.57450919]), stop={'ftarget': 1e-11})
9 10
(4_w,8)-aCMA-ES (mu_w=2.6,w_1=52%) in dimension 4 (seed=751095, Mon Jun 14 11:58:56 2021)
Iterat #Fevals   function value  axis ratio  sigma  min&max std  t[m:s]
    1      8 2.722167968750001e-01 1.0e+00 2.18e+00  2e+00  3e+00 0:10.4
    2     16 5.353698730468750e-01 1.4e+00 2.11e+00  2e+00  3e+00 0:21.2
    3     24 5.249938964843752e-01 1.6e+00 1.99e+00  2e+00  3e+00 0:31.8
    4     32 6.607055664062578e-02 1.6e+00 1.90e+00  2e+00  2e+00 0:42.5
    5     40 3.499450683593753e-01 1.4e+00 1.56e+00  1e+00  2e+00 0:52.9
    6     48 6.204528808593753e-01 1.5e+00 1.70e+00  1e+00  2e+00 1:03.9
    7     56 1.658630371093761e-01 1.7e+00 1.92e+00  2e+00  2e+00 1:14.7
    8     64 4.141235351562504e-01 1.7e+00 1.82e+00  2e+00  2e+00 1:25.3
    9     72 4.627990722656251e-01 1.6e+00 1.71e+00  1e+00  2e+00 1:35.8
   10     80 4.033203125000004e-01 1.6e+00 1.43e+00  1e+00  1e+00 1:46.6
   11     88 1.223144531249996e-01 1.5e+00 1.32e+00  1e+00  1e+00 1:56.8
   13    104 2.204895019531252e-01 2.1e+00 1.28e+00  1e+00  1e+00 2:18.4
   15    120 2.920837402343754e-01 2.6e+00 1.12e+00  8e-01  1e+00 2:40.1
   17    136 6.756591796874978e-02 2.4e+00 7.90e-01  5e-01  8e-01 3:01.5
   19    152 1.326904296875004e-01 2.9e+00 7.30e-01  4e-01  7e-01 3:22.7
   21    168 6.048583984375022e-02 2.4e+00 5.47e-01  3e-01  5e-01 3:44.0
   23    184 3.594970703125044e-02 2.7e+00 4.88e-01  2e-01  4e-01 4:05.0
   25    200 3.167724609375000e-02 2.6e+00 3.18e-01  1e-01  2e-01 4:26.0
   26    208 -2.764892578124956e-02 2.8e+00 2.48e-01  1e-01  2e-01 4:36.9
termination on ftarget=1e-11
final/bestever f-value = -2.764893e-02 -2.764893e-02
incumbent solution: [2.6323372826468763, -1.4628111472905285, 7.369936937350032, 4.960214413679143]
std deviation: [0.1800562007184715, 0.11082733388305942, 0.16311582470646532, 0.10263827085617956]
CMAEvolutionStrategyResult(xbest=array([ 2.66944478, -1.4684342 ,  7.19835246,  4.8210678 ]), fbest=-0.027648925781249556, evals_best=206, evaluations=208, iterations=26, xfavorite=array([ 2.63233728, -1.46281115,  7.36993694,  4.96021441]), stds=array([0.1800562 , 0.11082733, 0.16311582, 0.10263827]), stop={'ftarget': 1e-11})
