0 10
(4_w,8)-aCMA-ES (mu_w=2.6,w_1=52%) in dimension 4 (seed=747232, Mon Jun 14 11:04:17 2021)
circuitVTD.py:339: DeprecationWarning: The QuantumCircuit.__add__() method is being deprecated.Use the compose() method which is more flexible w.r.t circuit register compatibility.
  TrotterFixStepList.append(TrotterFixStepList[-1] + U_trot)
/home/nfb1/.local/lib/python3.7/site-packages/qiskit/circuit/quantumcircuit.py:869: DeprecationWarning: The QuantumCircuit.combine() method is being deprecated. Use the compose() method which is more flexible w.r.t circuit register compatibility.
  return self.combine(rhs)
Iterat #Fevals   function value  axis ratio  sigma  min&max std  t[m:s]
    1      8 4.072875976562504e-01 1.0e+00 1.30e+00  1e+00  1e+00 0:07.9
    2     16 4.264526367187499e-01 1.1e+00 1.17e+00  1e+00  1e+00 0:15.4
    3     24 5.112915039062504e-01 1.4e+00 1.44e+00  1e+00  2e+00 0:23.0
    4     32 1.215820312500009e-01 1.6e+00 1.49e+00  1e+00  2e+00 0:30.6
    5     40 9.454345703125011e-02 1.9e+00 1.23e+00  1e+00  1e+00 0:38.3
    6     48 2.696533203125001e-01 2.0e+00 1.37e+00  1e+00  2e+00 0:45.7
    7     56 3.194580078125006e-01 2.5e+00 1.11e+00  9e-01  1e+00 0:53.6
    8     64 -4.150390624999933e-02 2.6e+00 1.12e+00  9e-01  1e+00 1:01.3
termination on ftarget=1e-11
final/bestever f-value = -4.150391e-02 -4.150391e-02
incumbent solution: [3.3545188357028968, 1.765106446075628, 4.67329489178103, -0.04305244123540064]
std deviation: [1.1800582759868077, 0.864893900841817, 1.0340781349128947, 1.1897570258005365]
CMAEvolutionStrategyResult(xbest=array([ 2.45384868,  1.60491594,  5.39980498, -0.29279796]), fbest=-0.041503906249999334, evals_best=57, evaluations=64, iterations=8, xfavorite=array([ 3.35451884,  1.76510645,  4.67329489, -0.04305244]), stds=array([1.18005828, 0.8648939 , 1.03407813, 1.18975703]), stop={'ftarget': 1e-11})
1 10
(4_w,8)-aCMA-ES (mu_w=2.6,w_1=52%) in dimension 4 (seed=821117, Mon Jun 14 11:05:18 2021)
Iterat #Fevals   function value  axis ratio  sigma  min&max std  t[m:s]
    1      8 2.955322265624999e-01 1.0e+00 1.52e+00  1e+00  2e+00 0:08.9
    2     16 2.835693359375004e-01 1.2e+00 1.57e+00  2e+00  2e+00 0:18.4
    3     24 5.918579101562504e-01 1.3e+00 1.85e+00  2e+00  2e+00 0:27.1
    4     32 2.473144531249999e-01 1.7e+00 1.93e+00  2e+00  2e+00 0:38.1
    5     40 6.451416015625067e-02 1.8e+00 1.62e+00  1e+00  2e+00 0:46.8
    6     48 2.758178710937497e-01 1.9e+00 1.47e+00  1e+00  2e+00 0:56.2
    7     56 1.711425781249998e-01 2.0e+00 1.19e+00  8e-01  1e+00 1:05.1
    8     64 2.394409179687502e-01 1.9e+00 1.20e+00  8e-01  1e+00 1:14.0
    9     72 1.608886718750008e-01 1.9e+00 1.19e+00  7e-01  1e+00 1:23.0
   11     88 5.187988281250033e-02 2.0e+00 1.10e+00  6e-01  1e+00 1:40.3
   13    104 9.735107421875033e-02 2.1e+00 7.50e-01  4e-01  7e-01 1:58.3
   15    120 9.594726562500122e-02 2.3e+00 6.81e-01  3e-01  6e-01 2:16.1
   17    136 -2.215576171874956e-02 2.6e+00 4.53e-01  2e-01  4e-01 2:33.6
termination on ftarget=1e-11
final/bestever f-value = -2.215576e-02 -2.215576e-02
incumbent solution: [2.257399682595949, 3.335235340938114, 6.184161138324095, -3.251364370058209]
std deviation: [0.20031082118204926, 0.3315283310796711, 0.26576949502675223, 0.35708677922769505]
CMAEvolutionStrategyResult(xbest=array([ 2.23122817,  3.37463532,  6.1474084 , -3.23658711]), fbest=-0.022155761718749556, evals_best=135, evaluations=136, iterations=17, xfavorite=array([ 2.25739968,  3.33523534,  6.18416114, -3.25136437]), stds=array([0.20031082, 0.33152833, 0.2657695 , 0.35708678]), stop={'ftarget': 1e-11})
2 10
(4_w,8)-aCMA-ES (mu_w=2.6,w_1=52%) in dimension 4 (seed=768821, Mon Jun 14 11:07:52 2021)
Iterat #Fevals   function value  axis ratio  sigma  min&max std  t[m:s]
    1      8 3.894653320312504e-01 1.0e+00 1.48e+00  1e+00  1e+00 0:08.9
    2     16 4.407348632812502e-01 1.4e+00 1.24e+00  1e+00  1e+00 0:17.8
    3     24 1.621093750000002e-01 1.5e+00 1.19e+00  1e+00  1e+00 0:26.4
    4     32 1.300048828124999e-01 1.6e+00 1.15e+00  1e+00  1e+00 0:35.2
    5     40 1.901245117187503e-01 1.8e+00 1.02e+00  9e-01  9e-01 0:44.3
    6     48 1.321411132812507e-01 1.8e+00 8.61e-01  7e-01  8e-01 0:53.2
    7     56 1.856689453125006e-01 1.8e+00 8.72e-01  7e-01  9e-01 1:02.1
    8     64 8.044433593750044e-02 2.1e+00 7.87e-01  5e-01  8e-01 1:10.9
    9     72 -2.441406249999911e-02 2.3e+00 7.08e-01  4e-01  7e-01 1:19.9
termination on ftarget=1e-11
final/bestever f-value = -2.441406e-02 -2.441406e-02
incumbent solution: [1.2167345529202032, 4.499186217212783, 4.0649028649383085, 4.493044214908208]
std deviation: [0.5908183671402356, 0.4441175395794471, 0.7019013042598921, 0.44159005594751743]
CMAEvolutionStrategyResult(xbest=array([1.17930734, 4.36745712, 3.96237569, 4.44717746]), fbest=-0.024414062499999112, evals_best=69, evaluations=72, iterations=9, xfavorite=array([1.21673455, 4.49918622, 4.06490286, 4.49304421]), stds=array([0.59081837, 0.44411754, 0.7019013 , 0.44159006]), stop={'ftarget': 1e-11})
3 10
(4_w,8)-aCMA-ES (mu_w=2.6,w_1=52%) in dimension 4 (seed=791501, Mon Jun 14 11:09:12 2021)
Iterat #Fevals   function value  axis ratio  sigma  min&max std  t[m:s]
    1      8 2.332153320312506e-01 1.0e+00 1.58e+00  2e+00  2e+00 0:08.7
    2     16 3.436889648437501e-01 1.2e+00 1.45e+00  1e+00  2e+00 0:17.5
    3     24 2.999267578125010e-01 1.3e+00 1.48e+00  1e+00  2e+00 0:26.4
    4     32 2.153930664062498e-01 1.7e+00 1.45e+00  1e+00  2e+00 0:35.6
    5     40 3.273315429687502e-01 1.8e+00 1.62e+00  1e+00  2e+00 0:44.5
    6     48 3.024291992187507e-01 2.1e+00 2.27e+00  2e+00  3e+00 0:53.4
    7     56 2.283325195312502e-01 2.5e+00 2.29e+00  2e+00  3e+00 1:02.3
    8     64 4.113769531250009e-01 2.7e+00 2.54e+00  2e+00  3e+00 1:11.3
    9     72 1.087646484374999e-01 3.0e+00 2.26e+00  2e+00  3e+00 1:20.1
   11     88 2.530517578125004e-01 3.7e+00 1.68e+00  1e+00  2e+00 1:38.0
   13    104 2.397460937500003e-01 4.0e+00 1.47e+00  1e+00  2e+00 1:55.9
   15    120 5.139160156250033e-02 3.6e+00 1.24e+00  8e-01  1e+00 2:13.4
   17    136 1.397705078125011e-02 4.3e+00 1.52e+00  1e+00  2e+00 2:30.9
   19    152 1.146240234374999e-01 5.4e+00 1.27e+00  7e-01  1e+00 2:48.5
   21    168 5.059814453125022e-02 6.1e+00 1.19e+00  6e-01  1e+00 3:06.3
   23    184 1.039428710937499e-01 5.5e+00 1.06e+00  5e-01  1e+00 3:24.3
   25    200 3.216552734375022e-02 5.8e+00 8.61e-01  4e-01  7e-01 3:42.0
   27    216 1.440429687500044e-02 5.8e+00 8.57e-01  4e-01  8e-01 3:59.5
   29    232 -6.713867187497780e-04 6.2e+00 6.59e-01  3e-01  7e-01 4:17.4
termination on ftarget=1e-11
final/bestever f-value = -6.713867e-04 -6.713867e-04
incumbent solution: [-1.6922178822635578, 2.393736843627506, -5.475561849851547, 9.033719197996739]
std deviation: [0.2577077948587041, 0.4488657998827177, 0.6589347642204036, 0.4006996447180473]
CMAEvolutionStrategyResult(xbest=array([-1.58980207,  1.62469367, -4.84630918,  9.66950198]), fbest=-0.000671386718749778, evals_best=225, evaluations=232, iterations=29, xfavorite=array([-1.69221788,  2.39373684, -5.47556185,  9.0337192 ]), stds=array([0.25770779, 0.4488658 , 0.65893476, 0.40069964]), stop={'ftarget': 1e-11})
4 10
(4_w,8)-aCMA-ES (mu_w=2.6,w_1=52%) in dimension 4 (seed=861124, Mon Jun 14 11:13:29 2021)
Iterat #Fevals   function value  axis ratio  sigma  min&max std  t[m:s]
    1      8 4.431152343750004e-01 1.0e+00 1.55e+00  1e+00  2e+00 0:09.0
    2     16 2.287597656250006e-01 1.2e+00 1.57e+00  1e+00  2e+00 0:17.7
    3     24 5.379028320312503e-01 1.6e+00 1.58e+00  1e+00  2e+00 0:26.5
    4     32 4.080200195312503e-01 1.6e+00 1.30e+00  1e+00  1e+00 0:35.5
    5     40 1.738891601562507e-01 1.5e+00 1.06e+00  8e-01  1e+00 0:44.6
    6     48 1.036376953125002e-01 1.5e+00 9.71e-01  7e-01  1e+00 0:53.8
    7     56 1.826782226562503e-01 1.5e+00 9.07e-01  6e-01  9e-01 1:02.7
    8     64 1.427612304687500e-01 1.7e+00 8.20e-01  6e-01  8e-01 1:11.7
    9     72 1.887207031250004e-01 1.7e+00 6.88e-01  5e-01  6e-01 1:20.7
   11     88 7.391357421875022e-02 1.7e+00 4.92e-01  3e-01  4e-01 1:38.5
   13    104 6.762695312500044e-02 1.8e+00 4.81e-01  3e-01  4e-01 1:56.5
   15    120 -2.160644531250000e-02 1.8e+00 3.55e-01  2e-01  3e-01 2:14.7
termination on ftarget=1e-11
final/bestever f-value = -2.160645e-02 -2.160645e-02
incumbent solution: [4.377846584527607, 2.565504283034135, 8.582319958780989, 4.2890154654310075]
std deviation: [0.20104212973883656, 0.20942490010190187, 0.2675179292213857, 0.22320509212439155]
CMAEvolutionStrategyResult(xbest=array([4.27526625, 2.26146906, 8.85841574, 4.30835185]), fbest=-0.0216064453125, evals_best=116, evaluations=120, iterations=15, xfavorite=array([4.37784658, 2.56550428, 8.58231996, 4.28901547]), stds=array([0.20104213, 0.2094249 , 0.26751793, 0.22320509]), stop={'ftarget': 1e-11})
5 10
(4_w,8)-aCMA-ES (mu_w=2.6,w_1=52%) in dimension 4 (seed=751226, Mon Jun 14 11:15:44 2021)
Iterat #Fevals   function value  axis ratio  sigma  min&max std  t[m:s]
    1      8 1.782226562499997e-01 1.0e+00 1.51e+00  1e+00  2e+00 0:09.1
    2     16 2.278442382812499e-01 1.2e+00 1.42e+00  1e+00  1e+00 0:17.9
    3     24 1.679687500000008e-01 1.4e+00 1.50e+00  1e+00  2e+00 0:27.2
    4     32 5.185546875000004e-01 1.5e+00 1.83e+00  2e+00  2e+00 0:36.0
    5     40 2.180175781249999e-01 1.7e+00 1.65e+00  1e+00  2e+00 0:44.8
    6     48 2.144165039062503e-01 2.0e+00 1.79e+00  1e+00  2e+00 0:53.6
    7     56 1.560058593750004e-01 2.1e+00 1.89e+00  1e+00  2e+00 1:02.4
    8     64 1.705932617187503e-01 2.3e+00 1.80e+00  1e+00  2e+00 1:11.4
    9     72 3.164672851562502e-01 2.3e+00 1.77e+00  1e+00  2e+00 1:20.6
   11     88 1.937866210937500e-01 2.9e+00 1.59e+00  1e+00  2e+00 1:38.3
   13    104 1.896362304687507e-01 4.4e+00 1.29e+00  7e-01  2e+00 1:55.9
   15    120 1.623535156250002e-01 4.6e+00 1.33e+00  8e-01  2e+00 2:14.0
   17    136 1.449584960937500e-01 5.4e+00 1.18e+00  7e-01  2e+00 2:32.0
   19    152 6.353759765625022e-02 5.3e+00 1.08e+00  6e-01  2e+00 2:49.9
   21    168 6.829833984375089e-02 5.6e+00 9.27e-01  5e-01  1e+00 3:07.4
   23    184 7.232666015625011e-02 6.6e+00 8.73e-01  5e-01  1e+00 3:25.2
   25    200 -4.541015625000000e-02 6.4e+00 7.61e-01  4e-01  1e+00 3:43.1
termination on ftarget=1e-11
final/bestever f-value = -4.541016e-02 -4.541016e-02
incumbent solution: [-7.451534995117305, 6.765723799732355, 5.511880403525684, 5.199421358179149]
std deviation: [1.1121490953200048, 0.3684408076487959, 0.5413925569589317, 0.3629787574063371]
CMAEvolutionStrategyResult(xbest=array([-8.48610452,  7.02434895,  5.42480617,  5.09554507]), fbest=-0.04541015625, evals_best=199, evaluations=200, iterations=25, xfavorite=array([-7.451535  ,  6.7657238 ,  5.5118804 ,  5.19942136]), stds=array([1.1121491 , 0.36844081, 0.54139256, 0.36297876]), stop={'ftarget': 1e-11})
6 10
(4_w,8)-aCMA-ES (mu_w=2.6,w_1=52%) in dimension 4 (seed=822494, Mon Jun 14 11:19:27 2021)
Iterat #Fevals   function value  axis ratio  sigma  min&max std  t[m:s]
    1      8 2.299804687500011e-01 1.0e+00 1.46e+00  1e+00  1e+00 0:09.2
    2     16 2.606201171875008e-01 1.2e+00 1.54e+00  1e+00  2e+00 0:17.9
    3     24 1.676025390625009e-01 1.3e+00 1.38e+00  1e+00  1e+00 0:26.9
    4     32 1.704101562500010e-01 1.6e+00 1.18e+00  1e+00  1e+00 0:36.2
    5     40 1.689453124999998e-01 1.8e+00 9.78e-01  8e-01  1e+00 0:45.0
    6     48 1.274414062500009e-01 2.1e+00 1.03e+00  8e-01  1e+00 0:54.1
    7     56 1.303710937499997e-01 2.3e+00 1.06e+00  8e-01  1e+00 1:03.5
    8     64 9.600830078125078e-02 2.6e+00 8.34e-01  6e-01  9e-01 1:12.7
    9     72 7.495117187500022e-02 2.5e+00 6.84e-01  5e-01  7e-01 1:21.6
   10     80 -1.879882812499956e-02 2.9e+00 5.59e-01  3e-01  6e-01 1:30.4
termination on ftarget=1e-11
final/bestever f-value = -1.879883e-02 -1.879883e-02
incumbent solution: [6.663060370781981, 4.958802998985235, 1.4432527835081759, 1.8482544582118163]
std deviation: [0.32979745224673945, 0.4034811852341196, 0.6249943310015595, 0.4263282831630996]
CMAEvolutionStrategyResult(xbest=array([6.82981237, 4.93852825, 1.41819464, 2.0667882 ]), fbest=-0.018798828124999556, evals_best=80, evaluations=80, iterations=10, xfavorite=array([6.66306037, 4.958803  , 1.44325278, 1.84825446]), stds=array([0.32979745, 0.40348119, 0.62499433, 0.42632828]), stop={'ftarget': 1e-11})
7 10
(4_w,8)-aCMA-ES (mu_w=2.6,w_1=52%) in dimension 4 (seed=760429, Mon Jun 14 11:20:58 2021)
Iterat #Fevals   function value  axis ratio  sigma  min&max std  t[m:s]
    1      8 3.127441406250000e-01 1.0e+00 1.57e+00  1e+00  2e+00 0:08.8
    2     16 -2.545166015625000e-02 1.4e+00 1.87e+00  2e+00  2e+00 0:17.9
termination on ftarget=1e-11
final/bestever f-value = -2.545166e-02 -2.545166e-02
incumbent solution: [1.5657445020780687, 2.093506972495168, 0.6235156154976039, 1.3415278082961932]
std deviation: [1.7060788975022685, 1.7765265719488175, 1.5802414549389958, 2.408495126356542]
CMAEvolutionStrategyResult(xbest=array([1.30884594, 2.00916888, 0.99082414, 1.17849437]), fbest=-0.02545166015625, evals_best=11, evaluations=16, iterations=2, xfavorite=array([1.5657445 , 2.09350697, 0.62351562, 1.34152781]), stds=array([1.7060789 , 1.77652657, 1.58024145, 2.40849513]), stop={'ftarget': 1e-11})
8 10
(4_w,8)-aCMA-ES (mu_w=2.6,w_1=52%) in dimension 4 (seed=753583, Mon Jun 14 11:21:16 2021)
Iterat #Fevals   function value  axis ratio  sigma  min&max std  t[m:s]
    1      8 4.717407226562503e-01 1.0e+00 1.32e+00  1e+00  1e+00 0:08.9
    2     16 1.726684570312497e-01 1.1e+00 1.06e+00  8e-01  1e+00 0:17.9
    3     24 2.692871093749998e-01 1.5e+00 1.02e+00  8e-01  1e+00 0:27.0
    4     32 2.235717773437503e-01 1.7e+00 1.11e+00  8e-01  1e+00 0:36.3
    5     40 6.170654296875078e-02 1.9e+00 1.38e+00  1e+00  2e+00 0:45.2
    6     48 1.837158203125044e-02 2.8e+00 1.32e+00  1e+00  2e+00 0:54.2
    7     56 1.181030273437504e-01 2.8e+00 1.19e+00  8e-01  2e+00 1:03.6
    8     64 1.010131835937503e-01 3.1e+00 1.06e+00  7e-01  1e+00 1:12.2
    9     72 9.399414062500044e-02 3.2e+00 1.02e+00  6e-01  1e+00 1:21.6
   10     80 -1.391601562500022e-02 3.5e+00 9.06e-01  6e-01  1e+00 1:30.3
termination on ftarget=1e-11
final/bestever f-value = -1.391602e-02 -1.391602e-02
incumbent solution: [2.673409506808259, 0.33836079705969346, 4.161843471392619, 2.3242398495341536]
std deviation: [0.5983085537498695, 0.8837101480513072, 1.0927990367069613, 0.5858661260754071]
CMAEvolutionStrategyResult(xbest=array([2.86073465, 0.6593209 , 4.2439649 , 2.08609015]), fbest=-0.013916015625000222, evals_best=75, evaluations=80, iterations=10, xfavorite=array([2.67340951, 0.3383608 , 4.16184347, 2.32423985]), stds=array([0.59830855, 0.88371015, 1.09279904, 0.58586613]), stop={'ftarget': 1e-11})
9 10
(4_w,8)-aCMA-ES (mu_w=2.6,w_1=52%) in dimension 4 (seed=744257, Mon Jun 14 11:22:46 2021)
Iterat #Fevals   function value  axis ratio  sigma  min&max std  t[m:s]
    1      8 5.072021484375006e-01 1.0e+00 1.52e+00  1e+00  2e+00 0:09.1
    2     16 2.105712890625007e-01 1.3e+00 1.51e+00  1e+00  2e+00 0:18.0
    3     24 1.918945312500003e-01 1.4e+00 1.43e+00  1e+00  2e+00 0:27.1
    4     32 1.281738281250333e-03 1.5e+00 1.46e+00  1e+00  2e+00 0:35.9
    5     40 -4.211425781250222e-03 1.6e+00 1.24e+00  9e-01  1e+00 0:45.1
termination on ftarget=1e-11
final/bestever f-value = -4.211426e-03 -4.211426e-03
incumbent solution: [2.2614145335478306, -0.8425461112934105, 2.5268493469127993, 4.427451301539928]
std deviation: [1.3645729683176577, 0.9789914030597742, 1.2039458854269558, 0.9456176804615857]
CMAEvolutionStrategyResult(xbest=array([ 2.74433692, -1.3835663 ,  3.13778961,  4.59513573]), fbest=-0.004211425781250222, evals_best=36, evaluations=40, iterations=5, xfavorite=array([ 2.26141453, -0.84254611,  2.52684935,  4.4274513 ]), stds=array([1.36457297, 0.9789914 , 1.20394589, 0.94561768]), stop={'ftarget': 1e-11})
