0 10
(4_w,8)-aCMA-ES (mu_w=2.6,w_1=52%) in dimension 4 (seed=774889, Sun Jun 13 21:41:36 2021)
circuitVTD.py:339: DeprecationWarning: The QuantumCircuit.__add__() method is being deprecated.Use the compose() method which is more flexible w.r.t circuit register compatibility.
  TrotterFixStepList.append(TrotterFixStepList[-1] + U_trot)
/home/nfb1/.local/lib/python3.7/site-packages/qiskit/circuit/quantumcircuit.py:869: DeprecationWarning: The QuantumCircuit.combine() method is being deprecated. Use the compose() method which is more flexible w.r.t circuit register compatibility.
  return self.combine(rhs)
circuitVTD.py:170: DeprecationWarning: The QuantumCircuit.__iadd__() method is being deprecated. Use the compose() (potentially with the inplace=True argument) and tensor() methods which are more flexible w.r.t circuit register compatibility.
  circ += U_v_prime
/home/nfb1/.local/lib/python3.7/site-packages/qiskit/circuit/quantumcircuit.py:876: DeprecationWarning: The QuantumCircuit.extend() method is being deprecated. Use the compose() (potentially with the inplace=True argument) and tensor() methods which are more flexible w.r.t circuit register compatibility.
  return self.extend(rhs)
Iterat #Fevals   function value  axis ratio  sigma  min&max std  t[m:s]
    1      8 1.217956542968750e-01 1.0e+00 1.42e+00  1e+00  2e+00 0:11.4
    2     16 2.364095052083334e-01 1.3e+00 1.12e+00  9e-01  1e+00 0:22.1
    3     24 2.134195963541663e-02 1.3e+00 1.05e+00  9e-01  1e+00 0:33.0
    4     32 4.529825846354163e-02 1.6e+00 1.08e+00  9e-01  1e+00 0:43.6
    5     40 1.482137044270837e-02 1.8e+00 1.15e+00  9e-01  1e+00 0:54.6
    6     48 1.611938476562500e-01 1.8e+00 1.02e+00  8e-01  1e+00 1:06.1
    7     56 7.092285156250000e-02 1.6e+00 9.81e-01  7e-01  1e+00 1:17.1
    8     64 2.429199218750000e-02 1.7e+00 1.02e+00  9e-01  1e+00 1:27.6
    9     72 6.690470377604163e-02 2.1e+00 1.00e+00  8e-01  1e+00 1:38.8
   10     80 4.475911458333337e-02 2.0e+00 9.43e-01  7e-01  8e-01 1:50.6
   11     88 1.689656575520837e-02 1.9e+00 7.60e-01  5e-01  7e-01 2:01.6
   13    104 1.353963216145837e-02 1.8e+00 5.92e-01  4e-01  5e-01 2:23.2
   15    120 4.343668619791630e-03 2.1e+00 4.92e-01  3e-01  4e-01 2:44.2
   17    136 6.510416666666297e-04 2.3e+00 3.63e-01  2e-01  3e-01 3:06.6
   19    152 1.180013020833370e-03 2.4e+00 2.79e-01  2e-01  2e-01 3:28.4
   21    168 1.149495442708370e-03 2.5e+00 2.20e-01  1e-01  2e-01 3:50.4
   23    184 1.932779947916297e-04 2.9e+00 1.64e-01  7e-02  1e-01 4:12.6
   25    200 5.086263020837034e-05 3.3e+00 1.18e-01  5e-02  8e-02 4:34.5
   27    216 1.424153645833703e-04 4.2e+00 1.07e-01  4e-02  7e-02 4:56.7
   29    232 1.017252604166297e-04 4.7e+00 8.77e-02  3e-02  6e-02 5:18.4
   31    248 2.034505208337034e-05 6.0e+00 7.79e-02  3e-02  5e-02 5:40.4
   33    264 3.051757812500000e-05 4.8e+00 6.39e-02  2e-02  4e-02 6:03.0
   35    280 0.000000000000000e+00 4.5e+00 5.31e-02  1e-02  3e-02 6:25.0
termination on ftarget=1e-11
final/bestever f-value = 0.000000e+00 0.000000e+00
incumbent solution: [2.250815973168632, 5.744172479404063, 8.449421871648914, 1.921883206357857]
std deviation: [0.030259221369103455, 0.019016450039836173, 0.020269019965899117, 0.014818727342731942]
CMAEvolutionStrategyResult(xbest=array([2.2764215 , 5.7725669 , 8.4181709 , 1.91413855]), fbest=0.0, evals_best=273, evaluations=280, iterations=35, xfavorite=array([2.25081597, 5.74417248, 8.44942187, 1.92188321]), stds=array([0.03025922, 0.01901645, 0.02026902, 0.01481873]), stop={'ftarget': 1e-11})
1 10
(4_w,8)-aCMA-ES (mu_w=2.6,w_1=52%) in dimension 4 (seed=757643, Sun Jun 13 21:48:01 2021)
Iterat #Fevals   function value  axis ratio  sigma  min&max std  t[m:s]
    1      8 2.688598632812500e-02 1.0e+00 1.48e+00  1e+00  2e+00 0:12.0
    2     16 2.569173177083334e-01 1.3e+00 1.33e+00  1e+00  1e+00 0:24.2
    3     24 2.524312337239584e-01 1.5e+00 1.69e+00  1e+00  2e+00 0:37.0
    4     32 1.501668294270834e-01 1.9e+00 1.61e+00  1e+00  2e+00 0:49.1
    5     40 1.279703776041666e-01 2.1e+00 1.60e+00  1e+00  2e+00 1:01.0
    6     48 2.558390299479163e-02 2.3e+00 1.77e+00  1e+00  3e+00 1:13.3
    7     56 2.290852864583337e-02 2.8e+00 1.51e+00  1e+00  2e+00 1:25.5
    8     64 2.167358398437500e-01 3.0e+00 1.39e+00  9e-01  2e+00 1:37.9
    9     72 5.239868164062500e-02 3.4e+00 1.40e+00  9e-01  2e+00 1:50.6
   10     80 6.788126627604163e-02 4.2e+00 1.64e+00  1e+00  3e+00 2:02.9
   11     88 5.587768554687500e-02 5.2e+00 1.89e+00  1e+00  3e+00 2:15.0
   12     96 4.210408528645837e-02 5.3e+00 1.70e+00  1e+00  3e+00 2:26.9
   13    104 6.993611653645837e-02 5.2e+00 1.99e+00  1e+00  3e+00 2:39.3
   15    120 7.998657226562500e-02 6.8e+00 2.19e+00  2e+00  4e+00 3:04.3
   17    136 1.308085123697916e-01 8.8e+00 2.60e+00  2e+00  5e+00 3:29.2
   19    152 3.016357421875000e-01 1.6e+01 2.68e+00  2e+00  6e+00 3:53.5
   21    168 2.378336588541663e-02 1.4e+01 1.87e+00  1e+00  4e+00 4:18.4
   23    184 7.066853841145837e-02 1.2e+01 1.75e+00  1e+00  3e+00 4:42.9
   25    200 5.913289388020837e-02 9.1e+00 1.68e+00  1e+00  3e+00 5:07.7
   27    216 7.824707031250000e-02 8.1e+00 1.80e+00  1e+00  3e+00 5:32.9
   29    232 1.652018229166663e-02 9.5e+00 1.60e+00  7e-01  3e+00 5:57.2
   31    248 3.071085611979163e-02 1.2e+01 1.67e+00  7e-01  4e+00 6:21.5
   33    264 6.754557291666630e-03 1.4e+01 1.47e+00  6e-01  3e+00 6:46.6
   35    280 5.059814453125000e-02 1.5e+01 1.56e+00  7e-01  3e+00 7:10.6
   37    296 1.409912109375000e-02 1.6e+01 1.36e+00  6e-01  3e+00 7:35.3
   40    320 3.300984700520837e-02 1.4e+01 1.25e+00  5e-01  2e+00 8:12.8
   43    344 9.602864583333370e-03 9.7e+00 7.69e-01  3e-01  8e-01 8:50.3
   46    368 9.714762369791630e-03 7.3e+00 5.53e-01  2e-01  5e-01 9:26.9
   49    392 9.073893229166630e-03 8.4e+00 3.97e-01  1e-01  4e-01 10:04.1
   52    416 1.983642578125000e-03 9.9e+00 3.10e-01  1e-01  3e-01 10:40.8
   55    440 1.790364583333370e-03 1.6e+01 3.45e-01  1e-01  4e-01 11:17.7
   58    464 2.858479817708370e-03 1.6e+01 3.51e-01  9e-02  4e-01 11:55.6
   61    488 2.848307291666297e-04 1.1e+01 4.22e-01  9e-02  3e-01 12:32.3
   64    512 7.019042968750000e-04 8.0e+00 4.36e-01  8e-02  3e-01 13:09.6
   67    536 1.210530598958370e-03 8.3e+00 7.53e-01  1e-01  5e-01 13:46.2
   70    560 3.102620442708370e-03 1.2e+01 8.62e-01  1e-01  6e-01 14:22.6
   73    584 4.374186197916297e-04 1.6e+01 5.92e-01  9e-02  5e-01 14:58.8
   77    616 2.237955729166297e-04 2.2e+01 5.79e-01  8e-02  5e-01 15:49.5
   81    648 3.051757812500000e-05 2.4e+01 4.36e-01  5e-02  4e-01 16:37.8
   85    680 1.017252604162966e-05 2.3e+01 2.51e-01  2e-02  2e-01 17:27.3
   89    712 4.069010416662966e-05 3.1e+01 1.56e-01  1e-02  1e-01 18:16.5
   91    728 0.000000000000000e+00 4.2e+01 9.93e-02  6e-03  8e-02 18:41.3
termination on ftarget=1e-11
final/bestever f-value = 0.000000e+00 0.000000e+00
incumbent solution: [-6.504718299734759, -1.874828733631067, -15.345535516349653, 4.038649533062521]
std deviation: [0.005831070479083324, 0.0823287082194583, 0.011513395300061543, 0.08297654509910636]
CMAEvolutionStrategyResult(xbest=array([ -6.50470868,  -1.92790213, -15.33774395,   4.09116223]), fbest=0.0, evals_best=726, evaluations=728, iterations=91, xfavorite=array([ -6.5047183 ,  -1.87482873, -15.34553552,   4.03864953]), stds=array([0.00583107, 0.08232871, 0.0115134 , 0.08297655]), stop={'ftarget': 1e-11})
2 10
(4_w,8)-aCMA-ES (mu_w=2.6,w_1=52%) in dimension 4 (seed=674368, Sun Jun 13 22:06:43 2021)
Iterat #Fevals   function value  axis ratio  sigma  min&max std  t[m:s]
    1      8 2.248026529947916e-01 1.0e+00 1.36e+00  1e+00  1e+00 0:11.7
    2     16 1.152140299479166e-01 1.2e+00 1.60e+00  1e+00  2e+00 0:23.7
    3     24 7.649739583333337e-02 1.9e+00 1.76e+00  1e+00  2e+00 0:36.2
    4     32 9.239705403645837e-02 2.3e+00 1.46e+00  1e+00  2e+00 0:48.4
    5     40 1.149190266927084e-01 2.2e+00 1.37e+00  1e+00  2e+00 0:60.0
    6     48 9.923299153645837e-02 2.5e+00 1.19e+00  9e-01  1e+00 1:12.0
    7     56 1.089884440104166e-01 2.4e+00 9.64e-01  7e-01  1e+00 1:23.9
    8     64 2.078247070312500e-02 2.7e+00 9.19e-01  7e-01  1e+00 1:36.0
    9     72 1.277669270833337e-02 3.0e+00 9.30e-01  6e-01  1e+00 1:48.3
   10     80 5.135091145833337e-02 3.2e+00 8.99e-01  6e-01  1e+00 2:00.4
   11     88 1.525878906250000e-02 2.9e+00 8.12e-01  5e-01  1e+00 2:12.6
   12     96 2.229817708333337e-02 2.7e+00 7.18e-01  4e-01  9e-01 2:25.6
   14    112 1.287841796875000e-02 2.7e+00 5.77e-01  3e-01  6e-01 2:49.8
   16    128 2.482096354166630e-03 3.7e+00 5.61e-01  3e-01  7e-01 3:14.9
   18    144 3.774007161458370e-03 3.7e+00 4.51e-01  2e-01  5e-01 3:38.9
   20    160 3.021240234375000e-03 2.8e+00 3.01e-01  1e-01  3e-01 4:03.0
   22    176 1.352945963541630e-03 3.5e+00 3.69e-01  1e-01  4e-01 4:28.1
   24    192 5.594889322916297e-04 4.5e+00 3.37e-01  1e-01  4e-01 4:52.5
   26    208 6.815592447916297e-04 5.9e+00 2.54e-01  8e-02  3e-01 5:17.0
   28    224 4.272460937500000e-04 5.5e+00 1.95e-01  6e-02  2e-01 5:41.4
   29    232 0.000000000000000e+00 6.3e+00 1.64e-01  5e-02  2e-01 5:53.3
termination on ftarget=1e-11
final/bestever f-value = 0.000000e+00 0.000000e+00
incumbent solution: [4.535710695112466, 1.6163786281228774, 5.168736605900637, 1.8589024904691285]
std deviation: [0.06033807236304065, 0.05274414885095457, 0.18315331725392245, 0.05006185252233404]
CMAEvolutionStrategyResult(xbest=array([4.56966447, 1.6249872 , 5.29237558, 1.83761414]), fbest=0.0, evals_best=225, evaluations=232, iterations=29, xfavorite=array([4.5357107 , 1.61637863, 5.16873661, 1.85890249]), stds=array([0.06033807, 0.05274415, 0.18315332, 0.05006185]), stop={'ftarget': 1e-11})
3 10
(4_w,8)-aCMA-ES (mu_w=2.6,w_1=52%) in dimension 4 (seed=777685, Sun Jun 13 22:12:36 2021)
Iterat #Fevals   function value  axis ratio  sigma  min&max std  t[m:s]
    1      8 2.463785807291666e-01 1.0e+00 1.40e+00  1e+00  1e+00 0:12.2
    2     16 2.013142903645837e-02 1.2e+00 1.37e+00  1e+00  1e+00 0:24.7
    3     24 1.867268880208334e-01 1.2e+00 1.32e+00  1e+00  1e+00 0:36.3
    4     32 8.744303385416663e-02 1.3e+00 1.36e+00  1e+00  1e+00 0:48.1
    5     40 6.458536783854163e-02 1.5e+00 1.47e+00  1e+00  2e+00 1:00.1
    6     48 1.172993977864584e-01 1.7e+00 1.46e+00  1e+00  1e+00 1:12.5
    7     56 1.036580403645837e-02 1.9e+00 1.31e+00  1e+00  1e+00 1:24.6
    8     64 2.150472005208337e-02 2.0e+00 1.25e+00  1e+00  1e+00 1:36.9
    9     72 5.196126302083337e-02 2.2e+00 1.20e+00  9e-01  1e+00 1:49.3
   10     80 4.825846354166663e-02 2.5e+00 1.05e+00  7e-01  1e+00 2:01.0
   11     88 3.998819986979163e-02 2.3e+00 8.76e-01  5e-01  8e-01 2:13.1
   12     96 1.010131835937500e-02 2.4e+00 7.47e-01  5e-01  6e-01 2:27.0
   13    104 1.060994466145837e-02 2.3e+00 7.12e-01  5e-01  6e-01 2:39.0
   15    120 5.096435546875000e-03 2.9e+00 5.13e-01  3e-01  4e-01 3:03.0
   17    136 4.404703776041630e-03 3.4e+00 4.21e-01  2e-01  3e-01 3:26.9
   19    152 7.120768229166297e-04 4.3e+00 3.95e-01  2e-01  3e-01 3:51.2
   21    168 6.815592447916297e-04 4.7e+00 3.30e-01  1e-01  3e-01 4:14.9
   23    184 8.951822916666297e-04 5.1e+00 2.82e-01  1e-01  2e-01 4:38.6
   25    200 8.138020833337034e-05 7.4e+00 2.08e-01  7e-02  2e-01 5:02.0
   27    216 9.155273437500000e-05 8.0e+00 1.59e-01  5e-02  1e-01 5:26.6
   29    232 1.424153645833703e-04 9.2e+00 1.35e-01  4e-02  1e-01 5:51.3
   31    248 4.069010416662966e-05 9.5e+00 1.23e-01  3e-02  9e-02 6:15.1
   33    264 0.000000000000000e+00 9.9e+00 1.03e-01  3e-02  7e-02 6:39.8
termination on ftarget=1e-11
final/bestever f-value = 0.000000e+00 0.000000e+00
incumbent solution: [4.873736007323059, 0.8862243987213415, 2.589497074028441, 3.7539461809496544]
std deviation: [0.056468896905766876, 0.06039294184067069, 0.07253425625859725, 0.027230692090032597]
CMAEvolutionStrategyResult(xbest=array([4.83186622, 0.91284484, 2.53956688, 3.75218889]), fbest=0.0, evals_best=263, evaluations=264, iterations=33, xfavorite=array([4.87373601, 0.8862244 , 2.58949707, 3.75394618]), stds=array([0.0564689 , 0.06039294, 0.07253426, 0.02723069]), stop={'ftarget': 1e-11})
4 10
(4_w,8)-aCMA-ES (mu_w=2.6,w_1=52%) in dimension 4 (seed=700679, Sun Jun 13 22:19:16 2021)
Iterat #Fevals   function value  axis ratio  sigma  min&max std  t[m:s]
    1      8 1.344299316406250e-01 1.0e+00 1.54e+00  1e+00  2e+00 0:11.9
    2     16 1.192321777343750e-01 1.3e+00 1.70e+00  2e+00  2e+00 0:24.8
    3     24 2.043253580729166e-01 1.4e+00 1.59e+00  1e+00  2e+00 0:36.9
    4     32 1.993815104166663e-02 1.5e+00 1.54e+00  1e+00  2e+00 0:48.9
    5     40 4.123942057291663e-02 1.6e+00 1.45e+00  1e+00  1e+00 1:01.1
    6     48 8.889770507812500e-02 2.0e+00 1.41e+00  1e+00  1e+00 1:13.2
    7     56 1.373189290364584e-01 2.1e+00 1.22e+00  1e+00  1e+00 1:24.8
    8     64 4.218546549479163e-02 2.4e+00 1.22e+00  9e-01  1e+00 1:37.1
    9     72 4.067993164062500e-02 2.6e+00 1.10e+00  8e-01  1e+00 1:49.3
   10     80 4.059855143229163e-02 2.4e+00 9.83e-01  7e-01  1e+00 2:01.4
   11     88 5.494181315104163e-02 2.4e+00 8.39e-01  5e-01  8e-01 2:13.5
   12     96 1.800537109375000e-03 2.5e+00 7.57e-01  4e-01  7e-01 2:26.3
   13    104 8.646647135416297e-04 2.3e+00 8.09e-01  5e-01  8e-01 2:38.4
   15    120 1.000976562500000e-02 2.7e+00 5.57e-01  3e-01  5e-01 3:03.3
   17    136 3.723144531250000e-03 3.0e+00 4.66e-01  2e-01  5e-01 3:27.8
   19    152 2.136230468750000e-04 3.0e+00 3.99e-01  2e-01  3e-01 3:52.2
   21    168 1.566569010416630e-03 3.0e+00 2.84e-01  1e-01  2e-01 4:16.8
   23    184 1.047770182291630e-03 3.2e+00 2.68e-01  1e-01  2e-01 4:41.1
   25    200 2.034505208333703e-04 3.7e+00 1.79e-01  6e-02  1e-01 5:05.4
   27    216 7.120768229162966e-05 4.0e+00 1.18e-01  3e-02  9e-02 5:30.8
   29    232 5.086263020837034e-05 4.8e+00 9.69e-02  3e-02  8e-02 5:54.9
   31    248 3.051757812500000e-05 5.1e+00 8.10e-02  2e-02  6e-02 6:18.8
   32    256 0.000000000000000e+00 5.1e+00 9.30e-02  2e-02  8e-02 6:30.8
termination on ftarget=1e-11
final/bestever f-value = 0.000000e+00 0.000000e+00
incumbent solution: [2.7829291522943262, 0.6082818018787965, 4.7393966009939135, 4.220812155508002]
std deviation: [0.08095517076341856, 0.02318593610215878, 0.036241427420950226, 0.022306579283104273]
CMAEvolutionStrategyResult(xbest=array([2.8170898 , 0.62093542, 4.7163515 , 4.230187  ]), fbest=0.0, evals_best=252, evaluations=256, iterations=32, xfavorite=array([2.78292915, 0.6082818 , 4.7393966 , 4.22081216]), stds=array([0.08095517, 0.02318594, 0.03624143, 0.02230658]), stop={'ftarget': 1e-11})
5 10
(4_w,8)-aCMA-ES (mu_w=2.6,w_1=52%) in dimension 4 (seed=738347, Sun Jun 13 22:25:47 2021)
Iterat #Fevals   function value  axis ratio  sigma  min&max std  t[m:s]
    1      8 8.013916015625000e-02 1.0e+00 1.62e+00  1e+00  2e+00 0:12.5
    2     16 3.312174479166663e-02 1.4e+00 2.22e+00  2e+00  3e+00 0:24.4
    3     24 2.736409505208337e-02 1.6e+00 2.23e+00  2e+00  3e+00 0:37.0
    4     32 2.269694010416666e-01 1.7e+00 2.07e+00  2e+00  2e+00 0:49.1
    5     40 9.480794270833370e-03 1.9e+00 2.31e+00  2e+00  3e+00 1:01.3
    6     48 2.036336263020834e-01 2.3e+00 1.91e+00  1e+00  2e+00 1:13.4
    7     56 3.109741210937500e-02 2.0e+00 1.83e+00  1e+00  2e+00 1:25.3
    8     64 1.428833007812500e-01 2.0e+00 1.78e+00  1e+00  2e+00 1:37.2
    9     72 2.187093098958337e-02 2.1e+00 1.93e+00  1e+00  3e+00 1:49.8
   10     80 6.409708658854163e-02 2.9e+00 1.67e+00  9e-01  2e+00 2:01.3
   11     88 4.847208658854163e-02 3.2e+00 1.38e+00  7e-01  2e+00 2:13.2
   12     96 7.472737630208337e-02 3.5e+00 1.22e+00  6e-01  2e+00 2:25.8
   14    112 4.372151692708337e-02 4.3e+00 1.67e+00  9e-01  3e+00 2:51.1
   16    128 2.065022786458370e-03 5.4e+00 1.89e+00  8e-01  4e+00 3:15.1
   18    144 2.858479817708337e-02 6.3e+00 1.54e+00  6e-01  3e+00 3:39.5
   20    160 1.986694335937500e-02 7.0e+00 1.38e+00  5e-01  3e+00 4:04.9
   22    176 3.250122070312500e-02 8.1e+00 1.12e+00  4e-01  2e+00 4:29.1
   24    192 1.978556315104163e-02 7.9e+00 9.07e-01  3e-01  1e+00 4:53.0
   26    208 1.424153645833337e-02 7.1e+00 7.35e-01  2e-01  1e+00 5:18.1
   28    224 6.734212239583370e-03 8.2e+00 6.21e-01  2e-01  7e-01 5:42.2
   30    240 5.605061848958370e-03 9.1e+00 5.88e-01  1e-01  7e-01 6:06.3
   32    256 5.269368489583370e-03 1.1e+01 5.55e-01  1e-01  6e-01 6:31.0
   34    272 4.597981770833370e-03 1.2e+01 3.74e-01  9e-02  4e-01 6:55.9
   36    288 4.364013671875000e-03 1.1e+01 3.34e-01  8e-02  3e-01 7:19.5
   38    304 3.112792968750000e-03 1.3e+01 3.38e-01  7e-02  4e-01 7:44.4
   41    328 2.136230468750000e-04 9.7e+00 4.44e-01  8e-02  5e-01 8:20.3
   44    352 1.576741536458370e-03 1.0e+01 4.09e-01  7e-02  4e-01 8:57.0
   47    376 3.662109375000000e-04 1.1e+01 2.71e-01  4e-02  3e-01 9:33.0
   50    400 1.424153645833703e-04 1.3e+01 2.85e-01  4e-02  3e-01 10:09.0
   53    424 3.051757812500000e-05 1.3e+01 1.62e-01  2e-02  1e-01 10:44.7
   56    448 2.034505208337034e-05 1.5e+01 1.34e-01  1e-02  9e-02 11:22.5
   58    464 0.000000000000000e+00 1.7e+01 1.12e-01  1e-02  8e-02 11:47.0
termination on ftarget=1e-11
final/bestever f-value = 0.000000e+00 0.000000e+00
incumbent solution: [3.84868778657541, 5.547328160750942, 2.8942324422326275, 6.5622857799176595]
std deviation: [0.08418662115250909, 0.011308486787341032, 0.07524875145785577, 0.011930606792307591]
CMAEvolutionStrategyResult(xbest=array([3.8090655 , 5.54847799, 2.92911179, 6.5537076 ]), fbest=0.0, evals_best=457, evaluations=464, iterations=58, xfavorite=array([3.84868779, 5.54732816, 2.89423244, 6.56228578]), stds=array([0.08418662, 0.01130849, 0.07524875, 0.01193061]), stop={'ftarget': 1e-11})
6 10
(4_w,8)-aCMA-ES (mu_w=2.6,w_1=52%) in dimension 4 (seed=701677, Sun Jun 13 22:37:34 2021)
Iterat #Fevals   function value  axis ratio  sigma  min&max std  t[m:s]
    1      8 1.588439941406250e-01 1.0e+00 1.36e+00  1e+00  1e+00 0:12.0
    2     16 4.699707031250000e-03 1.3e+00 1.49e+00  1e+00  2e+00 0:23.7
    3     24 2.622477213541663e-02 1.7e+00 1.79e+00  2e+00  2e+00 0:36.2
    4     32 1.825764973958334e-01 1.7e+00 1.74e+00  1e+00  2e+00 0:47.9
    5     40 3.004964192708337e-02 1.7e+00 2.19e+00  2e+00  3e+00 1:00.4
    6     48 9.505208333333337e-02 2.2e+00 2.31e+00  2e+00  3e+00 1:12.3
    7     56 2.829996744791666e-01 2.4e+00 2.46e+00  2e+00  4e+00 1:25.0
    8     64 8.786010742187500e-02 2.4e+00 2.27e+00  2e+00  4e+00 1:36.7
    9     72 1.394246419270834e-01 2.6e+00 2.02e+00  1e+00  3e+00 1:49.1
   10     80 9.541829427083337e-02 3.0e+00 2.27e+00  1e+00  4e+00 2:01.3
   11     88 1.247456868489584e-01 3.2e+00 2.39e+00  1e+00  4e+00 2:13.4
   12     96 1.766967773437500e-02 3.2e+00 2.16e+00  1e+00  4e+00 2:25.3
   13    104 1.421101888020837e-02 3.3e+00 2.22e+00  1e+00  3e+00 2:38.2
   15    120 2.648620605468750e-01 3.3e+00 2.42e+00  1e+00  3e+00 3:02.7
   17    136 1.920776367187500e-01 3.3e+00 3.88e+00  2e+00  6e+00 3:27.4
   19    152 1.743469238281250e-01 3.9e+00 5.05e+00  2e+00  8e+00 3:51.4
   21    168 3.489176432291663e-02 4.3e+00 4.09e+00  2e+00  5e+00 4:16.1
   23    184 7.850138346354163e-02 4.3e+00 3.94e+00  2e+00  5e+00 4:41.0
   25    200 8.337402343750000e-02 3.8e+00 4.18e+00  2e+00  5e+00 5:04.8
   27    216 2.308553059895834e-01 4.5e+00 3.77e+00  1e+00  5e+00 5:29.6
   29    232 4.069010416666630e-03 5.4e+00 4.19e+00  1e+00  5e+00 5:53.8
   31    248 1.101989746093750e-01 6.7e+00 4.37e+00  1e+00  5e+00 6:19.1
   33    264 5.751546223958337e-02 5.9e+00 3.83e+00  1e+00  4e+00 6:43.4
   35    280 1.642150878906250e-01 4.9e+00 3.39e+00  1e+00  4e+00 7:08.6
   37    296 4.062906901041663e-02 5.4e+00 3.12e+00  9e-01  3e+00 7:33.3
   40    320 1.158650716145834e-01 5.8e+00 2.51e+00  7e-01  3e+00 8:10.5
   43    344 5.819702148437500e-02 5.4e+00 2.23e+00  5e-01  2e+00 8:48.4
   46    368 1.166280110677084e-01 5.4e+00 2.07e+00  5e-01  2e+00 9:24.5
   49    392 3.712972005208370e-03 5.1e+00 1.16e+00  3e-01  8e-01 10:01.5
   52    416 1.694742838541663e-02 3.8e+00 8.92e-01  2e-01  5e-01 10:39.3
   55    440 4.720052083333370e-03 4.2e+00 7.60e-01  2e-01  4e-01 11:15.3
   58    464 4.760742187500000e-03 4.2e+00 5.38e-01  1e-01  2e-01 11:52.7
   61    488 2.512613932291630e-03 3.6e+00 5.33e-01  1e-01  2e-01 12:28.8
   64    512 1.831054687500000e-03 3.1e+00 5.22e-01  1e-01  2e-01 13:05.4
   67    536 6.510416666666297e-04 3.0e+00 5.37e-01  1e-01  2e-01 13:40.6
   70    560 2.034505208337034e-05 5.0e+00 3.02e-01  6e-02  8e-02 14:17.1
   74    592 0.000000000000000e+00 4.9e+00 1.67e-01  3e-02  4e-02 15:04.6
termination on ftarget=1e-11
final/bestever f-value = 0.000000e+00 0.000000e+00
incumbent solution: [-5.85618211576774, 5.139574643698519, 26.554688265994166, 8.687276022622875]
std deviation: [0.03568869795816444, 0.026322771706606622, 0.03161707344894845, 0.03498785691845385]
CMAEvolutionStrategyResult(xbest=array([-5.86006688,  5.13914824, 26.54961137,  8.68937681]), fbest=0.0, evals_best=589, evaluations=592, iterations=74, xfavorite=array([-5.85618212,  5.13957464, 26.55468827,  8.68727602]), stds=array([0.0356887 , 0.02632277, 0.03161707, 0.03498786]), stop={'ftarget': 1e-11})
7 10
(4_w,8)-aCMA-ES (mu_w=2.6,w_1=52%) in dimension 4 (seed=806859, Sun Jun 13 22:52:38 2021)
Iterat #Fevals   function value  axis ratio  sigma  min&max std  t[m:s]
    1      8 6.500244140625000e-02 1.0e+00 1.91e+00  2e+00  2e+00 0:12.9
    2     16 2.565205891927084e-01 1.2e+00 1.84e+00  2e+00  2e+00 0:25.5
    3     24 1.706949869791666e-01 1.4e+00 2.27e+00  2e+00  3e+00 0:37.4
    4     32 1.004333496093750e-01 1.7e+00 2.41e+00  2e+00  3e+00 0:49.6
    5     40 8.977254231770837e-02 1.8e+00 2.58e+00  2e+00  3e+00 1:01.9
    6     48 1.989440917968750e-01 2.3e+00 2.39e+00  2e+00  3e+00 1:13.7
    7     56 4.631551106770837e-02 2.5e+00 2.08e+00  2e+00  3e+00 1:26.2
    8     64 2.590026855468750e-01 2.3e+00 1.98e+00  2e+00  3e+00 1:38.4
    9     72 1.570434570312500e-01 2.5e+00 1.79e+00  1e+00  2e+00 1:50.3
   10     80 2.602233886718750e-01 2.8e+00 1.88e+00  2e+00  3e+00 2:02.5
   11     88 1.865030924479166e-01 3.4e+00 2.18e+00  2e+00  3e+00 2:14.6
   12     96 9.627278645833337e-02 3.2e+00 1.95e+00  2e+00  2e+00 2:26.5
   14    112 6.220499674479163e-02 3.0e+00 1.73e+00  2e+00  2e+00 2:50.8
   16    128 2.012837727864584e-01 3.8e+00 2.15e+00  2e+00  3e+00 3:15.2
   18    144 6.807454427083337e-02 5.7e+00 2.44e+00  2e+00  3e+00 3:39.5
   20    160 7.082112630208337e-02 6.1e+00 2.31e+00  2e+00  3e+00 4:04.7
   22    176 8.056640625000000e-02 7.7e+00 2.46e+00  2e+00  3e+00 4:29.2
   24    192 5.916341145833337e-02 8.6e+00 2.01e+00  2e+00  3e+00 4:53.5
   26    208 1.141764322916666e-01 1.2e+01 2.23e+00  2e+00  4e+00 5:18.0
   28    224 2.943929036458337e-02 1.3e+01 1.67e+00  1e+00  3e+00 5:42.9
   30    240 4.252115885416630e-03 1.4e+01 1.71e+00  1e+00  3e+00 6:07.1
   32    256 1.855468750000000e-01 1.2e+01 1.59e+00  1e+00  2e+00 6:32.0
   34    272 3.743489583333370e-03 1.1e+01 1.49e+00  9e-01  2e+00 6:55.9
   36    288 2.234903971354163e-02 1.2e+01 1.01e+00  5e-01  1e+00 7:20.3
   38    304 3.753662109375000e-03 1.2e+01 7.67e-01  4e-01  1e+00 7:45.4
   41    328 3.051757812500000e-04 9.4e+00 5.55e-01  2e-01  7e-01 8:21.5
   44    352 2.126057942708370e-03 1.4e+01 6.18e-01  3e-01  8e-01 8:57.3
   47    376 1.922607421875000e-03 1.1e+01 4.99e-01  2e-01  5e-01 9:33.4
   50    400 5.900065104166297e-04 8.1e+00 4.12e-01  2e-01  3e-01 10:10.3
   53    424 1.729329427083703e-04 7.7e+00 2.63e-01  1e-01  2e-01 10:46.9
   56    448 9.155273437500000e-05 1.2e+01 2.67e-01  1e-01  2e-01 11:23.5
   59    472 1.220703125000000e-04 1.1e+01 2.05e-01  8e-02  1e-01 11:59.4
   62    496 5.086263020837034e-05 1.0e+01 1.76e-01  6e-02  1e-01 12:36.9
   63    504 0.000000000000000e+00 1.0e+01 1.73e-01  6e-02  1e-01 12:48.5
termination on ftarget=1e-11
final/bestever f-value = 0.000000e+00 0.000000e+00
incumbent solution: [7.576906556510642, -4.308809053086709, 1.5124462089841062, -5.463928981837066]
std deviation: [0.09567653872842195, 0.07700996211329478, 0.11246415218741421, 0.05691366819140971]
CMAEvolutionStrategyResult(xbest=array([ 7.5344119 , -4.32546738,  1.55879615, -5.46607385]), fbest=0.0, evals_best=501, evaluations=504, iterations=63, xfavorite=array([ 7.57690656, -4.30880905,  1.51244621, -5.46392898]), stds=array([0.09567654, 0.07700996, 0.11246415, 0.05691367]), stop={'ftarget': 1e-11})
8 10
(4_w,8)-aCMA-ES (mu_w=2.6,w_1=52%) in dimension 4 (seed=795092, Sun Jun 13 23:05:27 2021)
Iterat #Fevals   function value  axis ratio  sigma  min&max std  t[m:s]
    1      8 2.635701497395837e-02 1.0e+00 1.47e+00  1e+00  2e+00 0:11.9
    2     16 1.389567057291666e-01 1.3e+00 1.60e+00  1e+00  2e+00 0:24.5
    3     24 2.194213867187500e-01 1.5e+00 1.56e+00  1e+00  2e+00 0:37.0
    4     32 9.937540690104163e-02 1.6e+00 1.74e+00  1e+00  2e+00 0:49.0
    5     40 1.231384277343750e-01 2.1e+00 1.58e+00  1e+00  2e+00 1:00.7
    6     48 2.239074707031250e-01 2.3e+00 1.59e+00  1e+00  2e+00 1:13.3
    7     56 4.992675781250000e-02 2.3e+00 1.77e+00  1e+00  2e+00 1:25.3
    8     64 1.714579264322916e-01 2.7e+00 1.58e+00  9e-01  2e+00 1:37.6
    9     72 7.716878255208337e-02 2.6e+00 1.40e+00  8e-01  2e+00 1:50.5
   10     80 8.208211263020837e-02 3.0e+00 1.48e+00  9e-01  2e+00 2:02.7
   11     88 1.475219726562500e-01 2.6e+00 1.86e+00  1e+00  2e+00 2:14.9
   12     96 2.927652994791663e-02 3.0e+00 1.63e+00  9e-01  2e+00 2:26.9
   13    104 1.401062011718750e-01 3.2e+00 1.99e+00  1e+00  3e+00 2:39.0
   15    120 1.286824544270834e-01 5.8e+00 1.45e+00  7e-01  2e+00 3:03.9
   17    136 5.819702148437500e-02 7.5e+00 1.27e+00  6e-01  2e+00 3:28.2
   19    152 3.592936197916663e-02 8.0e+00 1.00e+00  4e-01  2e+00 3:52.7
   21    168 2.023315429687500e-02 8.3e+00 1.05e+00  4e-01  2e+00 4:17.5
   23    184 2.947998046875000e-02 6.8e+00 8.16e-01  3e-01  1e+00 4:42.3
   25    200 9.796142578125000e-03 5.2e+00 6.62e-01  2e-01  8e-01 5:07.3
   27    216 2.311197916666663e-02 4.9e+00 5.18e-01  2e-01  5e-01 5:31.8
   29    232 6.011962890625000e-03 6.2e+00 5.02e-01  1e-01  5e-01 5:56.1
   31    248 3.041585286458370e-03 4.7e+00 4.87e-01  2e-01  4e-01 6:20.1
   33    264 6.215413411458370e-03 5.2e+00 4.90e-01  1e-01  5e-01 6:44.2
   35    280 1.342773437500000e-03 6.1e+00 5.08e-01  2e-01  5e-01 7:09.2
   38    304 8.036295572916297e-04 6.1e+00 3.57e-01  1e-01  3e-01 7:44.6
   41    328 2.034505208333703e-04 5.7e+00 2.20e-01  7e-02  2e-01 8:21.3
   44    352 2.441406250000000e-04 6.7e+00 2.05e-01  6e-02  2e-01 8:57.6
   47    376 9.155273437500000e-05 6.6e+00 2.18e-01  5e-02  2e-01 9:34.6
   50    400 0.000000000000000e+00 7.4e+00 1.45e-01  3e-02  1e-01 10:11.1
termination on ftarget=1e-11
final/bestever f-value = 0.000000e+00 0.000000e+00
incumbent solution: [-1.9239069284341797, 0.7107077723732423, -1.992037185925644, 2.300204658476756]
std deviation: [0.09833456334528995, 0.025972857022542557, 0.05161973777948636, 0.04212167488772069]
CMAEvolutionStrategyResult(xbest=array([-1.92174872,  0.70028018, -1.99402931,  2.3074934 ]), fbest=0.0, evals_best=399, evaluations=400, iterations=50, xfavorite=array([-1.92390693,  0.71070777, -1.99203719,  2.30020466]), stds=array([0.09833456, 0.02597286, 0.05161974, 0.04212167]), stop={'ftarget': 1e-11})
9 10
(4_w,8)-aCMA-ES (mu_w=2.6,w_1=52%) in dimension 4 (seed=802896, Sun Jun 13 23:15:38 2021)
Iterat #Fevals   function value  axis ratio  sigma  min&max std  t[m:s]
    1      8 1.855773925781250e-01 1.0e+00 1.37e+00  1e+00  1e+00 0:12.2
    2     16 1.175944010416666e-01 1.3e+00 1.60e+00  1e+00  2e+00 0:24.5
    3     24 1.229044596354166e-01 1.7e+00 1.52e+00  1e+00  2e+00 0:37.1
    4     32 1.144002278645834e-01 2.0e+00 1.44e+00  1e+00  2e+00 0:50.4
    5     40 1.662495930989584e-01 1.9e+00 1.20e+00  9e-01  1e+00 1:02.3
    6     48 6.650797526041663e-02 2.2e+00 1.26e+00  9e-01  1e+00 1:13.9
    7     56 6.080118815104163e-02 2.3e+00 1.32e+00  9e-01  1e+00 1:26.6
    8     64 1.147460937500000e-01 2.6e+00 1.25e+00  8e-01  1e+00 1:39.3
    9     72 4.821777343750000e-02 2.6e+00 1.12e+00  7e-01  1e+00 1:51.9
   10     80 6.313069661458337e-02 2.8e+00 1.02e+00  6e-01  1e+00 2:04.2
   11     88 1.016235351562500e-02 3.0e+00 1.05e+00  7e-01  1e+00 2:16.0
   12     96 1.067097981770837e-02 3.0e+00 9.22e-01  6e-01  9e-01 2:28.2
   13    104 9.358723958333703e-04 3.0e+00 7.19e-01  4e-01  6e-01 2:40.8
   15    120 1.018269856770837e-02 2.8e+00 5.39e-01  3e-01  5e-01 3:04.7
   17    136 2.675374348958370e-03 2.9e+00 4.23e-01  2e-01  3e-01 3:29.1
   19    152 4.781087239583703e-04 3.3e+00 3.42e-01  1e-01  3e-01 3:53.7
   21    168 7.324218750000000e-04 3.7e+00 2.59e-01  9e-02  2e-01 4:18.3
   23    184 7.934570312500000e-04 4.9e+00 1.74e-01  5e-02  1e-01 4:43.7
   25    200 6.815592447916297e-04 5.4e+00 1.38e-01  3e-02  1e-01 5:08.4
   27    216 3.356933593750000e-04 6.1e+00 1.22e-01  3e-02  1e-01 5:33.2
   29    232 2.339680989583703e-04 5.3e+00 1.77e-01  4e-02  2e-01 5:58.3
   31    248 2.034505208337034e-05 5.7e+00 1.49e-01  3e-02  1e-01 6:22.7
   33    264 8.138020833337034e-05 6.5e+00 1.14e-01  2e-02  1e-01 6:46.5
   35    280 4.069010416662966e-05 6.0e+00 9.13e-02  2e-02  7e-02 7:10.5
   36    288 0.000000000000000e+00 6.3e+00 7.48e-02  1e-02  6e-02 7:22.5
termination on ftarget=1e-11
final/bestever f-value = 0.000000e+00 0.000000e+00
incumbent solution: [2.315716719250117, 5.220278533260434, 3.058259235169321, -1.6652662701765941]
std deviation: [0.032279316147083306, 0.01197772512100504, 0.05682556336964847, 0.018826825199678408]
CMAEvolutionStrategyResult(xbest=array([ 2.33563341,  5.21876502,  3.08649917, -1.67153304]), fbest=0.0, evals_best=281, evaluations=288, iterations=36, xfavorite=array([ 2.31571672,  5.22027853,  3.05825924, -1.66526627]), stds=array([0.03227932, 0.01197773, 0.05682556, 0.01882683]), stop={'ftarget': 1e-11})
