0 10
(4_w,8)-aCMA-ES (mu_w=2.6,w_1=52%) in dimension 4 (seed=712148, Sun Jun 13 21:40:38 2021)
circuitVTD.py:339: DeprecationWarning: The QuantumCircuit.__add__() method is being deprecated.Use the compose() method which is more flexible w.r.t circuit register compatibility.
  TrotterFixStepList.append(TrotterFixStepList[-1] + U_trot)
/home/nfb1/.local/lib/python3.7/site-packages/qiskit/circuit/quantumcircuit.py:869: DeprecationWarning: The QuantumCircuit.combine() method is being deprecated. Use the compose() method which is more flexible w.r.t circuit register compatibility.
  return self.combine(rhs)
circuitVTD.py:170: DeprecationWarning: The QuantumCircuit.__iadd__() method is being deprecated. Use the compose() (potentially with the inplace=True argument) and tensor() methods which are more flexible w.r.t circuit register compatibility.
  circ += U_v_prime
/home/nfb1/.local/lib/python3.7/site-packages/qiskit/circuit/quantumcircuit.py:876: DeprecationWarning: The QuantumCircuit.extend() method is being deprecated. Use the compose() (potentially with the inplace=True argument) and tensor() methods which are more flexible w.r.t circuit register compatibility.
  return self.extend(rhs)
Iterat #Fevals   function value  axis ratio  sigma  min&max std  t[m:s]
    1      8 2.643229166666666e-01 1.0e+00 1.46e+00  1e+00  1e+00 0:08.9
    2     16 9.114583333333337e-02 1.2e+00 1.44e+00  1e+00  1e+00 0:17.6
    3     24 6.119791666666663e-02 1.3e+00 1.37e+00  1e+00  1e+00 0:26.9
    4     32 1.679687500000000e-01 1.4e+00 1.23e+00  1e+00  1e+00 0:36.2
    5     40 1.184895833333334e-01 1.6e+00 1.22e+00  9e-01  1e+00 0:45.5
    6     48 2.864583333333337e-02 1.9e+00 1.18e+00  9e-01  1e+00 0:54.7
    7     56 7.291666666666663e-02 1.7e+00 1.19e+00  9e-01  1e+00 1:03.6
    8     64 2.057291666666666e-01 1.8e+00 1.32e+00  1e+00  1e+00 1:13.0
    9     72 7.812500000000000e-02 2.2e+00 1.23e+00  9e-01  1e+00 1:22.1
   10     80 3.776041666666663e-02 2.6e+00 1.07e+00  8e-01  1e+00 1:31.4
   12     96 2.734375000000000e-02 2.8e+00 1.02e+00  8e-01  1e+00 1:49.9
   14    112 9.114583333333370e-03 2.9e+00 8.43e-01  6e-01  9e-01 2:07.2
   16    128 7.812500000000000e-03 3.5e+00 8.22e-01  5e-01  1e+00 2:24.8
   18    144 2.604166666666663e-02 4.7e+00 4.95e-01  2e-01  6e-01 2:43.0
   20    160 1.302083333333370e-03 4.0e+00 3.22e-01  1e-01  3e-01 3:01.1
   22    176 2.604166666666630e-03 3.6e+00 2.60e-01  9e-02  3e-01 3:19.1
   24    192 0.000000000000000e+00 4.6e+00 1.80e-01  6e-02  2e-01 3:36.9
termination on ftarget=1e-11
final/bestever f-value = 0.000000e+00 0.000000e+00
incumbent solution: [4.30593572408161, 1.7401928875955468, -2.680334539046686, 6.259605004392751]
std deviation: [0.1530103888086114, 0.05547288558220119, 0.17456638477341088, 0.11035534149757942]
CMAEvolutionStrategyResult(xbest=array([ 4.0862415 ,  1.73991187, -2.3865823 ,  6.2181363 ]), fbest=0.0, evals_best=186, evaluations=192, iterations=24, xfavorite=array([ 4.30593572,  1.74019289, -2.68033454,  6.259605  ]), stds=array([0.15301039, 0.05547289, 0.17456638, 0.11035534]), stop={'ftarget': 1e-11})
1 10
(4_w,8)-aCMA-ES (mu_w=2.6,w_1=52%) in dimension 4 (seed=707043, Sun Jun 13 21:44:15 2021)
Iterat #Fevals   function value  axis ratio  sigma  min&max std  t[m:s]
    1      8 2.031250000000000e-01 1.0e+00 1.57e+00  1e+00  2e+00 0:10.3
    2     16 3.020833333333334e-01 1.3e+00 1.54e+00  1e+00  2e+00 0:21.3
    3     24 1.549479166666666e-01 1.3e+00 1.58e+00  1e+00  2e+00 0:31.0
    4     32 1.067708333333334e-01 1.5e+00 1.68e+00  1e+00  2e+00 0:41.1
    5     40 5.468750000000000e-02 1.9e+00 1.57e+00  1e+00  2e+00 0:50.9
    6     48 1.393229166666666e-01 2.2e+00 1.50e+00  9e-01  2e+00 1:00.8
    7     56 6.901041666666663e-02 2.2e+00 1.26e+00  7e-01  1e+00 1:10.8
    8     64 2.083333333333337e-02 2.5e+00 1.10e+00  6e-01  1e+00 1:21.1
    9     72 4.036458333333337e-02 2.7e+00 8.86e-01  5e-01  9e-01 1:31.8
   10     80 1.302083333333337e-02 2.7e+00 8.54e-01  4e-01  8e-01 1:42.1
   11     88 7.812500000000000e-03 2.8e+00 6.67e-01  3e-01  6e-01 1:52.7
   13    104 1.432291666666663e-02 3.2e+00 5.13e-01  2e-01  4e-01 2:12.9
   15    120 2.604166666666630e-03 2.8e+00 5.18e-01  3e-01  5e-01 2:34.3
   16    128 0.000000000000000e+00 3.1e+00 4.49e-01  2e-01  4e-01 2:44.6
termination on ftarget=1e-11
final/bestever f-value = 0.000000e+00 0.000000e+00
incumbent solution: [6.88545288320376, 0.09521760237175275, 3.253646914790759, 2.2192678575497347]
std deviation: [0.38116861459976126, 0.33793846314483345, 0.18617718588596516, 0.3297799114585651]
CMAEvolutionStrategyResult(xbest=array([6.70585423, 0.13437892, 3.32855609, 2.08923958]), fbest=0.0, evals_best=128, evaluations=128, iterations=16, xfavorite=array([6.88545288, 0.0952176 , 3.25364691, 2.21926786]), stds=array([0.38116861, 0.33793846, 0.18617719, 0.32977991]), stop={'ftarget': 1e-11})
2 10
(4_w,8)-aCMA-ES (mu_w=2.6,w_1=52%) in dimension 4 (seed=734050, Sun Jun 13 21:47:00 2021)
Iterat #Fevals   function value  axis ratio  sigma  min&max std  t[m:s]
    1      8 1.041666666666666e-01 1.0e+00 1.63e+00  2e+00  2e+00 0:10.5
    2     16 1.549479166666666e-01 1.3e+00 1.47e+00  1e+00  1e+00 0:20.6
    3     24 1.289062500000000e-01 1.3e+00 1.26e+00  1e+00  1e+00 0:31.3
    4     32 8.723958333333337e-02 1.3e+00 1.04e+00  8e-01  1e+00 0:41.3
    5     40 2.864583333333337e-02 1.4e+00 8.60e-01  6e-01  7e-01 0:51.7
    6     48 7.812500000000000e-02 1.3e+00 8.50e-01  6e-01  8e-01 1:01.6
    7     56 1.562500000000000e-02 1.5e+00 7.54e-01  5e-01  6e-01 1:12.2
    8     64 1.562500000000000e-02 1.5e+00 8.03e-01  5e-01  7e-01 1:22.1
    9     72 1.822916666666663e-02 1.7e+00 7.38e-01  5e-01  6e-01 1:32.5
   10     80 1.692708333333337e-02 2.1e+00 6.46e-01  4e-01  6e-01 1:42.3
   12     96 9.114583333333370e-03 2.1e+00 4.10e-01  2e-01  3e-01 2:02.3
   14    112 1.302083333333370e-03 2.5e+00 3.79e-01  2e-01  3e-01 2:23.2
   16    128 1.302083333333370e-03 2.8e+00 2.75e-01  1e-01  2e-01 2:43.1
   18    144 2.604166666666630e-03 4.0e+00 2.47e-01  1e-01  2e-01 3:03.9
   19    152 0.000000000000000e+00 4.8e+00 2.24e-01  9e-02  2e-01 3:14.1
termination on ftarget=1e-11
final/bestever f-value = 0.000000e+00 0.000000e+00
incumbent solution: [4.577665898562623, 8.105948505898327, 5.306657275315306, 1.6359749320300236]
std deviation: [0.10907687640052365, 0.10883006937290675, 0.20444451484665505, 0.0948740514296377]
CMAEvolutionStrategyResult(xbest=array([4.52051139, 8.05345855, 5.24222719, 1.61744296]), fbest=0.0, evals_best=145, evaluations=152, iterations=19, xfavorite=array([4.5776659 , 8.10594851, 5.30665728, 1.63597493]), stds=array([0.10907688, 0.10883007, 0.20444451, 0.09487405]), stop={'ftarget': 1e-11})
3 10
(4_w,8)-aCMA-ES (mu_w=2.6,w_1=52%) in dimension 4 (seed=687844, Sun Jun 13 21:50:14 2021)
Iterat #Fevals   function value  axis ratio  sigma  min&max std  t[m:s]
    1      8 1.002604166666666e-01 1.0e+00 1.64e+00  2e+00  2e+00 0:10.2
    2     16 1.927083333333334e-01 1.4e+00 1.65e+00  1e+00  2e+00 0:20.1
    3     24 2.552083333333334e-01 1.6e+00 1.39e+00  1e+00  1e+00 0:30.2
    4     32 3.515625000000000e-02 1.4e+00 1.03e+00  8e-01  1e+00 0:39.9
    5     40 0.000000000000000e+00 1.4e+00 9.99e-01  7e-01  1e+00 0:49.9
termination on ftarget=1e-11
final/bestever f-value = 0.000000e+00 0.000000e+00
incumbent solution: [5.775280064110355, 1.9121305463582765, 3.065129995854845, 2.4742266849243246]
std deviation: [0.9554509962545377, 0.7459432074840945, 0.8336113012761908, 0.7838892016944236]
CMAEvolutionStrategyResult(xbest=array([5.78938794, 1.82251775, 3.4488431 , 2.29036765]), fbest=0.0, evals_best=34, evaluations=40, iterations=5, xfavorite=array([5.77528006, 1.91213055, 3.06513   , 2.47422668]), stds=array([0.955451  , 0.74594321, 0.8336113 , 0.7838892 ]), stop={'ftarget': 1e-11})
4 10
(4_w,8)-aCMA-ES (mu_w=2.6,w_1=52%) in dimension 4 (seed=703874, Sun Jun 13 21:51:04 2021)
Iterat #Fevals   function value  axis ratio  sigma  min&max std  t[m:s]
    1      8 2.265625000000000e-01 1.0e+00 1.48e+00  1e+00  2e+00 0:10.0
    2     16 1.835937500000000e-01 1.2e+00 1.48e+00  1e+00  2e+00 0:20.0
    3     24 1.562500000000000e-01 1.3e+00 1.44e+00  1e+00  1e+00 0:30.3
    4     32 1.158854166666666e-01 1.5e+00 1.14e+00  1e+00  1e+00 0:40.5
    5     40 6.640625000000000e-02 1.5e+00 1.12e+00  9e-01  1e+00 0:50.6
    6     48 7.552083333333337e-02 1.6e+00 9.96e-01  8e-01  9e-01 1:00.9
    7     56 4.166666666666663e-02 1.7e+00 9.01e-01  7e-01  8e-01 1:11.4
    8     64 2.604166666666663e-02 1.9e+00 8.86e-01  7e-01  8e-01 1:21.8
    9     72 5.208333333333370e-03 1.8e+00 7.98e-01  6e-01  7e-01 1:31.8
   10     80 2.343750000000000e-02 1.9e+00 6.70e-01  5e-01  5e-01 1:41.5
   12     96 1.041666666666663e-02 1.9e+00 5.20e-01  3e-01  4e-01 2:01.3
   14    112 5.208333333333370e-03 2.2e+00 3.88e-01  2e-01  3e-01 2:21.7
   16    128 5.208333333333370e-03 2.2e+00 4.32e-01  2e-01  3e-01 2:43.0
   18    144 0.000000000000000e+00 2.8e+00 3.89e-01  2e-01  3e-01 3:03.9
termination on ftarget=1e-11
final/bestever f-value = 0.000000e+00 0.000000e+00
incumbent solution: [3.6744643267814885, 0.6287529698993705, 4.445677052209864, 4.184342001559769]
std deviation: [0.24763610194362448, 0.25962419357450456, 0.27047970889624817, 0.17083335027910931]
CMAEvolutionStrategyResult(xbest=array([3.74916177, 0.62923062, 4.34300987, 4.12857021]), fbest=0.0, evals_best=139, evaluations=144, iterations=18, xfavorite=array([3.67446433, 0.62875297, 4.44567705, 4.184342  ]), stds=array([0.2476361 , 0.25962419, 0.27047971, 0.17083335]), stop={'ftarget': 1e-11})
5 10
(4_w,8)-aCMA-ES (mu_w=2.6,w_1=52%) in dimension 4 (seed=678289, Sun Jun 13 21:54:08 2021)
Iterat #Fevals   function value  axis ratio  sigma  min&max std  t[m:s]
    1      8 4.036458333333337e-02 1.0e+00 1.83e+00  2e+00  2e+00 0:10.3
    2     16 1.406250000000000e-01 1.3e+00 2.04e+00  2e+00  2e+00 0:20.2
    3     24 2.317708333333334e-01 1.5e+00 2.27e+00  2e+00  3e+00 0:30.7
    4     32 9.765625000000000e-02 1.5e+00 3.04e+00  3e+00  4e+00 0:40.6
    5     40 2.291666666666666e-01 1.9e+00 3.28e+00  3e+00  4e+00 0:50.6
    6     48 6.380208333333337e-02 1.8e+00 3.11e+00  3e+00  4e+00 1:00.7
    7     56 9.895833333333337e-02 1.6e+00 2.82e+00  2e+00  3e+00 1:11.0
    8     64 7.682291666666663e-02 1.6e+00 2.59e+00  2e+00  3e+00 1:20.9
    9     72 5.208333333333337e-02 1.8e+00 2.08e+00  1e+00  2e+00 1:31.0
   10     80 7.942708333333337e-02 1.9e+00 1.59e+00  1e+00  2e+00 1:41.0
   11     88 3.385416666666663e-02 2.0e+00 1.52e+00  9e-01  2e+00 1:51.7
   13    104 5.078125000000000e-02 2.1e+00 1.32e+00  7e-01  1e+00 2:11.6
   15    120 6.510416666666630e-03 1.9e+00 1.22e+00  5e-01  1e+00 2:31.3
   17    136 0.000000000000000e+00 2.5e+00 8.57e-01  3e-01  7e-01 2:51.9
termination on ftarget=1e-11
final/bestever f-value = 0.000000e+00 0.000000e+00
incumbent solution: [-0.32655197543502607, 13.484010029072712, 12.102614813430177, 4.693263418743741]
std deviation: [0.739008847657903, 0.5109848995672405, 0.6749119948617857, 0.3430274466980964]
CMAEvolutionStrategyResult(xbest=array([ 0.03615893, 13.29094309, 12.41239955,  4.78942576]), fbest=0.0, evals_best=136, evaluations=136, iterations=17, xfavorite=array([-0.32655198, 13.48401003, 12.10261481,  4.69326342]), stds=array([0.73900885, 0.5109849 , 0.67491199, 0.34302745]), stop={'ftarget': 1e-11})
6 10
(4_w,8)-aCMA-ES (mu_w=2.6,w_1=52%) in dimension 4 (seed=649275, Sun Jun 13 21:57:00 2021)
Iterat #Fevals   function value  axis ratio  sigma  min&max std  t[m:s]
    1      8 1.158854166666666e-01 1.0e+00 1.37e+00  1e+00  1e+00 0:09.9
    2     16 4.427083333333337e-02 1.3e+00 1.42e+00  1e+00  2e+00 0:19.8
    3     24 1.848958333333334e-01 1.7e+00 1.33e+00  1e+00  2e+00 0:29.7
    4     32 5.989583333333337e-02 1.7e+00 1.32e+00  1e+00  1e+00 0:40.1
    5     40 2.083333333333337e-02 1.9e+00 1.34e+00  1e+00  2e+00 0:50.3
    6     48 2.734375000000000e-02 2.0e+00 1.57e+00  1e+00  2e+00 1:00.9
    7     56 3.645833333333337e-02 2.3e+00 1.45e+00  1e+00  2e+00 1:11.0
    8     64 2.343750000000000e-02 2.1e+00 1.32e+00  8e-01  1e+00 1:21.3
    9     72 3.385416666666663e-02 2.0e+00 1.09e+00  6e-01  1e+00 1:31.5
   10     80 5.598958333333337e-02 1.9e+00 1.02e+00  5e-01  1e+00 1:41.6
   11     88 2.213541666666663e-02 2.3e+00 1.05e+00  5e-01  1e+00 1:51.7
   13    104 1.432291666666663e-02 2.4e+00 8.11e-01  4e-01  8e-01 2:11.3
   14    112 0.000000000000000e+00 2.4e+00 6.84e-01  3e-01  6e-01 2:21.5
termination on ftarget=1e-11
final/bestever f-value = 0.000000e+00 0.000000e+00
incumbent solution: [1.2588329721875524, 0.5715243646067529, 0.6369886344375164, 0.47411077966826637]
std deviation: [0.5903866065963941, 0.34102689797378716, 0.5066269958216013, 0.5315097436216518]
CMAEvolutionStrategyResult(xbest=array([1.16267321, 0.57471719, 0.83663336, 0.71018427]), fbest=0.0, evals_best=105, evaluations=112, iterations=14, xfavorite=array([1.25883297, 0.57152436, 0.63698863, 0.47411078]), stds=array([0.59038661, 0.3410269 , 0.506627  , 0.53150974]), stop={'ftarget': 1e-11})
7 10
(4_w,8)-aCMA-ES (mu_w=2.6,w_1=52%) in dimension 4 (seed=732515, Sun Jun 13 21:59:21 2021)
Iterat #Fevals   function value  axis ratio  sigma  min&max std  t[m:s]
    1      8 2.604166666666663e-02 1.0e+00 1.66e+00  2e+00  2e+00 0:10.2
    2     16 2.330729166666666e-01 1.5e+00 1.64e+00  1e+00  2e+00 0:20.5
    3     24 2.682291666666666e-01 1.5e+00 1.73e+00  2e+00  2e+00 0:30.8
    4     32 8.333333333333337e-02 1.5e+00 1.98e+00  2e+00  2e+00 0:41.7
    5     40 3.020833333333334e-01 1.4e+00 2.07e+00  2e+00  2e+00 0:51.8
    6     48 1.419270833333334e-01 1.5e+00 1.76e+00  2e+00  2e+00 1:02.1
    7     56 2.122395833333334e-01 1.5e+00 1.53e+00  1e+00  2e+00 1:11.6
    8     64 1.822916666666666e-01 1.4e+00 1.48e+00  1e+00  2e+00 1:22.2
    9     72 4.296875000000000e-02 1.5e+00 1.55e+00  1e+00  2e+00 1:32.7
   10     80 1.575520833333334e-01 1.5e+00 1.46e+00  1e+00  2e+00 1:42.9
   11     88 1.028645833333334e-01 1.5e+00 1.39e+00  1e+00  1e+00 1:53.1
   13    104 4.296875000000000e-02 1.8e+00 1.28e+00  1e+00  1e+00 2:13.1
   15    120 6.640625000000000e-02 1.9e+00 1.29e+00  9e-01  1e+00 2:33.0
   17    136 1.822916666666663e-02 2.4e+00 1.03e+00  6e-01  1e+00 2:52.8
   19    152 2.734375000000000e-02 2.8e+00 7.08e-01  4e-01  7e-01 3:13.8
   21    168 2.994791666666663e-02 3.1e+00 5.93e-01  3e-01  5e-01 3:34.2
   23    184 1.562500000000000e-02 3.7e+00 5.16e-01  3e-01  4e-01 3:54.5
   25    200 0.000000000000000e+00 5.2e+00 4.44e-01  2e-01  3e-01 4:14.6
termination on ftarget=1e-11
final/bestever f-value = 0.000000e+00 0.000000e+00
incumbent solution: [2.2060968755474155, 1.2512075814930432, 1.5190780760137306, 1.7106416775255004]
std deviation: [0.2346611497485416, 0.3383439499472427, 0.33789138866442225, 0.31878760861339883]
CMAEvolutionStrategyResult(xbest=array([2.08380395, 1.17948281, 1.61546398, 1.81751392]), fbest=0.0, evals_best=194, evaluations=200, iterations=25, xfavorite=array([2.20609688, 1.25120758, 1.51907808, 1.71064168]), stds=array([0.23466115, 0.33834395, 0.33789139, 0.31878761]), stop={'ftarget': 1e-11})
8 10
(4_w,8)-aCMA-ES (mu_w=2.6,w_1=52%) in dimension 4 (seed=701764, Sun Jun 13 22:03:36 2021)
Iterat #Fevals   function value  axis ratio  sigma  min&max std  t[m:s]
    1      8 2.239583333333334e-01 1.0e+00 1.39e+00  1e+00  1e+00 0:10.3
    2     16 2.330729166666666e-01 1.2e+00 1.21e+00  1e+00  1e+00 0:20.5
    3     24 6.510416666666663e-02 1.3e+00 1.26e+00  1e+00  1e+00 0:31.0
    4     32 1.718750000000000e-01 1.4e+00 9.77e-01  8e-01  9e-01 0:41.1
    5     40 4.557291666666663e-02 1.4e+00 8.70e-01  7e-01  8e-01 0:51.2
    6     48 3.255208333333337e-02 1.5e+00 7.65e-01  6e-01  7e-01 1:01.1
    7     56 9.114583333333370e-03 1.7e+00 7.95e-01  5e-01  8e-01 1:11.1
    8     64 1.562500000000000e-02 1.7e+00 7.25e-01  5e-01  7e-01 1:20.8
    9     72 2.213541666666663e-02 1.8e+00 6.97e-01  4e-01  6e-01 1:31.4
   10     80 6.119791666666663e-02 2.0e+00 7.15e-01  4e-01  6e-01 1:41.3
   11     88 7.552083333333337e-02 2.0e+00 6.34e-01  4e-01  6e-01 1:51.3
   13    104 5.208333333333370e-03 2.2e+00 4.90e-01  3e-01  4e-01 2:11.2
   15    120 0.000000000000000e+00 2.1e+00 3.90e-01  2e-01  3e-01 2:31.3
termination on ftarget=1e-11
final/bestever f-value = 0.000000e+00 0.000000e+00
incumbent solution: [2.2635563399254828, 3.5121770759200976, 1.182500022701601, 4.222125657488829]
std deviation: [0.20442347916664394, 0.23875598045330734, 0.20824036595439147, 0.2998159068566055]
CMAEvolutionStrategyResult(xbest=array([2.17956625, 3.43847502, 1.21280486, 4.47845241]), fbest=0.0, evals_best=118, evaluations=120, iterations=15, xfavorite=array([2.26355634, 3.51217708, 1.18250002, 4.22212566]), stds=array([0.20442348, 0.23875598, 0.20824037, 0.29981591]), stop={'ftarget': 1e-11})
9 10
(4_w,8)-aCMA-ES (mu_w=2.6,w_1=52%) in dimension 4 (seed=722169, Sun Jun 13 22:06:07 2021)
Iterat #Fevals   function value  axis ratio  sigma  min&max std  t[m:s]
    1      8 1.953125000000000e-01 1.0e+00 1.23e+00  1e+00  1e+00 0:10.2
    2     16 2.565104166666666e-01 1.2e+00 1.15e+00  1e+00  1e+00 0:20.5
    3     24 4.687500000000000e-02 1.2e+00 1.23e+00  1e+00  1e+00 0:30.4
    4     32 1.393229166666666e-01 1.5e+00 1.18e+00  9e-01  1e+00 0:41.5
    5     40 1.471354166666666e-01 1.8e+00 1.13e+00  8e-01  1e+00 0:51.4
    6     48 1.614583333333334e-01 1.9e+00 9.88e-01  6e-01  1e+00 1:01.6
    7     56 8.333333333333337e-02 2.3e+00 1.02e+00  6e-01  1e+00 1:12.0
    8     64 8.203125000000000e-02 2.9e+00 9.20e-01  6e-01  1e+00 1:22.9
    9     72 1.419270833333334e-01 2.9e+00 9.43e-01  6e-01  1e+00 1:32.9
   10     80 1.119791666666666e-01 3.2e+00 7.71e-01  4e-01  9e-01 1:43.7
   11     88 1.250000000000000e-01 3.1e+00 7.18e-01  4e-01  7e-01 1:54.1
   13    104 5.078125000000000e-02 2.4e+00 7.87e-01  5e-01  6e-01 2:14.6
   15    120 3.255208333333337e-02 2.4e+00 7.99e-01  5e-01  6e-01 2:34.7
   17    136 2.734375000000000e-02 2.5e+00 8.61e-01  5e-01  7e-01 2:54.8
   19    152 3.906250000000000e-03 2.6e+00 8.37e-01  5e-01  7e-01 3:14.8
   21    168 3.906250000000000e-03 3.5e+00 6.20e-01  3e-01  4e-01 3:35.6
   23    184 1.302083333333370e-03 3.8e+00 4.71e-01  2e-01  3e-01 3:56.2
   25    200 1.302083333333370e-03 3.7e+00 3.51e-01  1e-01  2e-01 4:16.1
   26    208 0.000000000000000e+00 3.6e+00 3.09e-01  1e-01  2e-01 4:26.3
termination on ftarget=1e-11
final/bestever f-value = 0.000000e+00 0.000000e+00
incumbent solution: [5.175882062223514, 1.7273180772401016, -2.8525043408264876, 2.5274369016396445]
std deviation: [0.11698877691410103, 0.16107874760397659, 0.17450727127334006, 0.16937122560766585]
CMAEvolutionStrategyResult(xbest=array([ 5.1338376 ,  1.7083225 , -2.95778111,  2.52904713]), fbest=0.0, evals_best=206, evaluations=208, iterations=26, xfavorite=array([ 5.17588206,  1.72731808, -2.85250434,  2.5274369 ]), stds=array([0.11698878, 0.16107875, 0.17450727, 0.16937123]), stop={'ftarget': 1e-11})
