0 10
(4_w,8)-aCMA-ES (mu_w=2.6,w_1=52%) in dimension 4 (seed=721432, Sun Jun 13 21:41:44 2021)
circuitVTD.py:339: DeprecationWarning: The QuantumCircuit.__add__() method is being deprecated.Use the compose() method which is more flexible w.r.t circuit register compatibility.
  TrotterFixStepList.append(TrotterFixStepList[-1] + U_trot)
/home/nfb1/.local/lib/python3.7/site-packages/qiskit/circuit/quantumcircuit.py:869: DeprecationWarning: The QuantumCircuit.combine() method is being deprecated. Use the compose() method which is more flexible w.r.t circuit register compatibility.
  return self.combine(rhs)
circuitVTD.py:170: DeprecationWarning: The QuantumCircuit.__iadd__() method is being deprecated. Use the compose() (potentially with the inplace=True argument) and tensor() methods which are more flexible w.r.t circuit register compatibility.
  circ += U_v_prime
/home/nfb1/.local/lib/python3.7/site-packages/qiskit/circuit/quantumcircuit.py:876: DeprecationWarning: The QuantumCircuit.extend() method is being deprecated. Use the compose() (potentially with the inplace=True argument) and tensor() methods which are more flexible w.r.t circuit register compatibility.
  return self.extend(rhs)
Iterat #Fevals   function value  axis ratio  sigma  min&max std  t[m:s]
    1      8 4.651387532552087e-02 1.0e+00 1.63e+00  1e+00  2e+00 0:13.3
    2     16 2.538553873697916e-01 1.3e+00 1.42e+00  1e+00  2e+00 0:25.8
    3     24 1.056620279947916e-01 1.4e+00 1.54e+00  1e+00  2e+00 0:38.5
    4     32 1.845804850260413e-02 1.8e+00 1.26e+00  1e+00  2e+00 0:51.2
    5     40 4.414367675781250e-02 2.0e+00 1.28e+00  1e+00  2e+00 1:04.4
    6     48 2.040100097656250e-02 2.3e+00 1.09e+00  8e-01  1e+00 1:17.8
    7     56 2.143351236979163e-02 2.2e+00 8.96e-01  6e-01  1e+00 1:30.7
    8     64 4.797363281250000e-02 2.2e+00 8.00e-01  5e-01  8e-01 1:44.0
    9     72 9.500630696614587e-02 2.0e+00 7.13e-01  4e-01  7e-01 1:56.9
   10     80 7.238769531250000e-02 2.0e+00 6.20e-01  4e-01  6e-01 2:09.9
   11     88 8.345031738281250e-02 2.0e+00 6.75e-01  4e-01  6e-01 2:23.0
   12     96 1.384989420572913e-02 2.1e+00 5.95e-01  4e-01  6e-01 2:36.0
   13    104 2.938842773437500e-02 2.2e+00 5.06e-01  3e-01  5e-01 2:49.2
   14    112 6.668090820312500e-03 2.3e+00 4.41e-01  2e-01  4e-01 3:02.6
   16    128 1.118469238281250e-02 2.4e+00 2.92e-01  2e-01  2e-01 3:27.8
   18    144 1.413981119791630e-03 2.5e+00 2.44e-01  1e-01  2e-01 3:54.2
   20    160 3.000895182291297e-04 2.7e+00 2.43e-01  1e-01  2e-01 4:20.2
   22    176 6.256103515625000e-04 3.4e+00 1.88e-01  9e-02  1e-01 4:45.9
   24    192 4.323323567708703e-04 3.7e+00 1.54e-01  6e-02  9e-02 5:11.8
   26    208 1.220703125000000e-04 3.1e+00 1.07e-01  4e-02  6e-02 5:37.5
   28    224 2.899169921875000e-04 3.0e+00 9.46e-02  4e-02  5e-02 6:02.8
   30    240 7.120768229162966e-05 3.5e+00 7.80e-02  3e-02  4e-02 6:28.5
   32    256 1.017252604162966e-05 3.7e+00 6.57e-02  2e-02  4e-02 6:54.4
   34    272 3.560384114587034e-05 4.5e+00 6.60e-02  2e-02  4e-02 7:20.2
   36    288 2.034505208337034e-05 5.1e+00 6.03e-02  2e-02  3e-02 7:46.6
   38    304 5.086263020870341e-06 5.5e+00 5.70e-02  1e-02  3e-02 8:11.8
   40    320 0.000000000000000e+00 8.2e+00 6.28e-02  1e-02  4e-02 8:38.7
termination on ftarget=1e-11
final/bestever f-value = 0.000000e+00 0.000000e+00
incumbent solution: [-0.19646136270370157, 2.9435775057378053, 1.7759375745496884, -1.0997207159792994]
std deviation: [0.014070575214824623, 0.04040799092064407, 0.014461878893672314, 0.04205972987694613]
CMAEvolutionStrategyResult(xbest=array([-0.19814537,  2.92989023,  1.77418787, -1.08289109]), fbest=0.0, evals_best=316, evaluations=320, iterations=40, xfavorite=array([-0.19646136,  2.94357751,  1.77593757, -1.09972072]), stds=array([0.01407058, 0.04040799, 0.01446188, 0.04205973]), stop={'ftarget': 1e-11})
1 10
(4_w,8)-aCMA-ES (mu_w=2.6,w_1=52%) in dimension 4 (seed=751573, Sun Jun 13 21:50:23 2021)
Iterat #Fevals   function value  axis ratio  sigma  min&max std  t[m:s]
    1      8 1.921437581380209e-01 1.0e+00 1.50e+00  1e+00  2e+00 0:14.4
    2     16 2.201995849609375e-01 1.4e+00 1.46e+00  1e+00  2e+00 0:28.6
    3     24 5.034891764322913e-02 1.5e+00 1.90e+00  2e+00  2e+00 0:42.4
    4     32 1.672363281250000e-01 1.7e+00 1.81e+00  1e+00  2e+00 0:56.6
    5     40 2.024943033854166e-01 2.3e+00 1.60e+00  1e+00  2e+00 1:10.7
    6     48 1.811370849609375e-01 2.5e+00 1.66e+00  1e+00  2e+00 1:24.5
    7     56 9.241739908854130e-03 2.8e+00 1.60e+00  1e+00  2e+00 1:38.6
    8     64 1.324462890625000e-01 2.8e+00 1.45e+00  9e-01  2e+00 1:52.7
    9     72 1.107228597005209e-01 2.5e+00 1.25e+00  7e-01  2e+00 2:06.5
   10     80 4.544576009114587e-02 2.7e+00 1.00e+00  6e-01  1e+00 2:20.6
   11     88 1.166585286458334e-01 2.5e+00 9.90e-01  6e-01  1e+00 2:35.4
   12     96 2.871704101562500e-02 2.5e+00 1.02e+00  5e-01  1e+00 2:49.5
   13    104 9.674072265625000e-03 3.1e+00 9.70e-01  5e-01  1e+00 3:03.6
   14    112 4.330952962239587e-02 3.1e+00 9.70e-01  5e-01  1e+00 3:17.7
   15    120 5.237325032552087e-02 3.2e+00 9.02e-01  5e-01  1e+00 3:32.3
   17    136 1.898193359375000e-02 3.1e+00 6.62e-01  3e-01  6e-01 4:00.6
   19    152 2.177429199218750e-02 2.9e+00 5.01e-01  2e-01  4e-01 4:29.2
   21    168 1.437886555989587e-02 2.9e+00 4.32e-01  2e-01  3e-01 4:57.5
   23    184 1.352945963541663e-02 3.4e+00 4.35e-01  2e-01  4e-01 5:25.7
   25    200 1.303100585937500e-02 4.5e+00 4.28e-01  2e-01  3e-01 5:54.3
   27    216 5.549112955729130e-03 3.9e+00 6.24e-01  2e-01  4e-01 6:22.2
   29    232 7.629394531250000e-04 4.5e+00 5.63e-01  2e-01  3e-01 6:50.9
   31    248 2.970377604166630e-03 4.6e+00 4.56e-01  1e-01  3e-01 7:20.6
   33    264 3.214518229166630e-03 5.1e+00 3.52e-01  1e-01  2e-01 7:48.8
   35    280 1.602172851562500e-03 6.0e+00 3.34e-01  1e-01  2e-01 8:18.0
   37    296 2.899169921875000e-04 6.4e+00 3.61e-01  1e-01  2e-01 8:45.8
   39    312 9.409586588541297e-04 6.1e+00 4.66e-01  2e-01  2e-01 9:14.0
   41    328 1.597086588541630e-03 6.0e+00 4.60e-01  2e-01  2e-01 9:42.6
   43    344 7.629394531250000e-04 6.3e+00 3.69e-01  1e-01  2e-01 10:11.4
   46    368 1.169840494791297e-04 7.1e+00 3.19e-01  1e-01  1e-01 10:53.8
   49    392 7.629394531250000e-05 9.1e+00 2.27e-01  8e-02  1e-01 11:37.8
   52    416 2.034505208337034e-05 9.8e+00 1.48e-01  5e-02  6e-02 12:20.0
   55    440 0.000000000000000e+00 9.7e+00 9.88e-02  3e-02  4e-02 13:01.9
termination on ftarget=1e-11
final/bestever f-value = 0.000000e+00 0.000000e+00
incumbent solution: [1.609590726585622, -4.767409398386761, 8.500913366018354, 1.199861214525583]
std deviation: [0.03201936682647677, 0.030044794739647048, 0.0329007602143096, 0.0383639642410213]
CMAEvolutionStrategyResult(xbest=array([ 1.60921764, -4.77497127,  8.50380973,  1.21188444]), fbest=0.0, evals_best=440, evaluations=440, iterations=55, xfavorite=array([ 1.60959073, -4.7674094 ,  8.50091337,  1.19986121]), stds=array([0.03201937, 0.03004479, 0.03290076, 0.03836396]), stop={'ftarget': 1e-11})
2 10
(4_w,8)-aCMA-ES (mu_w=2.6,w_1=52%) in dimension 4 (seed=682973, Sun Jun 13 22:03:25 2021)
Iterat #Fevals   function value  axis ratio  sigma  min&max std  t[m:s]
    1      8 9.889729817708337e-02 1.0e+00 1.69e+00  2e+00  2e+00 0:14.6
    2     16 3.150431315104163e-02 1.4e+00 1.69e+00  2e+00  2e+00 0:28.2
    3     24 9.535217285156250e-02 1.3e+00 1.60e+00  1e+00  2e+00 0:42.3
    4     32 1.750030517578125e-01 1.6e+00 1.59e+00  1e+00  2e+00 0:56.6
    5     40 2.863210042317709e-01 1.6e+00 1.53e+00  1e+00  2e+00 1:11.5
    6     48 8.071899414062500e-02 1.6e+00 1.28e+00  1e+00  1e+00 1:25.6
    7     56 1.917012532552087e-02 1.6e+00 1.11e+00  8e-01  1e+00 1:39.7
    8     64 9.127298990885413e-02 1.8e+00 8.95e-01  7e-01  9e-01 1:53.8
    9     72 6.270345052083337e-02 1.9e+00 7.30e-01  5e-01  7e-01 2:07.8
   10     80 4.469299316406250e-02 1.9e+00 6.47e-01  4e-01  6e-01 2:21.9
   11     88 5.930582682291630e-03 1.9e+00 5.72e-01  3e-01  5e-01 2:35.8
   12     96 1.634216308593750e-02 1.9e+00 6.25e-01  3e-01  6e-01 2:49.9
   13    104 3.824869791666630e-03 2.2e+00 5.68e-01  3e-01  6e-01 3:03.5
   14    112 8.168538411458370e-03 2.2e+00 5.08e-01  2e-01  5e-01 3:17.8
   15    120 4.506429036458370e-03 2.7e+00 4.13e-01  2e-01  4e-01 3:32.3
   17    136 7.832845052083703e-04 2.7e+00 3.11e-01  1e-01  3e-01 4:00.5
   19    152 3.341674804687500e-03 2.3e+00 2.53e-01  1e-01  2e-01 4:29.7
   21    168 5.645751953125000e-04 2.7e+00 2.24e-01  9e-02  2e-01 4:58.3
   23    184 2.644856770833703e-04 3.0e+00 1.62e-01  5e-02  1e-01 5:26.2
   25    200 3.611246744791297e-04 3.2e+00 1.09e-01  3e-02  9e-02 5:54.5
   27    216 0.000000000000000e+00 3.7e+00 7.33e-02  2e-02  6e-02 6:24.0
termination on ftarget=1e-11
final/bestever f-value = 0.000000e+00 0.000000e+00
incumbent solution: [4.631059297611176, 1.6702388454085435, -0.827207490263154, 8.056705546395659]
std deviation: [0.0174951805520058, 0.02387052663612545, 0.05805491207565452, 0.023364056873204284]
CMAEvolutionStrategyResult(xbest=array([ 4.63214456,  1.66914421, -0.81265708,  8.06151857]), fbest=0.0, evals_best=215, evaluations=216, iterations=27, xfavorite=array([ 4.6310593 ,  1.67023885, -0.82720749,  8.05670555]), stds=array([0.01749518, 0.02387053, 0.05805491, 0.02336406]), stop={'ftarget': 1e-11})
3 10
(4_w,8)-aCMA-ES (mu_w=2.6,w_1=52%) in dimension 4 (seed=770980, Sun Jun 13 22:09:49 2021)
Iterat #Fevals   function value  axis ratio  sigma  min&max std  t[m:s]
    1      8 1.917521158854163e-02 1.0e+00 1.56e+00  1e+00  2e+00 0:14.3
    2     16 1.653493245442709e-01 1.4e+00 1.55e+00  1e+00  2e+00 0:28.0
    3     24 5.935668945312500e-03 1.6e+00 1.59e+00  1e+00  2e+00 0:42.1
    4     32 9.675089518229163e-02 1.7e+00 1.57e+00  2e+00  2e+00 0:56.2
    5     40 4.676818847656250e-02 1.7e+00 1.47e+00  1e+00  2e+00 1:10.7
    6     48 9.924316406250000e-02 1.9e+00 1.28e+00  1e+00  2e+00 1:24.7
    7     56 1.646067301432291e-01 2.0e+00 1.16e+00  1e+00  1e+00 1:38.5
    8     64 2.302042643229166e-01 2.3e+00 1.16e+00  1e+00  1e+00 1:52.3
    9     72 1.801554361979166e-01 2.5e+00 1.28e+00  1e+00  2e+00 2:06.3
   10     80 1.633707682291666e-01 2.6e+00 1.37e+00  1e+00  2e+00 2:20.4
   11     88 1.142171223958334e-01 2.7e+00 1.24e+00  1e+00  2e+00 2:34.5
   12     96 3.369649251302087e-02 2.5e+00 1.25e+00  1e+00  1e+00 2:48.5
   13    104 9.134928385416663e-02 2.3e+00 1.02e+00  8e-01  1e+00 3:03.4
   14    112 6.231689453125000e-02 2.4e+00 8.37e-01  6e-01  9e-01 3:17.4
   15    120 3.103637695312500e-02 2.3e+00 7.55e-01  5e-01  8e-01 3:31.7
   17    136 1.669820149739587e-02 2.5e+00 6.62e-01  5e-01  7e-01 3:59.9
   19    152 1.572163899739587e-02 2.4e+00 6.85e-01  5e-01  6e-01 4:28.3
   21    168 4.063415527343750e-02 3.3e+00 6.53e-01  5e-01  6e-01 4:56.5
   23    184 1.223754882812500e-02 3.5e+00 5.41e-01  4e-01  5e-01 5:25.0
   25    200 9.063720703125000e-03 4.2e+00 4.11e-01  2e-01  4e-01 5:53.8
   27    216 3.138224283854130e-03 4.1e+00 3.15e-01  2e-01  3e-01 6:22.3
   29    232 9.358723958333703e-04 4.3e+00 2.62e-01  1e-01  2e-01 6:51.0
   31    248 5.849202473958703e-04 4.6e+00 2.17e-01  9e-02  2e-01 7:20.4
   33    264 9.663899739587034e-05 4.6e+00 1.45e-01  5e-02  1e-01 7:49.1
   35    280 6.612141927087034e-05 4.4e+00 1.09e-01  4e-02  7e-02 8:17.5
   37    296 6.103515625000000e-05 6.5e+00 1.40e-01  5e-02  1e-01 8:45.7
   39    312 1.017252604166297e-04 8.7e+00 1.34e-01  4e-02  1e-01 9:14.6
   41    328 3.051757812500000e-05 8.7e+00 1.04e-01  3e-02  8e-02 9:42.3
   43    344 1.017252604162966e-05 9.7e+00 1.08e-01  3e-02  1e-01 10:10.7
   46    368 2.034505208337034e-05 1.2e+01 9.34e-02  2e-02  8e-02 10:53.4
   49    392 7.120768229162966e-05 1.4e+01 8.15e-02  2e-02  7e-02 11:36.0
   52    416 1.017252604162966e-05 1.3e+01 5.99e-02  1e-02  6e-02 12:19.9
   53    424 0.000000000000000e+00 1.7e+01 6.55e-02  1e-02  7e-02 12:34.1
termination on ftarget=1e-11
final/bestever f-value = 0.000000e+00 0.000000e+00
incumbent solution: [3.7266485304875236, -1.287111096882672, 4.725433426782707, 4.782816637258597]
std deviation: [0.011502743231193241, 0.04768578210030395, 0.06731203604666199, 0.04937528770925845]
CMAEvolutionStrategyResult(xbest=array([ 3.72619688, -1.29329971,  4.73141693,  4.78537092]), fbest=0.0, evals_best=417, evaluations=424, iterations=53, xfavorite=array([ 3.72664853, -1.2871111 ,  4.72543343,  4.78281664]), stds=array([0.01150274, 0.04768578, 0.06731204, 0.04937529]), stop={'ftarget': 1e-11})
4 10
(4_w,8)-aCMA-ES (mu_w=2.6,w_1=52%) in dimension 4 (seed=724234, Sun Jun 13 22:22:23 2021)
Iterat #Fevals   function value  axis ratio  sigma  min&max std  t[m:s]
    1      8 1.895192464192709e-01 1.0e+00 1.52e+00  1e+00  2e+00 0:14.0
    2     16 1.912078857421875e-01 1.2e+00 1.51e+00  1e+00  2e+00 0:28.5
    3     24 6.590779622395837e-02 1.4e+00 1.87e+00  2e+00  2e+00 0:42.1
    4     32 2.842559814453125e-01 1.8e+00 2.12e+00  2e+00  2e+00 0:56.3
    5     40 1.005706787109375e-01 1.8e+00 2.59e+00  2e+00  3e+00 1:10.4
    6     48 8.305358886718750e-02 2.0e+00 3.27e+00  2e+00  5e+00 1:25.4
    7     56 1.663411458333334e-01 2.5e+00 4.07e+00  3e+00  7e+00 1:39.1
    8     64 1.284128824869791e-01 2.8e+00 4.78e+00  3e+00  9e+00 1:53.0
    9     72 1.129557291666666e-01 3.3e+00 5.10e+00  4e+00  1e+01 2:07.3
   10     80 2.939453125000000e-01 3.5e+00 5.59e+00  4e+00  1e+01 2:21.5
   11     88 6.353251139322913e-02 3.9e+00 5.64e+00  4e+00  1e+01 2:35.8
   12     96 1.317087809244791e-01 4.4e+00 5.43e+00  3e+00  1e+01 2:50.1
   13    104 1.421813964843750e-01 4.8e+00 4.70e+00  2e+00  1e+01 3:04.6
   14    112 9.855651855468750e-02 5.3e+00 5.24e+00  3e+00  1e+01 3:19.4
   15    120 2.268371582031250e-01 6.4e+00 4.57e+00  2e+00  1e+01 3:34.1
   17    136 1.381429036458337e-02 6.1e+00 3.21e+00  1e+00  7e+00 4:02.5
   19    152 3.519999186197916e-01 8.0e+00 2.58e+00  1e+00  6e+00 4:31.2
   21    168 9.365336100260413e-02 8.1e+00 2.23e+00  8e-01  5e+00 5:00.2
   23    184 5.983988444010413e-02 1.0e+01 2.87e+00  1e+00  7e+00 5:29.0
   25    200 1.315358479817709e-01 1.1e+01 2.92e+00  1e+00  8e+00 5:57.1
   27    216 3.254699707031250e-02 1.3e+01 2.40e+00  9e-01  6e+00 6:25.4
   29    232 4.438273111979163e-02 1.4e+01 2.14e+00  9e-01  6e+00 6:53.4
   31    248 1.905975341796875e-01 1.7e+01 1.84e+00  8e-01  5e+00 7:22.3
   33    264 4.939270019531250e-02 1.7e+01 1.69e+00  8e-01  5e+00 7:50.7
   35    280 8.102925618489587e-02 2.5e+01 2.29e+00  1e+00  8e+00 8:19.4
   37    296 1.805623372395834e-01 2.6e+01 3.33e+00  2e+00  1e+01 8:47.3
   39    312 3.225708007812500e-02 2.3e+01 3.09e+00  2e+00  8e+00 9:16.6
   41    328 1.939239501953125e-01 2.0e+01 2.47e+00  1e+00  7e+00 9:45.6
   44    352 6.794230143229163e-02 2.3e+01 2.82e+00  1e+00  7e+00 10:27.3
   47    376 5.458577473958337e-02 2.9e+01 2.58e+00  1e+00  7e+00 11:10.3
   50    400 5.958048502604163e-02 3.8e+01 2.56e+00  1e+00  7e+00 11:52.8
   53    424 2.742665608723959e-01 3.8e+01 3.80e+00  2e+00  9e+00 12:35.7
   56    448 1.876525878906250e-01 3.6e+01 6.52e+00  3e+00  1e+01 13:18.1
   59    472 2.662607828776041e-01 3.0e+01 7.34e+00  3e+00  1e+01 14:00.9
   62    496 2.454121907552087e-02 3.0e+01 9.33e+00  3e+00  2e+01 14:44.0
   65    520 1.833241780598959e-01 3.9e+01 1.10e+01  5e+00  2e+01 15:25.7
   68    544 3.507334391276041e-01 4.4e+01 9.25e+00  3e+00  2e+01 16:08.4
   71    568 2.874654134114584e-01 3.5e+01 8.00e+00  3e+00  1e+01 16:50.9
   74    592 5.081176757812500e-02 3.1e+01 8.31e+00  3e+00  1e+01 17:33.5
   77    616 9.190368652343750e-02 3.3e+01 7.05e+00  2e+00  1e+01 18:15.5
   80    640 2.761433919270834e-01 3.9e+01 6.53e+00  2e+00  1e+01 18:57.2
   83    664 1.314392089843750e-01 3.9e+01 4.66e+00  1e+00  7e+00 19:41.0
   86    688 9.651184082031250e-02 3.9e+01 3.95e+00  9e-01  5e+00 20:23.9
   90    720 1.867675781250000e-02 4.0e+01 3.37e+00  7e-01  4e+00 21:20.2
   94    752 6.106058756510413e-02 3.2e+01 3.15e+00  5e-01  3e+00 22:16.9
   98    784 9.007771809895870e-03 2.2e+01 3.44e+00  5e-01  3e+00 23:13.1
  100    800 3.198750813802087e-02 1.7e+01 3.48e+00  4e-01  2e+00 23:41.1
termination on maxiter=100
final/bestever f-value = 3.198751e-02 9.007772e-03
incumbent solution: [42.229637234748566, 10.652632961517863, -12.028475895948855, 62.66344217112408]
std deviation: [1.624505294437694, 0.37543733750351765, 0.8304104254186306, 2.15968372045402]
CMAEvolutionStrategyResult(xbest=array([ 41.50850449,  10.82574581, -11.31451154,  64.36613206]), fbest=0.00900777180989587, evals_best=782, evaluations=800, iterations=100, xfavorite=array([ 42.22963723,  10.65263296, -12.0284759 ,  62.66344217]), stds=array([1.62450529, 0.37543734, 0.83041043, 2.15968372]), stop={'maxiter': 100})
5 10
(4_w,8)-aCMA-ES (mu_w=2.6,w_1=52%) in dimension 4 (seed=807713, Sun Jun 13 22:46:04 2021)
Iterat #Fevals   function value  axis ratio  sigma  min&max std  t[m:s]
    1      8 9.595743815104163e-02 1.0e+00 1.36e+00  1e+00  1e+00 0:14.4
    2     16 3.085835774739587e-02 1.2e+00 1.57e+00  1e+00  2e+00 0:28.8
    3     24 6.887817382812500e-02 1.7e+00 1.46e+00  1e+00  2e+00 0:42.5
    4     32 1.234334309895834e-01 2.0e+00 1.47e+00  1e+00  2e+00 0:56.9
    5     40 8.095804850260413e-02 2.6e+00 1.70e+00  1e+00  2e+00 1:12.1
    6     48 1.135355631510416e-01 2.9e+00 1.90e+00  2e+00  2e+00 1:26.1
    7     56 6.399536132812500e-02 3.4e+00 1.66e+00  2e+00  2e+00 1:40.3
    8     64 1.086985270182291e-01 3.6e+00 1.52e+00  1e+00  2e+00 1:53.7
    9     72 2.496541341145834e-01 3.3e+00 1.68e+00  2e+00  2e+00 2:08.2
   10     80 9.829711914062500e-02 4.9e+00 1.66e+00  2e+00  2e+00 2:22.0
   11     88 1.626790364583334e-01 5.2e+00 1.51e+00  2e+00  2e+00 2:35.7
   12     96 1.343892415364584e-01 4.7e+00 1.29e+00  1e+00  2e+00 2:49.6
   13    104 4.852294921875000e-02 4.9e+00 1.32e+00  1e+00  2e+00 3:03.4
   14    112 6.878153483072913e-02 5.4e+00 1.48e+00  1e+00  2e+00 3:17.5
   15    120 5.879720052083370e-03 5.5e+00 1.42e+00  1e+00  2e+00 3:31.6
   17    136 5.369567871093750e-02 7.5e+00 1.49e+00  1e+00  2e+00 4:00.3
   19    152 5.334981282552087e-02 8.2e+00 1.27e+00  1e+00  2e+00 4:27.6
   21    168 5.956013997395837e-02 9.6e+00 1.13e+00  9e-01  2e+00 4:56.1
   23    184 5.795796712239587e-02 9.7e+00 9.23e-01  6e-01  1e+00 5:23.7
   25    200 2.902730305989587e-02 1.1e+01 9.60e-01  6e-01  1e+00 5:53.3
   27    216 1.760355631510413e-02 7.6e+00 7.30e-01  4e-01  8e-01 6:21.3
   29    232 3.499348958333370e-03 6.8e+00 5.33e-01  3e-01  6e-01 6:49.0
   31    248 9.399414062500000e-03 6.3e+00 4.46e-01  2e-01  4e-01 7:17.4
   33    264 2.273559570312500e-03 6.3e+00 4.44e-01  2e-01  4e-01 7:45.3
   35    280 2.141316731770870e-03 5.7e+00 3.06e-01  1e-01  2e-01 8:12.9
   37    296 5.696614583333703e-04 6.3e+00 3.02e-01  1e-01  2e-01 8:42.9
   39    312 5.544026692708703e-04 6.1e+00 3.18e-01  1e-01  2e-01 9:10.8
   41    328 2.543131510416297e-04 4.9e+00 3.68e-01  1e-01  2e-01 9:38.9
   43    344 7.781982421875000e-04 5.8e+00 3.13e-01  1e-01  2e-01 10:07.5
   46    368 2.848307291666297e-04 6.9e+00 2.21e-01  8e-02  1e-01 10:48.6
   49    392 3.865559895833703e-04 7.4e+00 1.86e-01  6e-02  1e-01 11:31.0
   52    416 1.017252604162966e-05 9.8e+00 1.32e-01  5e-02  7e-02 12:13.6
   55    440 2.034505208337034e-05 1.0e+01 9.72e-02  3e-02  4e-02 12:56.3
   57    456 0.000000000000000e+00 9.5e+00 7.45e-02  2e-02  3e-02 13:25.1
termination on ftarget=1e-11
final/bestever f-value = 0.000000e+00 0.000000e+00
incumbent solution: [7.009779223944885, 10.504939973073588, 5.688525934135858, -5.001890663437674]
std deviation: [0.021044687107674293, 0.03254738802397505, 0.02793234309867305, 0.030576771608489595]
CMAEvolutionStrategyResult(xbest=array([ 6.99770874, 10.46111299,  5.71512559, -4.96404102]), fbest=0.0, evals_best=449, evaluations=456, iterations=57, xfavorite=array([ 7.00977922, 10.50493997,  5.68852593, -5.00189066]), stds=array([0.02104469, 0.03254739, 0.02793234, 0.03057677]), stop={'ftarget': 1e-11})
6 10
(4_w,8)-aCMA-ES (mu_w=2.6,w_1=52%) in dimension 4 (seed=779795, Sun Jun 13 22:59:29 2021)
Iterat #Fevals   function value  axis ratio  sigma  min&max std  t[m:s]
    1      8 7.881164550781250e-02 1.0e+00 1.32e+00  1e+00  1e+00 0:14.1
    2     16 4.278564453125000e-02 1.3e+00 1.14e+00  1e+00  1e+00 0:28.3
    3     24 3.389485677083337e-02 1.4e+00 1.12e+00  1e+00  1e+00 0:42.4
    4     32 4.496256510416663e-02 1.7e+00 1.00e+00  8e-01  1e+00 0:56.5
    5     40 6.016540527343750e-02 2.1e+00 9.52e-01  8e-01  1e+00 1:10.0
    6     48 3.839619954427087e-02 2.4e+00 7.55e-01  6e-01  7e-01 1:23.8
    7     56 2.022806803385413e-02 2.3e+00 7.01e-01  5e-01  7e-01 1:38.1
    8     64 1.988220214843750e-02 2.6e+00 6.36e-01  5e-01  6e-01 1:52.7
    9     72 9.211222330729130e-03 2.6e+00 5.70e-01  4e-01  5e-01 2:06.3
   10     80 7.303873697916630e-03 2.8e+00 5.29e-01  3e-01  5e-01 2:20.4
   11     88 9.877522786458370e-03 3.2e+00 4.67e-01  3e-01  5e-01 2:34.5
   12     96 9.902954101562500e-03 3.4e+00 4.27e-01  3e-01  4e-01 2:48.9
   13    104 4.536946614583370e-03 3.2e+00 4.22e-01  3e-01  4e-01 3:02.4
   14    112 5.544026692708703e-04 3.2e+00 4.28e-01  2e-01  4e-01 3:16.1
   15    120 1.703898111979130e-03 3.0e+00 4.02e-01  2e-01  4e-01 3:30.3
   17    136 8.138020833337034e-05 3.2e+00 3.21e-01  2e-01  3e-01 3:58.8
   19    152 1.322428385416297e-04 3.1e+00 2.51e-01  1e-01  2e-01 4:26.9
   21    168 1.220703125000000e-03 2.9e+00 2.12e-01  8e-02  1e-01 4:54.8
   23    184 2.644856770833703e-04 3.2e+00 1.72e-01  7e-02  1e-01 5:23.4
   25    200 2.034505208337034e-05 3.7e+00 1.56e-01  6e-02  8e-02 5:52.0
   27    216 8.138020833337034e-05 4.1e+00 1.33e-01  5e-02  8e-02 6:20.0
   29    232 3.560384114587034e-05 4.7e+00 1.04e-01  3e-02  6e-02 6:49.0
   31    248 3.051757812500000e-05 5.4e+00 7.27e-02  2e-02  4e-02 7:17.1
   33    264 0.000000000000000e+00 5.4e+00 5.67e-02  2e-02  3e-02 7:45.2
termination on ftarget=1e-11
final/bestever f-value = 0.000000e+00 0.000000e+00
incumbent solution: [-1.77833611162623, 0.7900703801723715, 1.8850741974884972, 7.037465786680645]
std deviation: [0.017504326495205915, 0.01555421970827465, 0.028567556913005013, 0.017434897447595785]
CMAEvolutionStrategyResult(xbest=array([-1.78239927,  0.79868241,  1.89611733,  7.02941162]), fbest=0.0, evals_best=264, evaluations=264, iterations=33, xfavorite=array([-1.77833611,  0.79007038,  1.8850742 ,  7.03746579]), stds=array([0.01750433, 0.01555422, 0.02856756, 0.0174349 ]), stop={'ftarget': 1e-11})
7 10
(4_w,8)-aCMA-ES (mu_w=2.6,w_1=52%) in dimension 4 (seed=732598, Sun Jun 13 23:07:15 2021)
Iterat #Fevals   function value  axis ratio  sigma  min&max std  t[m:s]
    1      8 8.023579915364587e-02 1.0e+00 1.49e+00  1e+00  2e+00 0:14.0
    2     16 1.077779134114584e-01 1.3e+00 1.52e+00  1e+00  2e+00 0:28.1
    3     24 8.346557617187500e-03 1.2e+00 1.38e+00  1e+00  1e+00 0:42.7
    4     32 2.073059082031250e-01 1.3e+00 1.28e+00  1e+00  1e+00 0:57.4
    5     40 2.698771158854163e-02 1.5e+00 1.19e+00  9e-01  1e+00 1:11.7
    6     48 5.905151367187500e-03 1.6e+00 9.97e-01  7e-01  1e+00 1:26.3
    7     56 8.981831868489587e-02 1.7e+00 8.09e-01  5e-01  8e-01 1:41.5
    8     64 7.615661621093750e-02 1.8e+00 7.22e-01  5e-01  7e-01 1:55.7
    9     72 1.496378580729163e-02 1.9e+00 7.24e-01  4e-01  7e-01 2:09.6
   10     80 6.149291992187500e-03 1.8e+00 6.78e-01  4e-01  6e-01 2:23.3
   11     88 5.270385742187500e-02 1.8e+00 6.47e-01  4e-01  6e-01 2:37.3
   12     96 1.393636067708370e-03 1.9e+00 6.45e-01  4e-01  6e-01 2:51.6
   13    104 4.486083984375000e-03 2.0e+00 5.53e-01  3e-01  5e-01 3:05.9
   14    112 9.918212890625000e-04 2.2e+00 4.73e-01  3e-01  4e-01 3:20.0
   15    120 1.134236653645870e-03 2.6e+00 3.77e-01  2e-01  3e-01 3:34.2
   17    136 3.377278645833370e-03 2.6e+00 2.69e-01  1e-01  2e-01 4:02.5
   19    152 9.663899739583703e-04 3.2e+00 2.12e-01  1e-01  2e-01 4:30.5
   21    168 2.339680989583703e-04 3.8e+00 1.90e-01  8e-02  2e-01 4:58.7
   23    184 2.543131510412966e-05 5.0e+00 1.40e-01  5e-02  1e-01 5:26.8
   25    200 5.086263020870341e-06 4.5e+00 1.05e-01  3e-02  8e-02 5:55.3
   27    216 5.086263020837034e-05 6.2e+00 8.98e-02  2e-02  8e-02 6:23.4
   29    232 1.017252604162966e-05 7.4e+00 6.65e-02  1e-02  6e-02 6:51.9
   31    248 0.000000000000000e+00 8.7e+00 5.68e-02  1e-02  6e-02 7:20.4
termination on ftarget=1e-11
final/bestever f-value = 0.000000e+00 0.000000e+00
incumbent solution: [2.322285574042935, 2.654230719244462, 0.21838838158673907, 6.705625922787765]
std deviation: [0.03325479786086265, 0.009825322439142768, 0.03388876859078806, 0.05505396729645821]
CMAEvolutionStrategyResult(xbest=array([2.32567166, 2.65023997, 0.22149318, 6.7095549 ]), fbest=0.0, evals_best=244, evaluations=248, iterations=31, xfavorite=array([2.32228557, 2.65423072, 0.21838838, 6.70562592]), stds=array([0.0332548 , 0.00982532, 0.03388877, 0.05505397]), stop={'ftarget': 1e-11})
8 10
(4_w,8)-aCMA-ES (mu_w=2.6,w_1=52%) in dimension 4 (seed=790712, Sun Jun 13 23:14:35 2021)
Iterat #Fevals   function value  axis ratio  sigma  min&max std  t[m:s]
    1      8 9.533691406250000e-02 1.0e+00 1.52e+00  1e+00  2e+00 0:14.1
    2     16 8.121744791666663e-02 1.3e+00 1.36e+00  1e+00  1e+00 0:28.2
    3     24 1.219889322916666e-01 1.5e+00 1.34e+00  1e+00  1e+00 0:42.5
    4     32 3.661092122395837e-02 1.8e+00 1.19e+00  9e-01  1e+00 0:57.1
    5     40 1.060791015625000e-01 2.1e+00 1.32e+00  1e+00  1e+00 1:11.3
    6     48 7.762145996093750e-02 2.2e+00 1.02e+00  8e-01  1e+00 1:25.6
    7     56 6.343587239583337e-02 2.3e+00 9.70e-01  7e-01  1e+00 1:40.4
    8     64 5.681864420572913e-02 2.4e+00 8.65e-01  6e-01  9e-01 1:54.8
    9     72 1.695251464843750e-02 2.6e+00 9.41e-01  7e-01  1e+00 2:09.1
   10     80 5.520629882812500e-02 2.3e+00 1.39e+00  1e+00  1e+00 2:23.8
   11     88 9.748840332031250e-02 2.5e+00 1.46e+00  1e+00  1e+00 2:38.0
   12     96 6.729125976562500e-02 2.5e+00 1.59e+00  1e+00  1e+00 2:52.0
   13    104 2.369435628255209e-01 2.5e+00 1.74e+00  1e+00  2e+00 3:06.4
   14    112 2.610270182291663e-02 2.6e+00 1.51e+00  1e+00  1e+00 3:21.0
   16    128 7.013448079427087e-02 2.6e+00 1.42e+00  9e-01  2e+00 3:49.0
   18    144 4.788208007812500e-02 2.4e+00 1.25e+00  7e-01  1e+00 4:18.0
   20    160 1.141357421875000e-02 2.2e+00 1.14e+00  6e-01  1e+00 4:46.2
   22    176 3.153483072916663e-02 3.3e+00 9.63e-01  4e-01  7e-01 5:15.1
   24    192 6.286621093750000e-03 2.9e+00 7.58e-01  3e-01  6e-01 5:43.8
   26    208 5.223592122395870e-03 3.0e+00 5.65e-01  2e-01  4e-01 6:12.1
   28    224 4.776000976562500e-03 3.0e+00 5.00e-01  2e-01  4e-01 6:41.2
   30    240 8.646647135416297e-04 3.2e+00 3.37e-01  9e-02  2e-01 7:09.6
   32    256 8.646647135412966e-05 3.3e+00 2.78e-01  8e-02  2e-01 7:37.7
   34    272 4.069010416666297e-04 3.8e+00 2.65e-01  7e-02  2e-01 8:05.8
   36    288 3.356933593750000e-04 4.2e+00 1.98e-01  4e-02  1e-01 8:33.9
   38    304 6.612141927087034e-05 4.6e+00 1.39e-01  2e-02  8e-02 9:01.9
   40    320 1.525878906250000e-05 4.6e+00 1.16e-01  2e-02  6e-02 9:31.2
   42    336 2.034505208337034e-05 4.9e+00 9.33e-02  1e-02  5e-02 9:59.3
   44    352 0.000000000000000e+00 5.1e+00 6.90e-02  9e-03  4e-02 10:27.6
termination on ftarget=1e-11
final/bestever f-value = 0.000000e+00 0.000000e+00
incumbent solution: [3.74977335987628, 6.879366567986923, -2.2467094194690675, 2.6737221498725807]
std deviation: [0.03662946898043683, 0.018715299187255334, 0.020837546759992474, 0.009126079349648169]
CMAEvolutionStrategyResult(xbest=array([ 3.7286829 ,  6.88964084, -2.26354645,  2.67417733]), fbest=0.0, evals_best=347, evaluations=352, iterations=44, xfavorite=array([ 3.74977336,  6.87936657, -2.24670942,  2.67372215]), stds=array([0.03662947, 0.0187153 , 0.02083755, 0.00912608]), stop={'ftarget': 1e-11})
9 10
(4_w,8)-aCMA-ES (mu_w=2.6,w_1=52%) in dimension 4 (seed=671631, Sun Jun 13 23:25:03 2021)
Iterat #Fevals   function value  axis ratio  sigma  min&max std  t[m:s]
    1      8 2.165222167968750e-01 1.0e+00 1.67e+00  2e+00  2e+00 0:14.2
    2     16 2.256062825520834e-01 1.3e+00 1.45e+00  1e+00  2e+00 0:28.3
    3     24 2.133789062500000e-01 1.3e+00 1.42e+00  1e+00  2e+00 0:42.3
    4     32 2.536671956380209e-01 1.4e+00 1.22e+00  9e-01  1e+00 0:56.1
    5     40 5.764261881510413e-02 1.5e+00 1.03e+00  8e-01  1e+00 1:10.3
    6     48 9.997049967447913e-02 1.7e+00 8.17e-01  6e-01  9e-01 1:24.4
    7     56 1.135915120442709e-01 1.7e+00 7.60e-01  5e-01  9e-01 1:38.5
    8     64 1.072184244791663e-02 2.1e+00 8.18e-01  6e-01  9e-01 1:53.1
    9     72 2.136230468750000e-03 2.4e+00 9.47e-01  7e-01  1e+00 2:07.4
   10     80 4.399617513020870e-03 2.5e+00 8.82e-01  6e-01  1e+00 2:21.6
   11     88 6.566365559895870e-03 2.7e+00 7.50e-01  5e-01  8e-01 2:35.6
   12     96 1.803588867187500e-02 2.8e+00 6.32e-01  4e-01  7e-01 2:49.7
   13    104 1.144409179687500e-02 2.8e+00 5.88e-01  3e-01  6e-01 3:03.8
   14    112 3.763834635416630e-03 3.1e+00 4.90e-01  3e-01  5e-01 3:17.8
   15    120 6.098429361979130e-03 2.8e+00 4.50e-01  2e-01  4e-01 3:32.5
   17    136 6.149291992187500e-03 3.7e+00 3.06e-01  2e-01  3e-01 4:01.1
   19    152 1.200358072916630e-03 4.8e+00 2.77e-01  1e-01  3e-01 4:28.8
   21    168 5.137125651041297e-04 5.4e+00 2.37e-01  1e-01  2e-01 4:56.8
   23    184 4.425048828125000e-04 5.5e+00 1.98e-01  7e-02  2e-01 5:24.9
   25    200 1.831054687500000e-04 5.5e+00 1.67e-01  6e-02  1e-01 5:53.3
   27    216 5.594889322912966e-05 6.0e+00 1.36e-01  4e-02  1e-01 6:21.2
   29    232 3.560384114587034e-05 4.9e+00 9.29e-02  2e-02  7e-02 6:49.3
   31    248 2.034505208337034e-05 5.1e+00 6.48e-02  1e-02  5e-02 7:17.9
   33    264 5.086263020870341e-06 5.2e+00 5.13e-02  1e-02  3e-02 7:45.9
   35    280 1.017252604162966e-05 5.7e+00 4.83e-02  1e-02  3e-02 8:14.0
   36    288 0.000000000000000e+00 5.5e+00 3.76e-02  7e-03  2e-02 8:27.8
termination on ftarget=1e-11
final/bestever f-value = 0.000000e+00 0.000000e+00
incumbent solution: [5.035218291078006, 2.2552237574176965, -4.665478249633124, 2.4787705895065426]
std deviation: [0.007244220915459477, 0.009009243437358514, 0.021547684696293312, 0.00728807022401315]
CMAEvolutionStrategyResult(xbest=array([ 5.03634616,  2.25637743, -4.65201678,  2.47380986]), fbest=0.0, evals_best=283, evaluations=288, iterations=36, xfavorite=array([ 5.03521829,  2.25522376, -4.66547825,  2.47877059]), stds=array([0.00724422, 0.00900924, 0.02154768, 0.00728807]), stop={'ftarget': 1e-11})
