0 10
(4_w,8)-aCMA-ES (mu_w=2.6,w_1=52%) in dimension 4 (seed=744226, Sun Jun 13 21:40:46 2021)
circuitVTD.py:339: DeprecationWarning: The QuantumCircuit.__add__() method is being deprecated.Use the compose() method which is more flexible w.r.t circuit register compatibility.
  TrotterFixStepList.append(TrotterFixStepList[-1] + U_trot)
/home/nfb1/.local/lib/python3.7/site-packages/qiskit/circuit/quantumcircuit.py:869: DeprecationWarning: The QuantumCircuit.combine() method is being deprecated. Use the compose() method which is more flexible w.r.t circuit register compatibility.
  return self.combine(rhs)
circuitVTD.py:170: DeprecationWarning: The QuantumCircuit.__iadd__() method is being deprecated. Use the compose() (potentially with the inplace=True argument) and tensor() methods which are more flexible w.r.t circuit register compatibility.
  circ += U_v_prime
/home/nfb1/.local/lib/python3.7/site-packages/qiskit/circuit/quantumcircuit.py:876: DeprecationWarning: The QuantumCircuit.extend() method is being deprecated. Use the compose() (potentially with the inplace=True argument) and tensor() methods which are more flexible w.r.t circuit register compatibility.
  return self.extend(rhs)
Iterat #Fevals   function value  axis ratio  sigma  min&max std  t[m:s]
    1      8 9.960937500000000e-02 1.0e+00 1.48e+00  1e+00  2e+00 0:09.1
    2     16 1.510416666666666e-01 1.3e+00 1.26e+00  1e+00  1e+00 0:18.7
    3     24 1.582031250000000e-01 1.4e+00 1.27e+00  9e-01  1e+00 0:27.4
    4     32 8.203125000000000e-02 1.6e+00 1.19e+00  9e-01  1e+00 0:37.0
    5     40 7.291666666666663e-02 1.7e+00 1.04e+00  8e-01  1e+00 0:46.8
    6     48 2.604166666666663e-02 1.6e+00 9.53e-01  6e-01  8e-01 0:56.2
    7     56 4.231770833333337e-02 1.5e+00 8.06e-01  5e-01  7e-01 1:05.1
    8     64 4.296875000000000e-02 1.7e+00 7.50e-01  5e-01  7e-01 1:15.0
    9     72 5.598958333333337e-02 1.9e+00 6.13e-01  4e-01  5e-01 1:23.7
   11     88 7.812500000000000e-03 2.0e+00 4.33e-01  2e-01  3e-01 1:41.6
   13    104 7.812500000000000e-03 2.4e+00 4.20e-01  2e-01  3e-01 1:59.4
   15    120 1.497395833333337e-02 2.7e+00 4.10e-01  2e-01  4e-01 2:17.4
   17    136 1.302083333333370e-03 3.2e+00 2.87e-01  1e-01  2e-01 2:35.6
   18    144 0.000000000000000e+00 3.5e+00 2.70e-01  1e-01  2e-01 2:44.7
termination on ftarget=1e-11
final/bestever f-value = 0.000000e+00 0.000000e+00
incumbent solution: [6.183509944662772, 4.591577492694317, 1.6255633527751037, 3.501908780808711]
std deviation: [0.13816221940145887, 0.1951193766250579, 0.1338734394424546, 0.22164394750764613]
CMAEvolutionStrategyResult(xbest=array([6.18229052, 4.53968042, 1.60763242, 3.59533395]), fbest=0.0, evals_best=141, evaluations=144, iterations=18, xfavorite=array([6.18350994, 4.59157749, 1.62556335, 3.50190878]), stds=array([0.13816222, 0.19511938, 0.13387344, 0.22164395]), stop={'ftarget': 1e-11})
1 10
(4_w,8)-aCMA-ES (mu_w=2.6,w_1=52%) in dimension 4 (seed=759623, Sun Jun 13 21:43:31 2021)
Iterat #Fevals   function value  axis ratio  sigma  min&max std  t[m:s]
    1      8 6.640625000000000e-02 1.0e+00 1.40e+00  1e+00  1e+00 0:10.6
    2     16 1.393229166666666e-01 1.2e+00 1.27e+00  1e+00  1e+00 0:20.4
    3     24 1.204427083333334e-01 1.3e+00 1.10e+00  9e-01  1e+00 0:30.4
    4     32 6.510416666666663e-02 1.4e+00 9.79e-01  8e-01  9e-01 0:40.1
    5     40 5.013020833333337e-02 1.5e+00 8.35e-01  6e-01  7e-01 0:50.7
    6     48 4.296875000000000e-02 1.6e+00 9.25e-01  7e-01  9e-01 1:00.5
    7     56 1.302083333333370e-03 1.8e+00 8.54e-01  6e-01  8e-01 1:10.5
    8     64 1.497395833333337e-02 1.8e+00 7.00e-01  5e-01  6e-01 1:20.6
    9     72 1.497395833333337e-02 2.0e+00 6.18e-01  4e-01  6e-01 1:30.3
   10     80 4.557291666666630e-03 2.1e+00 5.38e-01  3e-01  5e-01 1:40.6
   11     88 5.208333333333370e-03 2.2e+00 4.88e-01  3e-01  4e-01 1:50.8
   13    104 1.432291666666663e-02 2.3e+00 5.67e-01  3e-01  5e-01 2:11.9
   15    120 6.510416666666630e-03 2.3e+00 4.59e-01  2e-01  4e-01 2:32.5
   17    136 6.510416666666297e-04 2.7e+00 3.18e-01  1e-01  3e-01 2:52.1
   18    144 0.000000000000000e+00 3.0e+00 2.81e-01  9e-02  2e-01 3:02.1
termination on ftarget=1e-11
final/bestever f-value = 0.000000e+00 0.000000e+00
incumbent solution: [-0.8256292477653383, 5.858798564785557, 3.413294996267017, 2.5836303323420338]
std deviation: [0.21880492764932966, 0.15325956706222332, 0.09490916418628981, 0.15547524613006897]
CMAEvolutionStrategyResult(xbest=array([-0.85765049,  5.85809052,  3.42230287,  2.55047017]), fbest=0.0, evals_best=139, evaluations=144, iterations=18, xfavorite=array([-0.82562925,  5.85879856,  3.413295  ,  2.58363033]), stds=array([0.21880493, 0.15325957, 0.09490916, 0.15547525]), stop={'ftarget': 1e-11})
2 10
(4_w,8)-aCMA-ES (mu_w=2.6,w_1=52%) in dimension 4 (seed=778143, Sun Jun 13 21:46:33 2021)
Iterat #Fevals   function value  axis ratio  sigma  min&max std  t[m:s]
    1      8 1.302083333333334e-01 1.0e+00 1.98e+00  2e+00  2e+00 0:10.2
    2     16 9.375000000000000e-02 1.3e+00 2.27e+00  2e+00  2e+00 0:20.7
    3     24 1.360677083333334e-01 1.3e+00 2.85e+00  3e+00  3e+00 0:30.8
    4     32 1.562500000000000e-02 1.4e+00 2.71e+00  2e+00  3e+00 0:41.0
    5     40 2.682291666666666e-01 1.5e+00 2.69e+00  2e+00  3e+00 0:51.2
    6     48 9.114583333333337e-02 1.5e+00 3.32e+00  3e+00  4e+00 1:01.0
    7     56 7.226562500000000e-02 2.0e+00 3.87e+00  4e+00  5e+00 1:11.4
    8     64 7.421875000000000e-02 2.0e+00 4.22e+00  4e+00  6e+00 1:21.7
    9     72 2.701822916666666e-01 2.1e+00 4.42e+00  4e+00  7e+00 1:32.0
   10     80 1.627604166666666e-01 2.3e+00 4.20e+00  3e+00  6e+00 1:42.2
   12     96 1.686197916666666e-01 2.2e+00 3.33e+00  3e+00  4e+00 2:02.3
   14    112 3.059895833333334e-01 2.4e+00 3.59e+00  2e+00  6e+00 2:23.0
   16    128 8.854166666666663e-02 3.2e+00 3.70e+00  2e+00  5e+00 2:44.2
   18    144 5.859375000000000e-02 2.8e+00 2.84e+00  2e+00  4e+00 3:04.8
   20    160 1.171875000000000e-01 2.9e+00 2.86e+00  2e+00  4e+00 3:25.3
   22    176 2.324218750000000e-01 2.8e+00 3.01e+00  2e+00  4e+00 3:46.4
   24    192 2.389322916666666e-01 2.7e+00 3.21e+00  2e+00  5e+00 4:07.1
   26    208 2.057291666666666e-01 3.7e+00 3.92e+00  2e+00  6e+00 4:27.0
   28    224 1.816406250000000e-01 4.0e+00 3.98e+00  2e+00  7e+00 4:47.9
   30    240 1.315104166666666e-01 4.9e+00 3.26e+00  2e+00  6e+00 5:08.1
   32    256 1.223958333333334e-01 4.2e+00 3.23e+00  2e+00  5e+00 5:28.6
   35    280 1.035156250000000e-01 4.8e+00 2.23e+00  1e+00  3e+00 5:59.9
   38    304 1.692708333333337e-02 6.2e+00 1.89e+00  8e-01  3e+00 6:30.9
   41    328 2.148437500000000e-01 6.5e+00 1.34e+00  5e-01  2e+00 7:01.7
   44    352 4.231770833333337e-02 6.7e+00 9.51e-01  3e-01  1e+00 7:33.0
   47    376 1.953125000000000e-02 6.1e+00 8.19e-01  2e-01  8e-01 8:03.2
   50    400 9.114583333333370e-03 4.0e+00 8.08e-01  2e-01  6e-01 8:33.6
   53    424 9.765625000000000e-03 3.6e+00 6.45e-01  2e-01  4e-01 9:04.3
   56    448 6.510416666666297e-04 2.7e+00 3.73e-01  1e-01  2e-01 9:34.6
   58    464 0.000000000000000e+00 2.3e+00 3.11e-01  8e-02  1e-01 9:54.6
termination on ftarget=1e-11
final/bestever f-value = 0.000000e+00 0.000000e+00
incumbent solution: [17.03640112688812, -10.62539502536999, 0.3386228512235879, -11.036561788963148]
std deviation: [0.12232274286436073, 0.08049746402571856, 0.0878538985239595, 0.09817866626887858]
CMAEvolutionStrategyResult(xbest=array([ 17.03247198, -10.60580701,   0.28799241, -11.09635754]), fbest=0.0, evals_best=458, evaluations=464, iterations=58, xfavorite=array([ 17.03640113, -10.62539503,   0.33862285, -11.03656179]), stds=array([0.12232274, 0.08049746, 0.0878539 , 0.09817867]), stop={'ftarget': 1e-11})
3 10
(4_w,8)-aCMA-ES (mu_w=2.6,w_1=52%) in dimension 4 (seed=746972, Sun Jun 13 21:56:28 2021)
Iterat #Fevals   function value  axis ratio  sigma  min&max std  t[m:s]
    1      8 2.356770833333334e-01 1.0e+00 1.42e+00  1e+00  1e+00 0:10.2
    2     16 5.013020833333337e-02 1.2e+00 1.32e+00  1e+00  1e+00 0:20.9
    3     24 7.877604166666663e-02 1.4e+00 1.26e+00  1e+00  2e+00 0:31.0
    4     32 1.510416666666666e-01 1.7e+00 1.24e+00  1e+00  1e+00 0:41.5
    5     40 2.994791666666663e-02 1.6e+00 1.13e+00  9e-01  1e+00 0:52.0
    6     48 1.458333333333334e-01 2.0e+00 1.29e+00  9e-01  2e+00 1:02.1
    7     56 3.320312500000000e-02 2.4e+00 1.17e+00  9e-01  1e+00 1:12.4
    8     64 5.013020833333337e-02 2.2e+00 1.12e+00  8e-01  1e+00 1:22.1
    9     72 1.809895833333334e-01 2.3e+00 1.02e+00  7e-01  1e+00 1:32.3
   10     80 3.255208333333337e-02 2.7e+00 8.52e-01  6e-01  1e+00 1:42.2
   11     88 1.972656250000000e-01 2.8e+00 7.85e-01  5e-01  1e+00 1:52.8
   13    104 1.432291666666663e-02 3.0e+00 7.10e-01  5e-01  1e+00 2:12.7
   15    120 2.994791666666663e-02 3.2e+00 7.92e-01  5e-01  1e+00 2:33.5
   17    136 6.770833333333337e-02 3.4e+00 8.37e-01  5e-01  1e+00 2:54.2
   19    152 1.367187500000000e-02 2.9e+00 5.70e-01  3e-01  6e-01 3:14.3
   21    168 7.812500000000000e-03 3.1e+00 6.68e-01  4e-01  6e-01 3:34.9
   23    184 7.812500000000000e-03 2.8e+00 4.92e-01  3e-01  4e-01 3:54.9
   25    200 3.906250000000000e-03 3.1e+00 4.43e-01  3e-01  3e-01 4:14.6
   27    216 6.510416666666297e-04 2.6e+00 3.88e-01  2e-01  3e-01 4:35.0
   28    224 0.000000000000000e+00 2.6e+00 3.46e-01  2e-01  3e-01 4:45.1
termination on ftarget=1e-11
final/bestever f-value = 0.000000e+00 0.000000e+00
incumbent solution: [-1.094515249007445, 0.9127507914130164, 2.7060807371133064, -2.724006994243614]
std deviation: [0.2096917060008237, 0.22240045287668453, 0.18557090413806185, 0.2509437817974377]
CMAEvolutionStrategyResult(xbest=array([-1.16273102,  0.81206055,  2.72207791, -2.67919559]), fbest=0.0, evals_best=224, evaluations=224, iterations=28, xfavorite=array([-1.09451525,  0.91275079,  2.70608074, -2.72400699]), stds=array([0.20969171, 0.22240045, 0.1855709 , 0.25094378]), stop={'ftarget': 1e-11})
4 10
(4_w,8)-aCMA-ES (mu_w=2.6,w_1=52%) in dimension 4 (seed=731893, Sun Jun 13 22:01:13 2021)
Iterat #Fevals   function value  axis ratio  sigma  min&max std  t[m:s]
    1      8 7.877604166666663e-02 1.0e+00 1.53e+00  1e+00  2e+00 0:10.2
    2     16 9.309895833333337e-02 1.4e+00 1.24e+00  1e+00  1e+00 0:20.3
    3     24 1.562500000000000e-02 1.4e+00 1.08e+00  9e-01  1e+00 0:31.4
    4     32 1.953125000000000e-02 1.5e+00 1.03e+00  7e-01  1e+00 0:41.8
    5     40 3.450520833333337e-02 1.7e+00 1.11e+00  7e-01  1e+00 0:52.5
    6     48 1.412760416666666e-01 2.3e+00 1.18e+00  8e-01  1e+00 1:02.2
    7     56 3.710937500000000e-02 2.6e+00 1.02e+00  6e-01  1e+00 1:12.7
    8     64 5.143229166666663e-02 2.7e+00 8.51e-01  5e-01  1e+00 1:23.5
    9     72 3.776041666666663e-02 3.1e+00 7.30e-01  4e-01  9e-01 1:34.0
   10     80 1.627604166666663e-02 3.3e+00 8.47e-01  5e-01  1e+00 1:43.9
   11     88 5.143229166666663e-02 3.4e+00 9.33e-01  5e-01  1e+00 1:54.4
   13    104 2.669270833333337e-02 3.4e+00 7.31e-01  4e-01  7e-01 2:15.0
   15    120 2.018229166666663e-02 3.5e+00 7.43e-01  4e-01  7e-01 2:35.6
   17    136 3.255208333333370e-03 3.8e+00 5.40e-01  3e-01  5e-01 2:56.3
   19    152 5.208333333333370e-03 3.9e+00 5.53e-01  3e-01  5e-01 3:16.5
   21    168 5.859375000000000e-03 3.7e+00 3.98e-01  2e-01  3e-01 3:36.8
   23    184 6.510416666666630e-03 4.3e+00 2.68e-01  1e-01  2e-01 3:57.3
   25    200 5.208333333333370e-03 4.0e+00 2.44e-01  1e-01  1e-01 4:17.9
   27    216 5.859375000000000e-03 4.1e+00 2.22e-01  8e-02  1e-01 4:38.3
   29    232 3.255208333333370e-03 4.2e+00 2.42e-01  9e-02  1e-01 4:59.0
   32    256 3.255208333333370e-03 5.0e+00 1.52e-01  5e-02  8e-02 5:29.1
   35    280 2.604166666666630e-03 5.3e+00 1.64e-01  6e-02  8e-02 5:59.9
   38    304 3.906250000000000e-03 5.0e+00 1.68e-01  6e-02  8e-02 6:31.8
   41    328 2.604166666666630e-03 5.9e+00 1.24e-01  4e-02  6e-02 7:02.5
   44    352 1.953125000000000e-03 7.4e+00 9.16e-02  3e-02  4e-02 7:32.9
   47    376 4.557291666666630e-03 5.7e+00 7.52e-02  2e-02  3e-02 8:03.5
   50    400 1.302083333333370e-03 4.4e+00 6.21e-02  2e-02  2e-02 8:34.0
   53    424 2.604166666666630e-03 4.6e+00 7.12e-02  2e-02  3e-02 9:04.7
   56    448 3.906250000000000e-03 4.2e+00 4.79e-02  9e-03  2e-02 9:35.3
   59    472 3.906250000000000e-03 4.3e+00 5.70e-02  9e-03  2e-02 10:05.5
   62    496 2.604166666666630e-03 6.9e+00 7.82e-02  2e-02  3e-02 10:36.1
   65    520 4.557291666666630e-03 5.5e+00 7.16e-02  1e-02  2e-02 11:08.2
   69    552 3.255208333333370e-03 5.9e+00 6.39e-02  1e-02  2e-02 11:49.3
   73    584 1.953125000000000e-03 9.8e+00 4.86e-02  8e-03  1e-02 12:30.8
   77    616 2.604166666666630e-03 1.3e+01 5.75e-02  1e-02  2e-02 13:13.5
   81    648 3.906250000000000e-03 1.0e+01 8.05e-02  1e-02  2e-02 13:55.5
   85    680 5.208333333333370e-03 1.2e+01 4.96e-02  8e-03  1e-02 14:37.2
   89    712 4.557291666666630e-03 1.7e+01 4.86e-02  8e-03  1e-02 15:18.6
   93    744 3.255208333333370e-03 2.0e+01 6.12e-02  1e-02  2e-02 15:59.5
   94    752 0.000000000000000e+00 2.0e+01 8.66e-02  2e-02  3e-02 16:09.6
termination on ftarget=1e-11
final/bestever f-value = 0.000000e+00 0.000000e+00
incumbent solution: [5.1960038442834975, 5.040400874874395, 5.795383970392187, 5.0339635435377525]
std deviation: [0.026155743762089838, 0.01621695448356403, 0.025615929073131177, 0.019224183996398192]
CMAEvolutionStrategyResult(xbest=array([5.19551639, 5.04083628, 5.79732466, 5.03400716]), fbest=0.0, evals_best=747, evaluations=752, iterations=94, xfavorite=array([5.19600384, 5.04040087, 5.79538397, 5.03396354]), stds=array([0.02615574, 0.01621695, 0.02561593, 0.01922418]), stop={'ftarget': 1e-11})
5 10
(4_w,8)-aCMA-ES (mu_w=2.6,w_1=52%) in dimension 4 (seed=677316, Sun Jun 13 22:17:23 2021)
Iterat #Fevals   function value  axis ratio  sigma  min&max std  t[m:s]
    1      8 8.268229166666663e-02 1.0e+00 1.51e+00  1e+00  2e+00 0:09.7
    2     16 5.338541666666663e-02 1.3e+00 1.31e+00  1e+00  1e+00 0:19.8
    3     24 5.924479166666663e-02 1.4e+00 1.36e+00  1e+00  1e+00 0:29.5
    4     32 2.018229166666663e-02 1.5e+00 1.25e+00  1e+00  1e+00 0:39.9
    5     40 1.953125000000000e-02 1.6e+00 1.08e+00  9e-01  1e+00 0:50.3
    6     48 1.236979166666663e-02 1.8e+00 9.75e-01  8e-01  1e+00 1:00.7
    7     56 1.302083333333337e-02 2.0e+00 9.15e-01  7e-01  9e-01 1:11.5
    8     64 9.765625000000000e-03 2.1e+00 7.66e-01  6e-01  7e-01 1:21.6
    9     72 3.580729166666663e-02 2.3e+00 6.87e-01  5e-01  6e-01 1:31.7
   10     80 0.000000000000000e+00 2.7e+00 6.05e-01  5e-01  5e-01 1:42.0
termination on ftarget=1e-11
final/bestever f-value = 0.000000e+00 0.000000e+00
incumbent solution: [5.592890178051498, -0.16634387305956622, 6.480443626649711, -0.5903324456713676]
std deviation: [0.495785861562733, 0.5477643461402371, 0.49259712681449763, 0.4509779278626422]
CMAEvolutionStrategyResult(xbest=array([ 5.68610588,  0.05836799,  6.24686353, -0.71320169]), fbest=0.0, evals_best=80, evaluations=80, iterations=10, xfavorite=array([ 5.59289018, -0.16634387,  6.48044363, -0.59033245]), stds=array([0.49578586, 0.54776435, 0.49259713, 0.45097793]), stop={'ftarget': 1e-11})
6 10
(4_w,8)-aCMA-ES (mu_w=2.6,w_1=52%) in dimension 4 (seed=738173, Sun Jun 13 22:19:05 2021)
Iterat #Fevals   function value  axis ratio  sigma  min&max std  t[m:s]
    1      8 5.859375000000000e-02 1.0e+00 1.48e+00  1e+00  2e+00 0:11.1
    2     16 6.835937500000000e-02 1.2e+00 1.67e+00  2e+00  2e+00 0:21.4
    3     24 2.050781250000000e-01 1.3e+00 1.50e+00  1e+00  1e+00 0:32.0
    4     32 7.291666666666663e-02 1.2e+00 1.56e+00  1e+00  2e+00 0:41.5
    5     40 1.471354166666666e-01 1.2e+00 1.52e+00  1e+00  2e+00 0:52.1
    6     48 1.829427083333334e-01 1.5e+00 1.61e+00  1e+00  2e+00 1:02.3
    7     56 1.236979166666663e-02 1.6e+00 1.61e+00  1e+00  2e+00 1:12.4
    8     64 2.395833333333334e-01 1.9e+00 1.63e+00  1e+00  2e+00 1:22.8
    9     72 1.347656250000000e-01 1.8e+00 1.36e+00  1e+00  2e+00 1:33.0
   10     80 1.178385416666666e-01 2.3e+00 1.13e+00  8e-01  1e+00 1:42.9
   11     88 1.087239583333334e-01 2.5e+00 1.02e+00  8e-01  1e+00 1:53.8
   13    104 6.510416666666630e-03 2.8e+00 8.73e-01  6e-01  1e+00 2:14.2
   15    120 4.622395833333337e-02 3.4e+00 1.07e+00  8e-01  1e+00 2:34.9
   17    136 1.888020833333337e-02 3.7e+00 9.70e-01  6e-01  1e+00 2:55.3
   19    152 2.343750000000000e-02 4.9e+00 1.18e+00  9e-01  2e+00 3:15.6
   21    168 2.669270833333337e-02 5.2e+00 1.06e+00  7e-01  1e+00 3:35.7
   23    184 1.953125000000000e-02 4.5e+00 8.75e-01  6e-01  9e-01 3:56.5
   25    200 6.510416666666297e-04 4.7e+00 8.67e-01  6e-01  9e-01 4:17.7
   27    216 0.000000000000000e+00 4.7e+00 7.75e-01  4e-01  7e-01 4:37.9
termination on ftarget=1e-11
final/bestever f-value = 0.000000e+00 0.000000e+00
incumbent solution: [0.6818946938091194, 6.148191879741555, 7.48426588598142, 7.6800076943659485]
std deviation: [0.6557083905316099, 0.5255617787422723, 0.6190855594736457, 0.39586754752824743]
CMAEvolutionStrategyResult(xbest=array([0.69639482, 6.00553469, 7.61592627, 7.876049  ]), fbest=0.0, evals_best=216, evaluations=216, iterations=27, xfavorite=array([0.68189469, 6.14819188, 7.48426589, 7.68000769]), stds=array([0.65570839, 0.52556178, 0.61908556, 0.39586755]), stop={'ftarget': 1e-11})
7 10
(4_w,8)-aCMA-ES (mu_w=2.6,w_1=52%) in dimension 4 (seed=732158, Sun Jun 13 22:23:43 2021)
Iterat #Fevals   function value  axis ratio  sigma  min&max std  t[m:s]
    1      8 8.138020833333337e-02 1.0e+00 1.74e+00  2e+00  2e+00 0:10.0
    2     16 1.276041666666666e-01 1.4e+00 1.39e+00  1e+00  1e+00 0:20.7
    3     24 1.035156250000000e-01 1.5e+00 1.66e+00  1e+00  2e+00 0:31.0
    4     32 2.975260416666666e-01 1.7e+00 1.67e+00  2e+00  2e+00 0:40.8
    5     40 9.830729166666663e-02 2.0e+00 1.51e+00  1e+00  2e+00 0:51.3
    6     48 8.268229166666663e-02 2.3e+00 1.34e+00  1e+00  2e+00 1:01.7
    7     56 1.888020833333337e-02 2.3e+00 1.38e+00  1e+00  2e+00 1:11.9
    8     64 2.473958333333337e-02 2.1e+00 1.39e+00  1e+00  2e+00 1:22.2
    9     72 2.539062500000000e-02 2.2e+00 1.30e+00  9e-01  1e+00 1:33.0
   10     80 3.125000000000000e-02 2.0e+00 1.18e+00  8e-01  1e+00 1:42.7
   11     88 7.226562500000000e-02 2.2e+00 9.72e-01  5e-01  1e+00 1:52.9
   13    104 1.822916666666663e-02 2.4e+00 6.96e-01  4e-01  7e-01 2:13.7
   15    120 3.906250000000000e-03 2.9e+00 4.98e-01  3e-01  5e-01 2:33.4
   17    136 2.604166666666630e-03 3.4e+00 4.07e-01  2e-01  4e-01 2:54.2
   19    152 8.463541666666630e-03 3.4e+00 3.51e-01  2e-01  3e-01 3:15.4
   20    160 0.000000000000000e+00 3.4e+00 3.07e-01  1e-01  3e-01 3:26.7
termination on ftarget=1e-11
final/bestever f-value = 0.000000e+00 0.000000e+00
incumbent solution: [3.6134108494721615, 5.830077839752447, 3.104001726365751, 2.2539472588155594]
std deviation: [0.2929234840278678, 0.14325421861010332, 0.16152849401867728, 0.14541383409572625]
CMAEvolutionStrategyResult(xbest=array([3.60237114, 5.78121846, 3.13289887, 2.23277709]), fbest=0.0, evals_best=159, evaluations=160, iterations=20, xfavorite=array([3.61341085, 5.83007784, 3.10400173, 2.25394726]), stds=array([0.29292348, 0.14325422, 0.16152849, 0.14541383]), stop={'ftarget': 1e-11})
8 10
(4_w,8)-aCMA-ES (mu_w=2.6,w_1=52%) in dimension 4 (seed=829973, Sun Jun 13 22:27:09 2021)
Iterat #Fevals   function value  axis ratio  sigma  min&max std  t[m:s]
    1      8 3.645833333333337e-02 1.0e+00 1.70e+00  2e+00  2e+00 0:10.4
    2     16 1.158854166666666e-01 1.4e+00 1.78e+00  2e+00  2e+00 0:20.2
    3     24 2.604166666666663e-02 1.7e+00 1.56e+00  1e+00  2e+00 0:30.3
    4     32 6.705729166666663e-02 1.8e+00 1.70e+00  1e+00  2e+00 0:40.4
    5     40 3.125000000000000e-02 1.9e+00 1.64e+00  1e+00  2e+00 0:50.5
    6     48 1.692708333333334e-01 2.0e+00 1.54e+00  1e+00  2e+00 1:00.5
    7     56 8.854166666666663e-02 2.3e+00 1.32e+00  1e+00  2e+00 1:10.5
    8     64 1.067708333333334e-01 2.5e+00 1.11e+00  9e-01  1e+00 1:20.3
    9     72 9.114583333333337e-02 2.6e+00 1.23e+00  9e-01  2e+00 1:30.3
   10     80 8.463541666666630e-03 3.2e+00 1.14e+00  8e-01  2e+00 1:40.8
   11     88 1.757812500000000e-02 3.3e+00 1.06e+00  7e-01  1e+00 1:51.1
   13    104 8.658854166666663e-02 3.4e+00 8.31e-01  5e-01  1e+00 2:11.6
   15    120 6.510416666666630e-03 3.3e+00 7.15e-01  4e-01  9e-01 2:32.1
   17    136 2.213541666666663e-02 3.9e+00 5.57e-01  3e-01  7e-01 2:52.4
   19    152 6.510416666666630e-03 4.3e+00 4.57e-01  2e-01  5e-01 3:13.8
   21    168 6.510416666666297e-04 4.5e+00 5.15e-01  2e-01  6e-01 3:34.4
   23    184 4.557291666666630e-03 4.3e+00 3.27e-01  1e-01  3e-01 3:55.1
   24    192 0.000000000000000e+00 4.7e+00 2.68e-01  1e-01  3e-01 4:05.1
termination on ftarget=1e-11
final/bestever f-value = 0.000000e+00 0.000000e+00
incumbent solution: [-2.1453985564904032, 0.9134418374405783, 4.034259795996888, 2.0797850850723627]
std deviation: [0.2588080500497767, 0.10784533723007009, 0.17220614943018112, 0.10800723723112018]
CMAEvolutionStrategyResult(xbest=array([-2.0448097 ,  0.89502398,  4.08381389,  2.08440743]), fbest=0.0, evals_best=192, evaluations=192, iterations=24, xfavorite=array([-2.14539856,  0.91344184,  4.0342598 ,  2.07978509]), stds=array([0.25880805, 0.10784534, 0.17220615, 0.10800724]), stop={'ftarget': 1e-11})
9 10
(4_w,8)-aCMA-ES (mu_w=2.6,w_1=52%) in dimension 4 (seed=704748, Sun Jun 13 22:31:15 2021)
Iterat #Fevals   function value  axis ratio  sigma  min&max std  t[m:s]
    1      8 2.799479166666666e-01 1.0e+00 1.36e+00  1e+00  1e+00 0:10.4
    2     16 1.360677083333334e-01 1.2e+00 1.32e+00  1e+00  1e+00 0:20.8
    3     24 2.005208333333334e-01 1.4e+00 1.26e+00  1e+00  1e+00 0:31.4
    4     32 1.204427083333334e-01 1.4e+00 1.21e+00  9e-01  1e+00 0:41.6
    5     40 1.484375000000000e-01 1.7e+00 1.08e+00  8e-01  1e+00 0:51.9
    6     48 2.044270833333334e-01 1.7e+00 1.22e+00  8e-01  1e+00 1:01.7
    7     56 3.776041666666663e-02 2.2e+00 9.69e-01  5e-01  1e+00 1:12.4
    8     64 1.412760416666666e-01 2.5e+00 8.27e-01  4e-01  9e-01 1:22.8
    9     72 6.510416666666663e-02 2.7e+00 8.03e-01  5e-01  8e-01 1:33.3
   10     80 1.888020833333337e-02 2.3e+00 6.86e-01  4e-01  7e-01 1:43.4
   12     96 3.255208333333370e-03 2.0e+00 6.07e-01  3e-01  5e-01 2:03.5
   14    112 7.812500000000000e-03 2.2e+00 4.74e-01  2e-01  4e-01 2:23.7
   16    128 7.161458333333370e-03 2.3e+00 4.02e-01  2e-01  3e-01 2:45.2
   18    144 1.302083333333370e-03 2.4e+00 2.72e-01  1e-01  2e-01 3:05.5
   20    160 6.510416666666297e-04 2.4e+00 1.96e-01  7e-02  1e-01 3:26.2
   22    176 0.000000000000000e+00 2.6e+00 1.82e-01  7e-02  1e-01 3:46.9
termination on ftarget=1e-11
final/bestever f-value = 0.000000e+00 0.000000e+00
incumbent solution: [2.7585466266032306, 4.44700595883779, -0.3990913812228535, 5.001666678005687]
std deviation: [0.07558557278890202, 0.07121372656833874, 0.12013289211776629, 0.06526564148733344]
CMAEvolutionStrategyResult(xbest=array([ 2.70022897,  4.46736503, -0.38863562,  4.96401732]), fbest=0.0, evals_best=175, evaluations=176, iterations=22, xfavorite=array([ 2.75854663,  4.44700596, -0.39909138,  5.00166668]), stds=array([0.07558557, 0.07121373, 0.12013289, 0.06526564]), stop={'ftarget': 1e-11})
