0 10
(4_w,8)-aCMA-ES (mu_w=2.6,w_1=52%) in dimension 4 (seed=728846, Sun Jun 13 21:41:53 2021)
circuitVTD.py:339: DeprecationWarning: The QuantumCircuit.__add__() method is being deprecated.Use the compose() method which is more flexible w.r.t circuit register compatibility.
  TrotterFixStepList.append(TrotterFixStepList[-1] + U_trot)
/home/nfb1/.local/lib/python3.7/site-packages/qiskit/circuit/quantumcircuit.py:869: DeprecationWarning: The QuantumCircuit.combine() method is being deprecated. Use the compose() method which is more flexible w.r.t circuit register compatibility.
  return self.combine(rhs)
circuitVTD.py:170: DeprecationWarning: The QuantumCircuit.__iadd__() method is being deprecated. Use the compose() (potentially with the inplace=True argument) and tensor() methods which are more flexible w.r.t circuit register compatibility.
  circ += U_v_prime
/home/nfb1/.local/lib/python3.7/site-packages/qiskit/circuit/quantumcircuit.py:876: DeprecationWarning: The QuantumCircuit.extend() method is being deprecated. Use the compose() (potentially with the inplace=True argument) and tensor() methods which are more flexible w.r.t circuit register compatibility.
  return self.extend(rhs)
Iterat #Fevals   function value  axis ratio  sigma  min&max std  t[m:s]
    1      8 1.927591959635416e-01 1.0e+00 1.42e+00  1e+00  1e+00 0:16.9
    2     16 2.641296386718750e-02 1.3e+00 1.41e+00  1e+00  2e+00 0:33.7
    3     24 9.781138102213538e-02 1.6e+00 1.30e+00  1e+00  1e+00 0:50.6
    4     32 8.338673909505212e-02 1.8e+00 1.53e+00  1e+00  2e+00 1:07.4
    5     40 4.390462239583337e-02 1.9e+00 1.54e+00  1e+00  2e+00 1:23.7
    6     48 7.664235432942712e-02 1.9e+00 1.74e+00  1e+00  2e+00 1:40.5
    7     56 9.163920084635413e-02 2.1e+00 1.93e+00  2e+00  2e+00 1:57.4
    8     64 4.681905110677120e-03 2.2e+00 1.62e+00  1e+00  2e+00 2:14.3
    9     72 1.721801757812500e-01 2.6e+00 1.34e+00  1e+00  1e+00 2:30.9
   10     80 5.471038818359375e-02 2.6e+00 1.33e+00  1e+00  1e+00 2:47.5
   11     88 4.545338948567712e-02 2.5e+00 1.07e+00  9e-01  1e+00 3:03.9
   12     96 3.230794270833337e-02 2.7e+00 8.60e-01  7e-01  8e-01 3:20.1
   13    104 1.774851481119788e-02 3.0e+00 7.89e-01  6e-01  7e-01 3:37.3
   14    112 5.428822835286462e-02 3.4e+00 7.23e-01  5e-01  6e-01 3:54.8
   15    120 2.119700113932288e-02 3.4e+00 5.82e-01  4e-01  5e-01 4:11.8
   16    128 1.811726888020837e-02 3.7e+00 5.68e-01  4e-01  5e-01 4:28.3
   17    136 1.068115234375000e-02 4.1e+00 5.43e-01  4e-01  5e-01 4:44.7
   18    144 4.041035970052120e-03 4.3e+00 4.45e-01  3e-01  4e-01 5:02.3
   20    160 7.324218750000000e-04 4.6e+00 3.69e-01  2e-01  3e-01 5:37.1
   22    176 2.288818359375000e-05 7.0e+00 4.16e-01  2e-01  5e-01 6:10.7
   24    192 1.487731933593750e-03 7.5e+00 2.70e-01  1e-01  3e-01 6:44.4
   26    208 1.935323079427120e-03 6.5e+00 2.38e-01  9e-02  3e-01 7:18.9
   28    224 7.883707682287966e-05 7.3e+00 2.24e-01  7e-02  2e-01 7:52.6
   30    240 1.475016276041297e-04 7.3e+00 1.65e-01  5e-02  2e-01 8:26.3
   32    256 4.069010416662966e-05 9.5e+00 1.07e-01  2e-02  1e-01 8:59.9
   34    272 4.069010416662966e-05 1.0e+01 8.81e-02  2e-02  9e-02 9:34.4
   36    288 4.069010416662966e-05 1.2e+01 7.03e-02  1e-02  8e-02 10:07.9
   38    304 1.780192057287966e-05 1.6e+01 5.88e-02  1e-02  7e-02 10:42.3
   40    320 0.000000000000000e+00 1.7e+01 4.32e-02  6e-03  5e-02 11:15.6
termination on ftarget=1e-11
final/bestever f-value = 0.000000e+00 0.000000e+00
incumbent solution: [6.130236303975025, -1.4149735922011422, 1.587755656666294, 3.264530025943979]
std deviation: [0.010050223918760166, 0.04837630410876894, 0.006316952864744644, 0.050330091246567836]
CMAEvolutionStrategyResult(xbest=array([ 6.12623853, -1.41257096,  1.58659555,  3.25931149]), fbest=0.0, evals_best=319, evaluations=320, iterations=40, xfavorite=array([ 6.1302363 , -1.41497359,  1.58775566,  3.26453003]), stds=array([0.01005022, 0.0483763 , 0.00631695, 0.05033009]), stop={'ftarget': 1e-11})
1 10
(4_w,8)-aCMA-ES (mu_w=2.6,w_1=52%) in dimension 4 (seed=784039, Sun Jun 13 21:53:08 2021)
Iterat #Fevals   function value  axis ratio  sigma  min&max std  t[m:s]
    1      8 2.177174886067712e-02 1.0e+00 1.32e+00  1e+00  1e+00 0:18.2
    2     16 6.800333658854163e-02 1.2e+00 1.25e+00  1e+00  1e+00 0:36.8
    3     24 9.331766764322913e-02 1.3e+00 1.09e+00  9e-01  1e+00 0:55.6
    4     32 7.978820800781250e-02 1.3e+00 1.09e+00  1e+00  1e+00 1:13.8
    5     40 8.203125000000000e-02 1.4e+00 1.21e+00  1e+00  1e+00 1:32.1
    6     48 1.867167154947913e-02 1.7e+00 1.09e+00  9e-01  1e+00 1:50.3
    7     56 3.538513183593750e-02 1.6e+00 9.21e-01  7e-01  9e-01 2:08.9
    8     64 7.916005452473962e-02 1.8e+00 8.96e-01  7e-01  9e-01 2:27.1
    9     72 1.864115397135413e-02 2.1e+00 8.67e-01  7e-01  9e-01 2:45.7
   10     80 2.745564778645837e-02 2.6e+00 7.10e-01  5e-01  7e-01 3:04.6
   11     88 1.802571614583337e-02 2.5e+00 6.41e-01  4e-01  7e-01 3:23.0
   12     96 2.494303385416663e-02 3.0e+00 5.72e-01  4e-01  6e-01 3:41.2
   13    104 1.084391276041663e-02 3.1e+00 5.27e-01  4e-01  5e-01 3:59.2
   14    112 8.875528971353797e-04 3.4e+00 5.16e-01  4e-01  5e-01 4:18.1
   15    120 4.323323567708370e-03 3.9e+00 4.64e-01  3e-01  5e-01 4:36.6
   16    128 4.819234212239620e-03 3.8e+00 3.84e-01  2e-01  3e-01 4:55.2
   17    136 3.425598144531250e-03 3.7e+00 4.03e-01  3e-01  4e-01 5:12.8
   18    144 1.485188802083370e-03 4.8e+00 4.72e-01  3e-01  5e-01 5:31.3
   19    152 1.678466796875000e-04 5.4e+00 4.84e-01  3e-01  6e-01 5:49.7
   21    168 7.909138997396203e-04 5.6e+00 3.95e-01  2e-01  4e-01 6:25.5
   23    184 1.475016276041297e-04 5.3e+00 2.40e-01  1e-01  2e-01 7:02.0
   25    200 1.831054687500000e-04 6.5e+00 2.05e-01  9e-02  2e-01 7:38.3
   27    216 1.093546549478797e-04 9.4e+00 1.73e-01  7e-02  2e-01 8:13.8
   29    232 5.594889322912966e-05 8.9e+00 1.30e-01  5e-02  1e-01 8:50.5
   31    248 4.069010416662966e-05 9.9e+00 1.27e-01  5e-02  1e-01 9:27.3
   33    264 1.780192057287966e-05 1.1e+01 1.13e-01  4e-02  1e-01 10:03.8
   35    280 7.629394531250000e-06 1.2e+01 8.30e-02  3e-02  9e-02 10:41.2
   37    296 5.086263020870341e-06 1.1e+01 6.79e-02  2e-02  6e-02 11:17.2
   38    304 0.000000000000000e+00 1.2e+01 7.12e-02  3e-02  7e-02 11:36.0
termination on ftarget=1e-11
final/bestever f-value = 0.000000e+00 0.000000e+00
incumbent solution: [7.488633443591859, 0.822477815238216, 2.9039223144081787, 7.9032820107054755]
std deviation: [0.06719645534693036, 0.02900661936820198, 0.04316152800991946, 0.031093948591440542]
CMAEvolutionStrategyResult(xbest=array([7.47259938, 0.81008635, 2.91300068, 7.9039964 ]), fbest=0.0, evals_best=297, evaluations=304, iterations=38, xfavorite=array([7.48863344, 0.82247782, 2.90392231, 7.90328201]), stds=array([0.06719646, 0.02900662, 0.04316153, 0.03109395]), stop={'ftarget': 1e-11})
2 10
(4_w,8)-aCMA-ES (mu_w=2.6,w_1=52%) in dimension 4 (seed=809226, Sun Jun 13 22:04:44 2021)
Iterat #Fevals   function value  axis ratio  sigma  min&max std  t[m:s]
    1      8 1.775360107421875e-01 1.0e+00 1.38e+00  1e+00  1e+00 0:17.9
    2     16 1.571400960286459e-01 1.3e+00 1.62e+00  1e+00  2e+00 0:36.6
    3     24 1.498972574869791e-01 1.6e+00 1.53e+00  1e+00  2e+00 0:54.2
    4     32 1.552429199218750e-01 1.6e+00 1.54e+00  1e+00  2e+00 1:12.4
    5     40 9.036254882812500e-02 1.8e+00 1.46e+00  1e+00  2e+00 1:30.2
    6     48 9.994761149088538e-02 1.4e+00 1.31e+00  9e-01  1e+00 1:48.2
    7     56 8.643086751302087e-02 1.4e+00 1.07e+00  7e-01  1e+00 2:06.1
    8     64 3.416951497395837e-02 1.5e+00 9.59e-01  6e-01  9e-01 2:24.2
    9     72 2.632904052734375e-02 1.7e+00 8.18e-01  5e-01  7e-01 2:41.9
   10     80 8.005777994791630e-03 1.8e+00 7.33e-01  4e-01  6e-01 2:59.7
   11     88 2.213033040364587e-02 1.8e+00 6.03e-01  4e-01  5e-01 3:17.2
   12     96 7.919311523437500e-03 2.0e+00 5.23e-01  3e-01  5e-01 3:35.5
   13    104 3.440856933593750e-03 2.4e+00 4.96e-01  3e-01  5e-01 3:53.1
   14    112 1.732889811197913e-02 2.4e+00 3.93e-01  2e-01  4e-01 4:11.2
   15    120 4.603068033853797e-04 2.4e+00 3.60e-01  2e-01  3e-01 4:29.3
   16    128 2.667744954427120e-03 2.5e+00 3.25e-01  2e-01  3e-01 4:47.6
   17    136 8.850097656250000e-04 2.7e+00 2.71e-01  1e-01  3e-01 5:05.6
   18    144 2.670288085937500e-04 3.1e+00 2.11e-01  9e-02  2e-01 5:24.8
   20    160 5.086263020870341e-06 3.4e+00 1.48e-01  5e-02  1e-01 6:01.1
   22    176 7.375081380212034e-05 3.6e+00 1.16e-01  4e-02  9e-02 6:37.1
   24    192 3.306070963537966e-05 3.1e+00 8.30e-02  3e-02  6e-02 7:12.6
   26    208 1.271565755212034e-05 3.4e+00 8.80e-02  3e-02  7e-02 7:48.5
   28    224 0.000000000000000e+00 4.7e+00 6.83e-02  2e-02  5e-02 8:25.7
termination on ftarget=1e-11
final/bestever f-value = 0.000000e+00 0.000000e+00
incumbent solution: [1.7989805182455012, 4.616342257540731, 5.812966801613164, -2.290906461377944]
std deviation: [0.022748054630513017, 0.0154768391097843, 0.05400185565380236, 0.018602913764515772]
CMAEvolutionStrategyResult(xbest=array([ 1.78568938,  4.61962788,  5.76461585, -2.28732513]), fbest=0.0, evals_best=223, evaluations=224, iterations=28, xfavorite=array([ 1.79898052,  4.61634226,  5.8129668 , -2.29090646]), stds=array([0.02274805, 0.01547684, 0.05400186, 0.01860291]), stop={'ftarget': 1e-11})
3 10
(4_w,8)-aCMA-ES (mu_w=2.6,w_1=52%) in dimension 4 (seed=801500, Sun Jun 13 22:13:10 2021)
Iterat #Fevals   function value  axis ratio  sigma  min&max std  t[m:s]
    1      8 5.777994791666663e-02 1.0e+00 1.67e+00  2e+00  2e+00 0:18.0
    2     16 7.025655110677087e-02 1.4e+00 1.70e+00  2e+00  2e+00 0:35.9
    3     24 1.858342488606771e-01 1.4e+00 1.67e+00  1e+00  2e+00 0:53.8
    4     32 3.957366943359375e-02 1.7e+00 1.69e+00  1e+00  2e+00 1:11.6
    5     40 1.412887573242188e-01 2.0e+00 1.67e+00  1e+00  2e+00 1:29.6
    6     48 1.375376383463541e-01 2.1e+00 1.33e+00  1e+00  1e+00 1:48.0
    7     56 2.875264485677087e-02 2.1e+00 1.28e+00  1e+00  1e+00 2:06.2
    8     64 7.209777832031250e-03 2.1e+00 1.32e+00  1e+00  1e+00 2:24.0
    9     72 5.897776285807288e-02 2.2e+00 1.33e+00  1e+00  1e+00 2:41.8
   10     80 5.819447835286462e-02 2.4e+00 1.29e+00  9e-01  1e+00 3:00.1
   11     88 1.031392415364584e-01 2.5e+00 1.22e+00  8e-01  1e+00 3:18.4
   12     96 1.895141601562500e-02 2.6e+00 1.06e+00  6e-01  1e+00 3:36.3
   13    104 1.399739583333337e-02 2.6e+00 9.01e-01  5e-01  1e+00 3:54.0
   14    112 2.532450358072913e-02 2.7e+00 7.61e-01  4e-01  8e-01 4:11.9
   15    120 8.229573567708370e-03 2.9e+00 6.77e-01  3e-01  7e-01 4:30.3
   16    128 8.026123046875000e-03 3.1e+00 6.00e-01  3e-01  6e-01 4:48.9
   17    136 1.355489095052120e-03 3.3e+00 4.88e-01  2e-01  5e-01 5:06.7
   18    144 4.442850748697880e-03 3.7e+00 4.26e-01  2e-01  4e-01 5:24.9
   19    152 3.524780273437500e-03 4.3e+00 3.67e-01  2e-01  4e-01 5:43.4
   21    168 4.272460937500000e-04 4.5e+00 3.03e-01  1e-01  3e-01 6:19.5
   23    184 2.034505208333370e-03 3.8e+00 3.28e-01  1e-01  3e-01 6:55.9
   25    200 1.645406087239620e-03 4.9e+00 2.81e-01  1e-01  2e-01 7:32.0
   27    216 8.900960286462034e-05 5.3e+00 2.62e-01  1e-01  2e-01 8:08.5
   29    232 6.052652994791297e-04 5.6e+00 2.26e-01  9e-02  2e-01 8:43.8
   31    248 1.373291015625000e-04 7.1e+00 1.82e-01  7e-02  1e-01 9:20.1
   33    264 5.849202473962034e-05 6.5e+00 1.27e-01  4e-02  9e-02 9:55.6
   35    280 4.577636718750000e-05 6.0e+00 9.43e-02  3e-02  6e-02 10:32.5
   37    296 1.525878906250000e-05 6.6e+00 7.90e-02  2e-02  4e-02 11:09.5
   38    304 0.000000000000000e+00 5.9e+00 7.73e-02  2e-02  4e-02 11:27.5
termination on ftarget=1e-11
final/bestever f-value = 0.000000e+00 0.000000e+00
incumbent solution: [4.724897400111446, 3.713678213846102, 5.140381333701215, 1.1271443796653033]
std deviation: [0.027035425148957046, 0.020084958579733962, 0.043222464846481914, 0.04426142089421245]
CMAEvolutionStrategyResult(xbest=array([4.72311146, 3.71004118, 5.13529923, 1.13724089]), fbest=0.0, evals_best=300, evaluations=304, iterations=38, xfavorite=array([4.7248974 , 3.71367821, 5.14038133, 1.12714438]), stds=array([0.02703543, 0.02008496, 0.04322246, 0.04426142]), stop={'ftarget': 1e-11})
4 10
(4_w,8)-aCMA-ES (mu_w=2.6,w_1=52%) in dimension 4 (seed=687199, Sun Jun 13 22:24:38 2021)
Iterat #Fevals   function value  axis ratio  sigma  min&max std  t[m:s]
    1      8 7.574971516927087e-02 1.0e+00 1.66e+00  2e+00  2e+00 0:17.9
    2     16 1.033579508463541e-01 1.4e+00 1.59e+00  1e+00  2e+00 0:36.5
    3     24 1.571248372395834e-01 1.4e+00 1.44e+00  1e+00  2e+00 0:54.6
    4     32 1.118316650390625e-01 1.3e+00 1.16e+00  9e-01  1e+00 1:13.3
    5     40 1.160736083984375e-01 1.6e+00 9.14e-01  6e-01  9e-01 1:31.6
    6     48 1.089324951171875e-01 1.9e+00 7.76e-01  5e-01  7e-01 1:50.1
    7     56 2.568817138671875e-02 1.9e+00 7.42e-01  5e-01  7e-01 2:08.5
    8     64 5.953979492187500e-02 2.0e+00 7.64e-01  5e-01  7e-01 2:26.8
    9     72 6.762949625651038e-02 2.1e+00 7.41e-01  4e-01  7e-01 2:44.5
   10     80 4.030100504557288e-02 2.4e+00 6.67e-01  4e-01  6e-01 3:02.2
   11     88 1.294962565104163e-02 2.4e+00 5.93e-01  3e-01  6e-01 3:20.8
   12     96 3.254954020182288e-02 2.5e+00 5.74e-01  3e-01  5e-01 3:39.7
   13    104 7.878621419270870e-03 2.2e+00 5.58e-01  3e-01  6e-01 3:58.0
   14    112 4.338582356770870e-03 2.7e+00 4.40e-01  2e-01  4e-01 4:16.5
   15    120 3.349304199218750e-03 3.1e+00 4.48e-01  2e-01  4e-01 4:34.4
   16    128 7.904052734375000e-03 2.8e+00 4.40e-01  2e-01  4e-01 4:52.3
   17    136 3.242492675781250e-03 3.1e+00 3.97e-01  2e-01  4e-01 5:10.5
   18    144 3.522237141927120e-03 3.5e+00 3.54e-01  1e-01  3e-01 5:28.5
   20    160 1.040140787760380e-03 4.0e+00 2.39e-01  7e-02  2e-01 6:03.4
   22    176 3.763834635416297e-04 3.6e+00 1.71e-01  5e-02  1e-01 6:39.1
   24    192 1.347859700521203e-04 4.1e+00 1.45e-01  5e-02  1e-01 7:14.5
   26    208 6.357828776037966e-05 5.4e+00 9.45e-02  2e-02  7e-02 7:52.6
   28    224 7.375081380212034e-05 5.0e+00 6.01e-02  1e-02  4e-02 8:29.3
   30    240 2.288818359375000e-05 5.2e+00 4.20e-02  9e-03  3e-02 9:06.0
   32    256 0.000000000000000e+00 6.2e+00 3.65e-02  7e-03  3e-02 9:42.1
termination on ftarget=1e-11
final/bestever f-value = 0.000000e+00 0.000000e+00
incumbent solution: [4.2344934641296135, 2.5788506529508655, 2.5120970400045413, 4.106140619811031]
std deviation: [0.006543524580542988, 0.026007558401736835, 0.023262439354838484, 0.010718464754168548]
CMAEvolutionStrategyResult(xbest=array([4.23459417, 2.56809239, 2.52177801, 4.10802228]), fbest=0.0, evals_best=254, evaluations=256, iterations=32, xfavorite=array([4.23449346, 2.57885065, 2.51209704, 4.10614062]), stds=array([0.00654352, 0.02600756, 0.02326244, 0.01071846]), stop={'ftarget': 1e-11})
5 10
(4_w,8)-aCMA-ES (mu_w=2.6,w_1=52%) in dimension 4 (seed=716449, Sun Jun 13 22:34:20 2021)
Iterat #Fevals   function value  axis ratio  sigma  min&max std  t[m:s]
    1      8 1.568578084309896e-01 1.0e+00 1.40e+00  1e+00  1e+00 0:17.6
    2     16 7.207489013671875e-02 1.3e+00 1.36e+00  1e+00  1e+00 0:35.6
    3     24 7.255554199218750e-03 1.5e+00 1.37e+00  1e+00  1e+00 0:53.7
    4     32 1.068878173828125e-01 1.8e+00 1.65e+00  1e+00  2e+00 1:12.0
    5     40 3.888702392578125e-02 2.0e+00 1.60e+00  1e+00  2e+00 1:29.8
    6     48 8.972167968750000e-03 1.9e+00 1.49e+00  1e+00  2e+00 1:47.9
    7     56 4.811859130859375e-02 2.0e+00 1.47e+00  1e+00  2e+00 2:05.9
    8     64 2.479553222656250e-02 2.3e+00 1.24e+00  8e-01  1e+00 2:24.3
    9     72 3.173828125000000e-02 2.5e+00 1.35e+00  9e-01  2e+00 2:42.0
   10     80 3.667958577473962e-02 2.7e+00 1.33e+00  9e-01  1e+00 3:00.4
   11     88 2.455139160156250e-02 3.0e+00 1.04e+00  6e-01  1e+00 3:18.4
   12     96 1.167551676432288e-02 3.4e+00 9.31e-01  6e-01  1e+00 3:36.1
   13    104 1.603190104166663e-02 3.7e+00 7.38e-01  4e-01  7e-01 3:54.4
   14    112 1.513926188151038e-02 3.7e+00 6.92e-01  4e-01  6e-01 4:11.6
   15    120 2.204132080078125e-02 3.7e+00 6.68e-01  4e-01  6e-01 4:28.9
   16    128 7.914225260416630e-03 4.0e+00 6.05e-01  4e-01  5e-01 4:46.6
   17    136 1.124064127604163e-02 4.5e+00 5.99e-01  4e-01  6e-01 5:04.7
   18    144 8.415222167968750e-03 5.5e+00 5.75e-01  3e-01  5e-01 5:22.0
   20    160 9.096781412760380e-03 5.4e+00 4.15e-01  2e-01  4e-01 5:56.9
   22    176 7.593790690104130e-03 7.4e+00 4.73e-01  3e-01  5e-01 6:32.8
   24    192 3.598531087239620e-03 9.6e+00 4.64e-01  2e-01  5e-01 7:08.3
   26    208 3.341674804687500e-03 1.0e+01 4.81e-01  2e-01  5e-01 7:43.8
   28    224 2.021789550781250e-03 9.7e+00 3.88e-01  2e-01  3e-01 8:19.4
   30    240 6.357828776041297e-04 8.5e+00 3.06e-01  1e-01  2e-01 8:54.7
   32    256 3.840128580728797e-04 6.5e+00 2.54e-01  9e-02  2e-01 9:30.4
   34    272 1.271565755212034e-05 6.0e+00 2.20e-01  7e-02  1e-01 10:06.0
   36    288 1.525878906250000e-04 5.7e+00 1.54e-01  5e-02  9e-02 10:41.7
   38    304 4.831949869787966e-05 5.5e+00 1.14e-01  3e-02  6e-02 11:16.4
   40    320 7.629394531250000e-06 6.5e+00 1.02e-01  2e-02  5e-02 11:52.2
   42    336 1.271565755212034e-05 5.5e+00 8.43e-02  2e-02  4e-02 12:26.9
   44    352 1.271565755212034e-05 6.0e+00 6.82e-02  1e-02  3e-02 13:02.8
   46    368 0.000000000000000e+00 6.2e+00 6.41e-02  1e-02  3e-02 13:38.3
termination on ftarget=1e-11
final/bestever f-value = 0.000000e+00 0.000000e+00
incumbent solution: [4.643564628998824, 0.541203254685411, 5.663702387018595, 5.4238737428254]
std deviation: [0.026543997563587145, 0.014818457614879196, 0.022952472243738867, 0.01303419801895491]
CMAEvolutionStrategyResult(xbest=array([4.64095279, 0.53794541, 5.66747404, 5.42230431]), fbest=0.0, evals_best=365, evaluations=368, iterations=46, xfavorite=array([4.64356463, 0.54120325, 5.66370239, 5.42387374]), stds=array([0.026544  , 0.01481846, 0.02295247, 0.0130342 ]), stop={'ftarget': 1e-11})
6 10
(4_w,8)-aCMA-ES (mu_w=2.6,w_1=52%) in dimension 4 (seed=722864, Sun Jun 13 22:47:58 2021)
Iterat #Fevals   function value  axis ratio  sigma  min&max std  t[m:s]
    1      8 1.974232991536462e-02 1.0e+00 2.09e+00  2e+00  2e+00 0:18.0
    2     16 3.255996704101562e-01 1.4e+00 2.03e+00  2e+00  2e+00 0:36.2
    3     24 6.028238932291663e-02 1.5e+00 2.21e+00  2e+00  2e+00 0:53.8
    4     32 1.548105875651041e-01 1.6e+00 2.66e+00  2e+00  3e+00 1:12.4
    5     40 5.821228027343750e-02 1.9e+00 2.63e+00  2e+00  3e+00 1:30.1
    6     48 1.264317830403646e-01 2.0e+00 2.67e+00  2e+00  3e+00 1:48.3
    7     56 2.105992635091146e-01 2.2e+00 2.42e+00  2e+00  3e+00 2:06.3
    8     64 4.381815592447913e-02 2.4e+00 2.77e+00  2e+00  3e+00 2:24.3
    9     72 5.354054768880212e-02 2.4e+00 2.53e+00  2e+00  3e+00 2:42.4
   10     80 2.693099975585938e-01 2.5e+00 3.24e+00  2e+00  4e+00 3:01.0
   11     88 2.885996500651041e-01 3.5e+00 3.89e+00  3e+00  6e+00 3:18.7
   12     96 1.824951171875000e-02 4.2e+00 5.04e+00  4e+00  8e+00 3:36.5
   13    104 5.469258626302087e-02 4.0e+00 3.96e+00  3e+00  6e+00 3:54.2
   14    112 6.274159749348962e-02 4.3e+00 3.25e+00  2e+00  5e+00 4:11.8
   15    120 1.367085774739584e-01 4.8e+00 3.84e+00  3e+00  7e+00 4:29.7
   16    128 3.052012125651038e-02 5.5e+00 3.71e+00  2e+00  6e+00 4:47.6
   17    136 9.245045979817712e-02 5.5e+00 3.36e+00  2e+00  5e+00 5:05.0
   18    144 8.242543538411462e-02 5.2e+00 2.84e+00  2e+00  4e+00 5:22.9
   20    160 6.083170572916663e-02 5.6e+00 2.82e+00  2e+00  4e+00 5:57.9
   22    176 8.639780680338538e-02 6.1e+00 1.96e+00  1e+00  3e+00 6:33.4
   24    192 1.076227823893229e-01 7.1e+00 1.82e+00  1e+00  3e+00 7:08.7
   26    208 6.290181477864587e-02 6.4e+00 1.41e+00  9e-01  2e+00 7:43.9
   28    224 2.181243896484375e-02 6.2e+00 1.07e+00  7e-01  1e+00 8:18.9
   30    240 1.063028971354163e-02 6.7e+00 9.47e-01  6e-01  1e+00 8:54.6
   32    256 2.814992268880212e-02 8.1e+00 1.16e+00  8e-01  1e+00 9:30.7
   34    272 9.531656901041630e-03 6.4e+00 1.10e+00  7e-01  1e+00 10:06.5
   36    288 3.064473470052120e-03 7.3e+00 1.09e+00  7e-01  1e+00 10:42.8
   38    304 4.315694173177120e-03 6.6e+00 7.99e-01  5e-01  8e-01 11:18.7
   40    320 4.834493001302120e-03 6.6e+00 6.22e-01  3e-01  5e-01 11:54.0
   42    336 2.830505371093750e-03 8.0e+00 4.91e-01  2e-01  4e-01 12:29.7
   44    352 2.344767252604130e-03 7.0e+00 4.42e-01  2e-01  3e-01 13:04.8
   46    368 2.037048339843750e-03 6.8e+00 3.85e-01  1e-01  2e-01 13:40.9
   48    384 1.230875651041630e-03 6.2e+00 3.17e-01  1e-01  1e-01 14:17.1
   50    400 1.383463541666630e-03 6.6e+00 2.47e-01  9e-02  1e-01 14:52.1
   52    416 1.098632812500000e-03 5.8e+00 1.68e-01  5e-02  6e-02 15:27.0
   54    432 3.077189127603797e-04 5.1e+00 2.79e-01  7e-02  1e-01 16:02.7
   57    456 2.288818359375000e-05 5.9e+00 3.13e-01  7e-02  1e-01 16:56.8
   58    464 0.000000000000000e+00 5.6e+00 3.07e-01  6e-02  1e-01 17:15.4
termination on ftarget=1e-11
final/bestever f-value = 0.000000e+00 0.000000e+00
incumbent solution: [0.6591821249293327, 5.116698726669368, 14.309410790573637, 8.621834694355805]
std deviation: [0.0637951129326788, 0.10145118524201642, 0.0843267000148327, 0.09088153312864221]
CMAEvolutionStrategyResult(xbest=array([ 0.65853361,  5.12232055, 14.30182477,  8.62938083]), fbest=0.0, evals_best=457, evaluations=464, iterations=58, xfavorite=array([ 0.65918212,  5.11669873, 14.30941079,  8.62183469]), stds=array([0.06379511, 0.10145119, 0.0843267 , 0.09088153]), stop={'ftarget': 1e-11})
7 10
(4_w,8)-aCMA-ES (mu_w=2.6,w_1=52%) in dimension 4 (seed=663019, Sun Jun 13 23:05:14 2021)
Iterat #Fevals   function value  axis ratio  sigma  min&max std  t[m:s]
    1      8 3.931248982747396e-01 1.0e+00 1.56e+00  1e+00  2e+00 0:18.5
    2     16 6.472015380859375e-02 1.3e+00 1.74e+00  2e+00  2e+00 0:37.2
    3     24 7.340494791666663e-02 1.5e+00 1.66e+00  1e+00  2e+00 0:55.7
    4     32 4.223887125651038e-02 1.7e+00 1.27e+00  1e+00  1e+00 1:13.9
    5     40 3.854878743489587e-02 1.7e+00 1.07e+00  8e-01  1e+00 1:32.5
    6     48 6.127166748046875e-02 1.6e+00 9.00e-01  7e-01  9e-01 1:50.9
    7     56 6.421407063802120e-03 1.6e+00 8.51e-01  6e-01  8e-01 2:08.8
    8     64 1.296488444010413e-02 1.6e+00 7.44e-01  5e-01  6e-01 2:26.9
    9     72 4.315948486328125e-02 1.6e+00 6.51e-01  4e-01  5e-01 2:45.1
   10     80 2.052052815755212e-02 1.7e+00 5.35e-01  4e-01  4e-01 3:03.3
   11     88 1.676686604817712e-02 1.8e+00 4.92e-01  3e-01  4e-01 3:21.8
   12     96 5.531311035156250e-03 1.6e+00 5.65e-01  3e-01  4e-01 3:39.8
   13    104 3.702799479166630e-03 1.9e+00 4.78e-01  2e-01  4e-01 3:57.7
   14    112 2.296702067057288e-02 1.9e+00 5.35e-01  3e-01  4e-01 4:16.8
   15    120 8.247375488281250e-03 2.5e+00 4.89e-01  2e-01  4e-01 4:35.1
   16    128 7.364908854166630e-03 2.5e+00 4.63e-01  2e-01  4e-01 4:53.5
   17    136 9.373982747395870e-03 2.5e+00 4.49e-01  2e-01  3e-01 5:11.7
   18    144 1.310475667317712e-02 2.3e+00 4.02e-01  2e-01  3e-01 5:29.4
   19    152 7.395426432291630e-03 2.2e+00 3.64e-01  1e-01  3e-01 5:48.1
   21    168 8.677164713541630e-03 3.1e+00 3.31e-01  1e-01  3e-01 6:25.0
   23    184 3.392537434895870e-03 4.9e+00 4.10e-01  1e-01  4e-01 7:01.2
   25    200 2.741495768229130e-03 4.7e+00 3.90e-01  1e-01  4e-01 7:37.8
   27    216 1.093546549479130e-03 5.8e+00 3.42e-01  9e-02  3e-01 8:14.5
   29    232 1.055399576822880e-03 5.8e+00 3.47e-01  1e-01  3e-01 8:50.6
   31    248 1.726786295572880e-03 6.6e+00 3.01e-01  9e-02  3e-01 9:26.5
   33    264 6.357828776037966e-05 7.6e+00 2.31e-01  6e-02  2e-01 10:04.4
   35    280 1.653035481771203e-04 8.3e+00 1.99e-01  4e-02  2e-01 10:41.2
   37    296 4.069010416662966e-05 1.0e+01 1.66e-01  3e-02  2e-01 11:17.4
   39    312 1.449584960937500e-04 1.2e+01 1.32e-01  2e-02  1e-01 11:53.9
   41    328 1.042683919271203e-04 1.6e+01 1.05e-01  1e-02  1e-01 12:30.6
   43    344 7.120768229162966e-05 1.6e+01 9.12e-02  1e-02  1e-01 13:06.6
   45    360 4.577636718750000e-05 1.6e+01 9.25e-02  1e-02  1e-01 13:42.5
   47    376 1.780192057287966e-05 1.5e+01 7.77e-02  8e-03  9e-02 14:19.1
   49    392 5.086263020870341e-06 1.7e+01 6.17e-02  7e-03  6e-02 14:56.2
   51    408 0.000000000000000e+00 1.8e+01 5.35e-02  5e-03  6e-02 15:33.1
termination on ftarget=1e-11
final/bestever f-value = 0.000000e+00 0.000000e+00
incumbent solution: [2.6291426823778585, -1.50708826247557, 4.225889884602796, 2.4631556471917646]
std deviation: [0.013353058462662581, 0.05455254365772923, 0.05593453360180578, 0.005343936878547081]
CMAEvolutionStrategyResult(xbest=array([ 2.62956933, -1.50567632,  4.22129916,  2.46477808]), fbest=0.0, evals_best=402, evaluations=408, iterations=51, xfavorite=array([ 2.62914268, -1.50708826,  4.22588988,  2.46315565]), stds=array([0.01335306, 0.05455254, 0.05593453, 0.00534394]), stop={'ftarget': 1e-11})
8 10
(4_w,8)-aCMA-ES (mu_w=2.6,w_1=52%) in dimension 4 (seed=683848, Sun Jun 13 23:20:47 2021)
Iterat #Fevals   function value  axis ratio  sigma  min&max std  t[m:s]
    1      8 1.756769816080729e-01 1.0e+00 1.53e+00  1e+00  2e+00 0:18.9
    2     16 2.399622599283854e-01 1.4e+00 1.69e+00  1e+00  2e+00 0:36.5
    3     24 2.233454386393229e-01 1.8e+00 1.81e+00  2e+00  2e+00 0:54.7
    4     32 8.418782552083337e-02 2.0e+00 1.84e+00  1e+00  2e+00 1:12.4
    5     40 1.567509969075521e-01 2.2e+00 1.84e+00  2e+00  2e+00 1:30.6
    6     48 1.284764607747396e-01 2.4e+00 2.34e+00  2e+00  3e+00 1:48.7
    7     56 4.909515380859375e-02 3.0e+00 2.46e+00  2e+00  4e+00 2:07.3
    8     64 1.333897908528646e-01 3.6e+00 2.26e+00  2e+00  3e+00 2:25.2
    9     72 2.460988362630212e-02 3.8e+00 2.11e+00  2e+00  3e+00 2:43.3
   10     80 4.679107666015625e-02 4.0e+00 2.18e+00  2e+00  3e+00 3:01.8
   11     88 6.791687011718750e-02 4.5e+00 2.12e+00  2e+00  3e+00 3:20.0
   12     96 3.584035237630212e-02 5.0e+00 2.22e+00  2e+00  4e+00 3:38.3
   13    104 2.367299397786459e-01 5.3e+00 1.97e+00  1e+00  3e+00 3:56.3
   14    112 1.956075032552084e-01 5.7e+00 1.69e+00  1e+00  3e+00 4:14.7
   15    120 1.599553426106771e-01 5.9e+00 1.48e+00  9e-01  2e+00 4:32.1
   16    128 1.745605468750000e-02 5.7e+00 1.38e+00  8e-01  2e+00 4:50.1
   17    136 2.167765299479163e-02 6.4e+00 1.24e+00  7e-01  2e+00 5:08.3
   18    144 5.264282226562500e-02 7.7e+00 1.07e+00  6e-01  1e+00 5:26.3
   20    160 2.407836914062500e-02 7.4e+00 7.37e-01  4e-01  9e-01 6:02.5
   22    176 4.124959309895870e-03 7.2e+00 5.71e-01  3e-01  7e-01 6:39.4
   24    192 8.974711100260380e-03 9.3e+00 4.34e-01  2e-01  5e-01 7:15.7
   26    208 3.527323404947880e-03 8.4e+00 3.66e-01  2e-01  4e-01 7:52.6
   28    224 2.568562825521203e-04 6.5e+00 2.69e-01  1e-01  2e-01 8:28.8
   30    240 2.237955729166297e-04 6.5e+00 2.03e-01  1e-01  1e-01 9:05.1
   32    256 1.424153645833703e-04 6.8e+00 1.60e-01  7e-02  1e-01 9:41.5
   34    272 1.322428385416297e-04 8.5e+00 1.51e-01  6e-02  1e-01 10:17.2
   36    288 1.246134440103797e-04 1.0e+01 1.12e-01  4e-02  9e-02 10:53.4
   38    304 8.646647135412966e-05 1.0e+01 1.13e-01  4e-02  9e-02 11:28.7
   40    320 2.797444661462034e-05 9.7e+00 8.80e-02  3e-02  6e-02 12:05.7
   42    336 2.288818359375000e-05 9.4e+00 6.20e-02  2e-02  4e-02 12:41.9
   44    352 0.000000000000000e+00 1.1e+01 5.93e-02  2e-02  4e-02 13:18.1
termination on ftarget=1e-11
final/bestever f-value = 0.000000e+00 0.000000e+00
incumbent solution: [7.542236616136305, 3.434122874368698, -2.988062596598755, -1.0048831681740384]
std deviation: [0.03257786862174948, 0.02463259321608814, 0.03940876747525753, 0.016609299901954627]
CMAEvolutionStrategyResult(xbest=array([ 7.55967345,  3.41580866, -3.01120941, -0.99237106]), fbest=0.0, evals_best=346, evaluations=352, iterations=44, xfavorite=array([ 7.54223662,  3.43412287, -2.9880626 , -1.00488317]), stds=array([0.03257787, 0.02463259, 0.03940877, 0.0166093 ]), stop={'ftarget': 1e-11})
9 10
(4_w,8)-aCMA-ES (mu_w=2.6,w_1=52%) in dimension 4 (seed=702239, Sun Jun 13 23:34:05 2021)
Iterat #Fevals   function value  axis ratio  sigma  min&max std  t[m:s]
    1      8 1.124954223632812e-01 1.0e+00 1.62e+00  2e+00  2e+00 0:18.3
    2     16 1.987635294596354e-01 1.3e+00 1.62e+00  2e+00  2e+00 0:36.1
    3     24 1.566899617513021e-01 1.7e+00 1.28e+00  1e+00  1e+00 0:54.2
    4     32 2.417017618815104e-01 1.7e+00 1.12e+00  9e-01  1e+00 1:12.9
    5     40 1.466954549153646e-01 1.7e+00 1.11e+00  9e-01  1e+00 1:32.3
    6     48 1.128107706705729e-01 2.0e+00 9.68e-01  8e-01  1e+00 1:50.9
    7     56 1.405893961588541e-01 2.0e+00 8.01e-01  6e-01  7e-01 2:09.0
    8     64 4.934438069661462e-02 2.0e+00 8.47e-01  8e-01  8e-01 2:27.0
    9     72 4.462432861328125e-02 2.4e+00 8.94e-01  8e-01  9e-01 2:45.0
   10     80 3.573354085286462e-02 2.8e+00 8.52e-01  7e-01  8e-01 3:03.0
   11     88 3.877512613932288e-02 2.8e+00 9.00e-01  7e-01  9e-01 3:21.1
   12     96 3.730773925781250e-02 2.8e+00 8.03e-01  6e-01  8e-01 3:39.3
   13    104 1.653798421223962e-02 2.8e+00 7.02e-01  5e-01  7e-01 3:57.7
   14    112 3.690083821614587e-02 3.2e+00 5.52e-01  4e-01  5e-01 4:15.3
   15    120 5.012512207031250e-03 3.1e+00 4.88e-01  3e-01  4e-01 4:33.8
   16    128 5.147298177083370e-03 2.9e+00 5.04e-01  3e-01  5e-01 4:52.2
   17    136 1.589457194010380e-03 3.4e+00 3.98e-01  2e-01  4e-01 5:10.8
   18    144 3.003438313802120e-03 3.8e+00 3.49e-01  2e-01  4e-01 5:28.6
   19    152 8.672078450521203e-04 3.6e+00 2.89e-01  1e-01  3e-01 5:47.0
   21    168 1.078287760416630e-03 3.8e+00 2.42e-01  1e-01  2e-01 6:22.6
   23    184 1.144409179687500e-04 3.7e+00 1.55e-01  6e-02  1e-01 6:58.0
   25    200 2.034505208337034e-05 4.9e+00 1.05e-01  4e-02  1e-01 7:34.6
   27    216 2.288818359375000e-05 4.8e+00 8.74e-02  3e-02  9e-02 8:11.0
   29    232 2.543131510412966e-05 5.7e+00 6.55e-02  2e-02  7e-02 8:48.2
   31    248 5.086263020870341e-06 7.1e+00 5.27e-02  1e-02  6e-02 9:23.9
   33    264 5.086263020870341e-06 6.8e+00 3.59e-02  9e-03  3e-02 10:00.3
   35    280 5.086263020870341e-06 8.0e+00 2.79e-02  6e-03  3e-02 10:36.6
   37    296 2.543131510379659e-06 9.8e+00 2.69e-02  6e-03  3e-02 11:12.4
   39    312 5.086263020870341e-06 1.1e+01 2.34e-02  6e-03  2e-02 11:48.4
   41    328 0.000000000000000e+00 1.1e+01 1.84e-02  4e-03  2e-02 12:24.2
termination on ftarget=1e-11
final/bestever f-value = 0.000000e+00 0.000000e+00
incumbent solution: [5.074451005544823, 2.667304800838937, 4.003513047558942, 8.213412182095944]
std deviation: [0.005347209081603387, 0.00572114629076955, 0.01887294209870713, 0.004123133120230328]
CMAEvolutionStrategyResult(xbest=array([5.06947041, 2.67082787, 4.02037857, 8.21143702]), fbest=0.0, evals_best=327, evaluations=328, iterations=41, xfavorite=array([5.07445101, 2.6673048 , 4.00351305, 8.21341218]), stds=array([0.00534721, 0.00572115, 0.01887294, 0.00412313]), stop={'ftarget': 1e-11})
