0 10
(4_w,8)-aCMA-ES (mu_w=2.6,w_1=52%) in dimension 4 (seed=695767, Sun Jun 13 21:41:02 2021)
circuitVTD.py:339: DeprecationWarning: The QuantumCircuit.__add__() method is being deprecated.Use the compose() method which is more flexible w.r.t circuit register compatibility.
  TrotterFixStepList.append(TrotterFixStepList[-1] + U_trot)
/home/nfb1/.local/lib/python3.7/site-packages/qiskit/circuit/quantumcircuit.py:869: DeprecationWarning: The QuantumCircuit.combine() method is being deprecated. Use the compose() method which is more flexible w.r.t circuit register compatibility.
  return self.combine(rhs)
circuitVTD.py:170: DeprecationWarning: The QuantumCircuit.__iadd__() method is being deprecated. Use the compose() (potentially with the inplace=True argument) and tensor() methods which are more flexible w.r.t circuit register compatibility.
  circ += U_v_prime
/home/nfb1/.local/lib/python3.7/site-packages/qiskit/circuit/quantumcircuit.py:876: DeprecationWarning: The QuantumCircuit.extend() method is being deprecated. Use the compose() (potentially with the inplace=True argument) and tensor() methods which are more flexible w.r.t circuit register compatibility.
  return self.extend(rhs)
Iterat #Fevals   function value  axis ratio  sigma  min&max std  t[m:s]
    1      8 2.620442708333337e-02 1.0e+00 1.43e+00  1e+00  1e+00 0:09.0
    2     16 3.216145833333334e-01 1.2e+00 1.29e+00  1e+00  1e+00 0:18.0
    3     24 2.364908854166666e-01 1.3e+00 1.34e+00  1e+00  1e+00 0:27.6
    4     32 8.837890625000000e-02 1.4e+00 1.48e+00  1e+00  2e+00 0:36.8
    5     40 2.125651041666666e-01 1.6e+00 1.34e+00  1e+00  2e+00 0:46.4
    6     48 1.404622395833334e-01 1.7e+00 1.26e+00  1e+00  1e+00 0:56.2
    7     56 5.078125000000000e-02 1.7e+00 1.30e+00  9e-01  2e+00 1:05.4
    8     64 2.441406250000000e-03 1.8e+00 1.58e+00  1e+00  2e+00 1:14.1
    9     72 1.708984375000000e-01 2.6e+00 1.89e+00  1e+00  3e+00 1:23.6
   10     80 1.590169270833334e-01 2.8e+00 1.78e+00  1e+00  3e+00 1:32.9
   12     96 1.565755208333334e-01 4.1e+00 1.52e+00  1e+00  3e+00 1:50.7
   14    112 1.101888020833334e-01 4.3e+00 1.22e+00  8e-01  2e+00 2:08.5
   16    128 3.580729166666630e-03 5.0e+00 1.05e+00  6e-01  2e+00 2:26.8
   18    144 2.457682291666663e-02 7.1e+00 8.02e-01  4e-01  2e+00 2:44.9
   20    160 2.132161458333337e-02 7.9e+00 7.16e-01  3e-01  2e+00 3:03.5
   22    176 4.069010416666630e-03 8.7e+00 6.28e-01  3e-01  1e+00 3:22.5
   24    192 3.255208333333370e-03 7.9e+00 5.84e-01  2e-01  1e+00 3:40.6
   26    208 3.417968750000000e-03 7.0e+00 3.79e-01  1e-01  6e-01 3:59.2
   28    224 2.115885416666630e-03 7.8e+00 3.02e-01  8e-02  5e-01 4:17.6
   31    248 9.765625000000000e-04 1.0e+01 2.13e-01  5e-02  3e-01 4:44.5
   34    272 6.510416666666297e-04 1.0e+01 1.54e-01  4e-02  2e-01 5:12.0
   37    296 1.627604166666297e-04 9.8e+00 1.46e-01  3e-02  2e-01 5:39.3
   40    320 0.000000000000000e+00 1.3e+01 1.96e-01  5e-02  3e-01 6:06.3
termination on ftarget=1e-11
final/bestever f-value = 0.000000e+00 0.000000e+00
incumbent solution: [1.0890941473772495, 6.668579316964515, 1.368922097398946, 1.5539786509706084]
std deviation: [0.2709650524459333, 0.05958489315651934, 0.04888390541942814, 0.0742802362935214]
CMAEvolutionStrategyResult(xbest=array([1.01502853, 6.66705495, 1.39354755, 1.49535667]), fbest=0.0, evals_best=314, evaluations=320, iterations=40, xfavorite=array([1.08909415, 6.66857932, 1.3689221 , 1.55397865]), stds=array([0.27096505, 0.05958489, 0.04888391, 0.07428024]), stop={'ftarget': 1e-11})
1 10
(4_w,8)-aCMA-ES (mu_w=2.6,w_1=52%) in dimension 4 (seed=783473, Sun Jun 13 21:47:08 2021)
Iterat #Fevals   function value  axis ratio  sigma  min&max std  t[m:s]
    1      8 7.373046875000000e-02 1.0e+00 1.64e+00  2e+00  2e+00 0:10.0
    2     16 6.949869791666663e-02 1.5e+00 2.23e+00  2e+00  3e+00 0:19.9
    3     24 7.584635416666663e-02 1.5e+00 3.10e+00  3e+00  4e+00 0:30.1
    4     32 1.975911458333334e-01 1.6e+00 5.00e+00  5e+00  6e+00 0:40.7
    5     40 1.347656250000000e-01 1.7e+00 4.98e+00  5e+00  6e+00 0:51.1
    6     48 3.320312500000000e-02 1.7e+00 4.30e+00  4e+00  4e+00 1:01.3
    7     56 1.357421875000000e-01 1.8e+00 3.43e+00  3e+00  3e+00 1:11.1
    8     64 5.712890625000000e-02 1.9e+00 3.64e+00  3e+00  4e+00 1:20.9
    9     72 2.034505208333337e-02 2.1e+00 3.71e+00  3e+00  4e+00 1:30.7
   10     80 1.611328125000000e-02 2.3e+00 3.16e+00  3e+00  3e+00 1:40.8
   11     88 8.268229166666663e-02 2.3e+00 2.73e+00  2e+00  3e+00 1:51.1
   13    104 2.403971354166666e-01 2.7e+00 2.86e+00  2e+00  3e+00 2:11.4
   15    120 7.666015625000000e-02 2.1e+00 2.41e+00  2e+00  2e+00 2:31.9
   17    136 1.175130208333334e-01 2.2e+00 1.75e+00  1e+00  2e+00 2:53.3
   19    152 8.382161458333337e-02 2.2e+00 1.42e+00  9e-01  1e+00 3:14.3
   21    168 6.949869791666663e-02 2.4e+00 1.50e+00  9e-01  1e+00 3:34.7
   23    184 3.597005208333337e-02 2.6e+00 1.87e+00  1e+00  2e+00 3:54.6
   25    200 1.627604166666630e-03 3.4e+00 1.71e+00  1e+00  2e+00 4:15.3
   27    216 7.486979166666663e-02 3.5e+00 1.49e+00  8e-01  1e+00 4:35.4
   29    232 7.600911458333337e-02 3.6e+00 1.20e+00  7e-01  1e+00 4:56.2
   31    248 1.139322916666663e-02 4.9e+00 1.04e+00  5e-01  8e-01 5:17.1
   34    272 1.302083333333370e-03 3.5e+00 8.21e-01  3e-01  5e-01 5:48.0
   37    296 4.882812500000000e-04 3.1e+00 5.57e-01  2e-01  3e-01 6:17.8
   40    320 1.139322916666630e-03 4.2e+00 4.45e-01  2e-01  2e-01 6:48.5
   43    344 0.000000000000000e+00 4.0e+00 2.24e-01  7e-02  1e-01 7:18.8
termination on ftarget=1e-11
final/bestever f-value = 0.000000e+00 0.000000e+00
incumbent solution: [14.173739499794582, 8.213949255751757, 1.9121371237159428, 0.693264608306478]
std deviation: [0.08294406661293395, 0.07172938951145967, 0.08067093556726306, 0.10335872369952136]
CMAEvolutionStrategyResult(xbest=array([14.09627948,  8.271602  ,  1.95505399,  0.59204061]), fbest=0.0, evals_best=338, evaluations=344, iterations=43, xfavorite=array([14.1737395 ,  8.21394926,  1.91213712,  0.69326461]), stds=array([0.08294407, 0.07172939, 0.08067094, 0.10335872]), stop={'ftarget': 1e-11})
2 10
(4_w,8)-aCMA-ES (mu_w=2.6,w_1=52%) in dimension 4 (seed=747305, Sun Jun 13 21:54:27 2021)
Iterat #Fevals   function value  axis ratio  sigma  min&max std  t[m:s]
    1      8 1.827799479166666e-01 1.0e+00 1.79e+00  2e+00  2e+00 0:10.7
    2     16 3.320312500000000e-02 1.5e+00 2.21e+00  2e+00  3e+00 0:21.1
    3     24 9.651692708333337e-02 2.0e+00 2.07e+00  2e+00  3e+00 0:31.7
    4     32 2.249348958333334e-01 1.8e+00 2.20e+00  2e+00  3e+00 0:42.3
    5     40 2.553710937500000e-01 1.9e+00 2.22e+00  2e+00  3e+00 0:52.4
    6     48 2.016601562500000e-01 2.0e+00 1.95e+00  2e+00  2e+00 1:03.0
    7     56 2.293294270833334e-01 2.1e+00 1.73e+00  1e+00  2e+00 1:12.8
    8     64 1.918945312500000e-01 2.2e+00 1.91e+00  2e+00  3e+00 1:22.6
    9     72 4.492187500000000e-02 2.6e+00 2.29e+00  2e+00  4e+00 1:32.5
   10     80 1.878255208333334e-01 2.6e+00 2.16e+00  2e+00  3e+00 1:43.2
   11     88 6.803385416666663e-02 2.5e+00 2.24e+00  2e+00  3e+00 1:53.8
   13    104 1.979166666666666e-01 3.1e+00 2.61e+00  2e+00  4e+00 2:14.0
   15    120 1.953125000000000e-01 2.7e+00 3.10e+00  3e+00  4e+00 2:35.6
   17    136 2.434895833333334e-01 2.8e+00 2.61e+00  2e+00  3e+00 2:56.1
   19    152 5.257161458333337e-02 3.2e+00 2.72e+00  2e+00  3e+00 3:15.6
   21    168 2.610677083333334e-01 3.6e+00 2.14e+00  1e+00  3e+00 3:35.7
   23    184 8.056640625000000e-02 4.3e+00 2.89e+00  2e+00  4e+00 3:56.0
   25    200 1.355794270833334e-01 3.9e+00 2.40e+00  2e+00  3e+00 4:16.9
   27    216 5.371093750000000e-02 4.4e+00 2.68e+00  2e+00  3e+00 4:37.2
   29    232 7.731119791666663e-02 5.2e+00 2.41e+00  2e+00  3e+00 4:57.4
   31    248 2.864583333333337e-02 5.2e+00 2.20e+00  2e+00  3e+00 5:17.7
   34    272 6.608072916666663e-02 5.4e+00 1.56e+00  1e+00  2e+00 5:48.1
   37    296 9.147135416666663e-02 4.8e+00 1.37e+00  8e-01  1e+00 6:18.4
   40    320 1.741536458333337e-02 3.8e+00 1.09e+00  6e-01  9e-01 6:49.2
   43    344 3.906250000000000e-03 3.6e+00 7.62e-01  3e-01  6e-01 7:19.9
   46    368 8.951822916666630e-03 3.1e+00 7.69e-01  3e-01  6e-01 7:50.6
   49    392 6.998697916666630e-03 3.6e+00 6.12e-01  2e-01  5e-01 8:20.8
   52    416 8.138020833333703e-04 4.0e+00 3.96e-01  9e-02  3e-01 8:51.7
   54    432 0.000000000000000e+00 4.3e+00 2.50e-01  5e-02  2e-01 9:12.0
termination on ftarget=1e-11
final/bestever f-value = 0.000000e+00 0.000000e+00
incumbent solution: [21.090938595416826, -8.45212785900771, 1.2373690972229137, 10.486170751754733]
std deviation: [0.05012651291251716, 0.06890274874197584, 0.16810319756830625, 0.07932833251194377]
CMAEvolutionStrategyResult(xbest=array([21.08640294, -8.46499   ,  1.34393541, 10.4896994 ]), fbest=0.0, evals_best=427, evaluations=432, iterations=54, xfavorite=array([21.0909386 , -8.45212786,  1.2373691 , 10.48617075]), stds=array([0.05012651, 0.06890275, 0.1681032 , 0.07932833]), stop={'ftarget': 1e-11})
3 10
(4_w,8)-aCMA-ES (mu_w=2.6,w_1=52%) in dimension 4 (seed=725140, Sun Jun 13 22:03:39 2021)
Iterat #Fevals   function value  axis ratio  sigma  min&max std  t[m:s]
    1      8 8.154296875000000e-02 1.0e+00 1.88e+00  2e+00  2e+00 0:10.5
    2     16 3.694661458333337e-02 1.3e+00 1.72e+00  1e+00  2e+00 0:20.9
    3     24 1.625976562500000e-01 1.4e+00 1.87e+00  2e+00  2e+00 0:31.1
    4     32 7.145182291666663e-02 1.2e+00 1.55e+00  1e+00  2e+00 0:40.8
    5     40 2.604166666666663e-02 1.3e+00 1.28e+00  9e-01  1e+00 0:51.2
    6     48 3.059895833333337e-02 1.5e+00 1.30e+00  1e+00  1e+00 1:01.3
    7     56 4.996744791666663e-02 1.6e+00 1.24e+00  9e-01  1e+00 1:11.4
    8     64 3.971354166666663e-02 1.9e+00 1.14e+00  8e-01  1e+00 1:21.9
    9     72 6.966145833333337e-02 1.8e+00 9.63e-01  6e-01  1e+00 1:32.3
   10     80 8.626302083333370e-03 2.1e+00 7.48e-01  4e-01  7e-01 1:42.7
   11     88 7.975260416666630e-03 2.3e+00 6.79e-01  4e-01  7e-01 1:53.0
   13    104 9.602864583333370e-03 2.3e+00 5.93e-01  3e-01  6e-01 2:13.5
   15    120 3.417968750000000e-03 2.5e+00 4.12e-01  2e-01  4e-01 2:34.2
   17    136 8.138020833333703e-04 2.4e+00 2.87e-01  1e-01  2e-01 2:54.7
   19    152 1.464843750000000e-03 2.9e+00 2.49e-01  8e-02  2e-01 3:15.3
   21    168 4.882812500000000e-04 3.5e+00 2.16e-01  6e-02  2e-01 3:36.3
   23    184 3.255208333333703e-04 3.6e+00 1.83e-01  5e-02  2e-01 3:57.0
   25    200 3.255208333333703e-04 3.9e+00 1.49e-01  4e-02  1e-01 4:17.4
   26    208 0.000000000000000e+00 3.7e+00 1.51e-01  4e-02  1e-01 4:27.8
termination on ftarget=1e-11
final/bestever f-value = 0.000000e+00 0.000000e+00
incumbent solution: [2.6989608854458598, 5.853362984599081, 3.5480821892708625, 4.489968793929902]
std deviation: [0.12032135483430417, 0.040975101578798356, 0.06919166030816094, 0.046540111646769494]
CMAEvolutionStrategyResult(xbest=array([2.76819373, 5.85198801, 3.55159784, 4.49330475]), fbest=0.0, evals_best=202, evaluations=208, iterations=26, xfavorite=array([2.69896089, 5.85336298, 3.54808219, 4.48996879]), stds=array([0.12032135, 0.0409751 , 0.06919166, 0.04654011]), stop={'ftarget': 1e-11})
4 10
(4_w,8)-aCMA-ES (mu_w=2.6,w_1=52%) in dimension 4 (seed=736548, Sun Jun 13 22:08:07 2021)
Iterat #Fevals   function value  axis ratio  sigma  min&max std  t[m:s]
    1      8 1.271158854166666e-01 1.0e+00 1.45e+00  1e+00  2e+00 0:10.4
    2     16 2.596028645833334e-01 1.3e+00 1.62e+00  2e+00  2e+00 0:20.3
    3     24 1.044921875000000e-01 1.6e+00 1.39e+00  1e+00  1e+00 0:31.1
    4     32 2.000325520833334e-01 1.7e+00 1.43e+00  1e+00  2e+00 0:41.3
    5     40 5.712890625000000e-02 1.8e+00 1.43e+00  1e+00  2e+00 0:51.4
    6     48 3.857421875000000e-02 2.2e+00 1.34e+00  1e+00  1e+00 1:01.7
    7     56 5.403645833333337e-02 2.4e+00 1.19e+00  9e-01  1e+00 1:12.4
    8     64 1.866861979166666e-01 2.5e+00 9.81e-01  7e-01  1e+00 1:23.3
    9     72 4.606119791666663e-02 2.6e+00 1.04e+00  8e-01  1e+00 1:33.5
   10     80 1.183268229166666e-01 2.6e+00 1.06e+00  8e-01  1e+00 1:43.7
   12     96 4.785156250000000e-02 2.5e+00 1.06e+00  7e-01  1e+00 2:03.9
   14    112 1.643880208333337e-02 2.6e+00 8.52e-01  6e-01  7e-01 2:24.9
   16    128 2.522786458333337e-02 2.2e+00 6.75e-01  4e-01  5e-01 2:45.2
   18    144 1.367187500000000e-02 2.4e+00 5.25e-01  3e-01  4e-01 3:06.1
   20    160 2.750651041666663e-02 2.2e+00 4.56e-01  2e-01  3e-01 3:26.7
   22    176 4.231770833333370e-03 2.3e+00 5.10e-01  3e-01  3e-01 3:47.1
   24    192 9.277343750000000e-03 2.2e+00 3.63e-01  2e-01  2e-01 4:08.5
   26    208 5.045572916666630e-03 3.4e+00 2.76e-01  1e-01  2e-01 4:28.9
   28    224 3.255208333333370e-03 2.4e+00 2.49e-01  1e-01  1e-01 4:49.9
   30    240 1.302083333333370e-03 2.3e+00 2.08e-01  7e-02  1e-01 5:10.9
   32    256 1.627604166666297e-04 2.6e+00 1.93e-01  6e-02  1e-01 5:32.0
   33    264 0.000000000000000e+00 2.9e+00 1.66e-01  5e-02  9e-02 5:42.7
termination on ftarget=1e-11
final/bestever f-value = 0.000000e+00 0.000000e+00
incumbent solution: [3.626771598359028, 4.460553341773652, 1.5397862899939567, 1.1206614513411466]
std deviation: [0.05430972808941277, 0.051676127393294975, 0.05433239083953191, 0.0915552335221704]
CMAEvolutionStrategyResult(xbest=array([3.59275965, 4.48240667, 1.54016117, 1.10058628]), fbest=0.0, evals_best=264, evaluations=264, iterations=33, xfavorite=array([3.6267716 , 4.46055334, 1.53978629, 1.12066145]), stds=array([0.05430973, 0.05167613, 0.05433239, 0.09155523]), stop={'ftarget': 1e-11})
5 10
(4_w,8)-aCMA-ES (mu_w=2.6,w_1=52%) in dimension 4 (seed=754513, Sun Jun 13 22:13:49 2021)
Iterat #Fevals   function value  axis ratio  sigma  min&max std  t[m:s]
    1      8 7.438151041666663e-02 1.0e+00 1.58e+00  2e+00  2e+00 0:10.2
    2     16 3.678385416666663e-02 1.4e+00 1.66e+00  1e+00  2e+00 0:20.3
    3     24 6.803385416666663e-02 1.7e+00 1.55e+00  1e+00  2e+00 0:31.3
    4     32 3.385416666666663e-02 1.8e+00 1.43e+00  1e+00  2e+00 0:41.3
    5     40 6.494140625000000e-02 2.0e+00 1.47e+00  1e+00  2e+00 0:51.8
    6     48 6.184895833333337e-02 2.7e+00 1.31e+00  9e-01  2e+00 1:02.0
    7     56 1.059570312500000e-01 3.1e+00 1.25e+00  8e-01  2e+00 1:12.1
    8     64 4.166666666666663e-02 3.3e+00 1.24e+00  8e-01  2e+00 1:22.4
    9     72 5.403645833333337e-02 3.4e+00 1.10e+00  6e-01  2e+00 1:32.7
   10     80 2.506510416666663e-02 3.4e+00 9.76e-01  5e-01  1e+00 1:43.3
   11     88 3.027343750000000e-02 3.8e+00 9.83e-01  6e-01  1e+00 1:53.9
   13    104 2.539062500000000e-02 3.6e+00 8.40e-01  5e-01  1e+00 2:15.1
   15    120 2.473958333333337e-02 4.0e+00 7.42e-01  4e-01  8e-01 2:36.7
   17    136 1.774088541666663e-02 3.6e+00 5.35e-01  3e-01  5e-01 2:57.0
   19    152 2.164713541666663e-02 4.0e+00 4.21e-01  2e-01  4e-01 3:17.8
   21    168 2.018229166666663e-02 4.3e+00 2.71e-01  1e-01  2e-01 3:38.5
   23    184 1.985677083333337e-02 4.3e+00 2.08e-01  1e-01  1e-01 3:59.0
   25    200 1.855468750000000e-02 4.3e+00 1.73e-01  7e-02  9e-02 4:19.9
   27    216 1.774088541666663e-02 4.3e+00 1.77e-01  7e-02  1e-01 4:40.4
   29    232 1.676432291666663e-02 4.5e+00 1.42e-01  6e-02  8e-02 5:00.4
   31    248 1.741536458333337e-02 4.7e+00 1.23e-01  4e-02  8e-02 5:21.4
   34    272 1.725260416666663e-02 4.7e+00 1.02e-01  3e-02  6e-02 5:51.7
   37    296 1.627604166666663e-02 3.4e+00 9.64e-02  3e-02  5e-02 6:22.3
   40    320 1.595052083333337e-02 3.7e+00 9.17e-02  2e-02  5e-02 6:53.4
   43    344 1.627604166666663e-02 3.9e+00 8.20e-02  2e-02  4e-02 7:24.8
   46    368 1.643880208333337e-02 2.5e+00 9.21e-02  2e-02  3e-02 7:54.9
   49    392 1.757812500000000e-02 2.7e+00 8.31e-02  2e-02  3e-02 8:25.7
   52    416 1.562500000000000e-02 3.3e+00 8.13e-02  2e-02  3e-02 8:56.9
   55    440 1.643880208333337e-02 4.3e+00 5.75e-02  1e-02  2e-02 9:28.2
   58    464 1.725260416666663e-02 3.9e+00 7.21e-02  1e-02  2e-02 9:58.5
   61    488 1.855468750000000e-02 3.8e+00 6.74e-02  1e-02  2e-02 10:29.0
   64    512 1.725260416666663e-02 4.9e+00 6.49e-02  1e-02  3e-02 11:00.1
   68    544 1.757812500000000e-02 9.4e+00 9.13e-02  2e-02  5e-02 11:41.2
   72    576 1.790364583333337e-02 9.7e+00 8.09e-02  2e-02  4e-02 12:23.2
   76    608 1.725260416666663e-02 1.1e+01 8.04e-02  1e-02  3e-02 13:05.1
   80    640 1.725260416666663e-02 9.8e+00 5.87e-02  7e-03  2e-02 13:46.5
   84    672 1.822916666666663e-02 1.2e+01 8.08e-02  9e-03  3e-02 14:27.5
   88    704 1.416015625000000e-02 1.6e+01 1.16e-01  1e-02  4e-02 15:08.1
   92    736 1.741536458333337e-02 1.6e+01 1.23e-01  1e-02  4e-02 15:49.5
   96    768 1.822916666666663e-02 1.2e+01 9.59e-02  6e-03  2e-02 16:30.6
  100    800 1.757812500000000e-02 1.4e+01 8.34e-02  5e-03  2e-02 17:12.5
termination on maxiter=100
final/bestever f-value = 1.757812e-02 1.416016e-02
incumbent solution: [5.801715491321245, 5.814328853755192, 6.59814602237436, -0.30704961969072697]
std deviation: [0.01670254652271047, 0.016028478925123147, 0.005270002139750891, 0.018547541516910925]
CMAEvolutionStrategyResult(xbest=array([ 5.83088629,  5.79161611,  6.61420867, -0.25098207]), fbest=0.01416015625, evals_best=698, evaluations=800, iterations=100, xfavorite=array([ 5.80171549,  5.81432885,  6.59814602, -0.30704962]), stds=array([0.01670255, 0.01602848, 0.00527   , 0.01854754]), stop={'maxiter': 100})
6 10
(4_w,8)-aCMA-ES (mu_w=2.6,w_1=52%) in dimension 4 (seed=735452, Sun Jun 13 22:31:02 2021)
Iterat #Fevals   function value  axis ratio  sigma  min&max std  t[m:s]
    1      8 1.025390625000000e-01 1.0e+00 1.74e+00  2e+00  2e+00 0:10.5
    2     16 2.262369791666663e-02 1.5e+00 1.68e+00  2e+00  2e+00 0:20.8
    3     24 1.394856770833334e-01 1.5e+00 1.46e+00  1e+00  2e+00 0:31.1
    4     32 4.736328125000000e-02 1.5e+00 1.38e+00  1e+00  1e+00 0:41.0
    5     40 5.371093750000000e-03 1.4e+00 1.20e+00  9e-01  1e+00 0:51.6
    6     48 1.565755208333334e-01 1.5e+00 1.03e+00  8e-01  1e+00 1:02.2
    7     56 1.481119791666663e-02 1.7e+00 9.83e-01  8e-01  1e+00 1:12.0
    8     64 4.231770833333370e-03 1.8e+00 8.49e-01  6e-01  8e-01 1:22.1
    9     72 7.812500000000000e-03 2.1e+00 6.54e-01  5e-01  6e-01 1:32.6
   10     80 6.835937500000000e-03 2.1e+00 6.09e-01  4e-01  5e-01 1:43.0
   12     96 0.000000000000000e+00 2.5e+00 4.33e-01  3e-01  3e-01 2:03.4
termination on ftarget=1e-11
final/bestever f-value = 0.000000e+00 0.000000e+00
incumbent solution: [0.7742436933632831, -0.36095534162258314, 7.691548970594166, 1.5980324119158202]
std deviation: [0.32836596747264696, 0.31876874406927697, 0.2633998709994737, 0.3199043923724353]
CMAEvolutionStrategyResult(xbest=array([ 0.78854584, -0.40970806,  7.77668031,  1.56287039]), fbest=0.0, evals_best=93, evaluations=96, iterations=12, xfavorite=array([ 0.77424369, -0.36095534,  7.69154897,  1.59803241]), stds=array([0.32836597, 0.31876874, 0.26339987, 0.31990439]), stop={'ftarget': 1e-11})
7 10
(4_w,8)-aCMA-ES (mu_w=2.6,w_1=52%) in dimension 4 (seed=798056, Sun Jun 13 22:33:05 2021)
Iterat #Fevals   function value  axis ratio  sigma  min&max std  t[m:s]
    1      8 2.880859375000000e-01 1.0e+00 1.46e+00  1e+00  2e+00 0:10.3
    2     16 1.481119791666663e-02 1.2e+00 1.53e+00  1e+00  2e+00 0:20.9
    3     24 1.123046875000000e-01 1.4e+00 1.37e+00  1e+00  1e+00 0:30.7
    4     32 1.293945312500000e-01 1.3e+00 1.29e+00  1e+00  1e+00 0:40.9
    5     40 7.405598958333337e-02 1.3e+00 1.10e+00  8e-01  1e+00 0:51.3
    6     48 2.490234375000000e-02 1.4e+00 1.01e+00  7e-01  9e-01 1:01.4
    7     56 1.269531250000000e-02 1.5e+00 8.65e-01  6e-01  8e-01 1:11.8
    8     64 5.777994791666663e-02 1.5e+00 8.52e-01  6e-01  7e-01 1:22.2
    9     72 6.217447916666663e-02 1.5e+00 8.61e-01  5e-01  8e-01 1:33.2
   10     80 5.468750000000000e-02 1.6e+00 8.31e-01  5e-01  7e-01 1:43.6
   11     88 2.311197916666663e-02 1.9e+00 8.61e-01  5e-01  8e-01 1:53.8
   13    104 4.833984375000000e-02 2.0e+00 9.58e-01  7e-01  7e-01 2:14.4
   15    120 3.206380208333337e-02 2.4e+00 9.05e-01  5e-01  7e-01 2:34.9
   17    136 4.069010416666630e-03 2.4e+00 8.64e-01  5e-01  7e-01 2:55.9
   19    152 5.859375000000000e-03 3.0e+00 7.38e-01  5e-01  6e-01 3:16.9
   21    168 3.255208333333370e-03 3.3e+00 5.13e-01  3e-01  4e-01 3:36.9
   23    184 1.139322916666630e-03 3.1e+00 4.59e-01  2e-01  3e-01 3:57.1
   25    200 3.417968750000000e-03 3.9e+00 3.85e-01  2e-01  3e-01 4:18.1
   27    216 6.510416666666297e-04 3.7e+00 2.96e-01  1e-01  2e-01 4:39.1
   29    232 3.255208333333703e-04 6.0e+00 3.42e-01  2e-01  2e-01 5:00.3
   31    248 1.627604166666297e-04 6.0e+00 2.56e-01  1e-01  2e-01 5:20.5
   32    256 0.000000000000000e+00 6.1e+00 2.21e-01  1e-01  1e-01 5:31.1
termination on ftarget=1e-11
final/bestever f-value = 0.000000e+00 0.000000e+00
incumbent solution: [1.6230340384870114, 1.2039540210159905, 1.687502307693875, 1.7021099385799214]
std deviation: [0.11247750878251045, 0.12833070378539746, 0.115189262867387, 0.11944764734979868]
CMAEvolutionStrategyResult(xbest=array([1.59628754, 1.21483471, 1.70912446, 1.67296743]), fbest=0.0, evals_best=255, evaluations=256, iterations=32, xfavorite=array([1.62303404, 1.20395402, 1.68750231, 1.70210994]), stds=array([0.11247751, 0.1283307 , 0.11518926, 0.11944765]), stop={'ftarget': 1e-11})
8 10
(4_w,8)-aCMA-ES (mu_w=2.6,w_1=52%) in dimension 4 (seed=723554, Sun Jun 13 22:38:37 2021)
Iterat #Fevals   function value  axis ratio  sigma  min&max std  t[m:s]
    1      8 1.375325520833334e-01 1.0e+00 1.93e+00  2e+00  2e+00 0:10.3
    2     16 3.824869791666663e-02 1.4e+00 1.95e+00  2e+00  2e+00 0:21.0
    3     24 1.110026041666666e-01 1.3e+00 2.02e+00  2e+00  3e+00 0:30.9
    4     32 2.093098958333334e-01 1.8e+00 2.11e+00  2e+00  3e+00 0:41.3
    5     40 2.799479166666666e-01 1.8e+00 2.18e+00  2e+00  3e+00 0:51.5
    6     48 2.490234375000000e-01 1.6e+00 2.23e+00  2e+00  3e+00 1:03.4
    7     56 7.145182291666663e-02 1.8e+00 1.86e+00  1e+00  2e+00 1:14.0
    8     64 6.575520833333337e-02 1.6e+00 1.86e+00  1e+00  2e+00 1:24.9
    9     72 6.412760416666663e-02 2.1e+00 2.07e+00  1e+00  3e+00 1:35.4
   10     80 2.167968750000000e-01 2.7e+00 1.80e+00  1e+00  3e+00 1:45.8
   12     96 7.682291666666663e-02 2.6e+00 1.54e+00  1e+00  2e+00 2:05.5
   14    112 9.602864583333337e-02 2.7e+00 1.29e+00  8e-01  2e+00 2:25.8
   16    128 4.313151041666663e-02 2.4e+00 9.19e-01  6e-01  1e+00 2:46.1
   18    144 2.701822916666663e-02 2.3e+00 6.79e-01  4e-01  6e-01 3:07.4
   20    160 3.043619791666663e-02 2.5e+00 5.88e-01  3e-01  5e-01 3:27.7
   22    176 6.510416666666297e-04 2.9e+00 4.29e-01  2e-01  3e-01 3:48.3
   24    192 6.510416666666297e-04 3.0e+00 2.85e-01  1e-01  2e-01 4:09.6
   26    208 1.627604166666297e-04 2.9e+00 2.22e-01  8e-02  1e-01 4:30.7
   27    216 0.000000000000000e+00 2.6e+00 2.22e-01  8e-02  1e-01 4:40.9
termination on ftarget=1e-11
final/bestever f-value = 0.000000e+00 0.000000e+00
incumbent solution: [0.7784672436528538, 4.541031141603536, 4.240554706000746, 4.135062386174957]
std deviation: [0.07738423720039514, 0.12608961471033248, 0.11494026786232, 0.13002985757678284]
CMAEvolutionStrategyResult(xbest=array([0.79275883, 4.65789373, 4.31011228, 3.99528638]), fbest=0.0, evals_best=213, evaluations=216, iterations=27, xfavorite=array([0.77846724, 4.54103114, 4.24055471, 4.13506239]), stds=array([0.07738424, 0.12608961, 0.11494027, 0.13002986]), stop={'ftarget': 1e-11})
9 10
(4_w,8)-aCMA-ES (mu_w=2.6,w_1=52%) in dimension 4 (seed=733205, Sun Jun 13 22:43:18 2021)
Iterat #Fevals   function value  axis ratio  sigma  min&max std  t[m:s]
    1      8 2.672526041666666e-01 1.0e+00 1.41e+00  1e+00  1e+00 0:10.4
    2     16 8.919270833333337e-02 1.3e+00 1.84e+00  2e+00  2e+00 0:20.9
    3     24 2.485351562500000e-01 1.7e+00 1.97e+00  2e+00  2e+00 0:31.1
    4     32 4.199218750000000e-02 2.1e+00 1.77e+00  2e+00  2e+00 0:41.4
    5     40 7.617187500000000e-02 1.9e+00 1.82e+00  2e+00  2e+00 0:51.5
    6     48 3.020833333333334e-01 2.1e+00 1.77e+00  2e+00  2e+00 1:01.6
    7     56 5.989583333333337e-02 2.2e+00 1.67e+00  2e+00  2e+00 1:11.6
    8     64 2.361653645833334e-01 2.4e+00 1.69e+00  1e+00  2e+00 1:22.1
    9     72 2.379557291666666e-01 2.1e+00 1.34e+00  1e+00  1e+00 1:32.5
   10     80 8.300781250000000e-02 2.0e+00 1.26e+00  1e+00  1e+00 1:42.6
   11     88 6.445312500000000e-02 2.5e+00 1.18e+00  1e+00  1e+00 1:53.5
   13    104 2.265625000000000e-01 2.1e+00 1.20e+00  9e-01  1e+00 2:14.6
   15    120 3.743489583333337e-02 2.2e+00 9.30e-01  6e-01  9e-01 2:35.0
   17    136 8.251953125000000e-02 2.6e+00 1.04e+00  6e-01  1e+00 2:54.8
   19    152 7.324218750000000e-03 2.6e+00 7.42e-01  4e-01  8e-01 3:15.7
   21    168 1.464843750000000e-03 2.7e+00 5.67e-01  3e-01  6e-01 3:35.9
   23    184 2.929687500000000e-03 3.2e+00 4.97e-01  2e-01  6e-01 3:56.4
   25    200 4.882812500000000e-04 3.4e+00 3.60e-01  1e-01  4e-01 4:17.3
   27    216 0.000000000000000e+00 4.5e+00 2.87e-01  1e-01  3e-01 4:38.4
termination on ftarget=1e-11
final/bestever f-value = 0.000000e+00 0.000000e+00
incumbent solution: [-1.8116709206509172, 2.20060708548702, 7.025168558079728, 2.608059201043805]
std deviation: [0.11591940153198683, 0.12782014316844137, 0.32757224073848845, 0.09677506202690228]
CMAEvolutionStrategyResult(xbest=array([-1.81513338,  2.15917968,  7.08495512,  2.64565272]), fbest=0.0, evals_best=209, evaluations=216, iterations=27, xfavorite=array([-1.81167092,  2.20060709,  7.02516856,  2.6080592 ]), stds=array([0.1159194 , 0.12782014, 0.32757224, 0.09677506]), stop={'ftarget': 1e-11})
