0 10
(4_w,8)-aCMA-ES (mu_w=2.6,w_1=52%) in dimension 4 (seed=814343, Mon Jun 14 16:24:46 2021)
circuitVTD.py:339: DeprecationWarning: The QuantumCircuit.__add__() method is being deprecated.Use the compose() method which is more flexible w.r.t circuit register compatibility.
  TrotterFixStepList.append(TrotterFixStepList[-1] + U_trot)
/home/nfb1/.local/lib/python3.7/site-packages/qiskit/circuit/quantumcircuit.py:869: DeprecationWarning: The QuantumCircuit.combine() method is being deprecated. Use the compose() method which is more flexible w.r.t circuit register compatibility.
  return self.combine(rhs)
Iterat #Fevals   function value  axis ratio  sigma  min&max std  t[m:s]
    1      8 1.536865234375009e-01 1.0e+00 1.29e+00  1e+00  1e+00 0:07.2
    2     16 1.489868164062503e-01 1.2e+00 1.16e+00  1e+00  1e+00 0:14.4
    3     24 1.401367187500004e-01 1.2e+00 1.20e+00  1e+00  1e+00 0:21.6
    4     32 1.857299804687510e-01 1.3e+00 1.54e+00  1e+00  2e+00 0:28.8
    5     40 2.256469726562512e-01 1.6e+00 1.89e+00  2e+00  3e+00 0:35.9
    6     48 2.576293945312507e-01 2.0e+00 2.04e+00  2e+00  3e+00 0:43.1
    7     56 2.240600585937507e-01 2.1e+00 2.08e+00  2e+00  3e+00 0:50.3
    8     64 3.065185546875006e-01 2.2e+00 2.23e+00  2e+00  3e+00 0:57.7
   10     80 2.084960937500000e-01 2.6e+00 2.02e+00  1e+00  3e+00 1:12.1
   12     96 2.623291015625007e-01 3.2e+00 2.36e+00  2e+00  3e+00 1:26.7
   14    112 2.329711914062502e-01 4.2e+00 3.85e+00  3e+00  6e+00 1:41.0
   16    128 2.832031250000122e-02 5.4e+00 4.99e+00  4e+00  8e+00 1:56.1
   18    144 1.146240234375008e-01 5.5e+00 5.74e+00  4e+00  1e+01 2:10.9
   20    160 4.454956054687500e-01 6.3e+00 7.10e+00  4e+00  1e+01 2:25.3
   22    176 5.000000000000002e-01 7.7e+00 9.05e+00  5e+00  2e+01 2:39.8
   25    200 3.438720703125004e-01 8.7e+00 9.64e+00  6e+00  2e+01 3:02.0
   28    224 4.900512695312499e-01 1.3e+01 7.50e+00  5e+00  2e+01 3:24.2
   31    248 4.744262695312507e-01 1.8e+01 6.05e+00  3e+00  1e+01 3:45.9
   34    272 1.784667968750006e-01 2.5e+01 6.24e+00  4e+00  1e+01 4:07.9
   37    296 5.205688476562501e-01 1.6e+01 6.44e+00  4e+00  1e+01 4:30.3
   40    320 3.216552734375007e-01 2.0e+01 7.12e+00  4e+00  1e+01 4:52.6
   43    344 2.279663085937501e-01 2.1e+01 7.95e+00  5e+00  1e+01 5:14.8
   46    368 4.692382812500003e-01 2.7e+01 9.07e+00  8e+00  2e+01 5:37.2
   50    400 4.301757812500006e-01 3.5e+01 1.19e+01  1e+01  3e+01 6:06.9
   54    432 2.299804687500000e-01 5.5e+01 1.18e+01  1e+01  3e+01 6:36.3
   57    456 -2.075195312499556e-03 5.8e+01 1.26e+01  1e+01  3e+01 6:58.1
termination on ftarget=1e-11
final/bestever f-value = -2.075195e-03 -2.075195e-03
incumbent solution: [-69.66597629534226, 39.52456159232361, 93.76822740404327, -69.24857649024264]
std deviation: [21.69906605634536, 13.233311280509872, 33.581467451166866, 19.64901853552144]
CMAEvolutionStrategyResult(xbest=array([-74.41449681,  39.83924788,  94.39728627, -69.35827121]), fbest=-0.002075195312499556, evals_best=455, evaluations=456, iterations=57, xfavorite=array([-69.6659763 ,  39.52456159,  93.7682274 , -69.24857649]), stds=array([21.69906606, 13.23331128, 33.58146745, 19.64901854]), stop={'ftarget': 1e-11})
1 10
(4_w,8)-aCMA-ES (mu_w=2.6,w_1=52%) in dimension 4 (seed=839984, Mon Jun 14 16:31:44 2021)
Iterat #Fevals   function value  axis ratio  sigma  min&max std  t[m:s]
    1      8 3.211669921875004e-01 1.0e+00 1.51e+00  1e+00  2e+00 0:08.4
    2     16 4.749145507812501e-01 1.4e+00 1.52e+00  1e+00  2e+00 0:16.8
    3     24 3.171386718750001e-01 1.7e+00 1.35e+00  1e+00  2e+00 0:25.9
    4     32 3.814697265625003e-01 1.9e+00 1.26e+00  9e-01  2e+00 0:34.5
    5     40 5.010986328125022e-02 2.3e+00 1.19e+00  9e-01  1e+00 0:43.0
    6     48 1.566772460937509e-01 2.5e+00 1.04e+00  7e-01  1e+00 0:51.9
    7     56 1.372680664062508e-01 2.4e+00 9.40e-01  6e-01  9e-01 1:00.2
    8     64 6.506347656250011e-02 2.0e+00 8.45e-01  6e-01  8e-01 1:08.8
    9     72 -2.441406250000000e-04 2.3e+00 8.45e-01  6e-01  7e-01 1:17.2
termination on ftarget=1e-11
final/bestever f-value = -2.441406e-04 -2.441406e-04
incumbent solution: [0.8605318924323718, 1.5083570071148176, 2.9059951690280266, 7.412976570870337]
std deviation: [0.5792707465655704, 0.7373344749896451, 0.5837868809148496, 0.721576184771693]
CMAEvolutionStrategyResult(xbest=array([0.4656339 , 1.4415055 , 3.42484866, 7.3052619 ]), fbest=-0.000244140625, evals_best=72, evaluations=72, iterations=9, xfavorite=array([0.86053189, 1.50835701, 2.90599517, 7.41297657]), stds=array([0.57927075, 0.73733447, 0.58378688, 0.72157618]), stop={'ftarget': 1e-11})
2 10
(4_w,8)-aCMA-ES (mu_w=2.6,w_1=52%) in dimension 4 (seed=848294, Mon Jun 14 16:33:01 2021)
Iterat #Fevals   function value  axis ratio  sigma  min&max std  t[m:s]
    1      8 2.124633789062507e-01 1.0e+00 1.46e+00  1e+00  2e+00 0:08.9
    2     16 3.476562500000001e-01 1.5e+00 1.42e+00  1e+00  2e+00 0:17.8
    3     24 3.663940429687502e-01 1.6e+00 1.21e+00  9e-01  1e+00 0:26.4
    4     32 2.390747070312500e-01 1.7e+00 1.22e+00  8e-01  1e+00 0:35.3
    5     40 9.014892578125011e-02 2.2e+00 1.07e+00  7e-01  1e+00 0:43.9
    6     48 1.100463867187503e-01 2.2e+00 1.04e+00  7e-01  1e+00 0:53.2
    7     56 2.631225585937507e-01 2.1e+00 1.10e+00  7e-01  1e+00 1:01.9
    8     64 1.469726562500004e-01 2.3e+00 1.01e+00  6e-01  1e+00 1:10.6
    9     72 -4.797363281249978e-02 2.7e+00 9.00e-01  5e-01  1e+00 1:19.6
termination on ftarget=1e-11
final/bestever f-value = -4.797363e-02 -4.797363e-02
incumbent solution: [8.063705505503712, 4.434340150079035, 4.949555400160104, -1.8089702105102123]
std deviation: [0.6192897639756371, 0.5167758144155923, 1.0692493182563925, 0.7290805113870193]
CMAEvolutionStrategyResult(xbest=array([ 8.05066014,  4.69938747,  5.8624559 , -1.90142937]), fbest=-0.04797363281249978, evals_best=72, evaluations=72, iterations=9, xfavorite=array([ 8.06370551,  4.43434015,  4.9495554 , -1.80897021]), stds=array([0.61928976, 0.51677581, 1.06924932, 0.72908051]), stop={'ftarget': 1e-11})
3 10
(4_w,8)-aCMA-ES (mu_w=2.6,w_1=52%) in dimension 4 (seed=787656, Mon Jun 14 16:34:21 2021)
Iterat #Fevals   function value  axis ratio  sigma  min&max std  t[m:s]
    1      8 1.905517578125000e-01 1.0e+00 1.56e+00  1e+00  2e+00 0:08.4
    2     16 3.120727539062501e-01 1.4e+00 1.46e+00  1e+00  2e+00 0:17.2
    3     24 5.054321289062500e-01 1.7e+00 1.45e+00  1e+00  2e+00 0:25.6
    4     32 1.854248046875004e-01 1.8e+00 1.30e+00  1e+00  1e+00 0:34.0
    5     40 2.909545898437503e-01 1.8e+00 1.30e+00  1e+00  1e+00 0:42.7
    6     48 2.207031250000001e-01 1.9e+00 1.02e+00  7e-01  1e+00 0:51.4
    7     56 1.375732421875009e-01 1.9e+00 8.64e-01  6e-01  8e-01 1:00.1
    8     64 1.870117187500004e-01 2.1e+00 8.88e-01  6e-01  9e-01 1:08.7
    9     72 3.308715820312504e-01 2.4e+00 8.91e-01  6e-01  9e-01 1:17.5
   11     88 2.474975585937503e-01 2.4e+00 8.38e-01  5e-01  8e-01 1:34.6
   13    104 1.245117187500007e-01 2.1e+00 8.26e-01  5e-01  7e-01 1:52.0
   15    120 6.433105468749967e-02 2.1e+00 6.56e-01  4e-01  5e-01 2:09.2
   17    136 3.576660156250067e-02 2.5e+00 5.60e-01  3e-01  4e-01 2:27.0
   19    152 -8.361816406249556e-03 2.7e+00 4.77e-01  3e-01  4e-01 2:44.6
termination on ftarget=1e-11
final/bestever f-value = -8.361816e-03 -8.361816e-03
incumbent solution: [0.13112844975108678, 2.994746461591489, 3.032306107818794, 1.4391838944918813]
std deviation: [0.25127179486002665, 0.3347992010815328, 0.2764975823303554, 0.3513366091586176]
CMAEvolutionStrategyResult(xbest=array([-0.09371504,  3.22789024,  3.08342036,  1.2295866 ]), fbest=-0.008361816406249556, evals_best=152, evaluations=152, iterations=19, xfavorite=array([0.13112845, 2.99474646, 3.03230611, 1.43918389]), stds=array([0.25127179, 0.3347992 , 0.27649758, 0.35133661]), stop={'ftarget': 1e-11})
4 10
(4_w,8)-aCMA-ES (mu_w=2.6,w_1=52%) in dimension 4 (seed=765586, Mon Jun 14 16:37:06 2021)
Iterat #Fevals   function value  axis ratio  sigma  min&max std  t[m:s]
    1      8 1.149902343750004e-01 1.0e+00 1.41e+00  1e+00  1e+00 0:09.0
    2     16 1.820068359375002e-01 1.3e+00 1.43e+00  1e+00  1e+00 0:17.6
    3     24 1.768798828125002e-01 1.6e+00 1.33e+00  1e+00  1e+00 0:26.4
    4     32 2.739257812499999e-01 2.0e+00 1.20e+00  1e+00  1e+00 0:34.7
    5     40 -1.454467773437500e-01 2.1e+00 8.97e-01  7e-01  1e+00 0:43.2
termination on ftarget=1e-11
final/bestever f-value = -1.454468e-01 -1.454468e-01
incumbent solution: [3.7721758034202617, 0.5702506394798653, 4.585635790633831, 4.474494757646228]
std deviation: [0.7256655238633462, 0.9731544217909032, 0.8144550243140296, 0.7762610281921324]
CMAEvolutionStrategyResult(xbest=array([3.46853062, 1.77452447, 3.81029229, 4.42850332]), fbest=-0.14544677734375, evals_best=40, evaluations=40, iterations=5, xfavorite=array([3.7721758 , 0.57025064, 4.58563579, 4.47449476]), stds=array([0.72566552, 0.97315442, 0.81445502, 0.77626103]), stop={'ftarget': 1e-11})
5 10
(4_w,8)-aCMA-ES (mu_w=2.6,w_1=52%) in dimension 4 (seed=768090, Mon Jun 14 16:37:49 2021)
Iterat #Fevals   function value  axis ratio  sigma  min&max std  t[m:s]
    1      8 2.624511718750001e-01 1.0e+00 1.39e+00  1e+00  1e+00 0:08.8
    2     16 2.040405273437503e-01 1.3e+00 1.42e+00  1e+00  1e+00 0:17.2
    3     24 3.903198242187498e-01 1.5e+00 1.20e+00  1e+00  1e+00 0:25.6
    4     32 3.332519531250078e-02 1.3e+00 1.03e+00  8e-01  1e+00 0:34.5
    5     40 1.647949218750009e-01 1.4e+00 9.07e-01  6e-01  9e-01 0:43.2
    6     48 8.105468750000067e-02 1.8e+00 8.00e-01  5e-01  8e-01 0:51.8
    7     56 1.580200195312501e-01 2.2e+00 8.54e-01  6e-01  8e-01 1:00.6
    8     64 -6.506347656249911e-02 2.6e+00 1.02e+00  7e-01  1e+00 1:09.4
termination on ftarget=1e-11
final/bestever f-value = -6.506348e-02 -6.506348e-02
incumbent solution: [-1.3048547724100066, 1.4417552171251955, 5.877442405837194, 4.867565401308373]
std deviation: [1.0078104420867904, 0.7067782303127692, 0.9472714916395877, 0.9400139065483901]
CMAEvolutionStrategyResult(xbest=array([-1.44726393,  1.4891612 ,  5.5071511 ,  5.0450575 ]), fbest=-0.06506347656249911, evals_best=60, evaluations=64, iterations=8, xfavorite=array([-1.30485477,  1.44175522,  5.87744241,  4.8675654 ]), stds=array([1.00781044, 0.70677823, 0.94727149, 0.94001391]), stop={'ftarget': 1e-11})
6 10
(4_w,8)-aCMA-ES (mu_w=2.6,w_1=52%) in dimension 4 (seed=878149, Mon Jun 14 16:38:58 2021)
Iterat #Fevals   function value  axis ratio  sigma  min&max std  t[m:s]
    1      8 1.909179687500006e-01 1.0e+00 1.51e+00  1e+00  2e+00 0:08.5
    2     16 2.201538085937494e-01 1.3e+00 1.38e+00  1e+00  1e+00 0:17.2
    3     24 2.736206054687501e-01 1.4e+00 1.37e+00  1e+00  1e+00 0:26.2
    4     32 1.404418945312504e-01 1.4e+00 1.43e+00  1e+00  2e+00 0:34.8
    5     40 3.940429687500002e-01 1.7e+00 1.45e+00  1e+00  2e+00 0:43.5
    6     48 2.374877929687506e-01 2.0e+00 1.19e+00  9e-01  1e+00 0:52.1
    7     56 1.118774414062507e-01 2.3e+00 1.06e+00  8e-01  1e+00 1:00.8
    8     64 1.292114257812501e-01 2.5e+00 9.88e-01  7e-01  1e+00 1:09.3
    9     72 1.600341796875001e-01 2.3e+00 8.86e-01  6e-01  9e-01 1:18.0
   11     88 1.779174804687512e-01 2.4e+00 8.86e-01  6e-01  1e+00 1:35.1
   13    104 1.306762695312504e-01 2.6e+00 8.02e-01  5e-01  8e-01 1:52.3
   15    120 9.753417968750033e-02 2.7e+00 7.24e-01  4e-01  7e-01 2:09.3
   17    136 1.082763671875003e-01 2.9e+00 5.74e-01  3e-01  5e-01 2:26.6
   19    152 -4.882812500000000e-04 3.2e+00 4.53e-01  2e-01  4e-01 2:43.5
termination on ftarget=1e-11
final/bestever f-value = -4.882812e-04 -4.882812e-04
incumbent solution: [3.3046064852726946, 0.35624492654068735, 6.172779997784741, 1.860070131210008]
std deviation: [0.3362315360324463, 0.25119522624588986, 0.3631164081148354, 0.24499805824597798]
CMAEvolutionStrategyResult(xbest=array([3.59901699, 0.27020594, 6.22039782, 2.0313177 ]), fbest=-0.00048828125, evals_best=148, evaluations=152, iterations=19, xfavorite=array([3.30460649, 0.35624493, 6.17278   , 1.86007013]), stds=array([0.33623154, 0.25119523, 0.36311641, 0.24499806]), stop={'ftarget': 1e-11})
7 10
(4_w,8)-aCMA-ES (mu_w=2.6,w_1=52%) in dimension 4 (seed=776702, Mon Jun 14 16:41:42 2021)
Iterat #Fevals   function value  axis ratio  sigma  min&max std  t[m:s]
    1      8 1.495971679687502e-01 1.0e+00 1.38e+00  1e+00  1e+00 0:09.2
    2     16 2.553710937500001e-01 1.2e+00 1.37e+00  1e+00  1e+00 0:17.6
    3     24 1.884155273437499e-01 1.5e+00 1.32e+00  1e+00  1e+00 0:26.6
    4     32 3.690185546875003e-01 1.7e+00 1.30e+00  1e+00  1e+00 0:35.8
    5     40 1.245727539062498e-01 2.0e+00 1.09e+00  8e-01  1e+00 0:44.4
    6     48 1.579589843750008e-01 2.1e+00 1.34e+00  1e+00  2e+00 0:53.1
    7     56 1.041259765625003e-01 2.4e+00 1.48e+00  1e+00  2e+00 1:02.0
    8     64 9.906005859374989e-02 2.8e+00 1.31e+00  1e+00  2e+00 1:10.6
    9     72 3.266601562500001e-01 2.9e+00 1.11e+00  8e-01  1e+00 1:19.7
   11     88 1.733398437500001e-01 3.2e+00 1.05e+00  8e-01  1e+00 1:36.7
   13    104 1.112670898437503e-01 3.9e+00 9.92e-01  7e-01  1e+00 1:54.4
   15    120 2.217407226562506e-01 4.4e+00 1.37e+00  8e-01  2e+00 2:12.0
   17    136 -4.846191406249978e-02 3.7e+00 1.14e+00  6e-01  1e+00 2:29.4
termination on ftarget=1e-11
final/bestever f-value = -4.846191e-02 -4.846191e-02
incumbent solution: [4.236252680220085, 3.637630362661371, 4.707474403022428, 4.24048137467639]
std deviation: [0.5991748597819612, 0.5730170319669284, 0.7748617586750575, 1.2656669778046707]
CMAEvolutionStrategyResult(xbest=array([4.30314295, 3.58581821, 4.75859293, 4.44841767]), fbest=-0.04846191406249978, evals_best=134, evaluations=136, iterations=17, xfavorite=array([4.23625268, 3.63763036, 4.7074744 , 4.24048137]), stds=array([0.59917486, 0.57301703, 0.77486176, 1.26566698]), stop={'ftarget': 1e-11})
8 10
(4_w,8)-aCMA-ES (mu_w=2.6,w_1=52%) in dimension 4 (seed=877028, Mon Jun 14 16:44:11 2021)
Iterat #Fevals   function value  axis ratio  sigma  min&max std  t[m:s]
    1      8 4.384155273437501e-01 1.0e+00 1.49e+00  1e+00  2e+00 0:08.7
    2     16 2.265625000000012e-01 1.2e+00 1.17e+00  9e-01  1e+00 0:17.6
    3     24 3.232421875000002e-01 1.4e+00 1.09e+00  9e-01  1e+00 0:26.0
    4     32 1.636352539062503e-01 1.4e+00 1.10e+00  9e-01  1e+00 0:34.9
    5     40 1.326904296875001e-01 1.5e+00 9.62e-01  7e-01  9e-01 0:43.5
    6     48 1.976928710937506e-01 1.5e+00 8.40e-01  6e-01  7e-01 0:52.0
    7     56 9.100341796875011e-02 1.5e+00 8.49e-01  6e-01  7e-01 1:01.0
    8     64 6.231689453125056e-02 1.8e+00 7.56e-01  6e-01  6e-01 1:09.6
    9     72 1.166381835937509e-01 2.0e+00 6.40e-01  5e-01  5e-01 1:18.1
   11     88 4.736328125000044e-02 2.0e+00 4.72e-01  3e-01  3e-01 1:35.6
   13    104 -5.737304687499556e-03 1.9e+00 3.92e-01  2e-01  3e-01 1:52.5
termination on ftarget=1e-11
final/bestever f-value = -5.737305e-03 -5.737305e-03
incumbent solution: [1.3686344072363827, 6.207628099637585, -0.8171525366587904, 2.642345662898444]
std deviation: [0.25056577308664435, 0.23831747601513098, 0.247113519135584, 0.24679876073197213]
CMAEvolutionStrategyResult(xbest=array([ 1.58224037,  6.20802649, -0.66141556,  2.57126082]), fbest=-0.005737304687499556, evals_best=103, evaluations=104, iterations=13, xfavorite=array([ 1.36863441,  6.2076281 , -0.81715254,  2.64234566]), stds=array([0.25056577, 0.23831748, 0.24711352, 0.24679876]), stop={'ftarget': 1e-11})
9 10
(4_w,8)-aCMA-ES (mu_w=2.6,w_1=52%) in dimension 4 (seed=756785, Mon Jun 14 16:46:04 2021)
Iterat #Fevals   function value  axis ratio  sigma  min&max std  t[m:s]
    1      8 6.256713867187500e-01 1.0e+00 1.58e+00  1e+00  2e+00 0:08.6
    2     16 6.058959960937507e-01 1.5e+00 1.60e+00  1e+00  2e+00 0:17.0
    3     24 3.191528320312503e-01 1.7e+00 1.93e+00  2e+00  2e+00 0:26.2
    4     32 1.826171875000010e-01 1.8e+00 1.80e+00  2e+00  2e+00 0:34.6
    5     40 5.119628906250002e-01 1.8e+00 2.00e+00  2e+00  2e+00 0:43.5
    6     48 1.701660156250008e-01 1.8e+00 2.07e+00  2e+00  3e+00 0:52.1
    7     56 2.634887695312507e-01 2.0e+00 2.08e+00  2e+00  3e+00 1:00.9
    8     64 2.643432617187503e-01 2.7e+00 2.13e+00  2e+00  3e+00 1:09.6
    9     72 6.923217773437503e-01 2.9e+00 2.15e+00  2e+00  3e+00 1:18.6
   11     88 -2.441406249999556e-03 2.2e+00 3.46e+00  3e+00  5e+00 1:35.8
termination on ftarget=1e-11
final/bestever f-value = -2.441406e-03 -2.441406e-03
incumbent solution: [-1.2009904049566114, 8.934942763318519, 7.420739989980749, 1.1620078460690815]
std deviation: [4.507569639246862, 3.8698109613426266, 3.4239350720748982, 3.4373187240186054]
CMAEvolutionStrategyResult(xbest=array([-4.57507242, 12.35785352,  7.70321558, -1.54762791]), fbest=-0.002441406249999556, evals_best=83, evaluations=88, iterations=11, xfavorite=array([-1.2009904 ,  8.93494276,  7.42073999,  1.16200785]), stds=array([4.50756964, 3.86981096, 3.42393507, 3.43731872]), stop={'ftarget': 1e-11})
