0 10
(4_w,8)-aCMA-ES (mu_w=2.6,w_1=52%) in dimension 4 (seed=792281, Mon Jun 14 16:24:59 2021)
circuitVTD.py:339: DeprecationWarning: The QuantumCircuit.__add__() method is being deprecated.Use the compose() method which is more flexible w.r.t circuit register compatibility.
  TrotterFixStepList.append(TrotterFixStepList[-1] + U_trot)
/home/nfb1/.local/lib/python3.7/site-packages/qiskit/circuit/quantumcircuit.py:869: DeprecationWarning: The QuantumCircuit.combine() method is being deprecated. Use the compose() method which is more flexible w.r.t circuit register compatibility.
  return self.combine(rhs)
Iterat #Fevals   function value  axis ratio  sigma  min&max std  t[m:s]
    1      8 2.215423583984382e-01 1.0e+00 1.38e+00  1e+00  1e+00 0:12.3
    2     16 1.913452148437509e-01 1.3e+00 1.45e+00  1e+00  2e+00 0:24.6
    3     24 3.544921875000013e-01 1.4e+00 1.14e+00  9e-01  1e+00 0:37.2
    4     32 3.109436035156253e-01 1.6e+00 1.08e+00  9e-01  1e+00 0:49.5
    5     40 2.921600341796883e-01 1.6e+00 8.84e-01  7e-01  9e-01 1:02.0
    6     48 9.681701660156339e-02 1.7e+00 7.41e-01  5e-01  7e-01 1:14.5
    7     56 2.688598632812498e-01 1.9e+00 7.60e-01  6e-01  7e-01 1:26.9
    8     64 2.688751220703131e-01 2.0e+00 8.36e-01  7e-01  8e-01 1:39.2
    9     72 1.637573242187508e-01 2.3e+00 7.82e-01  6e-01  7e-01 1:51.4
   10     80 1.058197021484376e-01 2.6e+00 7.28e-01  5e-01  7e-01 2:03.8
   11     88 5.754089355468761e-02 2.6e+00 6.02e-01  4e-01  5e-01 2:16.2
   12     96 -2.168273925781228e-02 2.5e+00 5.88e-01  3e-01  5e-01 2:28.7
termination on ftarget=1e-11
final/bestever f-value = -2.168274e-02 -2.168274e-02
incumbent solution: [2.0015238071058645, 4.831909897277725, 3.136275391636188, 2.2894897745908236]
std deviation: [0.486356342410348, 0.4873368412722061, 0.46913766488368397, 0.33311741643435844]
CMAEvolutionStrategyResult(xbest=array([2.21073886, 4.64665641, 3.21149045, 2.14914251]), fbest=-0.021682739257812278, evals_best=90, evaluations=96, iterations=12, xfavorite=array([2.00152381, 4.8319099 , 3.13627539, 2.28948977]), stds=array([0.48635634, 0.48733684, 0.46913766, 0.33311742]), stop={'ftarget': 1e-11})
1 10
(4_w,8)-aCMA-ES (mu_w=2.6,w_1=52%) in dimension 4 (seed=814078, Mon Jun 14 16:27:28 2021)
Iterat #Fevals   function value  axis ratio  sigma  min&max std  t[m:s]
    1      8 2.162017822265629e-01 1.0e+00 1.40e+00  1e+00  1e+00 0:13.6
    2     16 3.184204101562501e-01 1.2e+00 1.33e+00  1e+00  1e+00 0:27.0
    3     24 2.199249267578124e-01 1.6e+00 1.10e+00  1e+00  1e+00 0:40.6
    4     32 1.685485839843752e-01 1.8e+00 1.00e+00  8e-01  1e+00 0:54.3
    5     40 1.126251220703128e-01 2.0e+00 8.24e-01  7e-01  8e-01 1:08.4
    6     48 1.998748779296875e-01 2.3e+00 7.63e-01  6e-01  8e-01 1:22.0
    7     56 1.052856445312508e-01 2.5e+00 6.96e-01  5e-01  7e-01 1:35.7
    8     64 2.899169921875033e-02 2.7e+00 6.43e-01  5e-01  7e-01 1:49.6
    9     72 1.287841796875004e-01 3.3e+00 5.41e-01  3e-01  6e-01 2:03.2
   10     80 7.099914550781283e-02 3.8e+00 5.48e-01  3e-01  6e-01 2:16.8
   11     88 6.867980957031272e-02 3.8e+00 5.35e-01  3e-01  6e-01 2:30.3
   12     96 7.781982421875000e-04 4.5e+00 4.75e-01  3e-01  6e-01 2:43.8
   13    104 7.084655761718783e-02 4.9e+00 4.01e-01  2e-01  5e-01 2:57.2
   14    112 4.745483398437578e-02 4.8e+00 3.32e-01  2e-01  4e-01 3:11.0
   16    128 1.376342773437511e-02 4.6e+00 3.23e-01  2e-01  4e-01 3:38.0
   18    144 1.777648925781272e-02 4.7e+00 2.39e-01  1e-01  3e-01 4:05.4
   19    152 -1.141357421874956e-02 4.8e+00 2.08e-01  9e-02  2e-01 4:19.0
termination on ftarget=1e-11
final/bestever f-value = -1.141357e-02 -1.141357e-02
incumbent solution: [2.171147021311543, 3.972235786954294, -0.4062869612060098, 2.5683536910350413]
std deviation: [0.10389254279095159, 0.2026475281643691, 0.21160443969082204, 0.08693894051353074]
CMAEvolutionStrategyResult(xbest=array([ 2.16569608,  4.15336193, -0.55766605,  2.59878231]), fbest=-0.011413574218749556, evals_best=149, evaluations=152, iterations=19, xfavorite=array([ 2.17114702,  3.97223579, -0.40628696,  2.56835369]), stds=array([0.10389254, 0.20264753, 0.21160444, 0.08693894]), stop={'ftarget': 1e-11})
2 10
(4_w,8)-aCMA-ES (mu_w=2.6,w_1=52%) in dimension 4 (seed=830414, Mon Jun 14 16:31:47 2021)
Iterat #Fevals   function value  axis ratio  sigma  min&max std  t[m:s]
    1      8 4.877929687499998e-01 1.0e+00 1.44e+00  1e+00  2e+00 0:14.9
    2     16 3.279876708984377e-01 1.2e+00 1.65e+00  1e+00  2e+00 0:28.7
    3     24 3.778839111328127e-01 1.5e+00 1.52e+00  1e+00  2e+00 0:42.2
    4     32 3.383483886718752e-01 1.5e+00 1.41e+00  1e+00  2e+00 0:55.6
    5     40 4.710845947265628e-01 1.6e+00 1.20e+00  9e-01  1e+00 1:09.5
    6     48 1.274261474609379e-01 1.6e+00 1.02e+00  7e-01  1e+00 1:22.8
    7     56 2.609405517578128e-01 1.7e+00 9.54e-01  7e-01  1e+00 1:36.2
    8     64 3.330535888671879e-01 1.7e+00 8.85e-01  6e-01  1e+00 1:50.4
    9     72 1.419677734375003e-01 2.0e+00 8.85e-01  6e-01  8e-01 2:04.0
   10     80 6.236267089843839e-02 2.1e+00 9.45e-01  7e-01  9e-01 2:17.9
   11     88 1.623840332031251e-01 2.4e+00 1.35e+00  1e+00  2e+00 2:31.4
   12     96 2.289733886718751e-01 2.6e+00 1.31e+00  9e-01  1e+00 2:45.0
   13    104 8.343505859375044e-02 2.5e+00 1.23e+00  8e-01  1e+00 2:58.5
   14    112 6.922912597656250e-02 2.7e+00 1.11e+00  7e-01  1e+00 3:12.0
   15    120 -2.334594726562722e-03 2.6e+00 9.28e-01  5e-01  9e-01 3:25.6
termination on ftarget=1e-11
final/bestever f-value = -2.334595e-03 -2.334595e-03
incumbent solution: [4.339397253716974, 1.5256814184183514, -2.786100247202909, 2.284737749556089]
std deviation: [0.5263610451512822, 0.5621082435631897, 0.9261861697225554, 0.5628357333026779]
CMAEvolutionStrategyResult(xbest=array([ 4.17580213,  1.66796025, -2.85560783,  2.40289621]), fbest=-0.002334594726562722, evals_best=116, evaluations=120, iterations=15, xfavorite=array([ 4.33939725,  1.52568142, -2.78610025,  2.28473775]), stds=array([0.52636105, 0.56210824, 0.92618617, 0.56283573]), stop={'ftarget': 1e-11})
3 10
(4_w,8)-aCMA-ES (mu_w=2.6,w_1=52%) in dimension 4 (seed=820022, Mon Jun 14 16:35:13 2021)
Iterat #Fevals   function value  axis ratio  sigma  min&max std  t[m:s]
    1      8 2.555236816406260e-01 1.0e+00 1.62e+00  2e+00  2e+00 0:13.6
    2     16 1.777343750000004e-01 1.2e+00 1.46e+00  1e+00  2e+00 0:27.7
    3     24 2.740478515625006e-01 1.3e+00 1.28e+00  1e+00  1e+00 0:41.3
    4     32 1.174774169921875e-01 1.4e+00 1.07e+00  8e-01  1e+00 0:55.1
    5     40 2.006530761718752e-01 1.4e+00 1.03e+00  8e-01  9e-01 1:08.5
    6     48 1.258850097656252e-01 1.4e+00 9.40e-01  7e-01  8e-01 1:22.0
    7     56 1.574859619140629e-01 1.7e+00 1.01e+00  8e-01  9e-01 1:35.7
    8     64 1.348266601562494e-01 2.0e+00 1.13e+00  8e-01  1e+00 1:49.3
    9     72 1.778717041015623e-01 1.9e+00 1.20e+00  9e-01  1e+00 2:02.7
   10     80 1.079406738281260e-01 2.0e+00 1.14e+00  8e-01  9e-01 2:16.5
   11     88 9.538269042968839e-02 2.2e+00 9.30e-01  6e-01  8e-01 2:30.3
   12     96 1.119995117187506e-01 2.2e+00 8.49e-01  6e-01  6e-01 2:43.6
   13    104 3.311157226562544e-02 2.2e+00 7.58e-01  5e-01  6e-01 2:57.3
   14    112 9.225463867187567e-02 2.3e+00 7.06e-01  5e-01  5e-01 3:11.3
   16    128 1.162567138671886e-01 2.3e+00 6.30e-01  4e-01  5e-01 3:38.3
   18    144 4.351806640625000e-02 2.6e+00 6.11e-01  3e-01  5e-01 4:05.5
   20    160 6.181335449218739e-02 2.7e+00 6.21e-01  3e-01  5e-01 4:32.8
   22    176 6.463623046875078e-02 2.4e+00 5.54e-01  2e-01  4e-01 5:00.7
   24    192 1.204376220703132e-01 2.6e+00 5.26e-01  2e-01  3e-01 5:28.3
   26    208 1.132202148437567e-02 2.7e+00 4.56e-01  2e-01  3e-01 5:55.7
   28    224 -1.728820800781250e-02 2.7e+00 4.42e-01  1e-01  3e-01 6:23.2
termination on ftarget=1e-11
final/bestever f-value = -1.728821e-02 -1.728821e-02
incumbent solution: [3.058901388997611, -0.5557048247858436, 4.099865672999847, -1.7181199650195633]
std deviation: [0.30755876870337273, 0.19499008529727999, 0.23318037370733635, 0.14020228115459607]
CMAEvolutionStrategyResult(xbest=array([ 2.79938168, -0.60916111,  4.14118919, -1.63246144]), fbest=-0.0172882080078125, evals_best=217, evaluations=224, iterations=28, xfavorite=array([ 3.05890139, -0.55570482,  4.09986567, -1.71811997]), stds=array([0.30755877, 0.19499009, 0.23318037, 0.14020228]), stop={'ftarget': 1e-11})
4 10
(4_w,8)-aCMA-ES (mu_w=2.6,w_1=52%) in dimension 4 (seed=796157, Mon Jun 14 16:41:36 2021)
Iterat #Fevals   function value  axis ratio  sigma  min&max std  t[m:s]
    1      8 4.491577148437503e-01 1.0e+00 1.61e+00  1e+00  2e+00 0:14.0
    2     16 3.526153564453127e-01 1.3e+00 1.65e+00  1e+00  2e+00 0:27.9
    3     24 2.487335205078127e-01 1.4e+00 1.30e+00  1e+00  1e+00 0:41.8
    4     32 3.173828125000333e-03 1.6e+00 1.36e+00  1e+00  2e+00 0:55.5
    5     40 1.417846679687508e-01 1.9e+00 1.49e+00  1e+00  2e+00 1:09.2
    6     48 2.591247558593753e-01 2.1e+00 1.48e+00  1e+00  2e+00 1:22.8
    7     56 3.507843017578128e-01 2.5e+00 1.62e+00  1e+00  3e+00 1:36.4
    8     64 1.074371337890627e-01 3.0e+00 1.63e+00  1e+00  2e+00 1:49.9
    9     72 1.919555664062504e-01 3.3e+00 1.70e+00  1e+00  3e+00 2:03.5
   10     80 1.901702880859379e-01 3.6e+00 1.41e+00  1e+00  2e+00 2:17.7
   11     88 2.252655029296871e-01 4.2e+00 1.28e+00  9e-01  2e+00 2:31.1
   12     96 -9.613037109374334e-03 4.4e+00 1.28e+00  9e-01  2e+00 2:45.0
termination on ftarget=1e-11
final/bestever f-value = -9.613037e-03 -9.613037e-03
incumbent solution: [6.2251783827537635, -2.633261542804254, 4.999524496292924, 1.1348415125338402]
std deviation: [1.7954087583418847, 1.1130461557143638, 0.9030413432033361, 1.1196026169297613]
CMAEvolutionStrategyResult(xbest=array([ 6.40795052, -3.64766445,  5.05425252,  2.31993285]), fbest=-0.009613037109374334, evals_best=93, evaluations=96, iterations=12, xfavorite=array([ 6.22517838, -2.63326154,  4.9995245 ,  1.13484151]), stds=array([1.79540876, 1.11304616, 0.90304134, 1.11960262]), stop={'ftarget': 1e-11})
5 10
(4_w,8)-aCMA-ES (mu_w=2.6,w_1=52%) in dimension 4 (seed=774442, Mon Jun 14 16:44:21 2021)
Iterat #Fevals   function value  axis ratio  sigma  min&max std  t[m:s]
    1      8 2.196044921875004e-01 1.0e+00 1.33e+00  1e+00  1e+00 0:13.4
    2     16 3.346710205078127e-01 1.2e+00 1.29e+00  1e+00  1e+00 0:26.9
    3     24 2.952728271484381e-01 1.3e+00 1.12e+00  9e-01  1e+00 0:40.7
    4     32 3.710784912109374e-01 1.4e+00 1.02e+00  8e-01  1e+00 0:54.1
    5     40 1.489257812500003e-01 1.4e+00 9.53e-01  7e-01  9e-01 1:07.7
    6     48 1.636810302734385e-01 1.7e+00 9.53e-01  6e-01  9e-01 1:21.4
    7     56 1.895446777343760e-01 1.9e+00 9.67e-01  7e-01  9e-01 1:35.5
    8     64 1.525573730468757e-01 2.3e+00 9.12e-01  6e-01  8e-01 1:49.0
    9     72 1.661834716796878e-01 2.7e+00 7.95e-01  5e-01  7e-01 2:02.5
   10     80 5.102539062500022e-02 2.8e+00 8.65e-01  6e-01  8e-01 2:16.6
   11     88 8.843994140624978e-02 3.2e+00 8.54e-01  6e-01  9e-01 2:30.2
   12     96 1.145629882812502e-01 3.6e+00 7.08e-01  5e-01  7e-01 2:43.9
   13    104 1.345367431640636e-01 4.1e+00 6.04e-01  4e-01  6e-01 2:58.0
   14    112 1.185913085937507e-01 3.8e+00 6.18e-01  4e-01  5e-01 3:11.5
   16    128 6.167602539062567e-02 4.8e+00 1.01e+00  8e-01  9e-01 3:38.9
   18    144 7.798767089843817e-02 4.6e+00 9.92e-01  7e-01  8e-01 4:06.0
   20    160 1.162414550781260e-01 4.6e+00 9.61e-01  6e-01  7e-01 4:33.0
   22    176 -1.306152343749933e-02 4.2e+00 6.31e-01  4e-01  5e-01 5:00.1
termination on ftarget=1e-11
final/bestever f-value = -1.306152e-02 -1.306152e-02
incumbent solution: [8.287636270778748, 0.773676704753568, -0.1169393955040077, 5.572811406843274]
std deviation: [0.454989920201325, 0.3639787319050363, 0.38965028804579155, 0.39107249199758937]
CMAEvolutionStrategyResult(xbest=array([ 8.31429825,  0.51168474, -0.06900685,  5.67852584]), fbest=-0.013061523437499334, evals_best=174, evaluations=176, iterations=22, xfavorite=array([ 8.28763627,  0.7736767 , -0.1169394 ,  5.57281141]), stds=array([0.45498992, 0.36397873, 0.38965029, 0.39107249]), stop={'ftarget': 1e-11})
6 10
(4_w,8)-aCMA-ES (mu_w=2.6,w_1=52%) in dimension 4 (seed=774565, Mon Jun 14 16:49:21 2021)
Iterat #Fevals   function value  axis ratio  sigma  min&max std  t[m:s]
    1      8 4.296875000000003e-01 1.0e+00 1.57e+00  1e+00  2e+00 0:13.6
    2     16 3.985443115234381e-01 1.3e+00 1.48e+00  1e+00  1e+00 0:27.9
    3     24 6.263275146484381e-01 1.3e+00 1.35e+00  1e+00  1e+00 0:41.3
    4     32 3.310699462890625e-01 1.3e+00 1.22e+00  1e+00  1e+00 0:55.0
    5     40 4.391937255859377e-01 1.5e+00 1.21e+00  9e-01  1e+00 1:08.6
    6     48 3.783264160156253e-01 1.7e+00 1.47e+00  1e+00  2e+00 1:22.2
    7     56 3.306274414062500e-01 2.1e+00 1.40e+00  9e-01  2e+00 1:35.8
    8     64 2.806701660156256e-01 2.4e+00 1.41e+00  9e-01  2e+00 1:49.5
    9     72 1.403503417968753e-01 2.7e+00 1.34e+00  8e-01  2e+00 2:02.9
   10     80 1.584625244140626e-01 2.6e+00 1.20e+00  7e-01  1e+00 2:16.6
   11     88 7.382202148437578e-02 3.0e+00 1.14e+00  6e-01  1e+00 2:30.6
   12     96 1.427459716796882e-01 3.0e+00 1.14e+00  6e-01  1e+00 2:43.9
   13    104 1.802978515625007e-01 3.0e+00 1.19e+00  6e-01  1e+00 2:57.6
   14    112 1.470031738281256e-01 3.3e+00 9.10e-01  4e-01  1e+00 3:11.3
   16    128 7.110595703125044e-02 4.0e+00 7.17e-01  3e-01  8e-01 3:38.5
   18    144 9.051513671875044e-02 4.9e+00 7.79e-01  3e-01  9e-01 4:05.9
   20    160 6.088256835937278e-03 4.8e+00 5.93e-01  3e-01  6e-01 4:33.7
   21    168 -1.533508300781183e-02 5.1e+00 5.51e-01  2e-01  6e-01 4:47.2
termination on ftarget=1e-11
final/bestever f-value = -1.533508e-02 -1.533508e-02
incumbent solution: [2.8908307046441117, 7.752696069959601, -0.657802198205677, 6.827358075939937]
std deviation: [0.523546673862491, 0.20715006857198212, 0.5685355753139238, 0.24695754924599583]
CMAEvolutionStrategyResult(xbest=array([ 2.94027436,  7.6684068 , -0.74596483,  6.80876457]), fbest=-0.015335083007811834, evals_best=161, evaluations=168, iterations=21, xfavorite=array([ 2.8908307 ,  7.75269607, -0.6578022 ,  6.82735808]), stds=array([0.52354667, 0.20715007, 0.56853558, 0.24695755]), stop={'ftarget': 1e-11})
7 10
(4_w,8)-aCMA-ES (mu_w=2.6,w_1=52%) in dimension 4 (seed=859155, Mon Jun 14 16:54:08 2021)
Iterat #Fevals   function value  axis ratio  sigma  min&max std  t[m:s]
    1      8 1.782073974609378e-01 1.0e+00 1.81e+00  2e+00  2e+00 0:13.6
    2     16 3.417510986328133e-01 1.5e+00 1.62e+00  1e+00  2e+00 0:27.5
    3     24 2.710418701171877e-01 1.6e+00 1.70e+00  1e+00  2e+00 0:40.8
    4     32 2.152404785156253e-01 1.9e+00 1.57e+00  1e+00  2e+00 0:54.5
    5     40 6.451416015625044e-02 1.8e+00 1.77e+00  1e+00  2e+00 1:08.3
    6     48 4.588317871093753e-01 1.9e+00 1.74e+00  1e+00  2e+00 1:21.9
    7     56 4.753112792968752e-01 2.3e+00 1.69e+00  1e+00  2e+00 1:35.7
    8     64 3.797454833984382e-01 2.2e+00 1.62e+00  1e+00  2e+00 1:49.5
    9     72 -1.902770996093728e-02 2.2e+00 1.67e+00  1e+00  2e+00 2:03.0
termination on ftarget=1e-11
final/bestever f-value = -1.902771e-02 -1.902771e-02
incumbent solution: [2.423856516163334, 6.824470662515465, 1.1130176718472022, 2.6376843384438917]
std deviation: [1.482210236587154, 1.5620522078297137, 1.8249662171408625, 1.1961200434788464]
CMAEvolutionStrategyResult(xbest=array([2.65179489, 7.13058855, 1.97416077, 2.09186882]), fbest=-0.019027709960937278, evals_best=68, evaluations=72, iterations=9, xfavorite=array([2.42385652, 6.82447066, 1.11301767, 2.63768434]), stds=array([1.48221024, 1.56205221, 1.82496622, 1.19612004]), stop={'ftarget': 1e-11})
8 10
(4_w,8)-aCMA-ES (mu_w=2.6,w_1=52%) in dimension 4 (seed=801110, Mon Jun 14 16:56:11 2021)
Iterat #Fevals   function value  axis ratio  sigma  min&max std  t[m:s]
    1      8 1.708221435546882e-01 1.0e+00 1.56e+00  1e+00  2e+00 0:13.6
    2     16 2.218475341796878e-01 1.3e+00 1.68e+00  2e+00  2e+00 0:27.3
    3     24 3.463592529296875e-01 1.6e+00 1.88e+00  2e+00  2e+00 0:41.3
    4     32 3.735198974609375e-01 1.9e+00 1.81e+00  1e+00  2e+00 0:54.6
    5     40 2.007598876953121e-01 2.3e+00 1.70e+00  1e+00  2e+00 1:08.6
    6     48 3.107452392578131e-01 2.7e+00 1.64e+00  1e+00  2e+00 1:21.9
    7     56 3.025360107421878e-01 2.9e+00 1.59e+00  1e+00  2e+00 1:35.5
    8     64 1.831512451171883e-01 3.4e+00 1.44e+00  9e-01  2e+00 1:49.4
    9     72 7.670593261718728e-02 3.1e+00 1.43e+00  9e-01  2e+00 2:02.7
   10     80 2.274475097656256e-01 2.9e+00 1.62e+00  1e+00  2e+00 2:16.7
   11     88 5.778503417968772e-02 2.9e+00 1.33e+00  9e-01  1e+00 2:30.3
   12     96 1.511383056640626e-01 2.7e+00 1.28e+00  8e-01  1e+00 2:44.3
   13    104 1.421051025390623e-01 3.2e+00 1.21e+00  8e-01  1e+00 2:58.0
   14    112 1.508789062500000e-01 3.5e+00 1.11e+00  7e-01  1e+00 3:11.9
   16    128 5.329895019531261e-02 3.9e+00 8.53e-01  5e-01  9e-01 3:39.1
   17    136 -2.029418945312056e-03 4.3e+00 7.62e-01  4e-01  8e-01 3:52.5
termination on ftarget=1e-11
final/bestever f-value = -2.029419e-03 -2.029419e-03
incumbent solution: [1.6328093026039905, 3.470127899091351, 2.3002494127962096, 5.378697316819969]
std deviation: [0.5839096898725987, 0.41785092820133374, 0.8058411632364569, 0.5697457791193804]
CMAEvolutionStrategyResult(xbest=array([1.8477712 , 3.59219878, 2.08950311, 5.50153571]), fbest=-0.002029418945312056, evals_best=130, evaluations=136, iterations=17, xfavorite=array([1.6328093 , 3.4701279 , 2.30024941, 5.37869732]), stds=array([0.58390969, 0.41785093, 0.80584116, 0.56974578]), stop={'ftarget': 1e-11})
9 10
(4_w,8)-aCMA-ES (mu_w=2.6,w_1=52%) in dimension 4 (seed=789177, Mon Jun 14 17:00:04 2021)
Iterat #Fevals   function value  axis ratio  sigma  min&max std  t[m:s]
    1      8 3.415985107421876e-01 1.0e+00 1.19e+00  1e+00  1e+00 0:13.8
    2     16 2.877502441406251e-01 1.2e+00 9.61e-01  8e-01  9e-01 0:27.9
    3     24 1.872406005859376e-01 1.3e+00 9.58e-01  8e-01  1e+00 0:41.5
    4     32 1.894836425781250e-01 1.3e+00 1.02e+00  9e-01  1e+00 0:55.5
    5     40 2.202301025390624e-01 1.5e+00 1.19e+00  9e-01  1e+00 1:08.7
    6     48 1.897125244140625e-01 1.9e+00 1.30e+00  1e+00  1e+00 1:22.3
    7     56 2.002868652343750e-01 2.2e+00 1.31e+00  1e+00  1e+00 1:36.0
    8     64 2.232513427734386e-01 2.7e+00 1.09e+00  8e-01  1e+00 1:49.7
    9     72 1.844787597656258e-01 3.0e+00 9.74e-01  7e-01  1e+00 2:03.8
   10     80 2.001953125000067e-02 3.3e+00 8.05e-01  6e-01  1e+00 2:17.7
   11     88 1.279296874999998e-01 3.7e+00 7.07e-01  5e-01  8e-01 2:31.6
   12     96 2.534484863281261e-02 3.8e+00 5.82e-01  4e-01  7e-01 2:45.1
   13    104 7.728576660156283e-02 3.9e+00 4.87e-01  3e-01  5e-01 2:59.1
   14    112 -1.213073730468617e-02 4.0e+00 4.50e-01  3e-01  5e-01 3:12.6
termination on ftarget=1e-11
final/bestever f-value = -1.213074e-02 -1.213074e-02
incumbent solution: [-1.0584928226132675, 3.421680687984402, 5.3723671226901395, 1.4443621585694597]
std deviation: [0.3322878965363625, 0.28660422760116316, 0.48191145447374883, 0.2894343497844293]
CMAEvolutionStrategyResult(xbest=array([-1.12684465,  3.276717  ,  5.24422003,  1.59512432]), fbest=-0.012130737304686168, evals_best=107, evaluations=112, iterations=14, xfavorite=array([-1.05849282,  3.42168069,  5.37236712,  1.44436216]), stds=array([0.3322879 , 0.28660423, 0.48191145, 0.28943435]), stop={'ftarget': 1e-11})
