0 10
(4_w,8)-aCMA-ES (mu_w=2.6,w_1=52%) in dimension 4 (seed=850304, Mon Jun 14 16:24:27 2021)
circuitVTD.py:339: DeprecationWarning: The QuantumCircuit.__add__() method is being deprecated.Use the compose() method which is more flexible w.r.t circuit register compatibility.
  TrotterFixStepList.append(TrotterFixStepList[-1] + U_trot)
/home/nfb1/.local/lib/python3.7/site-packages/qiskit/circuit/quantumcircuit.py:869: DeprecationWarning: The QuantumCircuit.combine() method is being deprecated. Use the compose() method which is more flexible w.r.t circuit register compatibility.
  return self.combine(rhs)
Iterat #Fevals   function value  axis ratio  sigma  min&max std  t[m:s]
    1      8 4.272460937500002e-01 1.0e+00 1.68e+00  2e+00  2e+00 0:06.1
    2     16 9.130859375000022e-02 1.4e+00 1.60e+00  1e+00  2e+00 0:11.9
    3     24 2.519531250000008e-01 1.6e+00 1.34e+00  1e+00  1e+00 0:17.9
    4     32 3.256835937500002e-01 1.5e+00 1.28e+00  1e+00  1e+00 0:23.5
    5     40 8.300781250000067e-02 1.7e+00 1.15e+00  9e-01  1e+00 0:29.4
    6     48 2.055664062500006e-01 1.7e+00 1.13e+00  8e-01  1e+00 0:35.2
    8     64 9.960937500000100e-02 1.8e+00 8.78e-01  6e-01  8e-01 0:47.0
    9     72 -3.955078125000000e-02 1.7e+00 7.58e-01  5e-01  7e-01 0:52.8
termination on ftarget=1e-11
final/bestever f-value = -3.955078e-02 -3.955078e-02
incumbent solution: [1.5380763538960298, 4.894931392610198, 3.004645446959441, 8.389151716650867]
std deviation: [0.709483631394901, 0.5486860603741252, 0.6017054289160413, 0.5141165491733832]
CMAEvolutionStrategyResult(xbest=array([1.46137187, 4.84540583, 2.96987472, 8.62391199]), fbest=-0.03955078125, evals_best=68, evaluations=72, iterations=9, xfavorite=array([1.53807635, 4.89493139, 3.00464545, 8.38915172]), stds=array([0.70948363, 0.54868606, 0.60170543, 0.51411655]), stop={'ftarget': 1e-11})
1 10
(4_w,8)-aCMA-ES (mu_w=2.6,w_1=52%) in dimension 4 (seed=836964, Mon Jun 14 16:25:20 2021)
Iterat #Fevals   function value  axis ratio  sigma  min&max std  t[m:s]
    1      8 2.114257812500006e-01 1.0e+00 1.44e+00  1e+00  1e+00 0:07.3
    2     16 5.942382812500000e-01 1.3e+00 1.26e+00  1e+00  1e+00 0:14.2
    3     24 8.984375000000011e-02 1.3e+00 1.19e+00  1e+00  1e+00 0:21.2
    4     32 4.077148437500006e-01 1.5e+00 1.44e+00  1e+00  2e+00 0:28.3
    5     40 3.217773437500003e-01 1.7e+00 1.52e+00  1e+00  2e+00 0:35.2
    6     48 1.582031250000008e-01 1.9e+00 1.71e+00  1e+00  2e+00 0:42.1
    7     56 1.352539062500002e-01 2.3e+00 1.61e+00  1e+00  2e+00 0:49.3
    8     64 1.220703124999998e-01 2.2e+00 1.32e+00  1e+00  1e+00 0:56.5
   10     80 3.955078125000000e-02 2.3e+00 1.19e+00  9e-01  1e+00 1:10.5
   12     96 9.326171875000011e-02 3.0e+00 1.66e+00  1e+00  2e+00 1:25.4
   14    112 2.832031250000044e-02 3.1e+00 1.34e+00  1e+00  1e+00 1:39.2
   16    128 -2.880859374999956e-02 3.1e+00 1.09e+00  7e-01  1e+00 1:53.9
termination on ftarget=1e-11
final/bestever f-value = -2.880859e-02 -2.880859e-02
incumbent solution: [2.4141732504519107, 5.488046387034652, 2.824964630006398, 2.317466130632646]
std deviation: [0.9295298672499366, 1.143609044696829, 1.177513285748421, 0.6779831448904532]
CMAEvolutionStrategyResult(xbest=array([2.63710211, 5.8554043 , 3.20519984, 2.31922822]), fbest=-0.028808593749999556, evals_best=127, evaluations=128, iterations=16, xfavorite=array([2.41417325, 5.48804639, 2.82496463, 2.31746613]), stds=array([0.92952987, 1.14360904, 1.17751329, 0.67798314]), stop={'ftarget': 1e-11})
2 10
(4_w,8)-aCMA-ES (mu_w=2.6,w_1=52%) in dimension 4 (seed=792404, Mon Jun 14 16:27:14 2021)
Iterat #Fevals   function value  axis ratio  sigma  min&max std  t[m:s]
    1      8 9.765624999996669e-04 1.0e+00 1.39e+00  1e+00  1e+00 0:07.5
    2     16 2.070312500000004e-01 1.1e+00 1.09e+00  1e+00  1e+00 0:14.7
    3     24 4.780273437500003e-01 1.4e+00 1.06e+00  9e-01  1e+00 0:21.5
    4     32 1.601562500000000e-01 1.6e+00 1.08e+00  1e+00  1e+00 0:28.9
    5     40 1.118164062500006e-01 1.6e+00 8.45e-01  7e-01  8e-01 0:36.3
    6     48 1.503906250000004e-01 1.9e+00 6.99e-01  6e-01  6e-01 0:43.6
    7     56 7.812500000000044e-02 2.0e+00 6.91e-01  6e-01  6e-01 0:50.7
    9     72 6.103515624999989e-02 1.9e+00 5.07e-01  3e-01  4e-01 1:04.9
   10     80 -1.904296875000022e-02 1.8e+00 4.95e-01  3e-01  5e-01 1:12.1
termination on ftarget=1e-11
final/bestever f-value = -1.904297e-02 -1.904297e-02
incumbent solution: [2.3734465257354302, 4.1231157113340755, 0.2991472478672193, 3.318980295387173]
std deviation: [0.3370287334959041, 0.321870157281399, 0.45078417211932437, 0.316036257461281]
CMAEvolutionStrategyResult(xbest=array([2.17620697, 4.11049715, 0.4238481 , 3.19640508]), fbest=-0.019042968750000222, evals_best=76, evaluations=80, iterations=10, xfavorite=array([2.37344653, 4.12311571, 0.29914725, 3.3189803 ]), stds=array([0.33702873, 0.32187016, 0.45078417, 0.31603626]), stop={'ftarget': 1e-11})
3 10
(4_w,8)-aCMA-ES (mu_w=2.6,w_1=52%) in dimension 4 (seed=853855, Mon Jun 14 16:28:26 2021)
Iterat #Fevals   function value  axis ratio  sigma  min&max std  t[m:s]
    1      8 3.666992187500002e-01 1.0e+00 1.57e+00  1e+00  2e+00 0:07.4
    2     16 3.559570312500002e-01 1.4e+00 1.60e+00  1e+00  2e+00 0:14.3
    3     24 3.798828125000007e-01 1.5e+00 1.40e+00  1e+00  1e+00 0:22.1
    4     32 4.619140625000001e-01 1.4e+00 1.82e+00  2e+00  2e+00 0:29.5
    5     40 3.647460937499998e-01 1.4e+00 2.38e+00  2e+00  2e+00 0:36.5
    6     48 2.714843750000001e-01 1.3e+00 2.54e+00  2e+00  2e+00 0:43.6
    7     56 2.587890625000002e-01 1.4e+00 2.22e+00  2e+00  2e+00 0:51.0
    8     64 4.038085937500002e-01 1.4e+00 1.82e+00  1e+00  2e+00 0:58.0
   10     80 4.165039062500000e-01 1.6e+00 2.65e+00  2e+00  3e+00 1:12.5
   12     96 3.935546875000000e-01 2.6e+00 3.01e+00  2e+00  4e+00 1:26.4
   14    112 2.695312500000007e-01 3.1e+00 3.40e+00  2e+00  4e+00 1:40.7
   16    128 3.476562500000002e-01 3.4e+00 5.96e+00  4e+00  8e+00 1:55.0
   18    144 3.471679687500003e-01 3.8e+00 4.74e+00  3e+00  6e+00 2:09.6
   20    160 2.387695312500007e-01 3.8e+00 4.73e+00  3e+00  6e+00 2:23.9
   22    176 1.430664062500006e-01 4.3e+00 4.74e+00  3e+00  7e+00 2:38.3
   25    200 3.188476562500003e-01 5.1e+00 1.20e+01  8e+00  2e+01 2:60.0
   28    224 3.530273437499999e-01 6.9e+00 1.39e+01  9e+00  2e+01 3:21.3
   31    248 4.824218750000002e-01 5.4e+00 1.74e+01  1e+01  3e+01 3:42.7
   34    272 3.984375000000000e-01 7.4e+00 1.36e+01  7e+00  2e+01 4:04.0
   37    296 2.075195312500000e-01 9.2e+00 1.60e+01  8e+00  2e+01 4:26.1
   40    320 2.197265625000044e-02 9.4e+00 2.52e+01  1e+01  4e+01 4:47.8
   43    344 4.155273437500001e-01 1.3e+01 2.39e+01  1e+01  4e+01 5:09.5
   47    376 5.834960937499999e-01 1.5e+01 3.10e+01  1e+01  6e+01 5:37.9
   51    408 1.157226562500002e-01 1.8e+01 2.72e+01  1e+01  5e+01 6:06.7
   53    424 -5.371093749999778e-03 2.4e+01 2.40e+01  1e+01  5e+01 6:21.6
termination on ftarget=1e-11
final/bestever f-value = -5.371094e-03 -5.371094e-03
incumbent solution: [-85.67870496983132, -26.947289395130735, 80.55054739529842, 10.3688018047763]
std deviation: [47.80824768145754, 23.537511637848024, 29.349065996207337, 10.550618756755124]
CMAEvolutionStrategyResult(xbest=array([-52.31018796, -10.18476827,  92.64199782,  14.27842381]), fbest=-0.005371093749999778, evals_best=419, evaluations=424, iterations=53, xfavorite=array([-85.67870497, -26.9472894 ,  80.5505474 ,  10.3688018 ]), stds=array([47.80824768, 23.53751164, 29.349066  , 10.55061876]), stop={'ftarget': 1e-11})
4 10
(4_w,8)-aCMA-ES (mu_w=2.6,w_1=52%) in dimension 4 (seed=813465, Mon Jun 14 16:34:48 2021)
Iterat #Fevals   function value  axis ratio  sigma  min&max std  t[m:s]
    1      8 7.197265625000002e-01 1.0e+00 1.32e+00  1e+00  1e+00 0:07.4
    2     16 4.116210937500001e-01 1.3e+00 1.31e+00  1e+00  1e+00 0:14.9
    3     24 5.859375000000044e-02 1.6e+00 1.21e+00  1e+00  1e+00 0:21.8
    4     32 1.708984375000007e-01 1.5e+00 1.12e+00  9e-01  1e+00 0:29.2
    5     40 2.495117187500002e-01 1.7e+00 1.03e+00  8e-01  9e-01 0:36.1
    6     48 3.432617187499996e-01 1.7e+00 9.06e-01  7e-01  8e-01 0:43.4
    7     56 1.284179687500001e-01 1.7e+00 8.45e-01  6e-01  7e-01 0:50.6
    8     64 1.103515625000003e-01 1.8e+00 6.78e-01  4e-01  6e-01 0:57.7
   10     80 1.049804687499997e-01 2.2e+00 6.53e-01  4e-01  7e-01 1:11.8
   12     96 8.789062500000333e-03 2.5e+00 4.48e-01  3e-01  5e-01 1:26.5
   13    104 -5.615234375000067e-02 2.8e+00 4.06e-01  2e-01  4e-01 1:33.3
termination on ftarget=1e-11
final/bestever f-value = -5.615234e-02 -5.615234e-02
incumbent solution: [4.135434308502862, 4.082733984937059, -0.2644040464327606, 1.4819120877977892]
std deviation: [0.22016969821219437, 0.2667640035194525, 0.2423930105838516, 0.4390177599159962]
CMAEvolutionStrategyResult(xbest=array([ 3.93205139,  3.95354486, -0.25514756,  2.03784201]), fbest=-0.056152343750000666, evals_best=103, evaluations=104, iterations=13, xfavorite=array([ 4.13543431,  4.08273398, -0.26440405,  1.48191209]), stds=array([0.2201697 , 0.266764  , 0.24239301, 0.43901776]), stop={'ftarget': 1e-11})
5 10
(4_w,8)-aCMA-ES (mu_w=2.6,w_1=52%) in dimension 4 (seed=800850, Mon Jun 14 16:36:21 2021)
Iterat #Fevals   function value  axis ratio  sigma  min&max std  t[m:s]
    1      8 1.533203125000001e-01 1.0e+00 1.38e+00  1e+00  1e+00 0:07.6
    2     16 3.642578125000001e-01 1.2e+00 1.32e+00  1e+00  1e+00 0:14.4
    3     24 3.085937500000001e-01 1.5e+00 1.18e+00  1e+00  1e+00 0:21.4
    4     32 2.558593749999998e-01 1.6e+00 1.13e+00  9e-01  1e+00 0:28.7
    5     40 1.489257812500006e-01 1.7e+00 1.10e+00  8e-01  1e+00 0:35.5
    6     48 4.726562500000002e-01 1.7e+00 1.23e+00  1e+00  1e+00 0:42.4
    7     56 9.863281250000033e-02 1.8e+00 1.12e+00  9e-01  1e+00 0:49.5
    9     72 2.016601562500001e-01 2.2e+00 1.15e+00  8e-01  1e+00 1:03.9
   11     88 -9.765625000000000e-04 2.4e+00 8.36e-01  6e-01  9e-01 1:18.1
termination on ftarget=1e-11
final/bestever f-value = -9.765625e-04 -9.765625e-04
incumbent solution: [4.290310662702241, 6.807187535538901, 5.137516807397094, 4.056800475110257]
std deviation: [0.6031128739795156, 0.8683678109737583, 0.603922583481527, 0.6250504059879163]
CMAEvolutionStrategyResult(xbest=array([4.169629  , 7.24373861, 4.67468963, 3.89558504]), fbest=-0.0009765625, evals_best=88, evaluations=88, iterations=11, xfavorite=array([4.29031066, 6.80718754, 5.13751681, 4.05680048]), stds=array([0.60311287, 0.86836781, 0.60392258, 0.62505041]), stop={'ftarget': 1e-11})
6 10
(4_w,8)-aCMA-ES (mu_w=2.6,w_1=52%) in dimension 4 (seed=800359, Mon Jun 14 16:37:39 2021)
Iterat #Fevals   function value  axis ratio  sigma  min&max std  t[m:s]
    1      8 4.399414062500004e-01 1.0e+00 1.32e+00  1e+00  1e+00 0:07.0
    2     16 8.300781250000089e-02 1.2e+00 1.12e+00  1e+00  1e+00 0:14.1
    3     24 1.459960937500000e-01 1.2e+00 1.06e+00  9e-01  1e+00 0:21.1
    4     32 1.254882812499991e-01 1.4e+00 1.11e+00  9e-01  1e+00 0:28.2
    5     40 1.186523437500006e-01 1.6e+00 1.08e+00  8e-01  1e+00 0:35.9
    6     48 8.154296875000044e-02 1.7e+00 9.20e-01  6e-01  1e+00 0:42.7
    7     56 1.035156250000008e-01 1.9e+00 7.29e-01  5e-01  7e-01 0:49.8
    8     64 1.953125000000222e-03 2.0e+00 6.42e-01  4e-01  6e-01 0:57.0
   10     80 3.906250000000555e-03 2.3e+00 5.97e-01  4e-01  7e-01 1:10.7
   12     96 -3.710937500000044e-02 2.8e+00 5.16e-01  3e-01  7e-01 1:25.1
termination on ftarget=1e-11
final/bestever f-value = -3.710938e-02 -3.710938e-02
incumbent solution: [-0.15342485979894283, 3.369144139327267, 4.336374267655467, 2.4825643048489088]
std deviation: [0.2687941253408524, 0.3831780926126815, 0.669800927888256, 0.31335204021133145]
CMAEvolutionStrategyResult(xbest=array([-0.09806804,  3.22854136,  3.66493904,  2.62287143]), fbest=-0.037109375000000444, evals_best=94, evaluations=96, iterations=12, xfavorite=array([-0.15342486,  3.36914414,  4.33637427,  2.4825643 ]), stds=array([0.26879413, 0.38317809, 0.66980093, 0.31335204]), stop={'ftarget': 1e-11})
7 10
(4_w,8)-aCMA-ES (mu_w=2.6,w_1=52%) in dimension 4 (seed=741768, Mon Jun 14 16:39:05 2021)
Iterat #Fevals   function value  axis ratio  sigma  min&max std  t[m:s]
    1      8 2.954101562500003e-01 1.0e+00 1.26e+00  1e+00  1e+00 0:06.9
    2     16 1.328125000000003e-01 1.3e+00 1.10e+00  1e+00  1e+00 0:13.9
    3     24 1.948242187500003e-01 1.4e+00 9.06e-01  8e-01  9e-01 0:21.2
    4     32 1.220703125000003e-01 1.6e+00 8.65e-01  7e-01  8e-01 0:28.6
    5     40 2.065429687500006e-01 1.9e+00 8.09e-01  7e-01  7e-01 0:35.6
    6     48 1.679687500000001e-01 2.0e+00 7.19e-01  5e-01  6e-01 0:42.6
    7     56 9.277343750000078e-02 2.1e+00 5.87e-01  4e-01  5e-01 0:49.9
    9     72 4.736328125000044e-02 2.4e+00 4.18e-01  3e-01  4e-01 1:04.2
   11     88 3.759765625000000e-02 2.8e+00 3.45e-01  2e-01  3e-01 1:18.1
   12     96 -8.154296874999978e-02 3.1e+00 3.11e-01  2e-01  3e-01 1:25.8
termination on ftarget=1e-11
final/bestever f-value = -8.154297e-02 -8.154297e-02
incumbent solution: [4.066785191386859, 1.8869518310536035, 3.6504645410870364, -0.48897621224908094]
std deviation: [0.24049147681382485, 0.19493299012957543, 0.2708902398182258, 0.19745513974323792]
CMAEvolutionStrategyResult(xbest=array([ 4.36373481,  2.05320015,  3.39475746, -0.66757575]), fbest=-0.08154296874999978, evals_best=93, evaluations=96, iterations=12, xfavorite=array([ 4.06678519,  1.88695183,  3.65046454, -0.48897621]), stds=array([0.24049148, 0.19493299, 0.27089024, 0.19745514]), stop={'ftarget': 1e-11})
8 10
(4_w,8)-aCMA-ES (mu_w=2.6,w_1=52%) in dimension 4 (seed=878887, Mon Jun 14 16:40:30 2021)
Iterat #Fevals   function value  axis ratio  sigma  min&max std  t[m:s]
    1      8 5.444335937500003e-01 1.0e+00 1.31e+00  1e+00  1e+00 0:07.2
    2     16 4.296874999999998e-01 1.4e+00 1.31e+00  1e+00  1e+00 0:14.2
    3     24 3.056640625000002e-01 1.6e+00 1.25e+00  9e-01  1e+00 0:21.6
    4     32 1.625976562500002e-01 1.7e+00 1.22e+00  9e-01  1e+00 0:28.6
    5     40 2.788085937500001e-01 1.9e+00 1.45e+00  1e+00  1e+00 0:35.8
    6     48 2.695312500000004e-01 1.6e+00 1.27e+00  1e+00  1e+00 0:43.7
    7     56 1.318359375000003e-01 1.7e+00 1.11e+00  9e-01  1e+00 0:50.9
    8     64 7.666015625000044e-02 1.8e+00 9.52e-01  7e-01  8e-01 0:58.2
   10     80 1.406249999999999e-01 2.6e+00 1.09e+00  8e-01  1e+00 1:12.5
   12     96 8.789062500000000e-02 2.7e+00 1.00e+00  7e-01  9e-01 1:27.2
   14    112 1.015624999999994e-01 3.3e+00 8.59e-01  6e-01  8e-01 1:40.9
   16    128 -1.079101562500000e-01 3.4e+00 7.36e-01  5e-01  7e-01 1:55.1
termination on ftarget=1e-11
final/bestever f-value = -1.079102e-01 -1.079102e-01
incumbent solution: [5.466699274027838, -1.0331835777660243, 3.3418814779405888, 2.4477766752416623]
std deviation: [0.48915955151269613, 0.6256120559479066, 0.45309801774772557, 0.6765087836520921]
CMAEvolutionStrategyResult(xbest=array([ 5.55682611, -0.71843117,  3.34262575,  2.21149563]), fbest=-0.10791015625, evals_best=126, evaluations=128, iterations=16, xfavorite=array([ 5.46669927, -1.03318358,  3.34188148,  2.44777668]), stds=array([0.48915955, 0.62561206, 0.45309802, 0.67650878]), stop={'ftarget': 1e-11})
9 10
(4_w,8)-aCMA-ES (mu_w=2.6,w_1=52%) in dimension 4 (seed=729497, Mon Jun 14 16:42:26 2021)
Iterat #Fevals   function value  axis ratio  sigma  min&max std  t[m:s]
    1      8 4.350585937499999e-01 1.0e+00 1.36e+00  1e+00  1e+00 0:07.3
    2     16 5.610351562500007e-01 1.4e+00 1.19e+00  1e+00  1e+00 0:14.5
    3     24 5.551757812500000e-01 1.5e+00 9.82e-01  9e-01  9e-01 0:22.0
    4     32 3.535156250000002e-01 1.5e+00 1.02e+00  9e-01  1e+00 0:28.9
    5     40 1.552734375000001e-01 1.6e+00 9.48e-01  8e-01  9e-01 0:36.0
    6     48 7.202148437500000e-01 1.8e+00 8.31e-01  6e-01  8e-01 0:43.6
    7     56 4.311523437500004e-01 2.1e+00 9.89e-01  9e-01  1e+00 0:50.5
    8     64 5.297851562499998e-01 2.2e+00 1.12e+00  1e+00  1e+00 0:57.5
   10     80 1.806640625000004e-01 3.1e+00 1.13e+00  9e-01  1e+00 1:11.9
   12     96 2.084960937500004e-01 2.4e+00 9.48e-01  7e-01  1e+00 1:26.6
   14    112 8.154296875000011e-02 3.1e+00 7.65e-01  5e-01  9e-01 1:41.1
   15    120 -1.904296875000000e-02 3.5e+00 6.77e-01  4e-01  8e-01 1:48.3
termination on ftarget=1e-11
final/bestever f-value = -1.904297e-02 -1.904297e-02
incumbent solution: [7.695476854975794, 3.9507707818240765, 6.908899178401488, 3.994351063157619]
std deviation: [0.42492427642392777, 0.45830952086662025, 0.8165769770996311, 0.5045932242305845]
CMAEvolutionStrategyResult(xbest=array([8.12068933, 4.23256446, 6.8533612 , 4.18339333]), fbest=-0.01904296875, evals_best=116, evaluations=120, iterations=15, xfavorite=array([7.69547685, 3.95077078, 6.90889918, 3.99435106]), stds=array([0.42492428, 0.45830952, 0.81657698, 0.50459322]), stop={'ftarget': 1e-11})
