0 10
(4_w,8)-aCMA-ES (mu_w=2.6,w_1=52%) in dimension 4 (seed=815446, Mon Jun 14 16:24:22 2021)
circuitVTD.py:339: DeprecationWarning: The QuantumCircuit.__add__() method is being deprecated.Use the compose() method which is more flexible w.r.t circuit register compatibility.
  TrotterFixStepList.append(TrotterFixStepList[-1] + U_trot)
/home/nfb1/.local/lib/python3.7/site-packages/qiskit/circuit/quantumcircuit.py:869: DeprecationWarning: The QuantumCircuit.combine() method is being deprecated. Use the compose() method which is more flexible w.r.t circuit register compatibility.
  return self.combine(rhs)
Iterat #Fevals   function value  axis ratio  sigma  min&max std  t[m:s]
    1      8 3.974609375000007e-01 1.0e+00 1.55e+00  1e+00  2e+00 0:05.6
    2     16 1.416015625000003e-01 1.2e+00 1.38e+00  1e+00  1e+00 0:11.3
    3     24 1.494140625000003e-01 1.2e+00 1.36e+00  1e+00  1e+00 0:17.1
    4     32 1.279296875000008e-01 1.4e+00 1.45e+00  1e+00  2e+00 0:22.9
    5     40 1.855468750000003e-01 1.9e+00 1.48e+00  1e+00  2e+00 0:28.5
    6     48 2.734375000000006e-01 2.0e+00 1.25e+00  8e-01  1e+00 0:34.0
    8     64 2.021484375000001e-01 1.9e+00 1.04e+00  7e-01  1e+00 0:46.0
   10     80 5.859374999999944e-02 1.8e+00 1.19e+00  8e-01  1e+00 0:57.4
   12     96 6.250000000000056e-02 2.0e+00 8.76e-01  6e-01  7e-01 1:08.8
   14    112 -2.246093749999933e-02 2.2e+00 9.22e-01  5e-01  1e+00 1:20.2
termination on ftarget=1e-11
final/bestever f-value = -2.246094e-02 -2.246094e-02
incumbent solution: [0.45189969618466685, 0.01882967115776199, 7.9198280407276815, 1.580173327592238]
std deviation: [0.9535891224867487, 0.6712156489653813, 0.48429257775338996, 0.5649376266091586]
CMAEvolutionStrategyResult(xbest=array([-0.0394642 , -0.02042527,  8.1212948 ,  1.70563514]), fbest=-0.022460937499999334, evals_best=106, evaluations=112, iterations=14, xfavorite=array([0.4518997 , 0.01882967, 7.91982804, 1.58017333]), stds=array([0.95358912, 0.67121565, 0.48429258, 0.56493763]), stop={'ftarget': 1e-11})
1 10
(4_w,8)-aCMA-ES (mu_w=2.6,w_1=52%) in dimension 4 (seed=753348, Mon Jun 14 16:25:42 2021)
Iterat #Fevals   function value  axis ratio  sigma  min&max std  t[m:s]
    1      8 1.865234375000001e-01 1.0e+00 1.30e+00  1e+00  1e+00 0:07.0
    2     16 2.548828125000003e-01 1.2e+00 1.11e+00  9e-01  1e+00 0:14.3
    3     24 1.435546875000006e-01 1.5e+00 1.28e+00  1e+00  2e+00 0:21.5
    4     32 4.082031250000002e-01 1.9e+00 1.33e+00  1e+00  2e+00 0:28.6
    5     40 3.339843750000001e-01 2.3e+00 1.04e+00  8e-01  1e+00 0:35.7
    6     48 1.328124999999998e-01 2.5e+00 8.98e-01  6e-01  1e+00 0:42.6
    7     56 2.216796875000002e-01 2.4e+00 9.18e-01  7e-01  1e+00 0:49.6
    9     72 3.427734374999997e-01 2.3e+00 1.22e+00  1e+00  1e+00 1:03.8
   11     88 1.611328125000006e-01 2.7e+00 1.30e+00  1e+00  1e+00 1:17.6
   13    104 2.919921875000006e-01 2.6e+00 1.52e+00  1e+00  2e+00 1:31.7
   15    120 1.816406250000004e-01 3.2e+00 1.77e+00  1e+00  2e+00 1:46.1
   17    136 1.240234375000007e-01 3.8e+00 1.25e+00  9e-01  2e+00 2:00.2
   19    152 1.943359375000000e-01 4.0e+00 1.07e+00  7e-01  1e+00 2:14.7
   21    168 -1.132812499999998e-01 3.9e+00 9.94e-01  6e-01  1e+00 2:28.9
termination on ftarget=1e-11
final/bestever f-value = -1.132812e-01 -1.132812e-01
incumbent solution: [6.279981342208616, 0.052946660327807815, 3.308346170973748, 2.3100325757765603]
std deviation: [0.9025891264462125, 1.071520929229875, 0.8099867057077976, 0.5792680612616848]
CMAEvolutionStrategyResult(xbest=array([6.40220407, 0.27627525, 3.27913423, 1.98883436]), fbest=-0.11328124999999978, evals_best=164, evaluations=168, iterations=21, xfavorite=array([6.27998134, 0.05294666, 3.30834617, 2.31003258]), stds=array([0.90258913, 1.07152093, 0.80998671, 0.57926806]), stop={'ftarget': 1e-11})
2 10
(4_w,8)-aCMA-ES (mu_w=2.6,w_1=52%) in dimension 4 (seed=770919, Mon Jun 14 16:28:11 2021)
Iterat #Fevals   function value  axis ratio  sigma  min&max std  t[m:s]
    1      8 3.593750000000001e-01 1.0e+00 1.40e+00  1e+00  1e+00 0:07.2
    2     16 2.148437500000001e-01 1.2e+00 1.34e+00  1e+00  1e+00 0:14.1
    3     24 2.705078125000009e-01 1.4e+00 1.18e+00  9e-01  1e+00 0:21.5
    4     32 1.601562500000000e-01 1.6e+00 1.04e+00  8e-01  1e+00 0:28.9
    5     40 1.230468750000000e-01 1.7e+00 8.16e-01  6e-01  8e-01 0:35.9
    6     48 1.806640625000001e-01 2.0e+00 8.22e-01  6e-01  8e-01 0:42.8
    7     56 2.724609374999997e-01 1.9e+00 7.57e-01  5e-01  7e-01 0:49.9
    9     72 7.324218749999989e-02 2.2e+00 7.15e-01  4e-01  7e-01 1:03.8
   11     88 -7.812500000000000e-03 2.1e+00 5.74e-01  3e-01  5e-01 1:17.7
termination on ftarget=1e-11
final/bestever f-value = -7.812500e-03 -7.812500e-03
incumbent solution: [2.057367963336473, 4.687280298881349, 5.9277842473081055, 3.926797405879127]
std deviation: [0.3278206425893014, 0.37921241703296316, 0.5430834333646196, 0.3638206993043378]
CMAEvolutionStrategyResult(xbest=array([1.74984201, 4.77574788, 5.76417413, 4.14729978]), fbest=-0.0078125, evals_best=88, evaluations=88, iterations=11, xfavorite=array([2.05736796, 4.6872803 , 5.92778425, 3.92679741]), stds=array([0.32782064, 0.37921242, 0.54308343, 0.3638207 ]), stop={'ftarget': 1e-11})
3 10
(4_w,8)-aCMA-ES (mu_w=2.6,w_1=52%) in dimension 4 (seed=797287, Mon Jun 14 16:29:29 2021)
Iterat #Fevals   function value  axis ratio  sigma  min&max std  t[m:s]
    1      8 2.226562500000007e-01 1.0e+00 1.61e+00  1e+00  2e+00 0:07.0
    2     16 3.183593750000008e-01 1.5e+00 1.86e+00  2e+00  2e+00 0:13.9
    3     24 1.113281250000001e-01 1.7e+00 1.88e+00  2e+00  2e+00 0:20.8
    4     32 1.621093750000001e-01 1.8e+00 1.51e+00  1e+00  2e+00 0:27.7
    5     40 3.398437500000006e-01 2.0e+00 1.38e+00  1e+00  1e+00 0:34.5
    6     48 2.861328125000008e-01 2.0e+00 1.09e+00  8e-01  1e+00 0:41.4
    7     56 7.812500000000222e-03 2.2e+00 1.41e+00  1e+00  1e+00 0:48.5
    8     64 3.945312500000000e-01 2.2e+00 1.45e+00  1e+00  1e+00 0:55.7
   10     80 2.919921875000004e-01 2.6e+00 1.90e+00  1e+00  2e+00 1:09.7
   12     96 4.785156249999978e-02 3.0e+00 1.92e+00  1e+00  2e+00 1:23.8
   14    112 4.101562499999989e-02 2.4e+00 1.81e+00  1e+00  1e+00 1:38.1
   15    120 -9.960937499999956e-02 2.3e+00 1.59e+00  1e+00  1e+00 1:45.4
termination on ftarget=1e-11
final/bestever f-value = -9.960937e-02 -9.960937e-02
incumbent solution: [-5.125771620860522, 5.0881231123647375, 1.9777766952588922, -0.8993898280752322]
std deviation: [1.1923141995280453, 1.134539736784694, 1.10005220913765, 0.9924071899216627]
CMAEvolutionStrategyResult(xbest=array([-6.20319694,  5.01349472,  3.27897439, -0.63501844]), fbest=-0.09960937499999956, evals_best=120, evaluations=120, iterations=15, xfavorite=array([-5.12577162,  5.08812311,  1.9777767 , -0.89938983]), stds=array([1.1923142 , 1.13453974, 1.10005221, 0.99240719]), stop={'ftarget': 1e-11})
4 10
(4_w,8)-aCMA-ES (mu_w=2.6,w_1=52%) in dimension 4 (seed=749615, Mon Jun 14 16:31:14 2021)
Iterat #Fevals   function value  axis ratio  sigma  min&max std  t[m:s]
    1      8 1.210937499999998e-01 1.0e+00 1.34e+00  1e+00  1e+00 0:07.0
    2     16 1.445312500000002e-01 1.2e+00 1.12e+00  1e+00  1e+00 0:14.1
    3     24 4.394531250000056e-02 1.4e+00 1.03e+00  9e-01  1e+00 0:21.1
    4     32 1.269531250000007e-01 1.4e+00 9.58e-01  8e-01  9e-01 0:28.4
    5     40 1.367187500000002e-01 1.6e+00 7.98e-01  6e-01  7e-01 0:35.7
    6     48 6.738281250000056e-02 1.6e+00 8.72e-01  6e-01  8e-01 0:43.1
    7     56 1.337890624999998e-01 1.9e+00 8.63e-01  6e-01  8e-01 0:50.2
    8     64 7.714843750000022e-02 2.0e+00 8.08e-01  6e-01  7e-01 0:57.3
    9     72 -1.367187499999956e-02 2.2e+00 7.64e-01  5e-01  7e-01 1:04.9
termination on ftarget=1e-11
final/bestever f-value = -1.367187e-02 -1.367187e-02
incumbent solution: [4.235473432880439, 3.0734394119753925, 2.0344265581018925, 4.11866654768903]
std deviation: [0.49153428647060604, 0.6890364169482107, 0.679733368505056, 0.5995274269889778]
CMAEvolutionStrategyResult(xbest=array([4.49430282, 3.6389637 , 1.17742932, 4.02658478]), fbest=-0.013671874999999556, evals_best=68, evaluations=72, iterations=9, xfavorite=array([4.23547343, 3.07343941, 2.03442656, 4.11866655]), stds=array([0.49153429, 0.68903642, 0.67973337, 0.59952743]), stop={'ftarget': 1e-11})
5 10
(4_w,8)-aCMA-ES (mu_w=2.6,w_1=52%) in dimension 4 (seed=813452, Mon Jun 14 16:32:19 2021)
Iterat #Fevals   function value  axis ratio  sigma  min&max std  t[m:s]
    1      8 1.630859374999998e-01 1.0e+00 1.48e+00  1e+00  2e+00 0:06.8
    2     16 1.904296874999997e-01 1.3e+00 1.57e+00  1e+00  2e+00 0:14.0
    3     24 2.431640625000003e-01 1.7e+00 1.83e+00  1e+00  3e+00 0:21.3
    4     32 2.314453124999998e-01 1.8e+00 1.79e+00  1e+00  2e+00 0:28.4
    5     40 5.546875000000001e-01 2.0e+00 1.84e+00  1e+00  2e+00 0:35.3
    6     48 2.695312500000004e-01 2.1e+00 1.53e+00  1e+00  2e+00 0:42.1
    7     56 2.460937500000002e-01 2.3e+00 1.88e+00  1e+00  3e+00 0:49.1
    8     64 1.923828125000006e-01 3.2e+00 1.89e+00  1e+00  4e+00 0:56.3
   10     80 2.802734374999994e-01 3.2e+00 1.55e+00  1e+00  3e+00 1:10.4
   11     88 -8.203124999999978e-02 3.1e+00 1.39e+00  9e-01  2e+00 1:17.8
termination on ftarget=1e-11
final/bestever f-value = -8.203125e-02 -8.203125e-02
incumbent solution: [-0.04233705565641996, 4.183339854865113, 6.069208494678902, 1.0846382747590726]
std deviation: [0.9005677686676887, 1.0126345919206854, 2.1691667835166855, 1.4130721281441996]
CMAEvolutionStrategyResult(xbest=array([0.42667717, 3.76265698, 6.23967857, 1.24688893]), fbest=-0.08203124999999978, evals_best=88, evaluations=88, iterations=11, xfavorite=array([-0.04233706,  4.18333985,  6.06920849,  1.08463827]), stds=array([0.90056777, 1.01263459, 2.16916678, 1.41307213]), stop={'ftarget': 1e-11})
6 10
(4_w,8)-aCMA-ES (mu_w=2.6,w_1=52%) in dimension 4 (seed=741671, Mon Jun 14 16:33:37 2021)
Iterat #Fevals   function value  axis ratio  sigma  min&max std  t[m:s]
    1      8 5.771484375000004e-01 1.0e+00 1.43e+00  1e+00  1e+00 0:07.0
    2     16 2.080078125000006e-01 1.3e+00 1.49e+00  1e+00  2e+00 0:13.8
    3     24 1.562500000000001e-01 1.7e+00 1.56e+00  1e+00  2e+00 0:22.5
    4     32 1.210937500000000e-01 1.9e+00 2.08e+00  2e+00  2e+00 0:29.4
    5     40 3.330078124999999e-01 2.3e+00 2.13e+00  2e+00  3e+00 0:36.6
    6     48 -1.953125000000000e-03 2.5e+00 1.95e+00  2e+00  3e+00 0:43.9
termination on ftarget=1e-11
final/bestever f-value = -1.953125e-03 -1.953125e-03
incumbent solution: [7.605620711370725, 5.670117396852123, 9.118713058783067, 3.3332565295417504]
std deviation: [1.6282554376934608, 1.7016022533952488, 1.941210324400461, 2.582230957104028]
CMAEvolutionStrategyResult(xbest=array([6.99100528, 3.93508899, 8.25385199, 2.66219839]), fbest=-0.001953125, evals_best=45, evaluations=48, iterations=6, xfavorite=array([7.60562071, 5.6701174 , 9.11871306, 3.33325653]), stds=array([1.62825544, 1.70160225, 1.94121032, 2.58223096]), stop={'ftarget': 1e-11})
7 10
(4_w,8)-aCMA-ES (mu_w=2.6,w_1=52%) in dimension 4 (seed=771794, Mon Jun 14 16:34:21 2021)
Iterat #Fevals   function value  axis ratio  sigma  min&max std  t[m:s]
    1      8 5.058593750000001e-01 1.0e+00 1.39e+00  1e+00  1e+00 0:07.0
    2     16 1.533203125000002e-01 1.4e+00 1.54e+00  1e+00  2e+00 0:14.3
    3     24 1.904296875000001e-01 1.9e+00 1.26e+00  9e-01  2e+00 0:21.4
    4     32 2.158203125000008e-01 1.9e+00 1.19e+00  8e-01  1e+00 0:28.7
    5     40 1.318359375000006e-01 1.9e+00 1.05e+00  7e-01  1e+00 0:35.6
    6     48 9.277343750000133e-02 1.9e+00 1.07e+00  6e-01  1e+00 0:43.1
    7     56 4.785156250000111e-02 2.3e+00 8.11e-01  5e-01  1e+00 0:50.1
    8     64 -1.855468750000044e-02 2.4e+00 8.83e-01  5e-01  1e+00 0:57.3
termination on ftarget=1e-11
final/bestever f-value = -1.855469e-02 -1.855469e-02
incumbent solution: [0.3294444038336677, -0.42534236014895943, 1.9985278081549767, 3.0267313775054547]
std deviation: [1.2803994219603523, 0.7584122945464551, 0.5012460189514408, 0.7428475405731807]
CMAEvolutionStrategyResult(xbest=array([-0.41589051, -0.78135852,  2.07417509,  3.19399587]), fbest=-0.018554687500000444, evals_best=57, evaluations=64, iterations=8, xfavorite=array([ 0.3294444 , -0.42534236,  1.99852781,  3.02673138]), stds=array([1.28039942, 0.75841229, 0.50124602, 0.74284754]), stop={'ftarget': 1e-11})
8 10
(4_w,8)-aCMA-ES (mu_w=2.6,w_1=52%) in dimension 4 (seed=829228, Mon Jun 14 16:35:18 2021)
Iterat #Fevals   function value  axis ratio  sigma  min&max std  t[m:s]
    1      8 3.095703125000008e-01 1.0e+00 1.57e+00  1e+00  2e+00 0:07.5
    2     16 2.333984375000003e-01 1.3e+00 1.28e+00  1e+00  1e+00 0:14.7
    3     24 5.351562500000007e-01 1.2e+00 1.25e+00  1e+00  1e+00 0:21.7
    4     32 4.472656250000006e-01 1.4e+00 1.12e+00  9e-01  1e+00 0:28.9
    5     40 1.464843749999999e-01 1.5e+00 9.16e-01  7e-01  8e-01 0:35.9
    6     48 3.613281250000011e-02 1.6e+00 7.80e-01  6e-01  7e-01 0:43.2
    7     56 1.171875000000002e-01 1.9e+00 6.97e-01  5e-01  6e-01 0:50.1
    9     72 8.300781250000067e-02 2.2e+00 6.22e-01  4e-01  6e-01 1:04.5
   10     80 -8.300781250000022e-02 2.4e+00 6.47e-01  4e-01  6e-01 1:11.7
termination on ftarget=1e-11
final/bestever f-value = -8.300781e-02 -8.300781e-02
incumbent solution: [2.515687794595082, 3.6817059898253612, 0.5234128270098108, 3.0368056158661516]
std deviation: [0.36791425138064676, 0.568840603895386, 0.583771207294762, 0.5194330471556806]
CMAEvolutionStrategyResult(xbest=array([2.51106273, 3.91746973, 0.19129061, 3.07076496]), fbest=-0.08300781250000022, evals_best=75, evaluations=80, iterations=10, xfavorite=array([2.51568779, 3.68170599, 0.52341283, 3.03680562]), stds=array([0.36791425, 0.5688406 , 0.58377121, 0.51943305]), stop={'ftarget': 1e-11})
9 10
(4_w,8)-aCMA-ES (mu_w=2.6,w_1=52%) in dimension 4 (seed=801690, Mon Jun 14 16:36:30 2021)
Iterat #Fevals   function value  axis ratio  sigma  min&max std  t[m:s]
    1      8 1.210937500000003e-01 1.0e+00 1.41e+00  1e+00  1e+00 0:06.9
    2     16 3.310546875000001e-01 1.2e+00 1.55e+00  1e+00  2e+00 0:14.5
    3     24 4.746093750000002e-01 1.5e+00 1.72e+00  1e+00  2e+00 0:21.3
    4     32 2.500000000000003e-01 1.5e+00 1.81e+00  1e+00  2e+00 0:28.2
    5     40 3.378906249999999e-01 1.8e+00 1.48e+00  1e+00  2e+00 0:35.4
    6     48 2.597656250000003e-01 2.3e+00 1.32e+00  8e-01  2e+00 0:42.5
    7     56 1.972656249999997e-01 2.6e+00 1.08e+00  6e-01  1e+00 0:49.5
    9     72 5.273437499999978e-02 2.5e+00 8.70e-01  5e-01  1e+00 1:03.5
   11     88 1.347656250000004e-01 2.8e+00 6.04e-01  3e-01  7e-01 1:17.6
   13    104 2.441406250000033e-02 2.8e+00 5.70e-01  3e-01  7e-01 1:31.8
   14    112 -8.593750000000000e-02 2.8e+00 6.75e-01  3e-01  8e-01 1:39.2
termination on ftarget=1e-11
final/bestever f-value = -8.593750e-02 -8.593750e-02
incumbent solution: [2.124327936502154, 4.838954836804969, 4.950315240927304, 4.436912348375716]
std deviation: [0.4103238825837416, 0.4093751241210799, 0.8495658509850221, 0.3101899778475087]
CMAEvolutionStrategyResult(xbest=array([2.16860102, 4.634984  , 5.31680456, 4.64229926]), fbest=-0.0859375, evals_best=105, evaluations=112, iterations=14, xfavorite=array([2.12432794, 4.83895484, 4.95031524, 4.43691235]), stds=array([0.41032388, 0.40937512, 0.84956585, 0.31018998]), stop={'ftarget': 1e-11})
