0 10
(4_w,8)-aCMA-ES (mu_w=2.6,w_1=52%) in dimension 4 (seed=760825, Sun Jun 13 18:56:49 2021)
circuitVTD.py:316: DeprecationWarning: The QuantumCircuit.__add__() method is being deprecated.Use the compose() method which is more flexible w.r.t circuit register compatibility.
  TrotterFixStepList.append(TrotterFixStepList[-1] + U_trot)
/home/nfb1/.local/lib/python3.7/site-packages/qiskit/circuit/quantumcircuit.py:869: DeprecationWarning: The QuantumCircuit.combine() method is being deprecated. Use the compose() method which is more flexible w.r.t circuit register compatibility.
  return self.combine(rhs)
Iterat #Fevals   function value  axis ratio  sigma  min&max std  t[m:s]
    1      8 2.495930989583334e-01 1.0e+00 1.50e+00  1e+00  2e+00 0:05.5
    2     16 3.572998046875000e-01 1.2e+00 1.35e+00  1e+00  1e+00 0:10.8
    3     24 3.295084635416666e-01 1.4e+00 1.58e+00  1e+00  2e+00 0:16.2
    4     32 5.687662760416667e-01 1.9e+00 1.38e+00  1e+00  2e+00 0:21.6
    5     40 2.044270833333334e-01 1.9e+00 1.52e+00  1e+00  2e+00 0:26.9
    6     48 2.403564453125000e-01 1.8e+00 1.99e+00  2e+00  2e+00 0:32.3
    8     64 1.155598958333334e-01 2.0e+00 2.01e+00  2e+00  2e+00 0:43.2
   10     80 6.229654947916663e-02 2.3e+00 2.42e+00  2e+00  3e+00 0:54.1
   12     96 8.231608072916663e-02 2.1e+00 2.75e+00  2e+00  3e+00 1:04.8
   14    112 5.839436848958333e-01 3.2e+00 2.98e+00  2e+00  3e+00 1:15.7
   16    128 2.455240885416666e-01 3.1e+00 4.34e+00  3e+00  5e+00 1:26.7
   18    144 4.536946614583337e-02 2.9e+00 5.05e+00  3e+00  6e+00 1:37.7
   21    168 1.058756510416666e-01 3.1e+00 3.67e+00  2e+00  4e+00 1:54.0
   24    192 1.734619140625000e-01 3.5e+00 3.78e+00  2e+00  4e+00 2:10.5
   27    216 1.586100260416666e-01 4.7e+00 3.52e+00  2e+00  4e+00 2:27.0
   30    240 6.730143229166663e-02 4.9e+00 4.93e+00  3e+00  5e+00 2:43.0
   33    264 1.236165364583334e-01 4.6e+00 6.40e+00  4e+00  7e+00 2:59.3
   37    296 6.400553385416663e-02 4.8e+00 4.43e+00  3e+00  5e+00 3:21.5
   41    328 3.599039713541666e-01 5.3e+00 3.80e+00  2e+00  4e+00 3:43.5
   45    360 2.805989583333334e-01 5.9e+00 2.29e+00  1e+00  2e+00 4:04.8
   49    392 3.780110677083337e-02 5.4e+00 1.46e+00  6e-01  1e+00 4:26.5
   53    424 2.848307291666663e-02 4.2e+00 1.28e+00  4e-01  8e-01 4:48.6
   58    464 4.760742187500000e-03 2.5e+00 1.03e+00  3e-01  5e-01 5:15.8
   63    504 2.604166666666630e-03 3.1e+00 7.77e-01  2e-01  3e-01 5:42.8
   68    544 5.696614583333703e-04 5.1e+00 5.04e-01  2e-01  2e-01 6:10.2
   70    560 0.000000000000000e+00 7.6e+00 4.07e-01  1e-01  2e-01 6:20.8
termination on ftarget=1e-11
final/bestever f-value = 0.000000e+00 0.000000e+00
incumbent solution: [0.8262687234986351, 13.572093587474884, -5.212518365917354, 7.237183051579011]
std deviation: [0.18394771879653207, 0.14917206430695903, 0.15290732746833022, 0.12515841634889555]
CMAEvolutionStrategyResult(xbest=array([ 1.04291915, 13.68197198, -5.37846081,  7.18256902]), fbest=0.0, evals_best=554, evaluations=560, iterations=70, xfavorite=array([ 0.82626872, 13.57209359, -5.21251837,  7.23718305]), stds=array([0.18394772, 0.14917206, 0.15290733, 0.12515842]), stop={'ftarget': 1e-11})
1 10
(4_w,8)-aCMA-ES (mu_w=2.6,w_1=52%) in dimension 4 (seed=721568, Sun Jun 13 19:03:10 2021)
Iterat #Fevals   function value  axis ratio  sigma  min&max std  t[m:s]
    1      8 4.671223958333334e-01 1.0e+00 1.95e+00  2e+00  2e+00 0:06.4
    2     16 1.330566406250000e-01 1.3e+00 2.56e+00  2e+00  3e+00 0:13.0
    3     24 2.440592447916666e-01 1.3e+00 3.20e+00  3e+00  4e+00 0:19.6
    4     32 1.745198567708334e-01 1.4e+00 3.71e+00  3e+00  5e+00 0:26.1
    5     40 2.074788411458334e-01 1.9e+00 4.86e+00  4e+00  6e+00 0:32.6
    6     48 3.376871744791666e-01 2.0e+00 4.81e+00  4e+00  6e+00 0:39.2
    7     56 6.595865885416663e-02 1.8e+00 4.53e+00  3e+00  5e+00 0:45.9
    9     72 1.324462890625000e-01 2.8e+00 7.25e+00  5e+00  1e+01 0:59.1
   11     88 2.736002604166666e-01 2.8e+00 7.61e+00  6e+00  1e+01 1:11.9
   13    104 2.448730468750000e-01 2.7e+00 5.95e+00  5e+00  8e+00 1:24.8
   15    120 1.430257161458334e-01 3.1e+00 4.32e+00  3e+00  6e+00 1:38.1
   17    136 2.350260416666666e-01 3.6e+00 3.29e+00  2e+00  4e+00 1:51.1
   19    152 2.596028645833334e-01 3.5e+00 2.89e+00  2e+00  3e+00 2:03.8
   22    176 1.635335286458334e-01 3.3e+00 2.92e+00  2e+00  3e+00 2:23.0
   25    200 3.809814453125000e-01 3.5e+00 2.87e+00  2e+00  3e+00 2:42.6
   28    224 1.277669270833334e-01 3.9e+00 3.14e+00  2e+00  3e+00 3:02.3
   31    248 2.800699869791666e-01 5.1e+00 3.30e+00  2e+00  4e+00 3:21.8
   34    272 5.244954427083333e-01 8.6e+00 3.03e+00  2e+00  4e+00 3:41.2
   37    296 3.099365234375000e-01 6.9e+00 3.21e+00  2e+00  4e+00 4:00.9
   40    320 3.438313802083334e-01 5.8e+00 3.01e+00  2e+00  3e+00 4:20.8
   44    352 2.008870442708334e-01 9.5e+00 3.73e+00  2e+00  5e+00 4:47.0
   48    384 6.848144531250000e-02 1.2e+01 3.07e+00  1e+00  4e+00 5:13.5
   52    416 2.654215494791666e-01 1.0e+01 2.01e+00  8e-01  2e+00 5:39.7
   56    448 1.336263020833334e-01 7.2e+00 1.14e+00  3e-01  9e-01 6:07.1
   60    480 1.578776041666663e-02 4.4e+00 1.16e+00  4e-01  5e-01 6:34.1
   64    512 1.057942708333337e-02 2.8e+00 1.74e+00  5e-01  7e-01 7:00.0
   68    544 1.505533854166630e-03 2.9e+00 1.16e+00  3e-01  4e-01 7:26.1
   73    584 3.214518229166630e-03 4.0e+00 6.27e-01  1e-01  2e-01 7:59.4
   78    624 1.424153645833370e-03 4.5e+00 4.84e-01  7e-02  2e-01 8:32.1
   82    656 0.000000000000000e+00 4.1e+00 3.41e-01  4e-02  9e-02 8:59.0
termination on ftarget=1e-11
final/bestever f-value = 0.000000e+00 0.000000e+00
incumbent solution: [-3.5882645199674736, 8.462216413944152, -5.584041884737447, 11.970786322516506]
std deviation: [0.06854545553684138, 0.04171718299550422, 0.0594191376760269, 0.09124121179210959]
CMAEvolutionStrategyResult(xbest=array([-3.60111134,  8.47347328, -5.57504972, 11.92964702]), fbest=0.0, evals_best=650, evaluations=656, iterations=82, xfavorite=array([-3.58826452,  8.46221641, -5.58404188, 11.97078632]), stds=array([0.06854546, 0.04171718, 0.05941914, 0.09124121]), stop={'ftarget': 1e-11})
2 10
(4_w,8)-aCMA-ES (mu_w=2.6,w_1=52%) in dimension 4 (seed=689191, Sun Jun 13 19:12:09 2021)
Iterat #Fevals   function value  axis ratio  sigma  min&max std  t[m:s]
    1      8 2.517089843750000e-01 1.0e+00 1.85e+00  2e+00  2e+00 0:06.8
    2     16 4.789225260416663e-02 1.5e+00 1.63e+00  2e+00  2e+00 0:13.8
    3     24 3.253987630208334e-01 1.6e+00 1.73e+00  2e+00  2e+00 0:20.2
    4     32 4.033203125000000e-01 1.9e+00 1.96e+00  2e+00  2e+00 0:27.0
    5     40 4.449055989583334e-01 2.4e+00 1.98e+00  2e+00  2e+00 0:33.7
    6     48 5.565592447916667e-01 2.5e+00 2.21e+00  2e+00  3e+00 0:40.0
    7     56 3.078206380208334e-01 2.6e+00 2.16e+00  2e+00  3e+00 0:46.7
    9     72 2.033691406250000e-01 2.7e+00 1.61e+00  1e+00  2e+00 0:59.6
   11     88 1.847737630208334e-01 2.7e+00 1.54e+00  1e+00  2e+00 1:12.6
   13    104 1.217447916666666e-01 2.9e+00 1.14e+00  7e-01  1e+00 1:25.3
   15    120 5.680338541666663e-02 2.5e+00 8.31e-01  4e-01  8e-01 1:38.4
   17    136 1.818847656250000e-02 2.4e+00 5.68e-01  3e-01  5e-01 1:51.3
   19    152 2.888997395833370e-03 2.1e+00 4.12e-01  2e-01  3e-01 2:04.5
   21    168 2.319335937500000e-03 2.2e+00 2.96e-01  1e-01  2e-01 2:17.8
   24    192 6.184895833333370e-03 2.0e+00 1.97e-01  7e-02  1e-01 2:37.5
   27    216 1.464843750000000e-03 2.3e+00 1.90e-01  7e-02  9e-02 2:57.1
   30    240 5.289713541666297e-04 2.5e+00 1.23e-01  4e-02  5e-02 3:17.0
   33    264 0.000000000000000e+00 2.2e+00 8.80e-02  2e-02  3e-02 3:37.9
termination on ftarget=1e-11
final/bestever f-value = 0.000000e+00 0.000000e+00
incumbent solution: [4.555184194681732, 1.5812392578999903, -1.1743727461182996, 1.9075715510228524]
std deviation: [0.02961636482603002, 0.024101571605923265, 0.032854860220358016, 0.024765785016938706]
CMAEvolutionStrategyResult(xbest=array([ 4.54151209,  1.57281263, -1.18713552,  1.92144282]), fbest=0.0, evals_best=264, evaluations=264, iterations=33, xfavorite=array([ 4.55518419,  1.58123926, -1.17437275,  1.90757155]), stds=array([0.02961636, 0.02410157, 0.03285486, 0.02476579]), stop={'ftarget': 1e-11})
3 10
(4_w,8)-aCMA-ES (mu_w=2.6,w_1=52%) in dimension 4 (seed=734195, Sun Jun 13 19:15:47 2021)
Iterat #Fevals   function value  axis ratio  sigma  min&max std  t[m:s]
    1      8 5.819498697916667e-01 1.0e+00 1.52e+00  1e+00  2e+00 0:06.8
    2     16 5.010579427083333e-01 1.3e+00 1.47e+00  1e+00  2e+00 0:13.5
    3     24 1.204020182291666e-01 1.3e+00 1.51e+00  1e+00  2e+00 0:20.1
    4     32 2.722981770833334e-01 1.4e+00 1.26e+00  1e+00  1e+00 0:26.7
    5     40 1.536051432291666e-01 1.6e+00 1.29e+00  1e+00  1e+00 0:33.3
    6     48 2.993977864583334e-01 1.7e+00 1.25e+00  1e+00  1e+00 0:40.3
    7     56 3.545735677083334e-01 1.7e+00 1.40e+00  1e+00  2e+00 0:46.8
    9     72 3.398437500000000e-01 2.4e+00 1.19e+00  9e-01  1e+00 1:00.1
   11     88 5.257161458333337e-02 2.6e+00 1.08e+00  7e-01  1e+00 1:13.5
   13    104 6.701660156250000e-02 2.4e+00 8.68e-01  5e-01  8e-01 1:26.4
   15    120 6.408691406250000e-02 2.5e+00 7.00e-01  3e-01  7e-01 1:39.6
   17    136 1.277669270833337e-02 2.8e+00 5.40e-01  2e-01  5e-01 1:52.8
   19    152 2.160644531250000e-02 3.1e+00 4.26e-01  2e-01  3e-01 2:06.0
   21    168 4.272460937500000e-03 3.3e+00 3.82e-01  1e-01  3e-01 2:19.1
   24    192 4.760742187500000e-03 3.8e+00 2.77e-01  1e-01  2e-01 2:38.9
   27    216 4.475911458333703e-04 3.8e+00 1.54e-01  4e-02  1e-01 2:58.4
   30    240 2.034505208333703e-04 3.8e+00 9.67e-02  2e-02  6e-02 3:18.3
   33    264 0.000000000000000e+00 4.5e+00 8.38e-02  2e-02  6e-02 3:38.2
termination on ftarget=1e-11
final/bestever f-value = 0.000000e+00 0.000000e+00
incumbent solution: [4.3819627024185595, 3.4106772382631423, -0.3635310662297933, 2.2351558873115276]
std deviation: [0.018651842913395767, 0.0338737325022101, 0.036947971618515825, 0.05802669417920858]
CMAEvolutionStrategyResult(xbest=array([ 4.39511978,  3.40705128, -0.37749216,  2.22853484]), fbest=0.0, evals_best=258, evaluations=264, iterations=33, xfavorite=array([ 4.3819627 ,  3.41067724, -0.36353107,  2.23515589]), stds=array([0.01865184, 0.03387373, 0.03694797, 0.05802669]), stop={'ftarget': 1e-11})
4 10
(4_w,8)-aCMA-ES (mu_w=2.6,w_1=52%) in dimension 4 (seed=715735, Sun Jun 13 19:19:25 2021)
Iterat #Fevals   function value  axis ratio  sigma  min&max std  t[m:s]
    1      8 9.952799479166663e-02 1.0e+00 1.39e+00  1e+00  1e+00 0:06.7
    2     16 1.660156250000000e-01 1.3e+00 1.31e+00  1e+00  1e+00 0:13.3
    3     24 3.477783203125000e-01 1.4e+00 1.57e+00  1e+00  2e+00 0:19.8
    4     32 1.415608723958334e-01 1.8e+00 2.00e+00  2e+00  3e+00 0:26.4
    5     40 1.882731119791666e-01 2.1e+00 2.24e+00  2e+00  3e+00 0:32.8
    6     48 2.546386718750000e-01 2.6e+00 2.46e+00  2e+00  3e+00 0:39.4
    7     56 4.322509765625000e-01 2.5e+00 2.72e+00  2e+00  4e+00 0:45.9
    9     72 5.957845052083333e-01 2.5e+00 2.67e+00  2e+00  4e+00 0:59.5
   11     88 1.803792317708334e-01 2.9e+00 3.57e+00  3e+00  5e+00 1:12.8
   13    104 1.609700520833334e-01 3.0e+00 3.29e+00  3e+00  4e+00 1:26.7
   15    120 5.524902343750000e-01 3.0e+00 3.56e+00  3e+00  4e+00 1:39.9
   17    136 2.557779947916666e-01 3.4e+00 3.51e+00  3e+00  4e+00 1:53.3
   19    152 3.476562500000000e-01 3.3e+00 3.81e+00  3e+00  5e+00 2:06.5
   22    176 1.335856119791666e-01 4.4e+00 4.52e+00  4e+00  5e+00 2:26.4
   25    200 5.989583333333333e-01 4.6e+00 3.27e+00  3e+00  4e+00 2:45.6
   28    224 2.765706380208334e-01 4.3e+00 4.57e+00  4e+00  6e+00 3:05.2
   31    248 4.141845703125000e-01 7.2e+00 2.90e+00  2e+00  4e+00 3:25.1
   34    272 1.947428385416666e-01 8.7e+00 2.04e+00  1e+00  3e+00 3:44.9
   37    296 1.745198567708334e-01 7.1e+00 1.90e+00  1e+00  2e+00 4:05.1
   40    320 9.366861979166663e-02 6.3e+00 1.58e+00  9e-01  1e+00 4:25.1
   44    352 1.163736979166663e-02 7.2e+00 1.15e+00  5e-01  1e+00 4:51.4
   48    384 1.993815104166630e-03 6.8e+00 5.46e-01  2e-01  4e-01 5:17.8
   52    416 1.505533854166630e-03 8.5e+00 4.79e-01  1e-01  4e-01 5:44.3
   56    448 5.696614583333703e-04 9.6e+00 2.80e-01  5e-02  2e-01 6:10.6
   60    480 4.069010416662966e-05 1.0e+01 2.18e-01  3e-02  1e-01 6:37.4
   63    504 0.000000000000000e+00 1.4e+01 1.75e-01  2e-02  1e-01 6:57.2
termination on ftarget=1e-11
final/bestever f-value = 0.000000e+00 0.000000e+00
incumbent solution: [-9.556898252483414, 10.563911882578344, 20.958943259172106, 0.6923058146179788]
std deviation: [0.13136858982896907, 0.023206072319649093, 0.13003111962881483, 0.06992390064815569]
CMAEvolutionStrategyResult(xbest=array([-9.59258631, 10.56197411, 20.99619015,  0.67676125]), fbest=0.0, evals_best=504, evaluations=504, iterations=63, xfavorite=array([-9.55689825, 10.56391188, 20.95894326,  0.69230581]), stds=array([0.13136859, 0.02320607, 0.13003112, 0.0699239 ]), stop={'ftarget': 1e-11})
5 10
(4_w,8)-aCMA-ES (mu_w=2.6,w_1=52%) in dimension 4 (seed=808654, Sun Jun 13 19:26:22 2021)
Iterat #Fevals   function value  axis ratio  sigma  min&max std  t[m:s]
    1      8 7.329508463541667e-01 1.0e+00 1.49e+00  1e+00  2e+00 0:07.1
    2     16 2.224934895833334e-01 1.3e+00 1.56e+00  1e+00  2e+00 0:13.7
    3     24 4.490966796875000e-01 1.5e+00 1.54e+00  1e+00  2e+00 0:20.4
    4     32 1.739095052083334e-01 1.6e+00 1.44e+00  1e+00  2e+00 0:26.7
    5     40 1.879882812500000e-01 1.9e+00 1.52e+00  1e+00  2e+00 0:33.4
    6     48 8.113606770833337e-02 2.1e+00 1.58e+00  1e+00  2e+00 0:40.0
    7     56 4.166666666666663e-02 2.3e+00 1.36e+00  1e+00  2e+00 0:46.7
    9     72 4.899088541666663e-02 2.6e+00 9.83e-01  7e-01  1e+00 0:59.9
   11     88 6.013997395833337e-02 3.2e+00 8.09e-01  5e-01  9e-01 1:13.3
   13    104 4.536946614583337e-02 3.5e+00 7.97e-01  5e-01  8e-01 1:26.1
   15    120 1.700846354166663e-02 3.2e+00 6.88e-01  5e-01  6e-01 1:39.7
   17    136 1.599121093750000e-02 3.2e+00 6.54e-01  4e-01  5e-01 1:53.1
   19    152 1.708984375000000e-03 3.6e+00 5.57e-01  3e-01  4e-01 2:06.4
   21    168 5.533854166666630e-03 5.2e+00 5.60e-01  3e-01  5e-01 2:19.9
   24    192 2.075195312500000e-03 6.4e+00 3.84e-01  2e-01  3e-01 2:39.6
   27    216 7.324218750000000e-04 6.2e+00 2.67e-01  1e-01  2e-01 2:59.2
   30    240 2.034505208333703e-04 7.7e+00 2.15e-01  1e-01  2e-01 3:18.6
   33    264 1.220703125000000e-04 8.7e+00 1.72e-01  9e-02  1e-01 3:38.2
   36    288 0.000000000000000e+00 1.1e+01 9.35e-02  4e-02  6e-02 3:57.8
termination on ftarget=1e-11
final/bestever f-value = 0.000000e+00 0.000000e+00
incumbent solution: [6.91784027885762, 4.839599900136974, -7.002770951519957, 0.8325747871901142]
std deviation: [0.044701760412160174, 0.0607443289242389, 0.05805715137114778, 0.05535521716687587]
CMAEvolutionStrategyResult(xbest=array([ 6.9212546 ,  4.83871413, -7.00292266,  0.83017456]), fbest=0.0, evals_best=285, evaluations=288, iterations=36, xfavorite=array([ 6.91784028,  4.8395999 , -7.00277095,  0.83257479]), stds=array([0.04470176, 0.06074433, 0.05805715, 0.05535522]), stop={'ftarget': 1e-11})
6 10
(4_w,8)-aCMA-ES (mu_w=2.6,w_1=52%) in dimension 4 (seed=719582, Sun Jun 13 19:30:20 2021)
Iterat #Fevals   function value  axis ratio  sigma  min&max std  t[m:s]
    1      8 4.023844401041666e-01 1.0e+00 1.40e+00  1e+00  1e+00 0:06.6
    2     16 1.724039713541666e-01 1.4e+00 1.61e+00  1e+00  2e+00 0:13.5
    3     24 3.711751302083334e-01 1.9e+00 1.31e+00  1e+00  1e+00 0:20.3
    4     32 3.595377604166666e-01 1.9e+00 1.25e+00  1e+00  1e+00 0:26.5
    5     40 2.316487630208334e-01 2.1e+00 1.38e+00  1e+00  1e+00 0:33.1
    6     48 1.863606770833334e-01 1.9e+00 1.54e+00  1e+00  2e+00 0:39.5
    7     56 1.054687500000000e-01 1.7e+00 1.59e+00  1e+00  2e+00 0:46.2
    9     72 1.884358723958334e-01 1.6e+00 1.09e+00  7e-01  1e+00 0:59.2
   11     88 2.372233072916663e-02 1.7e+00 9.89e-01  6e-01  9e-01 1:12.5
   13    104 4.313151041666630e-03 1.6e+00 8.35e-01  5e-01  7e-01 1:25.8
   15    120 1.086425781250000e-02 2.2e+00 7.76e-01  4e-01  6e-01 1:39.0
   17    136 1.127115885416663e-02 1.9e+00 6.04e-01  3e-01  4e-01 1:52.2
   19    152 2.156575520833370e-03 2.2e+00 4.82e-01  2e-01  3e-01 2:05.6
   21    168 1.346842447916663e-02 2.5e+00 5.01e-01  2e-01  3e-01 2:19.0
   24    192 2.156575520833370e-03 3.1e+00 2.96e-01  1e-01  2e-01 2:38.9
   27    216 8.138020833333703e-04 3.7e+00 2.53e-01  9e-02  1e-01 2:58.9
   30    240 8.138020833337034e-05 5.3e+00 1.66e-01  5e-02  9e-02 3:18.9
   33    264 4.069010416662966e-05 6.6e+00 1.08e-01  3e-02  6e-02 3:38.4
   34    272 0.000000000000000e+00 6.5e+00 9.06e-02  3e-02  5e-02 3:44.9
termination on ftarget=1e-11
final/bestever f-value = 0.000000e+00 0.000000e+00
incumbent solution: [0.4011511153261395, 2.6856183660354938, 0.728333128070667, -1.4069109358300498]
std deviation: [0.02900315751757509, 0.04963967255265963, 0.04546731292725994, 0.04318650503846755]
CMAEvolutionStrategyResult(xbest=array([ 0.38386882,  2.76406237,  0.76981719, -1.47362039]), fbest=0.0, evals_best=265, evaluations=272, iterations=34, xfavorite=array([ 0.40115112,  2.68561837,  0.72833313, -1.40691094]), stds=array([0.02900316, 0.04963967, 0.04546731, 0.04318651]), stop={'ftarget': 1e-11})
7 10
(4_w,8)-aCMA-ES (mu_w=2.6,w_1=52%) in dimension 4 (seed=737770, Sun Jun 13 19:34:05 2021)
Iterat #Fevals   function value  axis ratio  sigma  min&max std  t[m:s]
    1      8 9.529622395833337e-02 1.0e+00 1.70e+00  2e+00  2e+00 0:07.0
    2     16 9.086100260416663e-02 1.6e+00 1.90e+00  2e+00  2e+00 0:13.6
    3     24 2.100830078125000e-01 1.7e+00 1.63e+00  1e+00  2e+00 0:20.5
    4     32 2.198893229166666e-01 2.0e+00 1.28e+00  1e+00  1e+00 0:26.9
    5     40 5.008951822916663e-02 2.1e+00 1.12e+00  9e-01  1e+00 0:33.7
    6     48 9.431966145833337e-02 2.2e+00 9.43e-01  7e-01  1e+00 0:40.1
    7     56 1.814778645833337e-02 2.2e+00 7.08e-01  5e-01  8e-01 0:46.9
    9     72 2.494303385416663e-02 2.3e+00 7.01e-01  5e-01  8e-01 0:59.8
   11     88 2.518717447916663e-02 2.5e+00 5.99e-01  4e-01  6e-01 1:12.7
   13    104 1.472981770833337e-02 2.6e+00 4.45e-01  3e-01  4e-01 1:26.1
   15    120 1.147460937500000e-02 3.2e+00 4.28e-01  2e-01  4e-01 1:39.2
   17    136 3.011067708333370e-03 3.6e+00 3.91e-01  2e-01  4e-01 1:52.2
   19    152 5.371093750000000e-03 4.7e+00 2.91e-01  2e-01  3e-01 2:05.8
   22    176 4.069010416666297e-04 6.3e+00 2.68e-01  2e-01  3e-01 2:25.4
   25    200 2.726236979166630e-03 8.7e+00 2.29e-01  1e-01  3e-01 2:44.7
   28    224 0.000000000000000e+00 1.0e+01 1.53e-01  8e-02  2e-01 3:04.2
termination on ftarget=1e-11
final/bestever f-value = 0.000000e+00 0.000000e+00
incumbent solution: [0.5536922676390728, 7.604613958489276, 2.3676867585004655, 1.268312936169163]
std deviation: [0.07777790474591856, 0.15832253298762816, 0.07713718582688876, 0.15265321360081194]
CMAEvolutionStrategyResult(xbest=array([0.57067319, 7.68862473, 2.33315908, 1.18626963]), fbest=0.0, evals_best=220, evaluations=224, iterations=28, xfavorite=array([0.55369227, 7.60461396, 2.36768676, 1.26831294]), stds=array([0.0777779 , 0.15832253, 0.07713719, 0.15265321]), stop={'ftarget': 1e-11})
8 10
(4_w,8)-aCMA-ES (mu_w=2.6,w_1=52%) in dimension 4 (seed=725129, Sun Jun 13 19:37:09 2021)
Iterat #Fevals   function value  axis ratio  sigma  min&max std  t[m:s]
    1      8 7.828776041666663e-02 1.0e+00 2.26e+00  2e+00  3e+00 0:06.9
    2     16 2.150472005208334e-01 1.4e+00 2.40e+00  2e+00  3e+00 0:13.3
    3     24 2.376708984375000e-01 1.4e+00 1.93e+00  2e+00  2e+00 0:19.7
    4     32 9.989420572916663e-02 1.4e+00 2.01e+00  2e+00  2e+00 0:26.4
    5     40 4.121907552083337e-02 1.5e+00 1.91e+00  2e+00  2e+00 0:33.1
    6     48 4.872639973958334e-01 1.5e+00 1.85e+00  2e+00  2e+00 0:39.6
    7     56 2.087402343750000e-02 1.8e+00 1.56e+00  1e+00  2e+00 0:46.0
    9     72 1.094563802083334e-01 2.1e+00 1.03e+00  8e-01  9e-01 0:58.8
   11     88 3.653971354166663e-02 2.1e+00 8.70e-01  6e-01  7e-01 1:12.2
   13    104 1.327311197916666e-01 2.5e+00 8.42e-01  6e-01  7e-01 1:25.0
   15    120 1.204427083333337e-02 2.4e+00 5.99e-01  4e-01  5e-01 1:38.4
   17    136 1.668294270833370e-03 2.6e+00 4.42e-01  3e-01  3e-01 1:51.9
   19    152 8.382161458333370e-03 3.1e+00 3.72e-01  2e-01  3e-01 2:04.8
   22    176 8.138020833333703e-04 3.0e+00 2.95e-01  1e-01  3e-01 2:24.3
   25    200 7.731119791666297e-04 3.8e+00 2.08e-01  8e-02  2e-01 2:44.2
   28    224 1.627604166666297e-04 4.5e+00 1.34e-01  5e-02  1e-01 3:03.7
   31    248 8.138020833337034e-05 5.9e+00 8.25e-02  2e-02  7e-02 3:23.3
   32    256 0.000000000000000e+00 6.4e+00 7.68e-02  2e-02  6e-02 3:30.1
termination on ftarget=1e-11
final/bestever f-value = 0.000000e+00 0.000000e+00
incumbent solution: [4.508765714916892, 7.0111710935810185, 4.322374402249472, 2.329958501401087]
std deviation: [0.06380313308018519, 0.022946082666894026, 0.028915282476640346, 0.03043454396736925]
CMAEvolutionStrategyResult(xbest=array([4.50197242, 7.01516013, 4.31136091, 2.32867802]), fbest=0.0, evals_best=251, evaluations=256, iterations=32, xfavorite=array([4.50876571, 7.01117109, 4.3223744 , 2.3299585 ]), stds=array([0.06380313, 0.02294608, 0.02891528, 0.03043454]), stop={'ftarget': 1e-11})
9 10
(4_w,8)-aCMA-ES (mu_w=2.6,w_1=52%) in dimension 4 (seed=777330, Sun Jun 13 19:40:39 2021)
Iterat #Fevals   function value  axis ratio  sigma  min&max std  t[m:s]
    1      8 1.890055338541666e-01 1.0e+00 1.51e+00  1e+00  2e+00 0:06.7
    2     16 2.034505208333334e-01 1.3e+00 1.19e+00  1e+00  1e+00 0:13.4
    3     24 1.571451822916666e-01 1.5e+00 1.30e+00  1e+00  2e+00 0:19.9
    4     32 1.025390625000000e-01 1.7e+00 1.29e+00  9e-01  2e+00 0:26.5
    5     40 1.652018229166666e-01 2.2e+00 1.18e+00  8e-01  1e+00 0:33.2
    6     48 1.387939453125000e-01 2.4e+00 1.09e+00  7e-01  2e+00 0:39.8
    7     56 1.516520182291666e-01 2.7e+00 1.25e+00  8e-01  2e+00 0:46.3
    9     72 8.341471354166663e-02 3.6e+00 9.50e-01  5e-01  1e+00 0:59.5
   11     88 4.386393229166663e-02 3.8e+00 6.66e-01  3e-01  1e+00 1:12.9
   13    104 1.953125000000000e-03 4.9e+00 4.97e-01  2e-01  8e-01 1:26.0
   15    120 3.011067708333370e-03 5.5e+00 3.95e-01  2e-01  6e-01 1:39.5
   17    136 3.255208333333703e-04 6.9e+00 3.78e-01  2e-01  6e-01 1:52.9
   19    152 2.644856770833370e-03 7.6e+00 3.07e-01  1e-01  5e-01 2:06.0
   21    168 3.092447916666630e-03 7.3e+00 2.56e-01  9e-02  4e-01 2:19.1
   24    192 8.138020833333703e-04 7.0e+00 1.75e-01  5e-02  2e-01 2:39.4
   27    216 1.220703125000000e-04 9.3e+00 1.71e-01  6e-02  2e-01 2:59.0
   30    240 4.069010416662966e-05 1.0e+01 1.30e-01  4e-02  2e-01 3:19.1
   33    264 8.138020833337034e-05 1.1e+01 1.43e-01  5e-02  2e-01 3:39.5
   36    288 0.000000000000000e+00 1.6e+01 1.80e-01  6e-02  3e-01 3:59.6
termination on ftarget=1e-11
final/bestever f-value = 0.000000e+00 0.000000e+00
incumbent solution: [2.278645082483738, 5.230634680083393, 3.1251058624474513, -1.6032751182726708]
std deviation: [0.13236699046584857, 0.058048732907056276, 0.3007816976160037, 0.08790020127686744]
CMAEvolutionStrategyResult(xbest=array([ 2.20071748,  5.2225351 ,  2.98302701, -1.5747557 ]), fbest=0.0, evals_best=282, evaluations=288, iterations=36, xfavorite=array([ 2.27864508,  5.23063468,  3.12510586, -1.60327512]), stds=array([0.13236699, 0.05804873, 0.3007817 , 0.0879002 ]), stop={'ftarget': 1e-11})
