0 10
(4_w,8)-aCMA-ES (mu_w=2.6,w_1=52%) in dimension 4 (seed=704852, Sun Jun 13 18:56:06 2021)
circuitVTD.py:316: DeprecationWarning: The QuantumCircuit.__add__() method is being deprecated.Use the compose() method which is more flexible w.r.t circuit register compatibility.
  TrotterFixStepList.append(TrotterFixStepList[-1] + U_trot)
/home/nfb1/.local/lib/python3.7/site-packages/qiskit/circuit/quantumcircuit.py:869: DeprecationWarning: The QuantumCircuit.combine() method is being deprecated. Use the compose() method which is more flexible w.r.t circuit register compatibility.
  return self.combine(rhs)
Iterat #Fevals   function value  axis ratio  sigma  min&max std  t[m:s]
    1      8 3.209635416666666e-01 1.0e+00 1.73e+00  2e+00  2e+00 0:04.7
    2     16 3.782552083333334e-01 1.4e+00 2.04e+00  2e+00  3e+00 0:09.5
    3     24 2.063802083333334e-01 1.6e+00 2.25e+00  2e+00  3e+00 0:14.2
    4     32 2.591145833333334e-01 1.9e+00 2.65e+00  3e+00  4e+00 0:19.2
    5     40 3.841145833333337e-02 2.3e+00 2.80e+00  2e+00  4e+00 0:23.8
    7     56 4.095052083333334e-01 2.3e+00 2.62e+00  2e+00  3e+00 0:33.4
    9     72 2.786458333333334e-01 2.3e+00 2.03e+00  1e+00  2e+00 0:42.9
   11     88 5.130208333333333e-01 2.9e+00 2.40e+00  2e+00  3e+00 0:52.4
   13    104 9.114583333333370e-03 2.8e+00 2.07e+00  2e+00  2e+00 1:02.1
   15    120 2.291666666666666e-01 2.8e+00 1.70e+00  1e+00  2e+00 1:11.8
   18    144 2.454427083333334e-01 3.2e+00 2.36e+00  1e+00  3e+00 1:26.2
   21    168 4.225260416666666e-01 4.1e+00 2.45e+00  2e+00  3e+00 1:40.8
   24    192 1.276041666666666e-01 3.9e+00 2.74e+00  2e+00  3e+00 1:55.2
   27    216 1.334635416666666e-01 4.5e+00 3.09e+00  3e+00  4e+00 2:09.8
   30    240 3.352864583333334e-01 6.2e+00 2.50e+00  2e+00  3e+00 2:24.4
   34    272 4.010416666666666e-01 8.7e+00 2.46e+00  2e+00  3e+00 2:43.4
   38    304 5.794270833333337e-02 8.7e+00 2.20e+00  2e+00  3e+00 3:02.9
   42    336 6.315104166666663e-02 8.3e+00 2.22e+00  2e+00  2e+00 3:22.1
   46    368 6.119791666666663e-02 7.4e+00 1.52e+00  1e+00  1e+00 3:41.9
   50    400 1.445312500000000e-01 7.0e+00 1.50e+00  1e+00  1e+00 4:00.9
   55    440 7.812500000000000e-03 5.7e+00 7.93e-01  3e-01  6e-01 4:25.5
   60    480 2.148437500000000e-02 4.7e+00 6.18e-01  2e-01  3e-01 4:50.2
   65    520 3.906250000000000e-03 3.2e+00 1.08e+00  3e-01  4e-01 5:14.2
   70    560 7.161458333333370e-03 3.6e+00 9.12e-01  2e-01  3e-01 5:38.5
   75    600 0.000000000000000e+00 3.9e+00 6.25e-01  1e-01  2e-01 6:02.5
termination on ftarget=1e-11
final/bestever f-value = 0.000000e+00 0.000000e+00
incumbent solution: [-3.904857826914926, -6.674921081688819, -10.561498390898448, 14.427900844843299]
std deviation: [0.21635813096518278, 0.168788760436043, 0.17288695551736, 0.10517227905292258]
CMAEvolutionStrategyResult(xbest=array([ -3.97632928,  -6.75399764, -10.47849814,  14.42260899]), fbest=0.0, evals_best=596, evaluations=600, iterations=75, xfavorite=array([ -3.90485783,  -6.67492108, -10.56149839,  14.42790084]), stds=array([0.21635813, 0.16878876, 0.17288696, 0.10517228]), stop={'ftarget': 1e-11})
1 10
(4_w,8)-aCMA-ES (mu_w=2.6,w_1=52%) in dimension 4 (seed=654873, Sun Jun 13 19:02:09 2021)
Iterat #Fevals   function value  axis ratio  sigma  min&max std  t[m:s]
    1      8 3.255208333333334e-01 1.0e+00 1.49e+00  1e+00  2e+00 0:05.9
    2     16 1.608072916666666e-01 1.4e+00 1.32e+00  1e+00  1e+00 0:11.8
    3     24 5.338541666666663e-02 1.8e+00 1.07e+00  9e-01  1e+00 0:18.3
    4     32 6.705729166666663e-02 1.8e+00 9.50e-01  8e-01  1e+00 0:24.2
    5     40 2.604166666666630e-03 1.9e+00 8.63e-01  6e-01  9e-01 0:30.3
    6     48 5.078125000000000e-02 2.2e+00 8.49e-01  5e-01  1e+00 0:36.2
    7     56 2.539062500000000e-02 2.6e+00 7.10e-01  4e-01  7e-01 0:42.2
    9     72 3.255208333333337e-02 1.8e+00 6.76e-01  4e-01  6e-01 0:54.1
   11     88 1.888020833333337e-02 1.7e+00 5.94e-01  4e-01  5e-01 1:06.1
   13    104 3.255208333333370e-03 2.5e+00 4.73e-01  3e-01  4e-01 1:17.9
   15    120 1.953125000000000e-03 2.7e+00 2.98e-01  1e-01  2e-01 1:30.1
   17    136 1.302083333333370e-03 3.0e+00 1.96e-01  9e-02  2e-01 1:42.0
   18    144 0.000000000000000e+00 3.3e+00 1.75e-01  7e-02  1e-01 1:48.1
termination on ftarget=1e-11
final/bestever f-value = 0.000000e+00 0.000000e+00
incumbent solution: [2.205496740099148, 2.4662368484357557, 7.153620352722452, 4.100618939100196]
std deviation: [0.07899023645492197, 0.07366662333924998, 0.07736618890636844, 0.1301018017929753]
CMAEvolutionStrategyResult(xbest=array([2.25570297, 2.42987641, 7.1463559 , 4.11078707]), fbest=0.0, evals_best=144, evaluations=144, iterations=18, xfavorite=array([2.20549674, 2.46623685, 7.15362035, 4.10061894]), stds=array([0.07899024, 0.07366662, 0.07736619, 0.1301018 ]), stop={'ftarget': 1e-11})
2 10
(4_w,8)-aCMA-ES (mu_w=2.6,w_1=52%) in dimension 4 (seed=651549, Sun Jun 13 19:03:57 2021)
Iterat #Fevals   function value  axis ratio  sigma  min&max std  t[m:s]
    1      8 3.242187500000000e-01 1.0e+00 1.42e+00  1e+00  1e+00 0:06.2
    2     16 5.911458333333333e-01 1.3e+00 1.35e+00  1e+00  1e+00 0:12.2
    3     24 4.101562500000000e-02 1.3e+00 1.31e+00  1e+00  1e+00 0:18.0
    4     32 1.770833333333334e-01 1.4e+00 1.22e+00  1e+00  1e+00 0:24.1
    5     40 9.570312500000000e-02 1.5e+00 1.08e+00  9e-01  1e+00 0:30.4
    6     48 1.119791666666666e-01 1.4e+00 9.09e-01  7e-01  8e-01 0:36.4
    7     56 8.268229166666663e-02 1.6e+00 9.79e-01  7e-01  1e+00 0:42.5
    9     72 6.250000000000000e-02 1.8e+00 8.27e-01  6e-01  8e-01 0:54.5
   11     88 8.463541666666630e-03 2.4e+00 5.35e-01  3e-01  5e-01 1:06.5
   13    104 9.114583333333370e-03 2.6e+00 4.44e-01  2e-01  4e-01 1:18.7
   15    120 4.557291666666630e-03 2.7e+00 4.05e-01  2e-01  4e-01 1:30.7
   17    136 7.161458333333370e-03 2.7e+00 3.78e-01  2e-01  3e-01 1:43.0
   19    152 0.000000000000000e+00 3.3e+00 3.78e-01  1e-01  4e-01 1:54.8
termination on ftarget=1e-11
final/bestever f-value = 0.000000e+00 0.000000e+00
incumbent solution: [1.9316532504929569, 4.617289354101772, -0.025070016992669503, 3.9145982339228076]
std deviation: [0.1525713025766184, 0.17656428861682105, 0.3960805058546139, 0.14691832877789457]
CMAEvolutionStrategyResult(xbest=array([ 1.91691903,  4.6169206 , -0.11182696,  3.86794263]), fbest=0.0, evals_best=147, evaluations=152, iterations=19, xfavorite=array([ 1.93165325,  4.61728935, -0.02507002,  3.91459823]), stds=array([0.1525713 , 0.17656429, 0.39608051, 0.14691833]), stop={'ftarget': 1e-11})
3 10
(4_w,8)-aCMA-ES (mu_w=2.6,w_1=52%) in dimension 4 (seed=738008, Sun Jun 13 19:05:51 2021)
Iterat #Fevals   function value  axis ratio  sigma  min&max std  t[m:s]
    1      8 2.864583333333334e-01 1.0e+00 1.57e+00  1e+00  2e+00 0:06.3
    2     16 1.022135416666666e-01 1.3e+00 1.93e+00  2e+00  2e+00 0:12.3
    3     24 1.250000000000000e-01 1.6e+00 1.98e+00  2e+00  2e+00 0:18.8
    4     32 2.428385416666666e-01 1.8e+00 1.83e+00  2e+00  2e+00 0:24.9
    5     40 2.623697916666666e-01 1.9e+00 1.89e+00  2e+00  2e+00 0:30.5
    6     48 4.309895833333334e-01 1.9e+00 1.68e+00  1e+00  2e+00 0:36.4
    7     56 1.634114583333334e-01 2.0e+00 1.45e+00  1e+00  2e+00 0:42.7
    9     72 3.645833333333337e-02 2.0e+00 1.45e+00  1e+00  2e+00 0:54.4
   11     88 8.854166666666663e-02 2.1e+00 1.12e+00  8e-01  1e+00 1:06.4
   13    104 1.022135416666666e-01 2.3e+00 8.89e-01  6e-01  9e-01 1:18.4
   15    120 1.041666666666663e-02 2.1e+00 6.36e-01  3e-01  5e-01 1:30.9
   17    136 2.864583333333337e-02 2.9e+00 6.31e-01  3e-01  6e-01 1:42.9
   20    160 1.757812500000000e-02 2.8e+00 4.19e-01  2e-01  4e-01 2:00.5
   21    168 0.000000000000000e+00 2.7e+00 3.55e-01  2e-01  3e-01 2:06.4
termination on ftarget=1e-11
final/bestever f-value = 0.000000e+00 0.000000e+00
incumbent solution: [3.6780717675695165, 4.666781400412029, 5.174477021781741, 5.226030926281253]
std deviation: [0.2440648527450265, 0.16743406662425644, 0.2774377460884805, 0.20592335865130948]
CMAEvolutionStrategyResult(xbest=array([3.70732848, 4.70569445, 5.1326281 , 5.18098249]), fbest=0.0, evals_best=165, evaluations=168, iterations=21, xfavorite=array([3.67807177, 4.6667814 , 5.17447702, 5.22603093]), stds=array([0.24406485, 0.16743407, 0.27743775, 0.20592336]), stop={'ftarget': 1e-11})
4 10
(4_w,8)-aCMA-ES (mu_w=2.6,w_1=52%) in dimension 4 (seed=673480, Sun Jun 13 19:07:58 2021)
Iterat #Fevals   function value  axis ratio  sigma  min&max std  t[m:s]
    1      8 6.015625000000000e-01 1.0e+00 1.41e+00  1e+00  1e+00 0:06.1
    2     16 4.414062500000000e-01 1.2e+00 1.70e+00  2e+00  2e+00 0:11.8
    3     24 3.118489583333334e-01 1.7e+00 2.03e+00  2e+00  2e+00 0:17.7
    4     32 4.348958333333334e-01 1.8e+00 2.06e+00  2e+00  3e+00 0:23.7
    5     40 3.222656250000000e-01 1.8e+00 1.98e+00  2e+00  2e+00 0:29.9
    6     48 2.779947916666666e-01 1.9e+00 2.23e+00  2e+00  3e+00 0:35.8
    8     64 2.936197916666666e-01 2.4e+00 1.84e+00  1e+00  3e+00 0:48.0
   10     80 1.816406250000000e-01 3.2e+00 1.94e+00  1e+00  3e+00 0:59.9
   12     96 3.385416666666663e-02 3.0e+00 1.70e+00  1e+00  3e+00 1:12.2
   14    112 9.895833333333337e-02 3.4e+00 1.56e+00  1e+00  2e+00 1:24.1
   16    128 7.486979166666663e-02 3.5e+00 1.33e+00  9e-01  2e+00 1:36.3
   18    144 1.419270833333334e-01 3.7e+00 1.15e+00  7e-01  1e+00 1:48.5
   20    160 8.007812500000000e-02 3.9e+00 8.38e-01  5e-01  1e+00 2:00.8
   23    184 3.971354166666663e-02 4.6e+00 6.46e-01  3e-01  9e-01 2:19.1
   26    208 5.208333333333370e-03 5.2e+00 7.12e-01  3e-01  9e-01 2:37.5
   29    232 2.343750000000000e-02 4.4e+00 6.18e-01  2e-01  6e-01 2:55.8
   32    256 5.859375000000000e-03 4.0e+00 3.70e-01  1e-01  3e-01 3:14.4
   35    280 1.302083333333370e-03 5.2e+00 3.52e-01  1e-01  3e-01 3:32.6
   36    288 0.000000000000000e+00 5.1e+00 3.05e-01  8e-02  2e-01 3:38.4
termination on ftarget=1e-11
final/bestever f-value = 0.000000e+00 0.000000e+00
incumbent solution: [-2.529819432891853, 4.374092163483253, 7.717838198752856, 7.720429862430641]
std deviation: [0.12408767838881121, 0.0835619188894209, 0.1247346948281656, 0.2456419611629961]
CMAEvolutionStrategyResult(xbest=array([-2.60700006,  4.39566796,  7.82153581,  7.5490083 ]), fbest=0.0, evals_best=283, evaluations=288, iterations=36, xfavorite=array([-2.52981943,  4.37409216,  7.7178382 ,  7.72042986]), stds=array([0.12408768, 0.08356192, 0.12473469, 0.24564196]), stop={'ftarget': 1e-11})
5 10
(4_w,8)-aCMA-ES (mu_w=2.6,w_1=52%) in dimension 4 (seed=774457, Sun Jun 13 19:11:36 2021)
Iterat #Fevals   function value  axis ratio  sigma  min&max std  t[m:s]
    1      8 9.244791666666663e-02 1.0e+00 1.53e+00  1e+00  2e+00 0:06.3
    2     16 1.119791666666666e-01 1.5e+00 1.70e+00  1e+00  2e+00 0:12.3
    3     24 4.817708333333337e-02 1.7e+00 1.78e+00  1e+00  2e+00 0:18.4
    4     32 6.529947916666667e-01 1.9e+00 1.74e+00  1e+00  2e+00 0:24.6
    5     40 2.024739583333334e-01 2.1e+00 1.62e+00  1e+00  2e+00 0:30.6
    6     48 3.385416666666663e-02 1.9e+00 1.50e+00  1e+00  2e+00 0:36.5
    8     64 1.764322916666666e-01 2.0e+00 1.42e+00  1e+00  2e+00 0:48.4
   10     80 2.428385416666666e-01 1.8e+00 1.28e+00  9e-01  1e+00 1:00.7
   12     96 2.539062500000000e-02 1.7e+00 1.23e+00  8e-01  1e+00 1:12.7
   14    112 2.278645833333337e-02 2.3e+00 1.04e+00  6e-01  1e+00 1:24.3
   16    128 5.338541666666663e-02 2.4e+00 8.08e-01  4e-01  8e-01 1:36.4
   18    144 1.236979166666663e-02 2.9e+00 8.02e-01  4e-01  9e-01 1:48.4
   20    160 1.302083333333370e-03 3.2e+00 6.01e-01  2e-01  6e-01 2:00.8
   23    184 1.953125000000000e-03 4.0e+00 3.93e-01  1e-01  4e-01 2:18.6
   24    192 0.000000000000000e+00 4.2e+00 3.33e-01  1e-01  4e-01 2:24.7
termination on ftarget=1e-11
final/bestever f-value = 0.000000e+00 0.000000e+00
incumbent solution: [-4.104922597663229, 0.3732005051541274, 0.4698188606603561, -0.8418042051795505]
std deviation: [0.35578290473391616, 0.09955541724728084, 0.20973668552450592, 0.10646101370441946]
CMAEvolutionStrategyResult(xbest=array([-4.1289708 ,  0.36516938,  0.45211155, -0.84101764]), fbest=0.0, evals_best=188, evaluations=192, iterations=24, xfavorite=array([-4.1049226 ,  0.37320051,  0.46981886, -0.84180421]), stds=array([0.3557829 , 0.09955542, 0.20973669, 0.10646101]), stop={'ftarget': 1e-11})
6 10
(4_w,8)-aCMA-ES (mu_w=2.6,w_1=52%) in dimension 4 (seed=753086, Sun Jun 13 19:14:01 2021)
Iterat #Fevals   function value  axis ratio  sigma  min&max std  t[m:s]
    1      8 5.807291666666667e-01 1.0e+00 1.33e+00  1e+00  1e+00 0:06.1
    2     16 3.665364583333334e-01 1.1e+00 1.29e+00  1e+00  1e+00 0:11.8
    3     24 3.743489583333334e-01 1.4e+00 1.57e+00  1e+00  2e+00 0:18.2
    4     32 8.593750000000000e-02 1.8e+00 1.58e+00  1e+00  2e+00 0:24.5
    5     40 7.812500000000000e-02 2.0e+00 2.03e+00  2e+00  3e+00 0:30.8
    6     48 1.972656250000000e-01 1.9e+00 2.67e+00  2e+00  4e+00 0:36.6
    7     56 8.138020833333337e-02 2.1e+00 2.92e+00  2e+00  4e+00 0:42.9
    9     72 4.420572916666666e-01 2.5e+00 3.73e+00  3e+00  6e+00 0:55.1
   11     88 2.089843750000000e-01 2.4e+00 3.12e+00  3e+00  5e+00 1:07.4
   13    104 2.838541666666666e-01 3.9e+00 3.82e+00  3e+00  7e+00 1:19.3
   15    120 3.489583333333334e-01 4.3e+00 4.25e+00  3e+00  7e+00 1:31.0
   17    136 4.791666666666666e-01 4.6e+00 4.18e+00  3e+00  7e+00 1:43.1
   20    160 3.255208333333334e-01 4.7e+00 2.65e+00  2e+00  4e+00 2:01.1
   23    184 2.076822916666666e-01 5.2e+00 1.77e+00  1e+00  3e+00 2:18.8
   26    208 1.399739583333334e-01 6.0e+00 1.30e+00  8e-01  2e+00 2:37.4
   29    232 2.799479166666663e-02 5.0e+00 1.26e+00  7e-01  2e+00 2:55.3
   32    256 1.497395833333337e-02 4.5e+00 9.25e-01  4e-01  1e+00 3:13.4
   35    280 9.114583333333370e-03 4.5e+00 6.23e-01  3e-01  6e-01 3:31.9
   38    304 7.812500000000000e-03 4.9e+00 5.89e-01  3e-01  6e-01 3:50.1
   42    336 2.604166666666630e-03 5.6e+00 3.44e-01  1e-01  3e-01 4:14.4
   43    344 0.000000000000000e+00 6.0e+00 3.05e-01  1e-01  3e-01 4:20.4
termination on ftarget=1e-11
final/bestever f-value = 0.000000e+00 0.000000e+00
incumbent solution: [2.381121863098543, 7.360611794884504, 5.638054582320239, 0.7314567129708058]
std deviation: [0.14978764872508327, 0.13407921572363635, 0.27315856803909605, 0.1050005378193165]
CMAEvolutionStrategyResult(xbest=array([2.27293065, 7.33715679, 5.76154619, 0.72615775]), fbest=0.0, evals_best=338, evaluations=344, iterations=43, xfavorite=array([2.38112186, 7.36061179, 5.63805458, 0.73145671]), stds=array([0.14978765, 0.13407922, 0.27315857, 0.10500054]), stop={'ftarget': 1e-11})
7 10
(4_w,8)-aCMA-ES (mu_w=2.6,w_1=52%) in dimension 4 (seed=703506, Sun Jun 13 19:18:22 2021)
Iterat #Fevals   function value  axis ratio  sigma  min&max std  t[m:s]
    1      8 2.285156250000000e-01 1.0e+00 1.47e+00  1e+00  2e+00 0:05.8
    2     16 3.450520833333337e-02 1.3e+00 1.41e+00  1e+00  1e+00 0:11.9
    3     24 4.023437500000000e-01 1.3e+00 1.15e+00  9e-01  1e+00 0:18.0
    4     32 1.256510416666666e-01 1.4e+00 1.01e+00  8e-01  1e+00 0:24.5
    5     40 6.575520833333337e-02 1.3e+00 8.18e-01  5e-01  8e-01 0:30.3
    6     48 5.533854166666663e-02 1.5e+00 7.33e-01  5e-01  7e-01 0:36.5
    7     56 6.575520833333337e-02 1.5e+00 5.83e-01  3e-01  5e-01 0:42.7
    9     72 2.408854166666663e-02 1.8e+00 6.47e-01  4e-01  6e-01 0:54.8
   11     88 1.171875000000000e-02 2.3e+00 4.34e-01  2e-01  4e-01 1:06.8
   13    104 1.236979166666663e-02 2.1e+00 2.98e-01  1e-01  2e-01 1:19.2
   15    120 3.255208333333370e-03 2.6e+00 2.42e-01  1e-01  2e-01 1:30.9
   17    136 3.255208333333370e-03 3.4e+00 2.16e-01  1e-01  2e-01 1:42.7
   19    152 3.255208333333370e-03 4.7e+00 1.91e-01  8e-02  2e-01 1:54.9
   20    160 0.000000000000000e+00 4.3e+00 1.56e-01  6e-02  1e-01 2:00.6
termination on ftarget=1e-11
final/bestever f-value = 0.000000e+00 0.000000e+00
incumbent solution: [3.0728140333003173, 2.493616033338008, 5.875600235514926, 5.5150373714086305]
std deviation: [0.09290915561426685, 0.05956453056041462, 0.08403194683108406, 0.11410103292465947]
CMAEvolutionStrategyResult(xbest=array([3.03676762, 2.48269892, 5.93267221, 5.48183447]), fbest=0.0, evals_best=156, evaluations=160, iterations=20, xfavorite=array([3.07281403, 2.49361603, 5.87560024, 5.51503737]), stds=array([0.09290916, 0.05956453, 0.08403195, 0.11410103]), stop={'ftarget': 1e-11})
8 10
(4_w,8)-aCMA-ES (mu_w=2.6,w_1=52%) in dimension 4 (seed=741172, Sun Jun 13 19:20:22 2021)
Iterat #Fevals   function value  axis ratio  sigma  min&max std  t[m:s]
    1      8 1.210937500000000e-01 1.0e+00 1.47e+00  1e+00  2e+00 0:06.1
    2     16 1.888020833333337e-02 1.2e+00 1.52e+00  1e+00  2e+00 0:12.3
    3     24 1.959635416666666e-01 1.5e+00 1.67e+00  1e+00  2e+00 0:18.2
    4     32 3.339843750000000e-01 1.7e+00 1.55e+00  1e+00  2e+00 0:24.5
    5     40 9.960937500000000e-02 1.8e+00 1.47e+00  1e+00  1e+00 0:30.3
    6     48 4.296875000000000e-01 1.6e+00 1.59e+00  1e+00  2e+00 0:36.5
    7     56 1.139322916666666e-01 2.1e+00 1.86e+00  1e+00  2e+00 0:42.5
    9     72 8.593750000000000e-02 3.2e+00 1.72e+00  1e+00  2e+00 0:54.5
   11     88 1.490885416666666e-01 3.5e+00 1.13e+00  6e-01  1e+00 1:07.0
   13    104 2.109375000000000e-01 3.4e+00 1.06e+00  6e-01  9e-01 1:19.0
   15    120 1.009114583333334e-01 2.5e+00 1.08e+00  6e-01  1e+00 1:31.2
   17    136 6.901041666666663e-02 2.8e+00 9.03e-01  4e-01  8e-01 1:43.7
   19    152 6.315104166666663e-02 3.2e+00 8.05e-01  4e-01  7e-01 1:56.4
   22    176 8.463541666666630e-03 3.0e+00 5.64e-01  2e-01  5e-01 2:14.4
   25    200 3.906250000000000e-03 3.9e+00 3.93e-01  1e-01  3e-01 2:32.5
   27    216 0.000000000000000e+00 3.3e+00 3.28e-01  1e-01  2e-01 2:45.0
termination on ftarget=1e-11
final/bestever f-value = 0.000000e+00 0.000000e+00
incumbent solution: [2.3883113206822943, 3.31615791524123, -4.5132911839111705, 4.378406331843376]
std deviation: [0.12054814095701463, 0.122995249844419, 0.17115445038420027, 0.23240057706380834]
CMAEvolutionStrategyResult(xbest=array([ 2.36219374,  3.27757831, -4.48869303,  4.37281485]), fbest=0.0, evals_best=211, evaluations=216, iterations=27, xfavorite=array([ 2.38831132,  3.31615792, -4.51329118,  4.37840633]), stds=array([0.12054814, 0.12299525, 0.17115445, 0.23240058]), stop={'ftarget': 1e-11})
9 10
(4_w,8)-aCMA-ES (mu_w=2.6,w_1=52%) in dimension 4 (seed=714998, Sun Jun 13 19:23:07 2021)
Iterat #Fevals   function value  axis ratio  sigma  min&max std  t[m:s]
    1      8 1.269531250000000e-01 1.0e+00 1.65e+00  1e+00  2e+00 0:06.0
    2     16 1.920572916666666e-01 1.5e+00 1.72e+00  1e+00  2e+00 0:12.2
    3     24 6.861979166666667e-01 1.8e+00 1.66e+00  1e+00  2e+00 0:18.0
    4     32 1.477864583333334e-01 2.0e+00 1.56e+00  1e+00  2e+00 0:24.0
    5     40 5.013020833333337e-02 2.0e+00 1.38e+00  9e-01  1e+00 0:30.2
    6     48 4.036458333333337e-02 2.1e+00 1.14e+00  7e-01  1e+00 0:36.3
    8     64 7.617187500000000e-02 2.2e+00 8.91e-01  5e-01  8e-01 0:48.3
   10     80 7.096354166666663e-02 2.4e+00 8.34e-01  5e-01  8e-01 1:00.8
   12     96 8.528645833333337e-02 2.9e+00 7.17e-01  3e-01  6e-01 1:12.5
   14    112 4.947916666666663e-02 2.9e+00 7.21e-01  3e-01  7e-01 1:24.2
   16    128 1.432291666666663e-02 2.9e+00 6.42e-01  3e-01  6e-01 1:36.8
   18    144 1.236979166666663e-02 3.2e+00 4.97e-01  2e-01  4e-01 1:48.8
   20    160 0.000000000000000e+00 3.3e+00 4.24e-01  1e-01  4e-01 2:01.1
termination on ftarget=1e-11
final/bestever f-value = 0.000000e+00 0.000000e+00
incumbent solution: [-1.5746085551967932, 2.7588842233414335, 4.864514466533724, 2.1650983231352585]
std deviation: [0.1395331911630367, 0.17897315921538218, 0.4037479729216985, 0.2658900499421639]
CMAEvolutionStrategyResult(xbest=array([-1.51770293,  2.85289829,  4.81462765,  2.04998457]), fbest=0.0, evals_best=153, evaluations=160, iterations=20, xfavorite=array([-1.57460856,  2.75888422,  4.86451447,  2.16509832]), stds=array([0.13953319, 0.17897316, 0.40374797, 0.26589005]), stop={'ftarget': 1e-11})
