0 10
(4_w,8)-aCMA-ES (mu_w=2.6,w_1=52%) in dimension 4 (seed=801132, Sun Jun 13 18:57:05 2021)
circuitVTD.py:316: DeprecationWarning: The QuantumCircuit.__add__() method is being deprecated.Use the compose() method which is more flexible w.r.t circuit register compatibility.
  TrotterFixStepList.append(TrotterFixStepList[-1] + U_trot)
/home/nfb1/.local/lib/python3.7/site-packages/qiskit/circuit/quantumcircuit.py:869: DeprecationWarning: The QuantumCircuit.combine() method is being deprecated. Use the compose() method which is more flexible w.r.t circuit register compatibility.
  return self.combine(rhs)
Iterat #Fevals   function value  axis ratio  sigma  min&max std  t[m:s]
    1      8 3.571268717447916e-01 1.0e+00 1.64e+00  2e+00  2e+00 0:07.0
    2     16 6.091003417968750e-01 1.5e+00 1.54e+00  1e+00  2e+00 0:13.9
    3     24 2.102864583333334e-01 1.6e+00 1.50e+00  1e+00  2e+00 0:21.1
    4     32 1.053365071614584e-01 1.7e+00 1.37e+00  1e+00  1e+00 0:28.1
    5     40 1.077677408854166e-01 1.6e+00 1.12e+00  8e-01  1e+00 0:35.0
    6     48 2.578735351562500e-01 1.6e+00 1.38e+00  1e+00  2e+00 0:42.1
    7     56 4.084167480468750e-01 2.6e+00 1.23e+00  9e-01  2e+00 0:48.9
    8     64 3.757731119791663e-02 2.6e+00 1.13e+00  8e-01  1e+00 0:56.2
   10     80 2.685546875000000e-02 2.6e+00 1.07e+00  7e-01  1e+00 1:10.2
   12     96 2.315266927083337e-02 2.5e+00 8.23e-01  5e-01  9e-01 1:24.2
   14    112 1.473999023437500e-02 2.6e+00 8.29e-01  4e-01  1e+00 1:38.0
   16    128 5.065917968750000e-03 3.2e+00 6.71e-01  3e-01  8e-01 1:52.1
   18    144 5.482991536458370e-03 3.8e+00 5.06e-01  2e-01  6e-01 2:06.0
   20    160 1.121012369791663e-02 3.9e+00 5.16e-01  3e-01  5e-01 2:20.0
   22    176 7.629394531250000e-04 4.4e+00 4.35e-01  2e-01  4e-01 2:34.3
   25    200 6.815592447916297e-04 5.0e+00 2.47e-01  1e-01  2e-01 2:55.4
   28    224 2.339680989583703e-04 6.4e+00 1.46e-01  7e-02  1e-01 3:17.0
   31    248 1.831054687500000e-04 8.0e+00 1.32e-01  5e-02  1e-01 3:38.6
   34    272 6.103515625000000e-05 8.9e+00 1.29e-01  6e-02  1e-01 3:59.8
   37    296 4.069010416662966e-05 1.1e+01 1.07e-01  5e-02  8e-02 4:20.9
   40    320 0.000000000000000e+00 1.4e+01 7.33e-02  3e-02  6e-02 4:42.1
termination on ftarget=1e-11
final/bestever f-value = 0.000000e+00 0.000000e+00
incumbent solution: [1.0521670981690927, 7.101698900395125, 1.0773146836093228, 1.1915187850122066]
std deviation: [0.05901705054894264, 0.036083346447212006, 0.04244779075262997, 0.029512009502697927]
CMAEvolutionStrategyResult(xbest=array([1.07016838, 7.11488702, 1.06356844, 1.18125961]), fbest=0.0, evals_best=314, evaluations=320, iterations=40, xfavorite=array([1.0521671 , 7.1016989 , 1.07731468, 1.19151879]), stds=array([0.05901705, 0.03608335, 0.04244779, 0.02951201]), stop={'ftarget': 1e-11})
1 10
(4_w,8)-aCMA-ES (mu_w=2.6,w_1=52%) in dimension 4 (seed=766517, Sun Jun 13 19:01:47 2021)
Iterat #Fevals   function value  axis ratio  sigma  min&max std  t[m:s]
    1      8 5.153299967447917e-01 1.0e+00 1.49e+00  1e+00  2e+00 0:08.1
    2     16 6.348063151041667e-01 1.4e+00 1.29e+00  1e+00  1e+00 0:16.2
    3     24 4.119059244791666e-01 1.6e+00 1.15e+00  8e-01  1e+00 0:24.3
    4     32 1.018880208333334e-01 1.8e+00 1.11e+00  8e-01  1e+00 0:32.4
    5     40 2.979329427083334e-01 1.9e+00 8.76e-01  6e-01  9e-01 0:40.3
    6     48 7.107543945312500e-02 2.1e+00 9.40e-01  7e-01  1e+00 0:48.4
    7     56 3.195190429687500e-02 2.4e+00 1.10e+00  9e-01  1e+00 0:56.8
    8     64 5.000813802083337e-02 2.7e+00 1.19e+00  8e-01  1e+00 1:05.3
    9     72 1.511433919270834e-01 2.5e+00 9.84e-01  7e-01  1e+00 1:13.4
   11     88 4.037475585937500e-02 2.5e+00 8.42e-01  5e-01  1e+00 1:29.9
   13    104 1.493326822916663e-02 3.1e+00 7.15e-01  4e-01  8e-01 1:46.5
   15    120 1.737467447916663e-02 3.4e+00 6.18e-01  3e-01  7e-01 2:03.3
   17    136 2.041625976562500e-02 4.0e+00 6.42e-01  3e-01  7e-01 2:20.0
   19    152 1.790364583333370e-03 4.7e+00 5.87e-01  3e-01  6e-01 2:36.3
   21    168 5.218505859375000e-03 5.2e+00 4.59e-01  2e-01  4e-01 2:52.6
   23    184 3.173828125000000e-03 6.0e+00 3.34e-01  1e-01  3e-01 3:08.8
   25    200 2.746582031250000e-04 6.0e+00 2.76e-01  1e-01  2e-01 3:25.1
   28    224 1.322428385416630e-03 6.3e+00 2.33e-01  9e-02  2e-01 3:49.5
   31    248 2.136230468750000e-04 7.3e+00 1.73e-01  6e-02  1e-01 4:14.5
   34    272 3.051757812500000e-05 6.8e+00 1.38e-01  5e-02  7e-02 4:39.0
   36    288 0.000000000000000e+00 8.0e+00 1.42e-01  5e-02  8e-02 4:55.4
termination on ftarget=1e-11
final/bestever f-value = 0.000000e+00 0.000000e+00
incumbent solution: [1.4338976066187474, 1.6730352937677098, 2.2432975240846598, 7.153871099494827]
std deviation: [0.07735010683915736, 0.04575018570121343, 0.07779348235927841, 0.07093453794330631]
CMAEvolutionStrategyResult(xbest=array([1.42509995, 1.65909264, 2.257248  , 7.16303201]), fbest=0.0, evals_best=287, evaluations=288, iterations=36, xfavorite=array([1.43389761, 1.67303529, 2.24329752, 7.1538711 ]), stds=array([0.07735011, 0.04575019, 0.07779348, 0.07093454]), stop={'ftarget': 1e-11})
2 10
(4_w,8)-aCMA-ES (mu_w=2.6,w_1=52%) in dimension 4 (seed=698526, Sun Jun 13 19:06:43 2021)
Iterat #Fevals   function value  axis ratio  sigma  min&max std  t[m:s]
    1      8 1.561381022135416e-01 1.0e+00 1.33e+00  1e+00  1e+00 0:08.5
    2     16 2.711995442708337e-02 1.2e+00 1.11e+00  9e-01  1e+00 0:16.7
    3     24 1.377054850260416e-01 1.3e+00 9.14e-01  6e-01  9e-01 0:24.7
    4     32 6.497192382812500e-02 1.6e+00 8.63e-01  6e-01  9e-01 0:33.4
    5     40 4.455566406250000e-02 1.7e+00 7.38e-01  4e-01  7e-01 0:41.4
    6     48 2.992757161458337e-02 1.8e+00 7.39e-01  4e-01  8e-01 0:49.4
    7     56 1.920572916666663e-02 2.3e+00 6.11e-01  3e-01  7e-01 0:57.8
    8     64 1.473999023437500e-02 2.2e+00 5.12e-01  2e-01  5e-01 1:05.9
    9     72 4.851277669270837e-02 2.3e+00 4.55e-01  2e-01  5e-01 1:14.1
   11     88 9.785970052083370e-03 2.6e+00 3.72e-01  2e-01  4e-01 1:30.1
   13    104 5.452473958333370e-03 2.7e+00 2.65e-01  1e-01  3e-01 1:46.3
   15    120 1.658121744791630e-03 3.0e+00 2.26e-01  1e-01  2e-01 2:03.0
   17    136 3.041585286458370e-03 3.5e+00 1.80e-01  7e-02  2e-01 2:19.5
   19    152 9.155273437500000e-05 3.9e+00 1.42e-01  5e-02  1e-01 2:36.2
   21    168 1.831054687500000e-04 3.5e+00 1.11e-01  4e-02  1e-01 2:52.4
   23    184 3.865559895833703e-04 4.3e+00 1.14e-01  4e-02  1e-01 3:08.5
   25    200 1.017252604162966e-05 5.6e+00 8.36e-02  2e-02  9e-02 3:24.5
   28    224 0.000000000000000e+00 7.3e+00 5.65e-02  1e-02  7e-02 3:49.4
termination on ftarget=1e-11
final/bestever f-value = 0.000000e+00 0.000000e+00
incumbent solution: [3.9795338213121263, 1.9196377211426037, 2.5919907973719436, 1.9318046899523258]
std deviation: [0.012112373409851253, 0.020846159962903628, 0.06600337838114027, 0.019082556947806896]
CMAEvolutionStrategyResult(xbest=array([3.97605623, 1.952831  , 2.47599099, 1.90049037]), fbest=0.0, evals_best=217, evaluations=224, iterations=28, xfavorite=array([3.97953382, 1.91963772, 2.5919908 , 1.93180469]), stds=array([0.01211237, 0.02084616, 0.06600338, 0.01908256]), stop={'ftarget': 1e-11})
3 10
(4_w,8)-aCMA-ES (mu_w=2.6,w_1=52%) in dimension 4 (seed=794731, Sun Jun 13 19:10:32 2021)
Iterat #Fevals   function value  axis ratio  sigma  min&max std  t[m:s]
    1      8 1.348876953125000e-01 1.0e+00 1.48e+00  1e+00  1e+00 0:08.2
    2     16 1.703287760416666e-01 1.2e+00 1.47e+00  1e+00  1e+00 0:16.3
    3     24 4.727172851562500e-02 1.4e+00 1.23e+00  1e+00  1e+00 0:24.6
    4     32 1.637776692708334e-01 1.5e+00 1.11e+00  1e+00  1e+00 0:32.7
    5     40 5.452473958333370e-03 1.6e+00 1.04e+00  8e-01  9e-01 0:40.7
    6     48 7.734171549479163e-02 1.6e+00 1.03e+00  8e-01  1e+00 0:49.0
    7     56 7.320149739583337e-02 2.1e+00 8.63e-01  6e-01  9e-01 0:57.1
    8     64 6.751505533854163e-02 2.2e+00 8.29e-01  6e-01  8e-01 1:05.5
    9     72 9.217325846354163e-02 2.4e+00 8.31e-01  6e-01  8e-01 1:13.7
   11     88 3.646850585937500e-02 2.7e+00 7.45e-01  4e-01  8e-01 1:30.1
   13    104 3.809611002604163e-02 3.2e+00 7.06e-01  4e-01  7e-01 1:46.5
   15    120 2.647908528645837e-02 3.8e+00 5.66e-01  3e-01  6e-01 2:02.8
   17    136 2.236938476562500e-02 4.4e+00 4.88e-01  2e-01  5e-01 2:19.0
   19    152 4.119873046875000e-03 4.8e+00 4.14e-01  2e-01  4e-01 2:35.4
   21    168 2.024332682291630e-03 5.2e+00 4.17e-01  2e-01  4e-01 2:51.6
   23    184 6.195068359375000e-03 4.9e+00 3.94e-01  2e-01  3e-01 3:08.0
   26    208 1.241048177083370e-03 5.3e+00 2.44e-01  1e-01  2e-01 3:32.2
   29    232 6.001790364583703e-04 5.5e+00 1.56e-01  6e-02  9e-02 3:56.7
   32    256 1.220703125000000e-04 6.0e+00 1.15e-01  4e-02  6e-02 4:21.8
   35    280 3.051757812500000e-05 6.1e+00 8.53e-02  3e-02  4e-02 4:46.6
   38    304 0.000000000000000e+00 6.1e+00 7.70e-02  2e-02  4e-02 5:11.1
termination on ftarget=1e-11
final/bestever f-value = 0.000000e+00 0.000000e+00
incumbent solution: [0.842368140640908, 5.4016832229705765, 2.922641292317111, 5.0929409946355495]
std deviation: [0.03214948205146852, 0.034706843493799155, 0.022050268088233974, 0.03770492095551056]
CMAEvolutionStrategyResult(xbest=array([0.83657006, 5.37285775, 2.90959109, 5.12062264]), fbest=0.0, evals_best=301, evaluations=304, iterations=38, xfavorite=array([0.84236814, 5.40168322, 2.92264129, 5.09294099]), stds=array([0.03214948, 0.03470684, 0.02205027, 0.03770492]), stop={'ftarget': 1e-11})
4 10
(4_w,8)-aCMA-ES (mu_w=2.6,w_1=52%) in dimension 4 (seed=751544, Sun Jun 13 19:15:43 2021)
Iterat #Fevals   function value  axis ratio  sigma  min&max std  t[m:s]
    1      8 3.487548828125000e-01 1.0e+00 1.51e+00  1e+00  2e+00 0:07.9
    2     16 2.263895670572916e-01 1.1e+00 1.84e+00  2e+00  2e+00 0:16.2
    3     24 3.502705891927084e-01 1.7e+00 2.21e+00  2e+00  3e+00 0:24.6
    4     32 3.293965657552084e-01 2.0e+00 2.65e+00  2e+00  4e+00 0:33.1
    5     40 5.362447102864583e-01 2.2e+00 3.34e+00  3e+00  5e+00 0:41.3
    6     48 5.375162760416663e-02 2.5e+00 2.99e+00  2e+00  5e+00 0:49.4
    7     56 3.897806803385416e-01 2.8e+00 2.82e+00  2e+00  4e+00 0:57.5
    8     64 2.523600260416666e-01 2.9e+00 2.60e+00  2e+00  4e+00 1:05.7
    9     72 2.279663085937500e-01 2.8e+00 2.41e+00  2e+00  3e+00 1:13.9
   11     88 2.984008789062500e-01 2.5e+00 1.77e+00  1e+00  2e+00 1:30.4
   13    104 5.212605794270833e-01 3.3e+00 1.34e+00  7e-01  2e+00 1:46.8
   15    120 5.470275878906250e-01 3.5e+00 1.54e+00  9e-01  2e+00 2:03.2
   17    136 1.163533528645834e-01 3.9e+00 1.76e+00  1e+00  2e+00 2:19.6
   19    152 2.794698079427084e-01 4.0e+00 1.98e+00  1e+00  3e+00 2:36.0
   21    168 2.514343261718750e-01 4.3e+00 1.53e+00  7e-01  2e+00 2:52.7
   23    184 1.123860677083334e-01 5.7e+00 1.50e+00  9e-01  2e+00 3:09.1
   25    200 5.832926432291663e-02 6.0e+00 1.30e+00  7e-01  2e+00 3:25.5
   28    224 3.005269368489584e-01 6.3e+00 1.40e+00  7e-01  1e+00 3:50.7
   31    248 2.033691406250000e-01 4.1e+00 1.69e+00  8e-01  1e+00 4:15.6
   34    272 3.198242187500000e-02 5.0e+00 1.24e+00  6e-01  1e+00 4:40.7
   37    296 5.597941080729163e-02 5.7e+00 1.01e+00  4e-01  9e-01 5:05.4
   40    320 3.375244140625000e-02 5.2e+00 1.07e+00  4e-01  8e-01 5:30.5
   43    344 3.447469075520837e-02 5.2e+00 8.18e-01  3e-01  5e-01 5:55.2
   46    368 3.235880533854163e-02 4.7e+00 5.67e-01  2e-01  3e-01 6:20.1
   49    392 2.705891927083337e-02 6.0e+00 3.55e-01  1e-01  2e-01 6:44.6
   53    424 2.555338541666663e-02 5.1e+00 2.63e-01  6e-02  1e-01 7:17.6
   57    456 2.542114257812500e-02 5.3e+00 2.54e-01  6e-02  1e-01 7:50.4
   61    488 2.416992187500000e-02 5.7e+00 2.92e-01  7e-02  1e-01 8:23.3
   65    520 2.316284179687500e-02 5.2e+00 2.60e-01  5e-02  8e-02 8:56.4
   69    552 2.305094401041663e-02 5.4e+00 1.45e-01  3e-02  4e-02 9:29.3
   73    584 2.334594726562500e-02 5.0e+00 8.76e-02  1e-02  2e-02 10:02.1
   77    616 2.266438802083337e-02 6.5e+00 9.54e-02  1e-02  2e-02 10:34.7
   81    648 2.270507812500000e-02 5.3e+00 8.96e-02  1e-02  2e-02 11:08.1
   86    688 2.227783203125000e-02 3.9e+00 5.72e-02  6e-03  8e-03 11:49.0
   91    728 2.270507812500000e-02 5.5e+00 4.43e-02  4e-03  7e-03 12:30.3
   96    768 2.209472656250000e-02 6.3e+00 3.97e-02  3e-03  6e-03 13:10.7
  100    800 2.249145507812500e-02 6.2e+00 4.19e-02  3e-03  5e-03 13:43.5
termination on maxiter=100
final/bestever f-value = 2.249146e-02 2.197266e-02
incumbent solution: [11.408894723501701, 5.101602817214669, 5.840171667016563, -1.2460296460621687]
std deviation: [0.004190190936933818, 0.0025357986531957992, 0.005303805128197962, 0.0030000673801796056]
CMAEvolutionStrategyResult(xbest=array([11.40427572,  5.06979666,  5.88096582, -1.20196235]), fbest=0.02197265625, evals_best=575, evaluations=800, iterations=100, xfavorite=array([11.40889472,  5.10160282,  5.84017167, -1.24602965]), stds=array([0.00419019, 0.0025358 , 0.00530381, 0.00300007]), stop={'maxiter': 100})
5 10
(4_w,8)-aCMA-ES (mu_w=2.6,w_1=52%) in dimension 4 (seed=733899, Sun Jun 13 19:29:27 2021)
Iterat #Fevals   function value  axis ratio  sigma  min&max std  t[m:s]
    1      8 1.051228841145834e-01 1.0e+00 1.85e+00  2e+00  2e+00 0:08.4
    2     16 3.641764322916663e-02 1.7e+00 2.60e+00  2e+00  4e+00 0:16.6
    3     24 8.613077799479163e-02 1.9e+00 3.21e+00  3e+00  4e+00 0:25.0
    4     32 2.448527018229166e-01 1.9e+00 2.80e+00  2e+00  3e+00 0:33.2
    5     40 1.030375162760416e-01 1.6e+00 2.50e+00  2e+00  3e+00 0:41.6
    6     48 8.084106445312500e-02 1.7e+00 2.22e+00  2e+00  2e+00 0:49.9
    7     56 2.514444986979166e-01 1.7e+00 2.07e+00  2e+00  2e+00 0:57.9
    8     64 4.833780924479166e-01 1.7e+00 1.94e+00  2e+00  2e+00 1:06.2
    9     72 4.525146484375000e-01 1.7e+00 2.10e+00  2e+00  2e+00 1:14.6
   11     88 4.160766601562500e-01 1.7e+00 2.00e+00  2e+00  2e+00 1:31.1
   13    104 1.753743489583337e-02 2.1e+00 2.08e+00  2e+00  2e+00 1:47.7
   15    120 1.624145507812500e-01 2.3e+00 2.27e+00  2e+00  3e+00 2:04.3
   17    136 5.548095703125000e-02 3.4e+00 3.58e+00  3e+00  5e+00 2:21.0
   19    152 4.201253255208370e-03 2.9e+00 4.79e+00  4e+00  6e+00 2:37.8
   21    168 2.939046223958334e-01 2.8e+00 7.13e+00  6e+00  8e+00 2:54.4
   23    184 9.840901692708337e-02 3.2e+00 8.12e+00  7e+00  9e+00 3:10.8
   25    200 2.095743815104166e-01 3.4e+00 8.08e+00  8e+00  1e+01 3:27.1
   28    224 4.182942708333337e-02 5.5e+00 1.71e+01  2e+01  2e+01 3:52.1
   31    248 1.702067057291666e-01 5.6e+00 3.03e+01  3e+01  5e+01 4:17.1
   34    272 2.047627766927084e-01 7.8e+00 4.01e+01  4e+01  7e+01 4:42.0
   37    296 2.137959798177084e-01 7.1e+00 3.94e+01  4e+01  8e+01 5:06.9
   40    320 1.592610677083334e-01 9.8e+00 3.62e+01  3e+01  5e+01 5:32.1
   43    344 5.787150065104163e-02 1.1e+01 6.60e+01  7e+01  1e+02 5:57.8
   46    368 4.169209798177084e-01 8.6e+00 8.66e+01  9e+01  1e+02 6:22.7
   49    392 9.573364257812500e-02 7.5e+00 8.09e+01  7e+01  1e+02 6:47.7
   53    424 1.636962890625000e-01 7.3e+00 1.87e+02  1e+02  2e+02 7:20.6
   57    456 3.942057291666666e-01 6.3e+00 1.62e+02  1e+02  2e+02 7:53.8
   61    488 1.030375162760416e-01 5.4e+00 1.83e+02  1e+02  2e+02 8:26.9
   65    520 9.562174479166630e-03 5.1e+00 2.33e+02  1e+02  2e+02 8:59.9
   69    552 2.810872395833334e-01 5.8e+00 3.40e+02  2e+02  3e+02 9:33.1
   73    584 8.519490559895837e-02 5.6e+00 2.86e+02  2e+02  2e+02 10:05.6
   77    616 1.376749674479166e-01 5.3e+00 2.49e+02  1e+02  2e+02 10:38.5
   81    648 1.205952962239584e-01 4.7e+00 2.28e+02  1e+02  2e+02 11:11.4
   86    688 9.798177083333337e-02 4.0e+00 3.82e+02  1e+02  3e+02 11:52.8
   91    728 1.363118489583334e-01 4.3e+00 3.07e+02  1e+02  2e+02 12:34.4
   96    768 2.239685058593750e-01 4.4e+00 3.79e+02  1e+02  3e+02 13:15.5
  100    800 6.857401529947917e-01 5.1e+00 3.54e+02  9e+01  2e+02 13:48.4
termination on maxiter=100
final/bestever f-value = 6.857402e-01 2.685547e-03
incumbent solution: [-329.93103327584487, -494.01728564100557, 293.2074211773929, -864.109510816903]
std deviation: [203.16525992897158, 190.64208425662997, 86.82547044342924, 208.30175394321643]
CMAEvolutionStrategyResult(xbest=array([-6.99189055,  3.31584925,  3.07346335,  3.00102846]), fbest=0.002685546875, evals_best=139, evaluations=800, iterations=100, xfavorite=array([-329.93103328, -494.01728564,  293.20742118, -864.10951082]), stds=array([203.16525993, 190.64208426,  86.82547044, 208.30175394]), stop={'maxiter': 100})
6 10
(4_w,8)-aCMA-ES (mu_w=2.6,w_1=52%) in dimension 4 (seed=699671, Sun Jun 13 19:43:16 2021)
Iterat #Fevals   function value  axis ratio  sigma  min&max std  t[m:s]
    1      8 5.406697591145837e-02 1.0e+00 1.52e+00  1e+00  2e+00 0:08.3
    2     16 9.275309244791663e-02 1.3e+00 1.34e+00  1e+00  1e+00 0:16.7
    3     24 7.808430989583337e-02 1.3e+00 1.21e+00  1e+00  1e+00 0:24.8
    4     32 6.209309895833337e-02 1.3e+00 1.06e+00  8e-01  1e+00 0:33.0
    5     40 3.488159179687500e-02 1.4e+00 8.93e-01  7e-01  8e-01 0:41.1
    6     48 1.275634765625000e-02 1.5e+00 8.38e-01  6e-01  7e-01 0:49.6
    7     56 3.571573893229163e-02 1.8e+00 7.57e-01  6e-01  6e-01 0:57.8
    8     64 1.088460286458370e-03 1.8e+00 7.38e-01  5e-01  6e-01 1:06.1
    9     72 2.979532877604163e-02 1.8e+00 7.71e-01  5e-01  6e-01 1:14.7
   11     88 2.828979492187500e-02 2.6e+00 6.47e-01  4e-01  5e-01 1:31.6
   13    104 2.217610677083370e-03 2.7e+00 5.19e-01  3e-01  4e-01 1:48.4
   15    120 5.238850911458370e-03 3.1e+00 3.58e-01  2e-01  2e-01 2:04.6
   17    136 5.167643229166630e-03 3.5e+00 2.92e-01  2e-01  2e-01 2:21.2
   19    152 8.036295572916297e-04 3.7e+00 2.27e-01  1e-01  1e-01 2:37.8
   21    168 7.527669270833703e-04 4.5e+00 2.43e-01  1e-01  2e-01 2:54.3
   23    184 2.237955729166297e-04 5.9e+00 2.13e-01  1e-01  2e-01 3:10.8
   25    200 1.932779947916297e-04 6.9e+00 1.70e-01  8e-02  1e-01 3:27.5
   27    216 1.322428385416297e-04 7.5e+00 1.22e-01  6e-02  9e-02 3:44.7
   30    240 6.103515625000000e-05 8.9e+00 7.80e-02  3e-02  5e-02 4:09.4
   32    256 0.000000000000000e+00 1.0e+01 7.32e-02  3e-02  5e-02 4:25.8
termination on ftarget=1e-11
final/bestever f-value = 0.000000e+00 0.000000e+00
incumbent solution: [6.429730624592606, 1.52537061755558, 1.0455597831924621, -0.26470103013468554]
std deviation: [0.026205246995078278, 0.05149993613854434, 0.032821185789023634, 0.05333294746899576]
CMAEvolutionStrategyResult(xbest=array([ 6.40654945,  1.51714601,  1.06895624, -0.25434628]), fbest=0.0, evals_best=252, evaluations=256, iterations=32, xfavorite=array([ 6.42973062,  1.52537062,  1.04555978, -0.26470103]), stds=array([0.02620525, 0.05149994, 0.03282119, 0.05333295]), stop={'ftarget': 1e-11})
7 10
(4_w,8)-aCMA-ES (mu_w=2.6,w_1=52%) in dimension 4 (seed=812255, Sun Jun 13 19:47:41 2021)
Iterat #Fevals   function value  axis ratio  sigma  min&max std  t[m:s]
    1      8 3.894551595052084e-01 1.0e+00 1.73e+00  2e+00  2e+00 0:08.4
    2     16 1.128336588541666e-01 1.4e+00 1.75e+00  2e+00  2e+00 0:16.6
    3     24 3.730367024739584e-01 1.6e+00 2.03e+00  2e+00  2e+00 0:24.8
    4     32 6.347656250000000e-02 1.9e+00 2.55e+00  2e+00  3e+00 0:33.3
    5     40 4.141235351562500e-02 2.2e+00 2.39e+00  2e+00  3e+00 0:41.4
    6     48 4.032897949218750e-01 2.3e+00 2.23e+00  2e+00  3e+00 0:49.7
    7     56 2.404378255208334e-01 2.4e+00 2.35e+00  2e+00  3e+00 0:58.1
    8     64 4.656880696614584e-01 2.1e+00 2.65e+00  2e+00  3e+00 1:06.4
    9     72 6.520080566406250e-01 2.5e+00 3.09e+00  3e+00  4e+00 1:14.6
   11     88 1.651407877604166e-01 2.7e+00 3.56e+00  3e+00  5e+00 1:31.4
   13    104 1.358235677083334e-01 2.6e+00 3.55e+00  4e+00  4e+00 1:47.6
   15    120 1.168924967447916e-01 2.5e+00 4.05e+00  4e+00  5e+00 2:04.0
   17    136 3.044942220052084e-01 3.2e+00 3.79e+00  3e+00  5e+00 2:20.5
   19    152 1.211547851562500e-01 3.1e+00 2.78e+00  2e+00  3e+00 2:37.0
   21    168 1.706237792968750e-01 3.4e+00 3.58e+00  3e+00  4e+00 2:53.5
   23    184 5.937703450520837e-02 3.2e+00 4.22e+00  3e+00  6e+00 3:10.3
   25    200 6.036580403645833e-01 3.3e+00 3.78e+00  2e+00  5e+00 3:26.7
   28    224 2.555135091145834e-01 4.6e+00 3.06e+00  2e+00  4e+00 3:51.3
   31    248 1.979573567708334e-01 4.7e+00 2.37e+00  2e+00  4e+00 4:16.8
   34    272 1.696065266927084e-01 5.9e+00 1.96e+00  1e+00  3e+00 4:41.5
   37    296 2.606913248697916e-01 6.6e+00 2.14e+00  2e+00  3e+00 5:06.4
   40    320 4.603068033854163e-02 6.8e+00 1.83e+00  1e+00  3e+00 5:31.3
   43    344 7.957967122395837e-02 6.5e+00 1.67e+00  9e-01  2e+00 5:56.0
   46    368 4.871622721354163e-02 5.1e+00 2.29e+00  9e-01  3e+00 6:21.3
   49    392 6.968180338541663e-02 5.5e+00 1.65e+00  6e-01  2e+00 6:46.5
   52    416 2.158610026041663e-02 5.7e+00 1.03e+00  3e-01  1e+00 7:11.5
   56    448 4.750569661458370e-03 6.6e+00 5.96e-01  1e-01  5e-01 7:43.9
   60    480 8.646647135416297e-04 7.0e+00 4.32e-01  7e-02  3e-01 8:17.2
   64    512 8.138020833337034e-05 7.7e+00 2.08e-01  2e-02  1e-01 8:50.1
   68    544 5.086263020837034e-05 6.9e+00 1.53e-01  2e-02  8e-02 9:22.9
   72    576 0.000000000000000e+00 5.9e+00 9.89e-02  1e-02  5e-02 9:55.8
termination on ftarget=1e-11
final/bestever f-value = 0.000000e+00 0.000000e+00
incumbent solution: [14.853397821169246, -3.8683436900554335, 12.75994604561503, 3.6092798077192514]
std deviation: [0.0125152194639253, 0.010793127763028, 0.011130182968076031, 0.04622846183027639]
CMAEvolutionStrategyResult(xbest=array([14.84826119, -3.87281866, 12.76423353,  3.60874821]), fbest=0.0, evals_best=574, evaluations=576, iterations=72, xfavorite=array([14.85339782, -3.86834369, 12.75994605,  3.60927981]), stds=array([0.01251522, 0.01079313, 0.01113018, 0.04622846]), stop={'ftarget': 1e-11})
8 10
(4_w,8)-aCMA-ES (mu_w=2.6,w_1=52%) in dimension 4 (seed=739436, Sun Jun 13 19:57:37 2021)
Iterat #Fevals   function value  axis ratio  sigma  min&max std  t[m:s]
    1      8 3.163350423177084e-01 1.0e+00 1.50e+00  1e+00  2e+00 0:08.0
    2     16 5.673319498697917e-01 1.2e+00 1.53e+00  1e+00  2e+00 0:16.2
    3     24 3.300069173177084e-01 1.5e+00 1.63e+00  1e+00  2e+00 0:24.6
    4     32 1.794535319010416e-01 1.6e+00 1.99e+00  2e+00  2e+00 0:33.2
    5     40 3.845214843750000e-02 1.9e+00 2.32e+00  2e+00  3e+00 0:41.4
    6     48 3.674316406250000e-01 2.1e+00 1.93e+00  2e+00  2e+00 0:49.6
    7     56 7.139282226562500e-01 2.2e+00 1.99e+00  2e+00  3e+00 0:57.8
    8     64 9.327189127604163e-02 2.5e+00 1.78e+00  1e+00  2e+00 1:05.8
    9     72 2.793986002604166e-01 2.7e+00 1.81e+00  2e+00  2e+00 1:14.1
   11     88 1.193237304687500e-01 3.2e+00 1.86e+00  2e+00  2e+00 1:31.4
   13    104 4.335225423177084e-01 3.4e+00 1.74e+00  1e+00  2e+00 1:47.8
   15    120 2.133178710937500e-01 3.4e+00 2.01e+00  2e+00  3e+00 2:04.2
   17    136 1.607971191406250e-01 4.8e+00 1.64e+00  1e+00  3e+00 2:20.5
   19    152 4.219563802083337e-02 5.4e+00 1.46e+00  1e+00  2e+00 2:36.6
   21    168 1.090189615885416e-01 5.2e+00 1.33e+00  9e-01  2e+00 2:52.9
   23    184 1.387532552083337e-02 4.8e+00 1.07e+00  7e-01  1e+00 3:09.7
   25    200 4.450480143229163e-02 4.2e+00 7.64e-01  4e-01  7e-01 3:26.2
   28    224 8.661905924479163e-02 2.4e+00 7.03e-01  4e-01  5e-01 3:50.9
   31    248 1.332600911458337e-02 2.6e+00 5.56e-01  2e-01  4e-01 4:15.6
   34    272 1.028442382812500e-02 2.4e+00 4.12e-01  2e-01  2e-01 4:40.4
   37    296 1.525878906250000e-03 2.3e+00 3.00e-01  9e-02  1e-01 5:04.9
   40    320 2.115885416666630e-03 1.9e+00 1.88e-01  5e-02  7e-02 5:29.7
   43    344 7.120768229162966e-05 2.1e+00 1.52e-01  4e-02  6e-02 5:54.5
   46    368 2.034505208337034e-05 2.5e+00 9.29e-02  2e-02  3e-02 6:19.3
   49    392 0.000000000000000e+00 3.0e+00 5.23e-02  1e-02  2e-02 6:44.3
termination on ftarget=1e-11
final/bestever f-value = 0.000000e+00 0.000000e+00
incumbent solution: [2.215253040511247, 3.875117660543779, 7.015977458462654, 9.899523018127084]
std deviation: [0.00998488303987868, 0.01159969766806141, 0.018286850237957977, 0.013916292871788642]
CMAEvolutionStrategyResult(xbest=array([2.21841849, 3.88001609, 6.99868901, 9.89200586]), fbest=0.0, evals_best=386, evaluations=392, iterations=49, xfavorite=array([2.21525304, 3.87511766, 7.01597746, 9.89952302]), stds=array([0.00998488, 0.0115997 , 0.01828685, 0.01391629]), stop={'ftarget': 1e-11})
9 10
(4_w,8)-aCMA-ES (mu_w=2.6,w_1=52%) in dimension 4 (seed=688566, Sun Jun 13 20:04:22 2021)
Iterat #Fevals   function value  axis ratio  sigma  min&max std  t[m:s]
    1      8 4.088846842447916e-01 1.0e+00 1.34e+00  1e+00  1e+00 0:08.2
    2     16 5.264383951822917e-01 1.3e+00 1.06e+00  9e-01  1e+00 0:16.5
    3     24 2.448018391927084e-01 1.3e+00 9.14e-01  8e-01  8e-01 0:24.6
    4     32 1.813354492187500e-01 1.3e+00 7.73e-01  6e-01  7e-01 0:32.9
    5     40 6.553141276041663e-02 1.5e+00 8.46e-01  6e-01  8e-01 0:41.2
    6     48 1.001281738281250e-01 1.6e+00 7.48e-01  6e-01  7e-01 0:49.7
    7     56 5.282592773437500e-02 1.9e+00 6.61e-01  5e-01  5e-01 0:58.0
    8     64 1.024881998697916e-01 1.8e+00 6.84e-01  5e-01  6e-01 1:06.2
    9     72 1.289876302083337e-02 1.8e+00 6.02e-01  4e-01  4e-01 1:14.6
   11     88 1.339721679687500e-02 1.8e+00 4.70e-01  3e-01  3e-01 1:31.1
   13    104 1.017252604166630e-03 2.1e+00 4.90e-01  3e-01  4e-01 1:47.6
   15    120 7.181803385416630e-03 2.8e+00 7.43e-01  4e-01  8e-01 2:04.1
   17    136 1.119995117187500e-02 3.7e+00 5.45e-01  2e-01  7e-01 2:21.0
   19    152 1.790364583333370e-03 4.2e+00 4.30e-01  2e-01  5e-01 2:37.7
   21    168 1.556396484375000e-03 4.9e+00 3.06e-01  1e-01  4e-01 2:54.0
   23    184 5.594889322916297e-04 6.1e+00 2.72e-01  9e-02  3e-01 3:10.5
   25    200 3.255208333333703e-04 6.4e+00 1.71e-01  5e-02  2e-01 3:27.1
   28    224 1.627604166666297e-04 7.5e+00 1.23e-01  3e-02  1e-01 3:52.9
   31    248 7.120768229162966e-05 8.3e+00 9.14e-02  2e-02  9e-02 4:17.3
   34    272 0.000000000000000e+00 7.6e+00 5.73e-02  9e-03  5e-02 4:42.2
termination on ftarget=1e-11
final/bestever f-value = 0.000000e+00 0.000000e+00
incumbent solution: [2.570767457385222, 4.412999144490759, -0.11293185013044683, 5.156305665768807]
std deviation: [0.022195746658210783, 0.009419508533623992, 0.0500636828272034, 0.018172515103220155]
CMAEvolutionStrategyResult(xbest=array([ 2.55383799,  4.40775496, -0.06907735,  5.17129035]), fbest=0.0, evals_best=270, evaluations=272, iterations=34, xfavorite=array([ 2.57076746,  4.41299914, -0.11293185,  5.15630567]), stds=array([0.02219575, 0.00941951, 0.05006368, 0.01817252]), stop={'ftarget': 1e-11})
