0 10
(4_w,8)-aCMA-ES (mu_w=2.6,w_1=52%) in dimension 4 (seed=775176, Sun Jun 13 18:56:21 2021)
circuitVTD.py:316: DeprecationWarning: The QuantumCircuit.__add__() method is being deprecated.Use the compose() method which is more flexible w.r.t circuit register compatibility.
  TrotterFixStepList.append(TrotterFixStepList[-1] + U_trot)
/home/nfb1/.local/lib/python3.7/site-packages/qiskit/circuit/quantumcircuit.py:869: DeprecationWarning: The QuantumCircuit.combine() method is being deprecated. Use the compose() method which is more flexible w.r.t circuit register compatibility.
  return self.combine(rhs)
Iterat #Fevals   function value  axis ratio  sigma  min&max std  t[m:s]
    1      8 5.603841145833333e-01 1.0e+00 1.39e+00  1e+00  1e+00 0:05.0
    2     16 1.176757812500000e-01 1.2e+00 1.66e+00  2e+00  2e+00 0:09.9
    3     24 3.483072916666663e-02 1.5e+00 1.73e+00  2e+00  2e+00 0:14.7
    4     32 1.494140625000000e-01 1.4e+00 1.76e+00  1e+00  2e+00 0:19.6
    5     40 2.008463541666666e-01 1.8e+00 2.01e+00  2e+00  3e+00 0:24.5
    6     48 3.072916666666666e-01 2.1e+00 2.06e+00  2e+00  3e+00 0:29.5
    8     64 4.197591145833334e-01 2.2e+00 1.86e+00  1e+00  3e+00 0:39.2
   10     80 3.971354166666666e-01 2.2e+00 2.00e+00  2e+00  3e+00 0:48.9
   12     96 2.941080729166666e-01 2.5e+00 2.59e+00  2e+00  4e+00 0:58.6
   14    112 4.833984375000000e-02 3.0e+00 2.45e+00  2e+00  3e+00 1:08.5
   17    136 2.692057291666666e-01 3.3e+00 2.66e+00  2e+00  4e+00 1:23.4
   20    160 2.280273437500000e-01 3.4e+00 1.89e+00  2e+00  2e+00 1:39.2
   23    184 2.718098958333337e-02 3.3e+00 1.49e+00  1e+00  2e+00 1:53.9
   26    208 1.207682291666666e-01 3.8e+00 1.58e+00  1e+00  2e+00 2:09.0
   29    232 7.047526041666663e-02 3.8e+00 1.05e+00  7e-01  1e+00 2:24.1
   33    264 3.369140625000000e-02 3.5e+00 7.32e-01  4e-01  7e-01 2:43.8
   37    296 3.222656250000000e-02 4.6e+00 7.37e-01  3e-01  7e-01 3:04.2
   41    328 2.067057291666663e-02 6.0e+00 4.97e-01  2e-01  4e-01 3:23.8
   45    360 2.766927083333370e-03 6.9e+00 8.86e-01  3e-01  7e-01 3:43.7
   49    392 3.906250000000000e-03 6.2e+00 5.49e-01  2e-01  4e-01 4:03.8
   54    432 9.765625000000000e-04 7.7e+00 3.52e-01  7e-02  2e-01 4:28.4
   59    472 6.510416666666297e-04 6.0e+00 2.56e-01  5e-02  1e-01 4:53.2
   60    480 0.000000000000000e+00 6.4e+00 2.50e-01  4e-02  1e-01 4:58.3
termination on ftarget=1e-11
final/bestever f-value = 0.000000e+00 0.000000e+00
incumbent solution: [2.4222582409882287, 6.0162475117356315, 1.87159737278348, 8.15148092501098]
std deviation: [0.12909895085919, 0.10089647161435623, 0.10026663974451794, 0.04220859471293437]
CMAEvolutionStrategyResult(xbest=array([2.40159301, 5.99901304, 1.89360378, 8.17488168]), fbest=0.0, evals_best=473, evaluations=480, iterations=60, xfavorite=array([2.42225824, 6.01624751, 1.87159737, 8.15148093]), stds=array([0.12909895, 0.10089647, 0.10026664, 0.04220859]), stop={'ftarget': 1e-11})
1 10
(4_w,8)-aCMA-ES (mu_w=2.6,w_1=52%) in dimension 4 (seed=656357, Sun Jun 13 19:01:20 2021)
Iterat #Fevals   function value  axis ratio  sigma  min&max std  t[m:s]
    1      8 3.710937500000000e-02 1.0e+00 1.32e+00  1e+00  1e+00 0:06.1
    2     16 2.822265625000000e-01 1.2e+00 1.02e+00  8e-01  1e+00 0:12.3
    3     24 1.687825520833334e-01 1.3e+00 9.20e-01  8e-01  9e-01 0:18.4
    4     32 1.298828125000000e-01 1.5e+00 9.55e-01  7e-01  1e+00 0:24.4
    5     40 1.492513020833334e-01 1.9e+00 1.08e+00  8e-01  1e+00 0:30.4
    6     48 6.494140625000000e-02 2.4e+00 1.03e+00  7e-01  1e+00 0:36.9
    7     56 1.383463541666666e-01 2.3e+00 9.43e-01  6e-01  9e-01 0:43.1
    9     72 9.407552083333337e-02 2.6e+00 9.36e-01  6e-01  1e+00 0:55.5
   11     88 8.138020833333370e-03 2.5e+00 6.81e-01  4e-01  7e-01 1:07.7
   13    104 4.231770833333337e-02 2.8e+00 7.04e-01  4e-01  6e-01 1:20.1
   15    120 3.580729166666630e-03 2.8e+00 5.32e-01  3e-01  4e-01 1:32.3
   17    136 5.696614583333370e-03 3.4e+00 4.36e-01  2e-01  4e-01 1:44.2
   19    152 3.743489583333370e-03 4.1e+00 3.84e-01  2e-01  3e-01 1:56.5
   22    176 1.302083333333370e-03 4.7e+00 2.68e-01  1e-01  2e-01 2:15.4
   25    200 1.627604166666297e-04 5.8e+00 2.13e-01  9e-02  2e-01 2:33.6
   26    208 0.000000000000000e+00 6.5e+00 2.13e-01  9e-02  2e-01 2:39.6
termination on ftarget=1e-11
final/bestever f-value = 0.000000e+00 0.000000e+00
incumbent solution: [5.572366849578674, 2.6381491015578433, 4.141816502439906, -0.4535223900110273]
std deviation: [0.18996904375603793, 0.09529852196455652, 0.18930076282377983, 0.08860646025890491]
CMAEvolutionStrategyResult(xbest=array([ 5.67488651,  2.685233  ,  4.03710821, -0.50657327]), fbest=0.0, evals_best=202, evaluations=208, iterations=26, xfavorite=array([ 5.57236685,  2.6381491 ,  4.1418165 , -0.45352239]), stds=array([0.18996904, 0.09529852, 0.18930076, 0.08860646]), stop={'ftarget': 1e-11})
2 10
(4_w,8)-aCMA-ES (mu_w=2.6,w_1=52%) in dimension 4 (seed=755666, Sun Jun 13 19:03:59 2021)
Iterat #Fevals   function value  axis ratio  sigma  min&max std  t[m:s]
    1      8 1.484375000000000e-01 1.0e+00 1.75e+00  2e+00  2e+00 0:06.0
    2     16 1.398111979166666e-01 1.6e+00 2.01e+00  2e+00  2e+00 0:12.3
    3     24 2.268880208333334e-01 1.9e+00 1.63e+00  1e+00  2e+00 0:18.4
    4     32 1.564127604166666e-01 2.1e+00 1.55e+00  1e+00  2e+00 0:24.4
    5     40 1.935221354166666e-01 2.1e+00 1.40e+00  1e+00  2e+00 0:30.7
    6     48 5.040690104166667e-01 2.3e+00 1.26e+00  1e+00  2e+00 0:36.5
    7     56 6.298828125000000e-02 2.2e+00 1.26e+00  9e-01  2e+00 0:42.7
    9     72 3.020833333333334e-01 2.3e+00 1.18e+00  8e-01  2e+00 0:55.0
   11     88 2.840169270833334e-01 2.4e+00 8.57e-01  6e-01  1e+00 1:07.4
   13    104 1.337890625000000e-01 2.2e+00 7.32e-01  4e-01  9e-01 1:19.7
   15    120 1.139322916666663e-02 2.9e+00 6.89e-01  4e-01  8e-01 1:33.0
   17    136 4.606119791666663e-02 2.5e+00 4.94e-01  2e-01  6e-01 1:45.4
   19    152 6.835937500000000e-03 3.0e+00 4.08e-01  2e-01  5e-01 1:57.4
   22    176 0.000000000000000e+00 4.0e+00 3.14e-01  1e-01  4e-01 2:15.7
termination on ftarget=1e-11
final/bestever f-value = 0.000000e+00 0.000000e+00
incumbent solution: [1.5374120083811902, 4.206874935121822, -2.3177586256029974, 4.559475124392339]
std deviation: [0.1354063584424549, 0.1489487671088667, 0.3977205586913607, 0.1456913998471597]
CMAEvolutionStrategyResult(xbest=array([ 1.53739151,  4.18469312, -2.3851736 ,  4.55766236]), fbest=0.0, evals_best=169, evaluations=176, iterations=22, xfavorite=array([ 1.53741201,  4.20687494, -2.31775863,  4.55947512]), stds=array([0.13540636, 0.14894877, 0.39772056, 0.1456914 ]), stop={'ftarget': 1e-11})
3 10
(4_w,8)-aCMA-ES (mu_w=2.6,w_1=52%) in dimension 4 (seed=775384, Sun Jun 13 19:06:15 2021)
Iterat #Fevals   function value  axis ratio  sigma  min&max std  t[m:s]
    1      8 2.117513020833334e-01 1.0e+00 1.45e+00  1e+00  2e+00 0:06.3
    2     16 3.841145833333337e-02 1.3e+00 1.67e+00  2e+00  2e+00 0:12.6
    3     24 3.051757812500000e-01 1.7e+00 2.09e+00  2e+00  3e+00 0:19.0
    4     32 2.260742187500000e-01 1.9e+00 2.21e+00  2e+00  3e+00 0:25.2
    5     40 5.777994791666663e-02 2.0e+00 2.10e+00  2e+00  2e+00 0:31.4
    6     48 3.546549479166666e-01 2.1e+00 1.83e+00  1e+00  2e+00 0:37.4
    7     56 1.230468750000000e-01 2.4e+00 1.95e+00  2e+00  3e+00 0:43.6
    9     72 2.817382812500000e-01 3.1e+00 1.59e+00  1e+00  2e+00 0:55.5
   11     88 2.672526041666666e-01 3.2e+00 1.32e+00  1e+00  2e+00 1:07.6
   13    104 6.917317708333337e-02 2.8e+00 9.80e-01  6e-01  1e+00 1:19.9
   15    120 5.452473958333337e-02 2.9e+00 7.30e-01  4e-01  7e-01 1:32.3
   17    136 4.980468750000000e-02 3.0e+00 6.23e-01  3e-01  6e-01 1:44.7
   19    152 4.345703125000000e-02 3.6e+00 4.69e-01  2e-01  4e-01 1:57.1
   22    176 3.906250000000000e-03 3.1e+00 6.83e-01  3e-01  6e-01 2:15.3
   25    200 1.595052083333337e-02 3.5e+00 4.47e-01  2e-01  4e-01 2:34.3
   28    224 2.278645833333370e-03 3.8e+00 3.46e-01  1e-01  3e-01 2:52.9
   31    248 9.765625000000000e-04 3.9e+00 2.81e-01  1e-01  2e-01 3:11.2
   34    272 1.627604166666297e-04 4.8e+00 2.59e-01  1e-01  2e-01 3:29.8
   37    296 0.000000000000000e+00 5.8e+00 1.71e-01  6e-02  1e-01 3:48.2
termination on ftarget=1e-11
final/bestever f-value = 0.000000e+00 0.000000e+00
incumbent solution: [-0.7853089704836467, 0.9666789256427222, 2.9641604939333956, 9.72968437515353]
std deviation: [0.11899768595308878, 0.060546639359659274, 0.07089468847579736, 0.07505966779747561]
CMAEvolutionStrategyResult(xbest=array([-0.6966829 ,  0.98026406,  3.01439075,  9.67904664]), fbest=0.0, evals_best=293, evaluations=296, iterations=37, xfavorite=array([-0.78530897,  0.96667893,  2.96416049,  9.72968438]), stds=array([0.11899769, 0.06054664, 0.07089469, 0.07505967]), stop={'ftarget': 1e-11})
4 10
(4_w,8)-aCMA-ES (mu_w=2.6,w_1=52%) in dimension 4 (seed=805584, Sun Jun 13 19:10:03 2021)
Iterat #Fevals   function value  axis ratio  sigma  min&max std  t[m:s]
    1      8 5.751953125000000e-01 1.0e+00 1.42e+00  1e+00  1e+00 0:06.1
    2     16 1.049804687500000e-01 1.3e+00 1.52e+00  1e+00  2e+00 0:12.2
    3     24 4.080403645833334e-01 1.4e+00 1.93e+00  2e+00  2e+00 0:18.4
    4     32 3.232421875000000e-01 1.9e+00 2.20e+00  2e+00  3e+00 0:24.3
    5     40 3.780924479166666e-01 2.0e+00 2.05e+00  1e+00  3e+00 0:30.8
    6     48 3.247070312500000e-01 2.1e+00 2.39e+00  2e+00  3e+00 0:36.9
    7     56 4.781901041666666e-01 2.4e+00 3.23e+00  3e+00  5e+00 0:43.2
    9     72 3.165690104166666e-01 3.1e+00 2.29e+00  2e+00  3e+00 0:55.1
   11     88 2.591145833333334e-01 2.8e+00 2.05e+00  1e+00  3e+00 1:07.3
   13    104 1.285807291666666e-01 3.0e+00 1.38e+00  8e-01  2e+00 1:19.3
   15    120 1.604817708333334e-01 2.9e+00 1.14e+00  6e-01  1e+00 1:31.5
   17    136 6.298828125000000e-02 3.0e+00 9.95e-01  5e-01  1e+00 1:44.0
   19    152 4.980468750000000e-02 3.3e+00 7.17e-01  3e-01  7e-01 1:56.3
   22    176 3.417968750000000e-03 3.5e+00 6.76e-01  3e-01  6e-01 2:14.3
   25    200 1.188151041666663e-02 4.6e+00 5.62e-01  2e-01  5e-01 2:32.6
   28    224 1.236979166666663e-02 4.7e+00 4.26e-01  1e-01  4e-01 2:50.8
   31    248 1.139322916666630e-03 4.7e+00 3.40e-01  8e-02  2e-01 3:09.3
   33    264 0.000000000000000e+00 4.7e+00 2.85e-01  6e-02  2e-01 3:21.6
termination on ftarget=1e-11
final/bestever f-value = 0.000000e+00 0.000000e+00
incumbent solution: [4.353674344369977, 9.599320666325259, -4.52640098196415, -2.5308886408153946]
std deviation: [0.05998884541380687, 0.17007669925024058, 0.14029027203529518, 0.17211217272890578]
CMAEvolutionStrategyResult(xbest=array([ 4.31881037,  9.54737101, -4.46533618, -2.51131956]), fbest=0.0, evals_best=258, evaluations=264, iterations=33, xfavorite=array([ 4.35367434,  9.59932067, -4.52640098, -2.53088864]), stds=array([0.05998885, 0.1700767 , 0.14029027, 0.17211217]), stop={'ftarget': 1e-11})
5 10
(4_w,8)-aCMA-ES (mu_w=2.6,w_1=52%) in dimension 4 (seed=752083, Sun Jun 13 19:13:25 2021)
Iterat #Fevals   function value  axis ratio  sigma  min&max std  t[m:s]
    1      8 5.485026041666663e-02 1.0e+00 1.19e+00  1e+00  1e+00 0:06.2
    2     16 5.634765625000000e-01 1.2e+00 1.15e+00  1e+00  1e+00 0:12.5
    3     24 2.581380208333334e-01 1.2e+00 1.27e+00  1e+00  1e+00 0:18.5
    4     32 2.145182291666666e-01 1.4e+00 1.35e+00  1e+00  2e+00 0:24.6
    5     40 7.747395833333337e-02 1.6e+00 1.36e+00  1e+00  2e+00 0:30.8
    6     48 2.613932291666666e-01 1.7e+00 1.55e+00  1e+00  2e+00 0:36.9
    7     56 2.822265625000000e-01 1.6e+00 1.60e+00  1e+00  2e+00 0:43.2
    9     72 2.294921875000000e-01 1.8e+00 2.00e+00  2e+00  2e+00 0:55.3
   11     88 8.317057291666663e-02 1.9e+00 2.55e+00  2e+00  3e+00 1:08.2
   13    104 4.720052083333337e-02 2.3e+00 1.85e+00  1e+00  2e+00 1:20.1
   15    120 4.833984375000000e-02 2.5e+00 1.33e+00  8e-01  2e+00 1:32.8
   17    136 1.888020833333337e-02 2.7e+00 1.14e+00  6e-01  1e+00 1:45.0
   19    152 5.029296875000000e-02 3.3e+00 1.08e+00  6e-01  1e+00 1:57.5
   22    176 2.815755208333337e-02 4.2e+00 7.93e-01  4e-01  9e-01 2:15.6
   25    200 2.115885416666663e-02 5.1e+00 8.34e-01  4e-01  1e+00 2:34.1
   28    224 4.394531250000000e-03 6.7e+00 6.57e-01  3e-01  8e-01 2:52.6
   31    248 9.928385416666630e-03 4.8e+00 4.48e-01  2e-01  4e-01 3:11.0
   34    272 2.441406250000000e-03 4.7e+00 3.62e-01  1e-01  3e-01 3:29.5
   37    296 1.139322916666630e-03 4.5e+00 2.39e-01  9e-02  2e-01 3:47.8
   41    328 3.255208333333703e-04 5.2e+00 1.56e-01  5e-02  1e-01 4:12.6
   43    344 0.000000000000000e+00 7.0e+00 1.40e-01  4e-02  1e-01 4:24.9
termination on ftarget=1e-11
final/bestever f-value = 0.000000e+00 0.000000e+00
incumbent solution: [-5.392362064707359, 6.8335025143663115, 0.4647359636065757, 5.1057133360459925]
std deviation: [0.10118007055667227, 0.05488811392395188, 0.044964914689649395, 0.07025822903845558]
CMAEvolutionStrategyResult(xbest=array([-5.32001739,  6.79644771,  0.46689615,  5.17279398]), fbest=0.0, evals_best=343, evaluations=344, iterations=43, xfavorite=array([-5.39236206,  6.83350251,  0.46473596,  5.10571334]), stds=array([0.10118007, 0.05488811, 0.04496491, 0.07025823]), stop={'ftarget': 1e-11})
6 10
(4_w,8)-aCMA-ES (mu_w=2.6,w_1=52%) in dimension 4 (seed=716367, Sun Jun 13 19:17:50 2021)
Iterat #Fevals   function value  axis ratio  sigma  min&max std  t[m:s]
    1      8 4.251302083333334e-01 1.0e+00 1.66e+00  1e+00  2e+00 0:05.9
    2     16 3.401692708333334e-01 1.5e+00 1.97e+00  2e+00  2e+00 0:12.0
    3     24 1.577148437500000e-01 1.8e+00 2.04e+00  2e+00  2e+00 0:18.2
    4     32 4.028320312500000e-01 1.8e+00 2.38e+00  2e+00  3e+00 0:24.3
    5     40 2.163085937500000e-01 2.2e+00 2.79e+00  2e+00  4e+00 0:30.6
    6     48 1.235351562500000e-01 2.0e+00 2.26e+00  2e+00  3e+00 0:37.0
    8     64 6.819661458333337e-02 2.1e+00 1.63e+00  1e+00  2e+00 0:49.3
   10     80 1.774088541666663e-02 2.0e+00 1.71e+00  1e+00  2e+00 1:01.8
   12     96 9.749348958333337e-02 2.5e+00 1.74e+00  1e+00  2e+00 1:13.7
   14    112 2.172851562500000e-01 2.7e+00 1.95e+00  1e+00  2e+00 1:26.0
   16    128 1.095377604166666e-01 3.6e+00 1.60e+00  1e+00  2e+00 1:38.1
   18    144 9.147135416666663e-02 3.9e+00 1.26e+00  8e-01  2e+00 1:50.3
   21    168 4.492187500000000e-02 5.3e+00 7.37e-01  4e-01  9e-01 2:08.0
   24    192 9.277343750000000e-03 5.0e+00 4.67e-01  2e-01  5e-01 2:26.3
   27    216 7.161458333333370e-03 4.7e+00 4.08e-01  2e-01  4e-01 2:44.8
   29    232 0.000000000000000e+00 4.9e+00 3.34e-01  1e-01  3e-01 2:57.2
termination on ftarget=1e-11
final/bestever f-value = 0.000000e+00 0.000000e+00
incumbent solution: [-3.1372061291767652, 7.50450657264075, -1.8050622401866667, 6.5553549541695855]
std deviation: [0.2787588491887109, 0.11163025130207058, 0.32149993407566146, 0.1361202047102622]
CMAEvolutionStrategyResult(xbest=array([-2.97748399,  7.52641874, -1.98621941,  6.56560439]), fbest=0.0, evals_best=226, evaluations=232, iterations=29, xfavorite=array([-3.13720613,  7.50450657, -1.80506224,  6.55535495]), stds=array([0.27875885, 0.11163025, 0.32149993, 0.1361202 ]), stop={'ftarget': 1e-11})
7 10
(4_w,8)-aCMA-ES (mu_w=2.6,w_1=52%) in dimension 4 (seed=707447, Sun Jun 13 19:20:47 2021)
Iterat #Fevals   function value  axis ratio  sigma  min&max std  t[m:s]
    1      8 1.464843750000000e-03 1.0e+00 1.35e+00  1e+00  1e+00 0:06.1
    2     16 6.917317708333337e-02 1.2e+00 1.27e+00  1e+00  1e+00 0:12.3
    3     24 1.897786458333334e-01 1.3e+00 1.28e+00  1e+00  1e+00 0:18.2
    4     32 5.143229166666663e-02 1.5e+00 1.17e+00  1e+00  1e+00 0:24.2
    5     40 1.437174479166666e-01 1.7e+00 1.16e+00  9e-01  1e+00 0:30.3
    6     48 1.000976562500000e-01 1.4e+00 1.09e+00  8e-01  1e+00 0:36.5
    8     64 5.533854166666630e-03 1.9e+00 6.79e-01  5e-01  6e-01 0:48.6
   10     80 1.285807291666663e-02 2.4e+00 5.38e-01  3e-01  4e-01 1:01.0
   12     96 7.324218750000000e-03 2.4e+00 3.65e-01  2e-01  3e-01 1:13.7
   14    112 1.302083333333370e-03 2.8e+00 3.44e-01  2e-01  3e-01 1:25.6
   15    120 0.000000000000000e+00 3.3e+00 3.25e-01  1e-01  3e-01 1:32.2
termination on ftarget=1e-11
final/bestever f-value = 0.000000e+00 0.000000e+00
incumbent solution: [2.3002004864468506, 2.149432939526347, 0.6304004450804387, 1.7078080408291]
std deviation: [0.1443554393429059, 0.20223500798116237, 0.20879932361681555, 0.2835712950767542]
CMAEvolutionStrategyResult(xbest=array([2.24920874, 2.1282387 , 0.68720227, 1.6483468 ]), fbest=0.0, evals_best=114, evaluations=120, iterations=15, xfavorite=array([2.30020049, 2.14943294, 0.63040045, 1.70780804]), stds=array([0.14435544, 0.20223501, 0.20879932, 0.2835713 ]), stop={'ftarget': 1e-11})
8 10
(4_w,8)-aCMA-ES (mu_w=2.6,w_1=52%) in dimension 4 (seed=773422, Sun Jun 13 19:22:19 2021)
Iterat #Fevals   function value  axis ratio  sigma  min&max std  t[m:s]
    1      8 7.340494791666663e-02 1.0e+00 1.56e+00  1e+00  2e+00 0:06.1
    2     16 1.053059895833334e-01 1.3e+00 1.29e+00  1e+00  1e+00 0:12.5
    3     24 1.022135416666666e-01 1.4e+00 1.15e+00  9e-01  1e+00 0:18.6
    4     32 1.238606770833334e-01 1.5e+00 1.04e+00  8e-01  1e+00 0:24.7
    5     40 4.899088541666663e-02 1.7e+00 9.41e-01  7e-01  9e-01 0:30.8
    6     48 9.814453125000000e-02 1.7e+00 7.98e-01  6e-01  7e-01 0:36.7
    7     56 1.183268229166666e-01 1.7e+00 7.15e-01  5e-01  6e-01 0:42.9
    9     72 1.513671875000000e-02 2.3e+00 5.64e-01  4e-01  5e-01 0:55.2
   11     88 1.318359375000000e-02 2.0e+00 4.55e-01  3e-01  4e-01 1:07.0
   13    104 4.394531250000000e-03 2.0e+00 2.87e-01  2e-01  2e-01 1:19.1
   15    120 5.696614583333370e-03 2.1e+00 1.78e-01  9e-02  1e-01 1:31.4
   17    136 6.510416666666297e-04 2.7e+00 1.43e-01  7e-02  9e-02 1:43.3
   19    152 0.000000000000000e+00 3.3e+00 1.11e-01  6e-02  7e-02 1:55.6
termination on ftarget=1e-11
final/bestever f-value = 0.000000e+00 0.000000e+00
incumbent solution: [1.8422958789747035, -1.073970354967644, 5.274098732716251, 3.228778899718172]
std deviation: [0.07185171697253351, 0.05863033866993585, 0.06810224628597679, 0.059319982902231956]
CMAEvolutionStrategyResult(xbest=array([ 1.85325232, -1.06369543,  5.27447482,  3.21417291]), fbest=0.0, evals_best=152, evaluations=152, iterations=19, xfavorite=array([ 1.84229588, -1.07397035,  5.27409873,  3.2287789 ]), stds=array([0.07185172, 0.05863034, 0.06810225, 0.05931998]), stop={'ftarget': 1e-11})
9 10
(4_w,8)-aCMA-ES (mu_w=2.6,w_1=52%) in dimension 4 (seed=703022, Sun Jun 13 19:24:15 2021)
Iterat #Fevals   function value  axis ratio  sigma  min&max std  t[m:s]
    1      8 4.150390625000000e-01 1.0e+00 1.57e+00  1e+00  2e+00 0:05.9
    2     16 3.463541666666666e-01 1.4e+00 1.67e+00  2e+00  2e+00 0:11.8
    3     24 1.624348958333334e-01 1.5e+00 1.47e+00  1e+00  2e+00 0:17.8
    4     32 1.857096354166666e-01 1.6e+00 1.34e+00  1e+00  1e+00 0:24.0
    5     40 1.909179687500000e-01 1.5e+00 1.10e+00  9e-01  1e+00 0:30.3
    6     48 1.287434895833334e-01 1.5e+00 8.99e-01  7e-01  8e-01 0:36.5
    8     64 1.595052083333334e-01 1.7e+00 8.13e-01  6e-01  8e-01 0:48.9
   10     80 8.186848958333337e-02 1.9e+00 7.96e-01  5e-01  8e-01 1:01.0
   12     96 8.561197916666663e-02 2.0e+00 6.28e-01  4e-01  6e-01 1:13.2
   14    112 1.643880208333337e-02 2.9e+00 6.19e-01  4e-01  6e-01 1:25.2
   16    128 1.106770833333337e-02 2.8e+00 4.39e-01  2e-01  4e-01 1:37.6
   18    144 9.765625000000000e-04 3.8e+00 4.05e-01  2e-01  4e-01 1:49.8
   20    160 7.486979166666630e-03 4.9e+00 4.24e-01  2e-01  5e-01 2:02.3
   23    184 2.115885416666630e-03 4.5e+00 2.72e-01  9e-02  3e-01 2:20.4
   26    208 0.000000000000000e+00 5.4e+00 2.01e-01  6e-02  2e-01 2:39.4
termination on ftarget=1e-11
final/bestever f-value = 0.000000e+00 0.000000e+00
incumbent solution: [5.075523531144014, 2.010903144107484, 2.3813657678580604, 2.5850702681361857]
std deviation: [0.05613155477034568, 0.07870642284180679, 0.1826195880717241, 0.09164039723298617]
CMAEvolutionStrategyResult(xbest=array([5.07014337, 2.01284468, 2.34563449, 2.57110986]), fbest=0.0, evals_best=208, evaluations=208, iterations=26, xfavorite=array([5.07552353, 2.01090314, 2.38136577, 2.58507027]), stds=array([0.05613155, 0.07870642, 0.18261959, 0.0916404 ]), stop={'ftarget': 1e-11})
