0 10
(4_w,8)-aCMA-ES (mu_w=2.6,w_1=52%) in dimension 4 (seed=735980, Sun Jun 13 18:57:11 2021)
circuitVTD.py:316: DeprecationWarning: The QuantumCircuit.__add__() method is being deprecated.Use the compose() method which is more flexible w.r.t circuit register compatibility.
  TrotterFixStepList.append(TrotterFixStepList[-1] + U_trot)
/home/nfb1/.local/lib/python3.7/site-packages/qiskit/circuit/quantumcircuit.py:869: DeprecationWarning: The QuantumCircuit.combine() method is being deprecated. Use the compose() method which is more flexible w.r.t circuit register compatibility.
  return self.combine(rhs)
Iterat #Fevals   function value  axis ratio  sigma  min&max std  t[m:s]
    1      8 3.874460856119791e-01 1.0e+00 1.39e+00  1e+00  1e+00 0:09.3
    2     16 2.456512451171875e-01 1.3e+00 1.18e+00  1e+00  1e+00 0:18.5
    3     24 2.687276204427084e-01 1.4e+00 1.26e+00  1e+00  1e+00 0:28.1
    4     32 9.514872233072913e-02 1.7e+00 1.34e+00  1e+00  2e+00 0:37.1
    5     40 5.219523111979163e-02 1.7e+00 1.28e+00  1e+00  1e+00 0:46.5
    6     48 1.692047119140625e-01 1.6e+00 1.36e+00  1e+00  2e+00 0:55.8
    7     56 2.331695556640625e-01 1.7e+00 1.48e+00  1e+00  2e+00 1:05.6
    8     64 2.965749104817709e-01 1.9e+00 1.44e+00  1e+00  2e+00 1:14.9
    9     72 2.313842773437500e-01 2.1e+00 1.43e+00  1e+00  2e+00 1:24.2
   10     80 3.932037353515625e-01 2.4e+00 1.19e+00  9e-01  1e+00 1:33.5
   12     96 9.549967447916663e-02 2.5e+00 8.56e-01  6e-01  9e-01 1:52.3
   14    112 4.439290364583337e-02 3.1e+00 8.43e-01  5e-01  8e-01 2:11.4
   16    128 5.015055338541663e-02 2.9e+00 7.35e-01  3e-01  8e-01 2:30.3
   18    144 4.769897460937500e-02 3.3e+00 7.28e-01  3e-01  7e-01 2:49.3
   20    160 1.756795247395837e-02 3.7e+00 8.61e-01  5e-01  1e+00 3:07.8
   22    176 2.517191569010413e-02 5.8e+00 8.46e-01  5e-01  1e+00 3:26.1
   24    192 6.251017252604130e-03 6.0e+00 6.76e-01  4e-01  7e-01 3:44.6
   26    208 1.020812988281250e-02 6.4e+00 5.08e-01  2e-01  5e-01 4:03.1
   28    224 2.273559570312500e-03 6.4e+00 3.73e-01  2e-01  3e-01 4:22.0
   31    248 1.932779947916297e-04 6.7e+00 2.26e-01  8e-02  2e-01 4:49.7
   34    272 1.322428385416297e-04 7.6e+00 1.89e-01  6e-02  1e-01 5:17.3
   37    296 6.103515625000000e-05 8.3e+00 1.35e-01  4e-02  1e-01 5:45.0
   40    320 7.120768229162966e-05 9.8e+00 8.61e-02  2e-02  5e-02 6:12.9
   43    344 2.543131510412966e-05 9.0e+00 5.48e-02  1e-02  3e-02 6:41.3
   44    352 0.000000000000000e+00 9.4e+00 6.10e-02  1e-02  4e-02 6:50.7
termination on ftarget=1e-11
final/bestever f-value = 0.000000e+00 0.000000e+00
incumbent solution: [2.286882443851429, 1.9029377834003613, 5.466410397220193, -0.4651429039146108]
std deviation: [0.04098914940184833, 0.014542717848327521, 0.03333100390665162, 0.03631044726894603]
CMAEvolutionStrategyResult(xbest=array([ 2.29300213,  1.90204374,  5.45909237, -0.4717198 ]), fbest=0.0, evals_best=347, evaluations=352, iterations=44, xfavorite=array([ 2.28688244,  1.90293778,  5.4664104 , -0.4651429 ]), stds=array([0.04098915, 0.01454272, 0.033331  , 0.03631045]), stop={'ftarget': 1e-11})
1 10
(4_w,8)-aCMA-ES (mu_w=2.6,w_1=52%) in dimension 4 (seed=751904, Sun Jun 13 19:04:02 2021)
Iterat #Fevals   function value  axis ratio  sigma  min&max std  t[m:s]
    1      8 3.390452067057291e-01 1.0e+00 1.73e+00  2e+00  2e+00 0:10.4
    2     16 4.363250732421875e-01 1.5e+00 1.94e+00  2e+00  2e+00 0:20.6
    3     24 2.716420491536459e-01 1.8e+00 2.52e+00  2e+00  3e+00 0:31.0
    4     32 1.650695800781250e-01 2.1e+00 2.33e+00  2e+00  3e+00 0:41.6
    5     40 3.656616210937500e-01 2.2e+00 2.02e+00  2e+00  3e+00 0:52.0
    6     48 1.306355794270834e-01 2.4e+00 1.81e+00  2e+00  2e+00 1:02.4
    7     56 2.280426025390625e-01 2.5e+00 1.80e+00  2e+00  2e+00 1:12.9
    8     64 6.160990397135417e-01 2.7e+00 2.04e+00  2e+00  3e+00 1:23.1
    9     72 1.223297119140625e-01 2.7e+00 1.72e+00  1e+00  2e+00 1:33.3
   10     80 8.973185221354163e-02 2.5e+00 1.61e+00  1e+00  2e+00 1:44.0
   11     88 2.722524007161459e-01 2.5e+00 1.59e+00  1e+00  2e+00 1:54.6
   13    104 6.744384765625000e-02 3.1e+00 1.00e+00  8e-01  1e+00 2:15.4
   15    120 2.650960286458337e-02 3.5e+00 7.67e-01  6e-01  9e-01 2:36.2
   17    136 3.340148925781250e-02 3.3e+00 7.01e-01  5e-01  9e-01 2:57.0
   19    152 3.661600748697913e-02 3.9e+00 7.52e-01  4e-01  1e+00 3:17.5
   21    168 9.511311848958370e-03 4.3e+00 6.16e-01  3e-01  9e-01 3:38.1
   23    184 5.900065104166630e-03 4.4e+00 4.76e-01  2e-01  7e-01 3:59.8
   25    200 3.789265950520870e-03 4.8e+00 3.99e-01  2e-01  5e-01 4:20.4
   27    216 1.530965169270870e-03 5.3e+00 3.11e-01  1e-01  4e-01 4:41.2
   29    232 8.036295572916297e-04 5.9e+00 2.38e-01  9e-02  3e-01 5:01.9
   31    248 6.001790364583703e-04 5.9e+00 2.09e-01  6e-02  2e-01 5:22.6
   34    272 3.712972005208703e-04 6.4e+00 1.85e-01  5e-02  2e-01 5:53.9
   37    296 4.933675130208703e-04 7.7e+00 1.38e-01  3e-02  2e-01 6:25.1
   40    320 5.086263020837034e-05 6.2e+00 8.36e-02  2e-02  7e-02 6:56.4
   43    344 6.103515625000000e-05 7.8e+00 8.82e-02  2e-02  7e-02 7:27.6
   46    368 3.560384114587034e-05 8.0e+00 6.88e-02  1e-02  4e-02 7:58.2
   49    392 0.000000000000000e+00 7.7e+00 5.47e-02  9e-03  3e-02 8:29.7
termination on ftarget=1e-11
final/bestever f-value = 0.000000e+00 0.000000e+00
incumbent solution: [2.6945587717509056, 2.1762782310588507, 6.971439813523435, 5.698306316519725]
std deviation: [0.02569285333425856, 0.008576073244235614, 0.019757618190698382, 0.02960134865330644]
CMAEvolutionStrategyResult(xbest=array([2.70172922, 2.17663669, 6.97055425, 5.712884  ]), fbest=0.0, evals_best=389, evaluations=392, iterations=49, xfavorite=array([2.69455877, 2.17627823, 6.97143981, 5.69830632]), stds=array([0.02569285, 0.00857607, 0.01975762, 0.02960135]), stop={'ftarget': 1e-11})
2 10
(4_w,8)-aCMA-ES (mu_w=2.6,w_1=52%) in dimension 4 (seed=653851, Sun Jun 13 19:12:32 2021)
Iterat #Fevals   function value  axis ratio  sigma  min&max std  t[m:s]
    1      8 3.527323404947913e-02 1.0e+00 1.53e+00  1e+00  2e+00 0:10.4
    2     16 1.175282796223959e-01 1.3e+00 1.28e+00  1e+00  1e+00 0:20.8
    3     24 5.650329589843750e-02 1.4e+00 1.26e+00  1e+00  1e+00 0:31.1
    4     32 1.645914713541663e-02 1.8e+00 1.29e+00  1e+00  1e+00 0:41.7
    5     40 2.098592122395834e-01 1.8e+00 1.11e+00  9e-01  1e+00 0:52.3
    6     48 8.558654785156250e-02 1.6e+00 8.94e-01  7e-01  8e-01 1:02.3
    7     56 1.870015462239584e-01 1.7e+00 8.69e-01  6e-01  8e-01 1:12.9
    8     64 7.461547851562500e-02 1.7e+00 6.86e-01  4e-01  6e-01 1:23.6
    9     72 2.279154459635413e-02 1.8e+00 5.12e-01  3e-01  4e-01 1:34.2
   10     80 5.065917968750000e-03 1.7e+00 4.68e-01  3e-01  4e-01 1:45.0
   11     88 1.014200846354163e-02 1.8e+00 3.77e-01  2e-01  3e-01 1:55.2
   13    104 8.900960286458703e-04 1.8e+00 2.95e-01  1e-01  2e-01 2:16.0
   15    120 3.779093424479130e-03 2.5e+00 2.94e-01  1e-01  3e-01 2:37.0
   17    136 1.500447591145870e-03 3.3e+00 2.25e-01  9e-02  2e-01 2:58.0
   19    152 1.276652018229130e-03 4.1e+00 1.74e-01  6e-02  2e-01 3:18.8
   21    168 6.612141927087034e-05 4.8e+00 1.53e-01  5e-02  2e-01 3:39.2
   23    184 5.544026692708703e-04 6.2e+00 1.17e-01  4e-02  2e-01 4:00.3
   25    200 7.120768229162966e-05 6.2e+00 9.47e-02  3e-02  1e-01 4:20.9
   27    216 8.138020833337034e-05 6.9e+00 1.05e-01  3e-02  1e-01 4:42.0
   29    232 3.051757812500000e-05 8.7e+00 6.65e-02  1e-02  9e-02 5:03.1
   31    248 0.000000000000000e+00 9.7e+00 5.39e-02  1e-02  8e-02 5:24.0
termination on ftarget=1e-11
final/bestever f-value = 0.000000e+00 0.000000e+00
incumbent solution: [4.010010599470018, 1.7960311946772718, 3.0661941339280663, 2.0327117090037023]
std deviation: [0.010471129011214103, 0.02394847678121804, 0.0751900640128509, 0.01810482995683119]
CMAEvolutionStrategyResult(xbest=array([4.00616788, 1.79666251, 3.06453386, 2.0316004 ]), fbest=0.0, evals_best=247, evaluations=248, iterations=31, xfavorite=array([4.0100106 , 1.79603119, 3.06619413, 2.03271171]), stds=array([0.01047113, 0.02394848, 0.07519006, 0.01810483]), stop={'ftarget': 1e-11})
3 10
(4_w,8)-aCMA-ES (mu_w=2.6,w_1=52%) in dimension 4 (seed=645766, Sun Jun 13 19:17:56 2021)
Iterat #Fevals   function value  axis ratio  sigma  min&max std  t[m:s]
    1      8 1.546681722005209e-01 1.0e+00 1.46e+00  1e+00  2e+00 0:10.4
    2     16 1.249287923177084e-01 1.4e+00 1.26e+00  1e+00  1e+00 0:20.8
    3     24 1.479848225911459e-01 1.6e+00 1.07e+00  9e-01  1e+00 0:31.4
    4     32 2.593078613281250e-01 1.6e+00 1.18e+00  9e-01  1e+00 0:41.8
    5     40 1.688486735026041e-01 1.9e+00 1.02e+00  8e-01  1e+00 0:52.1
    6     48 6.993103027343750e-02 1.8e+00 8.77e-01  6e-01  9e-01 1:02.5
    7     56 6.999715169270837e-02 1.7e+00 7.48e-01  5e-01  7e-01 1:13.2
    8     64 4.850260416666663e-02 1.8e+00 6.89e-01  5e-01  6e-01 1:23.4
    9     72 5.909729003906250e-02 1.8e+00 5.68e-01  4e-01  5e-01 1:34.4
   10     80 2.924092610677087e-02 2.1e+00 4.79e-01  3e-01  4e-01 1:44.5
   11     88 3.967285156250000e-03 1.8e+00 4.40e-01  3e-01  3e-01 1:54.9
   13    104 1.364644368489587e-02 1.9e+00 3.32e-01  2e-01  2e-01 2:15.9
   15    120 7.776896158854130e-03 1.9e+00 2.64e-01  1e-01  2e-01 2:36.6
   17    136 1.144409179687500e-03 2.4e+00 2.42e-01  1e-01  2e-01 2:57.7
   19    152 1.917521158854130e-03 2.6e+00 1.90e-01  7e-02  1e-01 3:18.9
   21    168 1.098632812500000e-03 2.3e+00 1.68e-01  6e-02  1e-01 3:39.6
   23    184 1.286824544270870e-03 2.9e+00 1.47e-01  6e-02  9e-02 4:00.6
   25    200 1.525878906250000e-05 3.1e+00 1.11e-01  4e-02  7e-02 4:21.5
   27    216 1.322428385416297e-04 3.6e+00 8.34e-02  3e-02  5e-02 4:42.3
   29    232 2.034505208337034e-05 3.9e+00 6.85e-02  2e-02  4e-02 5:03.1
   31    248 0.000000000000000e+00 4.7e+00 5.25e-02  1e-02  3e-02 5:24.2
termination on ftarget=1e-11
final/bestever f-value = 0.000000e+00 0.000000e+00
incumbent solution: [4.55908515941043, 1.4073759916163113, 1.9614417647577522, 3.668858896774715]
std deviation: [0.014358953957864462, 0.02706956039749715, 0.02338444345395355, 0.015795616476492757]
CMAEvolutionStrategyResult(xbest=array([4.55001543, 1.43455585, 1.93013931, 3.66362287]), fbest=0.0, evals_best=241, evaluations=248, iterations=31, xfavorite=array([4.55908516, 1.40737599, 1.96144176, 3.6688589 ]), stds=array([0.01435895, 0.02706956, 0.02338444, 0.01579562]), stop={'ftarget': 1e-11})
4 10
(4_w,8)-aCMA-ES (mu_w=2.6,w_1=52%) in dimension 4 (seed=720363, Sun Jun 13 19:23:20 2021)
Iterat #Fevals   function value  axis ratio  sigma  min&max std  t[m:s]
    1      8 2.235717773437500e-01 1.0e+00 1.46e+00  1e+00  2e+00 0:10.4
    2     16 5.656127929687500e-01 1.4e+00 1.68e+00  2e+00  2e+00 0:20.8
    3     24 3.670196533203125e-01 1.6e+00 1.76e+00  2e+00  2e+00 0:31.2
    4     32 4.202982584635416e-01 1.5e+00 1.89e+00  2e+00  2e+00 0:41.4
    5     40 3.591512044270834e-01 1.8e+00 1.99e+00  2e+00  2e+00 0:52.1
    6     48 1.969350179036459e-01 2.0e+00 2.27e+00  2e+00  3e+00 1:02.5
    7     56 2.360534667968750e-01 2.3e+00 2.20e+00  2e+00  3e+00 1:13.2
    8     64 2.727966308593750e-01 2.4e+00 2.02e+00  2e+00  2e+00 1:23.3
    9     72 3.612009684244791e-01 2.3e+00 2.29e+00  2e+00  3e+00 1:33.7
   10     80 8.009897867838541e-01 2.2e+00 3.10e+00  2e+00  4e+00 1:44.1
   11     88 2.046152750651041e-01 2.8e+00 4.28e+00  3e+00  6e+00 1:54.4
   13    104 4.157816569010416e-01 2.3e+00 4.56e+00  4e+00  6e+00 2:15.3
   15    120 2.625935872395834e-01 3.0e+00 3.14e+00  2e+00  4e+00 2:36.0
   17    136 3.492533365885416e-01 2.9e+00 3.27e+00  2e+00  4e+00 2:57.0
   19    152 1.071573893229166e-01 3.4e+00 3.57e+00  2e+00  5e+00 3:17.8
   21    168 4.007314046223959e-01 3.2e+00 4.22e+00  2e+00  6e+00 3:39.3
   23    184 1.714528401692709e-01 4.2e+00 4.93e+00  2e+00  8e+00 4:00.0
   25    200 2.184244791666666e-01 3.7e+00 6.90e+00  4e+00  1e+01 4:20.9
   27    216 5.507812500000000e-01 4.2e+00 9.89e+00  4e+00  2e+01 4:41.8
   29    232 2.123921712239584e-01 4.4e+00 1.01e+01  5e+00  1e+01 5:02.6
   31    248 1.770019531250000e-01 2.8e+00 1.14e+01  7e+00  1e+01 5:23.2
   34    272 1.803029378255209e-01 2.6e+00 1.55e+01  9e+00  2e+01 5:54.4
   37    296 3.212992350260413e-02 3.3e+00 1.93e+01  1e+01  2e+01 6:25.6
   40    320 5.174357096354167e-01 4.0e+00 1.83e+01  1e+01  2e+01 6:57.1
   43    344 1.029866536458334e-01 5.1e+00 2.09e+01  1e+01  3e+01 7:28.4
   46    368 2.178293863932291e-01 7.0e+00 2.14e+01  1e+01  4e+01 8:00.4
   49    392 5.922546386718750e-01 8.6e+00 2.02e+01  1e+01  3e+01 8:32.1
   52    416 3.833058675130209e-01 7.9e+00 1.82e+01  1e+01  3e+01 9:03.6
   55    440 1.864980061848959e-01 9.9e+00 1.72e+01  1e+01  3e+01 9:35.2
   58    464 2.238108317057291e-01 9.1e+00 1.41e+01  8e+00  2e+01 10:06.2
   61    488 3.522949218750000e-01 7.8e+00 1.20e+01  7e+00  2e+01 10:37.3
   64    512 5.387369791666663e-02 7.7e+00 8.78e+00  4e+00  1e+01 11:08.6
   68    544 3.897705078125000e-01 8.0e+00 9.51e+00  3e+00  9e+00 11:50.9
   72    576 2.090911865234375e-01 7.3e+00 1.04e+01  4e+00  1e+01 12:33.1
   76    608 5.842437744140625e-01 8.6e+00 9.11e+00  3e+00  9e+00 13:15.5
   80    640 7.979838053385413e-02 1.0e+01 6.65e+00  2e+00  7e+00 13:57.5
   84    672 1.095021565755209e-01 1.2e+01 8.73e+00  3e+00  9e+00 14:39.3
   88    704 7.132975260416663e-02 1.4e+01 1.50e+01  4e+00  2e+01 15:21.0
   92    736 2.529449462890625e-01 1.3e+01 1.22e+01  3e+00  1e+01 16:02.2
   96    768 2.565205891927084e-01 1.2e+01 7.84e+00  2e+00  5e+00 16:44.3
  100    800 4.330952962239584e-01 1.3e+01 4.24e+00  8e-01  3e+00 17:25.7
termination on maxiter=100
final/bestever f-value = 4.330953e-01 2.472432e-02
incumbent solution: [-45.25748555128547, 44.575239462703536, -17.259824688684514, -87.02014754226579]
std deviation: [1.951470569441588, 1.9567099649025632, 0.7519581000604155, 2.8308916565470454]
CMAEvolutionStrategyResult(xbest=array([ 7.35769137,  6.8840493 , -7.34355108, -9.10670128]), fbest=0.02472432454427087, evals_best=95, evaluations=800, iterations=100, xfavorite=array([-45.25748555,  44.57523946, -17.25982469, -87.02014754]), stds=array([1.95147057, 1.95670996, 0.7519581 , 2.83089166]), stop={'maxiter': 100})
5 10
(4_w,8)-aCMA-ES (mu_w=2.6,w_1=52%) in dimension 4 (seed=684778, Sun Jun 13 19:40:46 2021)
Iterat #Fevals   function value  axis ratio  sigma  min&max std  t[m:s]
    1      8 3.368886311848959e-01 1.0e+00 1.41e+00  1e+00  1e+00 0:10.5
    2     16 6.409200032552087e-02 1.3e+00 1.35e+00  1e+00  1e+00 0:20.8
    3     24 6.963094075520837e-02 1.3e+00 1.31e+00  1e+00  1e+00 0:31.5
    4     32 3.259785970052087e-02 1.6e+00 1.38e+00  1e+00  2e+00 0:42.0
    5     40 4.248046875000000e-02 1.7e+00 1.58e+00  1e+00  2e+00 0:52.3
    6     48 1.070149739583337e-02 2.3e+00 1.88e+00  1e+00  3e+00 1:02.7
    7     56 2.907918294270834e-01 3.0e+00 2.09e+00  1e+00  3e+00 1:13.5
    8     64 8.154296875000000e-02 4.0e+00 1.73e+00  9e-01  3e+00 1:23.8
    9     72 3.904724121093750e-02 4.4e+00 1.51e+00  8e-01  2e+00 1:34.1
   10     80 3.405761718750000e-02 4.5e+00 1.26e+00  6e-01  2e+00 1:44.4
   11     88 8.099873860677087e-02 4.8e+00 1.05e+00  5e-01  1e+00 1:54.9
   13    104 1.301574707031250e-02 5.3e+00 7.61e-01  3e-01  1e+00 2:15.9
   15    120 4.531860351562500e-03 5.1e+00 5.21e-01  2e-01  7e-01 2:36.5
   17    136 1.144409179687500e-03 6.4e+00 4.15e-01  1e-01  5e-01 2:57.4
   19    152 5.391438802083703e-04 7.5e+00 4.96e-01  2e-01  6e-01 3:19.0
   21    168 1.103719075520870e-03 7.7e+00 3.86e-01  1e-01  5e-01 3:39.8
   23    184 1.113891601562500e-03 9.8e+00 4.00e-01  2e-01  5e-01 4:00.5
   25    200 4.577636718750000e-04 8.2e+00 3.69e-01  2e-01  3e-01 4:21.6
   27    216 1.185099283854130e-03 9.1e+00 3.13e-01  1e-01  3e-01 4:42.2
   29    232 3.509521484375000e-04 8.3e+00 3.06e-01  1e-01  3e-01 5:03.2
   31    248 5.137125651041297e-04 8.5e+00 3.23e-01  2e-01  2e-01 5:24.0
   34    272 5.187988281250000e-04 8.7e+00 4.48e-01  3e-01  3e-01 5:55.3
   37    296 2.593994140625000e-04 1.1e+01 2.87e-01  2e-01  2e-01 6:27.2
   40    320 2.390543619791297e-04 1.4e+01 2.66e-01  2e-01  2e-01 6:58.1
   43    344 2.237955729166297e-04 1.6e+01 1.77e-01  1e-01  1e-01 7:29.6
   46    368 1.627604166666297e-04 1.7e+01 1.75e-01  1e-01  1e-01 8:00.8
   49    392 1.322428385416297e-04 2.1e+01 1.33e-01  6e-02  9e-02 8:31.7
   52    416 1.271565755208703e-04 2.1e+01 1.24e-01  5e-02  8e-02 9:02.5
   55    440 1.576741536458703e-04 2.5e+01 1.09e-01  5e-02  7e-02 9:34.3
   58    464 1.424153645833703e-04 3.3e+01 6.89e-02  3e-02  4e-02 10:05.5
   61    488 1.169840494791297e-04 3.2e+01 6.33e-02  2e-02  4e-02 10:36.8
   64    512 1.271565755208703e-04 2.8e+01 4.85e-02  2e-02  3e-02 11:07.8
   68    544 1.220703125000000e-04 3.6e+01 3.34e-02  9e-03  2e-02 11:50.6
   72    576 1.118977864583703e-04 3.3e+01 3.80e-02  1e-02  2e-02 12:32.3
   76    608 1.169840494791297e-04 2.6e+01 5.47e-02  1e-02  2e-02 13:15.0
   80    640 1.118977864583703e-04 2.0e+01 6.45e-02  1e-02  2e-02 13:57.2
   84    672 1.424153645833703e-04 2.2e+01 5.10e-02  1e-02  2e-02 14:38.6
   88    704 1.220703125000000e-04 3.2e+01 4.14e-02  1e-02  1e-02 15:19.9
   92    736 1.220703125000000e-04 3.3e+01 2.62e-02  5e-03  7e-03 16:01.8
   96    768 1.169840494791297e-04 3.5e+01 2.22e-02  4e-03  5e-03 16:44.2
  100    800 1.169840494791297e-04 4.3e+01 2.64e-02  5e-03  8e-03 17:25.7
termination on maxiter=100
final/bestever f-value = 1.169840e-04 9.155273e-05
incumbent solution: [-0.29371674386282326, 5.753824134222007, 7.044678401880531, -0.2340323608288432]
std deviation: [0.007551688966811411, 0.005310787043823419, 0.005641811590133951, 0.004526951126759795]
CMAEvolutionStrategyResult(xbest=array([-0.31428059,  5.76194137,  7.06201549, -0.24251044]), fbest=9.1552734375e-05, evals_best=641, evaluations=800, iterations=100, xfavorite=array([-0.29371674,  5.75382413,  7.0446784 , -0.23403236]), stds=array([0.00755169, 0.00531079, 0.00564181, 0.00452695]), stop={'maxiter': 100})
6 10
(4_w,8)-aCMA-ES (mu_w=2.6,w_1=52%) in dimension 4 (seed=811329, Sun Jun 13 19:58:11 2021)
Iterat #Fevals   function value  axis ratio  sigma  min&max std  t[m:s]
    1      8 2.558644612630209e-01 1.0e+00 1.48e+00  1e+00  2e+00 0:10.7
    2     16 3.703867594401041e-01 1.3e+00 1.26e+00  1e+00  1e+00 0:21.2
    3     24 3.769022623697916e-01 1.3e+00 1.25e+00  1e+00  1e+00 0:31.7
    4     32 4.723612467447913e-02 1.5e+00 1.54e+00  1e+00  2e+00 0:42.1
    5     40 7.215372721354163e-02 2.0e+00 1.68e+00  1e+00  2e+00 0:52.8
    6     48 4.367574055989587e-02 2.2e+00 1.76e+00  1e+00  2e+00 1:03.5
    7     56 1.750691731770834e-01 2.5e+00 1.64e+00  1e+00  2e+00 1:13.6
    8     64 2.727762858072913e-02 2.7e+00 1.52e+00  1e+00  2e+00 1:23.8
    9     72 5.318705240885413e-02 3.0e+00 1.26e+00  9e-01  1e+00 1:34.5
   10     80 1.581522623697916e-01 2.9e+00 1.16e+00  8e-01  1e+00 1:45.1
   11     88 6.002807617187500e-02 2.5e+00 1.06e+00  6e-01  1e+00 1:55.7
   13    104 3.462727864583337e-02 2.6e+00 9.24e-01  5e-01  1e+00 2:16.4
   15    120 1.154073079427087e-02 2.9e+00 7.64e-01  4e-01  9e-01 2:37.0
   17    136 1.028442382812500e-02 4.0e+00 7.21e-01  4e-01  8e-01 2:58.2
   19    152 2.507527669270870e-03 5.1e+00 7.67e-01  5e-01  8e-01 3:19.0
   21    168 7.212320963541630e-03 4.8e+00 5.77e-01  3e-01  5e-01 3:39.7
   23    184 2.477010091145870e-03 5.4e+00 3.77e-01  2e-01  3e-01 4:00.3
   25    200 2.034505208337034e-05 5.3e+00 3.57e-01  2e-01  3e-01 4:21.2
   27    216 1.235961914062500e-03 6.0e+00 2.90e-01  1e-01  2e-01 4:42.3
   29    232 6.612141927083703e-04 7.2e+00 1.96e-01  8e-02  2e-01 5:03.3
   31    248 6.917317708333703e-04 8.2e+00 1.34e-01  5e-02  1e-01 5:24.5
   34    272 1.983642578125000e-04 1.1e+01 1.70e-01  7e-02  2e-01 5:55.6
   37    296 4.018147786458703e-04 1.2e+01 1.32e-01  5e-02  1e-01 6:27.3
   40    320 2.492268880208703e-04 1.1e+01 9.96e-02  4e-02  6e-02 6:58.5
   43    344 1.068115234375000e-04 1.0e+01 9.70e-02  4e-02  6e-02 7:30.1
   46    368 9.663899739587034e-05 1.1e+01 7.49e-02  3e-02  4e-02 8:01.9
   49    392 8.138020833337034e-05 1.4e+01 9.39e-02  4e-02  5e-02 8:33.3
   52    416 5.594889322912966e-05 1.6e+01 8.85e-02  3e-02  4e-02 9:04.2
   55    440 1.017252604162966e-05 1.5e+01 6.59e-02  2e-02  3e-02 9:35.8
   58    464 1.525878906250000e-05 1.4e+01 5.98e-02  1e-02  3e-02 10:07.0
   61    488 0.000000000000000e+00 1.2e+01 5.24e-02  1e-02  2e-02 10:38.2
termination on ftarget=1e-11
final/bestever f-value = 0.000000e+00 0.000000e+00
incumbent solution: [1.0106657346683754, 6.7433246748863835, 0.6058813407104975, 1.0201586661693653]
std deviation: [0.02101411407629735, 0.014253189227432454, 0.01064909153395111, 0.013243969177995134]
CMAEvolutionStrategyResult(xbest=array([1.03072477, 6.73088716, 0.60972299, 1.03157162]), fbest=0.0, evals_best=484, evaluations=488, iterations=61, xfavorite=array([1.01066573, 6.74332467, 0.60588134, 1.02015867]), stds=array([0.02101411, 0.01425319, 0.01064909, 0.01324397]), stop={'ftarget': 1e-11})
7 10
(4_w,8)-aCMA-ES (mu_w=2.6,w_1=52%) in dimension 4 (seed=662877, Sun Jun 13 20:08:50 2021)
Iterat #Fevals   function value  axis ratio  sigma  min&max std  t[m:s]
    1      8 4.275919596354166e-01 1.0e+00 1.37e+00  1e+00  1e+00 0:10.6
    2     16 2.436879475911459e-01 1.4e+00 1.59e+00  1e+00  2e+00 0:21.0
    3     24 4.772949218750000e-02 1.7e+00 1.55e+00  1e+00  2e+00 0:31.4
    4     32 1.849873860677087e-02 1.6e+00 1.56e+00  1e+00  2e+00 0:42.0
    5     40 4.358927408854163e-02 1.8e+00 1.59e+00  1e+00  2e+00 0:52.5
    6     48 1.814422607421875e-01 1.7e+00 1.53e+00  1e+00  2e+00 1:03.3
    7     56 2.776845296223959e-01 1.7e+00 1.50e+00  1e+00  2e+00 1:13.4
    8     64 1.908365885416666e-01 1.7e+00 1.25e+00  9e-01  1e+00 1:24.1
    9     72 4.179382324218750e-02 1.6e+00 1.05e+00  7e-01  9e-01 1:34.7
   10     80 9.439595540364587e-02 1.6e+00 9.96e-01  6e-01  8e-01 1:45.1
   11     88 1.284281412760413e-02 1.7e+00 8.08e-01  5e-01  6e-01 1:55.4
   13    104 5.516560872395837e-02 1.9e+00 6.87e-01  4e-01  5e-01 2:16.1
   15    120 3.056844075520870e-03 2.3e+00 4.81e-01  3e-01  3e-01 2:37.0
   17    136 3.056844075520870e-03 2.9e+00 3.66e-01  2e-01  2e-01 2:58.0
   19    152 2.136230468750000e-03 2.7e+00 3.02e-01  1e-01  2e-01 3:18.7
   21    168 7.909138997395870e-03 3.0e+00 2.32e-01  9e-02  1e-01 3:39.5
   23    184 1.337687174479130e-03 3.2e+00 1.81e-01  6e-02  1e-01 4:00.1
   25    200 5.086263020837034e-05 4.0e+00 1.91e-01  7e-02  1e-01 4:20.9
   27    216 6.103515625000000e-04 5.2e+00 1.75e-01  5e-02  1e-01 4:41.6
   29    232 1.576741536458703e-04 5.4e+00 1.33e-01  3e-02  9e-02 5:02.3
   31    248 7.120768229162966e-05 5.5e+00 9.99e-02  2e-02  7e-02 5:22.9
   33    264 1.169840494791297e-04 6.3e+00 8.30e-02  2e-02  6e-02 5:44.3
   36    288 2.034505208337034e-05 7.7e+00 6.46e-02  1e-02  4e-02 6:15.5
   37    296 0.000000000000000e+00 7.9e+00 4.85e-02  9e-03  3e-02 6:25.8
termination on ftarget=1e-11
final/bestever f-value = 0.000000e+00 0.000000e+00
incumbent solution: [2.346614016523749, -2.629880449795189, 5.413648081249184, 8.403154260925096]
std deviation: [0.009396928750771876, 0.028979608618830217, 0.030448882708086534, 0.00980292266686169]
CMAEvolutionStrategyResult(xbest=array([ 2.34601607, -2.63648601,  5.41866502,  8.40399374]), fbest=0.0, evals_best=294, evaluations=296, iterations=37, xfavorite=array([ 2.34661402, -2.62988045,  5.41364808,  8.40315426]), stds=array([0.00939693, 0.02897961, 0.03044888, 0.00980292]), stop={'ftarget': 1e-11})
8 10
(4_w,8)-aCMA-ES (mu_w=2.6,w_1=52%) in dimension 4 (seed=643896, Sun Jun 13 20:15:16 2021)
Iterat #Fevals   function value  axis ratio  sigma  min&max std  t[m:s]
    1      8 3.595937093098959e-01 1.0e+00 1.40e+00  1e+00  1e+00 0:10.3
    2     16 5.964304606119792e-01 1.3e+00 1.74e+00  1e+00  2e+00 0:21.2
    3     24 9.479777018229163e-02 2.1e+00 1.95e+00  1e+00  3e+00 0:31.4
    4     32 1.983032226562500e-01 2.5e+00 2.06e+00  2e+00  3e+00 0:42.0
    5     40 4.126129150390625e-01 2.8e+00 1.97e+00  1e+00  3e+00 0:52.5
    6     48 4.808197021484375e-01 2.8e+00 1.88e+00  1e+00  3e+00 1:02.9
    7     56 9.665934244791663e-02 3.2e+00 1.73e+00  1e+00  2e+00 1:13.3
    8     64 3.920084635416666e-01 2.9e+00 1.56e+00  1e+00  2e+00 1:23.5
    9     72 2.184244791666666e-01 2.8e+00 1.52e+00  1e+00  2e+00 1:33.9
   10     80 4.376576741536459e-01 2.3e+00 1.62e+00  1e+00  2e+00 1:44.8
   11     88 3.306223551432291e-01 2.3e+00 1.52e+00  1e+00  2e+00 1:55.2
   13    104 3.268178304036459e-01 2.8e+00 1.28e+00  9e-01  1e+00 2:16.4
   15    120 2.333017985026041e-01 2.5e+00 1.19e+00  8e-01  1e+00 2:37.2
   17    136 1.410471598307291e-01 2.5e+00 1.12e+00  7e-01  9e-01 2:58.2
   19    152 1.354777018229166e-01 2.3e+00 1.04e+00  7e-01  8e-01 3:19.3
   21    168 1.777496337890625e-01 2.8e+00 8.87e-01  6e-01  7e-01 3:40.5
   23    184 7.344563802083370e-03 3.1e+00 1.01e+00  6e-01  8e-01 4:01.2
   25    200 7.363891601562500e-02 3.7e+00 8.94e-01  4e-01  7e-01 4:21.9
   27    216 6.310017903645837e-02 3.1e+00 8.45e-01  4e-01  7e-01 4:42.8
   29    232 1.822916666666663e-02 3.6e+00 6.89e-01  3e-01  6e-01 5:03.5
   31    248 8.346557617187500e-03 4.0e+00 5.36e-01  2e-01  5e-01 5:24.4
   34    272 4.577636718750000e-04 5.0e+00 4.28e-01  2e-01  4e-01 5:55.9
   37    296 3.779093424479130e-03 4.9e+00 2.87e-01  1e-01  2e-01 6:27.4
   40    320 7.425944010416297e-04 5.4e+00 2.33e-01  8e-02  1e-01 6:59.0
   43    344 4.018147786458703e-04 5.4e+00 1.48e-01  4e-02  7e-02 7:31.1
   46    368 1.271565755208703e-04 6.4e+00 1.31e-01  4e-02  7e-02 8:02.6
   49    392 1.017252604162966e-05 6.6e+00 7.15e-02  2e-02  3e-02 8:33.8
   52    416 5.086263020870341e-06 7.6e+00 5.00e-02  1e-02  2e-02 9:05.3
   54    432 0.000000000000000e+00 8.0e+00 4.12e-02  1e-02  2e-02 9:25.8
termination on ftarget=1e-11
final/bestever f-value = 0.000000e+00 0.000000e+00
incumbent solution: [11.266135955724176, 7.9649572798605925, -0.6141335585251058, 0.9960797244079411]
std deviation: [0.011930057512147216, 0.014392796122646377, 0.019272226916664508, 0.010657799213791402]
CMAEvolutionStrategyResult(xbest=array([11.26240155,  7.97221306, -0.6048266 ,  0.98875296]), fbest=0.0, evals_best=429, evaluations=432, iterations=54, xfavorite=array([11.26613596,  7.96495728, -0.61413356,  0.99607972]), stds=array([0.01193006, 0.0143928 , 0.01927223, 0.0106578 ]), stop={'ftarget': 1e-11})
9 10
(4_w,8)-aCMA-ES (mu_w=2.6,w_1=52%) in dimension 4 (seed=759003, Sun Jun 13 20:24:41 2021)
Iterat #Fevals   function value  axis ratio  sigma  min&max std  t[m:s]
    1      8 1.659393310546875e-01 1.0e+00 1.69e+00  2e+00  2e+00 0:10.4
    2     16 3.328755696614584e-01 1.4e+00 1.62e+00  1e+00  2e+00 0:20.9
    3     24 3.199259440104166e-01 1.5e+00 1.94e+00  2e+00  3e+00 0:31.4
    4     32 3.364919026692709e-01 2.0e+00 1.78e+00  1e+00  2e+00 0:41.8
    5     40 2.201843261718750e-01 2.3e+00 1.69e+00  1e+00  2e+00 0:52.2
    6     48 4.278259277343750e-01 2.7e+00 1.53e+00  1e+00  2e+00 1:02.6
    7     56 2.753346761067709e-01 2.6e+00 1.61e+00  1e+00  2e+00 1:13.5
    8     64 1.525675455729166e-01 3.0e+00 1.48e+00  1e+00  2e+00 1:24.1
    9     72 8.073425292968750e-02 3.9e+00 1.50e+00  9e-01  3e+00 1:34.5
   10     80 3.728485107421875e-01 4.2e+00 1.69e+00  1e+00  3e+00 1:45.1
   11     88 3.129323323567709e-01 4.7e+00 1.54e+00  9e-01  3e+00 1:55.6
   13    104 2.179361979166666e-01 4.0e+00 1.27e+00  8e-01  2e+00 2:16.5
   15    120 1.613159179687500e-01 4.1e+00 8.72e-01  5e-01  1e+00 2:37.3
   17    136 3.944396972656250e-02 3.6e+00 8.26e-01  5e-01  1e+00 2:58.6
   19    152 5.607096354166663e-02 3.9e+00 6.60e-01  4e-01  9e-01 3:19.9
   21    168 3.030395507812500e-02 3.2e+00 5.51e-01  3e-01  6e-01 3:41.2
   23    184 1.363627115885413e-02 2.5e+00 5.07e-01  2e-01  4e-01 4:01.9
   25    200 9.663899739587034e-05 2.2e+00 3.82e-01  2e-01  3e-01 4:22.7
   27    216 5.716959635416630e-03 2.3e+00 3.63e-01  1e-01  3e-01 4:43.4
   29    232 3.524780273437500e-03 2.9e+00 2.59e-01  8e-02  2e-01 5:04.1
   31    248 5.900065104166297e-04 3.2e+00 2.84e-01  8e-02  2e-01 5:24.7
   34    272 1.444498697916630e-03 3.6e+00 2.12e-01  6e-02  1e-01 5:55.9
   37    296 2.543131510412966e-05 4.0e+00 1.21e-01  3e-02  7e-02 6:27.5
   40    320 3.560384114587034e-05 6.0e+00 1.06e-01  2e-02  7e-02 6:58.6
   43    344 1.017252604162966e-05 7.0e+00 7.18e-02  1e-02  5e-02 7:29.8
   45    360 0.000000000000000e+00 1.1e+01 6.44e-02  1e-02  5e-02 7:50.8
termination on ftarget=1e-11
final/bestever f-value = 0.000000e+00 0.000000e+00
incumbent solution: [2.0080617678093082, -0.90173193567323, 2.6075581699756345, 4.463285043535769]
std deviation: [0.0489531943942912, 0.009687703408565099, 0.04579925427131891, 0.015450600551062987]
CMAEvolutionStrategyResult(xbest=array([ 2.01163345, -0.90360895,  2.60492856,  4.46605187]), fbest=0.0, evals_best=354, evaluations=360, iterations=45, xfavorite=array([ 2.00806177, -0.90173194,  2.60755817,  4.46328504]), stds=array([0.04895319, 0.0096877 , 0.04579925, 0.0154506 ]), stop={'ftarget': 1e-11})
