0 10
(4_w,8)-aCMA-ES (mu_w=2.6,w_1=52%) in dimension 4 (seed=780521, Sun Jun 13 18:55:51 2021)
circuitVTD.py:316: DeprecationWarning: The QuantumCircuit.__add__() method is being deprecated.Use the compose() method which is more flexible w.r.t circuit register compatibility.
  TrotterFixStepList.append(TrotterFixStepList[-1] + U_trot)
/home/nfb1/.local/lib/python3.7/site-packages/qiskit/circuit/quantumcircuit.py:869: DeprecationWarning: The QuantumCircuit.combine() method is being deprecated. Use the compose() method which is more flexible w.r.t circuit register compatibility.
  return self.combine(rhs)
Iterat #Fevals   function value  axis ratio  sigma  min&max std  t[m:s]
    1      8 4.427083333333334e-01 1.0e+00 1.64e+00  1e+00  2e+00 0:05.0
    2     16 7.552083333333337e-02 1.5e+00 1.78e+00  2e+00  2e+00 0:09.7
    3     24 4.427083333333337e-02 1.8e+00 2.19e+00  2e+00  3e+00 0:14.5
    4     32 2.473958333333334e-01 2.0e+00 2.40e+00  2e+00  3e+00 0:19.5
    5     40 3.515625000000000e-01 2.1e+00 1.96e+00  2e+00  2e+00 0:24.2
    7     56 5.468750000000000e-02 2.2e+00 1.79e+00  1e+00  2e+00 0:33.7
    9     72 1.536458333333334e-01 2.3e+00 1.94e+00  2e+00  2e+00 0:43.4
   11     88 2.109375000000000e-01 1.8e+00 1.86e+00  2e+00  2e+00 0:53.1
   13    104 7.812500000000000e-02 2.5e+00 2.63e+00  2e+00  3e+00 1:02.6
   15    120 2.421875000000000e-01 3.2e+00 2.53e+00  2e+00  3e+00 1:12.4
   18    144 2.760416666666666e-01 3.6e+00 1.74e+00  1e+00  2e+00 1:27.0
   21    168 1.041666666666663e-02 3.2e+00 1.37e+00  1e+00  1e+00 1:41.6
   24    192 5.989583333333337e-02 3.4e+00 9.49e-01  5e-01  7e-01 1:55.9
   27    216 2.343750000000000e-02 2.9e+00 7.47e-01  3e-01  5e-01 2:10.0
   29    232 0.000000000000000e+00 2.4e+00 6.40e-01  2e-01  4e-01 2:19.6
termination on ftarget=1e-11
final/bestever f-value = 0.000000e+00 0.000000e+00
incumbent solution: [6.639774179528794, 0.10218064484174143, 1.623054680361272, 8.007821045378483]
std deviation: [0.44768735839083584, 0.3059130239384422, 0.24010871243926296, 0.2999418317798002]
CMAEvolutionStrategyResult(xbest=array([7.11911555, 0.23874227, 1.44805146, 7.94973842]), fbest=0.0, evals_best=225, evaluations=232, iterations=29, xfavorite=array([6.63977418, 0.10218064, 1.62305468, 8.00782105]), stds=array([0.44768736, 0.30591302, 0.24010871, 0.29994183]), stop={'ftarget': 1e-11})
1 10
(4_w,8)-aCMA-ES (mu_w=2.6,w_1=52%) in dimension 4 (seed=781512, Sun Jun 13 18:58:11 2021)
Iterat #Fevals   function value  axis ratio  sigma  min&max std  t[m:s]
    1      8 2.734375000000000e-01 1.0e+00 1.55e+00  1e+00  2e+00 0:06.2
    2     16 5.989583333333337e-02 1.3e+00 1.42e+00  1e+00  1e+00 0:12.4
    3     24 1.197916666666666e-01 1.4e+00 1.55e+00  1e+00  2e+00 0:18.2
    4     32 1.562500000000000e-02 1.4e+00 1.44e+00  1e+00  2e+00 0:24.1
    5     40 9.895833333333337e-02 1.7e+00 1.24e+00  9e-01  1e+00 0:30.0
    6     48 3.046875000000000e-01 1.6e+00 1.17e+00  9e-01  1e+00 0:36.2
    8     64 8.593750000000000e-02 1.7e+00 9.36e-01  6e-01  1e+00 0:48.4
   10     80 1.302083333333337e-02 2.1e+00 6.03e-01  4e-01  6e-01 1:01.1
   12     96 1.562500000000000e-02 3.0e+00 5.05e-01  3e-01  6e-01 1:13.1
   14    112 2.604166666666630e-03 3.7e+00 5.97e-01  3e-01  7e-01 1:25.1
   16    128 1.041666666666663e-02 4.6e+00 6.40e-01  4e-01  7e-01 1:38.1
   18    144 1.302083333333337e-02 4.8e+00 4.32e-01  2e-01  5e-01 1:49.8
   20    160 0.000000000000000e+00 5.4e+00 3.37e-01  2e-01  4e-01 2:01.6
termination on ftarget=1e-11
final/bestever f-value = 0.000000e+00 0.000000e+00
incumbent solution: [7.530851998110921, 0.6059208686006216, 2.9960002514552424, 1.9062537151012462]
std deviation: [0.3506688181364937, 0.27444376420738326, 0.22362538059133416, 0.16486334724023768]
CMAEvolutionStrategyResult(xbest=array([7.39713957, 0.43365962, 3.15520426, 2.00295587]), fbest=0.0, evals_best=153, evaluations=160, iterations=20, xfavorite=array([7.530852  , 0.60592087, 2.99600025, 1.90625372]), stds=array([0.35066882, 0.27444376, 0.22362538, 0.16486335]), stop={'ftarget': 1e-11})
2 10
(4_w,8)-aCMA-ES (mu_w=2.6,w_1=52%) in dimension 4 (seed=683609, Sun Jun 13 19:00:13 2021)
Iterat #Fevals   function value  axis ratio  sigma  min&max std  t[m:s]
    1      8 4.244791666666666e-01 1.0e+00 1.53e+00  1e+00  2e+00 0:05.8
    2     16 1.562500000000000e-01 1.3e+00 1.71e+00  2e+00  2e+00 0:11.8
    3     24 2.265625000000000e-01 1.7e+00 1.85e+00  2e+00  2e+00 0:17.9
    4     32 1.562500000000000e-01 2.1e+00 1.89e+00  2e+00  3e+00 0:23.7
    5     40 1.145833333333334e-01 2.2e+00 2.15e+00  2e+00  3e+00 0:29.8
    6     48 3.151041666666666e-01 2.6e+00 2.41e+00  2e+00  4e+00 0:35.5
    8     64 2.083333333333334e-01 2.6e+00 2.18e+00  2e+00  3e+00 0:47.6
   10     80 1.536458333333334e-01 3.1e+00 2.71e+00  2e+00  4e+00 0:59.4
   12     96 9.114583333333337e-02 3.4e+00 2.45e+00  2e+00  4e+00 1:11.3
   14    112 2.473958333333334e-01 4.4e+00 1.74e+00  1e+00  3e+00 1:23.2
   16    128 5.078125000000000e-01 4.3e+00 1.33e+00  9e-01  1e+00 1:34.9
   18    144 9.635416666666663e-02 3.6e+00 1.06e+00  7e-01  1e+00 1:46.9
   20    160 1.328125000000000e-01 4.0e+00 8.07e-01  4e-01  8e-01 1:58.9
   23    184 2.604166666666663e-02 3.6e+00 5.57e-01  3e-01  4e-01 2:16.9
   25    200 0.000000000000000e+00 2.9e+00 3.72e-01  2e-01  2e-01 2:29.0
termination on ftarget=1e-11
final/bestever f-value = 0.000000e+00 0.000000e+00
incumbent solution: [-14.241151033803465, 8.012088171913213, 5.024200141508681, 8.214494366071959]
std deviation: [0.24578533265664398, 0.17244682408330744, 0.23331337125301427, 0.20235170450779713]
CMAEvolutionStrategyResult(xbest=array([-14.17980408,   7.90294362,   5.13192909,   8.21249834]), fbest=0.0, evals_best=193, evaluations=200, iterations=25, xfavorite=array([-14.24115103,   8.01208817,   5.02420014,   8.21449437]), stds=array([0.24578533, 0.17244682, 0.23331337, 0.2023517 ]), stop={'ftarget': 1e-11})
3 10
(4_w,8)-aCMA-ES (mu_w=2.6,w_1=52%) in dimension 4 (seed=735033, Sun Jun 13 19:02:42 2021)
Iterat #Fevals   function value  axis ratio  sigma  min&max std  t[m:s]
    1      8 1.145833333333334e-01 1.0e+00 1.61e+00  1e+00  2e+00 0:05.9
    2     16 1.901041666666666e-01 1.3e+00 1.57e+00  2e+00  2e+00 0:11.7
    3     24 2.369791666666666e-01 1.3e+00 1.44e+00  1e+00  2e+00 0:18.0
    4     32 2.421875000000000e-01 1.4e+00 1.45e+00  1e+00  2e+00 0:23.9
    5     40 1.276041666666666e-01 1.8e+00 1.50e+00  1e+00  2e+00 0:30.1
    6     48 5.989583333333337e-02 1.8e+00 1.23e+00  1e+00  1e+00 0:35.9
    8     64 5.989583333333337e-02 1.9e+00 8.83e-01  7e-01  8e-01 0:47.9
   10     80 7.031250000000000e-02 2.5e+00 8.41e-01  6e-01  8e-01 0:60.0
   12     96 6.250000000000000e-02 2.8e+00 6.87e-01  5e-01  6e-01 1:11.6
   14    112 3.645833333333337e-02 3.2e+00 5.12e-01  3e-01  4e-01 1:23.9
   16    128 3.906250000000000e-02 3.4e+00 4.79e-01  3e-01  4e-01 1:36.1
   18    144 2.864583333333337e-02 4.3e+00 4.20e-01  2e-01  4e-01 1:47.9
   20    160 2.604166666666663e-02 4.9e+00 3.25e-01  2e-01  3e-01 2:00.1
   23    184 2.343750000000000e-02 6.0e+00 2.95e-01  1e-01  3e-01 2:18.4
   26    208 1.302083333333337e-02 7.8e+00 2.33e-01  9e-02  2e-01 2:36.6
   29    232 1.302083333333337e-02 6.7e+00 2.57e-01  1e-01  2e-01 2:54.7
   32    256 2.604166666666630e-03 6.2e+00 2.51e-01  1e-01  2e-01 3:12.7
   35    280 2.604166666666630e-03 6.6e+00 2.86e-01  9e-02  3e-01 3:30.7
   39    312 0.000000000000000e+00 6.7e+00 3.20e-01  1e-01  2e-01 3:54.2
termination on ftarget=1e-11
final/bestever f-value = 0.000000e+00 0.000000e+00
incumbent solution: [-1.414315833386207, 3.9876380686228607, 5.046394382001986, 7.10578877022967]
std deviation: [0.09619559809261995, 0.20552115430852208, 0.18092142296972444, 0.2369167498874144]
CMAEvolutionStrategyResult(xbest=array([-1.4378801 ,  3.87648431,  5.05730028,  7.28696039]), fbest=0.0, evals_best=308, evaluations=312, iterations=39, xfavorite=array([-1.41431583,  3.98763807,  5.04639438,  7.10578877]), stds=array([0.0961956 , 0.20552115, 0.18092142, 0.23691675]), stop={'ftarget': 1e-11})
4 10
(4_w,8)-aCMA-ES (mu_w=2.6,w_1=52%) in dimension 4 (seed=761143, Sun Jun 13 19:06:36 2021)
Iterat #Fevals   function value  axis ratio  sigma  min&max std  t[m:s]
    1      8 2.734375000000000e-01 1.0e+00 1.33e+00  1e+00  1e+00 0:06.2
    2     16 3.880208333333334e-01 1.4e+00 1.42e+00  1e+00  1e+00 0:12.3
    3     24 1.093750000000000e-01 1.5e+00 1.41e+00  1e+00  2e+00 0:18.4
    4     32 1.875000000000000e-01 1.6e+00 1.64e+00  1e+00  2e+00 0:24.1
    5     40 3.255208333333334e-01 1.5e+00 1.56e+00  1e+00  2e+00 0:30.1
    6     48 4.661458333333334e-01 1.7e+00 1.59e+00  1e+00  2e+00 0:35.8
    7     56 4.609375000000000e-01 2.2e+00 1.86e+00  1e+00  2e+00 0:41.9
    9     72 3.854166666666666e-01 2.6e+00 1.79e+00  1e+00  3e+00 0:53.7
   11     88 3.463541666666666e-01 3.6e+00 2.40e+00  2e+00  4e+00 1:05.7
   13    104 3.437500000000000e-01 3.0e+00 2.97e+00  2e+00  4e+00 1:17.4
   15    120 3.020833333333334e-01 3.8e+00 3.10e+00  2e+00  4e+00 1:29.3
   17    136 1.666666666666666e-01 3.8e+00 2.80e+00  1e+00  4e+00 1:41.1
   19    152 2.109375000000000e-01 5.4e+00 2.60e+00  1e+00  4e+00 1:53.2
   22    176 1.770833333333334e-01 6.1e+00 2.22e+00  9e-01  3e+00 2:11.5
   25    200 3.906250000000000e-02 5.7e+00 1.50e+00  6e-01  2e+00 2:29.6
   28    224 4.947916666666663e-02 5.6e+00 1.31e+00  4e-01  2e+00 2:47.6
   31    248 5.989583333333337e-02 3.6e+00 1.10e+00  4e-01  1e+00 3:05.4
   34    272 3.125000000000000e-02 3.1e+00 1.04e+00  4e-01  8e-01 3:24.3
   38    304 3.125000000000000e-02 2.2e+00 7.16e-01  2e-01  4e-01 3:48.1
   42    336 0.000000000000000e+00 1.8e+00 5.74e-01  2e-01  3e-01 4:12.2
termination on ftarget=1e-11
final/bestever f-value = 0.000000e+00 0.000000e+00
incumbent solution: [2.168562198291036, 6.985182664399572, -1.220371588033392, -2.0105253563994676]
std deviation: [0.22028442581965763, 0.2195182140625965, 0.2692319324340188, 0.26770897327513515]
CMAEvolutionStrategyResult(xbest=array([ 2.15692908,  7.05742941, -1.35173963, -2.03539489]), fbest=0.0, evals_best=333, evaluations=336, iterations=42, xfavorite=array([ 2.1685622 ,  6.98518266, -1.22037159, -2.01052536]), stds=array([0.22028443, 0.21951821, 0.26923193, 0.26770897]), stop={'ftarget': 1e-11})
5 10
(4_w,8)-aCMA-ES (mu_w=2.6,w_1=52%) in dimension 4 (seed=772832, Sun Jun 13 19:10:48 2021)
Iterat #Fevals   function value  axis ratio  sigma  min&max std  t[m:s]
    1      8 3.958333333333334e-01 1.0e+00 1.39e+00  1e+00  1e+00 0:06.2
    2     16 4.453125000000000e-01 1.2e+00 1.31e+00  1e+00  1e+00 0:12.0
    3     24 1.432291666666666e-01 1.4e+00 1.51e+00  1e+00  2e+00 0:18.0
    4     32 1.276041666666666e-01 1.4e+00 1.89e+00  2e+00  2e+00 0:23.8
    5     40 2.500000000000000e-01 1.9e+00 2.40e+00  2e+00  3e+00 0:29.5
    6     48 2.734375000000000e-01 2.3e+00 2.82e+00  2e+00  5e+00 0:35.6
    8     64 1.067708333333334e-01 3.5e+00 2.46e+00  2e+00  4e+00 0:47.6
   10     80 1.145833333333334e-01 4.3e+00 2.08e+00  1e+00  3e+00 0:59.1
   12     96 1.223958333333334e-01 4.8e+00 1.62e+00  1e+00  3e+00 1:11.1
   14    112 1.640625000000000e-01 5.5e+00 1.46e+00  8e-01  2e+00 1:23.4
   16    128 1.041666666666666e-01 5.5e+00 1.34e+00  6e-01  2e+00 1:35.2
   18    144 4.947916666666663e-02 7.1e+00 1.45e+00  6e-01  3e+00 1:47.1
   21    168 1.041666666666666e-01 8.9e+00 1.31e+00  4e-01  2e+00 2:05.0
   24    192 9.635416666666663e-02 1.2e+01 7.54e-01  2e-01  1e+00 2:23.1
   27    216 2.604166666666663e-02 1.7e+01 7.11e-01  2e-01  1e+00 2:41.4
   30    240 0.000000000000000e+00 1.3e+01 6.14e-01  2e-01  1e+00 2:59.3
termination on ftarget=1e-11
final/bestever f-value = 0.000000e+00 0.000000e+00
incumbent solution: [3.3555121657417892, 5.63238930626297, 3.390077509874493, 6.882928356335187]
std deviation: [1.0265749128066113, 0.163753324426151, 0.7348241151743901, 0.18370556599778678]
CMAEvolutionStrategyResult(xbest=array([3.19954585, 5.6629978 , 3.32711513, 6.8958684 ]), fbest=0.0, evals_best=235, evaluations=240, iterations=30, xfavorite=array([3.35551217, 5.63238931, 3.39007751, 6.88292836]), stds=array([1.02657491, 0.16375332, 0.73482412, 0.18370557]), stop={'ftarget': 1e-11})
6 10
(4_w,8)-aCMA-ES (mu_w=2.6,w_1=52%) in dimension 4 (seed=678085, Sun Jun 13 19:13:48 2021)
Iterat #Fevals   function value  axis ratio  sigma  min&max std  t[m:s]
    1      8 2.916666666666666e-01 1.0e+00 1.40e+00  1e+00  1e+00 0:05.9
    2     16 3.359375000000000e-01 1.3e+00 1.39e+00  1e+00  2e+00 0:11.6
    3     24 5.572916666666667e-01 1.7e+00 1.38e+00  1e+00  1e+00 0:17.5
    4     32 1.067708333333334e-01 1.5e+00 1.49e+00  1e+00  2e+00 0:23.4
    5     40 2.656250000000000e-01 1.6e+00 1.73e+00  1e+00  2e+00 0:29.4
    6     48 2.161458333333334e-01 2.1e+00 1.58e+00  1e+00  2e+00 0:35.4
    7     56 5.208333333333337e-02 2.0e+00 1.36e+00  9e-01  2e+00 0:41.7
    9     72 1.015625000000000e-01 2.9e+00 1.07e+00  6e-01  1e+00 0:53.5
   11     88 1.093750000000000e-01 3.4e+00 1.08e+00  6e-01  1e+00 1:05.3
   13    104 3.385416666666663e-02 4.2e+00 1.29e+00  7e-01  2e+00 1:17.1
   15    120 3.385416666666663e-02 4.6e+00 1.11e+00  5e-01  2e+00 1:29.0
   17    136 4.687500000000000e-02 4.9e+00 1.08e+00  5e-01  1e+00 1:40.9
   19    152 1.302083333333337e-02 4.4e+00 8.75e-01  4e-01  8e-01 1:53.1
   22    176 7.812500000000000e-03 5.5e+00 5.59e-01  2e-01  5e-01 2:11.0
   25    200 2.604166666666630e-03 6.5e+00 4.55e-01  2e-01  5e-01 2:29.0
   26    208 0.000000000000000e+00 6.9e+00 4.11e-01  1e-01  4e-01 2:34.8
termination on ftarget=1e-11
final/bestever f-value = 0.000000e+00 0.000000e+00
incumbent solution: [0.7872636482956996, 3.2634446480627313, 7.0468097098342595, 4.363391766730091]
std deviation: [0.14696944179905, 0.3247279642211688, 0.3989169728762563, 0.2990876941884626]
CMAEvolutionStrategyResult(xbest=array([0.79159649, 3.08016725, 6.99882863, 4.55261901]), fbest=0.0, evals_best=201, evaluations=208, iterations=26, xfavorite=array([0.78726365, 3.26344465, 7.04680971, 4.36339177]), stds=array([0.14696944, 0.32472796, 0.39891697, 0.29908769]), stop={'ftarget': 1e-11})
7 10
(4_w,8)-aCMA-ES (mu_w=2.6,w_1=52%) in dimension 4 (seed=738297, Sun Jun 13 19:16:22 2021)
Iterat #Fevals   function value  axis ratio  sigma  min&max std  t[m:s]
    1      8 8.854166666666663e-02 1.0e+00 1.54e+00  1e+00  2e+00 0:06.1
    2     16 4.687500000000000e-01 1.3e+00 1.34e+00  1e+00  2e+00 0:11.8
    3     24 2.552083333333334e-01 1.5e+00 1.22e+00  1e+00  1e+00 0:17.7
    4     32 2.812500000000000e-01 1.5e+00 1.09e+00  9e-01  1e+00 0:23.5
    5     40 2.083333333333337e-02 1.5e+00 1.05e+00  8e-01  1e+00 0:29.2
    6     48 8.333333333333337e-02 1.7e+00 1.03e+00  7e-01  1e+00 0:35.2
    8     64 3.385416666666663e-02 1.8e+00 8.57e-01  6e-01  8e-01 0:46.9
   10     80 2.343750000000000e-02 2.2e+00 7.55e-01  4e-01  7e-01 0:59.1
   12     96 7.812500000000000e-03 2.1e+00 6.38e-01  3e-01  6e-01 1:10.9
   13    104 0.000000000000000e+00 2.0e+00 6.10e-01  3e-01  5e-01 1:17.0
termination on ftarget=1e-11
final/bestever f-value = 0.000000e+00 0.000000e+00
incumbent solution: [2.9501632574675973, -0.2805611628734268, 3.1046112312642054, 2.6524588918875147]
std deviation: [0.5343204296194856, 0.39790716684439476, 0.48187455686027175, 0.27058802159133777]
CMAEvolutionStrategyResult(xbest=array([ 2.74133742, -0.44217251,  3.26466095,  2.77924194]), fbest=0.0, evals_best=100, evaluations=104, iterations=13, xfavorite=array([ 2.95016326, -0.28056116,  3.10461123,  2.65245889]), stds=array([0.53432043, 0.39790717, 0.48187456, 0.27058802]), stop={'ftarget': 1e-11})
8 10
(4_w,8)-aCMA-ES (mu_w=2.6,w_1=52%) in dimension 4 (seed=642199, Sun Jun 13 19:17:40 2021)
Iterat #Fevals   function value  axis ratio  sigma  min&max std  t[m:s]
    1      8 4.270833333333334e-01 1.0e+00 1.48e+00  1e+00  1e+00 0:06.1
    2     16 4.322916666666666e-01 1.2e+00 1.45e+00  1e+00  1e+00 0:12.2
    3     24 2.005208333333334e-01 1.3e+00 1.39e+00  1e+00  1e+00 0:18.2
    4     32 5.468750000000000e-02 1.6e+00 1.24e+00  9e-01  1e+00 0:24.2
    5     40 4.843750000000000e-01 1.8e+00 1.28e+00  9e-01  2e+00 0:30.2
    6     48 3.828125000000000e-01 2.2e+00 1.35e+00  1e+00  2e+00 0:36.3
    8     64 3.307291666666666e-01 2.3e+00 1.08e+00  6e-01  1e+00 0:48.4
   10     80 4.192708333333334e-01 2.2e+00 1.04e+00  6e-01  1e+00 1:00.3
   12     96 9.375000000000000e-02 2.5e+00 9.65e-01  6e-01  1e+00 1:12.4
   14    112 3.906250000000000e-02 3.2e+00 1.01e+00  5e-01  1e+00 1:24.5
   16    128 2.083333333333337e-02 3.4e+00 1.07e+00  5e-01  1e+00 1:36.4
   18    144 1.380208333333334e-01 3.2e+00 7.42e-01  3e-01  8e-01 1:48.2
   21    168 1.822916666666663e-02 3.5e+00 6.44e-01  3e-01  7e-01 2:06.2
   24    192 1.562500000000000e-02 3.5e+00 4.33e-01  2e-01  4e-01 2:23.9
   26    208 0.000000000000000e+00 3.7e+00 3.74e-01  2e-01  3e-01 2:35.7
termination on ftarget=1e-11
final/bestever f-value = 0.000000e+00 0.000000e+00
incumbent solution: [2.1625834605252163, -0.768390160775398, 5.204044378987733, -2.962732894237724]
std deviation: [0.3282697360930738, 0.16439600147121264, 0.15903092923412823, 0.1538305888093425]
CMAEvolutionStrategyResult(xbest=array([ 2.12646348, -0.78955703,  5.21738411, -2.97768617]), fbest=0.0, evals_best=203, evaluations=208, iterations=26, xfavorite=array([ 2.16258346, -0.76839016,  5.20404438, -2.96273289]), stds=array([0.32826974, 0.164396  , 0.15903093, 0.15383059]), stop={'ftarget': 1e-11})
9 10
(4_w,8)-aCMA-ES (mu_w=2.6,w_1=52%) in dimension 4 (seed=797995, Sun Jun 13 19:20:15 2021)
Iterat #Fevals   function value  axis ratio  sigma  min&max std  t[m:s]
    1      8 1.406250000000000e-01 1.0e+00 1.43e+00  1e+00  1e+00 0:06.3
    2     16 3.359375000000000e-01 1.2e+00 1.71e+00  2e+00  2e+00 0:12.3
    3     24 3.072916666666666e-01 1.7e+00 1.98e+00  2e+00  2e+00 0:18.3
    4     32 3.515625000000000e-01 1.7e+00 2.09e+00  2e+00  2e+00 0:24.1
    5     40 4.947916666666666e-01 1.7e+00 2.08e+00  2e+00  2e+00 0:30.0
    6     48 2.942708333333334e-01 2.0e+00 1.86e+00  2e+00  2e+00 0:36.0
    8     64 3.619791666666666e-01 2.0e+00 1.58e+00  1e+00  2e+00 0:48.0
   10     80 1.875000000000000e-01 1.9e+00 1.70e+00  1e+00  2e+00 0:59.5
   12     96 2.109375000000000e-01 2.7e+00 1.55e+00  1e+00  2e+00 1:11.4
   14    112 5.208333333333337e-02 4.2e+00 1.39e+00  1e+00  2e+00 1:23.3
   16    128 6.770833333333337e-02 4.6e+00 1.44e+00  9e-01  2e+00 1:35.2
   18    144 1.875000000000000e-01 4.5e+00 1.32e+00  7e-01  2e+00 1:47.2
   21    168 1.562500000000000e-02 4.9e+00 8.50e-01  4e-01  1e+00 2:04.9
   24    192 1.302083333333337e-02 5.1e+00 5.47e-01  2e-01  7e-01 2:22.7
   27    216 0.000000000000000e+00 6.1e+00 3.90e-01  1e-01  5e-01 2:41.3
termination on ftarget=1e-11
final/bestever f-value = 0.000000e+00 0.000000e+00
incumbent solution: [5.060306039308694, 2.5526789622726707, -6.797058662120338, 8.814551859748292]
std deviation: [0.13328958686321166, 0.1733054386735818, 0.5320926730718767, 0.18657246500251445]
CMAEvolutionStrategyResult(xbest=array([ 5.06254344,  2.69493392, -6.8270998 ,  8.72804184]), fbest=0.0, evals_best=215, evaluations=216, iterations=27, xfavorite=array([ 5.06030604,  2.55267896, -6.79705866,  8.81455186]), stds=array([0.13328959, 0.17330544, 0.53209267, 0.18657247]), stop={'ftarget': 1e-11})
