0 10
(4_w,8)-aCMA-ES (mu_w=2.6,w_1=52%) in dimension 4 (seed=745450, Sun Jun 13 18:55:39 2021)
circuitVTD.py:316: DeprecationWarning: The QuantumCircuit.__add__() method is being deprecated.Use the compose() method which is more flexible w.r.t circuit register compatibility.
  TrotterFixStepList.append(TrotterFixStepList[-1] + U_trot)
/home/nfb1/.local/lib/python3.7/site-packages/qiskit/circuit/quantumcircuit.py:869: DeprecationWarning: The QuantumCircuit.combine() method is being deprecated. Use the compose() method which is more flexible w.r.t circuit register compatibility.
  return self.combine(rhs)
Iterat #Fevals   function value  axis ratio  sigma  min&max std  t[m:s]
    1      8 4.947916666666666e-01 1.0e+00 1.48e+00  1e+00  2e+00 0:04.6
    2     16 3.541666666666666e-01 1.2e+00 1.45e+00  1e+00  1e+00 0:09.3
    3     24 5.885416666666667e-01 1.4e+00 1.32e+00  1e+00  1e+00 0:14.1
    4     32 2.239583333333334e-01 1.3e+00 1.57e+00  1e+00  2e+00 0:18.8
    5     40 6.250000000000000e-02 1.7e+00 1.52e+00  1e+00  2e+00 0:23.8
    6     48 8.333333333333337e-02 1.8e+00 1.40e+00  1e+00  2e+00 0:28.8
    7     56 0.000000000000000e+00 1.9e+00 1.16e+00  9e-01  1e+00 0:33.7
termination on ftarget=1e-11
final/bestever f-value = 0.000000e+00 0.000000e+00
incumbent solution: [2.738570143000225, 1.7750097982529514, 5.244012831990867, -0.4738825752101465]
std deviation: [1.0058232663384163, 0.8746437556905865, 0.868095076843545, 1.2846649903360916]
CMAEvolutionStrategyResult(xbest=array([ 1.844348  ,  1.91275876,  5.71623736, -0.99697402]), fbest=0.0, evals_best=50, evaluations=56, iterations=7, xfavorite=array([ 2.73857014,  1.7750098 ,  5.24401283, -0.47388258]), stds=array([1.00582327, 0.87464376, 0.86809508, 1.28466499]), stop={'ftarget': 1e-11})
1 10
(4_w,8)-aCMA-ES (mu_w=2.6,w_1=52%) in dimension 4 (seed=749137, Sun Jun 13 18:56:13 2021)
Iterat #Fevals   function value  axis ratio  sigma  min&max std  t[m:s]
    1      8 7.812500000000000e-02 1.0e+00 1.31e+00  1e+00  1e+00 0:06.0
    2     16 1.770833333333334e-01 1.2e+00 1.29e+00  1e+00  1e+00 0:12.0
    3     24 1.354166666666666e-01 1.3e+00 1.20e+00  1e+00  1e+00 0:17.7
    4     32 9.895833333333337e-02 1.5e+00 1.06e+00  8e-01  1e+00 0:24.0
    5     40 3.645833333333337e-02 1.7e+00 1.07e+00  8e-01  1e+00 0:29.7
    6     48 1.354166666666666e-01 2.0e+00 9.85e-01  8e-01  9e-01 0:35.7
    8     64 2.604166666666663e-02 2.1e+00 8.14e-01  6e-01  7e-01 0:47.8
   10     80 4.687500000000000e-02 2.7e+00 7.54e-01  6e-01  7e-01 0:59.3
   12     96 0.000000000000000e+00 3.0e+00 5.26e-01  3e-01  5e-01 1:11.8
termination on ftarget=1e-11
final/bestever f-value = 0.000000e+00 0.000000e+00
incumbent solution: [5.060455800250688, 2.1414851891290736, -1.9512243187438134, 6.150146298724182]
std deviation: [0.4809731783987134, 0.3486246233428274, 0.46445399574337837, 0.32861723532406356]
CMAEvolutionStrategyResult(xbest=array([ 5.39002098,  2.12221549, -2.31868618,  6.27190654]), fbest=0.0, evals_best=90, evaluations=96, iterations=12, xfavorite=array([ 5.0604558 ,  2.14148519, -1.95122432,  6.1501463 ]), stds=array([0.48097318, 0.34862462, 0.464454  , 0.32861724]), stop={'ftarget': 1e-11})
2 10
(4_w,8)-aCMA-ES (mu_w=2.6,w_1=52%) in dimension 4 (seed=670641, Sun Jun 13 18:57:25 2021)
Iterat #Fevals   function value  axis ratio  sigma  min&max std  t[m:s]
    1      8 2.031250000000000e-01 1.0e+00 1.36e+00  1e+00  1e+00 0:06.4
    2     16 2.552083333333334e-01 1.3e+00 1.23e+00  1e+00  1e+00 0:12.5
    3     24 2.968750000000000e-01 1.4e+00 1.12e+00  9e-01  1e+00 0:18.4
    4     32 1.354166666666666e-01 1.5e+00 1.11e+00  8e-01  1e+00 0:24.6
    5     40 1.458333333333334e-01 1.5e+00 1.09e+00  8e-01  1e+00 0:30.5
    6     48 1.458333333333334e-01 1.6e+00 9.47e-01  7e-01  9e-01 0:36.6
    7     56 1.041666666666663e-02 1.7e+00 1.02e+00  8e-01  9e-01 0:42.7
    9     72 1.145833333333334e-01 1.9e+00 9.82e-01  7e-01  8e-01 0:54.7
   11     88 3.125000000000000e-02 2.1e+00 6.18e-01  4e-01  5e-01 1:07.9
   13    104 4.166666666666663e-02 2.6e+00 4.78e-01  3e-01  4e-01 1:20.1
   15    120 0.000000000000000e+00 2.7e+00 4.41e-01  2e-01  3e-01 1:32.2
termination on ftarget=1e-11
final/bestever f-value = 0.000000e+00 0.000000e+00
incumbent solution: [4.28375091985658, 2.2707648176522848, -0.2725978866858915, 1.2383203826112252]
std deviation: [0.285046579159888, 0.26307584355984376, 0.3318623701673832, 0.24504163930882714]
CMAEvolutionStrategyResult(xbest=array([ 4.41097754,  2.1392811 , -0.19312603,  1.29776793]), fbest=0.0, evals_best=120, evaluations=120, iterations=15, xfavorite=array([ 4.28375092,  2.27076482, -0.27259789,  1.23832038]), stds=array([0.28504658, 0.26307584, 0.33186237, 0.24504164]), stop={'ftarget': 1e-11})
3 10
(4_w,8)-aCMA-ES (mu_w=2.6,w_1=52%) in dimension 4 (seed=656662, Sun Jun 13 18:58:57 2021)
Iterat #Fevals   function value  axis ratio  sigma  min&max std  t[m:s]
    1      8 6.770833333333337e-02 1.0e+00 1.41e+00  1e+00  1e+00 0:06.1
    2     16 1.197916666666666e-01 1.3e+00 1.32e+00  1e+00  1e+00 0:11.9
    3     24 2.239583333333334e-01 1.4e+00 1.19e+00  1e+00  1e+00 0:17.9
    4     32 5.729166666666663e-02 1.7e+00 1.18e+00  9e-01  1e+00 0:24.0
    5     40 1.302083333333334e-01 2.2e+00 9.50e-01  7e-01  9e-01 0:30.2
    6     48 3.125000000000000e-02 2.4e+00 8.94e-01  7e-01  9e-01 0:36.2
    8     64 1.562500000000000e-02 2.1e+00 8.35e-01  5e-01  8e-01 0:48.1
   10     80 2.604166666666663e-02 2.1e+00 1.14e+00  7e-01  1e+00 1:00.2
   12     96 7.812500000000000e-02 2.7e+00 8.32e-01  5e-01  9e-01 1:12.2
   14    112 2.604166666666663e-02 3.1e+00 6.10e-01  3e-01  6e-01 1:24.2
   16    128 5.208333333333370e-03 3.0e+00 5.14e-01  2e-01  5e-01 1:36.0
   18    144 5.208333333333370e-03 2.7e+00 5.95e-01  3e-01  5e-01 1:48.1
   20    160 5.208333333333370e-03 2.9e+00 5.06e-01  2e-01  4e-01 2:00.2
   22    176 0.000000000000000e+00 3.3e+00 4.27e-01  1e-01  4e-01 2:12.4
termination on ftarget=1e-11
final/bestever f-value = 0.000000e+00 0.000000e+00
incumbent solution: [8.75946770125059, 5.712334614594698, 3.7360088360146646, 4.416800036123507]
std deviation: [0.36898691655824895, 0.14151423176427105, 0.24787329880604836, 0.1773724281262173]
CMAEvolutionStrategyResult(xbest=array([8.65105104, 5.70859029, 3.86578894, 4.41692209]), fbest=0.0, evals_best=170, evaluations=176, iterations=22, xfavorite=array([8.7594677 , 5.71233461, 3.73600884, 4.41680004]), stds=array([0.36898692, 0.14151423, 0.2478733 , 0.17737243]), stop={'ftarget': 1e-11})
4 10
(4_w,8)-aCMA-ES (mu_w=2.6,w_1=52%) in dimension 4 (seed=798170, Sun Jun 13 19:01:09 2021)
Iterat #Fevals   function value  axis ratio  sigma  min&max std  t[m:s]
    1      8 2.656250000000000e-01 1.0e+00 1.42e+00  1e+00  1e+00 0:05.9
    2     16 5.208333333333337e-02 1.2e+00 1.27e+00  1e+00  1e+00 0:11.7
    3     24 2.343750000000000e-01 1.4e+00 9.96e-01  9e-01  9e-01 0:17.8
    4     32 9.895833333333337e-02 1.6e+00 8.32e-01  7e-01  8e-01 0:23.8
    5     40 5.208333333333337e-02 1.8e+00 7.53e-01  6e-01  7e-01 0:29.8
    6     48 2.604166666666663e-02 1.9e+00 6.09e-01  5e-01  5e-01 0:35.8
    7     56 4.687500000000000e-02 1.9e+00 6.06e-01  4e-01  5e-01 0:41.9
    8     64 0.000000000000000e+00 1.9e+00 5.46e-01  3e-01  4e-01 0:47.9
termination on ftarget=1e-11
final/bestever f-value = 0.000000e+00 0.000000e+00
incumbent solution: [4.752509038698064, 3.7666198054581055, 1.1538466343270941, 3.116123454260703]
std deviation: [0.337014457994069, 0.4475217267162457, 0.3761908323176216, 0.4180552690943669]
CMAEvolutionStrategyResult(xbest=array([4.59496813, 3.73394694, 1.27703898, 3.10191507]), fbest=0.0, evals_best=60, evaluations=64, iterations=8, xfavorite=array([4.75250904, 3.76661981, 1.15384663, 3.11612345]), stds=array([0.33701446, 0.44752173, 0.37619083, 0.41805527]), stop={'ftarget': 1e-11})
5 10
(4_w,8)-aCMA-ES (mu_w=2.6,w_1=52%) in dimension 4 (seed=738742, Sun Jun 13 19:01:57 2021)
Iterat #Fevals   function value  axis ratio  sigma  min&max std  t[m:s]
    1      8 3.854166666666666e-01 1.0e+00 1.36e+00  1e+00  1e+00 0:05.9
    2     16 1.250000000000000e-01 1.2e+00 1.46e+00  1e+00  1e+00 0:12.0
    3     24 1.510416666666666e-01 1.5e+00 1.24e+00  1e+00  1e+00 0:17.8
    4     32 7.812500000000000e-02 1.7e+00 1.18e+00  8e-01  1e+00 0:23.7
    5     40 7.812500000000000e-02 1.8e+00 1.22e+00  9e-01  1e+00 0:29.6
    6     48 6.250000000000000e-02 1.7e+00 9.99e-01  7e-01  1e+00 0:35.8
    8     64 1.302083333333334e-01 2.5e+00 8.82e-01  6e-01  9e-01 0:48.4
   10     80 7.291666666666663e-02 2.8e+00 9.22e-01  6e-01  1e+00 1:00.3
   12     96 3.645833333333337e-02 2.4e+00 6.34e-01  4e-01  6e-01 1:12.9
   14    112 4.166666666666663e-02 2.9e+00 5.09e-01  3e-01  5e-01 1:25.4
   16    128 1.041666666666663e-02 3.2e+00 5.66e-01  3e-01  5e-01 1:37.9
   18    144 1.041666666666663e-02 3.2e+00 5.52e-01  3e-01  4e-01 1:49.9
   20    160 3.645833333333337e-02 2.7e+00 4.90e-01  2e-01  4e-01 2:01.9
   21    168 0.000000000000000e+00 2.9e+00 4.25e-01  2e-01  3e-01 2:08.0
termination on ftarget=1e-11
final/bestever f-value = 0.000000e+00 0.000000e+00
incumbent solution: [7.30629268118367, 7.257662273599042, 0.07652478596736617, 4.635411838153378]
std deviation: [0.3048544085801107, 0.20561577644111556, 0.21935606366837515, 0.25179359272422636]
CMAEvolutionStrategyResult(xbest=array([6.95761123, 7.45871979, 0.18819608, 4.36562736]), fbest=0.0, evals_best=162, evaluations=168, iterations=21, xfavorite=array([7.30629268, 7.25766227, 0.07652479, 4.63541184]), stds=array([0.30485441, 0.20561578, 0.21935606, 0.25179359]), stop={'ftarget': 1e-11})
6 10
(4_w,8)-aCMA-ES (mu_w=2.6,w_1=52%) in dimension 4 (seed=768684, Sun Jun 13 19:04:05 2021)
Iterat #Fevals   function value  axis ratio  sigma  min&max std  t[m:s]
    1      8 3.020833333333334e-01 1.0e+00 1.50e+00  1e+00  2e+00 0:06.3
    2     16 4.427083333333334e-01 1.3e+00 1.12e+00  9e-01  1e+00 0:12.4
    3     24 2.604166666666666e-01 1.4e+00 1.04e+00  9e-01  1e+00 0:18.6
    4     32 3.593750000000000e-01 1.7e+00 1.01e+00  8e-01  1e+00 0:24.5
    5     40 2.343750000000000e-01 2.0e+00 1.03e+00  8e-01  1e+00 0:30.7
    6     48 1.406250000000000e-01 2.3e+00 1.04e+00  8e-01  1e+00 0:37.0
    8     64 1.354166666666666e-01 2.7e+00 9.56e-01  7e-01  1e+00 0:48.9
   10     80 5.729166666666663e-02 3.2e+00 9.89e-01  7e-01  1e+00 1:00.7
   12     96 8.333333333333337e-02 3.2e+00 9.28e-01  6e-01  1e+00 1:12.8
   13    104 0.000000000000000e+00 3.3e+00 8.43e-01  5e-01  1e+00 1:18.7
termination on ftarget=1e-11
final/bestever f-value = 0.000000e+00 0.000000e+00
incumbent solution: [3.6202998435414013, 0.8509634476004919, 4.234902384871075, 6.639423666035085]
std deviation: [1.0180114921331243, 0.6212747448297364, 0.5400648917949153, 0.6746833570416095]
CMAEvolutionStrategyResult(xbest=array([3.43764651, 0.82650474, 4.43969626, 6.73077947]), fbest=0.0, evals_best=99, evaluations=104, iterations=13, xfavorite=array([3.62029984, 0.85096345, 4.23490238, 6.63942367]), stds=array([1.01801149, 0.62127474, 0.54006489, 0.67468336]), stop={'ftarget': 1e-11})
7 10
(4_w,8)-aCMA-ES (mu_w=2.6,w_1=52%) in dimension 4 (seed=723855, Sun Jun 13 19:05:24 2021)
Iterat #Fevals   function value  axis ratio  sigma  min&max std  t[m:s]
    1      8 2.604166666666666e-01 1.0e+00 1.93e+00  2e+00  2e+00 0:05.9
    2     16 1.406250000000000e-01 1.5e+00 1.93e+00  2e+00  2e+00 0:11.8
    3     24 8.854166666666663e-02 1.5e+00 1.96e+00  2e+00  2e+00 0:18.1
    4     32 1.718750000000000e-01 1.6e+00 2.26e+00  2e+00  3e+00 0:24.3
    5     40 4.114583333333334e-01 1.7e+00 2.15e+00  2e+00  3e+00 0:30.3
    6     48 3.125000000000000e-02 1.9e+00 1.94e+00  1e+00  2e+00 0:36.6
    8     64 2.916666666666666e-01 2.1e+00 1.59e+00  1e+00  2e+00 0:48.9
   10     80 5.208333333333370e-03 2.4e+00 1.27e+00  8e-01  1e+00 1:01.3
   12     96 4.687500000000000e-02 2.8e+00 8.32e-01  5e-01  8e-01 1:13.2
   14    112 5.208333333333337e-02 2.5e+00 6.21e-01  4e-01  5e-01 1:25.7
   16    128 0.000000000000000e+00 2.4e+00 4.99e-01  3e-01  4e-01 1:38.0
termination on ftarget=1e-11
final/bestever f-value = 0.000000e+00 0.000000e+00
incumbent solution: [-0.03867658377709844, 2.5648306538893864, 8.516342941565998, -0.25185446259821037]
std deviation: [0.35961510317887885, 0.2876455047576929, 0.3509943755706445, 0.3026402947450354]
CMAEvolutionStrategyResult(xbest=array([-0.20237853,  2.35290736,  8.69332275,  0.08442287]), fbest=0.0, evals_best=122, evaluations=128, iterations=16, xfavorite=array([-0.03867658,  2.56483065,  8.51634294, -0.25185446]), stds=array([0.3596151 , 0.2876455 , 0.35099438, 0.30264029]), stop={'ftarget': 1e-11})
8 10
(4_w,8)-aCMA-ES (mu_w=2.6,w_1=52%) in dimension 4 (seed=693749, Sun Jun 13 19:07:02 2021)
Iterat #Fevals   function value  axis ratio  sigma  min&max std  t[m:s]
    1      8 3.697916666666666e-01 1.0e+00 1.92e+00  2e+00  2e+00 0:06.2
    2     16 1.979166666666666e-01 1.2e+00 1.73e+00  2e+00  2e+00 0:12.6
    3     24 3.125000000000000e-01 1.4e+00 1.51e+00  1e+00  2e+00 0:18.7
    4     32 1.302083333333334e-01 1.6e+00 1.45e+00  1e+00  2e+00 0:24.6
    5     40 1.822916666666666e-01 1.6e+00 1.41e+00  1e+00  2e+00 0:30.6
    6     48 2.083333333333337e-02 1.6e+00 1.38e+00  1e+00  2e+00 0:36.8
    8     64 9.375000000000000e-02 1.9e+00 1.03e+00  7e-01  1e+00 0:48.9
   10     80 7.291666666666663e-02 2.1e+00 7.05e-01  4e-01  7e-01 1:00.7
   12     96 1.041666666666663e-02 1.9e+00 6.16e-01  4e-01  5e-01 1:12.6
   13    104 0.000000000000000e+00 2.3e+00 5.63e-01  3e-01  5e-01 1:18.9
termination on ftarget=1e-11
final/bestever f-value = 0.000000e+00 0.000000e+00
incumbent solution: [2.411025410578274, 4.665589732934027, -0.5479663311963794, 2.9809186806800856]
std deviation: [0.3431029011977285, 0.4402396884684383, 0.5102221218304881, 0.3583876910376969]
CMAEvolutionStrategyResult(xbest=array([ 2.41567572,  4.59444932, -0.53456606,  2.89463432]), fbest=0.0, evals_best=103, evaluations=104, iterations=13, xfavorite=array([ 2.41102541,  4.66558973, -0.54796633,  2.98091868]), stds=array([0.3431029 , 0.44023969, 0.51022212, 0.35838769]), stop={'ftarget': 1e-11})
9 10
(4_w,8)-aCMA-ES (mu_w=2.6,w_1=52%) in dimension 4 (seed=738717, Sun Jun 13 19:08:21 2021)
Iterat #Fevals   function value  axis ratio  sigma  min&max std  t[m:s]
    1      8 5.729166666666667e-01 1.0e+00 1.55e+00  1e+00  2e+00 0:05.9
    2     16 1.562500000000000e-01 1.4e+00 1.59e+00  1e+00  2e+00 0:11.9
    3     24 2.708333333333334e-01 1.7e+00 1.69e+00  2e+00  2e+00 0:17.9
    4     32 4.375000000000000e-01 2.0e+00 1.74e+00  2e+00  2e+00 0:23.8
    5     40 2.812500000000000e-01 2.1e+00 1.64e+00  1e+00  2e+00 0:30.1
    6     48 1.041666666666666e-01 2.0e+00 1.62e+00  1e+00  2e+00 0:36.1
    7     56 2.447916666666666e-01 2.2e+00 1.71e+00  1e+00  2e+00 0:42.1
    9     72 0.000000000000000e+00 2.9e+00 1.66e+00  1e+00  2e+00 0:54.1
termination on ftarget=1e-11
final/bestever f-value = 0.000000e+00 0.000000e+00
incumbent solution: [2.0305263095225294, 4.364860833575908, 9.78344318335307, 4.877368129976033]
std deviation: [1.4704729231058948, 1.3774798536808475, 2.3742887385058657, 1.018821157597456]
CMAEvolutionStrategyResult(xbest=array([ 2.28855797,  4.90314927, 11.55646969,  4.55724517]), fbest=0.0, evals_best=66, evaluations=72, iterations=9, xfavorite=array([2.03052631, 4.36486083, 9.78344318, 4.87736813]), stds=array([1.47047292, 1.37747985, 2.37428874, 1.01882116]), stop={'ftarget': 1e-11})
