0 10
(4_w,8)-aCMA-ES (mu_w=2.6,w_1=52%) in dimension 4 (seed=436095, Tue Jun 22 13:07:05 2021)
circuitVTD.py:347: DeprecationWarning: The QuantumCircuit.__add__() method is being deprecated.Use the compose() method which is more flexible w.r.t circuit register compatibility.
  TrotterFixStepList.append(TrotterFixStepList[-1] + U_trot)
/home/nfb1/.local/lib/python3.7/site-packages/qiskit/circuit/quantumcircuit.py:869: DeprecationWarning: The QuantumCircuit.combine() method is being deprecated. Use the compose() method which is more flexible w.r.t circuit register compatibility.
  return self.combine(rhs)
Iterat #Fevals   function value  axis ratio  sigma  min&max std  t[m:s]
    1      8 4.773037047180355e-01 1.0e+00 1.32e+00  1e+00  1e+00 0:06.3
    2     16 4.599298625494267e-01 1.2e+00 1.19e+00  1e+00  1e+00 0:12.0
    3     24 2.058892296689563e-02 1.5e+00 1.16e+00  9e-01  1e+00 0:17.9
    4     32 2.198416289592769e-01 1.6e+00 1.10e+00  8e-01  1e+00 0:23.7
    5     40 1.795778236388184e-01 1.9e+00 1.01e+00  7e-01  1e+00 0:29.5
    6     48 6.488095238095193e-02 1.9e+00 8.99e-01  6e-01  8e-01 0:35.2
    8     64 1.166848649219825e-01 2.0e+00 8.03e-01  5e-01  7e-01 0:47.0
   10     80 2.042104377340404e-02 2.2e+00 7.53e-01  5e-01  7e-01 0:58.4
   12     96 1.205959501619480e-02 2.2e+00 6.54e-01  3e-01  6e-01 1:10.0
   14    112 1.989010989010997e-02 2.6e+00 5.34e-01  3e-01  5e-01 1:21.5
   16    128 5.234630234630888e-03 2.9e+00 4.30e-01  2e-01  4e-01 1:33.3
   18    144 1.904067197170745e-02 2.8e+00 4.09e-01  2e-01  4e-01 1:44.9
   20    160 9.173565144537932e-05 3.0e+00 3.02e-01  1e-01  3e-01 1:56.4
termination on ftarget=0.0005
final/bestever f-value = 9.173565e-05 9.173565e-05
incumbent solution: [2.3928227197316305, 5.995995014607708, 7.922912910866853, 1.8791103220445156]
std deviation: [0.28419891234396444, 0.13079373781342782, 0.1680161435287579, 0.14509924779895061]
CMAEvolutionStrategyResult(xbest=array([2.44172379, 5.98571072, 7.9929949 , 1.90650129]), fbest=9.173565144537932e-05, evals_best=159, evaluations=160, iterations=20, xfavorite=array([2.39282272, 5.99599501, 7.92291291, 1.87911032]), stds=array([0.28419891, 0.13079374, 0.16801614, 0.14509925]), stop={'ftarget': 0.0005})
1 10
(4_w,8)-aCMA-ES (mu_w=2.6,w_1=52%) in dimension 4 (seed=505673, Tue Jun 22 13:09:01 2021)
Iterat #Fevals   function value  axis ratio  sigma  min&max std  t[m:s]
    1      8 4.036759357147717e-01 1.0e+00 1.60e+00  1e+00  2e+00 0:06.9
    2     16 3.515151515151516e-01 1.4e+00 1.57e+00  1e+00  2e+00 0:13.9
    3     24 1.884237349836178e-01 1.6e+00 1.48e+00  1e+00  2e+00 0:21.3
    4     32 1.342498219750710e-01 1.9e+00 1.73e+00  1e+00  2e+00 0:29.1
    5     40 3.341747572815538e-01 1.9e+00 1.87e+00  1e+00  2e+00 0:36.1
    6     48 1.777413180203968e-03 1.9e+00 1.71e+00  1e+00  2e+00 0:43.2
    7     56 2.088338371371634e-01 2.1e+00 1.60e+00  1e+00  2e+00 0:50.7
    8     64 2.063492063492063e-01 2.1e+00 1.46e+00  1e+00  2e+00 0:57.9
   10     80 6.257250606087812e-01 2.3e+00 1.93e+00  2e+00  2e+00 1:12.1
   12     96 2.156580868930263e-01 2.3e+00 2.11e+00  2e+00  3e+00 1:26.6
   14    112 6.542443064182124e-02 2.1e+00 1.82e+00  1e+00  2e+00 1:41.3
   16    128 6.614787735426486e-02 2.3e+00 1.55e+00  1e+00  1e+00 1:55.3
   18    144 1.590225563909784e-01 1.9e+00 1.43e+00  9e-01  1e+00 2:09.6
   20    160 4.784688995222997e-04 2.4e+00 1.21e+00  7e-01  1e+00 2:24.0
termination on ftarget=0.0005
final/bestever f-value = 4.784689e-04 4.784689e-04
incumbent solution: [2.734669921841049, -3.0459982945004502, 0.2553868970412788, 9.837692074593912]
std deviation: [0.7684246463223133, 0.9537136871594988, 0.7362318523262222, 1.0092115408503002]
CMAEvolutionStrategyResult(xbest=array([ 2.66219363, -3.68448886,  0.55036746, 10.35305914]), fbest=0.00047846889952229965, evals_best=156, evaluations=160, iterations=20, xfavorite=array([ 2.73466992, -3.04599829,  0.2553869 ,  9.83769207]), stds=array([0.76842465, 0.95371369, 0.73623185, 1.00921154]), stop={'ftarget': 0.0005})
2 10
(4_w,8)-aCMA-ES (mu_w=2.6,w_1=52%) in dimension 4 (seed=505001, Tue Jun 22 13:11:25 2021)
Iterat #Fevals   function value  axis ratio  sigma  min&max std  t[m:s]
    1      8 1.140036231884053e-01 1.0e+00 1.47e+00  1e+00  2e+00 0:07.4
    2     16 1.786525974025988e-01 1.3e+00 1.54e+00  1e+00  2e+00 0:14.6
    3     24 3.041975308641975e-01 1.3e+00 1.40e+00  1e+00  2e+00 0:21.7
    4     32 3.041513223970538e-01 1.5e+00 1.18e+00  8e-01  1e+00 0:28.7
    5     40 3.245828245828219e-02 1.6e+00 1.08e+00  7e-01  1e+00 0:35.9
    6     48 1.811005424866811e-01 1.6e+00 1.00e+00  7e-01  1e+00 0:43.2
    7     56 1.177470159151193e-01 1.6e+00 8.74e-01  6e-01  8e-01 0:50.3
    9     72 1.666666666666694e-02 1.6e+00 7.46e-01  5e-01  6e-01 1:04.2
   11     88 1.816131237183927e-02 1.6e+00 7.08e-01  4e-01  6e-01 1:18.8
   13    104 4.208056052519282e-02 1.9e+00 6.03e-01  3e-01  5e-01 1:33.6
   15    120 2.934044395824742e-02 2.3e+00 5.59e-01  3e-01  6e-01 1:48.1
   17    136 2.783032570266464e-02 2.5e+00 4.90e-01  2e-01  4e-01 2:03.0
   19    152 1.592535543856333e-02 3.1e+00 4.98e-01  2e-01  5e-01 2:17.9
   21    168 3.637426900584861e-02 3.9e+00 4.44e-01  2e-01  5e-01 2:32.0
   23    184 7.034122419636479e-02 4.3e+00 4.38e-01  2e-01  5e-01 2:46.8
   26    208 9.608208955223940e-02 4.8e+00 5.28e-01  3e-01  6e-01 3:08.6
   29    232 3.793172690763102e-02 4.3e+00 6.17e-01  4e-01  6e-01 3:30.4
   32    256 2.825360293714652e-02 4.6e+00 4.00e-01  2e-01  3e-01 3:52.1
   35    280 2.333710764693542e-02 4.8e+00 3.57e-01  2e-01  3e-01 4:13.8
   38    304 4.883982456798097e-02 5.0e+00 3.04e-01  1e-01  2e-01 4:36.3
   41    328 3.588669510357489e-02 4.1e+00 2.53e-01  8e-02  1e-01 4:58.8
   44    352 8.838383838383423e-03 5.6e+00 2.19e-01  6e-02  1e-01 5:20.8
   48    384 4.139194139194191e-02 6.9e+00 2.10e-01  6e-02  1e-01 5:49.8
   52    416 2.238095238095261e-02 6.9e+00 1.62e-01  4e-02  9e-02 6:19.3
   56    448 2.798443792233263e-03 5.0e+00 1.63e-01  3e-02  7e-02 6:48.1
   60    480 1.944715537995978e-02 5.9e+00 2.98e-01  7e-02  2e-01 7:17.3
   64    512 1.210806270996634e-02 6.2e+00 5.59e-01  1e-01  4e-01 7:46.4
   68    544 1.070656013517857e-02 8.9e+00 4.04e-01  1e-01  3e-01 8:15.9
   72    576 7.315233785822040e-02 7.5e+00 6.65e-01  2e-01  4e-01 8:44.7
   76    608 8.181215143846288e-03 6.1e+00 4.91e-01  1e-01  2e-01 9:13.8
   81    648 6.226549214036758e-04 8.8e+00 4.55e-01  9e-02  2e-01 9:50.8
   86    688 1.083591331270339e-03 9.5e+00 3.65e-01  7e-02  2e-01 10:28.1
   91    728 5.395668557703459e-03 1.2e+01 4.97e-01  9e-02  3e-01 11:03.6
   96    768 1.685576380617948e-02 1.1e+01 4.73e-01  8e-02  2e-01 11:40.3
  100    800 3.414082448355282e-03 1.1e+01 6.11e-01  1e-01  3e-01 12:10.5
  105    840 1.738698460009902e-02 9.4e+00 7.20e-01  1e-01  3e-01 12:46.6
  110    880 3.051346801346710e-02 1.1e+01 8.67e-01  2e-01  3e-01 13:22.8
  116    928 2.825504413619162e-02 1.4e+01 9.48e-01  2e-01  4e-01 14:06.5
  122    976 9.884584150212206e-03 1.5e+01 7.94e-01  2e-01  3e-01 14:50.5
  128   1024 4.505951256376273e-02 1.5e+01 7.20e-01  1e-01  2e-01 15:35.3
  134   1072 2.160502161042244e-02 1.8e+01 5.75e-01  7e-02  1e-01 16:18.7
  140   1120 3.895891342699831e-02 2.3e+01 4.18e-01  5e-02  1e-01 17:02.0
  146   1168 1.224021420374910e-02 3.8e+01 4.36e-01  6e-02  1e-01 17:45.8
  150   1200 2.000208717429786e-04 3.1e+01 5.40e-01  6e-02  1e-01 18:15.0
termination on ftarget=0.0005
final/bestever f-value = 2.000209e-04 2.000209e-04
incumbent solution: [2.322262334650007, 4.738324903562134, 0.5857320440458998, 3.5409548840665797]
std deviation: [0.0784018350971789, 0.061996678763120955, 0.11341851630807376, 0.07955625749531003]
CMAEvolutionStrategyResult(xbest=array([2.2786274 , 4.70633399, 0.61067948, 3.55670832]), fbest=0.00020002087174297856, evals_best=1199, evaluations=1200, iterations=150, xfavorite=array([2.32226233, 4.7383249 , 0.58573204, 3.54095488]), stds=array([0.07840184, 0.06199668, 0.11341852, 0.07955626]), stop={'ftarget': 0.0005})
3 10
(4_w,8)-aCMA-ES (mu_w=2.6,w_1=52%) in dimension 4 (seed=491795, Tue Jun 22 13:29:40 2021)
Iterat #Fevals   function value  axis ratio  sigma  min&max std  t[m:s]
    1      8 7.217265532316008e-02 1.0e+00 1.59e+00  1e+00  2e+00 0:07.2
    2     16 4.390705679862310e-01 1.3e+00 1.62e+00  1e+00  2e+00 0:14.3
    3     24 3.955209087034521e-01 1.6e+00 1.43e+00  1e+00  2e+00 0:21.4
    4     32 1.453598484848484e-01 1.8e+00 1.26e+00  1e+00  1e+00 0:28.8
    5     40 3.695536309127245e-02 1.7e+00 1.20e+00  9e-01  1e+00 0:35.9
    6     48 2.984615384615384e-01 1.6e+00 1.03e+00  8e-01  1e+00 0:43.4
    7     56 2.273109243697485e-01 1.6e+00 9.01e-01  7e-01  8e-01 0:50.9
    8     64 3.254041808258701e-02 1.6e+00 7.90e-01  5e-01  7e-01 0:58.0
   10     80 1.338235294117629e-02 1.8e+00 8.64e-01  5e-01  8e-01 1:12.4
   12     96 2.062782274292367e-01 1.7e+00 8.68e-01  6e-01  8e-01 1:27.0
   14    112 3.452628452628470e-02 1.8e+00 6.68e-01  4e-01  5e-01 1:41.5
   16    128 3.366615463389655e-02 1.9e+00 4.57e-01  3e-01  3e-01 1:56.0
   17    136 3.434065934053709e-04 2.3e+00 4.63e-01  3e-01  3e-01 2:03.2
termination on ftarget=0.0005
final/bestever f-value = 3.434066e-04 3.434066e-04
incumbent solution: [2.2567325592954264, 4.615942461388602, 6.586377677649736, 6.470176829415591]
std deviation: [0.25419040018691336, 0.29645620645221743, 0.26799771177224274, 0.31682959221793405]
CMAEvolutionStrategyResult(xbest=array([2.44224588, 4.72294452, 6.68030596, 6.38658842]), fbest=0.00034340659340537094, evals_best=130, evaluations=136, iterations=17, xfavorite=array([2.25673256, 4.61594246, 6.58637768, 6.47017683]), stds=array([0.2541904 , 0.29645621, 0.26799771, 0.31682959]), stop={'ftarget': 0.0005})
4 10
(4_w,8)-aCMA-ES (mu_w=2.6,w_1=52%) in dimension 4 (seed=466183, Tue Jun 22 13:31:44 2021)
Iterat #Fevals   function value  axis ratio  sigma  min&max std  t[m:s]
    1      8 1.583661621397470e-01 1.0e+00 1.43e+00  1e+00  2e+00 0:07.1
    2     16 2.355432590532748e-01 1.4e+00 1.46e+00  1e+00  2e+00 0:14.1
    3     24 1.192193269820692e-01 1.5e+00 1.21e+00  1e+00  1e+00 0:21.1
    4     32 2.615440115440082e-02 1.5e+00 1.09e+00  8e-01  1e+00 0:28.1
    5     40 9.581761522060006e-02 1.6e+00 1.06e+00  8e-01  1e+00 0:35.4
    6     48 7.644315537981639e-02 1.9e+00 1.12e+00  8e-01  1e+00 0:42.5
    7     56 4.581043956043984e-02 2.1e+00 1.12e+00  9e-01  1e+00 0:50.0
    9     72 8.949389254521145e-02 2.5e+00 8.06e-01  7e-01  8e-01 1:04.5
   11     88 2.920536635706872e-02 3.4e+00 8.97e-01  7e-01  8e-01 1:18.7
   13    104 4.003663003662949e-02 3.2e+00 8.03e-01  6e-01  8e-01 1:33.0
   15    120 3.598692671645742e-02 2.8e+00 6.36e-01  4e-01  5e-01 1:47.4
   17    136 9.719043986778630e-02 2.7e+00 5.35e-01  3e-01  4e-01 2:02.7
   19    152 1.265306122448977e-01 2.7e+00 6.55e-01  4e-01  5e-01 2:16.9
   21    168 1.230801162308018e-01 2.9e+00 5.48e-01  3e-01  4e-01 2:31.6
   23    184 5.243328100470990e-02 3.0e+00 6.24e-01  4e-01  4e-01 2:46.7
   26    208 2.857142857142847e-02 2.9e+00 6.35e-01  3e-01  4e-01 3:08.7
   29    232 3.873034726346414e-02 3.3e+00 5.76e-01  2e-01  4e-01 3:30.5
   32    256 2.718693284936524e-02 3.2e+00 5.39e-01  2e-01  4e-01 3:52.2
   35    280 3.945480631277642e-03 3.1e+00 4.81e-01  2e-01  3e-01 4:14.1
   38    304 1.993888464476634e-02 2.9e+00 4.80e-01  2e-01  3e-01 4:36.0
   41    328 4.826678367716442e-04 3.0e+00 3.91e-01  2e-01  2e-01 4:57.6
termination on ftarget=0.0005
final/bestever f-value = 4.826678e-04 4.826678e-04
incumbent solution: [4.519508974023658, 4.3849558909014075, 0.9082664238162863, 4.430814968947555]
std deviation: [0.1996462207286518, 0.1681547690490939, 0.1560161657234071, 0.18895512926222485]
CMAEvolutionStrategyResult(xbest=array([4.4687923 , 4.42505901, 0.80227415, 4.42848724]), fbest=0.00048266783677164415, evals_best=321, evaluations=328, iterations=41, xfavorite=array([4.51950897, 4.38495589, 0.90826642, 4.43081497]), stds=array([0.19964622, 0.16815477, 0.15601617, 0.18895513]), stop={'ftarget': 0.0005})
5 10
(4_w,8)-aCMA-ES (mu_w=2.6,w_1=52%) in dimension 4 (seed=542836, Tue Jun 22 13:36:41 2021)
Iterat #Fevals   function value  axis ratio  sigma  min&max std  t[m:s]
    1      8 3.931077876191735e-02 1.0e+00 1.67e+00  2e+00  2e+00 0:07.3
    2     16 9.246218049034938e-02 1.5e+00 1.98e+00  2e+00  2e+00 0:14.4
    3     24 3.956757528186106e-01 1.8e+00 2.04e+00  2e+00  2e+00 0:21.5
    4     32 1.109239630221198e-01 1.9e+00 1.97e+00  2e+00  2e+00 0:28.8
    5     40 4.878225314912642e-01 1.7e+00 1.64e+00  1e+00  2e+00 0:36.0
    6     48 3.637586058519782e-02 1.8e+00 1.52e+00  1e+00  2e+00 0:43.5
    7     56 1.297486199607953e-01 1.8e+00 1.30e+00  1e+00  1e+00 0:50.8
    8     64 8.234310602255435e-03 2.0e+00 1.27e+00  9e-01  1e+00 0:58.1
   10     80 3.407432740538084e-01 1.8e+00 1.09e+00  8e-01  1e+00 1:12.8
   12     96 9.057572423909099e-02 2.3e+00 7.51e-01  5e-01  6e-01 1:27.5
   14    112 2.705627705627667e-02 2.4e+00 6.48e-01  4e-01  5e-01 1:41.8
   16    128 1.846786125267141e-02 3.5e+00 7.67e-01  5e-01  7e-01 1:57.3
   18    144 2.589147286821858e-02 3.6e+00 6.38e-01  3e-01  6e-01 2:11.7
   20    160 5.672186083185426e-02 3.7e+00 5.08e-01  2e-01  4e-01 2:26.0
   22    176 7.258601553829069e-02 4.1e+00 5.09e-01  2e-01  4e-01 2:41.5
   25    200 1.384388807069206e-01 3.5e+00 4.16e-01  1e-01  3e-01 3:03.8
   27    216 3.913894324856226e-04 4.1e+00 4.57e-01  1e-01  4e-01 3:18.8
termination on ftarget=0.0005
final/bestever f-value = 3.913894e-04 3.913894e-04
incumbent solution: [6.573775106733667, 1.2891314548616015, 5.940220945332727, 4.1388181741237]
std deviation: [0.32000566096957617, 0.1196608326135138, 0.3124058430642656, 0.38866538210992374]
CMAEvolutionStrategyResult(xbest=array([6.53668442, 1.29799583, 5.93452533, 4.0737973 ]), fbest=0.00039138943248562263, evals_best=209, evaluations=216, iterations=27, xfavorite=array([6.57377511, 1.28913145, 5.94022095, 4.13881817]), stds=array([0.32000566, 0.11966083, 0.31240584, 0.38866538]), stop={'ftarget': 0.0005})
6 10
(4_w,8)-aCMA-ES (mu_w=2.6,w_1=52%) in dimension 4 (seed=476537, Tue Jun 22 13:40:00 2021)
Iterat #Fevals   function value  axis ratio  sigma  min&max std  t[m:s]
    1      8 3.582647783678650e-02 1.0e+00 1.40e+00  1e+00  1e+00 0:07.0
    2     16 1.641118377902292e-01 1.3e+00 1.35e+00  1e+00  1e+00 0:14.4
    3     24 1.185022506171050e-01 1.3e+00 1.20e+00  1e+00  1e+00 0:21.4
    4     32 2.795595209388302e-02 1.5e+00 1.27e+00  1e+00  1e+00 0:28.9
    5     40 2.901421737079757e-02 1.6e+00 1.45e+00  1e+00  2e+00 0:36.1
    6     48 6.781661808282324e-03 1.6e+00 1.17e+00  9e-01  1e+00 0:43.1
    7     56 2.085599129934179e-02 1.8e+00 1.13e+00  9e-01  1e+00 0:51.6
    8     64 1.372410361174436e-02 2.0e+00 1.08e+00  8e-01  1e+00 0:58.9
   10     80 3.274036887487286e-04 2.4e+00 7.76e-01  5e-01  9e-01 1:13.5
termination on ftarget=0.0005
final/bestever f-value = 3.274037e-04 3.274037e-04
incumbent solution: [5.668530023195835, 1.3767446999033266, 2.579893771647715, 5.27940742688884]
std deviation: [0.8650993223489472, 0.5847017797333811, 0.5872770806012341, 0.4858564534673242]
CMAEvolutionStrategyResult(xbest=array([5.33616405, 1.35387522, 2.5169989 , 4.91580878]), fbest=0.0003274036887487286, evals_best=75, evaluations=80, iterations=10, xfavorite=array([5.66853002, 1.3767447 , 2.57989377, 5.27940743]), stds=array([0.86509932, 0.58470178, 0.58727708, 0.48585645]), stop={'ftarget': 0.0005})
7 10
(4_w,8)-aCMA-ES (mu_w=2.6,w_1=52%) in dimension 4 (seed=412981, Tue Jun 22 13:41:14 2021)
Iterat #Fevals   function value  axis ratio  sigma  min&max std  t[m:s]
    1      8 1.657883492380030e-02 1.0e+00 1.69e+00  2e+00  2e+00 0:07.3
    2     16 4.869477911646536e-02 1.3e+00 1.63e+00  2e+00  2e+00 0:14.4
    3     24 4.413799259160078e-02 1.3e+00 1.58e+00  1e+00  2e+00 0:21.6
    4     32 8.941339521014668e-02 1.4e+00 1.50e+00  1e+00  2e+00 0:29.0
    5     40 6.869540699142951e-02 1.6e+00 1.35e+00  1e+00  1e+00 0:36.1
    6     48 1.096575342465752e-01 1.8e+00 1.22e+00  9e-01  1e+00 0:43.7
    7     56 1.187264673311175e-01 1.8e+00 1.24e+00  1e+00  1e+00 0:51.5
    9     72 7.838894318023226e-02 2.0e+00 9.08e-01  7e-01  8e-01 1:05.4
   11     88 6.995977040947143e-02 2.0e+00 7.02e-01  5e-01  6e-01 1:19.6
   13    104 2.577616690240454e-01 2.0e+00 6.00e-01  4e-01  5e-01 1:34.2
   15    120 2.598360655737705e-01 2.1e+00 4.85e-01  3e-01  4e-01 1:48.4
   17    136 5.823863636363613e-02 2.4e+00 4.73e-01  3e-01  3e-01 2:03.5
   19    152 1.487499206802466e-01 3.0e+00 5.57e-01  4e-01  4e-01 2:18.2
   21    168 7.071821317577931e-02 3.1e+00 5.71e-01  4e-01  4e-01 2:32.7
   23    184 8.549853620087899e-02 3.5e+00 6.37e-01  4e-01  5e-01 2:47.6
   26    208 4.150906052076053e-02 3.6e+00 5.87e-01  4e-01  5e-01 3:09.5
   29    232 1.818312905551533e-02 5.6e+00 5.47e-01  3e-01  5e-01 3:31.0
   32    256 2.152121090997072e-02 5.9e+00 4.69e-01  2e-01  5e-01 3:54.0
   35    280 1.304888152443939e-02 7.0e+00 5.27e-01  3e-01  6e-01 4:15.3
   38    304 6.246738336290514e-02 7.6e+00 6.71e-01  4e-01  7e-01 4:37.0
   41    328 6.196524064171172e-02 8.2e+00 7.78e-01  5e-01  8e-01 4:58.7
   44    352 7.430469074305335e-03 9.3e+00 6.94e-01  4e-01  6e-01 5:20.9
   48    384 1.869874656753368e-03 1.2e+01 6.85e-01  4e-01  6e-01 5:51.0
   52    416 5.817711700070172e-04 9.1e+00 6.12e-01  3e-01  4e-01 6:20.8
   56    448 7.575757575761788e-04 1.4e+01 4.87e-01  2e-01  3e-01 6:50.1
   60    480 1.665030492339725e-02 1.7e+01 5.85e-01  2e-01  4e-01 7:19.6
   64    512 4.045065020674810e-03 1.6e+01 6.54e-01  2e-01  4e-01 7:48.2
   68    544 8.303030303030345e-02 1.7e+01 6.02e-01  2e-01  4e-01 8:17.3
   69    552 1.465434851848357e-04 1.8e+01 5.58e-01  2e-01  4e-01 8:24.5
termination on ftarget=0.0005
final/bestever f-value = 1.465435e-04 1.465435e-04
incumbent solution: [5.6911055958172865, 2.267661506084971, 2.8313826153753485, 5.480686756943205]
std deviation: [0.19567966823042063, 0.37126388044243674, 0.21926490744202948, 0.3221559477397152]
CMAEvolutionStrategyResult(xbest=array([5.67039317, 2.22990385, 2.83406107, 5.489248  ]), fbest=0.00014654348518483573, evals_best=546, evaluations=552, iterations=69, xfavorite=array([5.6911056 , 2.26766151, 2.83138262, 5.48068676]), stds=array([0.19567967, 0.37126388, 0.21926491, 0.32215595]), stop={'ftarget': 0.0005})
8 10
(4_w,8)-aCMA-ES (mu_w=2.6,w_1=52%) in dimension 4 (seed=528778, Tue Jun 22 13:49:38 2021)
Iterat #Fevals   function value  axis ratio  sigma  min&max std  t[m:s]
    1      8 1.844175044352453e-01 1.0e+00 1.53e+00  1e+00  2e+00 0:07.2
    2     16 1.259619573108751e-01 1.4e+00 1.44e+00  1e+00  1e+00 0:14.5
    3     24 1.054169364344171e-01 1.5e+00 1.57e+00  1e+00  2e+00 0:22.0
    4     32 3.837017092414940e-02 2.0e+00 1.90e+00  2e+00  2e+00 0:29.5
    5     40 3.106594110115238e-01 2.5e+00 1.89e+00  2e+00  2e+00 0:36.7
    6     48 1.777290982110147e-02 2.5e+00 1.81e+00  1e+00  2e+00 0:44.6
    7     56 5.299091599256600e-02 2.6e+00 1.56e+00  1e+00  2e+00 0:51.8
    8     64 7.603262567404256e-02 2.6e+00 1.56e+00  1e+00  2e+00 1:02.2
   10     80 3.208824757332225e-01 3.0e+00 2.13e+00  2e+00  3e+00 1:17.2
   12     96 1.728096754534296e-01 3.7e+00 1.93e+00  1e+00  4e+00 1:31.9
   14    112 2.874948824091228e-02 7.9e+00 1.52e+00  1e+00  3e+00 1:46.6
   16    128 4.776424331200373e-01 9.1e+00 1.45e+00  9e-01  3e+00 2:01.9
   18    144 2.628626692456484e-01 9.6e+00 1.65e+00  1e+00  4e+00 2:16.7
   20    160 1.226424738052643e-01 7.8e+00 1.51e+00  9e-01  3e+00 2:32.4
   22    176 8.506618863761772e-02 7.2e+00 9.87e-01  6e-01  2e+00 2:47.1
   25    200 3.007800780078007e-02 4.8e+00 7.90e-01  5e-01  1e+00 3:09.2
   28    224 3.435289957567222e-02 4.5e+00 6.26e-01  3e-01  7e-01 3:31.5
   31    248 2.908844747105332e-02 5.2e+00 8.03e-01  4e-01  1e+00 3:53.3
   34    272 1.030726030726024e-01 6.4e+00 7.36e-01  3e-01  8e-01 4:16.4
   37    296 1.231844088986944e-02 5.3e+00 8.16e-01  4e-01  9e-01 4:38.3
   40    320 4.430908697618696e-02 4.8e+00 9.99e-01  4e-01  9e-01 4:59.9
   43    344 5.548428707103059e-02 3.5e+00 7.40e-01  3e-01  5e-01 5:22.4
   46    368 3.307427622211923e-03 4.2e+00 6.29e-01  2e-01  4e-01 5:45.5
   50    400 1.176470588235778e-03 3.2e+00 8.14e-01  3e-01  5e-01 6:15.0
   54    432 3.503618746538928e-03 5.0e+00 8.25e-01  3e-01  6e-01 6:45.0
   58    464 6.441246910749365e-02 6.4e+00 6.74e-01  2e-01  5e-01 7:15.9
   62    496 2.463222716387214e-02 8.3e+00 5.75e-01  1e-01  4e-01 7:46.0
   66    528 5.983032574288505e-02 9.6e+00 4.11e-01  7e-02  3e-01 8:15.7
   70    560 7.579034085058178e-02 8.0e+00 4.92e-01  9e-02  4e-01 8:46.4
   74    592 3.946269878497333e-03 6.7e+00 6.87e-01  2e-01  4e-01 9:15.8
   79    632 1.744283314707122e-01 8.9e+00 5.65e-01  1e-01  3e-01 9:52.6
   84    672 5.655391120507514e-02 1.0e+01 2.73e-01  4e-02  2e-01 10:29.0
   89    712 7.789355875295767e-02 1.4e+01 3.17e-01  5e-02  2e-01 11:06.3
   94    752 1.830863121185711e-02 2.2e+01 1.57e-01  2e-02  8e-02 11:44.8
   99    792 1.901637668069778e-02 2.0e+01 1.83e-01  2e-02  1e-01 12:22.6
  100    800 4.715016847860554e-02 2.4e+01 1.95e-01  2e-02  1e-01 12:30.9
  105    840 3.339070567986258e-02 3.1e+01 1.55e-01  2e-02  9e-02 13:07.7
  111    888 2.993197278911475e-02 5.2e+01 2.15e-01  3e-02  1e-01 13:52.4
  117    936 4.105945984798964e-03 5.7e+01 2.08e-01  4e-02  1e-01 14:36.8
  123    984 1.307561627991038e-02 6.1e+01 1.07e-01  1e-02  4e-02 15:20.4
  129   1032 2.160258850399766e-02 7.0e+01 9.20e-02  1e-02  4e-02 16:04.4
  135   1080 4.007321011186171e-03 9.1e+01 1.69e-01  2e-02  9e-02 16:48.3
  141   1128 1.059785835220661e-01 8.3e+01 8.81e-02  8e-03  3e-02 17:33.0
  147   1176 1.405930022928992e-02 1.1e+02 1.33e-01  1e-02  6e-02 18:16.2
  154   1232 3.817966903073344e-02 1.2e+02 1.37e-01  1e-02  6e-02 19:06.8
  161   1288 2.969825245730862e-03 1.3e+02 1.35e-01  7e-03  4e-02 19:57.4
  168   1344 4.827464788732427e-02 1.0e+02 8.55e-02  4e-03  2e-02 20:49.0
  175   1400 1.530993278565984e-02 1.9e+02 1.04e-01  4e-03  4e-02 21:40.6
  182   1456 3.407712687665532e-02 2.7e+02 8.33e-02  4e-03  4e-02 22:31.3
  189   1512 7.059663073120670e-03 3.7e+02 8.36e-02  4e-03  4e-02 23:24.2
  196   1568 1.928872814949911e-03 5.7e+02 4.85e-02  2e-03  2e-02 24:16.7
  200   1600 9.924585218703208e-03 6.0e+02 3.79e-02  2e-03  2e-02 24:46.6
  207   1656 8.875451765359310e-03 7.9e+02 2.58e-02  1e-03  1e-02 25:39.0
  215   1720 1.352255991431228e-02 9.1e+02 1.93e-02  6e-04  6e-03 26:36.5
  222   1776 3.547152744687310e-05 8.4e+02 1.27e-02  4e-04  3e-03 27:27.9
termination on ftarget=0.0005
final/bestever f-value = 3.547153e-05 3.547153e-05
incumbent solution: [3.7698058192571864, 8.053220714828882, -0.9804138247066421, 7.0322110664054325]
std deviation: [0.003303566111310076, 0.0005883407502993057, 0.002570427861013833, 0.00036938002560789253]
CMAEvolutionStrategyResult(xbest=array([ 3.77232867,  8.0538336 , -0.98258879,  7.03254883]), fbest=3.54715274468731e-05, evals_best=1773, evaluations=1776, iterations=222, xfavorite=array([ 3.76980582,  8.05322071, -0.98041382,  7.03221107]), stds=array([0.00330357, 0.00058834, 0.00257043, 0.00036938]), stop={'ftarget': 0.0005})
9 10
(4_w,8)-aCMA-ES (mu_w=2.6,w_1=52%) in dimension 4 (seed=541148, Tue Jun 22 14:17:06 2021)
Iterat #Fevals   function value  axis ratio  sigma  min&max std  t[m:s]
    1      8 1.404286770140424e-01 1.0e+00 1.58e+00  1e+00  2e+00 0:07.3
    2     16 3.873565754633728e-01 1.3e+00 1.85e+00  2e+00  2e+00 0:14.9
    3     24 1.679380993897062e-02 1.6e+00 1.45e+00  1e+00  2e+00 0:22.2
    4     32 1.176628586971301e-01 1.6e+00 1.38e+00  1e+00  2e+00 0:29.7
    5     40 2.606056257175657e-01 1.9e+00 1.70e+00  1e+00  3e+00 0:37.3
    6     48 7.634865134865110e-02 2.4e+00 1.46e+00  1e+00  2e+00 0:44.4
    7     56 4.261019878997463e-02 2.4e+00 1.63e+00  1e+00  2e+00 0:52.3
    8     64 3.389160002899047e-01 2.7e+00 1.52e+00  1e+00  2e+00 0:59.7
   10     80 2.717849081842905e-01 3.3e+00 2.32e+00  2e+00  4e+00 1:14.3
   12     96 3.026707416951337e-01 4.3e+00 2.14e+00  2e+00  4e+00 1:28.7
   14    112 3.209067222511726e-01 3.8e+00 2.10e+00  2e+00  3e+00 1:43.0
   16    128 3.875062845651084e-01 3.5e+00 1.76e+00  1e+00  3e+00 1:57.7
   18    144 4.355919933058205e-02 3.9e+00 1.63e+00  1e+00  3e+00 2:12.3
   20    160 5.285270442028112e-02 5.4e+00 1.65e+00  1e+00  3e+00 2:26.7
   22    176 2.256608400052018e-01 4.9e+00 1.76e+00  1e+00  3e+00 2:41.1
   25    200 9.329521829521759e-02 4.9e+00 1.36e+00  8e-01  2e+00 3:03.2
   28    224 6.221156339123646e-02 4.8e+00 1.47e+00  8e-01  2e+00 3:26.7
   31    248 7.919525189944876e-03 4.5e+00 9.71e-01  6e-01  1e+00 3:48.7
   34    272 1.242759839523289e-02 5.7e+00 6.74e-01  4e-01  7e-01 4:10.9
   37    296 2.347083926031324e-02 6.0e+00 6.44e-01  3e-01  7e-01 4:32.9
   40    320 9.058898847631092e-02 6.2e+00 4.54e-01  2e-01  5e-01 4:55.0
   43    344 7.905634409123741e-02 7.4e+00 3.47e-01  1e-01  4e-01 5:18.1
   47    376 1.678463094034455e-02 9.7e+00 3.06e-01  1e-01  4e-01 5:47.3
   51    408 2.827687776141485e-02 1.3e+01 2.49e-01  8e-02  3e-01 6:16.9
   55    440 5.588720222865717e-03 1.4e+01 3.55e-01  1e-01  4e-01 6:46.4
   59    472 6.405553453636281e-02 2.3e+01 5.06e-01  2e-01  6e-01 7:16.2
   63    504 1.177848935141246e-02 2.5e+01 6.20e-01  3e-01  9e-01 7:45.4
   67    536 1.208666476299256e-01 1.6e+01 9.90e-01  4e-01  1e+00 8:14.7
   71    568 4.137463183157009e-02 1.3e+01 2.17e+00  8e-01  2e+00 8:44.0
   75    600 1.998001998002064e-02 1.2e+01 1.56e+00  4e-01  1e+00 9:13.4
   80    640 1.122571639071002e-02 1.2e+01 1.55e+00  4e-01  1e+00 9:50.5
   85    680 4.131148077536695e-02 1.1e+01 1.21e+00  3e-01  1e+00 10:27.3
   90    720 3.857605335034087e-02 1.5e+01 9.94e-01  2e-01  8e-01 11:03.9
   95    760 5.207346821638770e-02 1.5e+01 7.86e-01  1e-01  5e-01 11:40.5
  100    800 1.349760322933324e-02 1.0e+01 7.64e-01  1e-01  3e-01 12:17.0
  105    840 2.103307720061176e-03 9.7e+00 4.01e-01  6e-02  1e-01 12:53.4
  110    880 1.558978050891713e-02 1.0e+01 5.47e-01  8e-02  2e-01 13:30.3
  115    920 1.435490168387765e-02 8.5e+00 8.24e-01  1e-01  2e-01 14:07.5
  121    968 1.503336845802550e-02 8.6e+00 5.75e-01  7e-02  1e-01 14:51.7
  127   1016 1.664240228492830e-02 7.6e+00 2.93e-01  3e-02  6e-02 15:35.4
  133   1064 4.107142857142942e-02 8.0e+00 2.08e-01  2e-02  3e-02 16:20.3
  139   1112 2.833441068735087e-02 1.2e+01 2.75e-01  2e-02  5e-02 17:05.1
  145   1160 8.124895081416561e-03 1.2e+01 3.60e-01  3e-02  6e-02 17:49.5
  151   1208 5.122850122850120e-02 1.6e+01 2.19e-01  2e-02  3e-02 18:33.5
  157   1256 9.666389948081777e-03 2.1e+01 2.82e-01  2e-02  4e-02 19:17.6
  164   1312 1.004273504273556e-02 2.6e+01 4.03e-01  3e-02  5e-02 20:09.1
  171   1368 9.057207852389171e-03 4.1e+01 3.78e-01  3e-02  6e-02 21:01.6
  178   1424 3.589758716299873e-02 4.9e+01 3.65e-01  3e-02  5e-02 21:52.5
  185   1480 6.121886202776061e-02 7.0e+01 3.83e-01  3e-02  6e-02 22:43.6
  192   1536 1.953761434487578e-02 1.1e+02 6.19e-01  5e-02  1e-01 23:34.4
  199   1592 4.781728172817379e-02 1.3e+02 3.95e-01  3e-02  6e-02 24:26.2
  200   1600 3.854258934412502e-02 1.1e+02 4.23e-01  3e-02  7e-02 24:34.4
  207   1656 7.727943838142792e-05 1.7e+02 5.78e-01  5e-02  1e-01 25:25.6
termination on ftarget=0.0005
final/bestever f-value = 7.727944e-05 7.727944e-05
incumbent solution: [-8.724022542748468, 0.164085891017428, 3.229070362461658, 9.340325933056649]
std deviation: [0.0456797088767406, 0.117724262149687, 0.04521827956170338, 0.06386840161217472]
CMAEvolutionStrategyResult(xbest=array([-8.74322425,  0.20953254,  3.25003924,  9.36922627]), fbest=7.727943838142792e-05, evals_best=1656, evaluations=1656, iterations=207, xfavorite=array([-8.72402254,  0.16408589,  3.22907036,  9.34032593]), stds=array([0.04567971, 0.11772426, 0.04521828, 0.0638684 ]), stop={'ftarget': 0.0005})
