0 10
(4_w,8)-aCMA-ES (mu_w=2.6,w_1=52%) in dimension 4 (seed=470614, Tue Jun 22 13:07:27 2021)
circuitVTD.py:347: DeprecationWarning: The QuantumCircuit.__add__() method is being deprecated.Use the compose() method which is more flexible w.r.t circuit register compatibility.
  TrotterFixStepList.append(TrotterFixStepList[-1] + U_trot)
/home/nfb1/.local/lib/python3.7/site-packages/qiskit/circuit/quantumcircuit.py:869: DeprecationWarning: The QuantumCircuit.combine() method is being deprecated. Use the compose() method which is more flexible w.r.t circuit register compatibility.
  return self.combine(rhs)
Iterat #Fevals   function value  axis ratio  sigma  min&max std  t[m:s]
    1      8 5.061384016524217e-02 1.0e+00 1.68e+00  2e+00  2e+00 0:06.8
    2     16 4.365158915944929e-01 1.4e+00 1.79e+00  2e+00  2e+00 0:13.4
    3     24 4.693249816476107e-01 1.7e+00 1.71e+00  2e+00  2e+00 0:20.0
    4     32 6.292157705315415e-02 1.7e+00 1.59e+00  1e+00  2e+00 0:26.7
    5     40 3.128407203831771e-01 1.9e+00 2.02e+00  2e+00  3e+00 0:33.5
    6     48 3.553973951589184e-02 2.0e+00 1.97e+00  2e+00  3e+00 0:40.3
    7     56 2.606567824985994e-01 2.0e+00 1.93e+00  2e+00  2e+00 0:46.9
    9     72 4.161748432429782e-01 1.9e+00 1.93e+00  1e+00  2e+00 1:00.5
   11     88 3.780678961055720e-01 2.1e+00 1.93e+00  1e+00  2e+00 1:13.5
   13    104 2.846573349741497e-01 2.2e+00 2.44e+00  2e+00  3e+00 1:27.1
   15    120 1.981961016163131e-01 2.2e+00 3.63e+00  3e+00  5e+00 1:40.6
   17    136 2.038917421427299e-01 2.4e+00 2.87e+00  2e+00  3e+00 1:54.2
   19    152 2.703583937757287e-01 2.4e+00 2.99e+00  3e+00  4e+00 2:07.7
   21    168 3.188673775162931e-02 2.6e+00 2.84e+00  3e+00  3e+00 2:21.6
   24    192 3.806437431964330e-01 3.3e+00 4.00e+00  3e+00  6e+00 2:42.3
   27    216 4.039969058405751e-01 4.0e+00 5.07e+00  4e+00  8e+00 3:02.8
   30    240 5.709269522031624e-02 4.4e+00 4.16e+00  3e+00  6e+00 3:23.5
   33    264 1.887519557725215e-01 5.3e+00 3.60e+00  2e+00  5e+00 3:44.0
   36    288 2.260460738975862e-01 7.5e+00 3.27e+00  2e+00  6e+00 4:05.6
   39    312 1.208491680920403e-01 6.5e+00 3.01e+00  1e+00  5e+00 4:26.3
   42    336 1.405201333497371e-01 7.2e+00 3.00e+00  1e+00  6e+00 4:46.6
   44    352 3.835855931710874e-05 9.8e+00 2.18e+00  8e-01  4e+00 5:00.4
termination on ftarget=0.0005
final/bestever f-value = 3.835856e-05 3.835856e-05
incumbent solution: [-4.6078749669352845, 13.733411274035092, 5.854748670119945, 0.12657088386661153]
std deviation: [0.8125793077787024, 2.3560501610380604, 1.2841677801915292, 3.873772987973164]
CMAEvolutionStrategyResult(xbest=array([-4.33228342, 14.72345847,  5.54175859, -1.35718661]), fbest=3.835855931710874e-05, evals_best=348, evaluations=352, iterations=44, xfavorite=array([-4.60787497, 13.73341127,  5.85474867,  0.12657088]), stds=array([0.81257931, 2.35605016, 1.28416778, 3.87377299]), stop={'ftarget': 0.0005})
1 10
(4_w,8)-aCMA-ES (mu_w=2.6,w_1=52%) in dimension 4 (seed=498184, Tue Jun 22 13:12:27 2021)
Iterat #Fevals   function value  axis ratio  sigma  min&max std  t[m:s]
    1      8 4.166843197105150e-01 1.0e+00 1.54e+00  1e+00  2e+00 0:07.9
    2     16 2.169964923408889e-01 1.4e+00 1.68e+00  1e+00  2e+00 0:16.0
    3     24 4.552037154842936e-01 1.7e+00 1.57e+00  1e+00  2e+00 0:24.6
    4     32 2.549455756924429e-01 1.5e+00 1.48e+00  1e+00  2e+00 0:32.8
    5     40 4.416256898635323e-01 1.6e+00 1.51e+00  1e+00  2e+00 0:41.1
    6     48 2.461176504608051e-01 1.5e+00 1.53e+00  1e+00  1e+00 0:49.0
    7     56 8.025006746278818e-02 1.4e+00 1.34e+00  1e+00  1e+00 0:57.0
    8     64 1.158126096974083e-01 1.6e+00 1.79e+00  1e+00  2e+00 1:04.7
    9     72 2.720393673183139e-01 2.2e+00 1.99e+00  1e+00  2e+00 1:12.9
   11     88 1.609361502311680e-01 2.5e+00 1.77e+00  1e+00  1e+00 1:29.5
   13    104 2.050757494541999e-02 2.8e+00 1.28e+00  9e-01  1e+00 1:46.6
   15    120 1.126322924560541e-02 3.1e+00 1.14e+00  7e-01  9e-01 2:03.0
   17    136 4.962576336563751e-02 3.0e+00 9.46e-01  5e-01  8e-01 2:18.7
   19    152 5.060949113290869e-02 3.3e+00 1.20e+00  6e-01  1e+00 2:34.6
   21    168 2.380408838254100e-02 3.6e+00 1.10e+00  6e-01  1e+00 2:51.4
   23    184 3.574561398919995e-02 5.0e+00 1.06e+00  6e-01  1e+00 3:07.2
   25    200 9.367889833429288e-04 6.0e+00 8.36e-01  5e-01  8e-01 3:23.4
   28    224 1.813585456321587e-02 6.9e+00 7.94e-01  4e-01  8e-01 3:48.2
   31    248 8.649229882350173e-03 9.2e+00 7.15e-01  3e-01  7e-01 4:13.3
   34    272 1.437239746348840e-02 8.7e+00 7.31e-01  3e-01  7e-01 4:39.7
   37    296 3.147540470054944e-03 9.2e+00 6.60e-01  2e-01  6e-01 5:04.6
   38    304 1.381138436020724e-04 9.3e+00 5.95e-01  2e-01  5e-01 5:12.8
termination on ftarget=0.0005
final/bestever f-value = 1.381138e-04 1.381138e-04
incumbent solution: [8.232640472109912, 8.525876472037156, 1.4398721867453226, 0.3503049624338604]
std deviation: [0.39428486697219445, 0.1810353392252397, 0.5227124597589039, 0.5092312234792808]
CMAEvolutionStrategyResult(xbest=array([8.18859792, 8.40855871, 1.56166488, 0.45182276]), fbest=0.00013811384360207235, evals_best=299, evaluations=304, iterations=38, xfavorite=array([8.23264047, 8.52587647, 1.43987219, 0.35030496]), stds=array([0.39428487, 0.18103534, 0.52271246, 0.50923122]), stop={'ftarget': 0.0005})
2 10
(4_w,8)-aCMA-ES (mu_w=2.6,w_1=52%) in dimension 4 (seed=467113, Tue Jun 22 13:17:40 2021)
Iterat #Fevals   function value  axis ratio  sigma  min&max std  t[m:s]
    1      8 3.196182390324013e-01 1.0e+00 1.57e+00  1e+00  2e+00 0:07.8
    2     16 4.378732001952993e-01 1.6e+00 1.63e+00  1e+00  2e+00 0:16.4
    3     24 2.763544659596235e-01 1.7e+00 1.80e+00  1e+00  2e+00 0:24.4
    4     32 2.052615463750811e-01 1.9e+00 1.93e+00  1e+00  3e+00 0:32.4
    5     40 4.407153429943335e-01 2.2e+00 1.62e+00  1e+00  2e+00 0:40.2
    6     48 4.017309903049658e-01 2.3e+00 1.61e+00  1e+00  2e+00 0:48.7
    7     56 2.736692858361889e-02 2.1e+00 1.36e+00  9e-01  2e+00 0:56.6
    8     64 2.924568956616255e-01 2.4e+00 1.19e+00  8e-01  2e+00 1:04.6
    9     72 2.042363231982613e-01 2.8e+00 1.50e+00  9e-01  2e+00 1:12.8
   11     88 8.411352367001790e-02 3.9e+00 1.48e+00  9e-01  3e+00 1:29.2
   13    104 3.765112356008959e-01 4.1e+00 1.40e+00  9e-01  2e+00 1:46.2
   15    120 2.543999558142498e-01 3.7e+00 9.72e-01  6e-01  1e+00 2:02.5
   17    136 8.514620305623199e-02 2.9e+00 6.94e-01  4e-01  7e-01 2:19.0
   18    144 4.396507395574289e-04 2.7e+00 7.54e-01  5e-01  7e-01 2:27.1
termination on ftarget=0.0005
final/bestever f-value = 4.396507e-04 4.396507e-04
incumbent solution: [4.647145540776497, 7.789314137221622, 4.572139843218493, 1.9593007671097664]
std deviation: [0.481624856945295, 0.4617268570688147, 0.46630640455515976, 0.6783623468841805]
CMAEvolutionStrategyResult(xbest=array([4.8006941 , 7.69996748, 4.69830194, 1.88377452]), fbest=0.00043965073955742895, evals_best=138, evaluations=144, iterations=18, xfavorite=array([4.64714554, 7.78931414, 4.57213984, 1.95930077]), stds=array([0.48162486, 0.46172686, 0.4663064 , 0.67836235]), stop={'ftarget': 0.0005})
3 10
(4_w,8)-aCMA-ES (mu_w=2.6,w_1=52%) in dimension 4 (seed=481305, Tue Jun 22 13:20:07 2021)
Iterat #Fevals   function value  axis ratio  sigma  min&max std  t[m:s]
    1      8 2.480399126609254e-01 1.0e+00 1.35e+00  1e+00  1e+00 0:08.4
    2     16 1.016749388377196e-01 1.2e+00 1.27e+00  1e+00  1e+00 0:16.6
    3     24 1.065182247067512e-01 1.3e+00 1.28e+00  1e+00  1e+00 0:24.8
    4     32 4.772274342852767e-02 1.4e+00 1.20e+00  9e-01  1e+00 0:33.2
    5     40 5.498879202316187e-02 1.5e+00 1.12e+00  8e-01  1e+00 0:41.3
    6     48 1.606922367504534e-01 1.6e+00 9.27e-01  6e-01  1e+00 0:49.4
    7     56 1.245782164168618e-02 2.1e+00 8.03e-01  5e-01  1e+00 0:57.3
    8     64 1.487597628640140e-01 2.2e+00 7.95e-01  5e-01  1e+00 1:05.2
   10     80 6.505912479383313e-02 2.4e+00 6.46e-01  4e-01  7e-01 1:21.5
   12     96 1.515493871386819e-02 2.2e+00 4.89e-01  3e-01  5e-01 1:38.0
   14    112 1.516490837217388e-02 2.2e+00 5.84e-01  4e-01  5e-01 1:54.1
   16    128 2.874669284872566e-03 2.3e+00 4.83e-01  3e-01  4e-01 2:10.0
   18    144 1.317827716064823e-02 2.3e+00 4.31e-01  2e-01  4e-01 2:26.3
   20    160 9.374441613754003e-03 2.5e+00 3.93e-01  2e-01  3e-01 2:42.2
   22    176 5.750419968395315e-03 3.0e+00 4.03e-01  2e-01  3e-01 2:58.8
   24    192 9.533099114380938e-03 3.1e+00 2.88e-01  1e-01  2e-01 3:15.1
   26    208 2.060725450039325e-04 3.0e+00 3.39e-01  1e-01  2e-01 3:31.4
termination on ftarget=0.0005
final/bestever f-value = 2.060725e-04 2.060725e-04
incumbent solution: [2.7030566821879325, 5.760618929286825, 3.6389870066307006, 4.494540248213241]
std deviation: [0.22996054712006375, 0.15662138001090886, 0.22624135212811458, 0.11270260841145041]
CMAEvolutionStrategyResult(xbest=array([2.66582625, 5.718332  , 3.56483718, 4.54360079]), fbest=0.00020607254500393246, evals_best=206, evaluations=208, iterations=26, xfavorite=array([2.70305668, 5.76061893, 3.63898701, 4.49454025]), stds=array([0.22996055, 0.15662138, 0.22624135, 0.11270261]), stop={'ftarget': 0.0005})
4 10
(4_w,8)-aCMA-ES (mu_w=2.6,w_1=52%) in dimension 4 (seed=490406, Tue Jun 22 13:23:39 2021)
Iterat #Fevals   function value  axis ratio  sigma  min&max std  t[m:s]
    1      8 7.001566589799402e-01 1.0e+00 1.38e+00  1e+00  1e+00 0:08.2
    2     16 6.456226663663853e-01 1.1e+00 1.55e+00  1e+00  2e+00 0:16.1
    3     24 3.876182269594119e-02 1.5e+00 1.74e+00  2e+00  2e+00 0:25.2
    4     32 1.562837582491579e-01 1.7e+00 1.77e+00  1e+00  3e+00 0:33.3
    5     40 2.795936244901333e-01 1.9e+00 1.65e+00  1e+00  2e+00 0:41.6
    6     48 3.444559250350582e-01 2.0e+00 1.54e+00  1e+00  2e+00 0:49.8
    7     56 5.690182921836704e-01 2.1e+00 1.39e+00  9e-01  2e+00 0:57.8
    8     64 5.063431756352730e-01 2.4e+00 1.18e+00  8e-01  2e+00 1:06.5
    9     72 1.416926030616991e-01 2.6e+00 1.30e+00  7e-01  2e+00 1:14.5
   11     88 9.647646277082489e-02 3.9e+00 1.10e+00  6e-01  2e+00 1:30.8
   13    104 1.220979953670432e-01 3.7e+00 1.02e+00  5e-01  2e+00 1:47.7
   15    120 1.125923776287315e-01 4.5e+00 8.02e-01  4e-01  1e+00 2:04.9
   17    136 1.086517000776915e-01 5.3e+00 6.95e-01  3e-01  1e+00 2:21.2
   19    152 4.489085665620518e-02 4.7e+00 5.92e-01  3e-01  8e-01 2:37.7
   21    168 6.932518433347523e-03 5.2e+00 6.38e-01  2e-01  9e-01 2:54.3
   23    184 5.232154110711607e-02 5.7e+00 6.46e-01  3e-01  9e-01 3:11.2
   25    200 5.446783278502521e-02 6.3e+00 5.25e-01  2e-01  7e-01 3:28.0
   28    224 2.740884508767771e-02 5.9e+00 4.15e-01  2e-01  4e-01 3:52.4
   31    248 2.586391874947636e-02 5.4e+00 3.45e-01  1e-01  3e-01 4:17.4
   34    272 3.750653928708714e-02 7.8e+00 2.66e-01  9e-02  2e-01 4:42.0
   37    296 4.088242155105326e-02 5.4e+00 2.38e-01  8e-02  2e-01 5:06.3
   40    320 1.952949307988028e-02 6.5e+00 1.79e-01  5e-02  1e-01 5:31.6
   43    344 6.343489510392430e-03 7.6e+00 2.02e-01  7e-02  2e-01 5:56.2
   46    368 2.705146061447894e-03 8.0e+00 1.39e-01  4e-02  9e-02 6:21.4
   49    392 4.236461754452470e-03 9.0e+00 1.02e-01  3e-02  6e-02 6:46.3
   52    416 6.633405965090766e-03 8.2e+00 1.02e-01  3e-02  5e-02 7:12.0
   56    448 3.439856169201549e-02 8.5e+00 1.39e-01  4e-02  6e-02 7:45.6
   60    480 3.003320850255431e-02 7.8e+00 1.10e-01  2e-02  5e-02 8:19.2
   64    512 4.736003751813556e-02 7.0e+00 1.18e-01  3e-02  5e-02 8:52.4
   68    544 1.118996700523511e-02 6.5e+00 9.86e-02  2e-02  4e-02 9:25.5
   72    576 4.102237007663767e-03 4.9e+00 8.76e-02  1e-02  3e-02 9:58.1
   76    608 8.237881013494430e-03 5.3e+00 7.91e-02  1e-02  3e-02 10:32.3
   80    640 1.496830480758959e-02 4.3e+00 5.60e-02  8e-03  2e-02 11:05.2
   84    672 5.701052310493115e-03 4.3e+00 8.51e-02  1e-02  2e-02 11:38.6
   89    712 1.433710182993320e-03 4.6e+00 1.30e-01  2e-02  4e-02 12:20.8
   94    752 4.812315195445283e-02 4.9e+00 1.55e-01  2e-02  3e-02 13:01.6
   99    792 2.366939489595710e-02 6.6e+00 3.12e-01  4e-02  6e-02 13:43.3
  100    800 4.750800189270077e-02 6.3e+00 2.90e-01  3e-02  6e-02 13:51.5
  103    824 9.023638513361298e-05 7.2e+00 1.73e-01  2e-02  3e-02 14:16.0
termination on ftarget=0.0005
final/bestever f-value = 9.023639e-05 9.023639e-05
incumbent solution: [11.780115498968733, -1.3310444693388381, 5.385498107343173, 5.291440692478993]
std deviation: [0.03405066400563315, 0.029364684418664216, 0.02058075043023731, 0.02449736858211465]
CMAEvolutionStrategyResult(xbest=array([11.80796909, -1.31632604,  5.37060007,  5.28794152]), fbest=9.023638513361298e-05, evals_best=824, evaluations=824, iterations=103, xfavorite=array([11.7801155 , -1.33104447,  5.38549811,  5.29144069]), stds=array([0.03405066, 0.02936468, 0.02058075, 0.02449737]), stop={'ftarget': 0.0005})
5 10
(4_w,8)-aCMA-ES (mu_w=2.6,w_1=52%) in dimension 4 (seed=491302, Tue Jun 22 13:37:55 2021)
Iterat #Fevals   function value  axis ratio  sigma  min&max std  t[m:s]
    1      8 2.756841960766736e-01 1.0e+00 1.76e+00  2e+00  2e+00 0:08.1
    2     16 1.013583481906006e-01 1.6e+00 1.95e+00  2e+00  2e+00 0:16.1
    3     24 3.007589333052701e-01 1.9e+00 2.11e+00  2e+00  3e+00 0:24.2
    4     32 4.182644546821049e-01 2.0e+00 2.17e+00  2e+00  3e+00 0:32.3
    5     40 3.209234886005954e-01 2.4e+00 1.95e+00  2e+00  2e+00 0:40.3
    6     48 1.276200514351802e-01 2.5e+00 2.13e+00  2e+00  3e+00 0:48.6
    7     56 1.968060504099541e-01 3.0e+00 2.17e+00  2e+00  3e+00 0:56.5
    8     64 2.247610145588840e-01 3.2e+00 2.03e+00  1e+00  3e+00 1:04.9
    9     72 4.310549592350952e-01 3.2e+00 2.16e+00  1e+00  3e+00 1:13.0
   11     88 5.631137568137452e-01 3.2e+00 1.83e+00  1e+00  2e+00 1:29.5
   13    104 1.390978980981572e-02 3.1e+00 2.00e+00  1e+00  2e+00 1:45.4
   15    120 6.934285966173281e-02 2.8e+00 1.76e+00  9e-01  2e+00 2:01.8
   17    136 1.440917515000578e-01 3.7e+00 1.97e+00  8e-01  3e+00 2:18.0
   19    152 4.774653570122078e-03 5.1e+00 1.55e+00  6e-01  2e+00 2:34.3
   21    168 9.083468777579595e-03 5.3e+00 1.18e+00  4e-01  2e+00 2:50.5
   23    184 6.599722071213265e-02 7.3e+00 1.08e+00  4e-01  2e+00 3:07.5
   25    200 8.346818681410295e-03 7.7e+00 1.01e+00  3e-01  1e+00 3:24.1
   28    224 3.023763689487335e-02 6.2e+00 9.08e-01  3e-01  1e+00 3:48.8
   31    248 7.131098131786473e-03 6.8e+00 7.04e-01  2e-01  7e-01 4:13.4
   34    272 3.833233386571155e-03 6.2e+00 7.23e-01  2e-01  7e-01 4:38.8
   37    296 2.515340100691210e-03 6.7e+00 5.27e-01  1e-01  5e-01 5:03.5
   39    312 3.774622350702916e-04 7.1e+00 3.96e-01  8e-02  4e-01 5:20.4
termination on ftarget=0.0005
final/bestever f-value = 3.774622e-04 3.774622e-04
incumbent solution: [7.929424290182463, 6.107602592937015, 12.401517864832554, 5.376504058731535]
std deviation: [0.3576281613002055, 0.08228000011114121, 0.2817085949955709, 0.10647069946560858]
CMAEvolutionStrategyResult(xbest=array([ 7.52020739,  6.0860165 , 12.35871924,  5.37011927]), fbest=0.00037746223507029164, evals_best=308, evaluations=312, iterations=39, xfavorite=array([ 7.92942429,  6.10760259, 12.40151786,  5.37650406]), stds=array([0.35762816, 0.08228   , 0.28170859, 0.1064707 ]), stop={'ftarget': 0.0005})
6 10
(4_w,8)-aCMA-ES (mu_w=2.6,w_1=52%) in dimension 4 (seed=499987, Tue Jun 22 13:43:15 2021)
Iterat #Fevals   function value  axis ratio  sigma  min&max std  t[m:s]
    1      8 3.047444962668059e-01 1.0e+00 1.44e+00  1e+00  2e+00 0:08.4
    2     16 1.488649497450121e-01 1.3e+00 1.28e+00  1e+00  1e+00 0:16.5
    3     24 2.031098732383153e-01 1.4e+00 1.26e+00  1e+00  1e+00 0:24.8
    4     32 1.760227673223916e-01 1.8e+00 1.30e+00  1e+00  1e+00 0:33.3
    5     40 6.412307768295678e-02 1.9e+00 1.33e+00  1e+00  1e+00 0:41.3
    6     48 3.204107513996557e-02 2.0e+00 1.11e+00  9e-01  1e+00 0:49.5
    7     56 5.150078325339191e-02 2.1e+00 8.76e-01  7e-01  8e-01 0:58.0
    8     64 1.234195677144201e-02 2.4e+00 7.82e-01  6e-01  7e-01 1:05.9
    9     72 3.023017384491622e-03 2.7e+00 6.99e-01  5e-01  6e-01 1:14.4
   11     88 3.103579998412309e-02 2.6e+00 6.43e-01  5e-01  6e-01 1:30.9
   13    104 1.028038356424887e-02 2.5e+00 5.14e-01  3e-01  5e-01 1:47.5
   15    120 2.063297913559192e-03 3.2e+00 4.45e-01  2e-01  4e-01 2:04.5
   17    136 2.021288811784316e-04 3.8e+00 3.85e-01  2e-01  4e-01 2:20.8
termination on ftarget=0.0005
final/bestever f-value = 2.021289e-04 2.021289e-04
incumbent solution: [4.948428060088945, -0.3613449103333985, 0.9608715573321984, 0.9776165473758937]
std deviation: [0.3663916391637922, 0.3000809509662012, 0.18114554987455594, 0.2697089495247659]
CMAEvolutionStrategyResult(xbest=array([ 5.05998166, -0.51267074,  1.0910779 ,  1.05020042]), fbest=0.00020212888117843164, evals_best=136, evaluations=136, iterations=17, xfavorite=array([ 4.94842806, -0.36134491,  0.96087156,  0.97761655]), stds=array([0.36639164, 0.30008095, 0.18114555, 0.26970895]), stop={'ftarget': 0.0005})
7 10
(4_w,8)-aCMA-ES (mu_w=2.6,w_1=52%) in dimension 4 (seed=492340, Tue Jun 22 13:45:36 2021)
Iterat #Fevals   function value  axis ratio  sigma  min&max std  t[m:s]
    1      8 3.780911611742737e-01 1.0e+00 1.32e+00  1e+00  1e+00 0:08.5
    2     16 5.056865629443856e-01 1.4e+00 1.21e+00  1e+00  1e+00 0:17.0
    3     24 3.483392110496594e-01 1.5e+00 1.37e+00  1e+00  2e+00 0:25.0
    4     32 3.991064531134979e-01 1.5e+00 1.37e+00  1e+00  1e+00 0:33.2
    5     40 3.120069643460326e-01 1.7e+00 1.43e+00  1e+00  2e+00 0:41.9
    6     48 3.286922046130324e-01 1.6e+00 1.39e+00  1e+00  2e+00 0:50.0
    7     56 3.063905608899882e-01 1.7e+00 1.37e+00  1e+00  1e+00 0:58.7
    8     64 2.457353120879517e-01 1.8e+00 1.15e+00  9e-01  1e+00 1:06.6
    9     72 1.526356638711344e-01 1.8e+00 1.01e+00  7e-01  9e-01 1:15.2
   11     88 6.256193450111680e-02 1.9e+00 6.50e-01  4e-01  6e-01 1:31.9
   13    104 2.436978352569452e-02 2.2e+00 6.87e-01  4e-01  7e-01 1:48.4
   15    120 8.796060355504842e-04 2.5e+00 4.78e-01  2e-01  4e-01 2:04.6
   17    136 9.853090694778022e-04 2.6e+00 3.95e-01  1e-01  3e-01 2:21.0
   19    152 4.581251394383257e-04 2.5e+00 3.15e-01  1e-01  3e-01 2:37.0
termination on ftarget=0.0005
final/bestever f-value = 4.581251e-04 4.581251e-04
incumbent solution: [8.091384254142438, 2.1877551035236884, 6.2851916839226645, 4.2215538070321825]
std deviation: [0.10374768887965927, 0.19046432930158264, 0.17309234372140045, 0.25523522942133553]
CMAEvolutionStrategyResult(xbest=array([8.04187097, 2.27717936, 6.46094512, 4.32469592]), fbest=0.00045812513943832567, evals_best=149, evaluations=152, iterations=19, xfavorite=array([8.09138425, 2.1877551 , 6.28519168, 4.22155381]), stds=array([0.10374769, 0.19046433, 0.17309234, 0.25523523]), stop={'ftarget': 0.0005})
8 10
(4_w,8)-aCMA-ES (mu_w=2.6,w_1=52%) in dimension 4 (seed=476534, Tue Jun 22 13:48:13 2021)
Iterat #Fevals   function value  axis ratio  sigma  min&max std  t[m:s]
    1      8 4.481212836693501e-01 1.0e+00 1.36e+00  1e+00  1e+00 0:08.6
    2     16 2.679222206350027e-01 1.2e+00 1.35e+00  1e+00  1e+00 0:16.5
    3     24 2.755530582363058e-01 1.3e+00 1.35e+00  1e+00  1e+00 0:25.0
    4     32 1.322534112652426e-01 1.5e+00 1.28e+00  1e+00  1e+00 0:33.1
    5     40 5.136076177421423e-02 1.6e+00 1.15e+00  8e-01  1e+00 0:41.3
    6     48 3.225800619239255e-01 1.8e+00 1.12e+00  8e-01  1e+00 0:49.7
    7     56 6.970983635004369e-02 2.2e+00 9.87e-01  7e-01  1e+00 0:58.3
    8     64 1.671981773949553e-01 2.0e+00 8.24e-01  5e-01  9e-01 1:06.4
    9     72 1.709763638683537e-02 2.2e+00 6.82e-01  4e-01  7e-01 1:14.5
   10     80 9.115294696020459e-04 2.3e+00 5.75e-01  3e-01  6e-01 1:24.1
   12     96 6.118206081976330e-03 2.9e+00 4.48e-01  3e-01  6e-01 1:40.4
   14    112 1.314282347660145e-02 3.0e+00 5.04e-01  3e-01  6e-01 1:57.4
   16    128 2.106096397512869e-02 2.8e+00 4.13e-01  2e-01  4e-01 2:14.0
   18    144 3.489831041173952e-03 2.8e+00 3.44e-01  2e-01  3e-01 2:30.4
   20    160 3.515233312756272e-03 2.7e+00 5.73e-01  3e-01  5e-01 2:47.1
   22    176 1.486288843148120e-02 2.9e+00 4.42e-01  2e-01  4e-01 3:03.4
   24    192 1.044115469375129e-02 3.4e+00 3.15e-01  1e-01  3e-01 3:19.7
   27    216 5.440494691962616e-03 4.0e+00 2.80e-01  1e-01  2e-01 3:44.1
   30    240 2.147613104881985e-03 5.0e+00 2.71e-01  1e-01  2e-01 4:09.7
   33    264 2.349171614009937e-03 4.7e+00 2.20e-01  7e-02  2e-01 4:34.2
   36    288 2.676059393675434e-03 4.2e+00 1.98e-01  6e-02  2e-01 4:59.4
   39    312 1.121518574828007e-02 5.6e+00 2.20e-01  7e-02  2e-01 5:24.0
   42    336 3.011564211034212e-03 5.9e+00 1.74e-01  5e-02  1e-01 5:48.6
   45    360 1.226619032337295e-02 6.5e+00 1.78e-01  6e-02  1e-01 6:14.0
   48    384 8.131639623176645e-03 7.8e+00 1.59e-01  6e-02  1e-01 6:38.8
   52    416 4.618246735051845e-03 1.2e+01 1.25e-01  5e-02  1e-01 7:11.9
   56    448 4.292917597195522e-03 9.1e+00 1.87e-01  7e-02  1e-01 7:44.8
   60    480 3.411505922948366e-03 9.8e+00 1.36e-01  4e-02  8e-02 8:17.5
   61    488 1.181518963697670e-04 9.4e+00 1.31e-01  4e-02  7e-02 8:26.3
termination on ftarget=0.0005
final/bestever f-value = 1.181519e-04 1.181519e-04
incumbent solution: [3.3413175768260537, 1.4619639727049518, 1.5744513290441444, 1.6132692419690573]
std deviation: [0.04744776635585482, 0.036468719398609975, 0.07140138612821699, 0.03777706643896208]
CMAEvolutionStrategyResult(xbest=array([3.31167154, 1.50038058, 1.46722796, 1.60315917]), fbest=0.00011815189636976697, evals_best=486, evaluations=488, iterations=61, xfavorite=array([3.34131758, 1.46196397, 1.57445133, 1.61326924]), stds=array([0.04744777, 0.03646872, 0.07140139, 0.03777707]), stop={'ftarget': 0.0005})
9 10
(4_w,8)-aCMA-ES (mu_w=2.6,w_1=52%) in dimension 4 (seed=435500, Tue Jun 22 13:56:40 2021)
Iterat #Fevals   function value  axis ratio  sigma  min&max std  t[m:s]
    1      8 2.673084230914309e-01 1.0e+00 1.48e+00  1e+00  2e+00 0:08.2
    2     16 4.568364451913527e-01 1.3e+00 1.37e+00  1e+00  1e+00 0:17.9
    3     24 3.695696109172054e-01 1.4e+00 1.24e+00  9e-01  1e+00 0:25.9
    4     32 4.180141275940725e-01 1.5e+00 1.20e+00  8e-01  1e+00 0:34.4
    5     40 1.055742342455885e-01 1.7e+00 9.52e-01  6e-01  1e+00 0:42.6
    6     48 1.122048775208886e-01 1.9e+00 8.39e-01  5e-01  8e-01 0:51.3
    7     56 5.097210463296142e-02 1.8e+00 9.69e-01  7e-01  1e+00 0:59.5
    8     64 1.550176582347351e-02 1.9e+00 1.03e+00  7e-01  1e+00 1:07.9
    9     72 9.247661965765985e-03 2.1e+00 8.40e-01  5e-01  8e-01 1:16.1
   11     88 5.493115761160072e-03 2.7e+00 9.63e-01  7e-01  9e-01 1:32.3
   13    104 3.477538930672230e-02 3.3e+00 8.75e-01  6e-01  8e-01 1:48.9
   15    120 3.646411942799732e-02 3.5e+00 8.56e-01  5e-01  8e-01 2:04.8
   17    136 6.870134954123586e-03 3.7e+00 6.72e-01  4e-01  5e-01 2:21.1
   19    152 1.324349647365197e-02 3.2e+00 4.36e-01  2e-01  3e-01 2:37.4
   21    168 2.028465387204381e-02 3.2e+00 3.95e-01  2e-01  2e-01 2:54.0
   23    184 1.177068113129187e-02 3.2e+00 3.32e-01  2e-01  2e-01 3:10.0
   26    208 2.457815816339748e-03 3.6e+00 3.18e-01  1e-01  2e-01 3:34.0
   29    232 9.943146918257373e-03 3.4e+00 2.65e-01  1e-01  2e-01 3:58.5
   32    256 2.790808505855891e-03 4.5e+00 2.49e-01  9e-02  2e-01 4:23.9
   35    280 5.557887546645213e-03 5.0e+00 1.99e-01  7e-02  1e-01 4:48.5
   38    304 5.124488341590405e-03 6.5e+00 2.46e-01  9e-02  2e-01 5:13.2
   41    328 7.112874566918892e-03 8.3e+00 2.16e-01  8e-02  1e-01 5:38.2
   44    352 6.333274401757238e-03 8.1e+00 1.83e-01  6e-02  1e-01 6:03.3
   47    376 9.895075213008919e-04 7.3e+00 1.80e-01  5e-02  1e-01 6:28.0
   50    400 2.371534236602857e-03 5.4e+00 1.55e-01  4e-02  7e-02 6:52.1
   54    432 1.138615926769326e-02 5.5e+00 1.47e-01  4e-02  6e-02 7:25.1
   58    464 4.961415428203719e-03 5.5e+00 1.38e-01  3e-02  5e-02 7:57.5
   59    472 3.017565728864469e-04 5.5e+00 1.41e-01  4e-02  5e-02 8:05.6
termination on ftarget=0.0005
final/bestever f-value = 3.017566e-04 3.017566e-04
incumbent solution: [1.577438647011073, 5.616847027074572, 3.4473428771092607, 3.6312784296434684]
std deviation: [0.03987115745887783, 0.05044788628023702, 0.035795280325551904, 0.04707057972559955]
CMAEvolutionStrategyResult(xbest=array([1.60849892, 5.64710061, 3.44367595, 3.61522291]), fbest=0.00030175657288644686, evals_best=466, evaluations=472, iterations=59, xfavorite=array([1.57743865, 5.61684703, 3.44734288, 3.63127843]), stds=array([0.03987116, 0.05044789, 0.03579528, 0.04707058]), stop={'ftarget': 0.0005})
