0 10
(4_w,8)-aCMA-ES (mu_w=2.6,w_1=52%) in dimension 4 (seed=556112, Tue Jun 22 13:07:09 2021)
circuitVTD.py:347: DeprecationWarning: The QuantumCircuit.__add__() method is being deprecated.Use the compose() method which is more flexible w.r.t circuit register compatibility.
  TrotterFixStepList.append(TrotterFixStepList[-1] + U_trot)
/home/nfb1/.local/lib/python3.7/site-packages/qiskit/circuit/quantumcircuit.py:869: DeprecationWarning: The QuantumCircuit.combine() method is being deprecated. Use the compose() method which is more flexible w.r.t circuit register compatibility.
  return self.combine(rhs)
Iterat #Fevals   function value  axis ratio  sigma  min&max std  t[m:s]
    1      8 3.127143224737705e-01 1.0e+00 1.71e+00  2e+00  2e+00 0:05.9
    2     16 1.823463127582319e-01 1.5e+00 1.70e+00  1e+00  2e+00 0:11.6
    3     24 3.545305109926816e-01 1.9e+00 1.68e+00  1e+00  2e+00 0:17.6
    4     32 3.017642482007401e-01 1.8e+00 1.56e+00  1e+00  2e+00 0:23.4
    5     40 6.620193794454221e-02 2.1e+00 1.36e+00  1e+00  1e+00 0:29.3
    6     48 3.107769423558900e-01 2.1e+00 1.48e+00  1e+00  1e+00 0:35.2
    8     64 1.611689064267784e-01 2.0e+00 1.12e+00  9e-01  1e+00 0:47.2
   10     80 4.732179450802387e-02 2.1e+00 1.09e+00  8e-01  1e+00 0:58.9
   12     96 3.857768889276048e-02 2.6e+00 8.22e-01  5e-01  8e-01 1:10.9
   14    112 1.143719606894644e-02 2.8e+00 6.77e-01  4e-01  6e-01 1:22.7
   16    128 4.210215554753427e-03 2.8e+00 5.74e-01  3e-01  5e-01 1:34.5
   18    144 2.732739609864199e-02 3.2e+00 5.18e-01  3e-01  5e-01 1:46.4
   21    168 9.682715413281695e-03 3.8e+00 4.32e-01  2e-01  4e-01 2:04.1
   24    192 8.222337773701405e-03 4.0e+00 5.76e-01  3e-01  6e-01 2:21.7
   27    216 1.228376886271509e-02 5.7e+00 8.10e-01  5e-01  9e-01 2:39.4
   30    240 6.683710144456778e-02 6.5e+00 7.87e-01  5e-01  7e-01 2:57.3
   33    264 8.447628560414699e-03 7.4e+00 8.80e-01  5e-01  9e-01 3:15.1
   36    288 4.988781982131485e-04 7.8e+00 6.22e-01  3e-01  6e-01 3:33.1
termination on ftarget=0.0005
final/bestever f-value = 4.988782e-04 4.988782e-04
incumbent solution: [2.3421077965286603, 1.4573544925695994, -0.15163265298285544, 1.2330760128653036]
std deviation: [0.3074553439621018, 0.6119985945004051, 0.5652381299624778, 0.4311300790567363]
CMAEvolutionStrategyResult(xbest=array([ 2.26791951,  1.6282967 , -0.28979404,  0.97694866]), fbest=0.0004988781982131485, evals_best=288, evaluations=288, iterations=36, xfavorite=array([ 2.3421078 ,  1.45735449, -0.15163265,  1.23307601]), stds=array([0.30745534, 0.61199859, 0.56523813, 0.43113008]), stop={'ftarget': 0.0005})
1 10
(4_w,8)-aCMA-ES (mu_w=2.6,w_1=52%) in dimension 4 (seed=535873, Tue Jun 22 13:10:42 2021)
Iterat #Fevals   function value  axis ratio  sigma  min&max std  t[m:s]
    1      8 9.074898301029000e-02 1.0e+00 1.33e+00  1e+00  1e+00 0:07.1
    2     16 3.533559365956929e-02 1.2e+00 1.28e+00  1e+00  1e+00 0:14.8
    3     24 2.504622633025511e-02 1.4e+00 1.08e+00  9e-01  1e+00 0:22.2
    4     32 6.461844265837002e-02 1.5e+00 9.36e-01  7e-01  1e+00 0:29.8
    5     40 1.736903976241547e-01 1.8e+00 7.83e-01  6e-01  8e-01 0:37.1
    6     48 4.089902387006816e-02 2.0e+00 7.17e-01  5e-01  7e-01 0:44.4
    7     56 1.809486732219701e-02 2.2e+00 8.17e-01  6e-01  8e-01 0:51.7
    8     64 7.482850716347622e-02 2.4e+00 8.45e-01  6e-01  9e-01 0:59.1
   10     80 1.497122297858633e-02 2.4e+00 7.97e-01  5e-01  9e-01 1:13.8
   12     96 7.814002858486335e-02 2.9e+00 8.80e-01  6e-01  9e-01 1:28.4
   14    112 1.150444643876982e-01 3.6e+00 6.81e-01  4e-01  7e-01 1:42.7
   16    128 1.213238868220534e-02 3.8e+00 6.54e-01  4e-01  7e-01 1:57.0
   18    144 3.232603166166692e-02 3.8e+00 6.40e-01  4e-01  7e-01 2:11.2
   20    160 5.338516735302568e-02 4.3e+00 5.70e-01  4e-01  6e-01 2:25.7
   22    176 7.655710853672781e-03 4.3e+00 4.60e-01  3e-01  5e-01 2:40.0
   24    192 4.256259617317903e-04 5.5e+00 5.68e-01  4e-01  6e-01 2:54.3
termination on ftarget=0.0005
final/bestever f-value = 4.256260e-04 4.256260e-04
incumbent solution: [1.0380202702765173, 1.370235163416319, 2.569380861044636, 1.297392640416794]
std deviation: [0.611695158674003, 0.4460880511603915, 0.4415626106382686, 0.4047748712489357]
CMAEvolutionStrategyResult(xbest=array([0.79817238, 1.26802563, 2.67486859, 1.34285254]), fbest=0.00042562596173179035, evals_best=186, evaluations=192, iterations=24, xfavorite=array([1.03802027, 1.37023516, 2.56938086, 1.29739264]), stds=array([0.61169516, 0.44608805, 0.44156261, 0.40477487]), stop={'ftarget': 0.0005})
2 10
(4_w,8)-aCMA-ES (mu_w=2.6,w_1=52%) in dimension 4 (seed=428580, Tue Jun 22 13:13:37 2021)
Iterat #Fevals   function value  axis ratio  sigma  min&max std  t[m:s]
    1      8 6.742873597251453e-03 1.0e+00 1.48e+00  1e+00  2e+00 0:07.1
    2     16 1.271832923423242e-01 1.2e+00 1.50e+00  1e+00  2e+00 0:14.2
    3     24 1.674146131728182e-02 1.6e+00 1.34e+00  1e+00  1e+00 0:21.2
    4     32 4.250318390219058e-01 1.5e+00 1.29e+00  1e+00  1e+00 0:28.4
    5     40 1.173717239599863e-01 1.5e+00 1.19e+00  9e-01  1e+00 0:35.4
    6     48 1.505068676463165e-01 1.6e+00 1.06e+00  7e-01  1e+00 0:42.4
    7     56 5.393743257827710e-04 1.9e+00 1.09e+00  7e-01  1e+00 0:50.1
    8     64 1.336681475758938e-03 1.9e+00 9.43e-01  5e-01  9e-01 0:57.1
   10     80 5.052802325805417e-02 2.1e+00 7.77e-01  4e-01  8e-01 1:11.2
   12     96 2.571352165804885e-02 2.4e+00 7.41e-01  4e-01  7e-01 1:25.5
   14    112 1.877151799687015e-01 2.7e+00 7.36e-01  4e-01  8e-01 1:40.6
   16    128 2.005595137463256e-02 2.8e+00 4.88e-01  2e-01  4e-01 1:55.0
   18    144 3.064516129032224e-02 2.8e+00 4.83e-01  2e-01  4e-01 2:10.0
   20    160 1.700021073213875e-02 2.6e+00 5.51e-01  3e-01  4e-01 2:24.5
   22    176 3.173008964774016e-03 2.8e+00 4.67e-01  2e-01  4e-01 2:39.0
   25    200 1.732033783274289e-02 2.9e+00 7.47e-01  4e-01  6e-01 3:00.9
   28    224 5.576422407488679e-02 2.8e+00 6.74e-01  3e-01  5e-01 3:23.3
   31    248 1.433766131104164e-02 3.8e+00 7.53e-01  4e-01  5e-01 3:44.7
   34    272 4.594443184698127e-02 3.8e+00 6.96e-01  3e-01  5e-01 4:06.9
   37    296 7.121132545798048e-03 2.6e+00 7.49e-01  4e-01  5e-01 4:28.9
   40    320 2.283761913324944e-02 2.2e+00 7.96e-01  3e-01  5e-01 4:51.6
   43    344 1.386506575185886e-02 2.0e+00 8.22e-01  3e-01  5e-01 5:13.9
   46    368 3.613469052785589e-04 1.9e+00 5.40e-01  2e-01  3e-01 5:36.4
termination on ftarget=0.0005
final/bestever f-value = 3.613469e-04 3.613469e-04
incumbent solution: [3.7738066430614556, 2.040626863545197, 2.0530971687010378, 8.156791579668788]
std deviation: [0.27113034415862414, 0.25561383055044606, 0.20119603484178883, 0.20620293090734004]
CMAEvolutionStrategyResult(xbest=array([3.88693291, 2.18621107, 1.99305846, 8.25436469]), fbest=0.00036134690527855895, evals_best=366, evaluations=368, iterations=46, xfavorite=array([3.77380664, 2.04062686, 2.05309717, 8.15679158]), stds=array([0.27113034, 0.25561383, 0.20119603, 0.20620293]), stop={'ftarget': 0.0005})
3 10
(4_w,8)-aCMA-ES (mu_w=2.6,w_1=52%) in dimension 4 (seed=468224, Tue Jun 22 13:19:13 2021)
Iterat #Fevals   function value  axis ratio  sigma  min&max std  t[m:s]
    1      8 7.011430965855969e-02 1.0e+00 1.28e+00  1e+00  1e+00 0:07.4
    2     16 1.066577271203490e-01 1.3e+00 1.25e+00  1e+00  1e+00 0:14.3
    3     24 2.312073084099842e-01 1.3e+00 1.54e+00  1e+00  2e+00 0:22.0
    4     32 3.077722698585609e-01 1.8e+00 1.84e+00  1e+00  2e+00 0:29.4
    5     40 3.249905270529518e-01 2.1e+00 1.93e+00  2e+00  3e+00 0:37.0
    6     48 2.786872319767204e-01 2.6e+00 1.68e+00  1e+00  2e+00 0:44.2
    7     56 5.583091993859701e-02 2.6e+00 1.86e+00  1e+00  2e+00 0:51.5
    9     72 3.742756155426360e-01 2.8e+00 2.16e+00  1e+00  3e+00 1:05.9
   11     88 3.795121951219511e-01 3.6e+00 1.86e+00  1e+00  3e+00 1:20.4
   13    104 2.506713331361591e-01 4.1e+00 1.98e+00  1e+00  3e+00 1:35.3
   15    120 5.064082586677058e-01 4.7e+00 1.70e+00  1e+00  2e+00 1:49.7
   17    136 1.055190199871050e-01 5.3e+00 1.35e+00  1e+00  2e+00 2:04.3
   19    152 1.418200674099050e-01 4.7e+00 1.30e+00  1e+00  2e+00 2:18.8
   21    168 9.809844239509347e-02 4.4e+00 1.07e+00  7e-01  1e+00 2:33.5
   23    184 4.675430670125547e-03 4.2e+00 1.53e+00  1e+00  2e+00 2:48.5
   25    200 1.011750154607283e-02 3.9e+00 1.14e+00  8e-01  1e+00 3:03.6
   28    224 1.258976104989507e-02 3.3e+00 9.83e-01  6e-01  7e-01 3:26.1
   31    248 3.518814852001562e-04 4.7e+00 1.10e+00  7e-01  1e+00 3:48.0
termination on ftarget=0.0005
final/bestever f-value = 3.518815e-04 3.518815e-04
incumbent solution: [3.14632376521426, 11.918677755020028, -7.969340369596763, 10.348709042461357]
std deviation: [0.7793600649769976, 0.8231765534650729, 0.6780893433706623, 0.9792615342447513]
CMAEvolutionStrategyResult(xbest=array([ 2.63250808, 12.06774677, -7.74183058,  9.90241275]), fbest=0.00035188148520015616, evals_best=242, evaluations=248, iterations=31, xfavorite=array([ 3.14632377, 11.91867776, -7.96934037, 10.34870904]), stds=array([0.77936006, 0.82317655, 0.67808934, 0.97926153]), stop={'ftarget': 0.0005})
4 10
(4_w,8)-aCMA-ES (mu_w=2.6,w_1=52%) in dimension 4 (seed=504534, Tue Jun 22 13:23:01 2021)
Iterat #Fevals   function value  axis ratio  sigma  min&max std  t[m:s]
    1      8 2.114142335766436e-01 1.0e+00 1.25e+00  1e+00  1e+00 0:07.0
    2     16 2.415045357327249e-01 1.2e+00 9.97e-01  9e-01  1e+00 0:14.0
    3     24 1.028018480696408e-01 1.2e+00 1.00e+00  8e-01  1e+00 0:21.3
    4     32 3.995179465087340e-02 1.4e+00 9.50e-01  7e-01  9e-01 0:28.5
    5     40 1.392705347435008e-02 1.4e+00 1.05e+00  8e-01  1e+00 0:35.9
    6     48 1.519243446072726e-01 1.6e+00 9.36e-01  7e-01  8e-01 0:43.2
    7     56 6.258687105357263e-02 1.6e+00 8.60e-01  7e-01  7e-01 0:50.4
    8     64 1.662728705937133e-01 1.6e+00 8.88e-01  7e-01  9e-01 0:57.8
   10     80 2.942611534469530e-02 1.8e+00 7.30e-01  5e-01  7e-01 1:12.4
   12     96 1.769059187294841e-02 2.0e+00 6.09e-01  3e-01  6e-01 1:26.8
   14    112 3.597241499000403e-02 2.2e+00 5.02e-01  3e-01  5e-01 1:41.3
   16    128 2.067483590204200e-02 2.4e+00 5.37e-01  3e-01  5e-01 1:55.9
   18    144 1.311338575759058e-02 2.5e+00 4.88e-01  2e-01  4e-01 2:10.3
   20    160 5.963429129179465e-03 2.7e+00 4.61e-01  2e-01  4e-01 2:25.1
   22    176 1.325958273383954e-02 3.0e+00 5.86e-01  2e-01  5e-01 2:40.6
   25    200 2.944423997055856e-03 3.2e+00 5.51e-01  2e-01  5e-01 3:02.8
   28    224 7.430265834569516e-03 3.6e+00 5.21e-01  1e-01  5e-01 3:24.7
   31    248 1.061589097753934e-02 5.1e+00 4.01e-01  9e-02  4e-01 3:47.2
   33    264 2.226649478500597e-04 6.5e+00 6.12e-01  1e-01  7e-01 4:01.4
termination on ftarget=0.0005
final/bestever f-value = 2.226649e-04 2.226649e-04
incumbent solution: [2.83611272242174, 5.33080937628928, 4.665412925654233, -0.9068705539927591]
std deviation: [0.7262277733869675, 0.1227060377280259, 0.5693688366831302, 0.21051942733671064]
CMAEvolutionStrategyResult(xbest=array([ 3.26768478,  5.28866043,  4.5361578 , -0.95138474]), fbest=0.00022266494785005975, evals_best=261, evaluations=264, iterations=33, xfavorite=array([ 2.83611272,  5.33080938,  4.66541293, -0.90687055]), stds=array([0.72622777, 0.12270604, 0.56936884, 0.21051943]), stop={'ftarget': 0.0005})
5 10
(4_w,8)-aCMA-ES (mu_w=2.6,w_1=52%) in dimension 4 (seed=471038, Tue Jun 22 13:27:03 2021)
Iterat #Fevals   function value  axis ratio  sigma  min&max std  t[m:s]
    1      8 4.391585912196887e-01 1.0e+00 1.45e+00  1e+00  1e+00 0:07.5
    2     16 4.515696844775650e-01 1.2e+00 1.25e+00  1e+00  1e+00 0:14.6
    3     24 3.536177804278733e-01 1.3e+00 1.27e+00  1e+00  1e+00 0:22.0
    4     32 1.329058114953297e-02 1.5e+00 1.35e+00  1e+00  1e+00 0:29.3
    5     40 1.382878017403546e-01 1.7e+00 1.48e+00  1e+00  2e+00 0:36.3
    6     48 6.234723311021335e-01 1.9e+00 1.43e+00  1e+00  2e+00 0:43.5
    7     56 3.853787152444872e-01 2.0e+00 1.32e+00  1e+00  1e+00 0:51.5
    9     72 1.956149894644069e-01 1.9e+00 1.08e+00  9e-01  1e+00 1:05.4
   11     88 8.938791277971780e-02 2.1e+00 1.16e+00  9e-01  1e+00 1:20.1
   13    104 2.311489124372590e-02 2.0e+00 1.13e+00  8e-01  1e+00 1:34.4
   15    120 2.434419097340454e-01 2.3e+00 8.51e-01  5e-01  1e+00 1:49.3
   17    136 6.321619556913649e-02 2.8e+00 6.48e-01  4e-01  7e-01 2:04.1
   19    152 3.485864708599651e-02 2.5e+00 5.60e-01  3e-01  6e-01 2:18.8
   21    168 4.458889027144664e-02 2.4e+00 5.18e-01  3e-01  6e-01 2:33.2
   23    184 4.772283873442307e-03 2.3e+00 3.86e-01  2e-01  4e-01 2:48.0
   26    208 1.391785629914577e-02 2.7e+00 3.21e-01  2e-01  3e-01 3:09.4
   29    232 3.801293856542598e-03 2.9e+00 2.89e-01  1e-01  3e-01 3:31.3
   31    248 2.239140170193776e-04 2.7e+00 2.17e-01  8e-02  2e-01 3:45.8
termination on ftarget=0.0005
final/bestever f-value = 2.239140e-04 2.239140e-04
incumbent solution: [4.9732771284921995, 5.052543521364198, 6.943393680893857, 2.394328918026244]
std deviation: [0.08441380244369537, 0.10803795355240187, 0.08336872588370432, 0.18954390705272123]
CMAEvolutionStrategyResult(xbest=array([4.96073076, 4.87279889, 6.93096961, 2.51471933]), fbest=0.00022391401701937763, evals_best=247, evaluations=248, iterations=31, xfavorite=array([4.97327713, 5.05254352, 6.94339368, 2.39432892]), stds=array([0.0844138 , 0.10803795, 0.08336873, 0.18954391]), stop={'ftarget': 0.0005})
6 10
(4_w,8)-aCMA-ES (mu_w=2.6,w_1=52%) in dimension 4 (seed=455895, Tue Jun 22 13:30:49 2021)
Iterat #Fevals   function value  axis ratio  sigma  min&max std  t[m:s]
    1      8 1.719153125916144e-01 1.0e+00 1.67e+00  2e+00  2e+00 0:07.5
    2     16 3.015905974793023e-01 1.3e+00 1.67e+00  1e+00  2e+00 0:15.0
    3     24 4.581770538757236e-01 1.4e+00 1.77e+00  1e+00  2e+00 0:22.4
    4     32 1.749128919860621e-02 1.6e+00 1.87e+00  2e+00  2e+00 0:29.4
    5     40 2.765735388567754e-01 1.9e+00 1.85e+00  2e+00  2e+00 0:36.6
    6     48 5.317943611446130e-02 2.0e+00 1.71e+00  2e+00  2e+00 0:43.9
    7     56 3.285425101214545e-02 2.1e+00 1.99e+00  2e+00  3e+00 0:51.2
    8     64 5.639854737277217e-01 2.5e+00 1.94e+00  2e+00  3e+00 0:58.5
   10     80 4.196696486160577e-01 2.6e+00 2.25e+00  2e+00  4e+00 1:12.8
   12     96 3.410145888594169e-01 3.1e+00 1.68e+00  1e+00  3e+00 1:28.3
   14    112 3.448123782571945e-01 3.2e+00 1.84e+00  1e+00  3e+00 1:43.0
   16    128 1.822781607741445e-01 3.7e+00 2.20e+00  2e+00  3e+00 1:57.5
   18    144 3.875602838190018e-02 3.2e+00 1.89e+00  2e+00  2e+00 2:11.8
   20    160 7.200390189520633e-02 3.1e+00 1.93e+00  2e+00  2e+00 2:26.2
   22    176 3.144162922693405e-01 2.6e+00 2.48e+00  2e+00  3e+00 2:41.0
   25    200 2.794551244250500e-01 3.2e+00 2.71e+00  2e+00  3e+00 3:02.5
   28    224 6.212240883857890e-01 3.7e+00 3.48e+00  2e+00  4e+00 3:24.0
   31    248 4.062213648420545e-01 5.1e+00 3.50e+00  2e+00  4e+00 3:46.1
   34    272 7.542238515191402e-02 4.4e+00 3.65e+00  2e+00  4e+00 4:07.8
   37    296 4.228248571387656e-01 5.0e+00 5.72e+00  3e+00  7e+00 4:29.7
   40    320 1.797611253967933e-01 5.3e+00 4.18e+00  2e+00  5e+00 4:51.4
   43    344 3.621187019938137e-01 5.8e+00 4.26e+00  2e+00  6e+00 5:13.1
   47    376 1.342658483069434e-01 4.7e+00 3.72e+00  2e+00  4e+00 5:42.3
   51    408 2.444834588568573e-01 5.3e+00 3.16e+00  2e+00  3e+00 6:11.3
   55    440 4.240903011124526e-01 5.4e+00 2.94e+00  1e+00  3e+00 6:40.5
   59    472 1.107535118077623e-01 6.9e+00 3.03e+00  1e+00  3e+00 7:09.3
   63    504 2.129405819426098e-01 6.7e+00 2.22e+00  6e-01  2e+00 7:37.8
   67    536 1.525090516544991e-02 7.6e+00 1.76e+00  5e-01  2e+00 8:07.0
   71    568 6.775067751374486e-06 6.5e+00 1.56e+00  4e-01  1e+00 8:36.2
termination on ftarget=0.0005
final/bestever f-value = 6.775068e-06 6.775068e-06
incumbent solution: [8.806250837931598, 1.2610935699477903, 6.309389557234541, 4.247542774173773]
std deviation: [0.5987528220606017, 0.6063024399268735, 0.43908840883686334, 1.2811301897583698]
CMAEvolutionStrategyResult(xbest=array([8.64166415, 1.44920435, 5.92692264, 4.48479741]), fbest=6.775067751374486e-06, evals_best=563, evaluations=568, iterations=71, xfavorite=array([8.80625084, 1.26109357, 6.30938956, 4.24754277]), stds=array([0.59875282, 0.60630244, 0.43908841, 1.28113019]), stop={'ftarget': 0.0005})
7 10
(4_w,8)-aCMA-ES (mu_w=2.6,w_1=52%) in dimension 4 (seed=498917, Tue Jun 22 13:39:25 2021)
Iterat #Fevals   function value  axis ratio  sigma  min&max std  t[m:s]
    1      8 2.913833875258709e-02 1.0e+00 1.38e+00  1e+00  1e+00 0:07.1
    2     16 1.369517283657656e-01 1.3e+00 1.26e+00  1e+00  1e+00 0:14.4
    3     24 2.621657754010699e-01 1.5e+00 1.29e+00  1e+00  1e+00 0:22.0
    4     32 8.713425877605030e-02 1.8e+00 1.19e+00  1e+00  1e+00 0:29.6
    5     40 1.286315881024847e-01 1.8e+00 1.10e+00  9e-01  1e+00 0:36.7
    6     48 7.683420774744132e-02 1.9e+00 1.09e+00  9e-01  1e+00 0:44.3
    7     56 3.157430804489691e-02 2.0e+00 1.02e+00  8e-01  1e+00 0:51.3
    8     64 2.515723270440473e-03 2.2e+00 1.10e+00  8e-01  1e+00 0:58.9
   10     80 1.061501796148742e-01 2.5e+00 8.00e-01  5e-01  8e-01 1:13.4
   12     96 3.335863057593369e-02 2.6e+00 7.62e-01  4e-01  8e-01 1:28.5
   14    112 1.129032258065044e-03 2.7e+00 7.35e-01  4e-01  7e-01 1:43.0
   16    128 6.996309161962722e-02 2.9e+00 1.13e+00  7e-01  1e+00 1:57.9
   18    144 1.178804855275406e-02 3.8e+00 9.53e-01  5e-01  1e+00 2:12.8
   20    160 2.543714795531593e-02 3.1e+00 9.18e-01  4e-01  1e+00 2:27.5
   22    176 3.015908740923323e-02 4.1e+00 6.41e-01  3e-01  6e-01 2:41.7
   25    200 9.758820146803959e-03 5.2e+00 6.70e-01  3e-01  8e-01 3:03.7
   28    224 3.216683526744457e-02 6.4e+00 5.86e-01  2e-01  7e-01 3:25.5
   31    248 9.772771417023485e-03 5.5e+00 7.52e-01  3e-01  9e-01 3:47.4
   34    272 1.770966155795062e-02 6.5e+00 5.05e-01  2e-01  5e-01 4:09.6
   37    296 1.207470478993633e-02 6.2e+00 4.60e-01  1e-01  4e-01 4:31.4
   40    320 6.008856764735804e-02 5.3e+00 5.26e-01  1e-01  5e-01 4:53.3
   43    344 7.685437856610466e-03 6.9e+00 4.13e-01  1e-01  4e-01 5:15.1
   46    368 2.819646569646561e-02 6.4e+00 4.24e-01  9e-02  4e-01 5:37.6
   50    400 3.011918544245407e-02 5.9e+00 4.73e-01  9e-02  3e-01 6:06.2
   54    432 1.025185529854422e-02 5.8e+00 3.92e-01  7e-02  3e-01 6:34.9
   58    464 4.901779095626468e-02 7.9e+00 3.59e-01  7e-02  2e-01 7:03.5
   62    496 1.732548914414911e-02 8.0e+00 2.85e-01  4e-02  2e-01 7:32.8
   66    528 3.249663827880722e-03 7.2e+00 1.87e-01  3e-02  1e-01 8:05.3
   70    560 2.170974580391782e-02 9.2e+00 1.19e-01  1e-02  7e-02 8:34.2
   74    592 4.090222285008660e-02 1.0e+01 1.25e-01  1e-02  6e-02 9:03.5
   79    632 9.738249366731955e-03 1.3e+01 9.72e-02  9e-03  5e-02 9:39.9
   84    672 8.095902320142345e-03 1.2e+01 7.35e-02  5e-03  4e-02 10:16.2
   89    712 7.838062054088990e-03 1.3e+01 9.96e-02  9e-03  5e-02 10:52.1
   94    752 4.317166851666121e-02 1.2e+01 6.50e-02  6e-03  3e-02 11:28.9
   99    792 1.314415503967403e-02 1.6e+01 7.58e-02  7e-03  3e-02 12:05.5
  100    800 2.642350502656032e-02 1.8e+01 7.72e-02  7e-03  3e-02 12:13.0
  106    848 2.238782380553372e-02 2.9e+01 8.73e-02  7e-03  4e-02 12:56.3
  112    896 3.255699625870423e-02 3.1e+01 2.23e-01  2e-02  1e-01 13:39.5
  114    912 4.487179487185911e-04 3.3e+01 2.15e-01  2e-02  9e-02 13:54.3
termination on ftarget=0.0005
final/bestever f-value = 4.487179e-04 4.487179e-04
incumbent solution: [1.0582807780454238, 3.4931090261918913, 7.64826188354557, 3.5537784517601008]
std deviation: [0.08634437984591999, 0.034923910849335854, 0.08909244034913945, 0.019723736464918245]
CMAEvolutionStrategyResult(xbest=array([1.02642237, 3.50810614, 7.68288547, 3.54317431]), fbest=0.00044871794871859105, evals_best=908, evaluations=912, iterations=114, xfavorite=array([1.05828078, 3.49310903, 7.64826188, 3.55377845]), stds=array([0.08634438, 0.03492391, 0.08909244, 0.01972374]), stop={'ftarget': 0.0005})
8 10
(4_w,8)-aCMA-ES (mu_w=2.6,w_1=52%) in dimension 4 (seed=493694, Tue Jun 22 13:53:19 2021)
Iterat #Fevals   function value  axis ratio  sigma  min&max std  t[m:s]
    1      8 3.504620162882710e-01 1.0e+00 1.82e+00  2e+00  2e+00 0:07.7
    2     16 7.718738438771766e-02 1.7e+00 1.95e+00  2e+00  3e+00 0:14.9
    3     24 1.128616042910882e-01 2.1e+00 2.05e+00  2e+00  3e+00 0:22.3
    4     32 4.146494756767957e-01 2.4e+00 2.08e+00  2e+00  3e+00 0:29.6
    5     40 1.552044015098213e-01 2.5e+00 1.67e+00  1e+00  2e+00 0:36.7
    6     48 1.366826703793639e-01 2.5e+00 1.52e+00  1e+00  2e+00 0:44.3
    7     56 2.164752811450270e-01 2.5e+00 1.40e+00  8e-01  2e+00 0:51.6
    8     64 2.155214577877810e-01 2.9e+00 1.29e+00  8e-01  2e+00 0:58.9
   10     80 4.904248962697105e-01 3.1e+00 1.07e+00  5e-01  1e+00 1:13.8
   12     96 5.387727902036474e-01 3.2e+00 1.04e+00  5e-01  1e+00 1:28.6
   14    112 2.619055901485380e-01 3.2e+00 1.03e+00  5e-01  1e+00 1:43.5
   16    128 1.037068951760904e-01 3.1e+00 1.15e+00  7e-01  1e+00 1:58.4
   18    144 5.322596573270277e-03 2.9e+00 9.92e-01  6e-01  1e+00 2:12.6
   20    160 7.061750719301685e-02 3.7e+00 1.14e+00  7e-01  1e+00 2:27.0
   22    176 3.294609752982813e-02 4.2e+00 9.71e-01  5e-01  1e+00 2:42.4
   25    200 6.379085815979213e-02 3.8e+00 7.81e-01  4e-01  8e-01 3:03.7
   27    216 1.746236859556660e-05 4.3e+00 7.29e-01  4e-01  6e-01 3:17.8
termination on ftarget=0.0005
final/bestever f-value = 1.746237e-05 1.746237e-05
incumbent solution: [7.379111241753239, 5.213499534621998, 8.68921123412165, 3.6317865613358427]
std deviation: [0.3933620409095957, 0.6271361320517611, 0.3968314959918535, 0.5202980804941578]
CMAEvolutionStrategyResult(xbest=array([7.7557201 , 5.46748327, 8.89614665, 3.5241772 ]), fbest=1.7462368595566602e-05, evals_best=213, evaluations=216, iterations=27, xfavorite=array([7.37911124, 5.21349953, 8.68921123, 3.63178656]), stds=array([0.39336204, 0.62713613, 0.3968315 , 0.52029808]), stop={'ftarget': 0.0005})
9 10
(4_w,8)-aCMA-ES (mu_w=2.6,w_1=52%) in dimension 4 (seed=504580, Tue Jun 22 13:56:37 2021)
Iterat #Fevals   function value  axis ratio  sigma  min&max std  t[m:s]
    1      8 1.064500827198486e-01 1.0e+00 1.44e+00  1e+00  1e+00 0:07.3
    2     16 3.383149786864175e-01 1.2e+00 1.45e+00  1e+00  2e+00 0:14.7
    3     24 3.014166359935788e-03 1.5e+00 1.71e+00  2e+00  2e+00 0:22.6
    4     32 4.486951325890720e-03 1.8e+00 1.52e+00  1e+00  2e+00 0:29.8
    5     40 1.170565708892206e-01 1.9e+00 1.38e+00  1e+00  2e+00 0:37.2
    6     48 1.265517293391905e-02 1.8e+00 1.68e+00  2e+00  2e+00 0:45.0
    7     56 3.376106806862089e-02 2.4e+00 1.91e+00  2e+00  2e+00 0:52.2
    8     64 5.372364697792786e-02 2.8e+00 1.87e+00  2e+00  2e+00 0:59.8
   10     80 1.565419452743398e-01 3.9e+00 1.96e+00  2e+00  2e+00 1:14.8
   12     96 1.387174342701902e-01 4.5e+00 1.43e+00  1e+00  2e+00 1:29.3
   14    112 1.071324231828694e-01 3.9e+00 1.40e+00  1e+00  1e+00 1:43.8
   16    128 6.627998208530272e-02 3.9e+00 1.32e+00  1e+00  1e+00 1:58.6
   18    144 1.996610412568667e-02 3.9e+00 1.58e+00  1e+00  2e+00 2:13.0
   20    160 6.356932948669014e-03 4.9e+00 1.42e+00  9e-01  2e+00 2:27.8
   22    176 1.875038740470014e-02 5.9e+00 1.33e+00  7e-01  2e+00 2:42.0
   25    200 1.156329555719803e-01 5.8e+00 1.20e+00  7e-01  2e+00 3:04.2
   28    224 9.408586896075488e-03 6.3e+00 1.13e+00  5e-01  1e+00 3:25.8
   31    248 2.657211209842869e-02 8.6e+00 9.85e-01  5e-01  1e+00 3:48.1
   34    272 2.357178296771378e-02 9.5e+00 7.39e-01  3e-01  1e+00 4:10.1
   37    296 1.637578108166426e-02 8.6e+00 6.63e-01  3e-01  9e-01 4:32.3
   40    320 5.781116794543184e-03 1.2e+01 5.10e-01  2e-01  6e-01 4:54.2
   43    344 1.682907615440299e-02 1.2e+01 5.13e-01  2e-01  6e-01 5:16.5
   46    368 6.363048715990915e-03 1.2e+01 4.48e-01  1e-01  5e-01 5:38.8
   50    400 8.413566876588563e-02 1.2e+01 5.71e-01  2e-01  6e-01 6:08.2
   54    432 1.026500006003694e-02 1.5e+01 5.32e-01  2e-01  6e-01 6:37.3
   58    464 2.927888282579427e-02 1.8e+01 3.81e-01  1e-01  4e-01 7:06.3
   62    496 1.693455797933452e-02 1.6e+01 3.17e-01  9e-02  3e-01 7:36.1
   66    528 2.141021441709223e-02 2.1e+01 2.53e-01  8e-02  2e-01 8:06.6
   70    560 4.586578197056435e-03 2.0e+01 2.32e-01  7e-02  2e-01 8:36.0
   71    568 1.999096372590214e-04 2.1e+01 2.31e-01  6e-02  2e-01 8:43.3
termination on ftarget=0.0005
final/bestever f-value = 1.999096e-04 1.999096e-04
incumbent solution: [2.3102540957679336, 0.6933676218926704, 9.656429781978781, -3.10319280923749]
std deviation: [0.1647927394751599, 0.0649111936395692, 0.10972198940258422, 0.10035098706733614]
CMAEvolutionStrategyResult(xbest=array([ 2.24615443,  0.64867574,  9.72685844, -3.17050071]), fbest=0.00019990963725902144, evals_best=567, evaluations=568, iterations=71, xfavorite=array([ 2.3102541 ,  0.69336762,  9.65642978, -3.10319281]), stds=array([0.16479274, 0.06491119, 0.10972199, 0.10035099]), stop={'ftarget': 0.0005})
