0 10
(4_w,8)-aCMA-ES (mu_w=2.6,w_1=52%) in dimension 4 (seed=474578, Tue Jun 22 13:07:15 2021)
circuitVTD.py:347: DeprecationWarning: The QuantumCircuit.__add__() method is being deprecated.Use the compose() method which is more flexible w.r.t circuit register compatibility.
  TrotterFixStepList.append(TrotterFixStepList[-1] + U_trot)
/home/nfb1/.local/lib/python3.7/site-packages/qiskit/circuit/quantumcircuit.py:869: DeprecationWarning: The QuantumCircuit.combine() method is being deprecated. Use the compose() method which is more flexible w.r.t circuit register compatibility.
  return self.combine(rhs)
Iterat #Fevals   function value  axis ratio  sigma  min&max std  t[m:s]
    1      8 1.042803705125707e-01 1.0e+00 1.45e+00  1e+00  2e+00 0:06.1
    2     16 8.350793796088585e-02 1.3e+00 1.59e+00  1e+00  2e+00 0:12.0
    3     24 4.970977007255448e-01 1.4e+00 1.85e+00  2e+00  2e+00 0:18.1
    4     32 3.079660478983701e-01 1.5e+00 1.73e+00  2e+00  2e+00 0:24.1
    5     40 2.496330679435754e-02 1.4e+00 1.75e+00  2e+00  2e+00 0:30.1
    6     48 1.406945919455950e-01 1.6e+00 1.66e+00  1e+00  2e+00 0:36.2
    8     64 2.571293440858669e-02 1.9e+00 1.72e+00  2e+00  2e+00 0:48.5
   10     80 5.257218028026944e-02 2.0e+00 1.74e+00  1e+00  2e+00 1:00.9
   12     96 2.532014112621001e-01 2.2e+00 2.15e+00  1e+00  3e+00 1:13.2
   14    112 1.650337473851720e-01 3.3e+00 2.39e+00  2e+00  3e+00 1:25.1
   16    128 1.180619048626882e-01 3.3e+00 1.94e+00  1e+00  3e+00 1:38.2
   18    144 1.785587355844344e-01 3.9e+00 2.06e+00  1e+00  3e+00 1:50.3
   20    160 2.031988076532442e-01 3.5e+00 2.33e+00  1e+00  3e+00 2:02.4
   23    184 3.773660809420543e-03 4.5e+00 2.14e+00  1e+00  3e+00 2:20.4
   26    208 1.051611845511926e-01 4.9e+00 1.38e+00  6e-01  2e+00 2:38.4
   29    232 1.390138256514376e-01 5.5e+00 1.40e+00  6e-01  1e+00 2:57.0
   32    256 9.255271463413006e-02 4.1e+00 9.02e-01  3e-01  8e-01 3:15.0
   35    280 1.032351743831572e-02 3.8e+00 5.43e-01  2e-01  4e-01 3:33.4
   38    304 1.466354835622607e-02 4.2e+00 4.06e-01  1e-01  3e-01 3:51.5
   42    336 3.958070631845167e-03 4.0e+00 4.40e-01  2e-01  3e-01 4:15.9
   46    368 1.875537228952506e-03 6.4e+00 3.72e-01  1e-01  3e-01 4:40.6
   50    400 1.867632146597131e-04 6.7e+00 3.51e-01  1e-01  3e-01 5:05.2
termination on ftarget=0.0005
final/bestever f-value = 1.867632e-04 1.867632e-04
incumbent solution: [0.37614457971080323, 18.684239929523464, -4.750564845905706, 1.942514832623204]
std deviation: [0.11935913937614798, 0.29425051614901454, 0.246406906729779, 0.12705275518449985]
CMAEvolutionStrategyResult(xbest=array([ 0.42869744, 18.515166  , -4.51184674,  1.99957088]), fbest=0.00018676321465971313, evals_best=397, evaluations=400, iterations=50, xfavorite=array([ 0.37614458, 18.68423993, -4.75056485,  1.94251483]), stds=array([0.11935914, 0.29425052, 0.24640691, 0.12705276]), stop={'ftarget': 0.0005})
1 10
(4_w,8)-aCMA-ES (mu_w=2.6,w_1=52%) in dimension 4 (seed=474550, Tue Jun 22 13:12:20 2021)
Iterat #Fevals   function value  axis ratio  sigma  min&max std  t[m:s]
    1      8 7.510325299199854e-01 1.0e+00 1.62e+00  1e+00  2e+00 0:07.3
    2     16 3.928697197557535e-01 1.5e+00 1.73e+00  2e+00  2e+00 0:15.0
    3     24 2.753230955044156e-01 1.5e+00 1.68e+00  2e+00  2e+00 0:22.7
    4     32 4.187315613999877e-01 1.5e+00 1.83e+00  2e+00  2e+00 0:29.9
    5     40 1.896712408367606e-01 1.3e+00 2.25e+00  2e+00  3e+00 0:37.4
    6     48 2.515828558569905e-01 1.7e+00 1.97e+00  2e+00  2e+00 0:45.0
    7     56 2.830065089391898e-02 1.6e+00 1.66e+00  1e+00  2e+00 0:52.0
    8     64 4.843560080113896e-02 1.6e+00 1.93e+00  2e+00  2e+00 0:59.3
   10     80 2.303611812823290e-01 2.1e+00 1.74e+00  1e+00  2e+00 1:13.7
   12     96 5.599170026788247e-02 2.3e+00 1.44e+00  1e+00  2e+00 1:28.5
   14    112 1.747496508822743e-02 2.5e+00 1.11e+00  6e-01  1e+00 1:45.7
   16    128 4.802675701709624e-02 2.5e+00 7.92e-01  4e-01  7e-01 2:00.4
   18    144 8.261883044491847e-02 2.0e+00 7.56e-01  4e-01  6e-01 2:15.5
   20    160 8.688049300535905e-03 2.3e+00 6.50e-01  3e-01  5e-01 2:30.0
   22    176 2.718411129797993e-02 2.3e+00 4.96e-01  2e-01  3e-01 2:44.9
   25    200 4.114478411393119e-03 2.2e+00 3.57e-01  1e-01  2e-01 3:06.6
   28    224 1.686146950210021e-02 2.4e+00 2.46e-01  8e-02  1e-01 3:28.6
   31    248 1.000151100030378e-03 2.8e+00 1.71e-01  6e-02  8e-02 3:50.5
   34    272 1.384079244561398e-02 2.2e+00 2.12e-01  6e-02  1e-01 4:12.4
   37    296 5.154172252617384e-03 2.5e+00 2.51e-01  8e-02  1e-01 4:34.4
   40    320 1.325364924899608e-02 2.7e+00 2.07e-01  5e-02  1e-01 4:56.4
   43    344 2.332133062254993e-05 3.2e+00 2.26e-01  6e-02  1e-01 5:18.9
termination on ftarget=0.0005
final/bestever f-value = 2.332133e-05 2.332133e-05
incumbent solution: [2.5208831091601906, 2.4067052964051996, 1.1604211355762097, -0.23005665501013817]
std deviation: [0.1309378445276958, 0.05968003945655381, 0.08537194658975379, 0.11732879313005946]
CMAEvolutionStrategyResult(xbest=array([ 2.5453044 ,  2.38478326,  1.20687455, -0.2086199 ]), fbest=2.332133062254993e-05, evals_best=344, evaluations=344, iterations=43, xfavorite=array([ 2.52088311,  2.4067053 ,  1.16042114, -0.23005666]), stds=array([0.13093784, 0.05968004, 0.08537195, 0.11732879]), stop={'ftarget': 0.0005})
2 10
(4_w,8)-aCMA-ES (mu_w=2.6,w_1=52%) in dimension 4 (seed=448831, Tue Jun 22 13:17:39 2021)
Iterat #Fevals   function value  axis ratio  sigma  min&max std  t[m:s]
    1      8 2.680763898234000e-01 1.0e+00 1.51e+00  1e+00  2e+00 0:07.4
    2     16 4.498010016944524e-01 1.3e+00 1.24e+00  1e+00  1e+00 0:15.0
    3     24 4.400685999962328e-01 1.5e+00 1.16e+00  1e+00  1e+00 0:22.6
    4     32 1.372005471338315e-01 1.8e+00 1.09e+00  9e-01  1e+00 0:29.7
    5     40 6.132947772621278e-02 1.9e+00 1.04e+00  8e-01  1e+00 0:37.3
    6     48 6.957705985687668e-02 2.0e+00 8.13e-01  6e-01  8e-01 0:44.8
    7     56 1.222526494126271e-01 1.8e+00 6.83e-01  5e-01  6e-01 0:52.0
    8     64 2.761956835821411e-02 2.0e+00 6.19e-01  4e-01  6e-01 0:59.3
   10     80 4.515078949337770e-02 2.3e+00 6.23e-01  4e-01  6e-01 1:13.8
   12     96 4.965636108030669e-02 3.0e+00 7.09e-01  4e-01  7e-01 1:28.6
   14    112 9.606667313898365e-04 3.4e+00 6.88e-01  3e-01  7e-01 1:43.3
   16    128 4.042277619877188e-03 3.4e+00 6.03e-01  2e-01  6e-01 1:57.6
   18    144 6.203412053992885e-03 3.7e+00 5.93e-01  2e-01  6e-01 2:12.3
   20    160 3.425260935758268e-02 3.7e+00 8.40e-01  3e-01  9e-01 2:26.9
   22    176 2.507641237837266e-02 3.7e+00 8.90e-01  4e-01  1e+00 2:42.2
   24    192 1.307212773663413e-03 4.3e+00 6.78e-01  3e-01  7e-01 2:57.5
   27    216 1.872425758935781e-02 4.5e+00 5.39e-01  2e-01  5e-01 3:19.8
   30    240 2.628412091296273e-02 5.5e+00 5.03e-01  1e-01  6e-01 3:42.1
   33    264 2.826445716184955e-02 6.1e+00 5.00e-01  1e-01  5e-01 4:04.1
   36    288 2.506099709739806e-02 5.4e+00 4.20e-01  1e-01  4e-01 4:26.3
   39    312 4.593461796106313e-03 5.4e+00 3.22e-01  7e-02  3e-01 4:48.4
   42    336 2.664823897165802e-02 5.4e+00 3.59e-01  8e-02  3e-01 5:10.7
   45    360 3.115262256301321e-03 6.8e+00 3.24e-01  7e-02  3e-01 5:32.7
   49    392 1.872691858444631e-03 6.5e+00 3.99e-01  7e-02  3e-01 6:02.2
   53    424 8.173264672029168e-03 8.7e+00 3.89e-01  6e-02  4e-01 6:31.1
   57    456 3.860162340113105e-03 7.5e+00 2.96e-01  4e-02  3e-01 7:00.6
   61    488 2.155584526267273e-02 1.1e+01 3.03e-01  5e-02  3e-01 7:30.6
   65    520 4.632037246064868e-03 9.0e+00 4.25e-01  6e-02  4e-01 7:60.0
   67    536 3.372920412254565e-04 1.0e+01 3.42e-01  5e-02  3e-01 8:14.5
termination on ftarget=0.0005
final/bestever f-value = 3.372920e-04 3.372920e-04
incumbent solution: [4.269827393341163, 2.147251883382141, 1.8158583726633666, 1.7859205837338383]
std deviation: [0.15404721547581915, 0.046830941395155465, 0.2917897682276651, 0.0778419924857275]
CMAEvolutionStrategyResult(xbest=array([4.20645861, 2.1470052 , 1.9831631 , 1.73622013]), fbest=0.00033729204122545653, evals_best=530, evaluations=536, iterations=67, xfavorite=array([4.26982739, 2.14725188, 1.81585837, 1.78592058]), stds=array([0.15404722, 0.04683094, 0.29178977, 0.07784199]), stop={'ftarget': 0.0005})
3 10
(4_w,8)-aCMA-ES (mu_w=2.6,w_1=52%) in dimension 4 (seed=545582, Tue Jun 22 13:25:53 2021)
Iterat #Fevals   function value  axis ratio  sigma  min&max std  t[m:s]
    1      8 3.535328522743310e-01 1.0e+00 1.33e+00  1e+00  1e+00 0:07.6
    2     16 5.512133885058668e-02 1.3e+00 1.32e+00  1e+00  1e+00 0:14.7
    3     24 4.444111248745342e-02 1.3e+00 1.83e+00  2e+00  2e+00 0:22.2
    4     32 2.641433419761974e-02 1.5e+00 2.09e+00  2e+00  2e+00 0:29.6
    5     40 1.237397519461407e-01 1.7e+00 1.85e+00  1e+00  2e+00 0:36.8
    6     48 2.025835521410735e-02 1.7e+00 1.72e+00  1e+00  2e+00 0:44.2
    7     56 2.193719960158202e-02 1.9e+00 1.66e+00  1e+00  2e+00 0:51.9
    8     64 3.935152652540641e-01 2.3e+00 1.60e+00  1e+00  2e+00 0:59.2
   10     80 4.323428781531025e-03 1.9e+00 1.44e+00  1e+00  1e+00 1:14.0
   12     96 1.361987524463742e-01 2.6e+00 1.35e+00  1e+00  1e+00 1:28.9
   14    112 5.911454305664499e-02 2.8e+00 1.08e+00  7e-01  9e-01 1:43.5
   16    128 9.511607403711597e-03 2.9e+00 9.79e-01  6e-01  9e-01 1:58.7
   18    144 3.865330835884162e-02 3.0e+00 1.03e+00  6e-01  8e-01 2:13.4
   20    160 3.713748723330279e-02 3.4e+00 7.46e-01  4e-01  6e-01 2:28.2
   22    176 1.044774024446682e-02 4.6e+00 9.27e-01  4e-01  8e-01 2:42.9
   25    200 1.430322830951569e-03 4.6e+00 7.65e-01  3e-01  6e-01 3:04.6
   28    224 2.808438563834281e-02 3.7e+00 6.77e-01  3e-01  4e-01 3:27.0
   31    248 2.763887691787659e-02 3.2e+00 7.08e-01  2e-01  4e-01 3:49.5
   34    272 6.373579017888376e-03 3.1e+00 5.45e-01  2e-01  4e-01 4:12.2
   36    288 3.958010669411482e-04 4.5e+00 4.56e-01  1e-01  3e-01 4:27.3
termination on ftarget=0.0005
final/bestever f-value = 3.958011e-04 3.958011e-04
incumbent solution: [6.133281189332065, 6.662261940529196, 3.4772606282430263, -2.240648749840921]
std deviation: [0.2776308679469415, 0.2956785437449598, 0.12292949316692943, 0.2981601800164738]
CMAEvolutionStrategyResult(xbest=array([ 6.23359688,  7.01842283,  3.59842093, -2.37588573]), fbest=0.00039580106694114825, evals_best=288, evaluations=288, iterations=36, xfavorite=array([ 6.13328119,  6.66226194,  3.47726063, -2.24064875]), stds=array([0.27763087, 0.29567854, 0.12292949, 0.29816018]), stop={'ftarget': 0.0005})
4 10
(4_w,8)-aCMA-ES (mu_w=2.6,w_1=52%) in dimension 4 (seed=434630, Tue Jun 22 13:30:21 2021)
Iterat #Fevals   function value  axis ratio  sigma  min&max std  t[m:s]
    1      8 3.371814190384683e-01 1.0e+00 1.34e+00  1e+00  1e+00 0:07.4
    2     16 3.909515635195151e-01 1.1e+00 1.17e+00  1e+00  1e+00 0:15.2
    3     24 5.820737111243646e-03 1.3e+00 1.15e+00  9e-01  1e+00 0:22.6
    4     32 1.385098235098249e-01 1.6e+00 1.16e+00  1e+00  1e+00 0:30.3
    5     40 8.753111938357361e-02 1.6e+00 1.06e+00  8e-01  1e+00 0:37.7
    6     48 1.423479420198070e-02 1.6e+00 1.07e+00  8e-01  1e+00 0:44.8
    7     56 1.905920529953081e-01 2.0e+00 9.95e-01  7e-01  9e-01 0:52.5
    8     64 2.261246511305249e-01 2.0e+00 8.57e-01  6e-01  8e-01 0:60.0
   10     80 9.303042905575376e-03 2.0e+00 6.17e-01  4e-01  6e-01 1:14.7
   12     96 3.199396605392490e-02 2.5e+00 5.18e-01  2e-01  4e-01 1:29.7
   14    112 2.888873282386051e-02 2.6e+00 4.56e-01  2e-01  4e-01 1:45.5
   16    128 7.681789843573816e-03 2.6e+00 3.88e-01  2e-01  3e-01 2:01.0
   18    144 1.752529324191343e-02 3.4e+00 3.88e-01  2e-01  3e-01 2:16.4
   20    160 5.709146147833244e-03 2.6e+00 4.33e-01  2e-01  4e-01 2:31.5
   22    176 4.733159231543982e-02 2.7e+00 5.55e-01  3e-01  5e-01 2:46.3
   23    184 3.134143630709740e-04 2.6e+00 6.73e-01  4e-01  7e-01 2:53.6
termination on ftarget=0.0005
final/bestever f-value = 3.134144e-04 3.134144e-04
incumbent solution: [3.0285309668459353, 0.9081445520536259, 4.79606951695731, 4.419463489689822]
std deviation: [0.6799218759985104, 0.36216159108936824, 0.3824622607120421, 0.36614416592059434]
CMAEvolutionStrategyResult(xbest=array([3.14499465, 1.00893783, 4.67379708, 4.45638067]), fbest=0.00031341436307097403, evals_best=184, evaluations=184, iterations=23, xfavorite=array([3.02853097, 0.90814455, 4.79606952, 4.41946349]), stds=array([0.67992188, 0.36216159, 0.38246226, 0.36614417]), stop={'ftarget': 0.0005})
5 10
(4_w,8)-aCMA-ES (mu_w=2.6,w_1=52%) in dimension 4 (seed=560380, Tue Jun 22 13:33:14 2021)
Iterat #Fevals   function value  axis ratio  sigma  min&max std  t[m:s]
    1      8 1.623463478399164e-01 1.0e+00 1.44e+00  1e+00  1e+00 0:07.2
    2     16 2.539529117766355e-01 1.2e+00 1.44e+00  1e+00  1e+00 0:15.0
    3     24 1.361168932874016e-01 1.3e+00 1.20e+00  1e+00  1e+00 0:22.5
    4     32 1.708242996125533e-01 1.5e+00 1.09e+00  9e-01  1e+00 0:30.0
    5     40 1.297644638137799e-01 1.6e+00 1.06e+00  8e-01  1e+00 0:37.6
    6     48 2.290541553306102e-02 1.9e+00 8.68e-01  6e-01  9e-01 0:45.3
    7     56 4.028994111900286e-02 1.9e+00 7.15e-01  5e-01  6e-01 0:52.9
    8     64 2.020755497536464e-02 1.8e+00 5.92e-01  4e-01  5e-01 1:01.0
   10     80 4.559835429753556e-02 1.8e+00 6.35e-01  4e-01  5e-01 1:16.6
   12     96 2.453898717846292e-03 2.1e+00 5.25e-01  3e-01  4e-01 1:32.2
   14    112 3.350196325067722e-03 2.3e+00 4.31e-01  3e-01  4e-01 1:47.3
   16    128 6.229407422241318e-03 2.8e+00 6.07e-01  4e-01  5e-01 2:02.4
   18    144 3.858445650163234e-02 2.6e+00 5.94e-01  3e-01  5e-01 2:17.4
   20    160 2.199222046477967e-02 2.8e+00 5.49e-01  3e-01  5e-01 2:32.5
   22    176 1.912669907225140e-02 2.9e+00 6.10e-01  3e-01  4e-01 2:47.4
   25    200 3.165160048952176e-03 2.2e+00 5.23e-01  3e-01  3e-01 3:09.3
   28    224 8.389784362142771e-03 3.1e+00 4.62e-01  2e-01  3e-01 3:31.9
   31    248 5.053370556363457e-03 3.0e+00 3.55e-01  2e-01  2e-01 3:55.4
   34    272 3.420311581657121e-03 3.1e+00 2.68e-01  1e-01  1e-01 4:19.5
   37    296 1.104902024782861e-02 4.2e+00 1.98e-01  8e-02  1e-01 4:42.6
   40    320 1.729807848285136e-03 4.3e+00 2.60e-01  1e-01  1e-01 5:05.7
   43    344 5.814288077032659e-03 3.5e+00 3.07e-01  1e-01  2e-01 5:27.8
   46    368 2.515137156387626e-03 3.7e+00 2.51e-01  9e-02  1e-01 5:51.4
   50    400 7.699906364629694e-03 4.3e+00 2.15e-01  6e-02  1e-01 6:21.5
   54    432 1.828733888637568e-02 5.6e+00 2.33e-01  5e-02  1e-01 6:51.1
   58    464 1.590061606381754e-02 7.3e+00 2.27e-01  6e-02  1e-01 7:21.8
   62    496 6.694999448163430e-03 7.8e+00 2.80e-01  7e-02  2e-01 7:52.4
   65    520 2.994450590803055e-04 8.5e+00 3.60e-01  8e-02  2e-01 8:16.9
termination on ftarget=0.0005
final/bestever f-value = 2.994451e-04 2.994451e-04
incumbent solution: [5.845120272101818, 0.5153358172879122, 4.978199204037869, 5.877737005738996]
std deviation: [0.16555062718734817, 0.22526457082714008, 0.08342840911469294, 0.2426086006894087]
CMAEvolutionStrategyResult(xbest=array([5.96309567, 0.41231496, 4.97469267, 6.00118224]), fbest=0.0002994450590803055, evals_best=515, evaluations=520, iterations=65, xfavorite=array([5.84512027, 0.51533582, 4.9781992 , 5.87773701]), stds=array([0.16555063, 0.22526457, 0.08342841, 0.2426086 ]), stop={'ftarget': 0.0005})
6 10
(4_w,8)-aCMA-ES (mu_w=2.6,w_1=52%) in dimension 4 (seed=520180, Tue Jun 22 13:41:31 2021)
Iterat #Fevals   function value  axis ratio  sigma  min&max std  t[m:s]
    1      8 2.227899831918819e-01 1.0e+00 1.51e+00  1e+00  2e+00 0:07.3
    2     16 2.155046191843356e-01 1.3e+00 1.59e+00  1e+00  2e+00 0:14.9
    3     24 1.649406954098048e-01 1.5e+00 1.37e+00  1e+00  2e+00 0:22.5
    4     32 1.530998193669999e-01 1.6e+00 1.27e+00  1e+00  1e+00 0:30.2
    5     40 2.851858869100260e-01 1.6e+00 1.15e+00  9e-01  1e+00 0:37.9
    6     48 4.574783746264188e-02 1.8e+00 1.07e+00  8e-01  1e+00 0:45.6
    7     56 8.709034809845073e-02 1.9e+00 9.23e-01  7e-01  9e-01 0:53.1
    8     64 7.710884537127638e-02 2.1e+00 8.80e-01  6e-01  9e-01 1:00.7
   10     80 1.937289068609149e-02 2.2e+00 9.00e-01  5e-01  9e-01 1:16.0
   12     96 4.305883336892535e-02 2.5e+00 8.60e-01  4e-01  8e-01 1:31.2
   14    112 2.968396167180543e-02 2.9e+00 8.37e-01  4e-01  8e-01 1:46.5
   16    128 1.310635522876380e-02 3.1e+00 7.51e-01  3e-01  7e-01 2:02.7
   18    144 5.869565217392347e-03 2.6e+00 7.07e-01  3e-01  6e-01 2:17.5
   20    160 1.046881203933814e-02 3.0e+00 5.34e-01  2e-01  4e-01 2:33.0
   22    176 2.181189375700243e-02 2.3e+00 4.76e-01  2e-01  3e-01 2:48.8
   23    184 4.445314919041543e-04 2.7e+00 4.56e-01  2e-01  3e-01 2:56.0
termination on ftarget=0.0005
final/bestever f-value = 4.445315e-04 4.445315e-04
incumbent solution: [1.6898697189515897, 2.8385841250161095, 5.220759697894674, 3.9266509394201665]
std deviation: [0.15974724844344804, 0.27344594833411334, 0.20691828535546974, 0.2961716619287639]
CMAEvolutionStrategyResult(xbest=array([1.59126492, 2.73621229, 5.20580781, 3.86235693]), fbest=0.0004445314919041543, evals_best=183, evaluations=184, iterations=23, xfavorite=array([1.68986972, 2.83858413, 5.2207597 , 3.92665094]), stds=array([0.15974725, 0.27344595, 0.20691829, 0.29617166]), stop={'ftarget': 0.0005})
7 10
(4_w,8)-aCMA-ES (mu_w=2.6,w_1=52%) in dimension 4 (seed=548729, Tue Jun 22 13:44:27 2021)
Iterat #Fevals   function value  axis ratio  sigma  min&max std  t[m:s]
    1      8 4.131097829219588e-02 1.0e+00 1.32e+00  1e+00  1e+00 0:07.3
    2     16 6.015691393576172e-02 1.3e+00 1.23e+00  1e+00  1e+00 0:14.8
    3     24 4.128439573134079e-02 1.4e+00 1.21e+00  1e+00  1e+00 0:23.1
    4     32 2.255105198545894e-01 1.6e+00 1.21e+00  1e+00  1e+00 0:30.4
    5     40 4.358315574960026e-03 2.0e+00 1.13e+00  1e+00  1e+00 0:38.4
    6     48 1.688005036783610e-01 2.0e+00 1.12e+00  9e-01  1e+00 0:46.4
    7     56 1.565341788024214e-01 2.3e+00 1.15e+00  9e-01  1e+00 0:54.0
    8     64 7.257928384652779e-02 2.7e+00 1.08e+00  8e-01  1e+00 1:01.9
   10     80 5.519956468601150e-02 2.8e+00 8.79e-01  6e-01  8e-01 1:16.7
   12     96 1.175877772039580e-02 2.7e+00 7.66e-01  5e-01  7e-01 1:32.1
   14    112 1.038810800514200e-02 2.8e+00 6.72e-01  3e-01  6e-01 1:47.5
   16    128 2.004554072465059e-02 3.0e+00 6.21e-01  3e-01  5e-01 2:02.6
   18    144 9.464511696243294e-03 3.7e+00 5.33e-01  2e-01  4e-01 2:17.4
   20    160 1.763207890600693e-02 3.7e+00 4.13e-01  2e-01  3e-01 2:32.7
   22    176 9.596579246310633e-03 4.0e+00 4.28e-01  2e-01  3e-01 2:47.7
   23    184 1.941889916685646e-04 4.5e+00 4.43e-01  2e-01  3e-01 2:55.4
termination on ftarget=0.0005
final/bestever f-value = 1.941890e-04 1.941890e-04
incumbent solution: [-4.663196735775501, 1.92664503485838, 7.982766608756183, 0.537609667957615]
std deviation: [0.3089336592715495, 0.20297762450758094, 0.2851558866706872, 0.24813030981876963]
CMAEvolutionStrategyResult(xbest=array([-4.76325007,  1.91892237,  8.14138018,  0.54448521]), fbest=0.00019418899166856463, evals_best=181, evaluations=184, iterations=23, xfavorite=array([-4.66319674,  1.92664503,  7.98276661,  0.53760967]), stds=array([0.30893366, 0.20297762, 0.28515589, 0.24813031]), stop={'ftarget': 0.0005})
8 10
(4_w,8)-aCMA-ES (mu_w=2.6,w_1=52%) in dimension 4 (seed=462450, Tue Jun 22 13:47:23 2021)
Iterat #Fevals   function value  axis ratio  sigma  min&max std  t[m:s]
    1      8 2.295885111045322e-01 1.0e+00 1.39e+00  1e+00  1e+00 0:07.6
    2     16 4.123666392315314e-01 1.2e+00 1.27e+00  1e+00  1e+00 0:16.1
    3     24 1.939197368601172e-01 1.4e+00 1.15e+00  1e+00  1e+00 0:23.5
    4     32 1.872351969403812e-01 1.5e+00 1.18e+00  1e+00  1e+00 0:31.2
    5     40 4.199520094447461e-01 1.8e+00 1.37e+00  1e+00  2e+00 0:38.9
    6     48 2.263304582120014e-01 2.4e+00 1.23e+00  9e-01  2e+00 0:46.1
    7     56 4.064450375980071e-01 2.3e+00 1.02e+00  7e-01  1e+00 0:53.4
    8     64 1.805677049605782e-01 2.2e+00 9.70e-01  6e-01  1e+00 1:01.7
   10     80 6.717276907121261e-02 2.4e+00 9.05e-01  6e-01  9e-01 1:16.1
   12     96 7.478313180293616e-02 2.3e+00 7.31e-01  5e-01  7e-01 1:31.3
   14    112 1.417649792046582e-02 2.6e+00 5.74e-01  3e-01  5e-01 1:46.5
   16    128 4.834955378101302e-04 3.0e+00 4.46e-01  3e-01  3e-01 2:02.1
termination on ftarget=0.0005
final/bestever f-value = 4.834955e-04 4.834955e-04
incumbent solution: [4.531289625099154, 7.606583207848765, 4.678496849900447, 2.284839840492152]
std deviation: [0.34795461335320244, 0.2639364532925837, 0.28892280050433355, 0.27917538967051303]
CMAEvolutionStrategyResult(xbest=array([4.43109441, 7.55097574, 4.85030604, 2.36277513]), fbest=0.0004834955378101302, evals_best=124, evaluations=128, iterations=16, xfavorite=array([4.53128963, 7.60658321, 4.67849685, 2.28483984]), stds=array([0.34795461, 0.26393645, 0.2889228 , 0.27917539]), stop={'ftarget': 0.0005})
9 10
(4_w,8)-aCMA-ES (mu_w=2.6,w_1=52%) in dimension 4 (seed=503143, Tue Jun 22 13:49:25 2021)
Iterat #Fevals   function value  axis ratio  sigma  min&max std  t[m:s]
    1      8 2.394310595716147e-01 1.0e+00 1.42e+00  1e+00  1e+00 0:07.2
    2     16 4.494291325798402e-01 1.2e+00 1.37e+00  1e+00  1e+00 0:15.1
    3     24 5.471537764137424e-02 1.5e+00 1.20e+00  1e+00  1e+00 0:22.5
    4     32 1.270337252490994e-02 1.6e+00 1.16e+00  9e-01  1e+00 0:30.2
    5     40 1.052273302210068e-01 1.7e+00 9.94e-01  8e-01  1e+00 0:38.9
    6     48 3.731347971233956e-02 1.8e+00 9.21e-01  7e-01  8e-01 0:46.4
    7     56 5.039039192349937e-02 2.0e+00 8.92e-01  7e-01  8e-01 0:54.7
    8     64 9.304342024621159e-03 2.2e+00 8.20e-01  6e-01  7e-01 1:02.2
   10     80 2.568569458201519e-02 2.7e+00 8.52e-01  6e-01  8e-01 1:17.2
   12     96 2.027793946202783e-03 2.5e+00 6.60e-01  4e-01  5e-01 1:32.8
   14    112 9.987174482797512e-03 2.9e+00 6.11e-01  4e-01  5e-01 1:48.3
   16    128 2.219587245133603e-05 2.9e+00 5.67e-01  3e-01  4e-01 2:03.5
termination on ftarget=0.0005
final/bestever f-value = 2.219587e-05 2.219587e-05
incumbent solution: [0.11661093667083988, 0.07422531372371549, 2.758168627353006, 4.557116199838691]
std deviation: [0.41688607362761687, 0.4015887469647799, 0.33561912846102254, 0.38546902481196343]
CMAEvolutionStrategyResult(xbest=array([0.17430471, 0.10755141, 2.75003998, 4.54611382]), fbest=2.219587245133603e-05, evals_best=125, evaluations=128, iterations=16, xfavorite=array([0.11661094, 0.07422531, 2.75816863, 4.5571162 ]), stds=array([0.41688607, 0.40158875, 0.33561913, 0.38546902]), stop={'ftarget': 0.0005})
