0 10
(4_w,8)-aCMA-ES (mu_w=2.6,w_1=52%) in dimension 4 (seed=417767, Tue Jun 22 13:07:13 2021)
circuitVTD.py:347: DeprecationWarning: The QuantumCircuit.__add__() method is being deprecated.Use the compose() method which is more flexible w.r.t circuit register compatibility.
  TrotterFixStepList.append(TrotterFixStepList[-1] + U_trot)
/home/nfb1/.local/lib/python3.7/site-packages/qiskit/circuit/quantumcircuit.py:869: DeprecationWarning: The QuantumCircuit.combine() method is being deprecated. Use the compose() method which is more flexible w.r.t circuit register compatibility.
  return self.combine(rhs)
Iterat #Fevals   function value  axis ratio  sigma  min&max std  t[m:s]
    1      8 2.151477942775287e-01 1.0e+00 1.48e+00  1e+00  2e+00 0:06.3
    2     16 6.476290097012372e-02 1.2e+00 1.70e+00  1e+00  2e+00 0:12.1
    3     24 1.393137222280615e-01 1.4e+00 1.47e+00  1e+00  2e+00 0:18.3
    4     32 1.356682919147704e-01 1.6e+00 1.43e+00  1e+00  2e+00 0:24.2
    5     40 1.545987948702893e-01 1.6e+00 1.35e+00  1e+00  2e+00 0:30.3
    6     48 8.589337362285077e-02 1.6e+00 1.17e+00  9e-01  1e+00 0:36.3
    8     64 2.910516135600172e-02 1.6e+00 1.13e+00  8e-01  1e+00 0:48.4
   10     80 4.685355219097609e-02 2.0e+00 1.06e+00  7e-01  1e+00 1:00.3
   12     96 4.913125507022720e-03 2.5e+00 8.62e-01  5e-01  1e+00 1:12.4
   14    112 4.349270017898643e-03 3.3e+00 9.41e-01  6e-01  1e+00 1:24.5
   16    128 1.773708598542711e-02 3.9e+00 8.23e-01  5e-01  1e+00 1:36.4
   18    144 1.069985806310636e-02 4.1e+00 7.23e-01  4e-01  8e-01 1:48.7
   20    160 1.629150035007387e-02 4.7e+00 6.67e-01  4e-01  9e-01 2:00.9
   23    184 1.071482864961271e-02 6.0e+00 4.93e-01  2e-01  6e-01 2:19.1
   26    208 2.266662132912534e-02 6.2e+00 3.59e-01  2e-01  4e-01 2:37.2
   29    232 1.945286601459129e-02 7.1e+00 3.05e-01  1e-01  4e-01 2:55.4
   32    256 1.372900408590971e-02 8.1e+00 2.53e-01  9e-02  3e-01 3:13.6
   35    280 2.824558655060638e-02 7.5e+00 2.84e-01  1e-01  3e-01 3:31.7
   38    304 4.561241208518307e-03 8.0e+00 2.41e-01  7e-02  2e-01 3:49.9
   42    336 2.410882296980354e-02 1.3e+01 2.61e-01  9e-02  3e-01 4:13.9
   46    368 2.701902292232572e-02 1.2e+01 2.95e-01  1e-01  2e-01 4:38.2
   50    400 1.075670276393925e-02 1.2e+01 2.21e-01  8e-02  2e-01 5:02.1
   54    432 2.506076402201529e-02 1.5e+01 2.08e-01  6e-02  2e-01 5:26.7
   58    464 2.894187559855554e-02 1.5e+01 2.29e-01  8e-02  2e-01 5:50.7
   62    496 6.243756243757059e-03 1.5e+01 2.59e-01  8e-02  2e-01 6:14.8
   67    536 1.872770707918125e-02 2.0e+01 2.78e-01  7e-02  2e-01 6:45.0
   72    576 3.399263424418986e-03 1.4e+01 2.62e-01  7e-02  2e-01 7:15.5
   77    616 1.944259658363567e-02 1.4e+01 2.52e-01  7e-02  1e-01 7:46.1
   82    656 2.515989630866633e-03 1.1e+01 4.12e-01  1e-01  2e-01 8:16.1
   87    696 6.927965636190914e-03 7.5e+00 3.93e-01  8e-02  1e-01 8:46.1
   92    736 1.567824449619093e-02 6.7e+00 3.54e-01  6e-02  1e-01 9:16.4
   98    784 1.664090850141076e-02 7.7e+00 3.34e-01  5e-02  1e-01 9:51.6
   99    792 4.551076910936924e-04 9.6e+00 3.70e-01  5e-02  1e-01 9:57.7
termination on ftarget=0.0005
final/bestever f-value = 4.551077e-04 4.551077e-04
incumbent solution: [5.507433255977294, 0.5150647690910867, 7.9862764485307585, 0.8921395204340792]
std deviation: [0.09229812994149232, 0.08987739525421816, 0.05472411366441323, 0.12788573421408517]
CMAEvolutionStrategyResult(xbest=array([5.49050635, 0.53335343, 7.99287264, 0.85302792]), fbest=0.0004551076910936924, evals_best=786, evaluations=792, iterations=99, xfavorite=array([5.50743326, 0.51506477, 7.98627645, 0.89213952]), stds=array([0.09229813, 0.0898774 , 0.05472411, 0.12788573]), stop={'ftarget': 0.0005})
1 10
(4_w,8)-aCMA-ES (mu_w=2.6,w_1=52%) in dimension 4 (seed=446257, Tue Jun 22 13:17:11 2021)
Iterat #Fevals   function value  axis ratio  sigma  min&max std  t[m:s]
    1      8 1.800832482525725e-01 1.0e+00 1.35e+00  1e+00  1e+00 0:07.2
    2     16 2.761881776291817e-01 1.3e+00 1.08e+00  1e+00  1e+00 0:14.8
    3     24 5.727424749163212e-03 1.5e+00 9.81e-01  8e-01  1e+00 0:22.0
    4     32 2.305655342095901e-01 1.5e+00 9.38e-01  8e-01  9e-01 0:29.1
    5     40 1.112668642168094e-01 1.6e+00 1.00e+00  9e-01  9e-01 0:36.4
    6     48 9.509080953877813e-03 1.6e+00 9.36e-01  8e-01  9e-01 0:43.7
    7     56 5.390099314804808e-02 2.1e+00 8.00e-01  6e-01  8e-01 0:52.3
    8     64 4.774545326778301e-02 2.5e+00 7.23e-01  5e-01  7e-01 0:59.6
   10     80 1.615186923243916e-02 2.7e+00 7.56e-01  6e-01  7e-01 1:14.4
   12     96 1.847553971159566e-02 2.7e+00 7.68e-01  5e-01  6e-01 1:28.9
   14    112 3.863153745638659e-02 2.4e+00 6.41e-01  4e-01  6e-01 1:43.5
   16    128 1.130986027237357e-02 3.0e+00 6.65e-01  4e-01  6e-01 1:57.8
   18    144 3.263669329561913e-02 3.4e+00 9.21e-01  5e-01  1e+00 2:12.5
   20    160 6.406767921634193e-03 3.5e+00 7.06e-01  3e-01  8e-01 2:27.0
   22    176 3.670701600531623e-03 3.5e+00 5.81e-01  3e-01  7e-01 2:41.3
   25    200 5.996652436068839e-04 4.6e+00 4.62e-01  2e-01  5e-01 3:03.1
   28    224 1.301211668976332e-02 3.3e+00 4.52e-01  2e-01  4e-01 3:24.9
   31    248 1.978721487694224e-02 3.0e+00 3.18e-01  1e-01  2e-01 3:46.8
   34    272 2.421004606532273e-03 3.3e+00 2.86e-01  1e-01  2e-01 4:08.0
   35    280 1.256526872883690e-06 3.8e+00 2.96e-01  1e-01  2e-01 4:15.5
termination on ftarget=0.0005
final/bestever f-value = 1.256527e-06 1.256527e-06
incumbent solution: [2.5588109664579264, 2.0170699582479306, 6.5610808784968615, 5.574046703012671]
std deviation: [0.10775430164317154, 0.12892607431993208, 0.10171538804763994, 0.24914896360608518]
CMAEvolutionStrategyResult(xbest=array([2.63828989, 1.98432001, 6.49894173, 5.45123247]), fbest=1.2565268728836898e-06, evals_best=279, evaluations=280, iterations=35, xfavorite=array([2.55881097, 2.01706996, 6.56108088, 5.5740467 ]), stds=array([0.1077543 , 0.12892607, 0.10171539, 0.24914896]), stop={'ftarget': 0.0005})
2 10
(4_w,8)-aCMA-ES (mu_w=2.6,w_1=52%) in dimension 4 (seed=443598, Tue Jun 22 13:21:26 2021)
Iterat #Fevals   function value  axis ratio  sigma  min&max std  t[m:s]
    1      8 1.272703251965435e-01 1.0e+00 1.72e+00  2e+00  2e+00 0:07.1
    2     16 3.603225484722772e-01 1.4e+00 1.88e+00  2e+00  2e+00 0:14.4
    3     24 3.194930145971442e-02 1.9e+00 1.96e+00  2e+00  3e+00 0:22.0
    4     32 4.994864061175026e-01 1.9e+00 2.03e+00  2e+00  3e+00 0:29.5
    5     40 4.974507774206193e-01 2.0e+00 1.60e+00  1e+00  2e+00 0:36.8
    6     48 1.449765525792170e-01 1.9e+00 2.01e+00  2e+00  3e+00 0:44.1
    7     56 4.125102168481071e-01 2.6e+00 2.18e+00  2e+00  4e+00 0:52.5
    8     64 3.632492836032666e-01 2.6e+00 2.37e+00  2e+00  3e+00 0:59.9
   10     80 3.139215253525818e-01 2.9e+00 2.31e+00  1e+00  3e+00 1:15.5
   12     96 5.140784442144042e-02 3.7e+00 1.88e+00  1e+00  3e+00 1:30.4
   14    112 5.057982947066217e-01 3.6e+00 1.39e+00  8e-01  2e+00 1:45.5
   16    128 4.968620482696751e-03 3.6e+00 1.08e+00  5e-01  1e+00 2:00.2
   18    144 1.032370888240527e-01 3.3e+00 8.22e-01  4e-01  8e-01 2:14.8
   20    160 3.800242325548986e-04 3.2e+00 6.92e-01  3e-01  6e-01 2:29.7
termination on ftarget=0.0005
final/bestever f-value = 3.800242e-04 3.800242e-04
incumbent solution: [1.348965847458848, 3.4069619222000895, 2.6780683679258135, -1.3623094591413416]
std deviation: [0.591544150311965, 0.3200090375989828, 0.635611699172441, 0.32801905626200833]
CMAEvolutionStrategyResult(xbest=array([ 1.11363649,  3.47078235,  2.74843074, -1.38207564]), fbest=0.0003800242325548986, evals_best=153, evaluations=160, iterations=20, xfavorite=array([ 1.34896585,  3.40696192,  2.67806837, -1.36230946]), stds=array([0.59154415, 0.32000904, 0.6356117 , 0.32801906]), stop={'ftarget': 0.0005})
3 10
(4_w,8)-aCMA-ES (mu_w=2.6,w_1=52%) in dimension 4 (seed=507470, Tue Jun 22 13:23:56 2021)
Iterat #Fevals   function value  axis ratio  sigma  min&max std  t[m:s]
    1      8 2.609284344680581e-01 1.0e+00 1.53e+00  1e+00  2e+00 0:07.4
    2     16 2.078380310876298e-01 1.4e+00 1.63e+00  1e+00  2e+00 0:14.9
    3     24 3.468163990205635e-01 1.8e+00 1.41e+00  1e+00  1e+00 0:22.3
    4     32 3.543237580824752e-01 1.7e+00 1.34e+00  1e+00  1e+00 0:29.7
    5     40 3.792890551199248e-01 1.7e+00 1.24e+00  1e+00  1e+00 0:36.8
    6     48 3.537564670867173e-01 1.8e+00 1.35e+00  1e+00  2e+00 0:44.2
    7     56 1.235050913222815e-01 2.3e+00 1.19e+00  9e-01  1e+00 0:51.9
    8     64 1.569679274458080e-02 2.2e+00 1.15e+00  8e-01  1e+00 0:59.1
   10     80 2.683741539855036e-01 2.8e+00 1.21e+00  9e-01  1e+00 1:13.9
   11     88 8.925979320162369e-05 2.6e+00 1.08e+00  8e-01  1e+00 1:21.2
termination on ftarget=0.0005
final/bestever f-value = 8.925979e-05 8.925979e-05
incumbent solution: [-0.3280767512511011, 4.564225444660029, 3.717131813373356, 5.494092607130326]
std deviation: [0.9252596245127718, 0.8548224590829154, 0.7915332312005555, 1.1844907464416068]
CMAEvolutionStrategyResult(xbest=array([-0.07128061,  5.06772368,  3.5741332 ,  5.36079949]), fbest=8.92597932016237e-05, evals_best=81, evaluations=88, iterations=11, xfavorite=array([-0.32807675,  4.56422544,  3.71713181,  5.49409261]), stds=array([0.92525962, 0.85482246, 0.79153323, 1.18449075]), stop={'ftarget': 0.0005})
4 10
(4_w,8)-aCMA-ES (mu_w=2.6,w_1=52%) in dimension 4 (seed=531178, Tue Jun 22 13:25:17 2021)
Iterat #Fevals   function value  axis ratio  sigma  min&max std  t[m:s]
    1      8 6.038932777184702e-02 1.0e+00 1.45e+00  1e+00  1e+00 0:07.3
    2     16 2.085165444042029e-01 1.2e+00 1.70e+00  2e+00  2e+00 0:14.4
    3     24 4.794522586001126e-02 1.7e+00 1.61e+00  1e+00  2e+00 0:21.5
    4     32 4.713846786738148e-01 1.8e+00 1.57e+00  1e+00  2e+00 0:28.6
    5     40 7.181805866016397e-01 2.0e+00 1.58e+00  1e+00  2e+00 0:35.8
    6     48 3.278195873369112e-01 1.8e+00 1.91e+00  2e+00  2e+00 0:43.1
    7     56 1.064891910472846e-01 1.7e+00 2.02e+00  2e+00  2e+00 0:50.6
    8     64 4.949334456568395e-01 1.7e+00 1.97e+00  2e+00  2e+00 0:58.0
   10     80 2.822230981474183e-01 1.8e+00 1.96e+00  2e+00  2e+00 1:12.9
   12     96 6.447470540633065e-01 2.1e+00 1.81e+00  1e+00  2e+00 1:27.5
   14    112 1.960265029459103e-01 2.2e+00 1.81e+00  1e+00  2e+00 1:42.3
   16    128 4.392978423903108e-01 2.2e+00 2.46e+00  2e+00  3e+00 1:56.7
   18    144 4.161831517604271e-01 2.6e+00 1.90e+00  1e+00  2e+00 2:11.2
   20    160 1.869364024679642e-01 2.9e+00 1.89e+00  1e+00  2e+00 2:25.7
   22    176 7.377136598987499e-02 3.1e+00 1.65e+00  1e+00  2e+00 2:40.9
   25    200 1.528073974462553e-01 2.9e+00 1.16e+00  6e-01  1e+00 3:03.2
   28    224 4.447568686699266e-02 3.4e+00 1.38e+00  6e-01  2e+00 3:24.9
   31    248 7.043735346986102e-02 4.0e+00 1.07e+00  5e-01  1e+00 3:47.3
   34    272 1.296107172894279e-02 4.7e+00 7.17e-01  3e-01  9e-01 4:09.4
   37    296 1.423051739005632e-02 5.9e+00 6.00e-01  2e-01  8e-01 4:31.7
   40    320 2.626967432722771e-02 6.0e+00 5.42e-01  2e-01  6e-01 4:53.6
   43    344 1.609259265350871e-02 7.1e+00 5.69e-01  2e-01  6e-01 5:15.9
   46    368 4.735052793304773e-03 5.7e+00 7.76e-01  3e-01  7e-01 5:37.9
   50    400 4.683909319769697e-03 6.8e+00 6.13e-01  2e-01  5e-01 6:07.4
   54    432 3.234695189374248e-03 7.1e+00 3.53e-01  9e-02  3e-01 6:37.0
   58    464 3.567818880128026e-03 5.5e+00 4.09e-01  1e-01  3e-01 7:06.4
   59    472 3.405291805194111e-04 5.2e+00 3.73e-01  1e-01  2e-01 7:13.9
termination on ftarget=0.0005
final/bestever f-value = 3.405292e-04 3.405292e-04
incumbent solution: [1.8373101981699056, 6.724013099525288, 5.2738258824452595, -2.129934691809391]
std deviation: [0.22284404251751763, 0.12457325410429806, 0.12308040686110476, 0.12034352875211565]
CMAEvolutionStrategyResult(xbest=array([ 1.92544859,  6.68689492,  5.25503721, -2.08465904]), fbest=0.00034052918051941106, evals_best=468, evaluations=472, iterations=59, xfavorite=array([ 1.8373102 ,  6.7240131 ,  5.27382588, -2.12993469]), stds=array([0.22284404, 0.12457325, 0.12308041, 0.12034353]), stop={'ftarget': 0.0005})
5 10
(4_w,8)-aCMA-ES (mu_w=2.6,w_1=52%) in dimension 4 (seed=505832, Tue Jun 22 13:32:31 2021)
Iterat #Fevals   function value  axis ratio  sigma  min&max std  t[m:s]
    1      8 1.042871105783196e-01 1.0e+00 1.78e+00  2e+00  2e+00 0:07.3
    2     16 4.829151081025140e-02 1.6e+00 1.48e+00  1e+00  2e+00 0:14.9
    3     24 5.231626976486914e-02 2.0e+00 1.43e+00  1e+00  2e+00 0:22.4
    4     32 7.009663294580859e-03 1.9e+00 1.41e+00  1e+00  2e+00 0:29.8
    5     40 4.056606355216497e-02 1.9e+00 1.54e+00  1e+00  2e+00 0:37.0
    6     48 2.558463998926408e-02 2.0e+00 1.66e+00  2e+00  2e+00 0:44.3
    7     56 1.243021217465932e-01 2.1e+00 1.78e+00  2e+00  2e+00 0:51.5
    8     64 8.529254169907541e-02 2.7e+00 1.67e+00  1e+00  2e+00 0:58.8
   10     80 2.454302614967874e-02 3.3e+00 1.74e+00  1e+00  2e+00 1:13.8
   12     96 7.086397330990790e-02 3.5e+00 1.85e+00  1e+00  3e+00 1:28.9
   14    112 8.690687816217868e-02 4.2e+00 2.11e+00  1e+00  3e+00 1:43.4
   16    128 1.458190931875136e-02 4.8e+00 1.56e+00  8e-01  2e+00 1:57.8
   18    144 2.376446209414873e-02 5.9e+00 1.17e+00  6e-01  2e+00 2:12.2
   20    160 1.643603671743410e-02 8.1e+00 9.20e-01  4e-01  1e+00 2:27.0
   22    176 8.759553327799652e-03 8.7e+00 9.11e-01  5e-01  1e+00 2:41.8
   25    200 8.088926570744004e-04 1.2e+01 8.12e-01  4e-01  1e+00 3:03.2
   28    224 4.774065478332368e-03 1.5e+01 8.24e-01  4e-01  1e+00 3:24.8
   31    248 1.366420287849390e-04 1.4e+01 6.65e-01  3e-01  8e-01 3:46.6
termination on ftarget=0.0005
final/bestever f-value = 1.366420e-04 1.366420e-04
incumbent solution: [6.516583176885963, 6.146662225378911, 12.771580132968868, -0.18754103433351732]
std deviation: [0.2707656566916689, 0.7662617273589711, 0.618090994828133, 0.7658236980446635]
CMAEvolutionStrategyResult(xbest=array([ 6.39556474,  6.46106579, 12.85309235, -0.45878754]), fbest=0.00013664202878493903, evals_best=247, evaluations=248, iterations=31, xfavorite=array([ 6.51658318,  6.14666223, 12.77158013, -0.18754103]), stds=array([0.27076566, 0.76626173, 0.61809099, 0.7658237 ]), stop={'ftarget': 0.0005})
6 10
(4_w,8)-aCMA-ES (mu_w=2.6,w_1=52%) in dimension 4 (seed=430699, Tue Jun 22 13:36:18 2021)
Iterat #Fevals   function value  axis ratio  sigma  min&max std  t[m:s]
    1      8 3.158119449052532e-02 1.0e+00 1.65e+00  1e+00  2e+00 0:07.2
    2     16 9.076325304258615e-02 1.4e+00 1.84e+00  2e+00  2e+00 0:15.0
    3     24 1.743317360335090e-01 1.6e+00 1.94e+00  2e+00  2e+00 0:21.8
    4     32 1.876249081322497e-01 1.5e+00 1.93e+00  2e+00  2e+00 0:29.2
    5     40 2.130790099023240e-01 1.4e+00 1.72e+00  2e+00  2e+00 0:36.8
    6     48 3.445929662501137e-01 1.3e+00 1.73e+00  2e+00  2e+00 0:43.9
    7     56 7.621408105907379e-02 1.3e+00 1.62e+00  2e+00  2e+00 0:51.0
    8     64 5.341022498874362e-01 1.5e+00 1.45e+00  1e+00  1e+00 0:58.1
   10     80 9.022177213615978e-03 1.6e+00 1.31e+00  1e+00  1e+00 1:12.8
   12     96 2.209865155887029e-01 1.9e+00 1.23e+00  9e-01  1e+00 1:27.6
   14    112 1.011039490896843e-01 2.5e+00 1.28e+00  9e-01  1e+00 1:42.5
   15    120 4.560782859523993e-04 2.7e+00 1.11e+00  8e-01  1e+00 1:49.5
termination on ftarget=0.0005
final/bestever f-value = 4.560783e-04 4.560783e-04
incumbent solution: [7.814970572435168, 2.890619733767935, -1.3381688080422693, 3.2501985037086762]
std deviation: [0.7533802308093567, 0.8163218849633405, 0.8633773450966501, 1.0396360080262943]
CMAEvolutionStrategyResult(xbest=array([ 7.24757468,  3.09908838, -1.85379918,  3.37326889]), fbest=0.0004560782859523993, evals_best=120, evaluations=120, iterations=15, xfavorite=array([ 7.81497057,  2.89061973, -1.33816881,  3.2501985 ]), stds=array([0.75338023, 0.81632188, 0.86337735, 1.03963601]), stop={'ftarget': 0.0005})
7 10
(4_w,8)-aCMA-ES (mu_w=2.6,w_1=52%) in dimension 4 (seed=509680, Tue Jun 22 13:38:07 2021)
Iterat #Fevals   function value  axis ratio  sigma  min&max std  t[m:s]
    1      8 5.459897489651300e-02 1.0e+00 1.39e+00  1e+00  1e+00 0:07.6
    2     16 2.000275892941825e-01 1.2e+00 1.22e+00  1e+00  1e+00 0:14.8
    3     24 9.355689644278875e-02 1.4e+00 1.10e+00  8e-01  1e+00 0:21.9
    4     32 2.076399178974835e-01 1.6e+00 9.36e-01  7e-01  1e+00 0:29.5
    5     40 2.527882270877264e-01 1.7e+00 8.21e-01  6e-01  8e-01 0:37.2
    6     48 2.017592136643143e-02 1.6e+00 7.43e-01  5e-01  7e-01 0:44.1
    7     56 6.380986262829014e-02 1.5e+00 7.53e-01  5e-01  7e-01 0:51.2
    8     64 1.334112097376150e-02 1.7e+00 6.45e-01  4e-01  6e-01 0:58.6
   10     80 2.296617984774096e-03 1.9e+00 5.30e-01  3e-01  5e-01 1:13.2
   12     96 2.092786476123143e-02 2.0e+00 4.00e-01  2e-01  3e-01 1:27.6
   14    112 3.908948194662387e-02 2.5e+00 2.73e-01  1e-01  2e-01 1:42.4
   16    128 3.399759061994989e-02 2.6e+00 2.64e-01  1e-01  2e-01 1:58.4
   18    144 1.116245924439929e-02 2.6e+00 2.95e-01  2e-01  2e-01 2:13.1
   20    160 3.071366821366894e-02 2.4e+00 2.72e-01  1e-01  2e-01 2:27.8
   22    176 4.732758312796070e-03 2.7e+00 2.60e-01  1e-01  2e-01 2:42.6
   25    200 5.642615113041471e-02 2.6e+00 2.18e-01  8e-02  1e-01 3:04.5
   28    224 1.087121150083081e-02 2.7e+00 2.39e-01  1e-01  2e-01 3:26.6
   31    248 1.510220056020928e-02 2.8e+00 2.03e-01  9e-02  1e-01 3:48.7
   34    272 1.725809927939403e-02 2.5e+00 2.10e-01  9e-02  1e-01 4:10.7
   37    296 6.030320044918325e-03 3.3e+00 1.73e-01  7e-02  9e-02 4:33.1
   40    320 3.922575800625117e-02 2.6e+00 1.46e-01  5e-02  6e-02 4:55.3
   43    344 4.068372034402579e-04 2.7e+00 1.40e-01  5e-02  6e-02 5:16.9
termination on ftarget=0.0005
final/bestever f-value = 4.068372e-04 4.068372e-04
incumbent solution: [2.4035512691512753, 2.441138882485305, 6.0252588055326, 5.055568312330164]
std deviation: [0.06180271776352899, 0.05313145100272292, 0.04518409318718189, 0.05008946870606018]
CMAEvolutionStrategyResult(xbest=array([2.43657697, 2.407888  , 6.01324121, 5.05738083]), fbest=0.00040683720344025787, evals_best=343, evaluations=344, iterations=43, xfavorite=array([2.40355127, 2.44113888, 6.02525881, 5.05556831]), stds=array([0.06180272, 0.05313145, 0.04518409, 0.05008947]), stop={'ftarget': 0.0005})
8 10
(4_w,8)-aCMA-ES (mu_w=2.6,w_1=52%) in dimension 4 (seed=531660, Tue Jun 22 13:43:24 2021)
Iterat #Fevals   function value  axis ratio  sigma  min&max std  t[m:s]
    1      8 1.660511850882801e-01 1.0e+00 1.46e+00  1e+00  2e+00 0:07.7
    2     16 3.740956624625347e-01 1.3e+00 1.40e+00  1e+00  2e+00 0:14.8
    3     24 7.968771111757966e-02 1.4e+00 1.30e+00  1e+00  1e+00 0:22.0
    4     32 3.097747217284885e-02 1.6e+00 1.49e+00  1e+00  2e+00 0:29.5
    5     40 1.332102829856850e-01 1.6e+00 1.45e+00  1e+00  1e+00 0:36.9
    6     48 3.488254144148706e-02 1.8e+00 1.78e+00  1e+00  2e+00 0:44.4
    7     56 3.719306692344734e-01 2.2e+00 1.94e+00  1e+00  3e+00 0:51.7
    8     64 3.850870738288492e-03 2.3e+00 1.87e+00  1e+00  3e+00 0:59.1
   10     80 3.589018918108033e-03 2.5e+00 1.34e+00  8e-01  2e+00 1:13.7
   12     96 9.898122801348797e-02 3.5e+00 1.37e+00  8e-01  2e+00 1:28.6
   14    112 1.666047441880369e-02 3.6e+00 1.19e+00  7e-01  2e+00 1:43.3
   16    128 5.720858225146008e-03 4.0e+00 1.06e+00  6e-01  1e+00 1:57.6
   18    144 4.948817384620852e-02 5.4e+00 1.02e+00  6e-01  1e+00 2:12.5
   20    160 3.571262845486856e-02 5.2e+00 8.18e-01  4e-01  1e+00 2:26.9
   22    176 2.288421665895568e-02 4.9e+00 7.23e-01  3e-01  7e-01 2:41.6
   25    200 8.845733199854344e-02 4.3e+00 8.59e-01  5e-01  8e-01 3:03.4
   28    224 1.488854332193856e-02 4.3e+00 1.08e+00  6e-01  8e-01 3:26.2
   31    248 2.802829068135138e-02 3.6e+00 7.69e-01  4e-01  5e-01 3:47.9
   34    272 1.374328192485641e-02 3.6e+00 5.24e-01  2e-01  3e-01 4:09.7
   37    296 5.674939467301687e-04 3.3e+00 5.16e-01  2e-01  2e-01 4:31.3
   40    320 5.947144384437220e-03 2.6e+00 3.76e-01  1e-01  2e-01 4:53.5
   43    344 5.752439650744789e-03 2.6e+00 3.34e-01  1e-01  1e-01 5:15.3
   47    376 2.165178254498468e-04 1.7e+00 3.92e-01  1e-01  1e-01 5:44.4
termination on ftarget=0.0005
final/bestever f-value = 2.165178e-04 2.165178e-04
incumbent solution: [5.707847485472914, 1.4682029254472624, -1.65388995073222, 7.18289034417577]
std deviation: [0.1322765535269719, 0.11310497054630789, 0.13431564066835985, 0.13892826953297563]
CMAEvolutionStrategyResult(xbest=array([ 5.69584238,  1.47109937, -1.65861952,  7.14467686]), fbest=0.00021651782544984677, evals_best=371, evaluations=376, iterations=47, xfavorite=array([ 5.70784749,  1.46820293, -1.65388995,  7.18289034]), stds=array([0.13227655, 0.11310497, 0.13431564, 0.13892827]), stop={'ftarget': 0.0005})
9 10
(4_w,8)-aCMA-ES (mu_w=2.6,w_1=52%) in dimension 4 (seed=487757, Tue Jun 22 13:49:09 2021)
Iterat #Fevals   function value  axis ratio  sigma  min&max std  t[m:s]
    1      8 4.949580635467044e-01 1.0e+00 1.40e+00  1e+00  1e+00 0:07.4
    2     16 2.895125211519000e-01 1.2e+00 1.35e+00  1e+00  1e+00 0:14.5
    3     24 2.182031583440038e-01 1.3e+00 1.37e+00  1e+00  1e+00 0:22.4
    4     32 9.772336545975469e-02 1.5e+00 1.21e+00  9e-01  1e+00 0:29.5
    5     40 6.453510007040197e-02 1.6e+00 1.16e+00  9e-01  1e+00 0:37.4
    6     48 1.278150866079840e-01 1.7e+00 1.15e+00  8e-01  1e+00 0:44.6
    7     56 2.868995405043486e-01 2.2e+00 1.09e+00  7e-01  1e+00 0:52.2
    8     64 2.799256163822211e-01 2.2e+00 1.02e+00  6e-01  1e+00 0:59.4
   10     80 8.317007690235245e-03 2.1e+00 7.52e-01  4e-01  7e-01 1:14.4
   12     96 2.057050883676514e-02 2.1e+00 6.47e-01  3e-01  6e-01 1:29.2
   14    112 5.741758241758177e-02 2.3e+00 7.42e-01  3e-01  7e-01 1:43.7
   16    128 2.235471667467492e-02 2.4e+00 7.87e-01  4e-01  8e-01 1:58.3
   18    144 6.149146317098275e-02 2.5e+00 6.06e-01  2e-01  6e-01 2:13.0
   20    160 1.618226600985184e-02 3.1e+00 5.13e-01  2e-01  5e-01 2:27.4
   22    176 6.825706547433086e-04 3.1e+00 3.67e-01  1e-01  3e-01 2:42.2
   25    200 1.123544493109785e-02 2.7e+00 4.48e-01  1e-01  3e-01 3:04.4
   28    224 2.863721367249683e-02 3.1e+00 4.35e-01  1e-01  3e-01 3:26.5
   31    248 1.511391833971532e-03 3.5e+00 3.19e-01  8e-02  2e-01 3:48.3
   34    272 6.711615262573467e-04 4.4e+00 2.85e-01  7e-02  2e-01 4:10.1
   37    296 2.938579405272113e-02 5.1e+00 2.47e-01  5e-02  2e-01 4:32.4
   40    320 1.212485771698524e-02 5.4e+00 1.94e-01  4e-02  1e-01 4:54.2
   43    344 3.430718677052835e-02 6.4e+00 1.93e-01  4e-02  1e-01 5:16.2
   44    352 2.454422697495406e-04 7.1e+00 2.22e-01  6e-02  1e-01 5:23.5
termination on ftarget=0.0005
final/bestever f-value = 2.454423e-04 2.454423e-04
incumbent solution: [4.254571775719188, 1.9210596902865833, -0.465547713123596, 2.4127406283352073]
std deviation: [0.08750517064508577, 0.10729899994884204, 0.12699285610789332, 0.06165523895085385]
CMAEvolutionStrategyResult(xbest=array([ 4.33023642,  1.92838793, -0.5727491 ,  2.34150617]), fbest=0.00024544226974954064, evals_best=352, evaluations=352, iterations=44, xfavorite=array([ 4.25457178,  1.92105969, -0.46554771,  2.41274063]), stds=array([0.08750517, 0.107299  , 0.12699286, 0.06165524]), stop={'ftarget': 0.0005})
