0 10
(4_w,8)-aCMA-ES (mu_w=2.6,w_1=52%) in dimension 4 (seed=462491, Tue Jun 22 13:07:34 2021)
circuitVTD.py:347: DeprecationWarning: The QuantumCircuit.__add__() method is being deprecated.Use the compose() method which is more flexible w.r.t circuit register compatibility.
  TrotterFixStepList.append(TrotterFixStepList[-1] + U_trot)
/home/nfb1/.local/lib/python3.7/site-packages/qiskit/circuit/quantumcircuit.py:869: DeprecationWarning: The QuantumCircuit.combine() method is being deprecated. Use the compose() method which is more flexible w.r.t circuit register compatibility.
  return self.combine(rhs)
Iterat #Fevals   function value  axis ratio  sigma  min&max std  t[m:s]
    1      8 3.600193094448716e-01 1.0e+00 1.37e+00  1e+00  1e+00 0:07.8
    2     16 3.850938671731402e-01 1.2e+00 1.23e+00  1e+00  1e+00 0:15.1
    3     24 1.526425968856305e-01 1.4e+00 1.05e+00  9e-01  1e+00 0:22.7
    4     32 9.483129552497371e-02 1.6e+00 8.53e-01  7e-01  8e-01 0:30.1
    5     40 4.480938619727715e-02 1.8e+00 7.80e-01  6e-01  8e-01 0:37.5
    6     48 5.054178976880797e-02 1.8e+00 7.08e-01  5e-01  6e-01 0:45.0
    7     56 5.525737159562394e-03 1.7e+00 7.43e-01  5e-01  7e-01 0:52.5
    8     64 4.115014550278961e-02 2.4e+00 7.57e-01  5e-01  7e-01 1:00.0
   10     80 1.464349742762661e-03 2.8e+00 5.87e-01  3e-01  5e-01 1:14.9
   12     96 2.280620812520062e-02 2.9e+00 4.62e-01  2e-01  4e-01 1:29.8
   14    112 1.329699318987165e-02 2.7e+00 3.43e-01  1e-01  3e-01 1:44.9
   16    128 1.901570681103304e-03 3.0e+00 3.47e-01  1e-01  3e-01 1:59.9
   18    144 1.498508285232758e-02 2.8e+00 2.84e-01  1e-01  3e-01 2:14.7
   19    152 2.018224934284829e-04 3.3e+00 2.71e-01  9e-02  2e-01 2:22.1
termination on ftarget=0.0005
final/bestever f-value = 2.018225e-04 2.018225e-04
incumbent solution: [2.9510933910426207, 1.8209177936473928, 4.83687435753421, 6.0547451978544995]
std deviation: [0.23568454862014984, 0.09158902401187556, 0.17542002590191166, 0.1882546068300489]
CMAEvolutionStrategyResult(xbest=array([3.0030863 , 1.78166667, 4.6957155 , 5.89701499]), fbest=0.0002018224934284829, evals_best=150, evaluations=152, iterations=19, xfavorite=array([2.95109339, 1.82091779, 4.83687436, 6.0547452 ]), stds=array([0.23568455, 0.09158902, 0.17542003, 0.18825461]), stop={'ftarget': 0.0005})
1 10
(4_w,8)-aCMA-ES (mu_w=2.6,w_1=52%) in dimension 4 (seed=479014, Tue Jun 22 13:09:56 2021)
Iterat #Fevals   function value  axis ratio  sigma  min&max std  t[m:s]
    1      8 7.593549787088205e-02 1.0e+00 1.72e+00  2e+00  2e+00 0:08.8
    2     16 2.639549645967216e-01 1.4e+00 1.76e+00  2e+00  2e+00 0:17.4
    3     24 1.354705756160468e-01 1.4e+00 1.72e+00  2e+00  2e+00 0:26.2
    4     32 2.250929836043385e-01 1.6e+00 1.66e+00  1e+00  2e+00 0:35.3
    5     40 2.453836281443073e-01 1.7e+00 1.86e+00  2e+00  2e+00 0:44.1
    6     48 1.686886405087599e-01 1.8e+00 1.88e+00  2e+00  2e+00 0:53.2
    7     56 3.225008913291777e-01 1.9e+00 1.50e+00  1e+00  2e+00 1:02.3
    8     64 3.883638688429877e-01 2.0e+00 1.24e+00  1e+00  1e+00 1:11.4
    9     72 7.007866510028304e-02 2.2e+00 1.03e+00  8e-01  1e+00 1:20.3
   11     88 3.124077779806722e-03 2.1e+00 7.63e-01  5e-01  7e-01 1:37.4
   13    104 9.396946584988242e-02 2.4e+00 8.71e-01  5e-01  1e+00 1:55.2
   14    112 1.504759649701981e-04 2.5e+00 7.48e-01  4e-01  9e-01 2:04.0
termination on ftarget=0.0005
final/bestever f-value = 1.504760e-04 1.504760e-04
incumbent solution: [1.971667470065638, 8.752261495214603, 0.9352426660252554, 3.5924825423324074]
std deviation: [0.5960953822757742, 0.4969404150343925, 0.3602412909126628, 0.8634123201469933]
CMAEvolutionStrategyResult(xbest=array([1.97973887, 8.95066691, 0.76389561, 2.75532616]), fbest=0.0001504759649701981, evals_best=108, evaluations=112, iterations=14, xfavorite=array([1.97166747, 8.7522615 , 0.93524267, 3.59248254]), stds=array([0.59609538, 0.49694042, 0.36024129, 0.86341232]), stop={'ftarget': 0.0005})
2 10
(4_w,8)-aCMA-ES (mu_w=2.6,w_1=52%) in dimension 4 (seed=496984, Tue Jun 22 13:12:00 2021)
Iterat #Fevals   function value  axis ratio  sigma  min&max std  t[m:s]
    1      8 1.995871008724992e-01 1.0e+00 1.67e+00  2e+00  2e+00 0:08.9
    2     16 4.712326389277065e-01 1.4e+00 1.63e+00  1e+00  2e+00 0:18.1
    3     24 2.679554221327316e-01 1.6e+00 2.02e+00  2e+00  2e+00 0:27.2
    4     32 5.302962466769243e-01 1.7e+00 2.09e+00  2e+00  3e+00 0:35.9
    5     40 4.046362405668903e-01 2.3e+00 1.86e+00  2e+00  3e+00 0:45.2
    6     48 5.344843625359175e-01 2.2e+00 1.80e+00  1e+00  3e+00 0:53.7
    7     56 4.419005258159454e-01 2.2e+00 1.53e+00  1e+00  2e+00 1:02.6
    8     64 1.436124561534763e-01 2.6e+00 1.80e+00  1e+00  2e+00 1:11.2
    9     72 3.033382744371921e-01 2.6e+00 1.75e+00  1e+00  2e+00 1:20.3
   11     88 2.242574636432432e-01 2.4e+00 1.41e+00  1e+00  2e+00 1:38.3
   13    104 8.069743231956872e-02 2.3e+00 1.67e+00  1e+00  2e+00 1:55.8
   15    120 1.572249811350943e-01 2.6e+00 1.55e+00  8e-01  2e+00 2:14.0
   17    136 1.124743802033001e-02 2.9e+00 1.29e+00  6e-01  2e+00 2:31.7
   19    152 2.729779791764697e-03 3.2e+00 8.73e-01  4e-01  1e+00 2:49.4
   21    168 4.113547280187646e-03 3.3e+00 6.28e-01  2e-01  9e-01 3:07.5
   23    184 3.900788002825162e-02 4.0e+00 6.00e-01  2e-01  8e-01 3:25.2
   25    200 2.008266644040080e-02 4.0e+00 4.97e-01  2e-01  6e-01 3:43.2
   27    216 1.557028032845675e-02 3.5e+00 3.98e-01  1e-01  4e-01 4:01.0
   30    240 5.800699165692258e-05 3.5e+00 4.63e-01  2e-01  4e-01 4:27.5
termination on ftarget=0.0005
final/bestever f-value = 5.800699e-05 5.800699e-05
incumbent solution: [4.56092719578786, 1.755817697004402, 6.650801744905621, 7.707413707119191]
std deviation: [0.25488087573270146, 0.17325531549912868, 0.4463197196787903, 0.19494517459851984]
CMAEvolutionStrategyResult(xbest=array([4.56331783, 1.7303235 , 6.65686887, 7.68724467]), fbest=5.800699165692258e-05, evals_best=233, evaluations=240, iterations=30, xfavorite=array([4.5609272 , 1.7558177 , 6.65080174, 7.70741371]), stds=array([0.25488088, 0.17325532, 0.44631972, 0.19494517]), stop={'ftarget': 0.0005})
3 10
(4_w,8)-aCMA-ES (mu_w=2.6,w_1=52%) in dimension 4 (seed=505304, Tue Jun 22 13:16:27 2021)
Iterat #Fevals   function value  axis ratio  sigma  min&max std  t[m:s]
    1      8 4.568382080241784e-02 1.0e+00 1.56e+00  1e+00  2e+00 0:09.0
    2     16 2.797319800363063e-01 1.3e+00 1.28e+00  1e+00  1e+00 0:18.0
    3     24 2.782794415843615e-02 1.5e+00 1.31e+00  9e-01  1e+00 0:27.0
    4     32 9.548422530208278e-02 1.9e+00 1.50e+00  1e+00  2e+00 0:36.0
    5     40 3.085486551800208e-01 2.1e+00 1.62e+00  1e+00  2e+00 0:44.5
    6     48 1.440995428875856e-01 2.4e+00 1.36e+00  8e-01  2e+00 0:53.6
    7     56 8.308485449594893e-02 2.6e+00 1.06e+00  6e-01  1e+00 1:02.5
    8     64 1.073640035469450e-01 2.4e+00 9.64e-01  5e-01  1e+00 1:11.7
    9     72 2.282590565066811e-02 2.5e+00 7.43e-01  4e-01  7e-01 1:20.5
   10     80 2.130019569680952e-02 2.3e+00 6.44e-01  3e-01  6e-01 1:29.6
   12     96 5.630794403337447e-02 2.4e+00 5.06e-01  3e-01  5e-01 1:47.4
   14    112 1.386386306772502e-02 2.4e+00 3.35e-01  2e-01  3e-01 2:05.5
   16    128 7.360866404606980e-03 2.4e+00 3.98e-01  2e-01  4e-01 2:23.1
   18    144 7.908484706038221e-03 3.1e+00 4.18e-01  2e-01  4e-01 2:41.5
   20    160 7.661572489559232e-03 3.1e+00 4.00e-01  2e-01  3e-01 2:59.2
   22    176 5.603188998375863e-03 4.1e+00 4.14e-01  2e-01  4e-01 3:17.0
   24    192 1.787501387574553e-02 4.6e+00 3.01e-01  2e-01  2e-01 3:34.5
   25    200 3.097236572300321e-04 4.5e+00 3.19e-01  2e-01  3e-01 3:43.4
termination on ftarget=0.0005
final/bestever f-value = 3.097237e-04 3.097237e-04
incumbent solution: [4.941916443864863, 4.469472541466765, 4.031730791093656, -0.4165137817151508]
std deviation: [0.174084261089409, 0.17195611872968658, 0.1641081912623923, 0.26118774675926326]
CMAEvolutionStrategyResult(xbest=array([ 4.89106951,  4.55511392,  3.96530089, -0.6803919 ]), fbest=0.00030972365723003215, evals_best=199, evaluations=200, iterations=25, xfavorite=array([ 4.94191644,  4.46947254,  4.03173079, -0.41651378]), stds=array([0.17408426, 0.17195612, 0.16410819, 0.26118775]), stop={'ftarget': 0.0005})
4 10
(4_w,8)-aCMA-ES (mu_w=2.6,w_1=52%) in dimension 4 (seed=494280, Tue Jun 22 13:20:11 2021)
Iterat #Fevals   function value  axis ratio  sigma  min&max std  t[m:s]
    1      8 1.797926676136453e-01 1.0e+00 1.78e+00  2e+00  2e+00 0:08.8
    2     16 2.018876145136087e-01 1.4e+00 1.94e+00  2e+00  2e+00 0:18.0
    3     24 3.416843669635671e-01 1.8e+00 2.11e+00  2e+00  3e+00 0:26.5
    4     32 2.261467917002130e-01 1.8e+00 1.69e+00  2e+00  2e+00 0:35.7
    5     40 2.754604724774595e-01 1.7e+00 1.48e+00  1e+00  2e+00 0:44.5
    6     48 1.197221994419166e-01 1.8e+00 1.31e+00  1e+00  2e+00 0:53.8
    7     56 3.214659367102806e-01 2.1e+00 1.02e+00  8e-01  1e+00 1:02.6
    8     64 4.741866404246009e-03 2.2e+00 8.38e-01  7e-01  9e-01 1:11.8
    9     72 3.112892825309910e-03 2.2e+00 8.03e-01  6e-01  9e-01 1:20.3
   11     88 4.810056472981494e-02 3.1e+00 7.39e-01  5e-01  9e-01 1:38.1
   13    104 2.069010276392280e-02 3.6e+00 6.72e-01  4e-01  7e-01 1:56.1
   15    120 1.012574688551648e-02 3.6e+00 5.00e-01  3e-01  5e-01 2:14.0
   17    136 7.937064624713219e-03 4.2e+00 4.03e-01  2e-01  4e-01 2:32.0
   19    152 1.792559844592445e-02 4.8e+00 3.61e-01  2e-01  3e-01 2:49.7
   21    168 1.504121858367224e-02 5.1e+00 2.97e-01  2e-01  2e-01 3:07.8
   23    184 1.098229602832757e-02 5.4e+00 2.66e-01  2e-01  2e-01 3:25.7
   25    200 5.978366364300935e-03 5.3e+00 2.24e-01  1e-01  2e-01 3:43.2
   27    216 5.881065308766420e-03 5.9e+00 2.27e-01  1e-01  2e-01 4:01.4
   30    240 1.088570060865379e-02 7.0e+00 2.04e-01  1e-01  2e-01 4:28.1
   31    248 3.939453040375795e-04 7.6e+00 1.84e-01  1e-01  1e-01 4:36.8
termination on ftarget=0.0005
final/bestever f-value = 3.939453e-04 3.939453e-04
incumbent solution: [7.764231410943611, 9.435286080769623, -2.1925853597635783, 0.755874474826584]
std deviation: [0.11014298830256647, 0.13921152236797535, 0.1381363076651664, 0.12182878601736301]
CMAEvolutionStrategyResult(xbest=array([ 7.77128366,  9.54302279, -2.27591405,  0.66012615]), fbest=0.00039394530403757955, evals_best=244, evaluations=248, iterations=31, xfavorite=array([ 7.76423141,  9.43528608, -2.19258536,  0.75587447]), stds=array([0.11014299, 0.13921152, 0.13813631, 0.12182879]), stop={'ftarget': 0.0005})
5 10
(4_w,8)-aCMA-ES (mu_w=2.6,w_1=52%) in dimension 4 (seed=435047, Tue Jun 22 13:24:48 2021)
Iterat #Fevals   function value  axis ratio  sigma  min&max std  t[m:s]
    1      8 5.724317218405539e-01 1.0e+00 1.42e+00  1e+00  1e+00 0:08.8
    2     16 4.040477640343599e-01 1.3e+00 1.34e+00  1e+00  1e+00 0:17.6
    3     24 4.811044986581928e-01 1.3e+00 1.32e+00  1e+00  1e+00 0:26.6
    4     32 2.526946974485581e-01 1.5e+00 1.33e+00  1e+00  1e+00 0:35.3
    5     40 1.613012321139404e-01 1.6e+00 1.35e+00  1e+00  1e+00 0:44.2
    6     48 6.896446550729585e-02 1.6e+00 1.65e+00  1e+00  2e+00 0:52.8
    7     56 2.069986493635712e-01 2.1e+00 1.51e+00  1e+00  2e+00 1:01.9
    8     64 2.101996465201516e-01 2.1e+00 1.36e+00  1e+00  1e+00 1:10.6
    9     72 6.242942098815563e-02 1.9e+00 1.24e+00  9e-01  1e+00 1:19.6
   11     88 5.095707797688420e-03 2.4e+00 1.09e+00  6e-01  1e+00 1:37.4
   13    104 2.916196208775090e-02 2.8e+00 1.06e+00  5e-01  1e+00 1:55.2
   15    120 3.539283418989714e-02 2.8e+00 8.30e-01  4e-01  8e-01 2:12.9
   17    136 2.903161307338031e-03 2.5e+00 5.89e-01  3e-01  5e-01 2:31.2
   19    152 1.745797157146178e-02 2.3e+00 5.54e-01  2e-01  5e-01 2:49.3
   20    160 1.171832347979240e-04 2.4e+00 4.39e-01  2e-01  4e-01 2:57.8
termination on ftarget=0.0005
final/bestever f-value = 1.171832e-04 1.171832e-04
incumbent solution: [2.7412761580271177, -1.0139728713444718, 4.616101048031082, 0.16462967361430242]
std deviation: [0.3619787187295727, 0.163575018697669, 0.28715097308987175, 0.22243628530852072]
CMAEvolutionStrategyResult(xbest=array([ 2.71733203, -0.99574524,  4.36249164,  0.23867301]), fbest=0.00011718323479792403, evals_best=159, evaluations=160, iterations=20, xfavorite=array([ 2.74127616, -1.01397287,  4.61610105,  0.16462967]), stds=array([0.36197872, 0.16357502, 0.28715097, 0.22243629]), stop={'ftarget': 0.0005})
6 10
(4_w,8)-aCMA-ES (mu_w=2.6,w_1=52%) in dimension 4 (seed=559814, Tue Jun 22 13:27:45 2021)
Iterat #Fevals   function value  axis ratio  sigma  min&max std  t[m:s]
    1      8 2.798815085130909e-01 1.0e+00 1.40e+00  1e+00  1e+00 0:09.1
    2     16 1.955782613995758e-01 1.1e+00 1.36e+00  1e+00  1e+00 0:18.2
    3     24 3.580494312992878e-01 1.4e+00 1.10e+00  9e-01  1e+00 0:27.2
    4     32 5.871286256981334e-02 1.6e+00 1.31e+00  1e+00  1e+00 0:35.9
    5     40 1.688016816055427e-02 1.8e+00 1.26e+00  1e+00  1e+00 0:45.0
    6     48 1.731979316977181e-01 1.8e+00 1.11e+00  8e-01  1e+00 0:53.5
    7     56 9.144923140195005e-02 1.7e+00 9.39e-01  6e-01  9e-01 1:02.4
    8     64 8.882255753972079e-02 1.9e+00 9.62e-01  6e-01  1e+00 1:11.5
    9     72 5.265965877043310e-03 1.9e+00 8.11e-01  4e-01  9e-01 1:20.0
   11     88 6.120394629684600e-02 2.2e+00 6.52e-01  3e-01  6e-01 1:37.8
   13    104 1.265435437383333e-03 2.4e+00 5.72e-01  3e-01  6e-01 1:55.6
   15    120 8.397787194739936e-03 2.4e+00 4.12e-01  2e-01  4e-01 2:13.5
   17    136 9.169057458880081e-03 2.3e+00 3.72e-01  2e-01  3e-01 2:31.4
   19    152 3.872732443919502e-03 3.0e+00 3.60e-01  2e-01  3e-01 2:49.5
   21    168 3.184432116176028e-03 2.9e+00 2.54e-01  1e-01  2e-01 3:08.5
   23    184 6.931201369477780e-04 3.2e+00 2.14e-01  8e-02  2e-01 3:26.1
   25    200 1.146837843381776e-02 3.5e+00 2.35e-01  9e-02  2e-01 3:44.1
   27    216 3.795465419292432e-03 4.1e+00 2.72e-01  9e-02  3e-01 4:02.4
   30    240 2.444426663433696e-03 3.9e+00 3.12e-01  1e-01  2e-01 4:29.0
   33    264 2.147712484793118e-02 3.3e+00 5.15e-01  2e-01  3e-01 4:55.9
   36    288 4.137964443557918e-02 4.5e+00 8.77e-01  4e-01  5e-01 5:22.6
   39    312 9.101706933819065e-03 4.6e+00 7.62e-01  3e-01  5e-01 5:48.8
   41    328 6.693979242167192e-05 4.9e+00 7.06e-01  3e-01  5e-01 6:06.9
termination on ftarget=0.0005
final/bestever f-value = 6.693979e-05 6.693979e-05
incumbent solution: [0.21761469047284587, 4.3587230022297, 0.8060091888258722, 3.2593646877642035]
std deviation: [0.37781510541687713, 0.431717593823808, 0.2873385850486395, 0.5106617622961548]
CMAEvolutionStrategyResult(xbest=array([0.13004811, 4.21203227, 0.87130862, 3.4822188 ]), fbest=6.693979242167192e-05, evals_best=328, evaluations=328, iterations=41, xfavorite=array([0.21761469, 4.358723  , 0.80600919, 3.25936469]), stds=array([0.37781511, 0.43171759, 0.28733859, 0.51066176]), stop={'ftarget': 0.0005})
7 10
(4_w,8)-aCMA-ES (mu_w=2.6,w_1=52%) in dimension 4 (seed=528810, Tue Jun 22 13:33:52 2021)
Iterat #Fevals   function value  axis ratio  sigma  min&max std  t[m:s]
    1      8 5.058075375697886e-01 1.0e+00 1.43e+00  1e+00  1e+00 0:08.5
    2     16 7.510024595799558e-02 1.2e+00 1.27e+00  1e+00  1e+00 0:17.7
    3     24 3.351467497302010e-01 1.3e+00 1.12e+00  1e+00  1e+00 0:26.7
    4     32 1.517036170252345e-01 1.4e+00 1.40e+00  1e+00  2e+00 0:35.6
    5     40 2.778678285970574e-01 1.7e+00 1.30e+00  1e+00  1e+00 0:44.5
    6     48 3.697599010831492e-01 1.5e+00 1.32e+00  1e+00  1e+00 0:53.0
    7     56 1.531442683832362e-02 1.6e+00 1.20e+00  9e-01  1e+00 1:02.3
    8     64 1.269799597797291e-01 1.5e+00 1.17e+00  9e-01  1e+00 1:11.7
    9     72 2.051486374641319e-01 1.6e+00 1.03e+00  8e-01  9e-01 1:20.6
   10     80 9.903649726721542e-02 1.5e+00 1.01e+00  7e-01  9e-01 1:29.7
   12     96 6.344269451162621e-02 1.8e+00 8.17e-01  6e-01  7e-01 1:47.1
   14    112 6.756602300482362e-03 2.3e+00 5.79e-01  4e-01  5e-01 2:05.0
   16    128 1.066820168287252e-02 2.4e+00 4.53e-01  3e-01  4e-01 2:23.4
   18    144 6.995338726243361e-04 2.9e+00 3.61e-01  2e-01  3e-01 2:41.7
   20    160 1.046180362239779e-02 2.6e+00 2.46e-01  1e-01  2e-01 2:59.0
   22    176 8.538133723469898e-03 2.9e+00 1.96e-01  1e-01  1e-01 3:16.5
   24    192 5.307148384056992e-03 3.1e+00 1.58e-01  8e-02  1e-01 3:34.0
   26    208 7.785692378889930e-04 3.3e+00 1.35e-01  6e-02  7e-02 3:52.1
   29    232 2.713928863920301e-03 3.1e+00 1.47e-01  6e-02  8e-02 4:18.7
   32    256 1.161158658652417e-02 2.8e+00 2.66e-01  1e-01  2e-01 4:45.6
   35    280 6.315908405739701e-03 2.9e+00 2.84e-01  1e-01  2e-01 5:12.7
   38    304 8.136804721857627e-03 2.9e+00 2.50e-01  9e-02  1e-01 5:39.5
   41    328 1.570540786395780e-02 3.0e+00 2.07e-01  7e-02  1e-01 6:05.7
   44    352 2.348568608201007e-02 4.6e+00 2.31e-01  9e-02  1e-01 6:32.6
   47    376 2.498772938556582e-02 5.1e+00 1.99e-01  7e-02  1e-01 6:59.8
   50    400 4.567063697252793e-04 4.8e+00 2.58e-01  9e-02  1e-01 7:27.2
termination on ftarget=0.0005
final/bestever f-value = 4.567064e-04 4.567064e-04
incumbent solution: [5.939259485757559, 5.576739110976315, 2.5446541234159197, 3.33678276914007]
std deviation: [0.09434618416588841, 0.08645805321898643, 0.13647546275362502, 0.10401041885558723]
CMAEvolutionStrategyResult(xbest=array([6.00813146, 5.49898128, 2.62029124, 3.4302923 ]), fbest=0.00045670636972527934, evals_best=399, evaluations=400, iterations=50, xfavorite=array([5.93925949, 5.57673911, 2.54465412, 3.33678277]), stds=array([0.09434618, 0.08645805, 0.13647546, 0.10401042]), stop={'ftarget': 0.0005})
8 10
(4_w,8)-aCMA-ES (mu_w=2.6,w_1=52%) in dimension 4 (seed=481547, Tue Jun 22 13:41:20 2021)
Iterat #Fevals   function value  axis ratio  sigma  min&max std  t[m:s]
    1      8 9.246485908780444e-02 1.0e+00 1.62e+00  2e+00  2e+00 0:08.7
    2     16 2.942403680586989e-01 1.3e+00 1.88e+00  2e+00  2e+00 0:17.7
    3     24 6.266009953791429e-01 1.7e+00 1.92e+00  2e+00  2e+00 0:27.6
    4     32 3.624356368494585e-01 1.8e+00 2.37e+00  2e+00  4e+00 0:36.4
    5     40 1.151188106050631e-01 2.9e+00 2.44e+00  2e+00  4e+00 0:45.6
    6     48 2.325598549920402e-01 3.2e+00 2.70e+00  2e+00  4e+00 0:54.4
    7     56 3.118612875482044e-01 3.5e+00 2.51e+00  2e+00  4e+00 1:03.3
    8     64 2.094095833680566e-01 3.2e+00 2.81e+00  2e+00  5e+00 1:12.4
    9     72 4.064226688289689e-01 3.4e+00 3.14e+00  3e+00  5e+00 1:21.1
   11     88 3.724800528838976e-01 3.0e+00 2.48e+00  2e+00  4e+00 1:38.7
   13    104 1.713263202592243e-01 3.3e+00 2.07e+00  2e+00  3e+00 1:56.2
   15    120 3.707666156673868e-01 3.1e+00 1.92e+00  2e+00  3e+00 2:14.3
   17    136 1.929317430333710e-01 3.0e+00 2.11e+00  1e+00  3e+00 2:32.1
   19    152 6.782249207638869e-02 2.9e+00 2.43e+00  2e+00  3e+00 2:49.5
   21    168 3.015565336696776e-01 3.7e+00 3.16e+00  2e+00  6e+00 3:07.1
   23    184 3.150678530013041e-01 4.6e+00 3.32e+00  2e+00  6e+00 3:25.3
   25    200 4.365985995046261e-01 5.0e+00 2.63e+00  1e+00  5e+00 3:43.1
   27    216 8.660060171299666e-02 5.4e+00 2.28e+00  1e+00  4e+00 4:01.3
   30    240 1.677335856602258e-02 6.0e+00 1.80e+00  8e-01  3e+00 4:28.0
   33    264 2.100853773765452e-01 7.1e+00 1.82e+00  9e-01  3e+00 4:54.4
   36    288 1.113293607256532e-01 7.6e+00 1.88e+00  8e-01  3e+00 5:21.1
   39    312 1.130745743481729e-01 7.3e+00 1.17e+00  4e-01  2e+00 5:47.9
   42    336 5.031557524284891e-02 6.6e+00 1.06e+00  4e-01  1e+00 6:15.2
   45    360 1.287386108565025e-02 6.7e+00 7.60e-01  3e-01  8e-01 6:41.9
   48    384 1.067004426251739e-02 7.7e+00 6.64e-01  2e-01  7e-01 7:08.8
   51    408 1.324941877552088e-02 6.9e+00 5.04e-01  2e-01  5e-01 7:35.9
   54    432 1.444829333483666e-03 1.1e+01 4.29e-01  1e-01  4e-01 8:02.8
   58    464 1.799712852329938e-03 1.1e+01 4.03e-01  1e-01  4e-01 8:37.9
   62    496 3.243009351086901e-03 8.1e+00 2.06e-01  5e-02  2e-01 9:13.3
   66    528 2.419958399503486e-03 8.2e+00 1.37e-01  3e-02  9e-02 9:49.2
   70    560 1.235986492788776e-02 8.1e+00 1.04e-01  3e-02  6e-02 10:24.6
   73    584 2.449126295334114e-04 7.8e+00 1.09e-01  2e-02  6e-02 10:51.5
termination on ftarget=0.0005
final/bestever f-value = 2.449126e-04 2.449126e-04
incumbent solution: [2.4042151835994727, 16.97214800897514, -25.289133916951755, 3.3122303871953735]
std deviation: [0.02414166394204952, 0.05561305248444569, 0.055395237802004886, 0.02378675164281914]
CMAEvolutionStrategyResult(xbest=array([  2.4088139 ,  16.97378159, -25.27185659,   3.31864822]), fbest=0.0002449126295334114, evals_best=584, evaluations=584, iterations=73, xfavorite=array([  2.40421518,  16.97214801, -25.28913392,   3.31223039]), stds=array([0.02414166, 0.05561305, 0.05539524, 0.02378675]), stop={'ftarget': 0.0005})
9 10
(4_w,8)-aCMA-ES (mu_w=2.6,w_1=52%) in dimension 4 (seed=463700, Tue Jun 22 13:52:11 2021)
Iterat #Fevals   function value  axis ratio  sigma  min&max std  t[m:s]
    1      8 3.622160612661884e-02 1.0e+00 1.60e+00  2e+00  2e+00 0:08.8
    2     16 1.560206508194573e-01 1.3e+00 1.40e+00  1e+00  1e+00 0:17.8
    3     24 3.184409310233449e-01 1.4e+00 1.19e+00  1e+00  1e+00 0:26.7
    4     32 2.347873702507142e-01 1.6e+00 1.09e+00  1e+00  1e+00 0:35.6
    5     40 1.956108664803295e-01 2.0e+00 1.26e+00  1e+00  1e+00 0:44.4
    6     48 2.457837580934914e-01 2.5e+00 1.12e+00  9e-01  1e+00 0:53.6
    7     56 1.951058577173903e-02 2.5e+00 1.00e+00  9e-01  1e+00 1:02.7
    8     64 2.280257446180798e-01 2.9e+00 9.09e-01  8e-01  1e+00 1:11.4
    9     72 1.658376033238023e-01 3.0e+00 8.18e-01  6e-01  8e-01 1:20.2
   11     88 9.973578134715899e-02 3.0e+00 6.56e-01  5e-01  6e-01 1:37.7
   13    104 3.610902556200524e-02 3.1e+00 6.20e-01  4e-01  6e-01 1:55.8
   15    120 4.387502273531740e-02 3.1e+00 7.23e-01  4e-01  7e-01 2:13.8
   17    136 2.777851421870592e-03 3.1e+00 6.12e-01  3e-01  6e-01 2:31.2
   19    152 7.669141672790092e-03 3.3e+00 5.53e-01  3e-01  5e-01 2:49.1
   21    168 1.981125067828837e-02 2.8e+00 4.97e-01  2e-01  5e-01 3:06.8
   23    184 5.778368662968880e-03 3.2e+00 4.00e-01  2e-01  4e-01 3:24.6
   25    200 5.255811433608093e-03 3.0e+00 3.79e-01  1e-01  4e-01 3:42.2
   27    216 3.574712391272827e-03 3.2e+00 2.66e-01  9e-02  2e-01 3:59.9
   30    240 3.612584027778976e-03 3.5e+00 2.82e-01  1e-01  2e-01 4:26.7
   33    264 4.713130988810210e-03 4.2e+00 2.03e-01  6e-02  2e-01 4:53.7
   35    280 4.784496142540284e-05 4.6e+00 1.70e-01  5e-02  1e-01 5:11.0
termination on ftarget=0.0005
final/bestever f-value = 4.784496e-05 4.784496e-05
incumbent solution: [5.214552109923917, 2.6269451655570646, 4.077091266097988, 8.372974452970187]
std deviation: [0.05152181405699255, 0.06858915633656612, 0.13521184913703158, 0.06417115684645737]
CMAEvolutionStrategyResult(xbest=array([5.19811173, 2.58086124, 3.9517434 , 8.39968544]), fbest=4.784496142540284e-05, evals_best=275, evaluations=280, iterations=35, xfavorite=array([5.21455211, 2.62694517, 4.07709127, 8.37297445]), stds=array([0.05152181, 0.06858916, 0.13521185, 0.06417116]), stop={'ftarget': 0.0005})
