0 10
(4_w,8)-aCMA-ES (mu_w=2.6,w_1=52%) in dimension 4 (seed=404807, Tue Jun 22 13:07:18 2021)
circuitVTD.py:347: DeprecationWarning: The QuantumCircuit.__add__() method is being deprecated.Use the compose() method which is more flexible w.r.t circuit register compatibility.
  TrotterFixStepList.append(TrotterFixStepList[-1] + U_trot)
/home/nfb1/.local/lib/python3.7/site-packages/qiskit/circuit/quantumcircuit.py:869: DeprecationWarning: The QuantumCircuit.combine() method is being deprecated. Use the compose() method which is more flexible w.r.t circuit register compatibility.
  return self.combine(rhs)
Iterat #Fevals   function value  axis ratio  sigma  min&max std  t[m:s]
    1      8 5.952330971162760e-01 1.0e+00 1.42e+00  1e+00  1e+00 0:06.2
    2     16 5.789940801894693e-01 1.2e+00 1.40e+00  1e+00  2e+00 0:12.0
    3     24 7.766108547604089e-02 1.3e+00 1.53e+00  1e+00  2e+00 0:18.2
    4     32 3.756910784177739e-01 1.5e+00 1.40e+00  1e+00  1e+00 0:24.2
    5     40 4.122848656520702e-01 1.7e+00 1.45e+00  1e+00  2e+00 0:30.3
    6     48 4.486735242299693e-01 1.9e+00 1.31e+00  1e+00  1e+00 0:36.5
    7     56 3.585031552958239e-01 1.8e+00 1.60e+00  1e+00  2e+00 0:42.7
    9     72 1.245697552676724e-01 2.3e+00 1.63e+00  1e+00  2e+00 0:55.0
   11     88 9.342367716141631e-02 2.1e+00 1.51e+00  1e+00  2e+00 1:07.5
   13    104 6.347261123743564e-02 2.0e+00 1.40e+00  9e-01  1e+00 1:19.9
   15    120 1.313654481808134e-01 1.7e+00 1.02e+00  6e-01  8e-01 1:32.5
   17    136 3.647421239616633e-02 1.6e+00 7.95e-01  5e-01  6e-01 1:44.7
   19    152 3.669194156880495e-03 1.8e+00 6.79e-01  4e-01  5e-01 1:57.0
   22    176 8.535153362545289e-03 2.3e+00 5.26e-01  3e-01  3e-01 2:15.4
   25    200 3.494161417661124e-03 2.6e+00 5.45e-01  3e-01  4e-01 2:34.3
   28    224 1.397164588495936e-02 3.0e+00 5.57e-01  3e-01  4e-01 2:53.3
   31    248 1.982084113095417e-03 3.2e+00 6.25e-01  3e-01  5e-01 3:12.5
   34    272 3.273715371001495e-02 3.5e+00 4.80e-01  2e-01  3e-01 3:31.3
   37    296 3.876677259888495e-03 4.7e+00 5.80e-01  3e-01  4e-01 3:50.1
   41    328 2.921302805198134e-02 5.6e+00 7.91e-01  4e-01  5e-01 4:14.7
   45    360 2.103537425326318e-03 5.4e+00 8.14e-01  3e-01  5e-01 4:39.5
   49    392 2.599658958868378e-03 7.2e+00 6.25e-01  3e-01  4e-01 5:04.6
   53    424 3.875332092607264e-03 9.0e+00 5.05e-01  2e-01  3e-01 5:29.7
   57    456 2.141011205370180e-02 7.4e+00 3.94e-01  1e-01  2e-01 5:54.6
   61    488 2.582107981103920e-04 9.0e+00 3.54e-01  1e-01  2e-01 6:20.4
termination on ftarget=0.0005
final/bestever f-value = 2.582108e-04 2.582108e-04
incumbent solution: [1.894184397058041, 6.303149981066698, 1.4975548374206098, 1.7794481060952179]
std deviation: [0.21205570994708636, 0.17285074282581467, 0.17720417367543037, 0.11121802566213357]
CMAEvolutionStrategyResult(xbest=array([1.97152186, 6.23589773, 1.47024013, 1.81421392]), fbest=0.00025821079811039205, evals_best=488, evaluations=488, iterations=61, xfavorite=array([1.8941844 , 6.30314998, 1.49755484, 1.77944811]), stds=array([0.21205571, 0.17285074, 0.17720417, 0.11121803]), stop={'ftarget': 0.0005})
1 10
(4_w,8)-aCMA-ES (mu_w=2.6,w_1=52%) in dimension 4 (seed=482508, Tue Jun 22 13:13:38 2021)
Iterat #Fevals   function value  axis ratio  sigma  min&max std  t[m:s]
    1      8 2.812054985892458e-01 1.0e+00 1.61e+00  2e+00  2e+00 0:08.2
    2     16 2.036663832794678e-01 1.4e+00 1.51e+00  1e+00  2e+00 0:16.2
    3     24 2.596027554467861e-03 1.6e+00 1.23e+00  9e-01  1e+00 0:24.0
    4     32 9.746229590410416e-02 1.8e+00 1.12e+00  8e-01  1e+00 0:31.7
    5     40 1.040926104902963e-01 1.9e+00 1.03e+00  7e-01  1e+00 0:39.6
    6     48 6.008549922675355e-02 2.0e+00 1.11e+00  8e-01  1e+00 0:47.1
    7     56 3.262640926296112e-02 2.4e+00 9.06e-01  6e-01  1e+00 0:55.1
    8     64 1.091384658902537e-01 2.6e+00 9.69e-01  7e-01  1e+00 1:02.6
   10     80 1.587499315844131e-01 2.9e+00 8.69e-01  6e-01  9e-01 1:17.8
   12     96 2.961742506135245e-02 3.6e+00 7.74e-01  4e-01  8e-01 1:33.3
   14    112 5.854535902671443e-02 4.0e+00 7.83e-01  4e-01  7e-01 1:48.2
   16    128 3.973168000328320e-03 3.8e+00 6.54e-01  3e-01  6e-01 2:03.5
   18    144 8.143309497600559e-03 3.6e+00 7.06e-01  4e-01  8e-01 2:18.7
   20    160 1.790482470958787e-02 3.7e+00 6.04e-01  4e-01  6e-01 2:33.9
   22    176 5.363459923140912e-03 3.6e+00 5.06e-01  3e-01  5e-01 2:49.0
   25    200 2.253076712582514e-02 4.3e+00 3.94e-01  2e-01  4e-01 3:11.2
   28    224 2.380843372514541e-03 4.0e+00 2.81e-01  1e-01  2e-01 3:33.7
   31    248 8.103170818298588e-03 4.3e+00 2.85e-01  1e-01  2e-01 3:56.3
   34    272 8.114607347887715e-03 4.2e+00 2.19e-01  1e-01  2e-01 4:19.0
   37    296 1.505897376847698e-03 5.4e+00 3.61e-01  2e-01  3e-01 4:41.4
   40    320 1.239436695351426e-03 5.8e+00 3.81e-01  2e-01  3e-01 5:03.9
   42    336 2.477657554840196e-04 5.2e+00 3.80e-01  2e-01  3e-01 5:18.9
termination on ftarget=0.0005
final/bestever f-value = 2.477658e-04 2.477658e-04
incumbent solution: [1.6570731590245424, 6.321936789207316, 3.1340544751506316, 2.3304179912813887]
std deviation: [0.27549108881705514, 0.17480813378086693, 0.17075058736497703, 0.15492147426341152]
CMAEvolutionStrategyResult(xbest=array([1.67439053, 6.2771585 , 3.26732989, 2.32375327]), fbest=0.0002477657554840196, evals_best=336, evaluations=336, iterations=42, xfavorite=array([1.65707316, 6.32193679, 3.13405448, 2.33041799]), stds=array([0.27549109, 0.17480813, 0.17075059, 0.15492147]), stop={'ftarget': 0.0005})
2 10
(4_w,8)-aCMA-ES (mu_w=2.6,w_1=52%) in dimension 4 (seed=494849, Tue Jun 22 13:18:57 2021)
Iterat #Fevals   function value  axis ratio  sigma  min&max std  t[m:s]
    1      8 4.571191977007767e-01 1.0e+00 1.75e+00  2e+00  2e+00 0:08.1
    2     16 1.282715406645470e-01 1.4e+00 1.79e+00  2e+00  2e+00 0:16.3
    3     24 5.082432210423048e-01 1.6e+00 1.81e+00  2e+00  2e+00 0:23.8
    4     32 2.149972587126971e-01 1.6e+00 1.75e+00  2e+00  2e+00 0:31.2
    5     40 5.408995212480698e-01 1.6e+00 1.55e+00  1e+00  2e+00 0:38.6
    6     48 1.530618274313071e-01 1.6e+00 1.40e+00  1e+00  1e+00 0:46.5
    7     56 1.777548250524296e-01 1.6e+00 1.22e+00  9e-01  1e+00 0:53.8
    8     64 9.469122271219232e-02 1.8e+00 1.09e+00  8e-01  1e+00 1:01.5
   10     80 7.523568261103353e-02 2.1e+00 8.73e-01  5e-01  9e-01 1:16.8
   12     96 2.160611552121694e-02 2.4e+00 9.23e-01  6e-01  1e+00 1:31.7
   14    112 2.142165213380354e-02 2.4e+00 6.93e-01  4e-01  7e-01 1:46.6
   16    128 1.495156561052569e-02 3.1e+00 5.78e-01  3e-01  6e-01 2:01.8
   18    144 6.742856466096070e-03 3.2e+00 5.75e-01  3e-01  7e-01 2:16.9
   20    160 3.137479667195175e-02 3.6e+00 4.95e-01  2e-01  5e-01 2:32.1
   22    176 2.059052551557361e-04 3.5e+00 4.07e-01  2e-01  4e-01 2:47.2
termination on ftarget=0.0005
final/bestever f-value = 2.059053e-04 2.059053e-04
incumbent solution: [2.3994386210609724, -2.4032872573099584, 6.761017329446657, 4.154894728219179]
std deviation: [0.22469108391948756, 0.23812124363366463, 0.4097536160167394, 0.18169036735989835]
CMAEvolutionStrategyResult(xbest=array([ 2.43238604, -2.37079869,  6.69677384,  4.06552027]), fbest=0.0002059052551557361, evals_best=176, evaluations=176, iterations=22, xfavorite=array([ 2.39943862, -2.40328726,  6.76101733,  4.15489473]), stds=array([0.22469108, 0.23812124, 0.40975362, 0.18169037]), stop={'ftarget': 0.0005})
3 10
(4_w,8)-aCMA-ES (mu_w=2.6,w_1=52%) in dimension 4 (seed=575038, Tue Jun 22 13:21:44 2021)
Iterat #Fevals   function value  axis ratio  sigma  min&max std  t[m:s]
    1      8 5.751103315714481e-01 1.0e+00 1.68e+00  2e+00  2e+00 0:07.6
    2     16 4.516847115761180e-01 1.3e+00 1.42e+00  1e+00  2e+00 0:15.0
    3     24 9.507766446245558e-02 1.3e+00 1.53e+00  1e+00  2e+00 0:22.4
    4     32 1.080361311957966e-01 1.3e+00 1.47e+00  1e+00  1e+00 0:30.0
    5     40 1.063144170376831e-01 1.3e+00 1.64e+00  1e+00  2e+00 0:37.3
    6     48 6.621004514816353e-02 1.7e+00 2.00e+00  2e+00  2e+00 0:45.0
    7     56 5.446347538859724e-01 1.9e+00 2.34e+00  2e+00  3e+00 0:52.5
    8     64 2.450019486037228e-01 2.3e+00 2.24e+00  2e+00  3e+00 1:00.2
   10     80 3.894947116782100e-01 2.5e+00 1.68e+00  1e+00  2e+00 1:15.1
   12     96 1.666113897711400e-01 3.1e+00 1.25e+00  9e-01  1e+00 1:30.2
   14    112 1.049419160273583e-01 3.1e+00 1.01e+00  6e-01  1e+00 1:45.3
   16    128 7.275298178973166e-02 2.8e+00 8.52e-01  5e-01  1e+00 2:00.2
   18    144 8.013640176181491e-02 3.6e+00 9.70e-01  6e-01  1e+00 2:15.6
   20    160 7.372635257081717e-02 4.6e+00 8.46e-01  5e-01  1e+00 2:30.8
   22    176 6.739141580589525e-04 4.0e+00 7.96e-01  5e-01  8e-01 2:46.0
   24    192 7.893190682066731e-04 3.6e+00 6.67e-01  4e-01  6e-01 3:01.4
   27    216 4.703233627790460e-02 4.7e+00 5.78e-01  3e-01  5e-01 3:24.0
   30    240 1.275639470634293e-02 4.2e+00 4.78e-01  2e-01  4e-01 3:46.9
   33    264 2.394570573517885e-02 3.6e+00 3.34e-01  1e-01  2e-01 4:10.1
   36    288 1.468238009051270e-03 4.0e+00 3.00e-01  1e-01  2e-01 4:32.9
   39    312 2.101443997229091e-02 4.9e+00 2.61e-01  8e-02  2e-01 4:55.1
   42    336 4.160513729085114e-02 4.6e+00 2.00e-01  7e-02  1e-01 5:18.2
   45    360 2.984395281288543e-02 5.1e+00 2.19e-01  7e-02  1e-01 5:41.1
   49    392 1.374788441991115e-02 6.2e+00 2.51e-01  9e-02  1e-01 6:11.3
   53    424 1.409436641539585e-03 8.3e+00 2.08e-01  8e-02  1e-01 6:41.7
   57    456 3.416431199717018e-03 7.2e+00 1.63e-01  6e-02  7e-02 7:11.7
   59    472 7.192075609330217e-05 7.6e+00 1.51e-01  4e-02  7e-02 7:27.1
termination on ftarget=0.0005
final/bestever f-value = 7.192076e-05 7.192076e-05
incumbent solution: [3.1472657757511686, -0.5423210814765035, 4.23001741984638, 4.376286609465181]
std deviation: [0.05169415184152951, 0.06498442839503725, 0.04373420509974148, 0.07000648472711402]
CMAEvolutionStrategyResult(xbest=array([ 3.1801328 , -0.49293694,  4.21875283,  4.33221867]), fbest=7.192075609330217e-05, evals_best=471, evaluations=472, iterations=59, xfavorite=array([ 3.14726578, -0.54232108,  4.23001742,  4.37628661]), stds=array([0.05169415, 0.06498443, 0.04373421, 0.07000648]), stop={'ftarget': 0.0005})
4 10
(4_w,8)-aCMA-ES (mu_w=2.6,w_1=52%) in dimension 4 (seed=453862, Tue Jun 22 13:29:12 2021)
Iterat #Fevals   function value  axis ratio  sigma  min&max std  t[m:s]
    1      8 1.729032241928095e-01 1.0e+00 1.42e+00  1e+00  1e+00 0:07.3
    2     16 2.526363121422894e-01 1.2e+00 1.40e+00  1e+00  2e+00 0:14.7
    3     24 4.540318672954072e-01 1.4e+00 1.27e+00  1e+00  1e+00 0:22.3
    4     32 3.008220109075688e-01 1.7e+00 1.07e+00  8e-01  1e+00 0:30.0
    5     40 2.410370200906116e-01 1.9e+00 1.04e+00  8e-01  1e+00 0:37.5
    6     48 1.549533197712396e-01 1.9e+00 1.19e+00  1e+00  1e+00 0:45.3
    7     56 1.929062238754953e-02 2.2e+00 1.24e+00  1e+00  1e+00 0:52.5
    8     64 2.087247116787894e-02 2.4e+00 1.12e+00  9e-01  1e+00 0:60.0
   10     80 2.108630684675927e-02 2.6e+00 8.02e-01  5e-01  9e-01 1:15.1
   12     96 1.006632244253998e-01 2.8e+00 7.75e-01  4e-01  8e-01 1:30.4
   14    112 1.297560310026380e-02 2.6e+00 5.72e-01  3e-01  6e-01 1:45.9
   16    128 6.661091283067355e-02 2.6e+00 5.89e-01  3e-01  5e-01 2:01.0
   18    144 5.258883138278003e-02 2.2e+00 4.39e-01  2e-01  4e-01 2:15.9
   20    160 2.692002885651612e-02 2.4e+00 3.84e-01  2e-01  3e-01 2:31.2
   22    176 5.722073720340060e-03 3.2e+00 3.39e-01  1e-01  3e-01 2:46.2
   24    192 3.278842190134812e-02 3.7e+00 3.16e-01  1e-01  3e-01 3:01.8
   27    216 4.322596901418230e-04 4.4e+00 2.03e-01  6e-02  2e-01 3:23.7
termination on ftarget=0.0005
final/bestever f-value = 4.322597e-04 4.322597e-04
incumbent solution: [0.7817092096452585, 6.522925150264158, 5.179317284139166, 4.3119007530240765]
std deviation: [0.19873892178547953, 0.06265184636160287, 0.08721125118036578, 0.10043187963195668]
CMAEvolutionStrategyResult(xbest=array([0.57283176, 6.49274699, 5.17202261, 4.3518665 ]), fbest=0.00043225969014182297, evals_best=211, evaluations=216, iterations=27, xfavorite=array([0.78170921, 6.52292515, 5.17931728, 4.31190075]), stds=array([0.19873892, 0.06265185, 0.08721125, 0.10043188]), stop={'ftarget': 0.0005})
5 10
(4_w,8)-aCMA-ES (mu_w=2.6,w_1=52%) in dimension 4 (seed=478640, Tue Jun 22 13:32:35 2021)
Iterat #Fevals   function value  axis ratio  sigma  min&max std  t[m:s]
    1      8 2.368369745126475e-02 1.0e+00 1.42e+00  1e+00  1e+00 0:07.6
    2     16 2.228251332819514e-01 1.3e+00 1.75e+00  2e+00  2e+00 0:14.9
    3     24 1.778900003001013e-01 1.7e+00 1.62e+00  1e+00  2e+00 0:23.1
    4     32 1.068174550175983e-01 1.8e+00 1.69e+00  2e+00  2e+00 0:30.5
    5     40 1.100015801333211e-01 2.0e+00 1.42e+00  1e+00  1e+00 0:38.6
    6     48 7.008801052414748e-02 1.9e+00 1.19e+00  1e+00  1e+00 0:46.0
    7     56 7.139973911298758e-02 2.2e+00 9.70e-01  9e-01  9e-01 0:53.4
    8     64 1.768603948489345e-02 2.6e+00 9.03e-01  8e-01  9e-01 1:01.1
   10     80 6.618079088667439e-02 2.6e+00 1.09e+00  9e-01  1e+00 1:16.3
   12     96 1.797279888172021e-02 2.9e+00 1.05e+00  8e-01  1e+00 1:31.5
   14    112 5.409908541125130e-02 3.7e+00 8.67e-01  6e-01  8e-01 1:46.8
   16    128 9.082799702364586e-03 4.3e+00 6.24e-01  4e-01  6e-01 2:02.1
   18    144 3.606610872484928e-03 4.8e+00 4.62e-01  3e-01  4e-01 2:17.6
   20    160 6.144515750276192e-03 5.5e+00 3.97e-01  3e-01  3e-01 2:32.7
   22    176 6.640957632306543e-03 6.6e+00 3.79e-01  2e-01  3e-01 2:48.0
   24    192 1.233032486381846e-03 6.7e+00 3.16e-01  2e-01  3e-01 3:03.4
   26    208 1.665298924904413e-04 8.6e+00 3.89e-01  2e-01  4e-01 3:18.3
termination on ftarget=0.0005
final/bestever f-value = 1.665299e-04 1.665299e-04
incumbent solution: [7.138392193851987, -0.5416430558580095, 4.346161623274245, 6.169780623632625]
std deviation: [0.22602020624505476, 0.29070874794132606, 0.3009151548534967, 0.40705533014068657]
CMAEvolutionStrategyResult(xbest=array([ 7.14067622, -0.43004651,  4.49550171,  5.97617001]), fbest=0.00016652989249044126, evals_best=208, evaluations=208, iterations=26, xfavorite=array([ 7.13839219, -0.54164306,  4.34616162,  6.16978062]), stds=array([0.22602021, 0.29070875, 0.30091515, 0.40705533]), stop={'ftarget': 0.0005})
6 10
(4_w,8)-aCMA-ES (mu_w=2.6,w_1=52%) in dimension 4 (seed=502309, Tue Jun 22 13:35:54 2021)
Iterat #Fevals   function value  axis ratio  sigma  min&max std  t[m:s]
    1      8 4.784636401149372e-01 1.0e+00 1.33e+00  1e+00  1e+00 0:07.4
    2     16 4.924817239763607e-01 1.3e+00 1.36e+00  1e+00  1e+00 0:14.8
    3     24 4.188065855846017e-01 1.6e+00 1.21e+00  1e+00  1e+00 0:22.2
    4     32 4.193816533016247e-01 1.7e+00 1.29e+00  1e+00  1e+00 0:29.5
    5     40 1.089161906750453e-01 1.7e+00 1.29e+00  9e-01  1e+00 0:36.9
    6     48 1.953758996493196e-01 1.9e+00 1.47e+00  1e+00  2e+00 0:44.3
    7     56 5.500188851831689e-02 2.3e+00 1.30e+00  8e-01  1e+00 0:51.5
    8     64 1.719822076301579e-01 2.4e+00 1.08e+00  6e-01  1e+00 0:58.8
   10     80 1.139303541219048e-01 2.5e+00 1.11e+00  7e-01  1e+00 1:14.4
   12     96 1.727618298856395e-01 2.7e+00 8.00e-01  4e-01  8e-01 1:29.4
   14    112 3.667917191989822e-02 2.7e+00 6.53e-01  3e-01  6e-01 1:44.4
   16    128 3.838457073841561e-03 2.8e+00 4.87e-01  2e-01  4e-01 1:59.7
   18    144 1.944072016855081e-02 2.8e+00 4.03e-01  2e-01  3e-01 2:14.8
   20    160 5.740691040912793e-03 2.8e+00 4.84e-01  2e-01  4e-01 2:29.7
   22    176 8.211180252296724e-03 2.9e+00 3.73e-01  2e-01  3e-01 2:44.8
   24    192 1.056657916676973e-03 3.1e+00 2.86e-01  1e-01  2e-01 3:00.1
   27    216 2.575869083973292e-02 3.5e+00 3.35e-01  1e-01  3e-01 3:22.7
   30    240 2.103759602948840e-02 3.7e+00 3.22e-01  1e-01  2e-01 3:45.6
   32    256 6.837925083524876e-05 3.6e+00 2.84e-01  9e-02  2e-01 4:00.5
termination on ftarget=0.0005
final/bestever f-value = 6.837925e-05 6.837925e-05
incumbent solution: [5.846214729815679, -1.1487649395434534, 1.749335973027366, 2.306794693804709]
std deviation: [0.08730264077159512, 0.1577299610983214, 0.15089952863276324, 0.18490637728728104]
CMAEvolutionStrategyResult(xbest=array([ 5.81021829, -1.1720253 ,  1.73515293,  2.37297032]), fbest=6.837925083524876e-05, evals_best=256, evaluations=256, iterations=32, xfavorite=array([ 5.84621473, -1.14876494,  1.74933597,  2.30679469]), stds=array([0.08730264, 0.15772996, 0.15089953, 0.18490638]), stop={'ftarget': 0.0005})
7 10
(4_w,8)-aCMA-ES (mu_w=2.6,w_1=52%) in dimension 4 (seed=528844, Tue Jun 22 13:39:54 2021)
Iterat #Fevals   function value  axis ratio  sigma  min&max std  t[m:s]
    1      8 2.722575281015215e-01 1.0e+00 1.29e+00  1e+00  1e+00 0:07.9
    2     16 8.790497779836948e-02 1.3e+00 1.08e+00  9e-01  1e+00 0:15.8
    3     24 5.833288734302444e-02 1.5e+00 9.39e-01  7e-01  9e-01 0:23.5
    4     32 3.940769163619851e-02 1.7e+00 8.90e-01  7e-01  8e-01 0:31.0
    5     40 3.610279217547918e-02 1.7e+00 9.56e-01  6e-01  9e-01 0:38.6
    6     48 2.605043768048773e-01 1.9e+00 8.82e-01  6e-01  8e-01 0:46.5
    7     56 9.460918029257293e-02 1.9e+00 7.72e-01  5e-01  7e-01 0:53.8
    8     64 9.944464410712917e-02 2.0e+00 7.70e-01  5e-01  7e-01 1:01.6
   10     80 4.758799467866814e-02 2.3e+00 7.34e-01  4e-01  7e-01 1:17.1
   12     96 2.452887070130300e-01 2.5e+00 9.45e-01  6e-01  1e+00 1:31.8
   14    112 2.668469157483422e-02 3.0e+00 7.52e-01  4e-01  8e-01 1:47.5
   16    128 9.052570546798777e-02 2.9e+00 6.17e-01  3e-01  6e-01 2:03.3
   18    144 1.862007924260911e-02 3.0e+00 5.62e-01  3e-01  5e-01 2:18.5
   20    160 9.707081782920790e-03 3.7e+00 4.87e-01  2e-01  4e-01 2:33.6
   22    176 1.292334845764842e-02 3.8e+00 5.01e-01  2e-01  5e-01 2:48.6
   25    200 3.840197114570509e-03 4.3e+00 4.00e-01  2e-01  3e-01 3:10.8
   28    224 2.767978157201201e-03 3.5e+00 3.65e-01  1e-01  3e-01 3:33.3
   30    240 3.292902921669949e-04 3.8e+00 3.17e-01  1e-01  2e-01 3:48.4
termination on ftarget=0.0005
final/bestever f-value = 3.292903e-04 3.292903e-04
incumbent solution: [3.602911674787462, 1.932108421123362, -0.6196189747351069, 6.276898165164179]
std deviation: [0.1830325777468899, 0.1249689594005704, 0.2493232514894663, 0.11110511122400134]
CMAEvolutionStrategyResult(xbest=array([ 3.52679422,  2.01884407, -0.57132317,  6.32110135]), fbest=0.0003292902921669949, evals_best=235, evaluations=240, iterations=30, xfavorite=array([ 3.60291167,  1.93210842, -0.61961897,  6.27689817]), stds=array([0.18303258, 0.12496896, 0.24932325, 0.11110511]), stop={'ftarget': 0.0005})
8 10
(4_w,8)-aCMA-ES (mu_w=2.6,w_1=52%) in dimension 4 (seed=464493, Tue Jun 22 13:43:43 2021)
Iterat #Fevals   function value  axis ratio  sigma  min&max std  t[m:s]
    1      8 2.997465272532351e-01 1.0e+00 1.84e+00  2e+00  2e+00 0:07.4
    2     16 1.538922888391655e-01 1.4e+00 1.77e+00  2e+00  2e+00 0:16.1
    3     24 2.695723974296778e-01 1.4e+00 1.80e+00  2e+00  2e+00 0:24.0
    4     32 1.878527530415161e-01 1.8e+00 1.85e+00  2e+00  2e+00 0:31.8
    5     40 3.454724325995147e-01 1.7e+00 2.24e+00  2e+00  3e+00 0:39.6
    6     48 2.180593544589459e-01 1.9e+00 2.57e+00  3e+00  3e+00 0:47.4
    7     56 1.740242912197975e-01 2.4e+00 2.76e+00  3e+00  4e+00 0:55.0
    8     64 5.959217971934445e-01 2.6e+00 2.67e+00  2e+00  4e+00 1:02.9
   10     80 1.721361562004030e-01 2.5e+00 2.77e+00  2e+00  4e+00 1:17.9
   12     96 5.682745135548888e-01 2.7e+00 2.28e+00  2e+00  3e+00 1:33.0
   14    112 2.217507055297421e-01 3.0e+00 1.71e+00  1e+00  2e+00 1:47.6
   16    128 8.853403348408950e-02 3.9e+00 1.22e+00  9e-01  2e+00 2:02.8
   18    144 1.237864725492331e-01 3.3e+00 8.65e-01  6e-01  1e+00 2:19.2
   20    160 2.402174413957403e-03 2.4e+00 9.07e-01  6e-01  8e-01 2:34.9
   22    176 3.737253587495204e-02 2.3e+00 1.10e+00  6e-01  9e-01 2:50.3
   24    192 9.288524903785289e-02 2.6e+00 9.71e-01  5e-01  7e-01 3:05.5
   27    216 1.221131634533650e-01 2.7e+00 8.41e-01  4e-01  6e-01 3:28.1
   30    240 5.746638524050662e-03 3.4e+00 9.53e-01  5e-01  7e-01 3:50.3
   33    264 1.443757268631796e-02 3.1e+00 6.87e-01  3e-01  4e-01 4:13.8
   36    288 1.274583159147991e-02 3.8e+00 5.91e-01  3e-01  4e-01 4:36.3
   37    296 4.897353980966024e-04 4.3e+00 5.10e-01  2e-01  4e-01 4:43.4
termination on ftarget=0.0005
final/bestever f-value = 4.897354e-04 4.897354e-04
incumbent solution: [4.542184290157814, 7.411833696583158, 3.801830492529762, -4.03749823968114]
std deviation: [0.21550975614450907, 0.24884881297471823, 0.35064294188030715, 0.28623685811839455]
CMAEvolutionStrategyResult(xbest=array([ 4.64086452,  7.62780816,  4.00509737, -4.39104779]), fbest=0.0004897353980966024, evals_best=291, evaluations=296, iterations=37, xfavorite=array([ 4.54218429,  7.4118337 ,  3.80183049, -4.03749824]), stds=array([0.21550976, 0.24884881, 0.35064294, 0.28623686]), stop={'ftarget': 0.0005})
9 10
(4_w,8)-aCMA-ES (mu_w=2.6,w_1=52%) in dimension 4 (seed=528479, Tue Jun 22 13:48:26 2021)
Iterat #Fevals   function value  axis ratio  sigma  min&max std  t[m:s]
    1      8 2.652837534803456e-01 1.0e+00 1.40e+00  1e+00  1e+00 0:07.8
    2     16 3.222689301375642e-01 1.2e+00 1.51e+00  1e+00  2e+00 0:15.5
    3     24 3.202370241165984e-01 1.7e+00 1.30e+00  9e-01  2e+00 0:22.9
    4     32 1.984950510396623e-01 1.9e+00 1.43e+00  9e-01  2e+00 0:30.4
    5     40 1.590764997211574e-01 1.9e+00 1.28e+00  9e-01  1e+00 0:38.4
    6     48 1.519351993769741e-01 1.7e+00 1.31e+00  1e+00  1e+00 0:45.7
    7     56 8.535158140192223e-02 1.9e+00 1.33e+00  9e-01  2e+00 0:53.3
    8     64 2.777804510742401e-01 2.2e+00 1.23e+00  9e-01  1e+00 1:01.0
   10     80 4.669293337959113e-02 2.1e+00 1.01e+00  7e-01  1e+00 1:16.5
   12     96 1.446074905729892e-01 2.6e+00 1.14e+00  7e-01  1e+00 1:31.5
   14    112 7.536651194433197e-02 2.6e+00 8.15e-01  5e-01  1e+00 1:46.4
   16    128 4.670632844316236e-03 3.4e+00 9.74e-01  6e-01  1e+00 2:01.5
   18    144 3.574631128483730e-02 2.7e+00 8.07e-01  5e-01  8e-01 2:16.4
   20    160 2.121672759091697e-02 2.3e+00 6.25e-01  3e-01  6e-01 2:32.1
   22    176 3.198705884314801e-02 2.7e+00 5.86e-01  3e-01  5e-01 2:46.7
   25    200 5.618124143897729e-03 3.0e+00 4.30e-01  1e-01  4e-01 3:09.2
   28    224 2.056983124920442e-02 4.3e+00 5.60e-01  2e-01  5e-01 3:31.5
   31    248 5.337426311881943e-03 4.9e+00 5.00e-01  2e-01  4e-01 3:54.3
   32    256 3.124662472453466e-05 5.2e+00 5.07e-01  2e-01  4e-01 4:01.7
termination on ftarget=0.0005
final/bestever f-value = 3.124662e-05 3.124662e-05
incumbent solution: [7.491294388400576, -1.1933380465259118, 3.0442670373928506, 4.899738314418314]
std deviation: [0.3864060331121733, 0.1792221307264001, 0.36682111453399757, 0.2867442329876423]
CMAEvolutionStrategyResult(xbest=array([ 7.26024374, -1.01200313,  3.3774871 ,  4.70397367]), fbest=3.1246624724534655e-05, evals_best=254, evaluations=256, iterations=32, xfavorite=array([ 7.49129439, -1.19333805,  3.04426704,  4.89973831]), stds=array([0.38640603, 0.17922213, 0.36682111, 0.28674423]), stop={'ftarget': 0.0005})
