0 10
(4_w,8)-aCMA-ES (mu_w=2.6,w_1=52%) in dimension 4 (seed=519261, Tue Jun 22 13:07:02 2021)
circuitVTD.py:347: DeprecationWarning: The QuantumCircuit.__add__() method is being deprecated.Use the compose() method which is more flexible w.r.t circuit register compatibility.
  TrotterFixStepList.append(TrotterFixStepList[-1] + U_trot)
/home/nfb1/.local/lib/python3.7/site-packages/qiskit/circuit/quantumcircuit.py:869: DeprecationWarning: The QuantumCircuit.combine() method is being deprecated. Use the compose() method which is more flexible w.r.t circuit register compatibility.
  return self.combine(rhs)
Iterat #Fevals   function value  axis ratio  sigma  min&max std  t[m:s]
    1      8 1.427377968731269e-02 1.0e+00 1.35e+00  1e+00  1e+00 0:06.0
    2     16 3.223174214606184e-02 1.2e+00 1.52e+00  1e+00  2e+00 0:12.0
    3     24 1.400966183574879e-01 1.5e+00 1.66e+00  1e+00  2e+00 0:18.0
    4     32 4.594928880643171e-01 1.6e+00 1.49e+00  1e+00  2e+00 0:24.0
    5     40 8.433604218429580e-02 1.6e+00 1.45e+00  1e+00  1e+00 0:29.9
    6     48 7.201257861635235e-02 1.4e+00 1.14e+00  1e+00  1e+00 0:36.0
    8     64 1.835748792270545e-01 1.5e+00 1.11e+00  9e-01  1e+00 0:47.9
   10     80 3.456922651146133e-02 1.9e+00 9.86e-01  7e-01  1e+00 0:59.8
   12     96 1.961904761904768e-01 2.1e+00 9.54e-01  6e-01  1e+00 1:11.4
   14    112 4.365492703552831e-02 2.0e+00 6.73e-01  4e-01  6e-01 1:23.4
   16    128 1.111111111111107e-02 1.8e+00 6.89e-01  4e-01  6e-01 1:35.4
   18    144 7.993197278910236e-03 2.0e+00 4.72e-01  2e-01  4e-01 1:47.1
   21    168 9.622291021671758e-02 2.4e+00 3.47e-01  2e-01  3e-01 2:04.4
   24    192 4.738819320214649e-02 2.6e+00 3.39e-01  2e-01  3e-01 2:21.6
   27    216 4.285517431445529e-02 2.7e+00 4.13e-01  2e-01  4e-01 2:39.6
   30    240 5.188679245281991e-03 2.9e+00 4.33e-01  2e-01  4e-01 2:57.4
   33    264 1.428571428571435e-02 3.2e+00 3.81e-01  1e-01  3e-01 3:15.5
   36    288 4.826371593253986e-02 3.8e+00 3.84e-01  1e-01  3e-01 3:33.5
   40    320 2.461636828644465e-02 5.2e+00 4.73e-01  2e-01  5e-01 3:57.0
   44    352 5.050505050505083e-02 7.9e+00 3.37e-01  1e-01  3e-01 4:20.1
   48    384 1.759410801963934e-02 8.7e+00 2.85e-01  1e-01  3e-01 4:44.3
   52    416 6.668654343072911e-02 1.1e+01 4.10e-01  2e-01  4e-01 5:07.7
   56    448 4.283965728272943e-03 1.0e+01 4.25e-01  1e-01  4e-01 5:30.7
   60    480 1.758373205741681e-02 7.7e+00 4.55e-01  2e-01  4e-01 5:54.0
   65    520 4.148936170212847e-02 9.7e+00 4.09e-01  2e-01  3e-01 6:23.8
   70    560 5.947204968943920e-02 9.2e+00 4.13e-01  1e-01  3e-01 6:53.3
   75    600 2.741172569074835e-02 1.1e+01 4.83e-01  2e-01  4e-01 7:22.7
   80    640 5.084745762712339e-03 1.4e+01 6.27e-01  2e-01  6e-01 7:53.1
   82    656 3.361344537813338e-04 1.5e+01 5.92e-01  2e-01  5e-01 8:05.0
termination on ftarget=0.0005
final/bestever f-value = 3.361345e-04 3.361345e-04
incumbent solution: [1.550554086161816, 7.912593721112982, 6.567609634240711, 0.610194514240066]
std deviation: [0.23277627944996407, 0.2780098908060122, 0.47837117531225987, 0.21258445437584303]
CMAEvolutionStrategyResult(xbest=array([1.45688858, 7.81263194, 6.70118187, 0.56411504]), fbest=0.0003361344537813338, evals_best=649, evaluations=656, iterations=82, xfavorite=array([1.55055409, 7.91259372, 6.56760963, 0.61019451]), stds=array([0.23277628, 0.27800989, 0.47837118, 0.21258445]), stop={'ftarget': 0.0005})
1 10
(4_w,8)-aCMA-ES (mu_w=2.6,w_1=52%) in dimension 4 (seed=474769, Tue Jun 22 13:15:07 2021)
Iterat #Fevals   function value  axis ratio  sigma  min&max std  t[m:s]
    1      8 5.344701211442531e-01 1.0e+00 1.47e+00  1e+00  1e+00 0:07.6
    2     16 2.454475223485276e-01 1.2e+00 1.34e+00  1e+00  1e+00 0:14.9
    3     24 3.124999999999999e-01 1.5e+00 1.20e+00  1e+00  1e+00 0:21.8
    4     32 1.349673202614388e-01 1.8e+00 1.25e+00  1e+00  1e+00 0:29.2
    5     40 3.370849396841199e-01 2.0e+00 1.44e+00  1e+00  2e+00 0:36.3
    6     48 3.109033066615163e-02 2.3e+00 1.46e+00  1e+00  2e+00 0:43.4
    7     56 1.707692307692305e-01 2.0e+00 1.42e+00  1e+00  1e+00 0:50.7
    8     64 1.172672672672673e-01 2.0e+00 1.30e+00  1e+00  1e+00 0:58.0
   10     80 1.011856564488148e-01 2.5e+00 1.12e+00  8e-01  1e+00 1:12.8
   12     96 8.823529411764341e-03 2.5e+00 9.86e-01  7e-01  9e-01 1:27.4
   14    112 5.512820512820449e-02 2.7e+00 8.58e-01  5e-01  8e-01 1:42.3
   16    128 9.333333333333349e-02 3.0e+00 1.12e+00  8e-01  1e+00 1:56.5
   18    144 3.474025974025974e-02 4.1e+00 1.17e+00  8e-01  1e+00 2:11.2
   20    160 7.227891156462496e-02 4.1e+00 1.08e+00  7e-01  1e+00 2:25.4
   22    176 9.801207068193263e-02 5.8e+00 1.21e+00  7e-01  1e+00 2:40.4
   25    200 5.361757105943310e-02 5.2e+00 9.66e-01  5e-01  9e-01 3:02.4
   28    224 9.433962264151496e-03 4.0e+00 8.60e-01  3e-01  6e-01 3:24.3
   31    248 1.490075035921912e-03 3.3e+00 7.39e-01  3e-01  5e-01 3:45.8
   34    272 5.421322863183287e-02 4.2e+00 6.12e-01  2e-01  4e-01 4:07.5
   37    296 1.249662618083802e-02 4.2e+00 4.19e-01  1e-01  3e-01 4:29.3
   40    320 3.167420814479749e-02 4.0e+00 4.15e-01  1e-01  2e-01 4:51.3
   43    344 2.581941867656257e-02 5.8e+00 3.67e-01  1e-01  2e-01 5:13.0
   46    368 9.607843137255034e-02 5.3e+00 4.04e-01  2e-01  2e-01 5:35.2
   50    400 3.219696969696861e-02 4.0e+00 2.74e-01  8e-02  1e-01 6:05.3
   54    432 6.444683136411777e-03 3.8e+00 3.60e-01  1e-01  2e-01 6:34.6
   58    464 1.749037227214523e-02 5.2e+00 3.43e-01  1e-01  2e-01 7:04.2
   62    496 2.741702741702823e-02 5.6e+00 3.18e-01  9e-02  2e-01 7:33.5
   66    528 4.040404040395185e-04 5.0e+00 2.93e-01  8e-02  1e-01 8:02.4
termination on ftarget=0.0005
final/bestever f-value = 4.040404e-04 4.040404e-04
incumbent solution: [8.265369541931848, 8.27206832923081, 1.2474173086091982, 8.448925274520343]
std deviation: [0.09029166862979528, 0.0798538495090595, 0.08457271655393528, 0.11335201968883964]
CMAEvolutionStrategyResult(xbest=array([8.32286849, 8.25903908, 1.21789046, 8.49463883]), fbest=0.00040404040403951846, evals_best=522, evaluations=528, iterations=66, xfavorite=array([8.26536954, 8.27206833, 1.24741731, 8.44892527]), stds=array([0.09029167, 0.07985385, 0.08457272, 0.11335202]), stop={'ftarget': 0.0005})
2 10
(4_w,8)-aCMA-ES (mu_w=2.6,w_1=52%) in dimension 4 (seed=419964, Tue Jun 22 13:23:10 2021)
Iterat #Fevals   function value  axis ratio  sigma  min&max std  t[m:s]
    1      8 1.364371015533811e-01 1.0e+00 1.65e+00  2e+00  2e+00 0:07.4
    2     16 2.182539682539764e-02 1.4e+00 1.94e+00  2e+00  2e+00 0:14.6
    3     24 8.928571428571841e-03 1.8e+00 2.08e+00  2e+00  2e+00 0:21.9
    4     32 2.715340442986058e-02 1.7e+00 1.89e+00  2e+00  2e+00 0:29.3
    5     40 1.574986751457346e-01 2.0e+00 2.13e+00  2e+00  3e+00 0:36.6
    6     48 8.004975373152984e-01 2.2e+00 2.36e+00  2e+00  3e+00 0:43.6
    7     56 2.404010441385852e-01 2.2e+00 2.13e+00  2e+00  3e+00 0:51.0
    8     64 1.123508043591066e-01 2.3e+00 2.16e+00  2e+00  3e+00 0:58.2
   10     80 1.559439378588307e-01 2.5e+00 2.17e+00  2e+00  3e+00 1:13.1
   12     96 5.210674947401578e-01 2.3e+00 1.80e+00  1e+00  2e+00 1:27.8
   14    112 1.694953507267309e-01 2.9e+00 2.27e+00  2e+00  3e+00 1:42.6
   16    128 1.549773755656113e-01 3.2e+00 1.65e+00  1e+00  2e+00 1:56.9
   18    144 1.263178071688716e-01 3.1e+00 1.44e+00  9e-01  2e+00 2:11.8
   20    160 2.422996515679434e-01 3.3e+00 1.53e+00  1e+00  2e+00 2:26.2
   22    176 3.287981859410428e-01 2.8e+00 1.85e+00  1e+00  2e+00 2:41.0
   25    200 3.694852941176485e-01 4.2e+00 2.32e+00  2e+00  3e+00 3:03.0
   28    224 4.771698889345921e-02 5.2e+00 1.84e+00  1e+00  3e+00 3:26.2
   31    248 1.925675675675670e-01 8.1e+00 2.02e+00  2e+00  3e+00 3:48.0
   34    272 2.899877899877867e-02 9.9e+00 2.61e+00  2e+00  5e+00 4:09.8
   37    296 4.614250614250714e-02 9.2e+00 3.08e+00  2e+00  7e+00 4:32.8
   40    320 1.847545219638236e-01 1.5e+01 2.69e+00  2e+00  6e+00 4:56.3
   43    344 2.943396226415089e-01 1.6e+01 2.64e+00  2e+00  5e+00 5:17.9
   46    368 2.980044345898009e-01 1.6e+01 3.52e+00  3e+00  9e+00 5:40.2
   50    400 4.401154401154372e-02 2.7e+01 6.64e+00  7e+00  2e+01 6:10.2
   54    432 5.465587044534570e-02 3.5e+01 5.18e+00  4e+00  2e+01 6:39.7
   58    464 1.666666666666650e-02 4.7e+01 4.03e+00  3e+00  1e+01 7:09.4
   62    496 1.002673796791398e-02 6.3e+01 4.79e+00  3e+00  2e+01 7:39.0
   66    528 2.384737678855164e-03 5.8e+01 3.97e+00  2e+00  1e+01 8:07.9
   70    560 4.619658119658121e-01 6.4e+01 4.32e+00  1e+00  2e+01 8:37.1
   74    592 5.322128851540719e-02 7.4e+01 3.85e+00  9e-01  2e+01 9:06.3
   79    632 7.417917448405256e-01 6.5e+01 3.68e+00  6e-01  1e+01 9:43.1
   84    672 3.655417628345078e-01 4.3e+01 3.98e+00  7e-01  1e+01 10:19.7
   89    712 1.311302681992333e-01 5.6e+01 5.15e+00  9e-01  1e+01 10:56.8
   94    752 3.713654766286401e-02 7.0e+01 4.37e+00  7e-01  1e+01 11:34.2
   99    792 3.582815952856989e-01 1.1e+02 3.67e+00  7e-01  1e+01 12:11.9
  100    800 1.684848484848480e-01 1.1e+02 4.17e+00  8e-01  1e+01 12:19.1
  105    840 9.307359307360263e-03 1.2e+02 2.85e+00  5e-01  7e+00 12:55.8
  111    888 3.134353741496592e-01 1.6e+02 2.00e+00  5e-01  4e+00 13:39.5
  117    936 1.078289080508834e-01 1.9e+02 2.67e+00  6e-01  5e+00 14:23.5
  123    984 6.624383368569320e-02 1.7e+02 2.24e+00  4e-01  3e+00 15:06.9
  129   1032 1.923076923077360e-03 1.6e+02 1.16e+00  2e-01  1e+00 15:50.8
  135   1080 1.407156673114152e-02 1.2e+02 1.17e+00  2e-01  1e+00 16:34.8
  141   1128 3.647058823529459e-02 9.6e+01 6.21e-01  8e-02  4e-01 17:18.4
  147   1176 1.114864864864828e-02 1.1e+02 8.43e-01  1e-01  6e-01 18:02.7
  154   1232 1.291172595520484e-02 1.2e+02 6.15e-01  1e-01  4e-01 18:53.4
  161   1288 3.773584905659932e-03 1.2e+02 4.63e-01  5e-02  2e-01 19:44.5
  168   1344 3.249299719888088e-02 1.1e+02 4.91e-01  5e-02  1e-01 20:36.0
  175   1400 7.899159663866340e-03 8.3e+01 3.41e-01  3e-02  1e-01 21:27.3
  182   1456 3.578336557059858e-02 1.1e+02 3.12e-01  3e-02  8e-02 22:18.9
  189   1512 1.061007957559823e-02 1.5e+02 3.35e-01  3e-02  1e-01 23:10.0
  196   1568 5.714285714285805e-02 1.8e+02 1.35e-01  1e-02  4e-02 24:01.3
  200   1600 8.164642375168718e-02 1.5e+02 2.70e-01  2e-02  8e-02 24:30.2
  208   1664 8.742022904100644e-03 1.8e+02 4.11e-01  3e-02  1e-01 25:29.0
  216   1728 5.119467293380264e-02 1.9e+02 3.18e-01  2e-02  8e-02 26:27.3
  224   1792 1.158886158886085e-02 1.9e+02 5.44e-01  3e-02  1e-01 27:25.5
  232   1856 1.633993184515914e-02 3.3e+02 6.54e-01  3e-02  1e-01 28:23.9
  240   1920 6.098744885930285e-02 4.5e+02 1.03e+00  6e-02  2e-01 29:23.1
  248   1984 3.670647391577631e-02 5.1e+02 1.17e+00  5e-02  2e-01 30:22.5
  256   2048 8.268272425249334e-02 4.8e+02 9.89e-01  4e-02  1e-01 31:21.2
  265   2120 2.204457364341028e-02 6.5e+02 8.35e-01  2e-02  9e-02 32:26.5
  274   2192 6.843971631205625e-02 1.3e+03 1.18e+00  5e-02  1e-01 33:31.2
  283   2264 2.578397212544270e-03 1.9e+03 2.57e+00  7e-02  4e-01 34:37.1
  292   2336 1.650641025641031e-02 2.3e+03 2.76e+00  7e-02  4e-01 35:41.9
  300   2400 3.768434486670491e-02 2.4e+03 2.71e+00  8e-02  3e-01 36:40.1
termination on maxiter=300
final/bestever f-value = 3.768434e-02 6.802721e-04
incumbent solution: [-11.88281409875121, 9.426557000862509, 17.351373902775144, 24.806345021141837]
std deviation: [0.27350344710417696, 0.10362984815584043, 0.17804595129463904, 0.08215166668533527]
CMAEvolutionStrategyResult(xbest=array([-11.76564915,   9.19124525,  16.84886378,  24.55093517]), fbest=0.0006802721088428054, evals_best=1793, evaluations=2400, iterations=300, xfavorite=array([-11.8828141 ,   9.426557  ,  17.3513739 ,  24.80634502]), stds=array([0.27350345, 0.10362985, 0.17804595, 0.08215167]), stop={'maxiter': 300})
3 10
(4_w,8)-aCMA-ES (mu_w=2.6,w_1=52%) in dimension 4 (seed=505826, Tue Jun 22 13:59:50 2021)
Iterat #Fevals   function value  axis ratio  sigma  min&max std  t[m:s]
    1      8 1.153846153846161e-02 1.0e+00 1.35e+00  1e+00  1e+00 0:07.0
    2     16 5.544656533521852e-01 1.3e+00 1.30e+00  1e+00  1e+00 0:14.5
    3     24 8.836754643206435e-03 1.5e+00 1.13e+00  1e+00  1e+00 0:21.9
    4     32 8.506149023390286e-02 1.5e+00 1.00e+00  8e-01  1e+00 0:29.1
    5     40 1.470049330514449e-01 1.9e+00 8.73e-01  6e-01  1e+00 0:36.2
    6     48 2.065697460434298e-01 2.0e+00 9.39e-01  6e-01  1e+00 0:43.9
    7     56 1.487476808905390e-01 2.4e+00 1.04e+00  6e-01  1e+00 0:51.2
    8     64 2.730796335447416e-02 2.6e+00 1.15e+00  9e-01  2e+00 0:58.5
   10     80 1.293144208037833e-02 2.6e+00 9.73e-01  7e-01  1e+00 1:12.8
   12     96 1.404428904428909e-01 2.3e+00 7.85e-01  5e-01  8e-01 1:27.9
   14    112 8.118466898954702e-02 2.3e+00 6.50e-01  4e-01  5e-01 1:42.5
   16    128 1.494538232373310e-02 1.9e+00 5.60e-01  3e-01  4e-01 1:57.2
   18    144 3.802008608321328e-02 2.1e+00 4.51e-01  2e-01  3e-01 2:11.8
   20    160 6.547619047619113e-02 2.1e+00 4.37e-01  2e-01  3e-01 2:26.4
   22    176 5.646995281141687e-02 1.9e+00 3.40e-01  2e-01  2e-01 2:41.3
   25    200 1.837828137817888e-01 2.1e+00 2.55e-01  1e-01  1e-01 3:03.1
   28    224 3.585600907029585e-02 2.8e+00 2.02e-01  7e-02  1e-01 3:25.9
   31    248 2.844720496894471e-02 2.2e+00 1.47e-01  5e-02  7e-02 3:48.3
   34    272 9.658198943913232e-02 2.1e+00 1.27e-01  5e-02  6e-02 4:10.7
   37    296 6.961382113821135e-02 2.4e+00 1.06e-01  3e-02  5e-02 4:33.2
   40    320 2.777777777777768e-02 2.4e+00 1.11e-01  3e-02  5e-02 4:55.1
   43    344 2.416851441241741e-02 2.7e+00 8.86e-02  2e-02  4e-02 5:17.4
   47    376 4.053024179580866e-03 3.5e+00 1.06e-01  3e-02  5e-02 5:47.0
   51    408 1.978021978021993e-02 4.8e+00 8.82e-02  2e-02  4e-02 6:16.5
   55    440 1.289356984478935e-01 7.4e+00 9.33e-02  2e-02  5e-02 6:46.4
   59    472 1.545083324136487e-02 9.2e+00 1.00e-01  3e-02  5e-02 7:16.5
   63    504 1.809523809523728e-02 8.8e+00 9.76e-02  3e-02  5e-02 7:45.7
   67    536 7.563025210083962e-02 8.4e+00 1.05e-01  3e-02  5e-02 8:15.7
   71    568 2.727272727272712e-02 1.1e+01 9.99e-02  2e-02  5e-02 8:44.7
   75    600 9.848641924113644e-02 1.3e+01 1.01e-01  2e-02  5e-02 9:14.1
   79    632 5.896656534954436e-02 1.3e+01 1.07e-01  1e-02  6e-02 9:44.6
   84    672 1.556561085972819e-02 1.5e+01 7.24e-02  8e-03  4e-02 10:21.0
   89    712 9.523809523809046e-03 2.1e+01 9.98e-02  1e-02  5e-02 10:57.3
   94    752 3.977272727272618e-02 2.2e+01 1.49e-01  1e-02  7e-02 11:33.9
   99    792 2.358974358974431e-02 2.1e+01 1.04e-01  6e-03  4e-02 12:10.2
  100    800 1.707182543419539e-02 2.3e+01 1.04e-01  7e-03  4e-02 12:19.8
  105    840 1.275510204081343e-03 3.9e+01 1.46e-01  9e-03  8e-02 12:56.7
  111    888 9.569377990436001e-04 3.3e+01 1.86e-01  1e-02  9e-02 13:40.0
  117    936 3.697478991596626e-02 5.3e+01 2.75e-01  2e-02  2e-01 14:23.6
  123    984 1.762117193151675e-01 6.4e+01 4.04e-01  3e-02  2e-01 15:06.7
  125   1000 2.262443438909578e-04 7.1e+01 3.87e-01  3e-02  2e-01 15:21.3
termination on ftarget=0.0005
final/bestever f-value = 2.262443e-04 2.262443e-04
incumbent solution: [-2.4800934313486023, -0.17293539308851533, 2.311956973507838, 4.73784545651628]
std deviation: [0.02902518651902571, 0.1111838484193153, 0.13136110192690595, 0.18618195561357276]
CMAEvolutionStrategyResult(xbest=array([-2.45144037, -0.15126797,  2.13214567,  4.88931375]), fbest=0.00022624434389095782, evals_best=997, evaluations=1000, iterations=125, xfavorite=array([-2.48009343, -0.17293539,  2.31195697,  4.73784546]), stds=array([0.02902519, 0.11118385, 0.1313611 , 0.18618196]), stop={'ftarget': 0.0005})
4 10
(4_w,8)-aCMA-ES (mu_w=2.6,w_1=52%) in dimension 4 (seed=482208, Tue Jun 22 14:15:11 2021)
Iterat #Fevals   function value  axis ratio  sigma  min&max std  t[m:s]
    1      8 1.864495798319321e-02 1.0e+00 1.32e+00  1e+00  1e+00 0:07.3
    2     16 1.436624840880096e-02 1.2e+00 1.29e+00  1e+00  1e+00 0:14.6
    3     24 9.399391014134284e-02 1.4e+00 1.21e+00  9e-01  1e+00 0:22.1
    4     32 3.132415757000451e-02 1.7e+00 1.23e+00  9e-01  1e+00 0:29.4
    5     40 2.334152334152284e-02 1.8e+00 1.39e+00  1e+00  2e+00 0:36.7
    6     48 8.441558441558417e-02 2.1e+00 1.33e+00  9e-01  2e+00 0:44.0
    7     56 1.077586206896608e-02 2.2e+00 1.42e+00  1e+00  2e+00 0:51.2
    8     64 8.456009200690140e-02 2.3e+00 1.22e+00  8e-01  1e+00 0:58.4
   10     80 3.912957074721776e-01 2.4e+00 1.29e+00  8e-01  1e+00 1:13.3
   12     96 8.717703843274927e-02 1.9e+00 1.05e+00  6e-01  1e+00 1:27.8
   14    112 3.676470588235281e-02 1.8e+00 8.65e-01  5e-01  8e-01 1:42.3
   16    128 9.090909090909105e-02 1.9e+00 8.92e-01  5e-01  8e-01 1:57.0
   18    144 8.039215686274459e-02 1.9e+00 9.79e-01  6e-01  8e-01 2:11.7
   20    160 4.593837535014056e-02 2.0e+00 9.90e-01  5e-01  8e-01 2:26.3
   22    176 8.893617021276534e-02 2.0e+00 7.72e-01  4e-01  6e-01 2:40.5
   24    192 8.336416490486298e-02 2.5e+00 7.13e-01  3e-01  6e-01 2:55.6
   27    216 2.233510724076793e-02 2.4e+00 6.01e-01  3e-01  5e-01 3:17.4
   30    240 1.958139534883721e-01 2.3e+00 6.47e-01  3e-01  5e-01 3:39.7
   33    264 8.767709168672200e-03 2.5e+00 4.39e-01  2e-01  3e-01 4:01.6
   36    288 4.824246771879381e-02 2.8e+00 3.61e-01  1e-01  2e-01 4:23.7
   39    312 2.689954105048464e-02 2.7e+00 3.02e-01  1e-01  2e-01 4:46.5
   42    336 1.190097660685903e-01 2.8e+00 2.88e-01  1e-01  2e-01 5:08.4
   45    360 1.462264150943393e-02 3.6e+00 3.77e-01  1e-01  3e-01 5:30.6
   49    392 2.171541070708516e-02 4.5e+00 2.32e-01  8e-02  2e-01 6:00.5
   53    424 6.753130590339951e-02 5.3e+00 1.76e-01  5e-02  1e-01 6:30.6
   57    456 2.019807923169181e-02 6.4e+00 1.83e-01  5e-02  1e-01 6:60.0
   61    488 1.820728291315854e-03 8.9e+00 1.67e-01  4e-02  1e-01 7:29.3
   65    520 1.260977118119980e-01 9.4e+00 2.14e-01  5e-02  2e-01 7:59.7
   69    552 5.045269196212621e-03 1.0e+01 3.20e-01  6e-02  2e-01 8:28.7
   73    584 9.225874867444084e-03 7.8e+00 3.38e-01  6e-02  2e-01 8:58.2
   78    624 1.918925970729901e-02 6.7e+00 3.11e-01  5e-02  2e-01 9:35.3
   83    664 5.414301727665705e-02 9.8e+00 3.22e-01  5e-02  2e-01 10:12.5
   88    704 3.407824059997933e-02 1.3e+01 3.13e-01  4e-02  2e-01 10:48.8
   93    744 5.102040816327147e-03 1.5e+01 2.82e-01  4e-02  2e-01 11:25.5
   98    784 3.048128342245904e-02 1.9e+01 3.26e-01  5e-02  2e-01 12:01.8
  100    800 5.246098439375735e-02 2.1e+01 2.81e-01  4e-02  2e-01 12:16.4
  105    840 1.519623233908951e-01 2.4e+01 4.13e-01  5e-02  3e-01 12:53.3
  111    888 9.494420855139696e-02 3.6e+01 3.45e-01  4e-02  2e-01 13:37.2
  117    936 2.102627102627008e-02 5.3e+01 4.65e-01  6e-02  3e-01 14:21.1
  123    984 5.766129032258038e-02 6.0e+01 7.00e-01  9e-02  3e-01 15:06.5
  129   1032 4.848824188129985e-02 7.0e+01 3.59e-01  4e-02  1e-01 15:51.1
  135   1080 6.507936507936463e-02 6.7e+01 2.45e-01  2e-02  1e-01 16:34.6
  141   1128 4.513556618819958e-02 1.0e+02 1.60e-01  1e-02  6e-02 17:18.1
  147   1176 2.833086813061758e-02 1.0e+02 9.88e-02  7e-03  3e-02 18:02.0
  154   1232 2.651515151515216e-02 1.3e+02 9.91e-02  8e-03  3e-02 18:52.3
  161   1288 4.050343249427923e-02 1.1e+02 7.90e-02  7e-03  2e-02 19:44.0
  168   1344 4.715447154471408e-02 1.0e+02 1.48e-01  1e-02  3e-02 20:35.2
  175   1400 9.637482393071162e-04 1.7e+02 1.53e-01  1e-02  4e-02 21:26.4
  182   1456 1.943734015345644e-03 1.6e+02 9.09e-02  4e-03  2e-02 22:17.4
  189   1512 5.999478306234174e-02 1.9e+02 8.81e-02  5e-03  2e-02 23:07.7
  196   1568 5.779055808369682e-03 2.9e+02 1.65e-01  1e-02  4e-02 23:58.7
  200   1600 2.337063857801158e-02 3.1e+02 2.12e-01  1e-02  5e-02 24:28.0
  208   1664 9.316130298273184e-02 3.1e+02 3.22e-01  2e-02  7e-02 25:27.0
  216   1728 1.180790553675526e-02 2.4e+02 4.07e-01  2e-02  7e-02 26:25.8
  224   1792 9.855392834115184e-03 3.0e+02 3.24e-01  2e-02  7e-02 27:24.0
slurmstepd: error: *** JOB 425275 ON node026 CANCELLED AT 2021-06-22T14:43:21 ***
