0 10
(4_w,8)-aCMA-ES (mu_w=2.6,w_1=52%) in dimension 4 (seed=487148, Tue Jun 22 13:07:22 2021)
circuitVTD.py:347: DeprecationWarning: The QuantumCircuit.__add__() method is being deprecated.Use the compose() method which is more flexible w.r.t circuit register compatibility.
  TrotterFixStepList.append(TrotterFixStepList[-1] + U_trot)
/home/nfb1/.local/lib/python3.7/site-packages/qiskit/circuit/quantumcircuit.py:869: DeprecationWarning: The QuantumCircuit.combine() method is being deprecated. Use the compose() method which is more flexible w.r.t circuit register compatibility.
  return self.combine(rhs)
Iterat #Fevals   function value  axis ratio  sigma  min&max std  t[m:s]
    1      8 4.074199899681715e-01 1.0e+00 1.55e+00  1e+00  2e+00 0:06.4
    2     16 1.460377347403701e-01 1.3e+00 1.32e+00  1e+00  1e+00 0:12.6
    3     24 2.436121534286496e-01 1.4e+00 1.28e+00  1e+00  1e+00 0:18.9
    4     32 2.961655082701442e-01 1.6e+00 1.32e+00  1e+00  2e+00 0:25.2
    5     40 9.224974173796630e-02 2.1e+00 1.15e+00  8e-01  1e+00 0:31.4
    6     48 9.920808477792686e-02 2.2e+00 1.07e+00  8e-01  1e+00 0:37.9
    7     56 1.944402017771463e-02 2.4e+00 1.29e+00  8e-01  2e+00 0:44.3
    9     72 2.201963180867339e-02 3.1e+00 1.10e+00  6e-01  1e+00 0:56.9
   11     88 5.011196654470695e-03 4.4e+00 1.30e+00  6e-01  2e+00 1:09.5
   13    104 1.410178741271118e-02 4.7e+00 1.03e+00  4e-01  1e+00 1:21.9
   15    120 7.929394256987210e-02 5.6e+00 7.67e-01  4e-01  1e+00 1:34.8
   17    136 7.486268872653357e-03 6.3e+00 7.11e-01  4e-01  9e-01 1:47.7
   19    152 3.216050592590491e-02 5.9e+00 6.25e-01  3e-01  8e-01 2:00.7
   22    176 8.177062024187776e-03 6.3e+00 6.05e-01  3e-01  7e-01 2:19.7
   25    200 1.548357191821670e-03 7.6e+00 7.76e-01  4e-01  1e+00 2:38.6
   28    224 1.458193580031042e-02 1.0e+01 8.54e-01  4e-01  1e+00 2:57.5
   31    248 6.322677351081385e-03 1.1e+01 6.79e-01  3e-01  8e-01 3:16.4
   34    272 4.808554783075625e-04 8.5e+00 5.55e-01  2e-01  6e-01 3:35.6
termination on ftarget=0.0005
final/bestever f-value = 4.808555e-04 4.808555e-04
incumbent solution: [8.55909802815603, 1.910867313683682, -6.868926650119656, -0.5948576212458461]
std deviation: [0.5419625490432712, 0.2086712958028195, 0.5732499053720957, 0.3593527384285533]
CMAEvolutionStrategyResult(xbest=array([ 8.78367631,  1.89633424, -7.12601899, -0.80511822]), fbest=0.0004808554783075625, evals_best=270, evaluations=272, iterations=34, xfavorite=array([ 8.55909803,  1.91086731, -6.86892665, -0.59485762]), stds=array([0.54196255, 0.2086713 , 0.57324991, 0.35935274]), stop={'ftarget': 0.0005})
1 10
(4_w,8)-aCMA-ES (mu_w=2.6,w_1=52%) in dimension 4 (seed=524634, Tue Jun 22 13:10:57 2021)
Iterat #Fevals   function value  axis ratio  sigma  min&max std  t[m:s]
    1      8 1.341143330311819e-01 1.0e+00 1.64e+00  2e+00  2e+00 0:07.6
    2     16 2.575842468932735e-01 1.3e+00 1.34e+00  1e+00  1e+00 0:15.1
    3     24 1.981576136683879e-01 1.3e+00 1.21e+00  1e+00  1e+00 0:22.6
    4     32 4.291883237993298e-01 1.5e+00 1.06e+00  9e-01  1e+00 0:30.9
    5     40 1.827665774864351e-01 1.6e+00 9.94e-01  8e-01  1e+00 0:38.5
    6     48 9.290009163328294e-02 1.8e+00 8.77e-01  7e-01  8e-01 0:46.1
    7     56 3.579518656999470e-02 1.9e+00 8.33e-01  6e-01  7e-01 0:54.0
    8     64 4.907484708283960e-02 1.8e+00 7.14e-01  5e-01  6e-01 1:01.2
   10     80 3.982171898493470e-02 1.7e+00 5.18e-01  3e-01  4e-01 1:16.5
   12     96 7.237325123916172e-03 1.6e+00 3.94e-01  2e-01  3e-01 1:31.5
   14    112 3.741012701343072e-02 1.7e+00 3.32e-01  2e-01  2e-01 1:46.5
   15    120 5.041175329822956e-05 1.8e+00 2.85e-01  1e-01  2e-01 1:54.1
termination on ftarget=0.0005
final/bestever f-value = 5.041175e-05 5.041175e-05
incumbent solution: [3.462174707641117, 2.011857377097267, 6.397320407936409, 0.29336594620353945]
std deviation: [0.18429673933398066, 0.14263555879657244, 0.18633560438628233, 0.1276918271621227]
CMAEvolutionStrategyResult(xbest=array([3.44638811, 2.03559656, 6.48633406, 0.31159546]), fbest=5.0411753298229556e-05, evals_best=118, evaluations=120, iterations=15, xfavorite=array([3.46217471, 2.01185738, 6.39732041, 0.29336595]), stds=array([0.18429674, 0.14263556, 0.1863356 , 0.12769183]), stop={'ftarget': 0.0005})
2 10
(4_w,8)-aCMA-ES (mu_w=2.6,w_1=52%) in dimension 4 (seed=479185, Tue Jun 22 13:12:52 2021)
Iterat #Fevals   function value  axis ratio  sigma  min&max std  t[m:s]
    1      8 5.493473668953316e-01 1.0e+00 1.75e+00  2e+00  2e+00 0:07.5
    2     16 3.364273735671123e-01 1.4e+00 1.69e+00  2e+00  2e+00 0:15.1
    3     24 6.553003766579792e-01 1.6e+00 1.67e+00  2e+00  2e+00 0:22.8
    4     32 1.918913148741473e-01 1.6e+00 1.79e+00  2e+00  2e+00 0:30.1
    5     40 8.742754135634834e-02 1.9e+00 1.61e+00  1e+00  2e+00 0:37.8
    6     48 8.626301280587645e-02 2.0e+00 1.46e+00  1e+00  2e+00 0:45.6
    7     56 2.221656046553757e-01 2.2e+00 1.42e+00  1e+00  2e+00 0:53.1
    8     64 2.584499417590492e-01 2.2e+00 1.23e+00  1e+00  1e+00 1:01.0
   10     80 2.056619940070443e-01 2.8e+00 9.01e-01  7e-01  1e+00 1:16.7
   12     96 2.619906229264135e-02 2.8e+00 6.27e-01  4e-01  7e-01 1:32.1
   14    112 5.591333928506248e-02 3.1e+00 4.19e-01  2e-01  5e-01 1:46.9
   16    128 1.166967775553307e-02 3.1e+00 4.15e-01  2e-01  5e-01 2:02.3
   18    144 4.897208384346818e-04 5.0e+00 3.83e-01  2e-01  6e-01 2:17.6
termination on ftarget=0.0005
final/bestever f-value = 4.897208e-04 4.897208e-04
incumbent solution: [1.8782044733524503, 4.476974542255146, 7.1092739403004295, 4.56818834845493]
std deviation: [0.24795138041832582, 0.18074192205332731, 0.5662926633308265, 0.18819667168420998]
CMAEvolutionStrategyResult(xbest=array([1.68208834, 4.41147913, 7.36142538, 4.70311871]), fbest=0.0004897208384346818, evals_best=142, evaluations=144, iterations=18, xfavorite=array([1.87820447, 4.47697454, 7.10927394, 4.56818835]), stds=array([0.24795138, 0.18074192, 0.56629266, 0.18819667]), stop={'ftarget': 0.0005})
3 10
(4_w,8)-aCMA-ES (mu_w=2.6,w_1=52%) in dimension 4 (seed=543286, Tue Jun 22 13:15:09 2021)
Iterat #Fevals   function value  axis ratio  sigma  min&max std  t[m:s]
    1      8 6.514282837231420e-01 1.0e+00 1.43e+00  1e+00  1e+00 0:07.8
    2     16 4.334484922281221e-01 1.3e+00 1.34e+00  1e+00  1e+00 0:15.6
    3     24 3.510441077069822e-01 1.4e+00 1.38e+00  1e+00  1e+00 0:23.1
    4     32 1.388923319144535e-01 1.6e+00 1.44e+00  1e+00  2e+00 0:30.7
    5     40 2.306549179813706e-01 1.8e+00 1.72e+00  2e+00  2e+00 0:38.1
    6     48 1.447741347180620e-01 2.3e+00 1.86e+00  2e+00  2e+00 0:45.7
    7     56 4.491556079864303e-01 2.6e+00 2.27e+00  2e+00  3e+00 0:53.3
    8     64 2.365978409420399e-02 2.9e+00 2.57e+00  2e+00  3e+00 1:01.0
   10     80 9.155969720422963e-02 3.5e+00 2.35e+00  2e+00  3e+00 1:15.9
   12     96 5.476134532522206e-01 3.6e+00 2.06e+00  1e+00  3e+00 1:30.9
   14    112 1.396591421075740e-01 4.8e+00 1.77e+00  1e+00  2e+00 1:46.3
   16    128 2.115319905920509e-01 5.4e+00 1.48e+00  1e+00  2e+00 2:01.6
   18    144 1.850930634082104e-02 5.5e+00 1.15e+00  8e-01  1e+00 2:16.5
   20    160 2.432578712180811e-02 4.8e+00 7.56e-01  4e-01  8e-01 2:31.6
   22    176 1.344752202377797e-02 5.3e+00 6.24e-01  3e-01  6e-01 2:47.4
   24    192 8.161562483658735e-03 5.4e+00 7.03e-01  3e-01  7e-01 3:02.7
   27    216 1.928236698783059e-02 6.1e+00 5.68e-01  2e-01  5e-01 3:25.7
   30    240 6.886657206100266e-03 6.0e+00 3.78e-01  1e-01  3e-01 3:48.8
   33    264 8.958060734140849e-03 6.3e+00 2.84e-01  9e-02  2e-01 4:11.4
   36    288 5.479324522985607e-04 7.4e+00 2.44e-01  8e-02  2e-01 4:34.7
   39    312 4.132766930722287e-04 9.1e+00 1.92e-01  6e-02  2e-01 4:57.7
termination on ftarget=0.0005
final/bestever f-value = 4.132767e-04 4.132767e-04
incumbent solution: [11.66762416631712, 11.576709229171964, -8.350511372928747, 4.88584138405078]
std deviation: [0.16575580963987246, 0.06470998577341863, 0.10814561969495144, 0.07167002342237005]
CMAEvolutionStrategyResult(xbest=array([11.54822   , 11.62967803, -8.30676763,  4.83768707]), fbest=0.0004132766930722287, evals_best=309, evaluations=312, iterations=39, xfavorite=array([11.66762417, 11.57670923, -8.35051137,  4.88584138]), stds=array([0.16575581, 0.06470999, 0.10814562, 0.07167002]), stop={'ftarget': 0.0005})
4 10
(4_w,8)-aCMA-ES (mu_w=2.6,w_1=52%) in dimension 4 (seed=471426, Tue Jun 22 13:20:07 2021)
Iterat #Fevals   function value  axis ratio  sigma  min&max std  t[m:s]
    1      8 3.652508445441729e-01 1.0e+00 1.42e+00  1e+00  2e+00 0:07.8
    2     16 4.466296833379124e-01 1.3e+00 1.43e+00  1e+00  1e+00 0:15.5
    3     24 6.516997358216248e-01 1.5e+00 1.60e+00  2e+00  2e+00 0:23.0
    4     32 8.730617983237121e-02 1.7e+00 1.54e+00  1e+00  2e+00 0:30.7
    5     40 2.089437084689172e-01 1.7e+00 1.42e+00  1e+00  2e+00 0:38.5
    6     48 2.233592024049696e-01 1.9e+00 1.54e+00  1e+00  2e+00 0:46.3
    7     56 3.828979406140189e-01 1.9e+00 1.47e+00  1e+00  2e+00 0:53.7
    8     64 3.264837558894818e-02 1.9e+00 1.78e+00  2e+00  3e+00 1:01.5
    9     72 2.600345570418533e-01 2.7e+00 1.74e+00  1e+00  3e+00 1:09.9
   11     88 1.331969629184484e-01 3.0e+00 1.87e+00  1e+00  3e+00 1:25.7
   13    104 2.620749705011360e-03 3.6e+00 1.51e+00  1e+00  3e+00 1:41.1
   15    120 7.570380559142686e-02 3.5e+00 1.31e+00  7e-01  2e+00 1:56.8
   17    136 4.216318386899354e-02 3.4e+00 8.52e-01  4e-01  1e+00 2:11.9
   19    152 1.977684902864951e-02 2.6e+00 6.17e-01  3e-01  6e-01 2:27.7
   21    168 1.021334500658044e-02 2.2e+00 5.15e-01  3e-01  5e-01 2:43.3
   23    184 1.244485415457075e-02 2.7e+00 4.40e-01  2e-01  5e-01 2:58.4
   26    208 6.092590754554705e-03 3.3e+00 4.85e-01  2e-01  6e-01 3:21.4
   29    232 1.594742487608225e-02 5.2e+00 3.81e-01  2e-01  4e-01 3:44.6
   32    256 1.283568844831162e-03 5.4e+00 2.48e-01  1e-01  3e-01 4:07.3
   35    280 1.040274688176979e-02 4.5e+00 2.22e-01  9e-02  2e-01 4:30.6
   38    304 7.323802914860011e-03 4.0e+00 1.71e-01  7e-02  1e-01 4:53.7
   41    328 7.592192328422898e-03 4.1e+00 1.34e-01  5e-02  9e-02 5:17.2
   44    352 3.041821315401982e-03 5.4e+00 9.93e-02  3e-02  6e-02 5:39.8
   47    376 2.445613162739946e-03 7.7e+00 1.66e-01  5e-02  2e-01 6:03.5
   51    408 2.403398915700183e-04 9.1e+00 2.14e-01  7e-02  2e-01 6:33.9
termination on ftarget=0.0005
final/bestever f-value = 2.403399e-04 2.403399e-04
incumbent solution: [11.721777173988164, -0.7133248758354606, -0.2019958615274532, -1.1346594081994974]
std deviation: [0.1903817396544161, 0.08124078620963829, 0.06867762896840703, 0.09083555075943067]
CMAEvolutionStrategyResult(xbest=array([11.85915156, -0.71532848, -0.25942793, -1.0409321 ]), fbest=0.00024033989157001834, evals_best=403, evaluations=408, iterations=51, xfavorite=array([11.72177717, -0.71332488, -0.20199586, -1.13465941]), stds=array([0.19038174, 0.08124079, 0.06867763, 0.09083555]), stop={'ftarget': 0.0005})
5 10
(4_w,8)-aCMA-ES (mu_w=2.6,w_1=52%) in dimension 4 (seed=427898, Tue Jun 22 13:26:41 2021)
Iterat #Fevals   function value  axis ratio  sigma  min&max std  t[m:s]
    1      8 3.363724302589133e-02 1.0e+00 1.63e+00  2e+00  2e+00 0:07.7
    2     16 1.226970244518210e-01 1.4e+00 1.56e+00  1e+00  2e+00 0:15.4
    3     24 5.297631786025936e-01 1.4e+00 1.59e+00  1e+00  2e+00 0:22.8
    4     32 2.669591511564273e-01 1.6e+00 1.81e+00  2e+00  2e+00 0:30.3
    5     40 2.368554482614426e-01 1.9e+00 1.81e+00  2e+00  2e+00 0:38.2
    6     48 1.084066342290525e-01 2.0e+00 1.81e+00  2e+00  2e+00 0:45.8
    7     56 9.945616569968718e-02 2.3e+00 1.97e+00  2e+00  2e+00 0:53.6
    8     64 2.772533511875526e-01 1.7e+00 2.22e+00  2e+00  3e+00 1:01.1
   10     80 2.202354694813770e-01 2.1e+00 2.43e+00  2e+00  3e+00 1:16.5
   12     96 1.886606538936854e-01 2.0e+00 2.56e+00  2e+00  4e+00 1:32.0
   14    112 1.184714297505249e-01 2.9e+00 1.97e+00  1e+00  3e+00 1:47.0
   16    128 3.415500373731570e-01 3.2e+00 1.84e+00  9e-01  2e+00 2:02.7
   18    144 8.892905341082702e-02 2.9e+00 2.17e+00  1e+00  3e+00 2:18.0
   20    160 6.398853137447325e-02 3.1e+00 1.96e+00  1e+00  2e+00 2:33.3
   22    176 9.359089639465301e-03 2.9e+00 1.73e+00  9e-01  2e+00 2:48.4
   24    192 3.251784576126576e-01 3.2e+00 1.52e+00  7e-01  1e+00 3:03.6
   26    208 1.349773790906234e-01 2.9e+00 1.32e+00  5e-01  1e+00 3:20.6
   29    232 6.188718101549351e-02 3.4e+00 9.12e-01  3e-01  8e-01 3:44.1
   32    256 3.713038973396499e-02 3.9e+00 6.95e-01  2e-01  6e-01 4:06.7
   35    280 1.078226729858223e-02 5.2e+00 9.42e-01  3e-01  1e+00 4:30.5
   38    304 6.880059958637164e-03 5.4e+00 8.62e-01  2e-01  8e-01 4:53.3
   39    312 2.492606949473508e-04 5.7e+00 8.24e-01  2e-01  8e-01 5:01.2
termination on ftarget=0.0005
final/bestever f-value = 2.492607e-04 2.492607e-04
incumbent solution: [6.322700348008998, 1.9625456055628259, -0.10509881492792703, -1.7554796854263348]
std deviation: [0.21417068279600904, 0.778704019431876, 0.5584205646222485, 0.7187483177446989]
CMAEvolutionStrategyResult(xbest=array([ 6.31480888,  1.81337974,  0.02165379, -1.5987035 ]), fbest=0.0002492606949473508, evals_best=307, evaluations=312, iterations=39, xfavorite=array([ 6.32270035,  1.96254561, -0.10509881, -1.75547969]), stds=array([0.21417068, 0.77870402, 0.55842056, 0.71874832]), stop={'ftarget': 0.0005})
6 10
(4_w,8)-aCMA-ES (mu_w=2.6,w_1=52%) in dimension 4 (seed=459397, Tue Jun 22 13:31:42 2021)
Iterat #Fevals   function value  axis ratio  sigma  min&max std  t[m:s]
    1      8 1.037550567058922e-01 1.0e+00 1.48e+00  1e+00  2e+00 0:07.7
    2     16 4.376848192165933e-01 1.3e+00 1.41e+00  1e+00  1e+00 0:15.8
    3     24 1.516984999472137e-01 1.4e+00 1.18e+00  1e+00  1e+00 0:23.4
    4     32 1.540361502022783e-01 1.4e+00 1.11e+00  9e-01  1e+00 0:31.4
    5     40 1.073914459825496e-01 1.3e+00 8.72e-01  7e-01  8e-01 0:39.0
    6     48 1.093220742353885e-01 1.3e+00 7.80e-01  6e-01  7e-01 0:46.6
    7     56 1.000784165750371e-01 1.5e+00 6.40e-01  5e-01  5e-01 0:54.1
    8     64 2.522346786756491e-02 1.5e+00 5.95e-01  4e-01  5e-01 1:02.1
   10     80 1.009848915544383e-01 1.7e+00 5.05e-01  3e-01  4e-01 1:17.3
   12     96 3.264610870731288e-02 1.8e+00 4.28e-01  2e-01  4e-01 1:32.3
   14    112 2.291783550467241e-02 2.1e+00 4.15e-01  2e-01  4e-01 1:47.8
   16    128 2.575466283090810e-02 2.3e+00 3.88e-01  2e-01  3e-01 2:03.3
   18    144 1.735000831321121e-02 2.5e+00 2.84e-01  1e-01  2e-01 2:18.8
   20    160 7.499131738464282e-04 2.3e+00 2.60e-01  1e-01  2e-01 2:34.0
   22    176 2.583607357178330e-04 2.1e+00 2.45e-01  1e-01  2e-01 2:49.5
termination on ftarget=0.0005
final/bestever f-value = 2.583607e-04 2.583607e-04
incumbent solution: [2.1542274984163816, 3.922881147946901, 3.9784262026033677, 2.62510737534389]
std deviation: [0.09790842009039334, 0.1508664508353082, 0.1799557304806745, 0.10995229787902372]
CMAEvolutionStrategyResult(xbest=array([2.18896944, 4.05032772, 3.8741728 , 2.61741884]), fbest=0.000258360735717833, evals_best=170, evaluations=176, iterations=22, xfavorite=array([2.1542275 , 3.92288115, 3.9784262 , 2.62510738]), stds=array([0.09790842, 0.15086645, 0.17995573, 0.1099523 ]), stop={'ftarget': 0.0005})
7 10
(4_w,8)-aCMA-ES (mu_w=2.6,w_1=52%) in dimension 4 (seed=425927, Tue Jun 22 13:34:32 2021)
Iterat #Fevals   function value  axis ratio  sigma  min&max std  t[m:s]
    1      8 1.671058721317333e-01 1.0e+00 1.50e+00  1e+00  2e+00 0:07.7
    2     16 2.962713460987609e-02 1.2e+00 1.52e+00  1e+00  2e+00 0:15.2
    3     24 3.196652848631205e-01 1.5e+00 1.23e+00  1e+00  1e+00 0:23.4
    4     32 9.698586184038305e-02 1.6e+00 1.04e+00  7e-01  1e+00 0:30.9
    5     40 5.874105767503968e-02 1.6e+00 1.13e+00  8e-01  1e+00 0:38.6
    6     48 7.946325835429457e-02 2.0e+00 9.25e-01  6e-01  1e+00 0:46.9
    7     56 8.974947825719248e-02 2.1e+00 8.02e-01  5e-01  9e-01 0:54.5
    8     64 2.297013561836514e-02 2.4e+00 7.47e-01  5e-01  8e-01 1:02.4
   10     80 1.319860621991242e-02 2.6e+00 5.76e-01  3e-01  6e-01 1:17.9
   12     96 3.075389269802309e-02 3.2e+00 6.19e-01  3e-01  7e-01 1:33.5
   14    112 9.642524770452909e-03 3.4e+00 4.46e-01  2e-01  5e-01 1:48.7
   16    128 2.459518838211638e-02 3.4e+00 4.30e-01  2e-01  5e-01 2:04.2
   18    144 4.339719908951767e-03 3.2e+00 4.34e-01  2e-01  4e-01 2:19.1
   20    160 3.544154437222446e-03 3.1e+00 4.21e-01  2e-01  4e-01 2:34.8
   22    176 1.512342716864157e-02 3.0e+00 3.57e-01  1e-01  4e-01 2:50.2
   24    192 7.875904474370365e-03 3.6e+00 2.89e-01  8e-02  3e-01 3:05.3
   27    216 7.162968784690582e-03 3.4e+00 2.09e-01  6e-02  2e-01 3:28.4
   30    240 9.948962407220874e-03 3.6e+00 2.12e-01  6e-02  2e-01 3:51.2
   33    264 6.971022009187644e-03 4.1e+00 1.39e-01  3e-02  9e-02 4:13.8
   35    280 3.247935303201110e-04 3.8e+00 1.59e-01  4e-02  1e-01 4:29.2
termination on ftarget=0.0005
final/bestever f-value = 3.247935e-04 3.247935e-04
incumbent solution: [2.3610222002741215, 2.5530579899884853, 7.647148281597059, -0.17383573430097607]
std deviation: [0.07081175017032454, 0.03925254584753078, 0.07538133826157753, 0.10241002991403549]
CMAEvolutionStrategyResult(xbest=array([ 2.37231901,  2.55738064,  7.67180522, -0.19163623]), fbest=0.00032479353032011105, evals_best=275, evaluations=280, iterations=35, xfavorite=array([ 2.3610222 ,  2.55305799,  7.64714828, -0.17383573]), stds=array([0.07081175, 0.03925255, 0.07538134, 0.10241003]), stop={'ftarget': 0.0005})
8 10
(4_w,8)-aCMA-ES (mu_w=2.6,w_1=52%) in dimension 4 (seed=514405, Tue Jun 22 13:39:01 2021)
Iterat #Fevals   function value  axis ratio  sigma  min&max std  t[m:s]
    1      8 5.286264177733144e-01 1.0e+00 1.62e+00  2e+00  2e+00 0:07.7
    2     16 1.779653645288752e-01 1.4e+00 1.63e+00  2e+00  2e+00 0:15.5
    3     24 4.309757153569642e-01 1.5e+00 1.57e+00  1e+00  2e+00 0:23.0
    4     32 3.322680591527083e-01 1.9e+00 1.50e+00  1e+00  2e+00 0:30.7
    5     40 3.949449974183061e-01 2.1e+00 1.30e+00  1e+00  1e+00 0:38.5
    6     48 2.851138859980282e-01 2.0e+00 1.39e+00  1e+00  1e+00 0:45.9
    7     56 2.077904210587953e-01 2.1e+00 1.61e+00  1e+00  2e+00 0:53.7
    8     64 1.246074792699898e-01 2.3e+00 2.01e+00  1e+00  3e+00 1:01.5
   10     80 3.467702034708182e-01 3.0e+00 2.11e+00  2e+00  3e+00 1:17.1
   12     96 2.758492264999000e-01 4.3e+00 2.39e+00  2e+00  4e+00 1:32.1
   14    112 2.432767445601915e-01 4.6e+00 1.98e+00  1e+00  3e+00 1:47.2
   16    128 2.578223598988405e-03 4.8e+00 1.39e+00  7e-01  2e+00 2:03.1
   18    144 1.319184282734602e-01 4.8e+00 1.03e+00  5e-01  1e+00 2:18.7
   20    160 9.765804797393174e-02 3.9e+00 7.50e-01  3e-01  8e-01 2:34.3
   22    176 1.632272725084378e-01 3.5e+00 6.87e-01  3e-01  7e-01 2:49.5
   24    192 1.431056755790838e-02 3.6e+00 5.88e-01  2e-01  6e-01 3:05.3
   26    208 6.654128371017820e-02 3.5e+00 5.35e-01  2e-01  5e-01 3:21.4
   29    232 4.231776730984160e-02 4.0e+00 4.10e-01  1e-01  4e-01 3:44.9
   31    248 1.395679110649528e-04 4.1e+00 3.65e-01  1e-01  3e-01 4:00.6
termination on ftarget=0.0005
final/bestever f-value = 1.395679e-04 1.395679e-04
incumbent solution: [14.913024511350736, 4.746891009541385, 12.1495708221358, 4.711538632191096]
std deviation: [0.22418368479278675, 0.13846893033202315, 0.30842669485677127, 0.13623735699904868]
CMAEvolutionStrategyResult(xbest=array([14.93068241,  4.68756058, 12.29854703,  4.81511076]), fbest=0.0001395679110649528, evals_best=246, evaluations=248, iterations=31, xfavorite=array([14.91302451,  4.74689101, 12.14957082,  4.71153863]), stds=array([0.22418368, 0.13846893, 0.30842669, 0.13623736]), stop={'ftarget': 0.0005})
9 10
(4_w,8)-aCMA-ES (mu_w=2.6,w_1=52%) in dimension 4 (seed=507444, Tue Jun 22 13:43:02 2021)
Iterat #Fevals   function value  axis ratio  sigma  min&max std  t[m:s]
    1      8 4.177069606393453e-01 1.0e+00 1.24e+00  1e+00  1e+00 0:08.1
    2     16 2.805678381574800e-01 1.2e+00 1.20e+00  1e+00  1e+00 0:15.6
    3     24 1.621072817601225e-01 1.4e+00 1.09e+00  9e-01  1e+00 0:23.7
    4     32 9.177167591233204e-02 1.6e+00 1.09e+00  8e-01  1e+00 0:31.1
    5     40 9.860528549276892e-02 1.7e+00 8.97e-01  6e-01  9e-01 0:39.0
    6     48 5.389109439182216e-02 1.7e+00 7.91e-01  5e-01  7e-01 0:47.1
    7     56 4.022591051249313e-02 1.7e+00 6.79e-01  4e-01  6e-01 0:54.6
    8     64 1.150373075143629e-02 1.6e+00 6.76e-01  4e-01  6e-01 1:02.9
   10     80 1.307666835759537e-01 1.8e+00 7.36e-01  4e-01  6e-01 1:18.0
   12     96 1.472243801593898e-02 2.3e+00 5.94e-01  4e-01  5e-01 1:33.5
   14    112 2.993620665442398e-02 2.1e+00 6.35e-01  4e-01  5e-01 1:49.0
   16    128 3.711249771160086e-02 2.7e+00 6.19e-01  4e-01  4e-01 2:04.8
   18    144 2.658008513580501e-02 3.1e+00 7.56e-01  5e-01  6e-01 2:20.1
   20    160 8.297193547408876e-03 3.4e+00 6.43e-01  4e-01  5e-01 2:35.4
   22    176 5.726677802681324e-03 3.9e+00 4.92e-01  3e-01  4e-01 2:50.8
   24    192 7.851183005380680e-04 5.5e+00 5.99e-01  4e-01  5e-01 3:06.1
   26    208 4.728099291315679e-04 4.7e+00 5.98e-01  4e-01  4e-01 3:21.6
termination on ftarget=0.0005
final/bestever f-value = 4.728099e-04 4.728099e-04
incumbent solution: [7.557102343332524, 4.397944241139539, 2.8669535681741647, 6.645260397342914]
std deviation: [0.42143062589427405, 0.4052506544434182, 0.4102652010970815, 0.3924002343305794]
CMAEvolutionStrategyResult(xbest=array([7.86580227, 4.51798102, 2.41092979, 6.63892752]), fbest=0.00047280992913156794, evals_best=201, evaluations=208, iterations=26, xfavorite=array([7.55710234, 4.39794424, 2.86695357, 6.6452604 ]), stds=array([0.42143063, 0.40525065, 0.4102652 , 0.39240023]), stop={'ftarget': 0.0005})
