0 10
(4_w,8)-aCMA-ES (mu_w=2.6,w_1=52%) in dimension 4 (seed=649547, Sun Jun 13 18:56:28 2021)
circuitVTD.py:316: DeprecationWarning: The QuantumCircuit.__add__() method is being deprecated.Use the compose() method which is more flexible w.r.t circuit register compatibility.
  TrotterFixStepList.append(TrotterFixStepList[-1] + U_trot)
/home/nfb1/.local/lib/python3.7/site-packages/qiskit/circuit/quantumcircuit.py:869: DeprecationWarning: The QuantumCircuit.combine() method is being deprecated. Use the compose() method which is more flexible w.r.t circuit register compatibility.
  return self.combine(rhs)
Iterat #Fevals   function value  axis ratio  sigma  min&max std  t[m:s]
    1      8 3.666992187500000e-01 1.0e+00 1.67e+00  2e+00  2e+00 0:05.2
    2     16 1.984863281250000e-01 1.5e+00 1.62e+00  1e+00  2e+00 0:10.2
    3     24 6.982421875000000e-02 1.7e+00 1.62e+00  1e+00  2e+00 0:15.1
    4     32 4.623209635416666e-01 1.7e+00 1.50e+00  1e+00  2e+00 0:20.5
    5     40 2.090657552083334e-01 1.9e+00 1.40e+00  1e+00  2e+00 0:25.3
    6     48 3.611653645833334e-01 1.9e+00 1.25e+00  9e-01  2e+00 0:30.4
    8     64 6.038411458333337e-02 2.3e+00 9.67e-01  7e-01  1e+00 0:40.8
   10     80 1.577148437500000e-01 2.8e+00 9.08e-01  7e-01  1e+00 0:51.4
   12     96 1.326497395833337e-02 2.9e+00 7.63e-01  5e-01  8e-01 1:01.6
   14    112 7.486979166666630e-03 3.0e+00 6.29e-01  3e-01  7e-01 1:11.8
   16    128 6.591796875000000e-03 4.1e+00 6.37e-01  3e-01  9e-01 1:22.7
   19    152 1.057942708333370e-03 4.8e+00 4.07e-01  2e-01  5e-01 1:37.9
   22    176 2.360026041666630e-03 5.6e+00 2.71e-01  1e-01  3e-01 1:53.2
   25    200 4.882812500000000e-04 5.4e+00 1.73e-01  6e-02  2e-01 2:08.3
   28    224 3.255208333333703e-04 6.7e+00 1.30e-01  4e-02  1e-01 2:23.5
   31    248 0.000000000000000e+00 6.7e+00 8.92e-02  2e-02  8e-02 2:38.9
termination on ftarget=1e-11
final/bestever f-value = 0.000000e+00 0.000000e+00
incumbent solution: [1.8781303357596384, 2.3762383072930753, 5.407833392251734, 4.194423873831052]
std deviation: [0.02325397227825528, 0.03025510334454346, 0.033296883877913394, 0.07987944516844706]
CMAEvolutionStrategyResult(xbest=array([1.8722244 , 2.37770076, 5.40015915, 4.19595307]), fbest=0.0, evals_best=245, evaluations=248, iterations=31, xfavorite=array([1.87813034, 2.37623831, 5.40783339, 4.19442387]), stds=array([0.02325397, 0.0302551 , 0.03329688, 0.07987945]), stop={'ftarget': 1e-11})
1 10
(4_w,8)-aCMA-ES (mu_w=2.6,w_1=52%) in dimension 4 (seed=677044, Sun Jun 13 18:59:07 2021)
Iterat #Fevals   function value  axis ratio  sigma  min&max std  t[m:s]
    1      8 3.178710937500000e-01 1.0e+00 1.70e+00  2e+00  2e+00 0:06.5
    2     16 2.683919270833334e-01 1.5e+00 1.59e+00  1e+00  2e+00 0:12.5
    3     24 9.806315104166663e-02 1.9e+00 1.53e+00  1e+00  2e+00 0:18.7
    4     32 2.824707031250000e-01 1.9e+00 1.34e+00  1e+00  2e+00 0:25.5
    5     40 1.855468750000000e-01 1.9e+00 1.24e+00  1e+00  2e+00 0:31.6
    6     48 1.765136718750000e-01 2.2e+00 1.22e+00  1e+00  1e+00 0:38.1
    7     56 4.674479166666666e-01 2.0e+00 1.23e+00  1e+00  1e+00 0:44.5
    9     72 1.237792968750000e-01 2.0e+00 1.14e+00  9e-01  1e+00 0:57.1
   11     88 1.064453125000000e-01 2.1e+00 9.86e-01  7e-01  1e+00 1:09.8
   13    104 1.095377604166666e-01 2.3e+00 1.07e+00  8e-01  1e+00 1:22.0
   15    120 4.443359375000000e-02 2.7e+00 9.63e-01  7e-01  9e-01 1:34.9
   17    136 1.139322916666663e-02 2.3e+00 6.70e-01  4e-01  5e-01 1:47.8
   19    152 9.277343750000000e-03 2.6e+00 5.76e-01  3e-01  5e-01 2:00.2
   22    176 1.147460937500000e-02 3.3e+00 3.90e-01  2e-01  3e-01 2:19.1
   25    200 1.074218750000000e-02 4.0e+00 3.54e-01  2e-01  3e-01 2:38.4
   28    224 2.115885416666630e-03 4.3e+00 2.98e-01  1e-01  2e-01 2:57.3
   31    248 1.220703125000000e-03 4.4e+00 2.82e-01  1e-01  2e-01 3:16.3
   34    272 3.255208333333703e-04 5.0e+00 2.71e-01  1e-01  2e-01 3:35.4
   36    288 0.000000000000000e+00 6.3e+00 3.48e-01  2e-01  2e-01 3:48.1
termination on ftarget=1e-11
final/bestever f-value = 0.000000e+00 0.000000e+00
incumbent solution: [1.2847199696839857, 1.5408023178119297, 2.4101359055253235, 7.250543588583362]
std deviation: [0.2390178819130497, 0.16269508359630935, 0.22075853049720862, 0.23466966343735998]
CMAEvolutionStrategyResult(xbest=array([1.15842314, 1.5083786 , 2.52085063, 7.20714028]), fbest=0.0, evals_best=283, evaluations=288, iterations=36, xfavorite=array([1.28471997, 1.54080232, 2.41013591, 7.25054359]), stds=array([0.23901788, 0.16269508, 0.22075853, 0.23466966]), stop={'ftarget': 1e-11})
2 10
(4_w,8)-aCMA-ES (mu_w=2.6,w_1=52%) in dimension 4 (seed=688791, Sun Jun 13 19:02:55 2021)
Iterat #Fevals   function value  axis ratio  sigma  min&max std  t[m:s]
    1      8 2.996419270833334e-01 1.0e+00 1.54e+00  1e+00  2e+00 0:06.2
    2     16 2.065429687500000e-01 1.6e+00 2.03e+00  2e+00  2e+00 0:12.5
    3     24 1.608886718750000e-01 1.9e+00 2.26e+00  2e+00  3e+00 0:18.8
    4     32 2.897135416666666e-01 2.3e+00 2.32e+00  2e+00  3e+00 0:25.2
    5     40 5.423177083333333e-01 2.2e+00 2.56e+00  3e+00  3e+00 0:31.4
    6     48 1.662597656250000e-01 2.7e+00 2.76e+00  3e+00  3e+00 0:37.6
    7     56 1.782226562500000e-02 3.0e+00 3.31e+00  3e+00  5e+00 0:44.0
    9     72 2.517903645833334e-01 3.5e+00 3.47e+00  3e+00  5e+00 0:56.5
   11     88 2.922363281250000e-01 3.3e+00 5.72e+00  4e+00  8e+00 1:09.0
   13    104 1.725260416666666e-01 3.6e+00 6.69e+00  4e+00  1e+01 1:22.1
   15    120 2.736816406250000e-01 3.7e+00 6.42e+00  4e+00  1e+01 1:35.4
   17    136 6.041666666666667e-01 3.4e+00 4.82e+00  3e+00  7e+00 1:48.1
   19    152 3.490397135416666e-01 3.9e+00 4.36e+00  2e+00  6e+00 2:00.7
   22    176 4.260253906250000e-01 3.0e+00 5.14e+00  3e+00  7e+00 2:20.1
   25    200 3.430175781250000e-01 3.7e+00 6.61e+00  4e+00  9e+00 2:39.2
   28    224 4.374186197916666e-01 4.0e+00 7.94e+00  4e+00  1e+01 2:58.4
   31    248 2.848307291666666e-01 5.3e+00 1.33e+01  7e+00  2e+01 3:17.2
   34    272 5.003255208333333e-01 5.1e+00 1.52e+01  8e+00  2e+01 3:35.9
   37    296 2.314453125000000e-01 8.1e+00 1.42e+01  7e+00  2e+01 3:55.5
   41    328 1.175944010416666e-01 9.6e+00 1.03e+01  4e+00  1e+01 4:20.3
   45    360 1.870930989583334e-01 1.3e+01 1.01e+01  4e+00  1e+01 4:46.0
   49    392 3.819986979166666e-01 2.0e+01 1.14e+01  6e+00  3e+01 5:11.5
   53    424 1.389160156250000e-01 3.3e+01 1.47e+01  9e+00  3e+01 5:36.9
   57    456 2.958984375000000e-01 4.4e+01 1.14e+01  7e+00  3e+01 6:01.8
   61    488 4.516601562500000e-02 3.9e+01 1.47e+01  8e+00  4e+01 6:27.2
   65    520 3.871256510416666e-01 3.8e+01 1.64e+01  1e+01  4e+01 6:53.3
   70    560 2.644042968750000e-01 6.8e+01 3.10e+01  3e+01  1e+02 7:25.2
   75    600 2.275390625000000e-01 6.9e+01 3.45e+01  2e+01  1e+02 7:56.8
   80    640 2.183430989583334e-01 8.8e+01 3.91e+01  3e+01  1e+02 8:28.5
   85    680 4.101562500000000e-02 6.1e+01 4.80e+01  3e+01  1e+02 8:59.5
   90    720 4.011230468750000e-01 4.3e+01 5.65e+01  4e+01  1e+02 9:30.6
   95    760 1.941731770833334e-01 4.8e+01 4.46e+01  3e+01  8e+01 10:02.4
  100    800 3.613281250000000e-01 4.7e+01 5.12e+01  3e+01  8e+01 10:34.1
termination on maxiter=100
final/bestever f-value = 3.613281e-01 1.782227e-02
incumbent solution: [163.3879480892718, -89.13419164441791, -522.9200164687877, 476.75817533857304]
std deviation: [30.285971880938064, 27.685158980284776, 82.65951673575553, 68.95379283573045]
CMAEvolutionStrategyResult(xbest=array([-4.56145109, 10.45867689,  4.14813612, 17.25506162]), fbest=0.017822265625, evals_best=55, evaluations=800, iterations=100, xfavorite=array([ 163.38794809,  -89.13419164, -522.92001647,  476.75817534]), stds=array([30.28597188, 27.68515898, 82.65951674, 68.95379284]), stop={'maxiter': 100})
3 10
(4_w,8)-aCMA-ES (mu_w=2.6,w_1=52%) in dimension 4 (seed=690379, Sun Jun 13 19:13:29 2021)
Iterat #Fevals   function value  axis ratio  sigma  min&max std  t[m:s]
    1      8 3.021647135416666e-01 1.0e+00 1.41e+00  1e+00  1e+00 0:06.1
    2     16 4.965006510416666e-01 1.2e+00 1.39e+00  1e+00  1e+00 0:12.6
    3     24 4.473470052083334e-01 1.3e+00 1.44e+00  1e+00  2e+00 0:18.8
    4     32 2.164713541666666e-01 1.4e+00 1.33e+00  1e+00  1e+00 0:24.8
    5     40 4.973958333333334e-01 1.5e+00 1.29e+00  1e+00  1e+00 0:31.2
    6     48 9.318033854166663e-02 1.7e+00 1.18e+00  9e-01  1e+00 0:37.3
    7     56 3.189290364583334e-01 1.6e+00 1.40e+00  1e+00  2e+00 0:43.5
    9     72 2.587076822916666e-01 2.1e+00 1.30e+00  1e+00  1e+00 0:56.2
   11     88 1.717936197916666e-01 2.1e+00 8.86e-01  6e-01  8e-01 1:08.7
   13    104 1.315104166666666e-01 2.4e+00 6.88e-01  4e-01  6e-01 1:21.5
   15    120 6.282552083333337e-02 2.5e+00 7.04e-01  5e-01  6e-01 1:34.1
   17    136 1.407877604166663e-02 3.2e+00 1.15e+00  7e-01  1e+00 1:46.9
   19    152 5.672200520833337e-02 3.3e+00 9.86e-01  5e-01  8e-01 1:59.2
   22    176 3.361002604166663e-02 3.5e+00 9.47e-01  5e-01  8e-01 2:17.8
   25    200 2.783203125000000e-02 3.3e+00 9.67e-01  5e-01  8e-01 2:37.2
   28    224 6.510416666666630e-03 4.8e+00 7.53e-01  4e-01  6e-01 2:56.0
   31    248 5.696614583333370e-03 5.2e+00 5.98e-01  2e-01  4e-01 3:14.9
   34    272 9.602864583333370e-03 5.4e+00 4.94e-01  2e-01  3e-01 3:34.2
   37    296 8.138020833333703e-04 5.4e+00 3.21e-01  1e-01  2e-01 3:52.7
   41    328 3.255208333333703e-04 5.9e+00 2.42e-01  8e-02  1e-01 4:18.0
   42    336 0.000000000000000e+00 7.6e+00 2.16e-01  7e-02  1e-01 4:24.5
termination on ftarget=1e-11
final/bestever f-value = 0.000000e+00 0.000000e+00
incumbent solution: [-2.120893130434979, 4.820205633506834, 4.848210440172312, 5.368857834343041]
std deviation: [0.08752195666193525, 0.07221210619062345, 0.12356825469044026, 0.11808520517506738]
CMAEvolutionStrategyResult(xbest=array([-2.15493558,  4.80284036,  4.87129366,  5.33071114]), fbest=0.0, evals_best=336, evaluations=336, iterations=42, xfavorite=array([-2.12089313,  4.82020563,  4.84821044,  5.36885783]), stds=array([0.08752196, 0.07221211, 0.12356825, 0.11808521]), stop={'ftarget': 1e-11})
4 10
(4_w,8)-aCMA-ES (mu_w=2.6,w_1=52%) in dimension 4 (seed=789990, Sun Jun 13 19:17:53 2021)
Iterat #Fevals   function value  axis ratio  sigma  min&max std  t[m:s]
    1      8 6.681315104166667e-01 1.0e+00 1.54e+00  1e+00  2e+00 0:06.3
    2     16 5.983072916666667e-01 1.3e+00 1.65e+00  1e+00  2e+00 0:12.6
    3     24 1.665039062500000e-01 1.6e+00 2.03e+00  2e+00  3e+00 0:19.0
    4     32 4.225260416666666e-01 1.9e+00 2.39e+00  2e+00  3e+00 0:25.0
    5     40 3.509928385416666e-01 2.2e+00 1.96e+00  2e+00  2e+00 0:31.2
    6     48 2.221679687500000e-01 2.3e+00 1.83e+00  2e+00  2e+00 0:37.6
    8     64 5.644531250000000e-01 2.2e+00 1.79e+00  2e+00  2e+00 0:49.7
   10     80 2.452799479166666e-01 3.4e+00 1.84e+00  1e+00  3e+00 1:02.3
   12     96 2.639973958333334e-01 3.5e+00 1.42e+00  1e+00  2e+00 1:15.0
   14    112 3.912760416666666e-01 4.3e+00 1.55e+00  1e+00  2e+00 1:27.4
   16    128 2.861328125000000e-01 6.4e+00 1.95e+00  2e+00  3e+00 1:39.8
   18    144 6.008300781250000e-01 5.5e+00 2.28e+00  2e+00  4e+00 1:52.7
   20    160 1.969401041666666e-01 7.1e+00 2.13e+00  2e+00  4e+00 2:05.0
   22    176 1.555989583333334e-01 8.3e+00 1.84e+00  2e+00  3e+00 2:18.4
   25    200 2.041829427083334e-01 6.3e+00 2.28e+00  2e+00  3e+00 2:37.3
   28    224 6.541341145833333e-01 6.3e+00 2.04e+00  1e+00  3e+00 2:56.7
   31    248 6.290690104166663e-02 1.0e+01 1.79e+00  1e+00  3e+00 3:15.3
   34    272 1.126302083333334e-01 9.0e+00 1.21e+00  7e-01  2e+00 3:34.0
   37    296 5.794270833333337e-02 7.9e+00 1.14e+00  6e-01  2e+00 3:52.7
   40    320 3.833007812500000e-02 6.7e+00 9.68e-01  4e-01  1e+00 4:11.8
   44    352 5.069986979166663e-02 4.1e+00 6.29e-01  2e-01  4e-01 4:37.4
   48    384 1.269531250000000e-02 3.8e+00 5.51e-01  2e-01  3e-01 5:02.9
   52    416 2.115885416666630e-03 4.6e+00 6.61e-01  2e-01  4e-01 5:29.0
   56    448 7.080078125000000e-03 3.5e+00 4.03e-01  9e-02  2e-01 5:54.7
   60    480 1.546223958333370e-03 3.4e+00 2.92e-01  6e-02  1e-01 6:20.0
   64    512 1.627604166666297e-04 4.7e+00 2.38e-01  5e-02  8e-02 6:45.0
   68    544 8.138020833337034e-05 4.9e+00 1.81e-01  3e-02  6e-02 7:11.1
   69    552 0.000000000000000e+00 5.7e+00 1.68e-01  3e-02  5e-02 7:17.4
termination on ftarget=1e-11
final/bestever f-value = 0.000000e+00 0.000000e+00
incumbent solution: [-1.9560709033197468, -9.034002182313285, -4.481114799798108, 10.128057007725573]
std deviation: [0.027687008878804358, 0.04864366442090426, 0.048962436891686695, 0.03188477843747393]
CMAEvolutionStrategyResult(xbest=array([-1.95744262, -9.04886617, -4.46570931, 10.13395877]), fbest=0.0, evals_best=548, evaluations=552, iterations=69, xfavorite=array([-1.9560709 , -9.03400218, -4.4811148 , 10.12805701]), stds=array([0.02768701, 0.04864366, 0.04896244, 0.03188478]), stop={'ftarget': 1e-11})
5 10
(4_w,8)-aCMA-ES (mu_w=2.6,w_1=52%) in dimension 4 (seed=763378, Sun Jun 13 19:25:11 2021)
Iterat #Fevals   function value  axis ratio  sigma  min&max std  t[m:s]
    1      8 2.515462239583334e-01 1.0e+00 1.40e+00  1e+00  1e+00 0:06.2
    2     16 3.080240885416666e-01 1.2e+00 1.22e+00  1e+00  1e+00 0:12.7
    3     24 3.523763020833337e-02 1.3e+00 1.08e+00  8e-01  1e+00 0:19.0
    4     32 9.554036458333337e-02 1.5e+00 9.26e-01  6e-01  9e-01 0:25.2
    5     40 3.540039062500000e-02 1.7e+00 7.51e-01  5e-01  7e-01 0:31.2
    6     48 1.588541666666666e-01 1.9e+00 7.18e-01  5e-01  6e-01 0:37.6
    7     56 8.626302083333370e-03 1.9e+00 8.81e-01  7e-01  9e-01 0:43.9
    8     64 0.000000000000000e+00 2.4e+00 7.57e-01  6e-01  8e-01 0:50.3
termination on ftarget=1e-11
final/bestever f-value = 0.000000e+00 0.000000e+00
incumbent solution: [6.702551093499452, 4.315152535478597, 0.08029592555069387, 1.5234881325525094]
std deviation: [0.5731682545926089, 0.5737777751098486, 0.7986419131041514, 0.5924256706762282]
CMAEvolutionStrategyResult(xbest=array([ 6.76506332,  4.31791565, -0.14655765,  1.36096747]), fbest=0.0, evals_best=58, evaluations=64, iterations=8, xfavorite=array([6.70255109, 4.31515254, 0.08029593, 1.52348813]), stds=array([0.57316825, 0.57377778, 0.79864191, 0.59242567]), stop={'ftarget': 1e-11})
6 10
(4_w,8)-aCMA-ES (mu_w=2.6,w_1=52%) in dimension 4 (seed=799669, Sun Jun 13 19:26:01 2021)
Iterat #Fevals   function value  axis ratio  sigma  min&max std  t[m:s]
    1      8 1.239420572916666e-01 1.0e+00 1.62e+00  2e+00  2e+00 0:06.4
    2     16 5.338541666666667e-01 1.3e+00 1.43e+00  1e+00  1e+00 0:12.9
    3     24 3.077799479166666e-01 1.5e+00 1.72e+00  1e+00  2e+00 0:19.1
    4     32 8.300781250000000e-03 2.0e+00 1.76e+00  1e+00  2e+00 0:25.6
    5     40 1.733398437500000e-02 2.5e+00 2.11e+00  2e+00  3e+00 0:32.1
    6     48 7.527669270833337e-02 2.5e+00 2.25e+00  2e+00  3e+00 0:38.3
    7     56 2.049153645833334e-01 2.9e+00 2.26e+00  2e+00  3e+00 0:44.9
    9     72 7.519531250000000e-02 2.5e+00 2.33e+00  2e+00  3e+00 0:57.2
   11     88 1.694335937500000e-01 2.8e+00 2.01e+00  1e+00  3e+00 1:09.6
   13    104 1.720377604166666e-01 3.3e+00 2.56e+00  2e+00  4e+00 1:22.4
   15    120 3.642578125000000e-01 3.0e+00 3.11e+00  2e+00  5e+00 1:34.5
   17    136 3.411458333333334e-01 3.7e+00 3.55e+00  2e+00  7e+00 1:47.1
   19    152 2.050781250000000e-02 4.2e+00 3.48e+00  2e+00  6e+00 1:59.9
   22    176 2.084147135416666e-01 5.3e+00 2.70e+00  1e+00  5e+00 2:18.9
   25    200 1.875813802083334e-01 5.7e+00 2.31e+00  1e+00  4e+00 2:37.7
   28    224 6.966145833333337e-02 5.0e+00 2.05e+00  1e+00  3e+00 2:56.8
   31    248 1.320800781250000e-01 5.2e+00 1.72e+00  8e-01  2e+00 3:15.6
   34    272 9.195963541666663e-02 5.8e+00 1.46e+00  5e-01  2e+00 3:34.2
   37    296 2.832031250000000e-02 6.3e+00 1.17e+00  4e-01  1e+00 3:53.7
   41    328 2.913411458333337e-02 9.9e+00 6.67e-01  2e-01  8e-01 4:21.7
   45    360 1.074218750000000e-02 8.0e+00 4.59e-01  1e-01  4e-01 4:47.0
   49    392 7.324218750000000e-04 5.5e+00 3.75e-01  1e-01  2e-01 5:12.1
   53    424 3.255208333333703e-04 5.4e+00 3.26e-01  9e-02  2e-01 5:37.4
   57    456 7.324218750000000e-04 6.1e+00 2.84e-01  7e-02  1e-01 6:02.8
   61    488 0.000000000000000e+00 4.6e+00 1.56e-01  4e-02  6e-02 6:27.8
termination on ftarget=1e-11
final/bestever f-value = 0.000000e+00 0.000000e+00
incumbent solution: [11.53484379060431, 7.295165056200457, 1.7304472688946595, 6.8878717227514805]
std deviation: [0.06306577656919149, 0.03845103076242363, 0.05155396218826992, 0.03631420483125092]
CMAEvolutionStrategyResult(xbest=array([11.57377177,  7.24150244,  1.67166044,  6.93861786]), fbest=0.0, evals_best=484, evaluations=488, iterations=61, xfavorite=array([11.53484379,  7.29516506,  1.73044727,  6.88787172]), stds=array([0.06306578, 0.03845103, 0.05155396, 0.0363142 ]), stop={'ftarget': 1e-11})
7 10
(4_w,8)-aCMA-ES (mu_w=2.6,w_1=52%) in dimension 4 (seed=754465, Sun Jun 13 19:32:29 2021)
Iterat #Fevals   function value  axis ratio  sigma  min&max std  t[m:s]
    1      8 5.110677083333337e-02 1.0e+00 1.45e+00  1e+00  1e+00 0:06.2
    2     16 8.121744791666663e-02 1.3e+00 1.85e+00  2e+00  2e+00 0:12.4
    3     24 1.374511718750000e-01 1.4e+00 1.92e+00  2e+00  2e+00 0:18.6
    4     32 1.877441406250000e-01 1.5e+00 2.05e+00  2e+00  2e+00 0:25.1
    5     40 3.055826822916666e-01 1.9e+00 1.87e+00  1e+00  2e+00 0:31.3
    6     48 1.429036458333334e-01 2.1e+00 1.71e+00  1e+00  2e+00 0:37.7
    7     56 3.567708333333334e-01 2.1e+00 1.69e+00  1e+00  2e+00 0:43.7
    9     72 1.977539062500000e-01 2.5e+00 1.65e+00  8e-01  2e+00 0:56.0
   11     88 2.027994791666666e-01 2.6e+00 1.55e+00  7e-01  2e+00 1:08.5
   13    104 1.903483072916666e-01 2.8e+00 1.29e+00  5e-01  1e+00 1:21.3
   15    120 3.948567708333334e-01 3.9e+00 9.02e-01  3e-01  9e-01 1:33.6
   17    136 2.905273437500000e-02 3.8e+00 8.25e-01  3e-01  8e-01 1:46.3
   19    152 5.541992187500000e-02 4.4e+00 6.59e-01  2e-01  6e-01 1:59.2
   22    176 2.791341145833337e-02 3.1e+00 4.82e-01  2e-01  4e-01 2:18.0
   25    200 6.184895833333370e-03 3.0e+00 3.34e-01  1e-01  2e-01 2:36.4
   28    224 3.743489583333370e-03 3.3e+00 2.45e-01  7e-02  1e-01 2:55.7
   31    248 8.138020833337034e-05 3.6e+00 1.79e-01  5e-02  1e-01 3:14.6
   34    272 5.696614583333703e-04 4.5e+00 1.47e-01  4e-02  8e-02 3:33.4
   37    296 0.000000000000000e+00 4.6e+00 1.15e-01  3e-02  6e-02 3:51.9
termination on ftarget=1e-11
final/bestever f-value = 0.000000e+00 0.000000e+00
incumbent solution: [5.574424596927481, 3.430070104902888, 3.398004299127151, 5.397852632131576]
std deviation: [0.045701436227652714, 0.027598285252203033, 0.057232099815328154, 0.03990308021573545]
CMAEvolutionStrategyResult(xbest=array([5.58439077, 3.45039296, 3.38961746, 5.38532547]), fbest=0.0, evals_best=292, evaluations=296, iterations=37, xfavorite=array([5.5744246 , 3.4300701 , 3.3980043 , 5.39785263]), stds=array([0.04570144, 0.02759829, 0.0572321 , 0.03990308]), stop={'ftarget': 1e-11})
8 10
(4_w,8)-aCMA-ES (mu_w=2.6,w_1=52%) in dimension 4 (seed=759747, Sun Jun 13 19:36:21 2021)
Iterat #Fevals   function value  axis ratio  sigma  min&max std  t[m:s]
    1      8 8.520507812500000e-02 1.0e+00 1.39e+00  1e+00  1e+00 0:06.4
    2     16 4.083658854166666e-01 1.2e+00 1.63e+00  1e+00  2e+00 0:12.5
    3     24 2.176920572916666e-01 1.4e+00 1.64e+00  2e+00  2e+00 0:18.5
    4     32 2.506510416666666e-01 1.7e+00 1.60e+00  1e+00  2e+00 0:24.8
    5     40 1.960449218750000e-01 1.9e+00 1.89e+00  2e+00  2e+00 0:31.0
    6     48 2.246907552083334e-01 2.0e+00 2.74e+00  2e+00  3e+00 0:37.5
    7     56 5.660807291666667e-01 2.0e+00 3.51e+00  3e+00  5e+00 0:43.6
    9     72 6.158040364583333e-01 2.3e+00 4.11e+00  3e+00  5e+00 0:56.2
   11     88 1.793619791666666e-01 2.6e+00 3.40e+00  2e+00  4e+00 1:09.3
   13    104 4.892578125000000e-01 2.8e+00 4.02e+00  2e+00  5e+00 1:21.8
   15    120 3.912760416666666e-01 2.8e+00 5.73e+00  3e+00  7e+00 1:34.4
   17    136 2.443033854166666e-01 3.1e+00 5.35e+00  3e+00  7e+00 1:47.2
   19    152 1.850585937500000e-01 2.7e+00 5.19e+00  4e+00  5e+00 1:59.6
   22    176 5.419921875000000e-02 2.8e+00 5.24e+00  4e+00  6e+00 2:18.6
   25    200 6.054687500000000e-02 3.6e+00 5.92e+00  3e+00  7e+00 2:37.8
   28    224 3.640136718750000e-01 3.7e+00 5.11e+00  3e+00  6e+00 2:56.5
   31    248 3.196614583333334e-01 3.8e+00 5.29e+00  3e+00  6e+00 3:15.1
   34    272 7.032877604166667e-01 4.8e+00 4.67e+00  2e+00  5e+00 3:34.0
   37    296 3.296712239583334e-01 6.0e+00 4.72e+00  2e+00  6e+00 3:52.8
   40    320 3.613281250000000e-01 7.0e+00 5.23e+00  2e+00  6e+00 4:11.9
   44    352 3.635253906250000e-01 7.9e+00 5.45e+00  2e+00  8e+00 4:37.2
   48    384 3.393554687500000e-01 9.5e+00 4.43e+00  2e+00  6e+00 5:02.1
   52    416 4.844563802083334e-01 9.1e+00 3.58e+00  2e+00  5e+00 5:27.1
   56    448 9.814453125000000e-02 1.1e+01 4.18e+00  2e+00  6e+00 5:51.5
   60    480 8.683268229166663e-02 1.6e+01 4.17e+00  2e+00  7e+00 6:17.1
   64    512 3.048502604166666e-01 2.0e+01 3.93e+00  2e+00  7e+00 6:42.4
   69    552 7.307942708333337e-02 2.4e+01 4.56e+00  2e+00  8e+00 7:14.4
   74    592 2.533365885416666e-01 2.1e+01 2.94e+00  1e+00  4e+00 7:45.7
   79    632 3.352864583333337e-02 1.6e+01 4.22e+00  1e+00  5e+00 8:17.2
   84    672 2.781575520833334e-01 2.7e+01 4.29e+00  2e+00  5e+00 8:47.9
   89    712 1.770833333333334e-01 2.6e+01 7.59e+00  2e+00  8e+00 9:18.9
   94    752 6.453450520833337e-02 2.8e+01 9.31e+00  3e+00  1e+01 9:50.8
   99    792 7.267252604166667e-01 2.9e+01 9.79e+00  3e+00  1e+01 10:23.0
  100    800 2.050781250000000e-02 3.0e+01 1.03e+01  3e+00  1e+01 10:29.3
termination on maxiter=100
final/bestever f-value = 2.050781e-02 3.173828e-03
incumbent solution: [-24.06170413539607, 21.894712335580348, 2.295605977807231, -10.569136981469642]
std deviation: [9.916841929006136, 8.687789380225295, 3.3660451593236087, 10.750282812655682]
CMAEvolutionStrategyResult(xbest=array([  7.20490804,  -2.34250046,  10.51884893, -20.22726232]), fbest=0.003173828125, evals_best=459, evaluations=800, iterations=100, xfavorite=array([-24.06170414,  21.89471234,   2.29560598, -10.56913698]), stds=array([ 9.91684193,  8.68778938,  3.36604516, 10.75028281]), stop={'maxiter': 100})
9 10
(4_w,8)-aCMA-ES (mu_w=2.6,w_1=52%) in dimension 4 (seed=805400, Sun Jun 13 19:46:50 2021)
Iterat #Fevals   function value  axis ratio  sigma  min&max std  t[m:s]
    1      8 5.782063802083333e-01 1.0e+00 1.35e+00  1e+00  1e+00 0:06.4
    2     16 6.238606770833333e-01 1.2e+00 1.33e+00  1e+00  1e+00 0:12.8
    3     24 2.013346354166666e-01 1.4e+00 1.20e+00  9e-01  1e+00 0:18.9
    4     32 1.066080729166666e-01 1.5e+00 1.15e+00  7e-01  1e+00 0:25.6
    5     40 1.149902343750000e-01 1.7e+00 1.16e+00  7e-01  1e+00 0:31.6
    6     48 1.383463541666666e-01 2.0e+00 1.30e+00  7e-01  2e+00 0:37.7
    7     56 4.833984375000000e-02 2.4e+00 1.79e+00  1e+00  2e+00 0:43.9
    9     72 1.977539062500000e-02 2.8e+00 2.03e+00  1e+00  3e+00 0:56.8
   11     88 2.286783854166663e-02 3.1e+00 1.52e+00  9e-01  2e+00 1:09.5
   13    104 1.122233072916666e-01 2.5e+00 1.23e+00  6e-01  1e+00 1:21.9
   15    120 5.802408854166663e-02 2.9e+00 1.04e+00  5e-01  1e+00 1:34.0
   17    136 1.668294270833337e-02 3.4e+00 7.65e-01  3e-01  8e-01 1:46.4
   19    152 3.515625000000000e-02 2.9e+00 6.03e-01  2e-01  5e-01 1:58.9
   22    176 4.231770833333370e-03 3.2e+00 6.49e-01  2e-01  6e-01 2:17.9
   25    200 3.662109375000000e-03 3.0e+00 5.86e-01  2e-01  4e-01 2:37.3
   28    224 2.278645833333370e-03 2.7e+00 4.49e-01  1e-01  3e-01 2:56.4
   29    232 0.000000000000000e+00 3.2e+00 4.32e-01  1e-01  3e-01 3:02.6
termination on ftarget=1e-11
final/bestever f-value = 0.000000e+00 0.000000e+00
incumbent solution: [2.0957766441482035, 5.4968224302343325, -3.6755383749349066, 4.730566958019462]
std deviation: [0.1941255186815852, 0.13863166740615077, 0.2956208707927909, 0.12334863915789708]
CMAEvolutionStrategyResult(xbest=array([ 2.25250138,  5.50736149, -3.53903097,  4.69057763]), fbest=0.0, evals_best=226, evaluations=232, iterations=29, xfavorite=array([ 2.09577664,  5.49682243, -3.67553837,  4.73056696]), stds=array([0.19412552, 0.13863167, 0.29562087, 0.12334864]), stop={'ftarget': 1e-11})
