0 10
(4_w,8)-aCMA-ES (mu_w=2.6,w_1=52%) in dimension 4 (seed=671403, Sun Jun 13 18:57:20 2021)
circuitVTD.py:316: DeprecationWarning: The QuantumCircuit.__add__() method is being deprecated.Use the compose() method which is more flexible w.r.t circuit register compatibility.
  TrotterFixStepList.append(TrotterFixStepList[-1] + U_trot)
/home/nfb1/.local/lib/python3.7/site-packages/qiskit/circuit/quantumcircuit.py:869: DeprecationWarning: The QuantumCircuit.combine() method is being deprecated. Use the compose() method which is more flexible w.r.t circuit register compatibility.
  return self.combine(rhs)
Iterat #Fevals   function value  axis ratio  sigma  min&max std  t[m:s]
    1      8 7.461191813151042e-01 1.0e+00 1.79e+00  2e+00  2e+00 0:13.8
    2     16 5.754597981770837e-02 1.5e+00 1.90e+00  2e+00  2e+00 0:27.7
    3     24 9.191131591796875e-02 1.5e+00 1.88e+00  2e+00  2e+00 0:41.3
    4     32 3.005752563476562e-01 1.7e+00 2.16e+00  2e+00  3e+00 0:55.2
    5     40 2.396672566731771e-01 2.0e+00 2.31e+00  2e+00  3e+00 1:08.9
    6     48 4.018656412760413e-02 2.4e+00 2.56e+00  2e+00  3e+00 1:22.7
    7     56 2.039820353190104e-01 2.2e+00 2.77e+00  3e+00  3e+00 1:36.4
    8     64 4.735921223958334e-01 2.0e+00 2.62e+00  2e+00  3e+00 1:50.1
    9     72 3.032862345377604e-01 1.8e+00 3.19e+00  3e+00  4e+00 2:03.8
   10     80 1.472930908203125e-01 2.2e+00 3.24e+00  3e+00  4e+00 2:17.8
   11     88 5.451507568359375e-01 2.2e+00 2.85e+00  2e+00  3e+00 2:31.6
   12     96 4.094111124674479e-01 2.1e+00 2.78e+00  3e+00  3e+00 2:45.6
   13    104 1.719640096028646e-01 2.1e+00 2.25e+00  2e+00  2e+00 2:59.4
   14    112 1.542307535807291e-01 2.1e+00 2.48e+00  2e+00  3e+00 3:13.0
   16    128 2.197316487630209e-01 3.0e+00 1.89e+00  2e+00  2e+00 3:40.9
   18    144 2.399953206380209e-01 2.7e+00 1.67e+00  1e+00  2e+00 4:08.5
   20    160 1.363423665364584e-01 2.8e+00 1.93e+00  1e+00  2e+00 4:36.1
   22    176 1.380081176757812e-01 3.0e+00 1.71e+00  9e-01  2e+00 5:04.0
   24    192 4.126459757486979e-01 2.4e+00 1.33e+00  7e-01  1e+00 5:31.2
   26    208 3.993988037109375e-02 2.3e+00 9.57e-01  4e-01  7e-01 5:58.8
   28    224 1.362355550130212e-02 3.1e+00 7.86e-01  4e-01  5e-01 6:26.0
   30    240 1.039886474609375e-02 2.7e+00 6.81e-01  3e-01  5e-01 6:54.1
   32    256 1.627095540364587e-02 2.9e+00 5.76e-01  2e-01  4e-01 7:21.5
   34    272 8.364359537760380e-03 3.2e+00 4.69e-01  2e-01  3e-01 7:49.3
   36    288 5.986531575520870e-03 4.2e+00 3.25e-01  1e-01  2e-01 8:17.0
   38    304 5.180358886718750e-03 4.2e+00 2.47e-01  9e-02  1e-01 8:44.6
   40    320 4.608154296875000e-03 4.7e+00 2.26e-01  8e-02  1e-01 9:12.5
   42    336 4.577636718750000e-03 5.2e+00 1.63e-01  5e-02  1e-01 9:39.8
   45    360 2.120971679687500e-03 8.4e+00 2.53e-01  1e-01  2e-01 10:21.1
   48    384 8.544921875000000e-04 1.3e+01 3.88e-01  2e-01  4e-01 11:02.1
   51    408 3.585815429687500e-04 9.9e+00 2.51e-01  1e-01  2e-01 11:43.5
   54    432 1.475016276041297e-04 9.6e+00 2.07e-01  8e-02  1e-01 12:24.6
   57    456 9.155273437500000e-05 7.5e+00 1.45e-01  5e-02  6e-02 13:06.1
   60    480 4.069010416662966e-05 7.3e+00 1.16e-01  3e-02  5e-02 13:47.2
   63    504 4.577636718750000e-05 9.9e+00 9.53e-02  3e-02  4e-02 14:28.6
   66    528 7.629394531250000e-06 9.4e+00 1.04e-01  3e-02  4e-02 15:09.9
   69    552 1.017252604162966e-05 1.3e+01 1.41e-01  4e-02  6e-02 15:51.0
   72    576 2.543131510379659e-06 1.6e+01 1.04e-01  3e-02  5e-02 16:32.9
   73    584 0.000000000000000e+00 1.7e+01 8.77e-02  2e-02  4e-02 16:46.4
termination on ftarget=1e-11
final/bestever f-value = 0.000000e+00 0.000000e+00
incumbent solution: [7.298954456615215, -5.137928300684436, 7.193009866137893, 0.853956902008997]
std deviation: [0.032754750039406824, 0.030737439159120347, 0.019959194615219333, 0.04002719338700296]
CMAEvolutionStrategyResult(xbest=array([ 7.29118708, -5.11758202,  7.19074705,  0.83219025]), fbest=0.0, evals_best=578, evaluations=584, iterations=73, xfavorite=array([ 7.29895446, -5.1379283 ,  7.19300987,  0.8539569 ]), stds=array([0.03275475, 0.03073744, 0.01995919, 0.04002719]), stop={'ftarget': 1e-11})
1 10
(4_w,8)-aCMA-ES (mu_w=2.6,w_1=52%) in dimension 4 (seed=718676, Sun Jun 13 19:14:06 2021)
Iterat #Fevals   function value  axis ratio  sigma  min&max std  t[m:s]
    1      8 1.777852376302084e-01 1.0e+00 1.31e+00  1e+00  1e+00 0:14.7
    2     16 3.350524902343750e-01 1.1e+00 1.76e+00  2e+00  2e+00 0:29.6
    3     24 6.153310139973958e-01 1.3e+00 1.65e+00  2e+00  2e+00 0:44.7
    4     32 6.237538655598962e-02 1.4e+00 1.43e+00  1e+00  2e+00 0:59.7
    5     40 5.900192260742188e-01 1.6e+00 1.27e+00  1e+00  1e+00 1:14.5
    6     48 6.954905192057292e-01 1.8e+00 1.20e+00  1e+00  1e+00 1:29.4
    7     56 2.300771077473959e-01 1.9e+00 1.06e+00  8e-01  1e+00 1:44.0
    8     64 1.340230305989587e-02 2.1e+00 9.74e-01  7e-01  9e-01 1:59.0
    9     72 1.613871256510413e-02 2.3e+00 8.33e-01  6e-01  8e-01 2:14.0
   10     80 4.198964436848962e-02 2.1e+00 7.01e-01  5e-01  6e-01 2:28.9
   11     88 3.134918212890625e-02 2.1e+00 5.92e-01  4e-01  5e-01 2:43.8
   12     96 3.563435872395837e-02 2.0e+00 5.19e-01  3e-01  4e-01 2:58.5
   13    104 9.564717610677087e-02 1.9e+00 4.42e-01  2e-01  3e-01 3:13.3
   14    112 2.217864990234375e-02 2.0e+00 4.02e-01  2e-01  3e-01 3:28.6
   15    120 7.662455240885380e-03 2.0e+00 3.93e-01  2e-01  3e-01 3:43.4
   17    136 8.692423502604130e-03 2.2e+00 3.49e-01  2e-01  3e-01 4:13.2
   19    152 4.501342773437500e-03 2.5e+00 3.33e-01  1e-01  2e-01 4:42.8
   21    168 3.585815429687500e-04 2.5e+00 2.58e-01  9e-02  2e-01 5:12.6
   23    184 3.636678059896203e-04 3.2e+00 2.10e-01  7e-02  1e-01 5:42.6
   25    200 1.889546712239620e-03 3.3e+00 1.43e-01  4e-02  8e-02 6:12.1
   27    216 1.373291015625000e-04 3.4e+00 1.20e-01  3e-02  6e-02 6:41.4
   29    232 2.034505208333703e-04 3.7e+00 8.66e-02  2e-02  4e-02 7:11.6
   31    248 3.814697265625000e-05 4.5e+00 9.65e-02  3e-02  5e-02 7:41.4
   33    264 1.271565755208703e-04 4.1e+00 7.76e-02  2e-02  3e-02 8:11.1
   35    280 6.866455078125000e-05 4.0e+00 8.24e-02  2e-02  3e-02 8:41.1
   37    296 3.814697265625000e-05 3.4e+00 8.74e-02  3e-02  3e-02 9:10.9
   39    312 6.357828776037966e-05 3.3e+00 6.44e-02  2e-02  2e-02 9:40.8
   41    328 2.543131510379659e-06 3.7e+00 5.71e-02  2e-02  2e-02 10:10.8
   43    344 2.543131510379659e-06 4.5e+00 3.89e-02  9e-03  1e-02 10:40.5
   45    360 5.086263020870341e-06 5.2e+00 3.47e-02  8e-03  1e-02 11:10.8
   46    368 0.000000000000000e+00 6.3e+00 2.91e-02  6e-03  9e-03 11:25.5
termination on ftarget=1e-11
final/bestever f-value = 0.000000e+00 0.000000e+00
incumbent solution: [5.892414493494059, 2.9753470804613236, 3.8044202102307003, -0.8014353062747104]
std deviation: [0.006448698613793379, 0.009284867002545417, 0.007514306243651653, 0.009301159584425175]
CMAEvolutionStrategyResult(xbest=array([ 5.89098715,  2.96669997,  3.80562799, -0.79325291]), fbest=0.0, evals_best=365, evaluations=368, iterations=46, xfavorite=array([ 5.89241449,  2.97534708,  3.80442021, -0.80143531]), stds=array([0.0064487 , 0.00928487, 0.00751431, 0.00930116]), stop={'ftarget': 1e-11})
2 10
(4_w,8)-aCMA-ES (mu_w=2.6,w_1=52%) in dimension 4 (seed=718492, Sun Jun 13 19:25:32 2021)
Iterat #Fevals   function value  axis ratio  sigma  min&max std  t[m:s]
    1      8 3.528594970703125e-02 1.0e+00 1.57e+00  1e+00  2e+00 0:15.1
    2     16 7.400004069010413e-02 1.3e+00 1.41e+00  1e+00  1e+00 0:30.1
    3     24 2.461395263671875e-01 1.2e+00 1.19e+00  1e+00  1e+00 0:45.1
    4     32 1.648941040039062e-01 1.3e+00 1.09e+00  9e-01  1e+00 0:60.0
    5     40 8.169809977213538e-02 1.5e+00 8.74e-01  6e-01  8e-01 1:14.9
    6     48 9.693654378255212e-02 1.6e+00 8.54e-01  6e-01  8e-01 1:29.7
    7     56 9.678649902343750e-02 1.7e+00 7.23e-01  5e-01  7e-01 1:44.5
    8     64 1.411183675130212e-02 1.9e+00 6.52e-01  4e-01  7e-01 1:59.2
    9     72 8.687337239583370e-03 2.1e+00 5.70e-01  3e-01  6e-01 2:14.2
   10     80 3.585815429687500e-02 2.1e+00 5.33e-01  3e-01  5e-01 2:28.9
   11     88 6.450653076171875e-02 2.2e+00 4.94e-01  2e-01  5e-01 2:43.7
   12     96 2.623240152994788e-02 2.2e+00 3.99e-01  2e-01  4e-01 2:58.4
   13    104 3.903452555338538e-02 2.6e+00 3.51e-01  1e-01  3e-01 3:13.3
   14    112 1.950327555338538e-02 2.8e+00 3.63e-01  1e-01  4e-01 3:28.3
   15    120 1.244608561197913e-02 3.2e+00 3.20e-01  1e-01  3e-01 3:43.1
   17    136 5.343119303385380e-03 3.2e+00 2.74e-01  1e-01  2e-01 4:12.6
   19    152 1.373291015625000e-03 3.7e+00 3.06e-01  1e-01  3e-01 4:42.6
   21    168 7.273356119791297e-04 4.4e+00 2.27e-01  9e-02  2e-01 5:12.2
   23    184 6.230672200521203e-04 4.3e+00 1.73e-01  6e-02  2e-01 5:41.8
   25    200 1.958211263021203e-04 5.0e+00 1.57e-01  5e-02  1e-01 6:11.3
   27    216 4.831949869787966e-05 5.1e+00 1.30e-01  4e-02  1e-01 6:41.4
   29    232 1.042683919271203e-04 5.6e+00 1.03e-01  3e-02  1e-01 7:10.9
   31    248 6.103515625000000e-05 6.0e+00 8.23e-02  2e-02  7e-02 7:40.6
   33    264 2.288818359375000e-05 7.6e+00 5.83e-02  1e-02  5e-02 8:10.5
   35    280 2.543131510379659e-06 8.2e+00 5.07e-02  1e-02  4e-02 8:40.1
   37    296 5.086263020870341e-06 9.9e+00 5.07e-02  9e-03  5e-02 9:09.9
   38    304 0.000000000000000e+00 1.1e+01 4.61e-02  8e-03  5e-02 9:24.5
termination on ftarget=1e-11
final/bestever f-value = 0.000000e+00 0.000000e+00
incumbent solution: [4.61712002784126, 1.80136290258273, 5.806130775512586, 1.6597358153105242]
std deviation: [0.007537677232480732, 0.015283843108759578, 0.04684189904283868, 0.015597296614464429]
CMAEvolutionStrategyResult(xbest=array([4.61410645, 1.81044231, 5.83057394, 1.65271793]), fbest=0.0, evals_best=298, evaluations=304, iterations=38, xfavorite=array([4.61712003, 1.8013629 , 5.80613078, 1.65973582]), stds=array([0.00753768, 0.01528384, 0.0468419 , 0.0155973 ]), stop={'ftarget': 1e-11})
3 10
(4_w,8)-aCMA-ES (mu_w=2.6,w_1=52%) in dimension 4 (seed=739195, Sun Jun 13 19:34:56 2021)
Iterat #Fevals   function value  axis ratio  sigma  min&max std  t[m:s]
    1      8 4.048741658528646e-01 1.0e+00 1.59e+00  1e+00  2e+00 0:14.9
    2     16 3.724466959635416e-01 1.3e+00 1.65e+00  2e+00  2e+00 0:30.0
    3     24 3.868815104166666e-01 1.6e+00 1.84e+00  2e+00  2e+00 0:44.8
    4     32 2.121276855468750e-01 1.8e+00 1.61e+00  1e+00  2e+00 0:59.9
    5     40 1.101811726888021e-01 1.9e+00 1.44e+00  1e+00  1e+00 1:14.8
    6     48 2.182362874348959e-01 1.8e+00 1.20e+00  1e+00  1e+00 1:29.8
    7     56 1.442311604817709e-01 2.0e+00 1.12e+00  9e-01  1e+00 1:44.7
    8     64 3.059132893880212e-02 2.1e+00 9.59e-01  7e-01  9e-01 1:59.4
    9     72 6.053670247395837e-02 2.2e+00 9.77e-01  7e-01  9e-01 2:14.5
   10     80 1.167322794596354e-01 2.1e+00 1.11e+00  8e-01  1e+00 2:29.5
   11     88 2.113850911458337e-02 2.3e+00 1.36e+00  1e+00  1e+00 2:44.3
   12     96 4.323832194010413e-02 2.5e+00 1.40e+00  1e+00  1e+00 2:59.2
   13    104 1.794204711914062e-01 2.8e+00 1.18e+00  7e-01  1e+00 3:14.1
   14    112 9.767913818359375e-02 2.7e+00 1.07e+00  6e-01  1e+00 3:29.0
   15    120 1.531422932942709e-01 2.9e+00 1.06e+00  6e-01  1e+00 3:43.9
   17    136 1.955718994140625e-01 3.4e+00 1.14e+00  7e-01  1e+00 4:13.6
   19    152 1.079813639322916e-01 3.8e+00 1.25e+00  7e-01  1e+00 4:43.5
   21    168 7.754262288411462e-02 4.0e+00 1.22e+00  8e-01  1e+00 5:13.0
   23    184 6.153106689453125e-02 4.5e+00 9.07e-01  6e-01  7e-01 5:43.2
   25    200 1.312510172526038e-02 4.1e+00 6.99e-01  5e-01  5e-01 6:13.4
   27    216 4.408772786458337e-02 4.4e+00 4.63e-01  3e-01  3e-01 6:43.0
   29    232 3.720601399739620e-03 3.7e+00 3.88e-01  2e-01  2e-01 7:12.8
   31    248 1.070658365885380e-03 3.8e+00 2.87e-01  1e-01  2e-01 7:42.7
   33    264 1.782735188802120e-03 3.7e+00 2.29e-01  9e-02  1e-01 8:12.6
   35    280 3.280639648437500e-04 3.9e+00 1.63e-01  6e-02  8e-02 8:42.6
   37    296 2.822875976562500e-04 4.2e+00 1.62e-01  5e-02  9e-02 9:12.7
   39    312 5.111694335937500e-04 4.7e+00 1.49e-01  3e-02  8e-02 9:42.5
   41    328 5.340576171875000e-05 4.7e+00 1.04e-01  2e-02  5e-02 10:12.3
   43    344 3.051757812500000e-05 5.9e+00 7.86e-02  1e-02  4e-02 10:42.1
   45    360 2.034505208337034e-05 5.6e+00 5.75e-02  9e-03  3e-02 11:12.4
   48    384 2.543131510379659e-06 6.4e+00 4.33e-02  6e-03  2e-02 11:56.9
   51    408 0.000000000000000e+00 8.0e+00 3.79e-02  4e-03  2e-02 12:41.9
termination on ftarget=1e-11
final/bestever f-value = 0.000000e+00 0.000000e+00
incumbent solution: [8.742626902436252, -1.8996104380495547, 0.7998902605873929, 5.948426696632959]
std deviation: [0.01701860688494669, 0.004262072374351723, 0.019305728683615873, 0.005302723121393235]
CMAEvolutionStrategyResult(xbest=array([ 8.75322452, -1.89956584,  0.78740568,  5.94607801]), fbest=0.0, evals_best=408, evaluations=408, iterations=51, xfavorite=array([ 8.7426269 , -1.89961044,  0.79989026,  5.9484267 ]), stds=array([0.01701861, 0.00426207, 0.01930573, 0.00530272]), stop={'ftarget': 1e-11})
4 10
(4_w,8)-aCMA-ES (mu_w=2.6,w_1=52%) in dimension 4 (seed=764435, Sun Jun 13 19:47:38 2021)
Iterat #Fevals   function value  axis ratio  sigma  min&max std  t[m:s]
    1      8 3.531316121419271e-01 1.0e+00 1.45e+00  1e+00  1e+00 0:15.0
    2     16 4.908930460611979e-01 1.3e+00 1.41e+00  1e+00  1e+00 0:29.9
    3     24 2.309188842773438e-01 1.5e+00 1.30e+00  1e+00  1e+00 0:44.9
    4     32 4.617055257161462e-02 1.6e+00 1.49e+00  1e+00  2e+00 0:59.8
    5     40 4.549153645833337e-02 1.8e+00 1.99e+00  2e+00  2e+00 1:14.6
    6     48 4.170023600260416e-01 2.1e+00 1.66e+00  1e+00  2e+00 1:29.7
    7     56 1.240844726562500e-01 2.6e+00 1.53e+00  9e-01  2e+00 1:44.5
    8     64 1.961313883463541e-01 3.5e+00 1.27e+00  7e-01  2e+00 1:59.5
    9     72 1.080805460611979e-01 3.4e+00 1.12e+00  6e-01  1e+00 2:14.7
   10     80 5.453745524088538e-02 3.4e+00 9.42e-01  5e-01  1e+00 2:29.6
   11     88 8.300018310546875e-02 3.7e+00 7.80e-01  4e-01  9e-01 2:44.4
   12     96 3.279113769531250e-02 3.2e+00 7.00e-01  3e-01  8e-01 2:59.4
   13    104 1.377614339192712e-02 3.1e+00 6.51e-01  3e-01  7e-01 3:14.3
   14    112 2.199808756510413e-02 3.2e+00 6.39e-01  3e-01  8e-01 3:29.2
   15    120 3.805796305338538e-02 3.8e+00 5.23e-01  2e-01  6e-01 3:44.4
   17    136 5.976359049479130e-03 3.5e+00 3.79e-01  2e-01  3e-01 4:14.0
   19    152 2.810160319010380e-03 3.4e+00 2.71e-01  1e-01  2e-01 4:43.9
   21    168 3.534952799479130e-03 3.2e+00 2.61e-01  9e-02  2e-01 5:13.8
   23    184 1.831054687500000e-04 3.2e+00 2.14e-01  7e-02  2e-01 5:43.7
   25    200 1.322428385416297e-04 4.0e+00 1.64e-01  5e-02  1e-01 6:13.3
   27    216 4.069010416666297e-04 4.1e+00 1.23e-01  3e-02  1e-01 6:43.0
   29    232 3.560384114587034e-05 5.6e+00 9.79e-02  2e-02  8e-02 7:12.6
   31    248 1.195271809896203e-04 6.5e+00 7.96e-02  2e-02  7e-02 7:42.2
   33    264 9.155273437500000e-05 7.9e+00 5.83e-02  1e-02  4e-02 8:12.1
   35    280 4.577636718750000e-05 7.2e+00 5.11e-02  1e-02  4e-02 8:42.0
   37    296 2.543131510379659e-06 8.0e+00 3.88e-02  8e-03  3e-02 9:11.4
   39    312 0.000000000000000e+00 8.1e+00 3.07e-02  6e-03  2e-02 9:41.4
termination on ftarget=1e-11
final/bestever f-value = 0.000000e+00 0.000000e+00
incumbent solution: [3.5833437110219784, 4.354767407399104, 1.6029187922417465, 7.326959571794475]
std deviation: [0.012000293972674624, 0.006098850284847645, 0.009379405418803857, 0.018472557917140434]
CMAEvolutionStrategyResult(xbest=array([3.58087016, 4.35714672, 1.60618355, 7.32579535]), fbest=0.0, evals_best=308, evaluations=312, iterations=39, xfavorite=array([3.58334371, 4.35476741, 1.60291879, 7.32695957]), stds=array([0.01200029, 0.00609885, 0.00937941, 0.01847256]), stop={'ftarget': 1e-11})
5 10
(4_w,8)-aCMA-ES (mu_w=2.6,w_1=52%) in dimension 4 (seed=742352, Sun Jun 13 19:57:20 2021)
Iterat #Fevals   function value  axis ratio  sigma  min&max std  t[m:s]
    1      8 1.207987467447916e-01 1.0e+00 1.29e+00  1e+00  1e+00 0:14.8
    2     16 1.354344685872396e-01 1.3e+00 1.65e+00  1e+00  2e+00 0:29.8
    3     24 2.434463500976562e-01 2.0e+00 2.10e+00  2e+00  2e+00 0:44.8
    4     32 1.110229492187500e-01 1.8e+00 2.25e+00  2e+00  3e+00 0:59.7
    5     40 1.695734659830729e-01 2.1e+00 2.11e+00  1e+00  3e+00 1:14.6
    6     48 3.553110758463541e-01 2.3e+00 2.54e+00  2e+00  3e+00 1:29.6
    7     56 4.739379882812500e-02 2.9e+00 3.69e+00  2e+00  5e+00 1:44.4
    8     64 4.392903645833334e-01 3.2e+00 4.17e+00  3e+00  6e+00 1:59.3
    9     72 4.395167032877604e-01 3.2e+00 3.62e+00  2e+00  5e+00 2:14.4
   10     80 1.484146118164062e-01 3.1e+00 3.80e+00  2e+00  4e+00 2:29.0
   11     88 2.558924357096354e-01 2.7e+00 3.43e+00  2e+00  4e+00 2:43.8
   12     96 6.087773640950520e-01 2.9e+00 3.71e+00  2e+00  4e+00 2:58.8
   13    104 8.353678385416663e-02 2.7e+00 3.75e+00  2e+00  5e+00 3:13.8
   14    112 1.196873982747396e-01 2.7e+00 4.23e+00  2e+00  6e+00 3:28.6
   15    120 1.270294189453125e-01 3.2e+00 3.86e+00  2e+00  6e+00 3:43.4
   17    136 7.660929361979163e-02 3.8e+00 3.47e+00  1e+00  5e+00 4:13.3
   19    152 1.467819213867188e-01 3.5e+00 3.61e+00  1e+00  4e+00 4:43.1
   21    168 1.107966105143229e-01 3.3e+00 3.92e+00  1e+00  5e+00 5:12.8
   23    184 3.064804077148438e-01 4.1e+00 2.92e+00  1e+00  3e+00 5:42.8
   25    200 3.188527425130209e-01 4.8e+00 2.03e+00  6e-01  2e+00 6:12.9
   27    216 1.582946777343750e-01 4.4e+00 1.55e+00  4e-01  1e+00 6:42.8
   29    232 1.253890991210938e-01 4.3e+00 1.62e+00  5e-01  1e+00 7:12.3
   31    248 6.445312500000000e-02 4.9e+00 1.53e+00  5e-01  1e+00 7:43.0
   33    264 4.590352376302120e-03 5.2e+00 1.42e+00  4e-01  1e+00 8:12.9
   35    280 7.251485188802087e-02 3.9e+00 1.40e+00  4e-01  1e+00 8:42.6
   37    296 1.187667846679688e-01 4.3e+00 1.29e+00  4e-01  9e-01 9:12.7
   39    312 8.424377441406250e-02 4.9e+00 9.96e-01  3e-01  7e-01 9:42.6
   41    328 4.309082031250000e-02 5.5e+00 9.47e-01  3e-01  7e-01 10:12.6
   43    344 2.301279703776038e-02 5.7e+00 1.14e+00  4e-01  8e-01 10:42.2
   45    360 2.577463785807288e-02 6.2e+00 8.87e-01  2e-01  7e-01 11:11.9
   48    384 9.529113769531250e-03 8.6e+00 7.52e-01  1e-01  7e-01 11:56.6
   51    408 2.492268880208370e-03 8.3e+00 4.64e-01  8e-02  4e-01 12:41.3
   54    432 9.714762369791297e-04 9.4e+00 3.42e-01  5e-02  3e-01 13:25.8
   57    456 8.392333984375000e-05 8.8e+00 1.99e-01  3e-02  2e-01 14:10.8
   60    480 5.569458007812500e-04 8.8e+00 1.90e-01  2e-02  2e-01 14:55.5
   63    504 2.339680989583703e-04 9.5e+00 1.94e-01  2e-02  2e-01 15:40.2
   66    528 2.797444661462034e-05 1.5e+01 1.55e-01  1e-02  1e-01 16:25.6
   69    552 2.797444661462034e-05 1.4e+01 1.20e-01  1e-02  1e-01 17:10.4
   72    576 1.525878906250000e-05 1.9e+01 8.39e-02  6e-03  8e-02 17:55.1
   75    600 0.000000000000000e+00 2.0e+01 5.17e-02  4e-03  4e-02 18:40.3
termination on ftarget=1e-11
final/bestever f-value = 0.000000e+00 0.000000e+00
incumbent solution: [21.387778709512293, 11.838513929087863, -8.725643024653301, 0.27037512111053474]
std deviation: [0.04151619951526011, 0.004123684510404953, 0.029829880809149112, 0.003611976505414598]
CMAEvolutionStrategyResult(xbest=array([21.42523486, 11.84071868, -8.74948339,  0.26943052]), fbest=0.0, evals_best=595, evaluations=600, iterations=75, xfavorite=array([21.38777871, 11.83851393, -8.72564302,  0.27037512]), stds=array([0.0415162 , 0.00412368, 0.02982988, 0.00361198]), stop={'ftarget': 1e-11})
6 10
(4_w,8)-aCMA-ES (mu_w=2.6,w_1=52%) in dimension 4 (seed=720078, Sun Jun 13 20:16:00 2021)
Iterat #Fevals   function value  axis ratio  sigma  min&max std  t[m:s]
    1      8 3.964996337890625e-02 1.0e+00 1.63e+00  2e+00  2e+00 0:14.9
    2     16 1.408869425455729e-01 1.3e+00 1.51e+00  1e+00  2e+00 0:29.8
    3     24 3.426615397135413e-02 1.3e+00 1.32e+00  1e+00  1e+00 0:44.9
    4     32 1.206385294596354e-01 1.3e+00 1.12e+00  9e-01  1e+00 0:59.8
    5     40 1.635411580403646e-01 1.5e+00 1.12e+00  9e-01  1e+00 1:14.9
    6     48 2.272567749023438e-01 1.6e+00 1.11e+00  9e-01  1e+00 1:29.6
    7     56 4.543050130208337e-02 1.8e+00 1.05e+00  8e-01  1e+00 1:44.6
    8     64 6.081899007161462e-02 2.0e+00 1.38e+00  1e+00  1e+00 1:59.4
    9     72 3.355916341145837e-02 2.2e+00 1.86e+00  2e+00  2e+00 2:14.5
   10     80 3.759562174479166e-01 2.4e+00 2.35e+00  2e+00  2e+00 2:29.8
   11     88 1.445897420247396e-01 2.8e+00 2.72e+00  2e+00  3e+00 2:44.6
   12     96 9.086863199869788e-02 3.0e+00 2.60e+00  2e+00  2e+00 2:59.7
   13    104 3.394139607747396e-01 2.8e+00 2.68e+00  2e+00  3e+00 3:14.5
   14    112 5.645167032877605e-01 3.2e+00 2.31e+00  2e+00  2e+00 3:29.4
   15    120 2.022959391276041e-01 3.3e+00 2.06e+00  2e+00  2e+00 3:44.3
   17    136 2.886962890625000e-02 3.9e+00 1.73e+00  1e+00  2e+00 4:14.3
   19    152 4.903157552083337e-02 4.3e+00 1.43e+00  1e+00  1e+00 4:44.1
   21    168 8.669789632161462e-02 4.5e+00 1.08e+00  7e-01  8e-01 5:13.9
   23    184 4.776000976562500e-02 4.0e+00 1.23e+00  8e-01  1e+00 5:43.4
   25    200 2.170562744140625e-02 4.3e+00 1.09e+00  7e-01  9e-01 6:13.0
   27    216 4.401652018229163e-02 5.4e+00 7.63e-01  4e-01  6e-01 6:42.8
   29    232 1.282501220703125e-02 5.8e+00 8.33e-01  4e-01  7e-01 7:12.8
   31    248 1.303354899088538e-02 5.4e+00 7.24e-01  3e-01  6e-01 7:42.4
   33    264 1.276652018229130e-03 5.6e+00 5.31e-01  2e-01  4e-01 8:12.1
   35    280 8.900960286458703e-04 6.8e+00 4.37e-01  1e-01  3e-01 8:42.1
   37    296 2.588907877604130e-03 6.0e+00 3.89e-01  1e-01  3e-01 9:12.1
   39    312 3.051757812500000e-04 6.9e+00 3.64e-01  8e-02  3e-01 9:41.9
   41    328 1.327514648437500e-03 8.2e+00 2.71e-01  6e-02  2e-01 10:11.5
   43    344 1.932779947916297e-04 9.3e+00 1.88e-01  4e-02  1e-01 10:41.6
   45    360 2.797444661462034e-05 8.9e+00 1.34e-01  2e-02  8e-02 11:11.4
   48    384 2.543131510379659e-06 1.1e+01 1.08e-01  2e-02  7e-02 11:56.1
   51    408 2.543131510379659e-06 1.3e+01 6.71e-02  8e-03  4e-02 12:40.5
   54    432 2.543131510379659e-06 1.2e+01 6.09e-02  8e-03  4e-02 13:25.2
   55    440 0.000000000000000e+00 1.7e+01 5.29e-02  6e-03  4e-02 13:40.2
termination on ftarget=1e-11
final/bestever f-value = 0.000000e+00 0.000000e+00
incumbent solution: [1.2743283448104772, 3.8230867791643184, 3.6448493959981425, 2.8471504420599887]
std deviation: [0.006442205756988729, 0.03113502967528692, 0.03604988039829963, 0.020281893319177582]
CMAEvolutionStrategyResult(xbest=array([1.27457542, 3.80939067, 3.66225393, 2.85750993]), fbest=0.0, evals_best=439, evaluations=440, iterations=55, xfavorite=array([1.27432834, 3.82308678, 3.6448494 , 2.84715044]), stds=array([0.00644221, 0.03113503, 0.03604988, 0.02028189]), stop={'ftarget': 1e-11})
7 10
(4_w,8)-aCMA-ES (mu_w=2.6,w_1=52%) in dimension 4 (seed=763186, Sun Jun 13 20:29:40 2021)
Iterat #Fevals   function value  axis ratio  sigma  min&max std  t[m:s]
    1      8 1.079762776692709e-01 1.0e+00 1.70e+00  2e+00  2e+00 0:15.0
    2     16 8.412424723307288e-02 1.5e+00 2.09e+00  2e+00  3e+00 0:29.9
    3     24 2.976964314778646e-01 2.0e+00 1.73e+00  2e+00  2e+00 0:44.9
    4     32 2.057317097981771e-01 1.9e+00 2.21e+00  2e+00  3e+00 1:00.1
    5     40 1.654052734375000e-01 1.8e+00 2.27e+00  2e+00  3e+00 1:15.1
    6     48 2.275950113932291e-01 1.7e+00 1.87e+00  2e+00  2e+00 1:30.2
    7     56 1.556167602539062e-01 1.6e+00 1.64e+00  1e+00  2e+00 1:45.1
    8     64 2.306569417317709e-01 1.7e+00 1.64e+00  1e+00  2e+00 2:00.4
    9     72 2.510986328125000e-01 2.0e+00 1.77e+00  1e+00  2e+00 2:15.2
   10     80 2.361373901367188e-01 2.3e+00 1.88e+00  2e+00  2e+00 2:30.2
   11     88 2.754236857096354e-01 2.3e+00 2.06e+00  2e+00  3e+00 2:45.2
   12     96 1.519699096679688e-01 2.6e+00 2.03e+00  2e+00  2e+00 3:00.3
   13    104 2.400716145833337e-02 2.5e+00 2.65e+00  2e+00  3e+00 3:15.2
   14    112 1.789677937825521e-01 2.3e+00 2.31e+00  2e+00  3e+00 3:30.5
   15    120 2.148513793945312e-01 2.6e+00 2.21e+00  2e+00  3e+00 3:45.6
   16    128 3.324915568033854e-01 2.4e+00 2.03e+00  2e+00  3e+00 4:00.6
   18    144 1.994043986002604e-01 2.9e+00 1.67e+00  1e+00  2e+00 4:30.5
   20    160 1.152089436848959e-01 2.7e+00 1.03e+00  6e-01  1e+00 5:00.6
   22    176 1.663284301757812e-01 2.8e+00 8.19e-01  5e-01  7e-01 5:30.4
   24    192 3.287251790364587e-02 2.4e+00 8.15e-01  4e-01  7e-01 6:00.2
   26    208 2.094268798828125e-02 2.4e+00 7.09e-01  3e-01  6e-01 6:29.7
   28    224 9.819030761718750e-03 2.2e+00 5.49e-01  2e-01  5e-01 6:59.6
   30    240 1.541137695312500e-03 3.1e+00 4.60e-01  2e-01  4e-01 7:29.5
   32    256 6.446838378906250e-03 2.8e+00 5.02e-01  2e-01  4e-01 7:59.2
   34    272 4.885355631510380e-03 3.0e+00 4.29e-01  1e-01  3e-01 8:29.5
   36    288 1.185099283854130e-03 3.3e+00 3.32e-01  1e-01  2e-01 8:59.1
   38    304 7.120768229162966e-05 3.8e+00 2.75e-01  8e-02  2e-01 9:29.3
   40    320 7.603963216146203e-04 4.1e+00 2.21e-01  6e-02  1e-01 9:59.2
   42    336 2.339680989583703e-04 4.8e+00 1.65e-01  5e-02  1e-01 10:29.0
   44    352 2.619425455728797e-04 6.8e+00 1.49e-01  5e-02  9e-02 10:58.9
   47    376 2.288818359375000e-05 7.7e+00 1.07e-01  3e-02  6e-02 11:43.3
   50    400 3.814697265625000e-05 8.5e+00 7.68e-02  2e-02  4e-02 12:28.4
   53    424 1.525878906250000e-05 8.2e+00 4.92e-02  1e-02  2e-02 13:13.2
   56    448 0.000000000000000e+00 8.2e+00 3.50e-02  6e-03  1e-02 13:58.2
termination on ftarget=1e-11
final/bestever f-value = 0.000000e+00 0.000000e+00
incumbent solution: [1.026803223674136, 0.5826676562738972, 2.433145364396511, 2.069327212312913]
std deviation: [0.014503089291349604, 0.007804606862950703, 0.0071739978493216205, 0.006424282208605098]
CMAEvolutionStrategyResult(xbest=array([1.02447752, 0.57614067, 2.43679995, 2.07437629]), fbest=0.0, evals_best=447, evaluations=448, iterations=56, xfavorite=array([1.02680322, 0.58266766, 2.43314536, 2.06932721]), stds=array([0.01450309, 0.00780461, 0.007174  , 0.00642428]), stop={'ftarget': 1e-11})
8 10
(4_w,8)-aCMA-ES (mu_w=2.6,w_1=52%) in dimension 4 (seed=720577, Sun Jun 13 20:43:39 2021)
Iterat #Fevals   function value  axis ratio  sigma  min&max std  t[m:s]
    1      8 1.793162027994788e-02 1.0e+00 1.55e+00  1e+00  2e+00 0:14.8
    2     16 3.226369222005209e-01 1.2e+00 1.65e+00  2e+00  2e+00 0:30.2
    3     24 3.356145222981771e-01 1.3e+00 1.77e+00  1e+00  2e+00 0:44.9
    4     32 5.488001505533855e-01 1.4e+00 1.67e+00  1e+00  2e+00 0:59.9
    5     40 2.563349405924479e-01 1.6e+00 1.45e+00  1e+00  2e+00 1:15.0
    6     48 2.300287882486979e-01 1.7e+00 1.39e+00  1e+00  1e+00 1:29.8
    7     56 5.281575520833337e-02 1.6e+00 1.14e+00  8e-01  1e+00 1:44.6
    8     64 3.117879231770837e-02 1.7e+00 1.07e+00  8e-01  1e+00 1:59.4
    9     72 4.608408610026038e-02 1.8e+00 8.14e-01  6e-01  7e-01 2:14.5
   10     80 3.583272298177120e-03 1.8e+00 7.32e-01  4e-01  6e-01 2:29.2
   11     88 2.812703450520837e-02 2.1e+00 6.27e-01  4e-01  5e-01 2:44.2
   12     96 5.075073242187500e-02 2.0e+00 5.69e-01  3e-01  5e-01 2:59.3
   13    104 3.929138183593750e-03 1.9e+00 5.33e-01  3e-01  5e-01 3:14.0
   14    112 3.684997558593750e-03 2.2e+00 4.32e-01  2e-01  4e-01 3:28.9
   15    120 4.615783691406250e-03 2.4e+00 4.11e-01  2e-01  4e-01 3:43.7
   17    136 7.677714029947880e-03 3.3e+00 3.56e-01  2e-01  3e-01 4:13.4
   19    152 1.584370930989620e-03 3.3e+00 2.19e-01  1e-01  2e-01 4:43.2
   21    168 1.859029134114620e-03 3.4e+00 1.84e-01  7e-02  1e-01 5:13.1
   23    184 9.587605794271203e-04 3.9e+00 1.22e-01  4e-02  1e-01 5:43.3
   25    200 3.916422526041297e-04 3.9e+00 1.22e-01  4e-02  9e-02 6:13.2
   27    216 3.738403320312500e-04 3.9e+00 1.25e-01  4e-02  1e-01 6:42.8
   29    232 7.883707682287966e-05 5.2e+00 1.07e-01  3e-02  9e-02 7:12.8
   31    248 7.120768229162966e-05 5.0e+00 8.21e-02  2e-02  6e-02 7:42.5
   33    264 3.560384114587034e-05 5.6e+00 5.78e-02  1e-02  4e-02 8:12.5
   35    280 2.543131510379659e-06 6.7e+00 4.54e-02  9e-03  3e-02 8:43.0
   37    296 2.543131510379659e-06 7.8e+00 3.18e-02  6e-03  2e-02 9:12.7
   38    304 0.000000000000000e+00 7.0e+00 3.25e-02  6e-03  2e-02 9:27.5
termination on ftarget=1e-11
final/bestever f-value = 0.000000e+00 0.000000e+00
incumbent solution: [4.609288310104924, 7.02511712354122, 4.369973849822883, 2.2914531873284747]
std deviation: [0.021507978488838914, 0.0058050122981561265, 0.011510769312863985, 0.009295752206978565]
CMAEvolutionStrategyResult(xbest=array([4.6199332 , 7.02687407, 4.37516147, 2.28701072]), fbest=0.0, evals_best=303, evaluations=304, iterations=38, xfavorite=array([4.60928831, 7.02511712, 4.36997385, 2.29145319]), stds=array([0.02150798, 0.00580501, 0.01151077, 0.00929575]), stop={'ftarget': 1e-11})
9 10
(4_w,8)-aCMA-ES (mu_w=2.6,w_1=52%) in dimension 4 (seed=722461, Sun Jun 13 20:53:06 2021)
Iterat #Fevals   function value  axis ratio  sigma  min&max std  t[m:s]
    1      8 3.021723429361979e-01 1.0e+00 1.44e+00  1e+00  1e+00 0:15.2
    2     16 4.047597249348959e-01 1.2e+00 1.48e+00  1e+00  2e+00 0:30.0
    3     24 3.466593424479166e-01 1.3e+00 1.30e+00  1e+00  1e+00 0:45.0
    4     32 1.939824422200521e-01 1.5e+00 1.31e+00  1e+00  1e+00 1:00.0
    5     40 1.289393107096354e-01 1.4e+00 1.03e+00  7e-01  1e+00 1:15.2
    6     48 7.718404134114587e-02 1.6e+00 9.12e-01  6e-01  9e-01 1:30.0
    7     56 8.809153238932288e-02 1.6e+00 8.44e-01  5e-01  9e-01 1:45.0
    8     64 2.089691162109375e-02 1.7e+00 7.99e-01  5e-01  8e-01 1:60.0
    9     72 1.088307698567709e-01 1.8e+00 7.73e-01  4e-01  8e-01 2:15.1
   10     80 4.180908203125000e-02 2.0e+00 5.98e-01  3e-01  6e-01 2:30.0
   11     88 1.644643147786462e-02 2.3e+00 5.24e-01  2e-01  5e-01 2:44.9
   12     96 1.479339599609375e-02 2.7e+00 4.36e-01  2e-01  4e-01 2:59.7
   13    104 2.858479817708370e-03 2.8e+00 3.79e-01  1e-01  4e-01 3:14.6
   14    112 6.823221842447880e-03 3.0e+00 3.90e-01  2e-01  3e-01 3:29.5
   15    120 4.386901855468750e-03 2.4e+00 3.13e-01  1e-01  3e-01 3:44.5
   17    136 9.707132975260380e-03 2.7e+00 3.08e-01  1e-01  3e-01 4:14.1
   19    152 1.144409179687500e-03 2.9e+00 1.99e-01  7e-02  2e-01 4:44.1
   21    168 6.128946940103797e-04 3.0e+00 1.89e-01  5e-02  2e-01 5:13.9
   23    184 1.312255859375000e-03 4.4e+00 1.47e-01  4e-02  1e-01 5:43.8
   25    200 8.061726888021203e-04 4.2e+00 1.18e-01  3e-02  1e-01 6:13.9
   27    216 1.296997070312500e-04 5.0e+00 1.16e-01  2e-02  1e-01 6:43.8
   29    232 1.627604166666297e-04 4.8e+00 1.05e-01  2e-02  9e-02 7:13.4
   31    248 1.754760742187500e-04 4.9e+00 1.03e-01  2e-02  9e-02 7:42.9
   33    264 6.866455078125000e-05 6.0e+00 7.84e-02  1e-02  7e-02 8:12.7
   35    280 5.086263020870341e-06 6.4e+00 7.27e-02  1e-02  6e-02 8:42.2
   37    296 2.543131510412966e-05 8.2e+00 5.79e-02  1e-02  5e-02 9:11.5
   39    312 0.000000000000000e+00 9.4e+00 5.55e-02  9e-03  5e-02 9:41.3
termination on ftarget=1e-11
final/bestever f-value = 0.000000e+00 0.000000e+00
incumbent solution: [2.5147296906680845, -1.6351218804293572, 6.274545236182492, 5.191852066059639]
std deviation: [0.022354160354414156, 0.00957321356944685, 0.05108955324375336, 0.009121882121915845]
CMAEvolutionStrategyResult(xbest=array([ 2.50679876, -1.63516499,  6.28568173,  5.19348752]), fbest=0.0, evals_best=308, evaluations=312, iterations=39, xfavorite=array([ 2.51472969, -1.63512188,  6.27454524,  5.19185207]), stds=array([0.02235416, 0.00957321, 0.05108955, 0.00912188]), stop={'ftarget': 1e-11})
