0 10
(4_w,8)-aCMA-ES (mu_w=2.6,w_1=52%) in dimension 4 (seed=717789, Sun Jun 13 18:56:14 2021)
circuitVTD.py:316: DeprecationWarning: The QuantumCircuit.__add__() method is being deprecated.Use the compose() method which is more flexible w.r.t circuit register compatibility.
  TrotterFixStepList.append(TrotterFixStepList[-1] + U_trot)
/home/nfb1/.local/lib/python3.7/site-packages/qiskit/circuit/quantumcircuit.py:869: DeprecationWarning: The QuantumCircuit.combine() method is being deprecated. Use the compose() method which is more flexible w.r.t circuit register compatibility.
  return self.combine(rhs)
Iterat #Fevals   function value  axis ratio  sigma  min&max std  t[m:s]
    1      8 4.788411458333334e-01 1.0e+00 1.67e+00  2e+00  2e+00 0:04.9
    2     16 3.893229166666666e-01 1.4e+00 1.66e+00  2e+00  2e+00 0:09.7
    3     24 3.326822916666666e-01 1.5e+00 1.71e+00  2e+00  2e+00 0:14.6
    4     32 3.483072916666663e-02 1.7e+00 1.57e+00  1e+00  2e+00 0:19.4
    5     40 1.383463541666666e-01 2.0e+00 1.61e+00  1e+00  2e+00 0:24.3
    6     48 1.064453125000000e-01 2.5e+00 1.76e+00  1e+00  2e+00 0:29.6
    8     64 1.005859375000000e-01 3.4e+00 2.36e+00  2e+00  3e+00 0:39.3
   10     80 3.105468750000000e-01 3.2e+00 2.39e+00  2e+00  3e+00 0:49.0
   12     96 3.144531250000000e-01 2.8e+00 3.34e+00  3e+00  4e+00 0:58.7
   14    112 6.930338541666667e-01 3.4e+00 3.33e+00  2e+00  4e+00 1:08.5
   17    136 1.295572916666666e-01 3.7e+00 3.15e+00  2e+00  3e+00 1:23.6
   20    160 3.336588541666666e-01 4.1e+00 2.33e+00  2e+00  2e+00 1:38.3
   23    184 3.964843750000000e-01 4.3e+00 2.66e+00  2e+00  3e+00 1:53.2
   26    208 1.858723958333334e-01 6.2e+00 2.56e+00  2e+00  3e+00 2:08.1
   29    232 1.930338541666666e-01 6.8e+00 1.80e+00  1e+00  2e+00 2:22.8
   33    264 4.199218750000000e-02 6.9e+00 1.04e+00  6e-01  1e+00 2:42.4
   37    296 2.864583333333337e-02 5.7e+00 1.00e+00  4e-01  1e+00 3:02.4
   41    328 9.765625000000000e-04 6.4e+00 7.13e-01  3e-01  6e-01 3:22.3
   45    360 1.302083333333370e-03 8.0e+00 5.05e-01  2e-01  4e-01 3:41.9
   49    392 9.765625000000000e-04 9.9e+00 2.55e-01  8e-02  2e-01 4:01.4
   54    432 0.000000000000000e+00 8.9e+00 1.41e-01  4e-02  7e-02 4:25.4
termination on ftarget=1e-11
final/bestever f-value = 0.000000e+00 0.000000e+00
incumbent solution: [1.3659373754362931, 12.985834994095462, 1.2982263777920682, 7.911740285419242]
std deviation: [0.06728855433563073, 0.06765239391830483, 0.051948025861249414, 0.03959845427429504]
CMAEvolutionStrategyResult(xbest=array([ 1.34469579, 12.94521298,  1.33065661,  7.9435611 ]), fbest=0.0, evals_best=427, evaluations=432, iterations=54, xfavorite=array([ 1.36593738, 12.98583499,  1.29822638,  7.91174029]), stds=array([0.06728855, 0.06765239, 0.05194803, 0.03959845]), stop={'ftarget': 1e-11})
1 10
(4_w,8)-aCMA-ES (mu_w=2.6,w_1=52%) in dimension 4 (seed=713325, Sun Jun 13 19:00:39 2021)
Iterat #Fevals   function value  axis ratio  sigma  min&max std  t[m:s]
    1      8 9.537760416666663e-02 1.0e+00 1.55e+00  1e+00  2e+00 0:06.3
    2     16 3.528645833333334e-01 1.4e+00 1.77e+00  1e+00  2e+00 0:12.3
    3     24 8.626302083333337e-02 1.6e+00 1.86e+00  2e+00  2e+00 0:18.6
    4     32 1.005859375000000e-01 2.0e+00 2.00e+00  2e+00  3e+00 0:24.7
    5     40 1.627604166666666e-01 2.5e+00 1.91e+00  1e+00  3e+00 0:30.9
    6     48 2.154947916666666e-01 2.6e+00 2.12e+00  2e+00  4e+00 0:37.1
    8     64 1.308593750000000e-01 3.7e+00 1.57e+00  1e+00  3e+00 0:49.1
   10     80 2.571614583333337e-02 3.5e+00 1.23e+00  7e-01  2e+00 1:01.0
   12     96 4.752604166666663e-02 4.1e+00 1.00e+00  5e-01  1e+00 1:13.0
   14    112 3.417968750000000e-02 3.9e+00 1.03e+00  5e-01  1e+00 1:25.1
   16    128 2.506510416666663e-02 3.9e+00 7.37e-01  3e-01  9e-01 1:37.4
   18    144 1.953125000000000e-02 5.3e+00 8.26e-01  4e-01  1e+00 1:50.1
   21    168 1.106770833333337e-02 5.8e+00 6.26e-01  3e-01  7e-01 2:08.1
   24    192 2.180989583333337e-02 7.4e+00 1.02e+00  5e-01  1e+00 2:25.7
   27    216 2.343750000000000e-02 7.2e+00 7.99e-01  4e-01  8e-01 2:44.1
   30    240 1.236979166666663e-02 8.0e+00 5.71e-01  2e-01  5e-01 3:02.0
   33    264 3.906250000000000e-03 7.1e+00 4.16e-01  1e-01  3e-01 3:20.3
   35    280 0.000000000000000e+00 6.5e+00 3.00e-01  6e-02  2e-01 3:33.0
termination on ftarget=1e-11
final/bestever f-value = 0.000000e+00 0.000000e+00
incumbent solution: [15.128662919777197, 5.474220435831952, 4.289255226535657, 2.2870148872049842]
std deviation: [0.14691071579016907, 0.22680827373648857, 0.1903838028712946, 0.05970560231527396]
CMAEvolutionStrategyResult(xbest=array([15.15079318,  5.48389169,  4.28975567,  2.28896143]), fbest=0.0, evals_best=276, evaluations=280, iterations=35, xfavorite=array([15.12866292,  5.47422044,  4.28925523,  2.28701489]), stds=array([0.14691072, 0.22680827, 0.1903838 , 0.0597056 ]), stop={'ftarget': 1e-11})
2 10
(4_w,8)-aCMA-ES (mu_w=2.6,w_1=52%) in dimension 4 (seed=750535, Sun Jun 13 19:04:12 2021)
Iterat #Fevals   function value  axis ratio  sigma  min&max std  t[m:s]
    1      8 4.544270833333334e-01 1.0e+00 1.48e+00  1e+00  2e+00 0:05.9
    2     16 3.916015625000000e-01 1.3e+00 1.49e+00  1e+00  2e+00 0:11.9
    3     24 2.727864583333334e-01 1.6e+00 1.43e+00  1e+00  1e+00 0:18.2
    4     32 3.938802083333337e-02 1.9e+00 1.45e+00  1e+00  2e+00 0:24.1
    5     40 1.458333333333334e-01 2.1e+00 1.59e+00  1e+00  2e+00 0:29.9
    6     48 1.735026041666666e-01 1.9e+00 1.55e+00  1e+00  2e+00 0:36.2
    7     56 4.785156250000000e-02 1.8e+00 1.43e+00  1e+00  1e+00 0:42.4
    9     72 7.421875000000000e-02 1.9e+00 1.06e+00  7e-01  9e-01 0:55.3
   11     88 8.886718750000000e-02 2.0e+00 8.61e-01  5e-01  8e-01 1:07.4
   13    104 7.096354166666663e-02 2.3e+00 9.32e-01  5e-01  9e-01 1:19.3
   15    120 7.161458333333337e-02 2.1e+00 7.42e-01  4e-01  6e-01 1:31.6
   17    136 5.533854166666630e-03 1.9e+00 6.86e-01  3e-01  6e-01 1:44.0
   20    160 4.882812500000000e-03 2.9e+00 7.72e-01  3e-01  7e-01 2:01.7
   23    184 5.208333333333370e-03 3.4e+00 4.60e-01  1e-01  4e-01 2:19.4
   26    208 3.255208333333370e-03 4.3e+00 3.36e-01  1e-01  3e-01 2:37.6
   29    232 1.953125000000000e-03 4.7e+00 2.28e-01  6e-02  2e-01 2:55.9
   31    248 0.000000000000000e+00 4.3e+00 2.26e-01  6e-02  2e-01 3:08.1
termination on ftarget=1e-11
final/bestever f-value = 0.000000e+00 0.000000e+00
incumbent solution: [7.821227251775497, 4.523972272425612, 4.741025144364692, 4.3615371971014065]
std deviation: [0.07209274932253051, 0.05693117462229733, 0.1720574380144619, 0.07932329218108802]
CMAEvolutionStrategyResult(xbest=array([7.82824973, 4.55409444, 4.79603238, 4.35350576]), fbest=0.0, evals_best=242, evaluations=248, iterations=31, xfavorite=array([7.82122725, 4.52397227, 4.74102514, 4.3615372 ]), stds=array([0.07209275, 0.05693117, 0.17205744, 0.07932329]), stop={'ftarget': 1e-11})
3 10
(4_w,8)-aCMA-ES (mu_w=2.6,w_1=52%) in dimension 4 (seed=791863, Sun Jun 13 19:07:20 2021)
Iterat #Fevals   function value  axis ratio  sigma  min&max std  t[m:s]
    1      8 3.613281250000000e-02 1.0e+00 1.55e+00  1e+00  2e+00 0:06.1
    2     16 1.305338541666666e-01 1.4e+00 1.33e+00  1e+00  1e+00 0:12.5
    3     24 1.497395833333334e-01 1.6e+00 1.22e+00  9e-01  1e+00 0:18.7
    4     32 1.985677083333334e-01 1.6e+00 1.05e+00  7e-01  1e+00 0:24.6
    5     40 7.194010416666663e-02 1.5e+00 8.61e-01  6e-01  8e-01 0:31.1
    6     48 2.083333333333337e-02 1.5e+00 7.52e-01  5e-01  7e-01 0:37.2
    7     56 3.222656250000000e-02 1.6e+00 6.70e-01  4e-01  6e-01 0:43.3
    9     72 1.822916666666663e-02 1.8e+00 6.36e-01  3e-01  6e-01 0:55.6
   11     88 1.627604166666630e-03 1.7e+00 4.56e-01  2e-01  4e-01 1:07.5
   13    104 3.255208333333370e-03 1.8e+00 2.95e-01  1e-01  2e-01 1:19.6
   15    120 2.929687500000000e-03 1.9e+00 2.21e-01  1e-01  2e-01 1:31.5
   17    136 3.255208333333703e-04 1.9e+00 1.86e-01  8e-02  1e-01 1:43.9
   20    160 6.510416666666297e-04 2.2e+00 1.62e-01  6e-02  1e-01 2:01.5
   22    176 0.000000000000000e+00 2.6e+00 1.54e-01  5e-02  1e-01 2:14.0
termination on ftarget=1e-11
final/bestever f-value = 0.000000e+00 0.000000e+00
incumbent solution: [2.7065055926361246, -0.33175616632635, 3.511448736009256, 4.45038355967764]
std deviation: [0.126128401213366, 0.061244641977643656, 0.06572678518289445, 0.04649672454835786]
CMAEvolutionStrategyResult(xbest=array([ 2.80639526, -0.33621825,  3.54495157,  4.43677876]), fbest=0.0, evals_best=170, evaluations=176, iterations=22, xfavorite=array([ 2.70650559, -0.33175617,  3.51144874,  4.45038356]), stds=array([0.1261284 , 0.06124464, 0.06572679, 0.04649672]), stop={'ftarget': 1e-11})
4 10
(4_w,8)-aCMA-ES (mu_w=2.6,w_1=52%) in dimension 4 (seed=743324, Sun Jun 13 19:09:34 2021)
Iterat #Fevals   function value  axis ratio  sigma  min&max std  t[m:s]
    1      8 3.730468750000000e-01 1.0e+00 1.46e+00  1e+00  2e+00 0:06.1
    2     16 3.151041666666666e-01 1.2e+00 1.24e+00  1e+00  1e+00 0:12.0
    3     24 3.147786458333334e-01 1.4e+00 1.27e+00  1e+00  1e+00 0:18.2
    4     32 2.718098958333334e-01 1.7e+00 1.04e+00  9e-01  1e+00 0:24.1
    5     40 1.819661458333334e-01 1.9e+00 9.49e-01  8e-01  1e+00 0:30.1
    6     48 2.083333333333337e-02 2.3e+00 9.58e-01  8e-01  1e+00 0:36.2
    8     64 4.687500000000000e-02 3.0e+00 6.86e-01  5e-01  8e-01 0:48.4
   10     80 5.598958333333337e-02 2.2e+00 5.06e-01  3e-01  5e-01 1:00.8
   12     96 3.450520833333337e-02 2.0e+00 5.02e-01  3e-01  4e-01 1:12.9
   14    112 6.835937500000000e-03 2.2e+00 5.04e-01  3e-01  4e-01 1:25.1
   16    128 3.580729166666630e-03 2.1e+00 3.23e-01  2e-01  2e-01 1:37.2
   18    144 6.510416666666297e-04 2.1e+00 2.29e-01  1e-01  2e-01 1:49.4
   20    160 1.953125000000000e-03 2.2e+00 1.92e-01  1e-01  1e-01 2:01.5
   23    184 1.627604166666630e-03 3.0e+00 1.42e-01  6e-02  9e-02 2:19.7
   26    208 0.000000000000000e+00 3.2e+00 1.09e-01  4e-02  6e-02 2:38.7
termination on ftarget=1e-11
final/bestever f-value = 0.000000e+00 0.000000e+00
incumbent solution: [7.022720917692451, 2.882694623304519, 4.666801762184934, 7.748301270380992]
std deviation: [0.06046820582621139, 0.05221958798938515, 0.04049772595244772, 0.05833613135368082]
CMAEvolutionStrategyResult(xbest=array([7.01177885, 2.87619716, 4.66102134, 7.76276806]), fbest=0.0, evals_best=205, evaluations=208, iterations=26, xfavorite=array([7.02272092, 2.88269462, 4.66680176, 7.74830127]), stds=array([0.06046821, 0.05221959, 0.04049773, 0.05833613]), stop={'ftarget': 1e-11})
5 10
(4_w,8)-aCMA-ES (mu_w=2.6,w_1=52%) in dimension 4 (seed=712524, Sun Jun 13 19:12:13 2021)
Iterat #Fevals   function value  axis ratio  sigma  min&max std  t[m:s]
    1      8 1.074218750000000e-01 1.0e+00 1.75e+00  2e+00  2e+00 0:05.8
    2     16 1.113281250000000e-01 1.5e+00 1.92e+00  2e+00  2e+00 0:12.3
    3     24 1.826171875000000e-01 1.9e+00 1.92e+00  1e+00  2e+00 0:18.4
    4     32 1.331380208333334e-01 2.3e+00 1.84e+00  1e+00  3e+00 0:24.4
    5     40 3.782552083333334e-01 2.5e+00 1.73e+00  1e+00  3e+00 0:30.6
    6     48 2.867838541666666e-01 2.9e+00 1.55e+00  8e-01  2e+00 0:36.7
    7     56 2.825520833333334e-01 3.7e+00 1.46e+00  7e-01  2e+00 0:43.0
    9     72 7.356770833333337e-02 3.6e+00 1.35e+00  6e-01  2e+00 0:55.5
   11     88 1.028645833333334e-01 4.4e+00 9.96e-01  4e-01  1e+00 1:07.5
   13    104 1.399739583333334e-01 4.4e+00 8.29e-01  3e-01  9e-01 1:19.5
   15    120 1.526692708333334e-01 4.1e+00 6.68e-01  2e-01  8e-01 1:31.4
   17    136 3.580729166666663e-02 4.2e+00 7.97e-01  3e-01  9e-01 1:43.4
   19    152 3.548177083333337e-02 4.6e+00 8.33e-01  3e-01  8e-01 1:55.4
   22    176 7.486979166666630e-03 4.0e+00 5.85e-01  2e-01  5e-01 2:13.4
   25    200 6.835937500000000e-03 5.4e+00 4.92e-01  2e-01  4e-01 2:32.0
   28    224 3.255208333333370e-03 5.8e+00 3.76e-01  1e-01  3e-01 2:50.2
   31    248 1.627604166666630e-03 6.6e+00 2.37e-01  6e-02  2e-01 3:07.9
   34    272 0.000000000000000e+00 5.9e+00 1.72e-01  4e-02  1e-01 3:26.7
termination on ftarget=1e-11
final/bestever f-value = 0.000000e+00 0.000000e+00
incumbent solution: [5.41816878030737, 1.6910565871004386, 4.524670079395362, 4.730822780179303]
std deviation: [0.04237314932213114, 0.12362935286742602, 0.08522838037649147, 0.10605108555738747]
CMAEvolutionStrategyResult(xbest=array([5.43091382, 1.79208548, 4.44454541, 4.68210657]), fbest=0.0, evals_best=271, evaluations=272, iterations=34, xfavorite=array([5.41816878, 1.69105659, 4.52467008, 4.73082278]), stds=array([0.04237315, 0.12362935, 0.08522838, 0.10605109]), stop={'ftarget': 1e-11})
6 10
(4_w,8)-aCMA-ES (mu_w=2.6,w_1=52%) in dimension 4 (seed=716538, Sun Jun 13 19:15:40 2021)
Iterat #Fevals   function value  axis ratio  sigma  min&max std  t[m:s]
    1      8 3.421223958333334e-01 1.0e+00 1.86e+00  2e+00  2e+00 0:06.0
    2     16 2.369791666666666e-01 1.4e+00 2.12e+00  2e+00  3e+00 0:12.0
    3     24 3.636067708333334e-01 1.7e+00 2.31e+00  2e+00  3e+00 0:18.1
    4     32 2.226562500000000e-01 2.2e+00 2.58e+00  3e+00  3e+00 0:23.9
    5     40 2.259114583333334e-01 2.0e+00 3.18e+00  3e+00  4e+00 0:30.2
    6     48 2.975260416666666e-01 2.3e+00 3.35e+00  4e+00  4e+00 0:36.5
    7     56 1.217447916666666e-01 2.1e+00 3.10e+00  3e+00  4e+00 0:42.6
    9     72 5.501302083333337e-02 1.7e+00 3.41e+00  3e+00  4e+00 0:54.5
   11     88 3.089192708333334e-01 1.7e+00 3.91e+00  4e+00  5e+00 1:06.4
   13    104 1.425781250000000e-01 2.2e+00 4.82e+00  4e+00  7e+00 1:18.9
   15    120 1.123046875000000e-01 2.3e+00 4.64e+00  3e+00  8e+00 1:31.1
   17    136 4.007161458333334e-01 3.3e+00 4.33e+00  3e+00  8e+00 1:43.3
   20    160 6.272786458333333e-01 3.3e+00 4.42e+00  3e+00  7e+00 2:01.2
   23    184 5.813802083333333e-01 3.7e+00 5.22e+00  3e+00  8e+00 2:20.1
   26    208 3.922526041666666e-01 4.0e+00 4.33e+00  2e+00  6e+00 2:38.5
   29    232 2.623697916666666e-01 3.5e+00 5.55e+00  3e+00  8e+00 2:56.8
   32    256 4.694010416666666e-01 3.2e+00 5.41e+00  3e+00  7e+00 3:15.2
   35    280 2.327473958333334e-01 3.6e+00 4.29e+00  2e+00  5e+00 3:34.1
   39    312 3.059895833333337e-02 4.2e+00 3.86e+00  2e+00  5e+00 3:58.4
   43    344 3.304036458333334e-01 7.1e+00 4.10e+00  1e+00  7e+00 4:22.8
   47    376 4.843750000000000e-01 7.0e+00 4.66e+00  2e+00  7e+00 4:47.4
   51    408 1.487630208333334e-01 1.0e+01 2.76e+00  9e-01  5e+00 5:11.8
   55    440 2.171223958333334e-01 1.0e+01 2.32e+00  6e-01  4e+00 5:36.2
   59    472 1.640625000000000e-01 1.1e+01 1.59e+00  4e-01  2e+00 6:00.6
   63    504 4.427083333333337e-02 9.5e+00 1.32e+00  3e-01  1e+00 6:25.0
   68    544 3.971354166666663e-02 7.7e+00 7.87e-01  1e-01  5e-01 6:56.0
   73    584 1.953125000000000e-03 4.9e+00 4.65e-01  7e-02  2e-01 7:26.1
   78    624 3.255208333333370e-03 4.6e+00 3.18e-01  4e-02  1e-01 7:56.3
   82    656 0.000000000000000e+00 3.2e+00 3.04e-01  4e-02  8e-02 8:20.0
termination on ftarget=1e-11
final/bestever f-value = 0.000000e+00 0.000000e+00
incumbent solution: [-4.947135945385104, 3.337636913321305, 4.30037808845832, -2.9085006157866204]
std deviation: [0.047768617961429755, 0.0816443956884105, 0.04400645735765447, 0.08457666389367564]
CMAEvolutionStrategyResult(xbest=array([-4.93090835,  3.34554365,  4.29547182, -2.91853769]), fbest=0.0, evals_best=651, evaluations=656, iterations=82, xfavorite=array([-4.94713595,  3.33763691,  4.30037809, -2.90850062]), stds=array([0.04776862, 0.0816444 , 0.04400646, 0.08457666]), stop={'ftarget': 1e-11})
7 10
(4_w,8)-aCMA-ES (mu_w=2.6,w_1=52%) in dimension 4 (seed=685151, Sun Jun 13 19:24:00 2021)
Iterat #Fevals   function value  axis ratio  sigma  min&max std  t[m:s]
    1      8 8.398437500000000e-02 1.0e+00 1.41e+00  1e+00  1e+00 0:06.4
    2     16 1.725260416666666e-01 1.3e+00 1.22e+00  1e+00  1e+00 0:12.4
    3     24 2.018229166666663e-02 1.4e+00 1.24e+00  1e+00  1e+00 0:18.4
    4     32 5.208333333333337e-02 1.6e+00 1.17e+00  1e+00  1e+00 0:24.3
    5     40 7.714843750000000e-02 1.8e+00 1.18e+00  1e+00  1e+00 0:30.7
    6     48 5.208333333333370e-03 2.4e+00 1.26e+00  1e+00  2e+00 0:37.0
    8     64 6.673177083333337e-02 2.9e+00 1.26e+00  1e+00  1e+00 0:49.1
   10     80 8.430989583333337e-02 3.3e+00 1.10e+00  7e-01  1e+00 1:01.4
   12     96 8.138020833333370e-03 3.1e+00 7.72e-01  4e-01  9e-01 1:13.4
   14    112 3.710937500000000e-02 3.0e+00 8.24e-01  4e-01  1e+00 1:25.5
   16    128 8.463541666666630e-03 4.7e+00 6.52e-01  3e-01  7e-01 1:37.8
   18    144 7.486979166666630e-03 5.4e+00 6.72e-01  3e-01  8e-01 1:49.8
   21    168 4.557291666666630e-03 4.9e+00 4.81e-01  2e-01  5e-01 2:07.6
   24    192 0.000000000000000e+00 5.8e+00 3.48e-01  1e-01  4e-01 2:25.7
termination on ftarget=1e-11
final/bestever f-value = 0.000000e+00 0.000000e+00
incumbent solution: [2.4762068947760487, 2.5227311863085045, 0.35129169649322645, 8.051451471374008]
std deviation: [0.1074787971936074, 0.2316767320329518, 0.2576957480797793, 0.3808936087248494]
CMAEvolutionStrategyResult(xbest=array([2.47489363, 2.47727648, 0.39995211, 8.20771344]), fbest=0.0, evals_best=192, evaluations=192, iterations=24, xfavorite=array([2.47620689, 2.52273119, 0.3512917 , 8.05145147]), stds=array([0.1074788 , 0.23167673, 0.25769575, 0.38089361]), stop={'ftarget': 1e-11})
8 10
(4_w,8)-aCMA-ES (mu_w=2.6,w_1=52%) in dimension 4 (seed=722318, Sun Jun 13 19:26:26 2021)
Iterat #Fevals   function value  axis ratio  sigma  min&max std  t[m:s]
    1      8 2.630208333333334e-01 1.0e+00 1.37e+00  1e+00  1e+00 0:05.9
    2     16 5.719401041666667e-01 1.2e+00 1.43e+00  1e+00  2e+00 0:11.8
    3     24 3.043619791666666e-01 1.5e+00 1.49e+00  1e+00  2e+00 0:18.0
    4     32 1.796875000000000e-01 1.8e+00 1.38e+00  1e+00  2e+00 0:23.8
    5     40 1.412760416666666e-01 1.8e+00 1.28e+00  1e+00  2e+00 0:29.9
    6     48 1.217447916666666e-01 2.0e+00 1.22e+00  9e-01  2e+00 0:36.0
    7     56 1.526692708333334e-01 2.0e+00 1.04e+00  8e-01  1e+00 0:42.0
    9     72 6.542968750000000e-02 2.1e+00 6.90e-01  4e-01  8e-01 0:54.0
   11     88 4.687500000000000e-02 2.8e+00 6.47e-01  4e-01  7e-01 1:06.0
   13    104 7.161458333333370e-03 2.7e+00 5.17e-01  3e-01  5e-01 1:17.9
   15    120 8.138020833333370e-03 2.8e+00 4.34e-01  2e-01  4e-01 1:30.3
   17    136 7.812500000000000e-03 3.2e+00 4.18e-01  2e-01  4e-01 1:42.2
   20    160 0.000000000000000e+00 3.5e+00 2.84e-01  1e-01  3e-01 2:00.1
termination on ftarget=1e-11
final/bestever f-value = 0.000000e+00 0.000000e+00
incumbent solution: [2.1816344672551113, 3.2930340946477337, 2.2753698289027944, 5.089596977948881]
std deviation: [0.12200409904554096, 0.12495198459291923, 0.20092029140900808, 0.2530461419932562]
CMAEvolutionStrategyResult(xbest=array([2.16739375, 3.28144633, 2.27856939, 5.05028277]), fbest=0.0, evals_best=155, evaluations=160, iterations=20, xfavorite=array([2.18163447, 3.29303409, 2.27536983, 5.08959698]), stds=array([0.1220041 , 0.12495198, 0.20092029, 0.25304614]), stop={'ftarget': 1e-11})
9 10
(4_w,8)-aCMA-ES (mu_w=2.6,w_1=52%) in dimension 4 (seed=747051, Sun Jun 13 19:28:26 2021)
Iterat #Fevals   function value  axis ratio  sigma  min&max std  t[m:s]
    1      8 1.806640625000000e-01 1.0e+00 1.75e+00  2e+00  2e+00 0:05.8
    2     16 2.763671875000000e-01 1.5e+00 1.86e+00  2e+00  2e+00 0:12.0
    3     24 1.930338541666666e-01 1.6e+00 2.01e+00  2e+00  3e+00 0:17.9
    4     32 3.681640625000000e-01 1.9e+00 2.23e+00  2e+00  3e+00 0:24.1
    5     40 2.636718750000000e-01 2.1e+00 1.81e+00  2e+00  2e+00 0:30.2
    6     48 3.326822916666666e-01 2.2e+00 1.75e+00  1e+00  2e+00 0:36.0
    7     56 2.444661458333334e-01 2.0e+00 1.92e+00  2e+00  2e+00 0:42.2
    9     72 6.608072916666663e-02 2.5e+00 1.86e+00  1e+00  2e+00 0:54.3
   11     88 2.753906250000000e-01 2.5e+00 1.54e+00  1e+00  2e+00 1:07.0
   13    104 1.774088541666666e-01 2.4e+00 1.52e+00  9e-01  2e+00 1:19.2
   15    120 1.119791666666666e-01 2.5e+00 1.49e+00  8e-01  1e+00 1:31.3
   17    136 2.190755208333334e-01 2.8e+00 1.53e+00  1e+00  1e+00 1:43.5
   19    152 1.171875000000000e-02 3.3e+00 1.54e+00  1e+00  2e+00 1:55.6
   22    176 1.331380208333334e-01 3.7e+00 9.93e-01  5e-01  1e+00 2:13.6
   25    200 3.385416666666663e-02 4.2e+00 8.32e-01  4e-01  9e-01 2:31.7
   28    224 2.115885416666663e-02 5.5e+00 5.63e-01  2e-01  6e-01 2:49.8
   31    248 1.302083333333370e-03 5.4e+00 4.22e-01  1e-01  4e-01 3:08.0
   33    264 0.000000000000000e+00 5.6e+00 3.93e-01  1e-01  5e-01 3:20.1
termination on ftarget=1e-11
final/bestever f-value = 0.000000e+00 0.000000e+00
incumbent solution: [-3.410069185402414, -1.3129028808347474, -1.7447148065614506, 11.188265203406482]
std deviation: [0.1355927652299261, 0.13408911794069842, 0.5255219055305179, 0.14070710889737037]
CMAEvolutionStrategyResult(xbest=array([-3.3985173 , -1.28994252, -1.77402488, 11.18500854]), fbest=0.0, evals_best=258, evaluations=264, iterations=33, xfavorite=array([-3.41006919, -1.31290288, -1.74471481, 11.1882652 ]), stds=array([0.13559277, 0.13408912, 0.52552191, 0.14070711]), stop={'ftarget': 1e-11})
