0 10
(4_w,8)-aCMA-ES (mu_w=2.6,w_1=52%) in dimension 4 (seed=709838, Sun Jun 13 18:56:57 2021)
circuitVTD.py:316: DeprecationWarning: The QuantumCircuit.__add__() method is being deprecated.Use the compose() method which is more flexible w.r.t circuit register compatibility.
  TrotterFixStepList.append(TrotterFixStepList[-1] + U_trot)
/home/nfb1/.local/lib/python3.7/site-packages/qiskit/circuit/quantumcircuit.py:869: DeprecationWarning: The QuantumCircuit.combine() method is being deprecated. Use the compose() method which is more flexible w.r.t circuit register compatibility.
  return self.combine(rhs)
Iterat #Fevals   function value  axis ratio  sigma  min&max std  t[m:s]
    1      8 2.684529622395834e-01 1.0e+00 1.84e+00  2e+00  2e+00 0:05.8
    2     16 3.152262369791666e-01 1.5e+00 2.05e+00  2e+00  3e+00 0:11.6
    3     24 4.081624348958334e-01 1.7e+00 1.93e+00  2e+00  2e+00 0:17.3
    4     32 9.238688151041663e-02 1.8e+00 1.71e+00  1e+00  2e+00 0:23.2
    5     40 1.357014973958334e-01 2.0e+00 1.50e+00  1e+00  2e+00 0:29.1
    6     48 9.718831380208337e-02 2.4e+00 1.26e+00  9e-01  1e+00 0:35.2
    8     64 3.221028645833334e-01 2.9e+00 9.79e-01  7e-01  1e+00 0:46.9
   10     80 3.436279296875000e-02 2.5e+00 9.16e-01  5e-01  9e-01 0:59.0
   12     96 3.745524088541663e-02 2.5e+00 7.33e-01  4e-01  7e-01 1:10.8
   14    112 3.002929687500000e-02 2.4e+00 6.44e-01  3e-01  5e-01 1:22.5
   16    128 3.100585937500000e-02 2.3e+00 5.48e-01  3e-01  4e-01 1:34.5
   18    144 2.563476562500000e-03 2.2e+00 5.24e-01  2e-01  3e-01 1:46.1
   21    168 5.004882812500000e-03 2.4e+00 4.05e-01  2e-01  3e-01 2:03.3
   24    192 4.170735677083370e-03 4.0e+00 3.74e-01  1e-01  3e-01 2:20.8
   27    216 3.072102864583370e-03 4.0e+00 2.69e-01  7e-02  2e-01 2:38.3
   30    240 3.051757812500000e-04 4.9e+00 2.72e-01  6e-02  2e-01 2:56.2
   33    264 6.510416666666297e-04 5.5e+00 2.35e-01  5e-02  2e-01 3:14.7
   36    288 1.322428385416630e-03 6.7e+00 2.10e-01  4e-02  2e-01 3:32.6
   40    320 6.103515625000000e-05 7.9e+00 1.46e-01  2e-02  1e-01 3:56.0
   44    352 1.017252604166297e-04 8.6e+00 1.31e-01  2e-02  9e-02 4:20.1
   46    368 0.000000000000000e+00 8.4e+00 1.02e-01  1e-02  6e-02 4:32.0
termination on ftarget=1e-11
final/bestever f-value = 0.000000e+00 0.000000e+00
incumbent solution: [2.466390542881593, -0.34933039036469027, 1.9628766698727051, 1.870263794866725]
std deviation: [0.061734568940359884, 0.03436748312485875, 0.03939052548667865, 0.01280768555986485]
CMAEvolutionStrategyResult(xbest=array([ 2.5609341 , -0.29607917,  1.90350193,  1.85925271]), fbest=0.0, evals_best=364, evaluations=368, iterations=46, xfavorite=array([ 2.46639054, -0.34933039,  1.96287667,  1.87026379]), stds=array([0.06173457, 0.03436748, 0.03939053, 0.01280769]), stop={'ftarget': 1e-11})
1 10
(4_w,8)-aCMA-ES (mu_w=2.6,w_1=52%) in dimension 4 (seed=746560, Sun Jun 13 19:01:29 2021)
Iterat #Fevals   function value  axis ratio  sigma  min&max std  t[m:s]
    1      8 1.794433593750000e-01 1.0e+00 1.49e+00  1e+00  2e+00 0:06.8
    2     16 5.159098307291667e-01 1.3e+00 1.44e+00  1e+00  1e+00 0:13.6
    3     24 1.523640950520834e-01 1.3e+00 1.52e+00  1e+00  2e+00 0:21.0
    4     32 1.457112630208334e-01 1.6e+00 1.44e+00  1e+00  1e+00 0:27.8
    5     40 1.419270833333334e-01 1.6e+00 1.29e+00  1e+00  1e+00 0:35.0
    6     48 2.739664713541666e-01 1.9e+00 1.24e+00  1e+00  1e+00 0:41.9
    7     56 1.186523437500000e-01 1.9e+00 1.23e+00  1e+00  1e+00 0:49.1
    9     72 8.219401041666663e-02 1.8e+00 9.59e-01  7e-01  8e-01 1:03.0
   11     88 6.311035156250000e-02 1.9e+00 1.19e+00  8e-01  1e+00 1:16.8
   13    104 9.596761067708337e-02 2.4e+00 1.50e+00  9e-01  2e+00 1:31.6
   15    120 1.616617838541666e-01 3.4e+00 2.79e+00  2e+00  5e+00 1:45.3
   17    136 8.605957031250000e-03 3.9e+00 2.56e+00  1e+00  4e+00 1:59.4
   19    152 5.857340494791663e-02 4.1e+00 1.83e+00  9e-01  3e+00 2:13.4
   21    168 4.276529947916663e-02 5.8e+00 2.05e+00  9e-01  4e+00 2:27.4
   24    192 6.481933593750000e-02 5.6e+00 1.77e+00  8e-01  3e+00 2:48.3
   27    216 2.486165364583337e-02 7.2e+00 1.53e+00  6e-01  3e+00 3:09.8
   30    240 4.276529947916663e-02 7.3e+00 9.76e-01  4e-01  2e+00 3:30.6
   33    264 8.809407552083370e-03 8.4e+00 7.36e-01  3e-01  1e+00 3:51.7
   36    288 1.310221354166663e-02 8.4e+00 5.63e-01  2e-01  7e-01 4:13.0
   39    312 1.092529296875000e-02 8.9e+00 4.19e-01  1e-01  5e-01 4:33.9
   42    336 5.981445312500000e-03 1.4e+01 4.35e-01  1e-01  6e-01 4:54.7
   45    360 5.655924479166630e-03 1.5e+01 4.35e-01  1e-01  5e-01 5:16.0
   49    392 1.912434895833370e-03 1.1e+01 4.99e-01  1e-01  5e-01 5:44.0
   53    424 2.034505208333370e-03 1.4e+01 3.19e-01  7e-02  3e-01 6:12.4
   57    456 3.865559895833703e-04 1.2e+01 3.65e-01  9e-02  2e-01 6:41.1
   61    488 1.831054687500000e-04 1.3e+01 2.53e-01  6e-02  1e-01 7:09.1
   65    520 4.069010416662966e-05 1.8e+01 1.92e-01  4e-02  1e-01 7:37.1
   69    552 2.034505208337034e-05 1.3e+01 2.27e-01  4e-02  1e-01 8:05.4
   71    568 0.000000000000000e+00 1.2e+01 1.92e-01  3e-02  7e-02 8:19.4
termination on ftarget=1e-11
final/bestever f-value = 0.000000e+00 0.000000e+00
incumbent solution: [1.5422326989608504, 1.679167825098632, 8.448780880324067, 13.501777656800966]
std deviation: [0.06418078991393088, 0.03269290342326613, 0.04773479616728094, 0.07289206068537411]
CMAEvolutionStrategyResult(xbest=array([ 1.5258099 ,  1.67828825,  8.46318257, 13.48670814]), fbest=0.0, evals_best=567, evaluations=568, iterations=71, xfavorite=array([ 1.5422327 ,  1.67916783,  8.44878088, 13.50177766]), stds=array([0.06418079, 0.0326929 , 0.0477348 , 0.07289206]), stop={'ftarget': 1e-11})
2 10
(4_w,8)-aCMA-ES (mu_w=2.6,w_1=52%) in dimension 4 (seed=710175, Sun Jun 13 19:09:49 2021)
Iterat #Fevals   function value  axis ratio  sigma  min&max std  t[m:s]
    1      8 3.884073893229166e-01 1.0e+00 1.34e+00  1e+00  1e+00 0:07.0
    2     16 4.597371419270834e-01 1.4e+00 1.09e+00  9e-01  1e+00 0:14.3
    3     24 6.707763671875000e-02 1.4e+00 1.08e+00  9e-01  1e+00 0:21.1
    4     32 3.306070963541663e-02 1.6e+00 1.08e+00  9e-01  1e+00 0:28.2
    5     40 1.951090494791666e-01 1.6e+00 1.23e+00  1e+00  1e+00 0:35.3
    6     48 2.428181966145834e-01 1.6e+00 1.07e+00  8e-01  1e+00 0:42.5
    7     56 3.576660156250000e-02 1.8e+00 8.45e-01  6e-01  8e-01 0:49.7
    8     64 1.056925455729166e-01 2.0e+00 6.63e-01  4e-01  6e-01 0:56.8
   10     80 3.065999348958337e-02 2.1e+00 6.29e-01  4e-01  5e-01 1:11.3
   12     96 2.652994791666663e-02 2.1e+00 4.81e-01  3e-01  4e-01 1:25.7
   14    112 5.251057942708337e-02 2.0e+00 5.28e-01  3e-01  4e-01 1:39.4
   16    128 4.069010416666630e-03 2.3e+00 4.99e-01  2e-01  4e-01 1:53.5
   18    144 1.118977864583370e-03 2.1e+00 3.61e-01  2e-01  3e-01 2:07.4
   20    160 5.411783854166630e-03 2.4e+00 2.60e-01  1e-01  2e-01 2:21.6
   22    176 2.217610677083370e-03 2.7e+00 1.85e-01  6e-02  1e-01 2:35.7
   25    200 1.220703125000000e-03 3.2e+00 1.34e-01  4e-02  1e-01 2:57.3
   28    224 1.424153645833703e-04 4.0e+00 1.44e-01  4e-02  1e-01 3:19.3
   31    248 1.424153645833703e-04 3.5e+00 1.07e-01  2e-02  8e-02 3:40.6
   33    264 0.000000000000000e+00 4.5e+00 7.47e-02  1e-02  5e-02 3:55.4
termination on ftarget=1e-11
final/bestever f-value = 0.000000e+00 0.000000e+00
incumbent solution: [1.8013942250660941, 4.605213105927757, 5.831253347658829, 4.01700898923428]
std deviation: [0.021168208687251135, 0.014519702166390511, 0.04994449070602469, 0.021660725775980286]
CMAEvolutionStrategyResult(xbest=array([1.79871435, 4.61240129, 5.80669612, 4.01790403]), fbest=0.0, evals_best=257, evaluations=264, iterations=33, xfavorite=array([1.80139423, 4.60521311, 5.83125335, 4.01700899]), stds=array([0.02116821, 0.0145197 , 0.04994449, 0.02166073]), stop={'ftarget': 1e-11})
3 10
(4_w,8)-aCMA-ES (mu_w=2.6,w_1=52%) in dimension 4 (seed=710432, Sun Jun 13 19:13:44 2021)
Iterat #Fevals   function value  axis ratio  sigma  min&max std  t[m:s]
    1      8 1.280924479166666e-01 1.0e+00 1.44e+00  1e+00  1e+00 0:07.2
    2     16 1.760864257812500e-01 1.2e+00 1.31e+00  1e+00  1e+00 0:14.2
    3     24 4.507039388020834e-01 1.3e+00 1.17e+00  9e-01  1e+00 0:22.3
    4     32 6.319173177083337e-02 1.3e+00 1.04e+00  8e-01  1e+00 0:29.6
    5     40 2.015380859375000e-01 1.4e+00 8.59e-01  7e-01  8e-01 0:36.8
    6     48 9.187825520833337e-02 1.5e+00 8.37e-01  6e-01  8e-01 0:44.2
    7     56 2.407226562500000e-01 1.7e+00 8.00e-01  6e-01  8e-01 0:51.4
    8     64 1.391194661458334e-01 2.1e+00 6.87e-01  5e-01  6e-01 0:58.7
   10     80 4.803466796875000e-02 2.4e+00 6.88e-01  4e-01  8e-01 1:12.7
   12     96 3.279622395833337e-02 2.7e+00 6.35e-01  4e-01  6e-01 1:26.5
   14    112 3.658040364583337e-02 3.0e+00 4.63e-01  2e-01  4e-01 1:40.5
   16    128 2.081298828125000e-02 2.6e+00 3.69e-01  2e-01  3e-01 1:54.4
   18    144 6.612141927083370e-03 2.7e+00 2.62e-01  1e-01  2e-01 2:08.8
   20    160 7.324218750000000e-04 2.6e+00 2.07e-01  1e-01  1e-01 2:23.5
   22    176 4.069010416666297e-04 2.8e+00 1.87e-01  8e-02  1e-01 2:38.1
   25    200 7.120768229166297e-04 3.6e+00 1.38e-01  5e-02  1e-01 3:00.0
   28    224 8.544921875000000e-04 4.1e+00 1.08e-01  3e-02  8e-02 3:21.6
   31    248 3.865559895833703e-04 5.0e+00 1.22e-01  3e-02  1e-01 3:44.2
   34    272 8.138020833337034e-05 6.2e+00 1.01e-01  3e-02  8e-02 4:05.5
   36    288 0.000000000000000e+00 6.4e+00 8.38e-02  2e-02  6e-02 4:19.8
termination on ftarget=1e-11
final/bestever f-value = 0.000000e+00 0.000000e+00
incumbent solution: [2.9222190874698883, 4.358348016353568, 6.559867463417912, -0.3849947370437196]
std deviation: [0.050037489650721814, 0.0181725632953035, 0.0646049368163076, 0.022886792056252023]
CMAEvolutionStrategyResult(xbest=array([ 2.9236265 ,  4.35896722,  6.55841485, -0.37869383]), fbest=0.0, evals_best=281, evaluations=288, iterations=36, xfavorite=array([ 2.92221909,  4.35834802,  6.55986746, -0.38499474]), stds=array([0.05003749, 0.01817256, 0.06460494, 0.02288679]), stop={'ftarget': 1e-11})
4 10
(4_w,8)-aCMA-ES (mu_w=2.6,w_1=52%) in dimension 4 (seed=699302, Sun Jun 13 19:18:04 2021)
Iterat #Fevals   function value  axis ratio  sigma  min&max std  t[m:s]
    1      8 2.074178059895834e-01 1.0e+00 1.38e+00  1e+00  1e+00 0:07.1
    2     16 3.111165364583334e-01 1.2e+00 1.34e+00  1e+00  1e+00 0:14.3
    3     24 4.811604817708337e-02 1.3e+00 1.21e+00  1e+00  1e+00 0:21.5
    4     32 1.318359375000000e-01 1.4e+00 1.17e+00  1e+00  1e+00 0:28.5
    5     40 6.681315104166663e-02 1.6e+00 1.48e+00  1e+00  2e+00 0:35.6
    6     48 4.223836263020834e-01 2.1e+00 1.53e+00  1e+00  2e+00 0:42.7
    7     56 1.425170898437500e-01 2.2e+00 1.30e+00  1e+00  1e+00 0:49.7
    8     64 2.398681640625000e-01 2.4e+00 1.12e+00  8e-01  1e+00 0:57.3
   10     80 8.858235677083337e-02 3.5e+00 8.68e-01  5e-01  1e+00 1:11.5
   12     96 1.760457356770834e-01 3.7e+00 8.85e-01  5e-01  9e-01 1:25.8
   14    112 6.406656901041663e-02 4.3e+00 7.87e-01  4e-01  9e-01 1:40.7
   16    128 2.136230468750000e-02 4.6e+00 6.13e-01  3e-01  6e-01 1:55.0
   18    144 1.531982421875000e-02 4.1e+00 5.85e-01  2e-01  6e-01 2:09.3
   20    160 1.104736328125000e-02 4.7e+00 4.18e-01  1e-01  4e-01 2:23.6
   23    184 2.075195312500000e-03 4.6e+00 3.22e-01  1e-01  3e-01 2:44.8
   26    208 3.885904947916630e-03 5.6e+00 2.55e-01  8e-02  2e-01 3:06.1
   29    232 3.275553385416630e-03 5.2e+00 2.37e-01  6e-02  2e-01 3:27.3
   32    256 2.237955729166297e-04 8.0e+00 2.11e-01  5e-02  2e-01 3:49.5
   35    280 5.493164062500000e-04 8.6e+00 1.93e-01  5e-02  2e-01 4:10.5
   38    304 8.138020833337034e-05 1.1e+01 1.19e-01  3e-02  1e-01 4:32.0
   41    328 8.138020833337034e-05 1.1e+01 8.01e-02  2e-02  6e-02 4:53.3
   42    336 0.000000000000000e+00 1.2e+01 7.52e-02  2e-02  6e-02 5:00.4
termination on ftarget=1e-11
final/bestever f-value = 0.000000e+00 0.000000e+00
incumbent solution: [3.3122533295822567, 4.337279038756385, 1.8554789906905325, 0.8193231070924283]
std deviation: [0.05585647945198433, 0.015253541553019669, 0.05098267496659877, 0.0291387345158509]
CMAEvolutionStrategyResult(xbest=array([3.30177703, 4.34123874, 1.86474021, 0.8185677 ]), fbest=0.0, evals_best=335, evaluations=336, iterations=42, xfavorite=array([3.31225333, 4.33727904, 1.85547899, 0.81932311]), stds=array([0.05585648, 0.01525354, 0.05098267, 0.02913873]), stop={'ftarget': 1e-11})
5 10
(4_w,8)-aCMA-ES (mu_w=2.6,w_1=52%) in dimension 4 (seed=768190, Sun Jun 13 19:23:04 2021)
Iterat #Fevals   function value  axis ratio  sigma  min&max std  t[m:s]
    1      8 1.425374348958334e-01 1.0e+00 1.24e+00  1e+00  1e+00 0:07.1
    2     16 7.397460937500000e-02 1.1e+00 9.65e-01  8e-01  9e-01 0:14.2
    3     24 7.291666666666663e-02 1.4e+00 9.08e-01  7e-01  9e-01 0:21.1
    4     32 1.372273763020834e-01 1.7e+00 7.86e-01  6e-01  8e-01 0:28.5
    5     40 6.290690104166663e-02 2.0e+00 7.21e-01  6e-01  6e-01 0:35.6
    6     48 7.466634114583370e-03 2.0e+00 8.44e-01  6e-01  9e-01 0:43.2
    7     56 7.059733072916663e-02 2.1e+00 8.11e-01  5e-01  9e-01 0:50.3
    8     64 6.553141276041663e-02 2.3e+00 7.17e-01  5e-01  7e-01 0:57.3
   10     80 6.516520182291663e-02 2.3e+00 6.66e-01  4e-01  6e-01 1:11.7
   12     96 1.163736979166663e-02 2.8e+00 5.31e-01  3e-01  5e-01 1:26.2
   14    112 5.615234375000000e-03 2.7e+00 3.79e-01  2e-01  3e-01 1:40.5
   16    128 6.164550781250000e-03 3.1e+00 2.95e-01  1e-01  2e-01 1:54.9
   18    144 1.831054687500000e-03 3.1e+00 2.69e-01  1e-01  2e-01 2:09.1
   20    160 1.810709635416630e-03 3.5e+00 2.14e-01  1e-01  2e-01 2:23.2
   22    176 8.951822916666297e-04 4.9e+00 1.75e-01  8e-02  1e-01 2:37.5
   25    200 3.051757812500000e-04 4.2e+00 1.42e-01  6e-02  8e-02 2:59.0
   28    224 0.000000000000000e+00 5.4e+00 1.24e-01  6e-02  8e-02 3:20.6
termination on ftarget=1e-11
final/bestever f-value = 0.000000e+00 0.000000e+00
incumbent solution: [5.020790139814139, 5.270386225510775, 2.3279072085360872, 0.8090853889587412]
std deviation: [0.07536941727982069, 0.06107482771521317, 0.05835142105571856, 0.06450112440191645]
CMAEvolutionStrategyResult(xbest=array([5.11197644, 5.19721624, 2.30444371, 0.88700903]), fbest=0.0, evals_best=217, evaluations=224, iterations=28, xfavorite=array([5.02079014, 5.27038623, 2.32790721, 0.80908539]), stds=array([0.07536942, 0.06107483, 0.05835142, 0.06450112]), stop={'ftarget': 1e-11})
6 10
(4_w,8)-aCMA-ES (mu_w=2.6,w_1=52%) in dimension 4 (seed=729668, Sun Jun 13 19:26:25 2021)
Iterat #Fevals   function value  axis ratio  sigma  min&max std  t[m:s]
    1      8 5.240885416666667e-01 1.0e+00 1.23e+00  1e+00  1e+00 0:07.2
    2     16 2.212524414062500e-01 1.1e+00 1.21e+00  1e+00  1e+00 0:14.3
    3     24 6.225585937500000e-03 1.4e+00 1.22e+00  1e+00  1e+00 0:21.4
    4     32 2.888997395833337e-02 2.0e+00 1.26e+00  1e+00  1e+00 0:28.6
    5     40 3.759562174479166e-01 2.1e+00 1.13e+00  9e-01  1e+00 0:35.9
    6     48 1.517740885416663e-02 2.3e+00 1.15e+00  9e-01  1e+00 0:42.8
    7     56 7.887776692708337e-02 2.5e+00 9.62e-01  7e-01  1e+00 0:49.9
    8     64 1.014811197916666e-01 2.8e+00 9.65e-01  6e-01  1e+00 0:56.9
   10     80 6.512451171875000e-02 3.4e+00 8.16e-01  5e-01  9e-01 1:11.2
   12     96 6.125895182291663e-02 3.3e+00 7.23e-01  4e-01  7e-01 1:25.6
   14    112 1.755777994791663e-02 3.4e+00 4.99e-01  2e-01  4e-01 1:41.5
   16    128 1.483154296875000e-02 3.5e+00 4.42e-01  2e-01  4e-01 1:55.8
   18    144 4.394531250000000e-03 5.0e+00 5.31e-01  3e-01  5e-01 2:10.3
   20    160 4.130045572916630e-03 5.7e+00 5.52e-01  3e-01  5e-01 2:24.4
   22    176 2.604166666666630e-03 6.5e+00 4.77e-01  2e-01  5e-01 2:38.9
   25    200 1.668294270833370e-03 6.0e+00 3.22e-01  1e-01  3e-01 3:00.8
   28    224 3.662109375000000e-04 5.9e+00 2.09e-01  9e-02  2e-01 3:21.9
   31    248 2.441406250000000e-04 6.7e+00 1.52e-01  5e-02  1e-01 3:43.1
   33    264 0.000000000000000e+00 8.8e+00 1.30e-01  4e-02  1e-01 3:57.1
termination on ftarget=1e-11
final/bestever f-value = 0.000000e+00 0.000000e+00
incumbent solution: [0.7597892711468384, 2.312732469759503, 6.41741652468613, 5.1540311269854975]
std deviation: [0.06233787537159894, 0.037985035859562845, 0.10188293135101256, 0.0514742501212283]
CMAEvolutionStrategyResult(xbest=array([0.83308837, 2.30743553, 6.30359057, 5.12496207]), fbest=0.0, evals_best=258, evaluations=264, iterations=33, xfavorite=array([0.75978927, 2.31273247, 6.41741652, 5.15403113]), stds=array([0.06233788, 0.03798504, 0.10188293, 0.05147425]), stop={'ftarget': 1e-11})
7 10
(4_w,8)-aCMA-ES (mu_w=2.6,w_1=52%) in dimension 4 (seed=769691, Sun Jun 13 19:30:22 2021)
Iterat #Fevals   function value  axis ratio  sigma  min&max std  t[m:s]
    1      8 9.381103515625000e-02 1.0e+00 1.54e+00  1e+00  2e+00 0:07.1
    2     16 1.996256510416666e-01 1.3e+00 1.47e+00  1e+00  1e+00 0:14.1
    3     24 5.948486328125000e-01 1.5e+00 1.32e+00  1e+00  1e+00 0:21.2
    4     32 2.711588541666666e-01 1.5e+00 1.06e+00  8e-01  1e+00 0:28.4
    5     40 1.801757812500000e-01 1.6e+00 1.13e+00  8e-01  1e+00 0:35.7
    6     48 1.222737630208334e-01 1.4e+00 9.47e-01  6e-01  9e-01 0:42.5
    7     56 1.933593750000000e-01 1.6e+00 9.14e-01  6e-01  9e-01 0:49.6
    8     64 3.143310546875000e-02 1.6e+00 7.94e-01  5e-01  7e-01 0:56.8
   10     80 1.462809244791663e-02 2.0e+00 6.18e-01  4e-01  5e-01 1:11.3
   12     96 3.192138671875000e-02 2.3e+00 5.33e-01  3e-01  4e-01 1:25.7
   14    112 1.892089843750000e-03 2.6e+00 4.14e-01  2e-01  3e-01 1:39.7
   16    128 9.379069010416630e-03 2.7e+00 3.52e-01  2e-01  2e-01 1:53.9
   18    144 8.890787760416630e-03 2.4e+00 2.97e-01  1e-01  2e-01 2:07.9
   20    160 2.543131510416630e-03 2.4e+00 2.50e-01  1e-01  1e-01 2:22.0
   23    184 1.831054687500000e-04 2.1e+00 2.09e-01  8e-02  1e-01 2:43.1
   26    208 3.458658854166297e-04 3.1e+00 1.62e-01  5e-02  7e-02 3:03.8
   29    232 2.848307291666297e-04 3.1e+00 1.17e-01  4e-02  5e-02 3:25.9
   32    256 4.069010416662966e-05 3.8e+00 1.17e-01  3e-02  5e-02 3:47.4
   35    280 0.000000000000000e+00 4.5e+00 8.12e-02  2e-02  4e-02 4:08.5
termination on ftarget=1e-11
final/bestever f-value = 0.000000e+00 0.000000e+00
incumbent solution: [2.5409182891068802, 3.8297861064593337, 5.194346960927686, 2.5101278613276587]
std deviation: [0.01605619261694142, 0.037127848963567654, 0.033167696223726985, 0.02128396283292407]
CMAEvolutionStrategyResult(xbest=array([2.54021845, 3.83359268, 5.19125895, 2.50433156]), fbest=0.0, evals_best=273, evaluations=280, iterations=35, xfavorite=array([2.54091829, 3.82978611, 5.19434696, 2.51012786]), stds=array([0.01605619, 0.03712785, 0.0331677 , 0.02128396]), stop={'ftarget': 1e-11})
8 10
(4_w,8)-aCMA-ES (mu_w=2.6,w_1=52%) in dimension 4 (seed=711918, Sun Jun 13 19:34:31 2021)
Iterat #Fevals   function value  axis ratio  sigma  min&max std  t[m:s]
    1      8 1.960856119791666e-01 1.0e+00 1.52e+00  1e+00  2e+00 0:07.1
    2     16 2.324829101562500e-01 1.3e+00 1.29e+00  1e+00  1e+00 0:14.2
    3     24 5.238850911458333e-01 1.3e+00 1.39e+00  1e+00  1e+00 0:21.4
    4     32 7.029215494791663e-02 1.3e+00 1.29e+00  1e+00  1e+00 0:28.5
    5     40 1.121012369791663e-02 1.4e+00 1.25e+00  1e+00  1e+00 0:35.5
    6     48 2.569986979166666e-01 1.7e+00 1.11e+00  8e-01  1e+00 0:42.7
    7     56 3.627522786458337e-02 1.8e+00 9.32e-01  6e-01  9e-01 0:50.1
    8     64 1.310221354166666e-01 1.8e+00 8.30e-01  6e-01  7e-01 0:57.7
   10     80 1.525878906250000e-02 1.6e+00 7.42e-01  4e-01  6e-01 1:12.0
   12     96 3.731282552083337e-02 2.1e+00 4.98e-01  2e-01  4e-01 1:26.2
   14    112 2.543131510416630e-03 2.3e+00 4.14e-01  2e-01  3e-01 1:40.2
   16    128 3.560384114583370e-03 2.6e+00 4.08e-01  2e-01  3e-01 1:54.8
   18    144 3.540039062500000e-03 3.6e+00 3.00e-01  1e-01  2e-01 2:09.0
   20    160 1.851399739583370e-03 4.0e+00 2.41e-01  9e-02  2e-01 2:23.0
   22    176 1.444498697916630e-03 3.4e+00 1.91e-01  8e-02  1e-01 2:37.4
   25    200 1.424153645833703e-04 3.7e+00 1.47e-01  6e-02  9e-02 2:58.3
   28    224 2.034505208337034e-05 5.1e+00 1.16e-01  4e-02  7e-02 3:19.7
   29    232 0.000000000000000e+00 4.9e+00 9.66e-02  4e-02  6e-02 3:27.4
termination on ftarget=1e-11
final/bestever f-value = 0.000000e+00 0.000000e+00
incumbent solution: [1.309360219478297, 5.301597252909657, 4.936217593624638, 3.4066825920455166]
std deviation: [0.058794409038018976, 0.035259790390002196, 0.04177328683146861, 0.04470057360987317]
CMAEvolutionStrategyResult(xbest=array([1.2863772 , 5.2942863 , 4.91449988, 3.43808143]), fbest=0.0, evals_best=228, evaluations=232, iterations=29, xfavorite=array([1.30936022, 5.30159725, 4.93621759, 3.40668259]), stds=array([0.05879441, 0.03525979, 0.04177329, 0.04470057]), stop={'ftarget': 1e-11})
9 10
(4_w,8)-aCMA-ES (mu_w=2.6,w_1=52%) in dimension 4 (seed=715524, Sun Jun 13 19:37:58 2021)
Iterat #Fevals   function value  axis ratio  sigma  min&max std  t[m:s]
    1      8 3.711344401041666e-01 1.0e+00 1.43e+00  1e+00  2e+00 0:07.1
    2     16 4.640706380208337e-02 1.4e+00 1.13e+00  8e-01  1e+00 0:14.5
    3     24 1.062418619791666e-01 1.5e+00 9.26e-01  7e-01  9e-01 0:21.8
    4     32 1.430257161458337e-02 1.5e+00 7.20e-01  5e-01  7e-01 0:29.2
    5     40 1.716308593750000e-01 1.7e+00 6.76e-01  4e-01  7e-01 0:36.4
    6     48 6.392415364583337e-02 1.8e+00 6.81e-01  4e-01  7e-01 0:43.3
    7     56 3.192138671875000e-02 1.9e+00 5.32e-01  3e-01  5e-01 0:50.9
    8     64 2.244059244791663e-02 2.0e+00 4.66e-01  3e-01  4e-01 0:58.1
   10     80 2.848307291666630e-03 1.9e+00 3.34e-01  2e-01  3e-01 1:13.0
   12     96 5.920410156250000e-03 1.9e+00 2.73e-01  1e-01  2e-01 1:27.4
   14    112 2.237955729166630e-03 2.3e+00 1.94e-01  9e-02  2e-01 1:41.9
   16    128 1.546223958333370e-03 2.8e+00 1.57e-01  7e-02  1e-01 1:56.1
   18    144 3.662109375000000e-04 3.1e+00 1.34e-01  6e-02  9e-02 2:10.8
   20    160 9.155273437500000e-04 2.9e+00 1.42e-01  5e-02  1e-01 2:25.0
   22    176 1.831054687500000e-04 3.6e+00 1.59e-01  6e-02  2e-01 2:39.7
   25    200 5.900065104166297e-04 3.5e+00 1.07e-01  3e-02  9e-02 3:01.3
   28    224 0.000000000000000e+00 4.6e+00 9.44e-02  3e-02  8e-02 3:22.2
termination on ftarget=1e-11
final/bestever f-value = 0.000000e+00 0.000000e+00
incumbent solution: [1.9517882554136852, 4.917599839879698, 1.527024965849595, 5.149433295598439]
std deviation: [0.03094620920236182, 0.030543004456264816, 0.08475859826872095, 0.02982216359448599]
CMAEvolutionStrategyResult(xbest=array([1.93370464, 4.9303768 , 1.57782765, 5.12710118]), fbest=0.0, evals_best=221, evaluations=224, iterations=28, xfavorite=array([1.95178826, 4.91759984, 1.52702497, 5.1494333 ]), stds=array([0.03094621, 0.030543  , 0.0847586 , 0.02982216]), stop={'ftarget': 1e-11})
