0 10
(4_w,8)-aCMA-ES (mu_w=2.6,w_1=52%) in dimension 4 (seed=795303, Sun Jun 13 18:55:59 2021)
circuitVTD.py:316: DeprecationWarning: The QuantumCircuit.__add__() method is being deprecated.Use the compose() method which is more flexible w.r.t circuit register compatibility.
  TrotterFixStepList.append(TrotterFixStepList[-1] + U_trot)
/home/nfb1/.local/lib/python3.7/site-packages/qiskit/circuit/quantumcircuit.py:869: DeprecationWarning: The QuantumCircuit.combine() method is being deprecated. Use the compose() method which is more flexible w.r.t circuit register compatibility.
  return self.combine(rhs)
Iterat #Fevals   function value  axis ratio  sigma  min&max std  t[m:s]
    1      8 4.817708333333337e-02 1.0e+00 1.34e+00  1e+00  1e+00 0:04.7
    2     16 1.835937500000000e-01 1.3e+00 1.28e+00  1e+00  1e+00 0:09.4
    3     24 4.973958333333334e-01 1.5e+00 1.39e+00  1e+00  2e+00 0:14.4
    4     32 6.640625000000000e-02 1.9e+00 1.26e+00  1e+00  1e+00 0:19.2
    5     40 4.817708333333337e-02 1.8e+00 1.21e+00  9e-01  1e+00 0:24.3
    7     56 1.328125000000000e-01 2.2e+00 1.15e+00  8e-01  1e+00 0:33.9
    9     72 1.236979166666666e-01 2.3e+00 1.06e+00  8e-01  1e+00 0:43.6
   11     88 8.463541666666663e-02 2.2e+00 9.01e-01  6e-01  8e-01 0:53.6
   13    104 4.427083333333337e-02 2.3e+00 7.57e-01  4e-01  7e-01 1:03.6
   15    120 2.604166666666663e-02 2.1e+00 6.09e-01  3e-01  5e-01 1:13.4
   17    136 0.000000000000000e+00 2.1e+00 4.01e-01  2e-01  3e-01 1:23.5
termination on ftarget=1e-11
final/bestever f-value = 0.000000e+00 0.000000e+00
incumbent solution: [-0.2750815954128255, -0.6118205869005404, 1.703621951154161, 2.452852479729176]
std deviation: [0.29969125431424515, 0.22366474007256898, 0.18307945676549695, 0.20448781120907922]
CMAEvolutionStrategyResult(xbest=array([-0.31844629, -0.53456862,  1.6735097 ,  2.34186489]), fbest=0.0, evals_best=133, evaluations=136, iterations=17, xfavorite=array([-0.2750816 , -0.61182059,  1.70362195,  2.45285248]), stds=array([0.29969125, 0.22366474, 0.18307946, 0.20448781]), stop={'ftarget': 1e-11})
1 10
(4_w,8)-aCMA-ES (mu_w=2.6,w_1=52%) in dimension 4 (seed=703523, Sun Jun 13 18:57:23 2021)
Iterat #Fevals   function value  axis ratio  sigma  min&max std  t[m:s]
    1      8 1.966145833333334e-01 1.0e+00 1.50e+00  1e+00  2e+00 0:06.2
    2     16 7.187500000000000e-01 1.3e+00 1.37e+00  1e+00  2e+00 0:12.1
    3     24 1.406250000000000e-01 1.5e+00 1.44e+00  1e+00  2e+00 0:18.0
    4     32 0.000000000000000e+00 1.5e+00 1.68e+00  1e+00  2e+00 0:23.9
termination on ftarget=1e-11
final/bestever f-value = 0.000000e+00 0.000000e+00
incumbent solution: [6.285478416513712, 1.2501023816068821, 2.7158249300858333, 1.0124333335444566]
std deviation: [1.6346238982030648, 1.7597779012863881, 1.8654520926921843, 1.3998342007231948]
CMAEvolutionStrategyResult(xbest=array([6.96617916, 2.09814132, 2.77474976, 0.14612096]), fbest=0.0, evals_best=28, evaluations=32, iterations=4, xfavorite=array([6.28547842, 1.25010238, 2.71582493, 1.01243333]), stds=array([1.6346239 , 1.7597779 , 1.86545209, 1.3998342 ]), stop={'ftarget': 1e-11})
2 10
(4_w,8)-aCMA-ES (mu_w=2.6,w_1=52%) in dimension 4 (seed=759299, Sun Jun 13 18:57:47 2021)
Iterat #Fevals   function value  axis ratio  sigma  min&max std  t[m:s]
    1      8 2.434895833333334e-01 1.0e+00 1.52e+00  1e+00  2e+00 0:06.0
    2     16 5.429687500000000e-01 1.3e+00 1.35e+00  1e+00  1e+00 0:11.9
    3     24 3.151041666666666e-01 1.3e+00 1.23e+00  1e+00  1e+00 0:18.1
    4     32 1.236979166666666e-01 1.5e+00 1.09e+00  8e-01  1e+00 0:23.9
    5     40 6.640625000000000e-02 1.7e+00 1.14e+00  8e-01  1e+00 0:29.9
    6     48 1.250000000000000e-01 1.8e+00 1.02e+00  7e-01  1e+00 0:36.2
    7     56 9.505208333333337e-02 1.7e+00 9.21e-01  6e-01  1e+00 0:42.3
    9     72 9.765625000000000e-02 2.3e+00 8.48e-01  5e-01  1e+00 0:54.0
   11     88 8.723958333333337e-02 2.4e+00 7.26e-01  4e-01  8e-01 1:06.1
   13    104 9.114583333333370e-03 2.7e+00 5.36e-01  3e-01  5e-01 1:18.0
   15    120 2.604166666666630e-03 2.2e+00 4.11e-01  2e-01  3e-01 1:30.1
   17    136 6.510416666666630e-03 2.8e+00 2.91e-01  1e-01  2e-01 1:41.9
   18    144 0.000000000000000e+00 3.2e+00 2.49e-01  8e-02  2e-01 1:47.7
termination on ftarget=1e-11
final/bestever f-value = 0.000000e+00 0.000000e+00
incumbent solution: [4.655400900969569, 1.6886826511968065, 4.931344598925139, 1.893001741718509]
std deviation: [0.08146275196463021, 0.12499944443216314, 0.19972087977361833, 0.12231770364862422]
CMAEvolutionStrategyResult(xbest=array([4.65277113, 1.73861749, 4.96701157, 1.85712685]), fbest=0.0, evals_best=140, evaluations=144, iterations=18, xfavorite=array([4.6554009 , 1.68868265, 4.9313446 , 1.89300174]), stds=array([0.08146275, 0.12499944, 0.19972088, 0.1223177 ]), stop={'ftarget': 1e-11})
3 10
(4_w,8)-aCMA-ES (mu_w=2.6,w_1=52%) in dimension 4 (seed=688375, Sun Jun 13 18:59:35 2021)
Iterat #Fevals   function value  axis ratio  sigma  min&max std  t[m:s]
    1      8 5.078125000000000e-02 1.0e+00 1.49e+00  1e+00  2e+00 0:05.9
    2     16 4.388020833333334e-01 1.4e+00 1.41e+00  1e+00  2e+00 0:11.7
    3     24 1.302083333333334e-01 1.4e+00 1.37e+00  1e+00  1e+00 0:18.3
    4     32 5.989583333333337e-02 1.7e+00 1.30e+00  1e+00  1e+00 0:24.3
    5     40 5.598958333333337e-02 1.7e+00 1.27e+00  1e+00  1e+00 0:30.6
    6     48 5.078125000000000e-02 1.7e+00 1.06e+00  9e-01  1e+00 0:36.6
    7     56 1.184895833333334e-01 1.5e+00 9.36e-01  7e-01  8e-01 0:42.6
    9     72 2.604166666666630e-03 1.8e+00 7.96e-01  6e-01  7e-01 0:55.0
   11     88 2.343750000000000e-02 1.7e+00 6.15e-01  4e-01  5e-01 1:07.1
   13    104 9.114583333333370e-03 1.9e+00 4.79e-01  3e-01  4e-01 1:18.7
   15    120 2.604166666666630e-03 2.0e+00 3.04e-01  2e-01  2e-01 1:31.1
   16    128 0.000000000000000e+00 2.2e+00 2.62e-01  1e-01  2e-01 1:36.8
termination on ftarget=1e-11
final/bestever f-value = 0.000000e+00 0.000000e+00
incumbent solution: [3.38562907567468, -0.687760053811405, 4.297448982362806, -1.7805417099414083]
std deviation: [0.18046622691105935, 0.14241742214770994, 0.16625281540378462, 0.13749093344968413]
CMAEvolutionStrategyResult(xbest=array([ 3.50475539, -0.64306024,  4.26567994, -1.78647075]), fbest=0.0, evals_best=125, evaluations=128, iterations=16, xfavorite=array([ 3.38562908, -0.68776005,  4.29744898, -1.78054171]), stds=array([0.18046623, 0.14241742, 0.16625282, 0.13749093]), stop={'ftarget': 1e-11})
4 10
(4_w,8)-aCMA-ES (mu_w=2.6,w_1=52%) in dimension 4 (seed=813930, Sun Jun 13 19:01:11 2021)
Iterat #Fevals   function value  axis ratio  sigma  min&max std  t[m:s]
    1      8 7.161458333333337e-02 1.0e+00 1.34e+00  1e+00  1e+00 0:06.0
    2     16 2.734375000000000e-02 1.1e+00 1.18e+00  1e+00  1e+00 0:11.9
    3     24 1.523437500000000e-01 1.2e+00 1.08e+00  9e-01  1e+00 0:17.9
    4     32 2.877604166666666e-01 1.3e+00 1.04e+00  7e-01  1e+00 0:24.2
    5     40 3.450520833333334e-01 1.5e+00 8.52e-01  5e-01  8e-01 0:30.1
    6     48 9.505208333333337e-02 1.6e+00 8.22e-01  5e-01  7e-01 0:36.4
    7     56 5.208333333333370e-03 1.7e+00 9.17e-01  6e-01  9e-01 0:42.5
    9     72 6.250000000000000e-02 2.5e+00 1.01e+00  7e-01  1e+00 0:54.7
   11     88 0.000000000000000e+00 2.6e+00 7.88e-01  5e-01  7e-01 1:06.7
termination on ftarget=1e-11
final/bestever f-value = 0.000000e+00 0.000000e+00
incumbent solution: [3.9151061509913374, 7.437466150781607, 4.037516762347231, 4.448052816006496]
std deviation: [0.6330338142467541, 0.7205729680001056, 0.5945880656952691, 0.49388090026663656]
CMAEvolutionStrategyResult(xbest=array([3.71286424, 7.15818318, 4.31989823, 4.50804518]), fbest=0.0, evals_best=87, evaluations=88, iterations=11, xfavorite=array([3.91510615, 7.43746615, 4.03751676, 4.44805282]), stds=array([0.63303381, 0.72057297, 0.59458807, 0.4938809 ]), stop={'ftarget': 1e-11})
5 10
(4_w,8)-aCMA-ES (mu_w=2.6,w_1=52%) in dimension 4 (seed=764098, Sun Jun 13 19:02:18 2021)
Iterat #Fevals   function value  axis ratio  sigma  min&max std  t[m:s]
    1      8 1.132812500000000e-01 1.0e+00 1.73e+00  2e+00  2e+00 0:06.2
    2     16 2.526041666666666e-01 1.5e+00 1.68e+00  1e+00  2e+00 0:12.2
    3     24 1.419270833333334e-01 1.7e+00 1.71e+00  2e+00  2e+00 0:18.3
    4     32 4.049479166666666e-01 1.8e+00 2.05e+00  2e+00  2e+00 0:24.4
    5     40 1.705729166666666e-01 1.9e+00 2.20e+00  2e+00  3e+00 0:30.5
    6     48 2.864583333333334e-01 2.1e+00 2.25e+00  2e+00  3e+00 0:36.4
    7     56 1.080729166666666e-01 2.3e+00 2.25e+00  2e+00  3e+00 0:42.5
    9     72 4.596354166666666e-01 2.1e+00 1.98e+00  2e+00  2e+00 0:54.4
   11     88 2.838541666666666e-01 2.1e+00 2.03e+00  2e+00  2e+00 1:06.5
   13    104 1.015625000000000e-01 2.2e+00 1.79e+00  1e+00  2e+00 1:18.6
   15    120 4.114583333333334e-01 2.1e+00 2.21e+00  2e+00  3e+00 1:31.0
   17    136 4.947916666666663e-02 2.4e+00 2.32e+00  2e+00  2e+00 1:42.8
   20    160 1.432291666666666e-01 2.9e+00 2.70e+00  2e+00  3e+00 2:00.7
   23    184 1.119791666666666e-01 3.5e+00 2.94e+00  2e+00  3e+00 2:18.6
   26    208 8.333333333333337e-02 3.9e+00 2.27e+00  2e+00  2e+00 2:35.9
   29    232 1.809895833333334e-01 4.9e+00 2.34e+00  2e+00  2e+00 2:54.8
   32    256 1.822916666666663e-02 5.9e+00 1.76e+00  1e+00  2e+00 3:12.5
   35    280 3.515625000000000e-02 7.1e+00 1.66e+00  1e+00  2e+00 3:30.2
   38    304 4.817708333333337e-02 7.9e+00 1.25e+00  9e-01  1e+00 3:48.5
   42    336 2.864583333333337e-02 8.5e+00 1.21e+00  9e-01  1e+00 4:12.4
   45    360 0.000000000000000e+00 8.4e+00 8.51e-01  5e-01  8e-01 4:29.9
termination on ftarget=1e-11
final/bestever f-value = 0.000000e+00 0.000000e+00
incumbent solution: [-0.9061356191405904, -5.190892381382333, 11.034095995038431, -1.0641442824472105]
std deviation: [0.496223650365474, 0.7508834759543109, 0.6333074815243602, 0.7060679467014833]
CMAEvolutionStrategyResult(xbest=array([-0.88785068, -5.09709014, 10.93619358, -1.15595   ]), fbest=0.0, evals_best=355, evaluations=360, iterations=45, xfavorite=array([-0.90613562, -5.19089238, 11.034096  , -1.06414428]), stds=array([0.49622365, 0.75088348, 0.63330748, 0.70606795]), stop={'ftarget': 1e-11})
6 10
(4_w,8)-aCMA-ES (mu_w=2.6,w_1=52%) in dimension 4 (seed=745303, Sun Jun 13 19:06:48 2021)
Iterat #Fevals   function value  axis ratio  sigma  min&max std  t[m:s]
    1      8 2.473958333333334e-01 1.0e+00 1.45e+00  1e+00  1e+00 0:05.8
    2     16 2.421875000000000e-01 1.3e+00 1.51e+00  1e+00  2e+00 0:11.9
    3     24 2.799479166666666e-01 1.3e+00 1.91e+00  2e+00  3e+00 0:17.8
    4     32 5.208333333333337e-02 2.0e+00 2.17e+00  2e+00  3e+00 0:24.0
    5     40 1.393229166666666e-01 2.1e+00 2.10e+00  2e+00  3e+00 0:29.7
    6     48 4.427083333333334e-01 2.3e+00 1.75e+00  1e+00  2e+00 0:35.9
    7     56 1.822916666666666e-01 2.8e+00 1.75e+00  1e+00  3e+00 0:42.0
    9     72 1.888020833333334e-01 3.6e+00 1.47e+00  1e+00  2e+00 0:54.4
   11     88 2.864583333333337e-02 3.7e+00 1.13e+00  7e-01  2e+00 1:06.2
   13    104 9.375000000000000e-02 3.8e+00 1.01e+00  6e-01  1e+00 1:19.1
   15    120 1.171875000000000e-02 3.9e+00 7.67e-01  4e-01  9e-01 1:31.2
   17    136 1.562500000000000e-02 3.2e+00 8.22e-01  4e-01  8e-01 1:43.2
   20    160 1.953125000000000e-02 3.4e+00 6.37e-01  3e-01  5e-01 2:00.8
   21    168 0.000000000000000e+00 3.4e+00 5.78e-01  3e-01  4e-01 2:06.8
termination on ftarget=1e-11
final/bestever f-value = 0.000000e+00 0.000000e+00
incumbent solution: [1.0207453854933783, 2.2302500997599006, 0.026931639269346525, 5.129419900532753]
std deviation: [0.28713728202959554, 0.4179826534746883, 0.4134939616403042, 0.41883317217040655]
CMAEvolutionStrategyResult(xbest=array([ 1.10763965,  2.40483164, -0.17386816,  4.87027487]), fbest=0.0, evals_best=165, evaluations=168, iterations=21, xfavorite=array([1.02074539, 2.2302501 , 0.02693164, 5.1294199 ]), stds=array([0.28713728, 0.41798265, 0.41349396, 0.41883317]), stop={'ftarget': 1e-11})
7 10
(4_w,8)-aCMA-ES (mu_w=2.6,w_1=52%) in dimension 4 (seed=708311, Sun Jun 13 19:08:55 2021)
Iterat #Fevals   function value  axis ratio  sigma  min&max std  t[m:s]
    1      8 3.906250000000000e-01 1.0e+00 1.83e+00  2e+00  2e+00 0:07.0
    2     16 8.072916666666663e-02 1.5e+00 1.60e+00  2e+00  2e+00 0:13.0
    3     24 8.984375000000000e-02 1.5e+00 2.00e+00  2e+00  3e+00 0:19.6
    4     32 6.770833333333337e-02 1.8e+00 2.58e+00  2e+00  3e+00 0:25.5
    5     40 3.190104166666666e-01 1.7e+00 2.68e+00  2e+00  3e+00 0:31.6
    6     48 1.679687500000000e-01 1.8e+00 2.45e+00  2e+00  3e+00 0:37.7
    7     56 2.083333333333334e-01 1.9e+00 2.34e+00  2e+00  3e+00 0:43.9
    9     72 1.757812500000000e-01 1.9e+00 1.65e+00  1e+00  2e+00 0:56.7
   11     88 4.817708333333337e-02 1.6e+00 1.51e+00  1e+00  1e+00 1:08.7
   13    104 1.549479166666666e-01 1.6e+00 1.55e+00  1e+00  1e+00 1:20.5
   15    120 3.906250000000000e-02 2.1e+00 2.01e+00  1e+00  2e+00 1:32.5
   17    136 4.114583333333334e-01 2.6e+00 2.70e+00  2e+00  3e+00 1:44.7
   20    160 1.132812500000000e-01 3.4e+00 1.57e+00  9e-01  2e+00 2:02.8
   23    184 2.265625000000000e-01 3.4e+00 1.42e+00  7e-01  2e+00 2:20.9
   26    208 4.687500000000000e-02 3.8e+00 1.00e+00  4e-01  1e+00 2:39.2
   29    232 3.906250000000000e-03 4.5e+00 8.24e-01  3e-01  1e+00 2:57.3
   32    256 3.906250000000000e-03 4.9e+00 5.30e-01  1e-01  6e-01 3:15.4
   35    280 7.812500000000000e-03 6.9e+00 4.04e-01  1e-01  5e-01 3:33.7
   37    296 0.000000000000000e+00 7.5e+00 3.28e-01  7e-02  4e-01 3:46.0
termination on ftarget=1e-11
final/bestever f-value = 0.000000e+00 0.000000e+00
incumbent solution: [8.83471765250454, 2.5970992803416273, 6.440325831191417, -2.38652630752547]
std deviation: [0.07218878947979346, 0.1211909143936517, 0.14584313475265845, 0.3713626275213626]
CMAEvolutionStrategyResult(xbest=array([ 8.84972126,  2.67683779,  6.46727496, -2.64840115]), fbest=0.0, evals_best=289, evaluations=296, iterations=37, xfavorite=array([ 8.83471765,  2.59709928,  6.44032583, -2.38652631]), stds=array([0.07218879, 0.12119091, 0.14584313, 0.37136263]), stop={'ftarget': 1e-11})
8 10
(4_w,8)-aCMA-ES (mu_w=2.6,w_1=52%) in dimension 4 (seed=688911, Sun Jun 13 19:12:41 2021)
Iterat #Fevals   function value  axis ratio  sigma  min&max std  t[m:s]
    1      8 1.015625000000000e-01 1.0e+00 1.42e+00  1e+00  1e+00 0:06.1
    2     16 1.875000000000000e-01 1.2e+00 1.31e+00  1e+00  1e+00 0:12.1
    3     24 1.484375000000000e-01 1.5e+00 1.20e+00  1e+00  1e+00 0:18.9
    4     32 1.940104166666666e-01 1.6e+00 1.27e+00  1e+00  1e+00 0:24.6
    5     40 1.354166666666666e-01 1.6e+00 1.20e+00  9e-01  1e+00 0:30.6
    6     48 9.114583333333337e-02 1.5e+00 9.33e-01  6e-01  1e+00 0:36.4
    8     64 3.906250000000000e-03 1.9e+00 6.58e-01  4e-01  6e-01 0:48.3
   10     80 2.213541666666663e-02 2.0e+00 4.50e-01  2e-01  4e-01 1:00.1
   12     96 3.906250000000000e-03 2.1e+00 3.17e-01  1e-01  3e-01 1:12.1
   14    112 0.000000000000000e+00 2.2e+00 1.89e-01  7e-02  1e-01 1:24.0
termination on ftarget=1e-11
final/bestever f-value = 0.000000e+00 0.000000e+00
incumbent solution: [3.5967046970633767, 2.552410766409624, 1.3153616066058076, 1.306649484181965]
std deviation: [0.07422561592675878, 0.08789756747016825, 0.11140207757241657, 0.1488479553138951]
CMAEvolutionStrategyResult(xbest=array([3.60623295, 2.52582856, 1.33741382, 1.30250499]), fbest=0.0, evals_best=107, evaluations=112, iterations=14, xfavorite=array([3.5967047 , 2.55241077, 1.31536161, 1.30664948]), stds=array([0.07422562, 0.08789757, 0.11140208, 0.14884796]), stop={'ftarget': 1e-11})
9 10
(4_w,8)-aCMA-ES (mu_w=2.6,w_1=52%) in dimension 4 (seed=733152, Sun Jun 13 19:14:05 2021)
Iterat #Fevals   function value  axis ratio  sigma  min&max std  t[m:s]
    1      8 2.760416666666666e-01 1.0e+00 1.32e+00  1e+00  1e+00 0:06.1
    2     16 2.552083333333334e-01 1.2e+00 1.31e+00  1e+00  2e+00 0:11.8
    3     24 3.346354166666666e-01 1.5e+00 1.33e+00  1e+00  1e+00 0:17.8
    4     32 1.158854166666666e-01 1.5e+00 1.20e+00  9e-01  1e+00 0:24.1
    5     40 2.252604166666666e-01 1.6e+00 1.23e+00  1e+00  1e+00 0:29.8
    6     48 4.687500000000000e-02 1.3e+00 1.06e+00  8e-01  1e+00 0:35.8
    7     56 6.770833333333337e-02 1.5e+00 1.06e+00  8e-01  1e+00 0:42.0
    9     72 3.906250000000000e-02 1.7e+00 7.53e-01  5e-01  7e-01 0:55.0
   11     88 4.817708333333337e-02 1.9e+00 6.44e-01  4e-01  6e-01 1:07.2
   13    104 3.255208333333337e-02 2.4e+00 5.21e-01  3e-01  5e-01 1:19.6
   14    112 0.000000000000000e+00 2.7e+00 4.68e-01  3e-01  5e-01 1:25.4
termination on ftarget=1e-11
final/bestever f-value = 0.000000e+00 0.000000e+00
incumbent solution: [2.032528156350733, 4.9180744098280025, 1.42058485116251, 5.258200009096816]
std deviation: [0.2708612486321985, 0.3337891525243258, 0.4753960349672452, 0.25421339943304144]
CMAEvolutionStrategyResult(xbest=array([2.14004118, 4.78803958, 1.25836979, 5.34778116]), fbest=0.0, evals_best=112, evaluations=112, iterations=14, xfavorite=array([2.03252816, 4.91807441, 1.42058485, 5.25820001]), stds=array([0.27086125, 0.33378915, 0.47539603, 0.2542134 ]), stop={'ftarget': 1e-11})
