0 10
(4_w,8)-aCMA-ES (mu_w=2.6,w_1=52%) in dimension 4 (seed=497700, Tue Jun 22 12:32:23 2021)
circuitVTD.py:347: DeprecationWarning: The QuantumCircuit.__add__() method is being deprecated.Use the compose() method which is more flexible w.r.t circuit register compatibility.
  TrotterFixStepList.append(TrotterFixStepList[-1] + U_trot)
/home/nfb1/.local/lib/python3.7/site-packages/qiskit/circuit/quantumcircuit.py:869: DeprecationWarning: The QuantumCircuit.combine() method is being deprecated. Use the compose() method which is more flexible w.r.t circuit register compatibility.
  return self.combine(rhs)
Iterat #Fevals   function value  axis ratio  sigma  min&max std  t[m:s]
    1      8 1.594135952543025e-01 1.0e+00 1.49e+00  1e+00  1e+00 0:06.1
    2     16 4.816539782057024e-01 1.4e+00 1.45e+00  1e+00  1e+00 0:11.9
    3     24 1.352627876595321e-01 1.6e+00 1.68e+00  1e+00  2e+00 0:17.8
    4     32 3.892140046413095e-02 2.0e+00 1.71e+00  1e+00  2e+00 0:23.6
    5     40 2.641395301945759e-02 2.0e+00 1.63e+00  1e+00  2e+00 0:29.6
    6     48 4.504716981132018e-02 1.9e+00 1.61e+00  1e+00  2e+00 0:35.5
    7     56 1.262397620308874e-01 1.9e+00 1.56e+00  1e+00  2e+00 0:41.9
    9     72 7.709944629448950e-02 2.4e+00 1.93e+00  1e+00  2e+00 0:53.8
   11     88 1.015058283241848e-01 2.1e+00 2.13e+00  1e+00  2e+00 1:05.5
   13    104 2.770013158362671e-01 2.3e+00 2.38e+00  2e+00  2e+00 1:17.1
   15    120 4.292445761667796e-02 2.8e+00 1.80e+00  1e+00  2e+00 1:28.7
   17    136 1.546188287969842e-01 3.1e+00 1.66e+00  1e+00  1e+00 1:40.3
   20    160 1.311569301260023e-01 3.4e+00 1.16e+00  7e-01  9e-01 1:57.7
   23    184 4.812019309441951e-02 3.0e+00 1.04e+00  5e-01  7e-01 2:15.5
   26    208 3.317513051732246e-02 3.7e+00 8.71e-01  4e-01  7e-01 2:33.3
   29    232 5.205245730976360e-03 3.8e+00 6.29e-01  3e-01  4e-01 2:51.1
   32    256 3.470852182528628e-03 3.9e+00 5.06e-01  2e-01  3e-01 3:09.0
termination on ftarget=0.005
final/bestever f-value = 3.470852e-03 3.470852e-03
incumbent solution: [-4.0515583509705415, 1.919536173337524, 5.835955609332821, 13.49920750314708]
std deviation: [0.2825722631556918, 0.19661873837196922, 0.3201183432528234, 0.3128810818301761]
CMAEvolutionStrategyResult(xbest=array([-4.27404737,  1.92335763,  5.97896282, 13.419051  ]), fbest=0.0034708521825286276, evals_best=252, evaluations=256, iterations=32, xfavorite=array([-4.05155835,  1.91953617,  5.83595561, 13.4992075 ]), stds=array([0.28257226, 0.19661874, 0.32011834, 0.31288108]), stop={'ftarget': 0.005})
1 10
(4_w,8)-aCMA-ES (mu_w=2.6,w_1=52%) in dimension 4 (seed=463456, Tue Jun 22 12:35:33 2021)
Iterat #Fevals   function value  axis ratio  sigma  min&max std  t[m:s]
    1      8 5.177378640119656e-01 1.0e+00 1.40e+00  1e+00  1e+00 0:07.3
    2     16 7.517776341305804e-02 1.2e+00 1.52e+00  1e+00  2e+00 0:14.8
    3     24 2.838538620501452e-02 1.5e+00 1.50e+00  1e+00  2e+00 0:22.2
    4     32 2.687802393684748e-01 1.5e+00 1.22e+00  1e+00  1e+00 0:29.3
    5     40 3.418638466622613e-01 1.5e+00 1.14e+00  1e+00  1e+00 0:36.5
    6     48 1.240773892402969e-01 1.6e+00 1.15e+00  9e-01  1e+00 0:43.7
    7     56 5.900161030595852e-02 1.7e+00 1.32e+00  1e+00  1e+00 0:50.9
    9     72 4.623376623376674e-02 2.1e+00 1.24e+00  8e-01  1e+00 1:05.5
   11     88 1.815217391304348e-01 2.0e+00 1.15e+00  8e-01  1e+00 1:19.9
   13    104 6.351648351648309e-02 2.0e+00 1.20e+00  8e-01  1e+00 1:34.5
   15    120 1.006906825568810e-01 2.1e+00 9.43e-01  6e-01  9e-01 1:49.5
   17    136 4.290745310366328e-02 2.3e+00 7.37e-01  4e-01  6e-01 2:04.0
   19    152 7.565011820330869e-03 2.5e+00 6.48e-01  3e-01  5e-01 2:18.9
   21    168 1.853490198473473e-04 3.2e+00 5.44e-01  2e-01  4e-01 2:33.0
termination on ftarget=0.005
final/bestever f-value = 1.853490e-04 1.853490e-04
incumbent solution: [-3.674694849555255, 7.0017834406907395, 2.3625002428076622, 2.2345900711298423]
std deviation: [0.44166162457409175, 0.32497166887676066, 0.4216696088436596, 0.23526334234140017]
CMAEvolutionStrategyResult(xbest=array([-3.81499953,  7.13405949,  2.31437293,  2.2346862 ]), fbest=0.0001853490198473473, evals_best=167, evaluations=168, iterations=21, xfavorite=array([-3.67469485,  7.00178344,  2.36250024,  2.23459007]), stds=array([0.44166162, 0.32497167, 0.42166961, 0.23526334]), stop={'ftarget': 0.005})
2 10
(4_w,8)-aCMA-ES (mu_w=2.6,w_1=52%) in dimension 4 (seed=427417, Tue Jun 22 12:38:06 2021)
Iterat #Fevals   function value  axis ratio  sigma  min&max std  t[m:s]
    1      8 1.809146102624393e-02 1.0e+00 1.50e+00  1e+00  1e+00 0:07.7
    2     16 9.928571428571520e-02 1.2e+00 1.27e+00  1e+00  1e+00 0:14.8
    3     24 1.234693877551085e-02 1.2e+00 1.29e+00  1e+00  1e+00 0:22.4
    4     32 4.943338231071959e-02 1.5e+00 1.15e+00  8e-01  1e+00 0:29.6
    5     40 5.128205128205154e-02 1.7e+00 1.27e+00  9e-01  2e+00 0:36.9
    6     48 1.363246668530422e-01 1.9e+00 1.35e+00  9e-01  2e+00 0:45.7
    7     56 3.709558615218999e-01 2.0e+00 1.22e+00  8e-01  2e+00 0:52.9
    8     64 1.001838235294115e-01 2.3e+00 1.28e+00  9e-01  2e+00 1:00.2
   10     80 1.063327944506787e-02 1.8e+00 9.75e-01  6e-01  1e+00 1:15.4
   12     96 1.870828318196734e-01 1.7e+00 1.09e+00  7e-01  1e+00 1:30.7
   14    112 4.070722290234494e-01 2.5e+00 1.05e+00  6e-01  1e+00 1:45.4
   16    128 2.210830406706676e-02 3.0e+00 9.15e-01  5e-01  1e+00 2:00.2
   18    144 1.549798757237686e-01 3.0e+00 7.05e-01  4e-01  8e-01 2:15.0
   20    160 1.437481437481437e-01 4.1e+00 7.38e-01  4e-01  1e+00 2:29.8
   22    176 1.988844488844510e-02 4.8e+00 9.21e-01  4e-01  1e+00 2:44.3
   23    184 2.842679127725622e-03 5.0e+00 9.51e-01  4e-01  1e+00 2:51.7
termination on ftarget=0.005
final/bestever f-value = 2.842679e-03 2.842679e-03
incumbent solution: [13.6637281982631, 6.0816433162233885, 4.416177894577889, 3.062770797844422]
std deviation: [1.4098710053510175, 0.4145565137151673, 0.6160857251129379, 0.5380689354810441]
CMAEvolutionStrategyResult(xbest=array([13.63528562,  6.06744394,  4.94279319,  3.04493002]), fbest=0.0028426791277256225, evals_best=178, evaluations=184, iterations=23, xfavorite=array([13.6637282 ,  6.08164332,  4.41617789,  3.0627708 ]), stds=array([1.40987101, 0.41455651, 0.61608573, 0.53806894]), stop={'ftarget': 0.005})
3 10
(4_w,8)-aCMA-ES (mu_w=2.6,w_1=52%) in dimension 4 (seed=481689, Tue Jun 22 12:40:58 2021)
Iterat #Fevals   function value  axis ratio  sigma  min&max std  t[m:s]
    1      8 3.601473153711957e-01 1.0e+00 1.74e+00  2e+00  2e+00 0:07.7
    2     16 3.513574660633481e-01 1.4e+00 1.66e+00  2e+00  2e+00 0:15.0
    3     24 2.072945284617554e-01 1.5e+00 1.73e+00  2e+00  2e+00 0:22.9
    4     32 1.429149329634766e-01 1.9e+00 1.51e+00  1e+00  2e+00 0:30.2
    5     40 2.648178137651823e-01 1.9e+00 1.35e+00  1e+00  2e+00 0:38.9
    6     48 3.733867378727185e-02 1.9e+00 1.27e+00  1e+00  2e+00 0:46.3
    7     56 1.133617815101033e-01 2.0e+00 1.33e+00  1e+00  2e+00 0:53.3
    8     64 1.698285957628021e-02 1.8e+00 1.60e+00  1e+00  2e+00 1:00.6
   10     80 8.040816326530698e-02 2.2e+00 1.26e+00  1e+00  1e+00 1:14.9
   12     96 1.670297748729155e-02 2.8e+00 1.11e+00  9e-01  1e+00 1:29.9
   14    112 1.687493179089739e-02 2.6e+00 1.22e+00  9e-01  1e+00 1:44.7
   16    128 1.205654101995565e-01 2.6e+00 1.08e+00  7e-01  1e+00 1:59.0
   18    144 3.586825545588446e-02 2.2e+00 1.03e+00  6e-01  1e+00 2:13.1
   20    160 2.823106536769340e-01 2.8e+00 1.40e+00  7e-01  2e+00 2:28.0
   22    176 2.051430453604373e-01 3.6e+00 1.33e+00  6e-01  2e+00 2:42.8
   24    192 2.631805736200926e-01 5.0e+00 1.37e+00  6e-01  2e+00 2:58.1
   27    216 7.547380156075834e-02 5.9e+00 1.24e+00  5e-01  2e+00 3:20.0
   30    240 2.938291421437556e-02 5.0e+00 1.08e+00  4e-01  1e+00 3:42.2
   33    264 9.532513570399848e-02 4.7e+00 9.42e-01  4e-01  9e-01 4:03.9
   36    288 4.366746698678536e-03 4.4e+00 6.60e-01  3e-01  6e-01 4:25.5
termination on ftarget=0.005
final/bestever f-value = 4.366747e-03 4.366747e-03
incumbent solution: [2.1361356431151446, 5.819428721752248, 1.737621087301656, 4.7546217144071194]
std deviation: [0.5463327987358276, 0.2562962157452519, 0.5501926031347889, 0.2805766497020555]
CMAEvolutionStrategyResult(xbest=array([2.7801449 , 5.82606008, 1.78844982, 4.49624226]), fbest=0.004366746698678536, evals_best=282, evaluations=288, iterations=36, xfavorite=array([2.13613564, 5.81942872, 1.73762109, 4.75462171]), stds=array([0.5463328 , 0.25629622, 0.5501926 , 0.28057665]), stop={'ftarget': 0.005})
4 10
(4_w,8)-aCMA-ES (mu_w=2.6,w_1=52%) in dimension 4 (seed=515132, Tue Jun 22 12:45:23 2021)
Iterat #Fevals   function value  axis ratio  sigma  min&max std  t[m:s]
    1      8 2.950089126559722e-01 1.0e+00 1.68e+00  1e+00  2e+00 0:08.4
    2     16 4.529189028026235e-01 1.6e+00 1.63e+00  1e+00  2e+00 0:16.1
    3     24 3.321316743572841e-01 1.7e+00 1.54e+00  1e+00  2e+00 0:23.4
    4     32 2.514483065953654e-01 1.8e+00 1.44e+00  1e+00  2e+00 0:30.6
    5     40 1.822221962671399e-01 1.8e+00 1.27e+00  9e-01  2e+00 0:37.7
    6     48 1.810378181883676e-02 2.1e+00 1.45e+00  1e+00  2e+00 0:44.5
    7     56 4.040107605771448e-03 2.0e+00 1.48e+00  1e+00  2e+00 0:51.7
termination on ftarget=0.005
final/bestever f-value = 4.040108e-03 4.040108e-03
incumbent solution: [1.3470014874462048, 2.5990716911005434, 3.710933387265428, 2.1027696728261795]
std deviation: [1.1282889653805863, 1.6259424782116132, 1.2579983615237333, 1.4905926783431183]
CMAEvolutionStrategyResult(xbest=array([0.88186283, 2.67540758, 4.35000492, 2.52659061]), fbest=0.004040107605771448, evals_best=50, evaluations=56, iterations=7, xfavorite=array([1.34700149, 2.59907169, 3.71093339, 2.10276967]), stds=array([1.12828897, 1.62594248, 1.25799836, 1.49059268]), stop={'ftarget': 0.005})
5 10
(4_w,8)-aCMA-ES (mu_w=2.6,w_1=52%) in dimension 4 (seed=484660, Tue Jun 22 12:46:15 2021)
Iterat #Fevals   function value  axis ratio  sigma  min&max std  t[m:s]
    1      8 4.250339129362443e-01 1.0e+00 1.57e+00  1e+00  2e+00 0:07.1
    2     16 1.563156315631560e-01 1.3e+00 1.36e+00  1e+00  1e+00 0:14.1
    3     24 2.756123139786495e-01 1.2e+00 1.24e+00  1e+00  1e+00 0:22.0
    4     32 1.143353929270030e-01 1.3e+00 1.30e+00  1e+00  1e+00 0:29.4
    5     40 2.085602602062396e-01 1.6e+00 1.21e+00  1e+00  1e+00 0:37.1
    6     48 7.599526767228704e-02 1.6e+00 1.17e+00  9e-01  1e+00 0:44.2
    7     56 8.725466893897693e-02 1.6e+00 1.04e+00  8e-01  1e+00 0:51.3
    8     64 1.811298776936521e-02 1.8e+00 1.00e+00  8e-01  1e+00 0:58.9
   10     80 9.364596670934711e-02 1.7e+00 7.33e-01  5e-01  7e-01 1:16.7
   12     96 3.218124341411954e-02 1.8e+00 5.40e-01  3e-01  5e-01 1:30.9
   14    112 4.313725490196041e-02 2.1e+00 4.90e-01  3e-01  4e-01 1:46.4
   16    128 1.153846153846128e-02 2.3e+00 4.27e-01  3e-01  3e-01 2:01.0
   18    144 1.829182496133619e-04 2.2e+00 3.48e-01  2e-01  3e-01 2:15.8
termination on ftarget=0.005
final/bestever f-value = 1.829182e-04 1.829182e-04
incumbent solution: [1.1482029606371043, 1.8843688286196856, 0.2280498733046912, 3.175702330510032]
std deviation: [0.1858677920444212, 0.2536924101634444, 0.2024484732096521, 0.2685327683210027]
CMAEvolutionStrategyResult(xbest=array([1.27369596, 2.01242251, 0.11462645, 3.18624371]), fbest=0.0001829182496133619, evals_best=138, evaluations=144, iterations=18, xfavorite=array([1.14820296, 1.88436883, 0.22804987, 3.17570233]), stds=array([0.18586779, 0.25369241, 0.20244847, 0.26853277]), stop={'ftarget': 0.005})
6 10
(4_w,8)-aCMA-ES (mu_w=2.6,w_1=52%) in dimension 4 (seed=481622, Tue Jun 22 12:48:31 2021)
Iterat #Fevals   function value  axis ratio  sigma  min&max std  t[m:s]
    1      8 8.147699757869176e-02 1.0e+00 1.43e+00  1e+00  1e+00 0:07.6
    2     16 2.609995426189541e-01 1.4e+00 1.19e+00  1e+00  1e+00 0:15.1
    3     24 1.356422831129023e-01 1.5e+00 9.92e-01  9e-01  1e+00 0:22.5
    4     32 2.799751618244771e-01 1.7e+00 9.90e-01  8e-01  1e+00 0:30.0
    5     40 2.977107153042444e-01 2.1e+00 8.43e-01  6e-01  9e-01 0:37.1
    6     48 2.480207507269372e-01 2.3e+00 8.70e-01  7e-01  1e+00 0:44.7
    7     56 1.200325778639055e-02 3.0e+00 9.39e-01  7e-01  1e+00 0:52.5
    8     64 1.409788199357637e-01 3.4e+00 8.51e-01  7e-01  9e-01 0:59.9
   10     80 2.142330771660150e-02 2.9e+00 8.28e-01  5e-01  8e-01 1:15.0
   12     96 1.703451414624846e-02 3.2e+00 9.45e-01  6e-01  9e-01 1:30.2
   14    112 2.923663767037288e-02 3.0e+00 7.58e-01  5e-01  7e-01 1:44.5
   16    128 4.319511130510612e-02 3.5e+00 6.26e-01  3e-01  6e-01 1:58.7
   18    144 4.854418647522563e-03 3.4e+00 8.59e-01  5e-01  9e-01 2:13.1
termination on ftarget=0.005
final/bestever f-value = 4.854419e-03 4.854419e-03
incumbent solution: [1.0517621210525756, 4.2157284437806375, 5.72002131121252, 4.163600494255716]
std deviation: [0.4793604663462528, 0.9201607079607097, 0.5862313934509292, 0.7837759701036514]
CMAEvolutionStrategyResult(xbest=array([1.41055535, 4.61844947, 5.698599  , 4.05285717]), fbest=0.004854418647522563, evals_best=144, evaluations=144, iterations=18, xfavorite=array([1.05176212, 4.21572844, 5.72002131, 4.16360049]), stds=array([0.47936047, 0.92016071, 0.58623139, 0.78377597]), stop={'ftarget': 0.005})
7 10
(4_w,8)-aCMA-ES (mu_w=2.6,w_1=52%) in dimension 4 (seed=472742, Tue Jun 22 12:50:44 2021)
Iterat #Fevals   function value  axis ratio  sigma  min&max std  t[m:s]
    1      8 4.784118483808886e-02 1.0e+00 1.37e+00  1e+00  1e+00 0:07.3
    2     16 1.444744041539248e-02 1.3e+00 1.45e+00  1e+00  2e+00 0:14.7
    3     24 7.241879375382987e-02 1.6e+00 1.65e+00  1e+00  2e+00 0:22.4
    4     32 4.729729729729737e-02 2.0e+00 1.33e+00  1e+00  2e+00 0:29.4
    5     40 3.440643863179083e-02 2.0e+00 1.20e+00  9e-01  1e+00 0:36.8
    6     48 1.199134199134244e-02 2.1e+00 1.20e+00  8e-01  1e+00 0:44.7
    7     56 3.084013101420902e-02 2.1e+00 1.09e+00  8e-01  1e+00 0:51.9
    8     64 4.119579134888252e-03 2.0e+00 1.17e+00  8e-01  1e+00 0:59.5
termination on ftarget=0.005
final/bestever f-value = 4.119579e-03 4.119579e-03
incumbent solution: [5.969423453089547, 0.715874775866926, 2.1365341439967036, 3.7811384418998784]
std deviation: [1.1892892148368412, 1.0207065828462487, 0.9567431067268021, 0.8020452229861396]
CMAEvolutionStrategyResult(xbest=array([6.52807561, 0.7341753 , 2.84165998, 3.386397  ]), fbest=0.0041195791348882516, evals_best=58, evaluations=64, iterations=8, xfavorite=array([5.96942345, 0.71587478, 2.13653414, 3.78113844]), stds=array([1.18928921, 1.02070658, 0.95674311, 0.80204522]), stop={'ftarget': 0.005})
8 10
(4_w,8)-aCMA-ES (mu_w=2.6,w_1=52%) in dimension 4 (seed=495805, Tue Jun 22 12:51:43 2021)
Iterat #Fevals   function value  axis ratio  sigma  min&max std  t[m:s]
    1      8 1.692126269956451e-01 1.0e+00 1.56e+00  1e+00  2e+00 0:07.8
    2     16 1.751689189189191e-01 1.3e+00 1.99e+00  2e+00  2e+00 0:15.2
    3     24 2.571618098514415e-01 1.4e+00 2.20e+00  2e+00  2e+00 0:22.3
    4     32 2.749221292910614e-01 1.6e+00 2.27e+00  2e+00  3e+00 0:29.8
    5     40 2.521927767354598e-01 1.9e+00 2.33e+00  2e+00  3e+00 0:37.7
    6     48 1.589473684210532e-01 2.1e+00 2.81e+00  3e+00  3e+00 0:46.3
    7     56 4.334441873915567e-01 2.6e+00 2.58e+00  2e+00  3e+00 0:53.5
    8     64 1.674411520942986e-01 2.8e+00 2.58e+00  2e+00  3e+00 1:01.2
   10     80 2.962553136093500e-01 3.4e+00 2.92e+00  3e+00  4e+00 1:16.0
   12     96 1.900795890720248e-01 3.5e+00 2.69e+00  2e+00  3e+00 1:30.3
   14    112 4.204875075967851e-02 3.6e+00 3.32e+00  3e+00  4e+00 1:45.1
   16    128 1.740016106873851e-01 4.3e+00 3.25e+00  3e+00  4e+00 1:59.7
   18    144 1.409812390516554e-01 4.6e+00 4.11e+00  4e+00  5e+00 2:14.2
   20    160 4.280996238356825e-01 6.0e+00 3.60e+00  3e+00  5e+00 2:29.0
   22    176 1.449767833131306e-01 6.2e+00 3.67e+00  3e+00  4e+00 2:43.7
   24    192 6.557752712735588e-01 5.7e+00 4.42e+00  4e+00  6e+00 2:59.3
   27    216 3.905292820387185e-02 5.8e+00 4.39e+00  3e+00  6e+00 3:21.4
   30    240 1.913782576560952e-01 5.1e+00 3.83e+00  3e+00  4e+00 3:43.7
   33    264 8.267499223789909e-02 6.2e+00 3.45e+00  2e+00  4e+00 4:05.7
   36    288 4.083443851895763e-02 5.8e+00 2.52e+00  2e+00  2e+00 4:27.5
   39    312 2.920412920412927e-01 6.1e+00 2.16e+00  2e+00  2e+00 4:49.6
   42    336 2.736678143958029e-01 6.8e+00 1.98e+00  1e+00  2e+00 5:11.4
   46    368 1.379048582995990e-02 7.5e+00 2.13e+00  1e+00  2e+00 5:41.2
   49    392 1.254749075930045e-01 5.7e+00 1.80e+00  1e+00  1e+00 6:05.8
   53    424 2.672822299651576e-01 7.9e+00 1.64e+00  9e-01  1e+00 6:36.5
   57    456 8.052400561111384e-02 9.3e+00 1.10e+00  5e-01  8e-01 7:05.8
   60    480 1.393728222995883e-03 7.2e+00 1.10e+00  4e-01  7e-01 7:28.4
termination on ftarget=0.005
final/bestever f-value = 1.393728e-03 1.393728e-03
incumbent solution: [-6.8927836688964454, -6.1935000541269645, 11.531470172584317, 16.134638693330277]
std deviation: [0.4284847270085144, 0.7357330927380533, 0.47888209636839096, 0.6079616166433592]
CMAEvolutionStrategyResult(xbest=array([-6.72573376, -6.27393404, 11.29892498, 15.99124159]), fbest=0.0013937282229958825, evals_best=479, evaluations=480, iterations=60, xfavorite=array([-6.89278367, -6.19350005, 11.53147017, 16.13463869]), stds=array([0.42848473, 0.73573309, 0.4788821 , 0.60796162]), stop={'ftarget': 0.005})
9 10
(4_w,8)-aCMA-ES (mu_w=2.6,w_1=52%) in dimension 4 (seed=428306, Tue Jun 22 12:59:12 2021)
Iterat #Fevals   function value  axis ratio  sigma  min&max std  t[m:s]
    1      8 2.696136408436844e-02 1.0e+00 1.45e+00  1e+00  1e+00 0:07.1
    2     16 2.033040382689855e-02 1.2e+00 1.28e+00  1e+00  1e+00 0:14.7
    3     24 1.217885331659341e-03 1.3e+00 1.06e+00  9e-01  1e+00 0:21.9
termination on ftarget=0.005
final/bestever f-value = 1.217885e-03 1.217885e-03
incumbent solution: [4.656470651578011, 4.572628400679634, 2.7745587645680874, 0.8309968391649191]
std deviation: [0.9200253694194117, 0.8666741653994229, 0.926671790496323, 0.9590554354815908]
CMAEvolutionStrategyResult(xbest=array([4.62114142, 4.82802586, 2.5356415 , 0.60662273]), fbest=0.0012178853316593408, evals_best=22, evaluations=24, iterations=3, xfavorite=array([4.65647065, 4.5726284 , 2.77455876, 0.83099684]), stds=array([0.92002537, 0.86667417, 0.92667179, 0.95905544]), stop={'ftarget': 0.005})
