0 10
(4_w,8)-aCMA-ES (mu_w=2.6,w_1=52%) in dimension 4 (seed=501689, Tue Jun 22 12:32:20 2021)
circuitVTD.py:347: DeprecationWarning: The QuantumCircuit.__add__() method is being deprecated.Use the compose() method which is more flexible w.r.t circuit register compatibility.
  TrotterFixStepList.append(TrotterFixStepList[-1] + U_trot)
/home/nfb1/.local/lib/python3.7/site-packages/qiskit/circuit/quantumcircuit.py:869: DeprecationWarning: The QuantumCircuit.combine() method is being deprecated. Use the compose() method which is more flexible w.r.t circuit register compatibility.
  return self.combine(rhs)
Iterat #Fevals   function value  axis ratio  sigma  min&max std  t[m:s]
    1      8 1.097582972582967e-01 1.0e+00 1.61e+00  2e+00  2e+00 0:06.0
    2     16 2.593351896361140e-02 1.2e+00 1.39e+00  1e+00  1e+00 0:11.9
    3     24 6.324328182966887e-02 1.4e+00 1.99e+00  2e+00  3e+00 0:17.9
    4     32 1.339432594778955e-02 1.6e+00 2.27e+00  2e+00  3e+00 0:23.7
    5     40 1.558281870819123e-02 1.5e+00 2.13e+00  2e+00  2e+00 0:29.9
    6     48 4.354282025178258e-02 1.6e+00 1.90e+00  1e+00  2e+00 0:35.9
    7     56 2.715037454603630e-02 1.5e+00 2.02e+00  2e+00  2e+00 0:41.9
    9     72 7.686173833556942e-02 1.7e+00 1.53e+00  1e+00  2e+00 0:53.7
   11     88 1.562686496019828e-01 2.1e+00 1.06e+00  6e-01  1e+00 1:05.9
   13    104 2.756228827851182e-02 1.9e+00 8.97e-01  5e-01  8e-01 1:18.7
   15    120 1.658428078100938e-02 2.5e+00 7.81e-01  4e-01  7e-01 1:30.8
   17    136 5.880713489409062e-02 3.1e+00 7.35e-01  3e-01  7e-01 1:43.0
   18    144 1.594896331737816e-03 3.0e+00 7.82e-01  3e-01  8e-01 1:49.1
termination on ftarget=0.005
final/bestever f-value = 1.594896e-03 1.594896e-03
incumbent solution: [2.3543440373950633, 1.4221396194749776, 6.077642691960208, 0.9073856850686105]
std deviation: [0.5534734653712262, 0.3157508673454146, 0.5481475473171679, 0.7567618835855555]
CMAEvolutionStrategyResult(xbest=array([2.77126379, 1.20645776, 6.01360489, 1.41148207]), fbest=0.0015948963317378162, evals_best=141, evaluations=144, iterations=18, xfavorite=array([2.35434404, 1.42213962, 6.07764269, 0.90738569]), stds=array([0.55347347, 0.31575087, 0.54814755, 0.75676188]), stop={'ftarget': 0.005})
1 10
(4_w,8)-aCMA-ES (mu_w=2.6,w_1=52%) in dimension 4 (seed=505814, Tue Jun 22 12:34:09 2021)
Iterat #Fevals   function value  axis ratio  sigma  min&max std  t[m:s]
    1      8 1.291365811948846e-01 1.0e+00 1.37e+00  1e+00  1e+00 0:07.3
    2     16 3.595575789940186e-03 1.3e+00 1.40e+00  1e+00  2e+00 0:14.6
termination on ftarget=0.005
final/bestever f-value = 3.595576e-03 3.595576e-03
incumbent solution: [3.5134246542822654, 8.289918491473575, 5.002738272155195, 6.7511540823381075]
std deviation: [1.1671069968918848, 1.5758052603431536, 1.257526478266284, 1.3688140925972627]
CMAEvolutionStrategyResult(xbest=array([4.492652  , 9.55030305, 5.81670567, 5.59202623]), fbest=0.0035955757899401863, evals_best=15, evaluations=16, iterations=2, xfavorite=array([3.51342465, 8.28991849, 5.00273827, 6.75115408]), stds=array([1.167107  , 1.57580526, 1.25752648, 1.36881409]), stop={'ftarget': 0.005})
2 10
(4_w,8)-aCMA-ES (mu_w=2.6,w_1=52%) in dimension 4 (seed=469227, Tue Jun 22 12:34:24 2021)
Iterat #Fevals   function value  axis ratio  sigma  min&max std  t[m:s]
    1      8 7.101372758988681e-01 1.0e+00 1.56e+00  1e+00  2e+00 0:07.1
    2     16 3.553907481227412e-01 1.3e+00 1.57e+00  1e+00  2e+00 0:14.1
    3     24 3.094729380478091e-01 1.5e+00 1.40e+00  1e+00  2e+00 0:21.4
    4     32 3.082041294291387e-01 1.7e+00 1.52e+00  1e+00  2e+00 0:29.7
    5     40 1.628154150423333e-01 2.0e+00 1.38e+00  1e+00  2e+00 0:36.7
    6     48 2.539408866995071e-01 1.9e+00 1.30e+00  1e+00  2e+00 0:44.4
    7     56 1.728095211594605e-02 2.2e+00 1.23e+00  1e+00  1e+00 0:51.8
    8     64 1.177421164852434e-01 2.5e+00 1.22e+00  8e-01  1e+00 0:58.9
   10     80 1.082553041969663e-01 2.7e+00 1.00e+00  7e-01  1e+00 1:13.7
   12     96 1.601049606397598e-01 2.7e+00 9.25e-01  5e-01  9e-01 1:28.3
   14    112 5.021419258707427e-02 3.1e+00 9.06e-01  6e-01  9e-01 1:43.4
   16    128 3.774709960518718e-02 3.4e+00 8.57e-01  5e-01  8e-01 1:58.2
   18    144 1.255570409982210e-02 3.3e+00 7.10e-01  4e-01  7e-01 2:13.6
   20    160 2.043264082244600e-02 3.6e+00 5.84e-01  3e-01  5e-01 2:28.3
   22    176 2.062036647882382e-02 5.8e+00 6.17e-01  4e-01  7e-01 2:43.0
   25    200 1.078282059092373e-02 6.4e+00 4.25e-01  2e-01  5e-01 3:05.1
   26    208 3.751739216873995e-04 7.0e+00 4.02e-01  2e-01  5e-01 3:12.5
termination on ftarget=0.005
final/bestever f-value = 3.751739e-04 3.751739e-04
incumbent solution: [4.152859969086342, 0.4379343976979938, 6.0470037621328565, 3.6850233882119148]
std deviation: [0.5106027713682937, 0.4613519198678875, 0.372102014176826, 0.20493156828886278]
CMAEvolutionStrategyResult(xbest=array([4.57675611, 0.91732615, 5.59108169, 3.57102206]), fbest=0.0003751739216873995, evals_best=201, evaluations=208, iterations=26, xfavorite=array([4.15285997, 0.4379344 , 6.04700376, 3.68502339]), stds=array([0.51060277, 0.46135192, 0.37210201, 0.20493157]), stop={'ftarget': 0.005})
3 10
(4_w,8)-aCMA-ES (mu_w=2.6,w_1=52%) in dimension 4 (seed=431736, Tue Jun 22 12:37:37 2021)
Iterat #Fevals   function value  axis ratio  sigma  min&max std  t[m:s]
    1      8 2.087215118258029e-01 1.0e+00 1.50e+00  1e+00  2e+00 0:07.1
    2     16 3.970128118411553e-02 1.3e+00 1.53e+00  1e+00  2e+00 0:14.4
    3     24 2.372152446779320e-01 1.6e+00 1.65e+00  1e+00  2e+00 0:21.7
    4     32 4.118483936919705e-01 1.8e+00 1.84e+00  1e+00  2e+00 0:29.0
    5     40 5.254621725769504e-02 1.9e+00 2.23e+00  2e+00  3e+00 0:36.1
    6     48 4.730010816206498e-03 1.8e+00 1.93e+00  2e+00  2e+00 0:43.8
termination on ftarget=0.005
final/bestever f-value = 4.730011e-03 4.730011e-03
incumbent solution: [6.184875435566091, 7.130516788004322, 1.4989376332365743, 4.106916935315541]
std deviation: [1.7607655770432504, 2.1734574695652165, 1.9453052278840153, 1.6275800156382703]
CMAEvolutionStrategyResult(xbest=array([5.40087309, 8.56603083, 0.61181388, 3.84283847]), fbest=0.004730010816206498, evals_best=43, evaluations=48, iterations=6, xfavorite=array([6.18487544, 7.13051679, 1.49893763, 4.10691694]), stds=array([1.76076558, 2.17345747, 1.94530523, 1.62758002]), stop={'ftarget': 0.005})
4 10
(4_w,8)-aCMA-ES (mu_w=2.6,w_1=52%) in dimension 4 (seed=512662, Tue Jun 22 12:38:20 2021)
Iterat #Fevals   function value  axis ratio  sigma  min&max std  t[m:s]
    1      8 3.413167797807830e-01 1.0e+00 1.55e+00  1e+00  2e+00 0:07.1
    2     16 4.736575481256255e-02 1.2e+00 1.52e+00  1e+00  2e+00 0:14.8
    3     24 2.837940454832860e-01 1.5e+00 1.64e+00  1e+00  2e+00 0:22.3
    4     32 2.433334804362340e-01 1.7e+00 1.68e+00  1e+00  2e+00 0:29.5
    5     40 3.604675267075481e-01 1.7e+00 1.39e+00  1e+00  2e+00 0:37.0
    6     48 3.503233790371552e-02 1.9e+00 1.32e+00  1e+00  2e+00 0:44.4
    7     56 2.725964306275193e-01 2.1e+00 1.39e+00  1e+00  2e+00 0:52.3
    8     64 9.956800978668157e-02 2.5e+00 1.14e+00  9e-01  1e+00 0:59.6
   10     80 2.459511723471031e-02 2.6e+00 8.27e-01  6e-01  9e-01 1:14.2
   12     96 2.539161686003544e-03 2.8e+00 7.08e-01  4e-01  7e-01 1:29.0
termination on ftarget=0.005
final/bestever f-value = 2.539162e-03 2.539162e-03
incumbent solution: [2.7439974460284695, 1.3053426442387304, 4.733103035381522, 5.1284815457876425]
std deviation: [0.6915996173806369, 0.5210430457989541, 0.5594651514466732, 0.429276269370169]
CMAEvolutionStrategyResult(xbest=array([2.40106267, 0.99400514, 4.97614704, 4.98446463]), fbest=0.0025391616860035437, evals_best=89, evaluations=96, iterations=12, xfavorite=array([2.74399745, 1.30534264, 4.73310304, 5.12848155]), stds=array([0.69159962, 0.52104305, 0.55946515, 0.42927627]), stop={'ftarget': 0.005})
5 10
(4_w,8)-aCMA-ES (mu_w=2.6,w_1=52%) in dimension 4 (seed=461412, Tue Jun 22 12:39:50 2021)
Iterat #Fevals   function value  axis ratio  sigma  min&max std  t[m:s]
    1      8 2.524835770875630e-01 1.0e+00 1.42e+00  1e+00  1e+00 0:07.7
    2     16 3.615890878874745e-01 1.2e+00 1.24e+00  1e+00  1e+00 0:15.4
    3     24 4.966793791969532e-01 1.3e+00 1.48e+00  1e+00  2e+00 0:22.5
    4     32 2.629369331264572e-01 1.6e+00 1.50e+00  1e+00  2e+00 0:30.1
    5     40 1.306615183594849e-01 1.9e+00 1.86e+00  2e+00  2e+00 0:37.2
    6     48 2.388578808985654e-01 1.9e+00 1.83e+00  2e+00  2e+00 0:44.4
    7     56 2.432412358883029e-02 1.9e+00 1.85e+00  2e+00  2e+00 0:51.5
    8     64 1.088280677461768e-01 1.9e+00 1.65e+00  1e+00  2e+00 0:58.8
   10     80 4.966523801070244e-02 2.3e+00 1.31e+00  1e+00  1e+00 1:13.8
   12     96 9.544943994790156e-02 2.4e+00 8.97e-01  6e-01  8e-01 1:28.4
   13    104 3.090119884249010e-03 2.4e+00 8.33e-01  5e-01  7e-01 1:36.0
termination on ftarget=0.005
final/bestever f-value = 3.090120e-03 3.090120e-03
incumbent solution: [4.419805384913999, -0.529341227870918, -3.3834792390169386, 1.5945024527445137]
std deviation: [0.5298962146847932, 0.5952521297506174, 0.7199826111321824, 0.6288757800430148]
CMAEvolutionStrategyResult(xbest=array([ 4.28180345, -0.14999394, -3.14165046,  1.60316206]), fbest=0.0030901198842490096, evals_best=98, evaluations=104, iterations=13, xfavorite=array([ 4.41980538, -0.52934123, -3.38347924,  1.59450245]), stds=array([0.52989621, 0.59525213, 0.71998261, 0.62887578]), stop={'ftarget': 0.005})
6 10
(4_w,8)-aCMA-ES (mu_w=2.6,w_1=52%) in dimension 4 (seed=392698, Tue Jun 22 12:41:26 2021)
Iterat #Fevals   function value  axis ratio  sigma  min&max std  t[m:s]
    1      8 2.981242903555820e-01 1.0e+00 1.64e+00  2e+00  2e+00 0:07.4
    2     16 6.599588853357706e-01 1.4e+00 1.82e+00  1e+00  2e+00 0:14.5
    3     24 7.396597833446179e-01 1.9e+00 1.98e+00  2e+00  2e+00 0:22.1
    4     32 1.798004551023981e-01 1.9e+00 1.69e+00  1e+00  2e+00 0:29.5
    5     40 2.804027433240918e-01 2.1e+00 1.74e+00  1e+00  2e+00 0:36.6
    6     48 4.633514633514639e-01 2.1e+00 1.88e+00  2e+00  2e+00 0:44.2
    7     56 5.433837090601303e-01 2.3e+00 2.24e+00  2e+00  3e+00 0:51.2
    8     64 5.891825474103957e-01 2.4e+00 2.38e+00  2e+00  3e+00 0:58.6
   10     80 5.245309503925588e-01 2.6e+00 2.24e+00  2e+00  3e+00 1:13.3
   12     96 4.467783359674877e-01 2.3e+00 2.18e+00  2e+00  3e+00 1:28.3
   14    112 2.036955289796581e-01 2.6e+00 1.91e+00  1e+00  2e+00 1:43.6
   16    128 3.646212527564227e-01 2.4e+00 1.43e+00  9e-01  1e+00 1:59.6
   18    144 2.906504494231765e-01 2.4e+00 1.10e+00  6e-01  9e-01 2:14.2
   20    160 1.896098565808633e-01 2.1e+00 1.02e+00  5e-01  8e-01 2:28.9
   21    168 3.155381204162033e-03 2.1e+00 1.14e+00  5e-01  9e-01 2:36.3
termination on ftarget=0.005
final/bestever f-value = 3.155381e-03 3.155381e-03
incumbent solution: [4.060078163959228, 1.5723783306250438, -1.2562236117100278, 8.080406699812553]
std deviation: [0.8719963076780947, 0.5487503333258761, 0.8780356259368275, 0.850687015188944]
CMAEvolutionStrategyResult(xbest=array([ 4.14713551,  1.40675314, -1.37403775,  8.53640738]), fbest=0.0031553812041620333, evals_best=163, evaluations=168, iterations=21, xfavorite=array([ 4.06007816,  1.57237833, -1.25622361,  8.0804067 ]), stds=array([0.87199631, 0.54875033, 0.87803563, 0.85068702]), stop={'ftarget': 0.005})
7 10
(4_w,8)-aCMA-ES (mu_w=2.6,w_1=52%) in dimension 4 (seed=465567, Tue Jun 22 12:44:02 2021)
Iterat #Fevals   function value  axis ratio  sigma  min&max std  t[m:s]
    1      8 9.699589845914680e-03 1.0e+00 1.58e+00  1e+00  2e+00 0:07.3
    2     16 4.469516869394874e-02 1.4e+00 1.73e+00  2e+00  2e+00 0:14.8
    3     24 4.270310005433353e-01 1.7e+00 1.82e+00  2e+00  2e+00 0:22.4
    4     32 1.625773023566777e-01 1.9e+00 1.66e+00  1e+00  2e+00 0:29.5
    5     40 3.803329025931669e-01 1.9e+00 1.53e+00  1e+00  2e+00 0:37.1
    6     48 7.565342263587183e-03 1.9e+00 1.41e+00  1e+00  2e+00 0:44.8
    7     56 8.020442219441015e-02 1.9e+00 1.53e+00  1e+00  2e+00 0:52.0
    8     64 5.782443619320055e-02 1.9e+00 1.40e+00  1e+00  2e+00 0:59.6
   10     80 5.346030872897867e-03 2.3e+00 1.86e+00  1e+00  2e+00 1:14.7
   12     96 3.345444052388090e-01 2.5e+00 1.86e+00  1e+00  2e+00 1:29.7
   14    112 8.123796895548108e-02 3.2e+00 1.46e+00  6e-01  2e+00 1:44.3
   16    128 4.662983328663473e-02 4.6e+00 1.28e+00  5e-01  2e+00 1:59.3
   18    144 8.083152230598545e-02 4.9e+00 1.17e+00  4e-01  2e+00 2:15.0
   20    160 5.473311378683476e-02 6.1e+00 1.10e+00  5e-01  1e+00 2:29.4
   22    176 3.165807682451116e-02 5.7e+00 8.87e-01  3e-01  1e+00 2:43.9
   25    200 4.902809213154136e-02 6.1e+00 6.30e-01  2e-01  8e-01 3:06.0
   28    224 2.023376067068519e-01 7.8e+00 6.90e-01  2e-01  1e+00 3:28.1
   31    248 1.395500396690497e-02 8.7e+00 7.01e-01  2e-01  1e+00 3:50.0
   34    272 1.304945054944273e-03 1.1e+01 7.98e-01  2e-01  1e+00 4:11.6
termination on ftarget=0.005
final/bestever f-value = 1.304945e-03 1.304945e-03
incumbent solution: [5.680100316383895, 7.946808999201193, 9.163852848157498, 2.6603704667131254]
std deviation: [0.2170343235706063, 1.0652904960454421, 0.526047462308942, 0.8143400664655478]
CMAEvolutionStrategyResult(xbest=array([5.71296442, 7.61071086, 9.29005219, 3.00542348]), fbest=0.0013049450549442732, evals_best=266, evaluations=272, iterations=34, xfavorite=array([5.68010032, 7.946809  , 9.16385285, 2.66037047]), stds=array([0.21703432, 1.0652905 , 0.52604746, 0.81434007]), stop={'ftarget': 0.005})
8 10
(4_w,8)-aCMA-ES (mu_w=2.6,w_1=52%) in dimension 4 (seed=491669, Tue Jun 22 12:48:13 2021)
Iterat #Fevals   function value  axis ratio  sigma  min&max std  t[m:s]
    1      8 1.001642036124806e-02 1.0e+00 1.63e+00  2e+00  2e+00 0:06.9
    2     16 3.523779385171796e-01 1.3e+00 1.61e+00  1e+00  2e+00 0:14.2
    3     24 4.557233152143015e-01 1.5e+00 1.31e+00  1e+00  1e+00 0:22.3
    4     32 4.858903020667826e-03 1.6e+00 1.25e+00  1e+00  1e+00 0:29.5
termination on ftarget=0.005
final/bestever f-value = 4.858903e-03 4.858903e-03
incumbent solution: [6.241633656538269, 0.3388102278184679, 5.208687435056205, 2.1702984890109875]
std deviation: [1.1426458816355824, 1.183986898733413, 1.325263505006729, 1.221216675229291]
CMAEvolutionStrategyResult(xbest=array([6.12738098, 1.64911137, 5.67176068, 2.91811847]), fbest=0.004858903020667826, evals_best=28, evaluations=32, iterations=4, xfavorite=array([6.24163366, 0.33881023, 5.20868744, 2.17029849]), stds=array([1.14264588, 1.1839869 , 1.32526351, 1.22121668]), stop={'ftarget': 0.005})
9 10
(4_w,8)-aCMA-ES (mu_w=2.6,w_1=52%) in dimension 4 (seed=524713, Tue Jun 22 12:48:43 2021)
Iterat #Fevals   function value  axis ratio  sigma  min&max std  t[m:s]
    1      8 7.676696240334402e-02 1.0e+00 1.78e+00  2e+00  2e+00 0:07.7
    2     16 5.381600800855435e-02 1.3e+00 2.13e+00  2e+00  3e+00 0:15.1
    3     24 4.199345969256221e-01 1.7e+00 2.14e+00  2e+00  3e+00 0:22.3
    4     32 1.176787046513634e-01 1.8e+00 2.17e+00  2e+00  3e+00 0:29.6
    5     40 1.145676900167928e-01 1.8e+00 2.26e+00  2e+00  3e+00 0:37.0
    6     48 6.554938359524687e-02 2.2e+00 1.95e+00  2e+00  3e+00 0:44.7
    7     56 3.235986702373266e-01 2.4e+00 1.76e+00  1e+00  3e+00 0:51.8
    8     64 2.663662155851239e-01 2.9e+00 1.91e+00  1e+00  3e+00 0:59.1
   10     80 8.709901006702048e-02 3.4e+00 1.55e+00  1e+00  3e+00 1:13.6
   12     96 2.504329004329015e-01 4.1e+00 1.79e+00  1e+00  4e+00 1:28.4
   14    112 3.865793711331522e-02 5.0e+00 1.61e+00  1e+00  3e+00 1:43.3
   15    120 4.591699868375598e-03 4.8e+00 1.65e+00  1e+00  3e+00 1:50.5
termination on ftarget=0.005
final/bestever f-value = 4.591700e-03 4.591700e-03
incumbent solution: [6.819043760607722, -4.869111791065954, 5.851678118170348, 5.869939668925858]
std deviation: [0.9936772240450676, 3.359347636570594, 1.4140098047604648, 1.7000805728352002]
CMAEvolutionStrategyResult(xbest=array([ 6.89919531, -4.06506491,  5.83704718,  5.23647392]), fbest=0.004591699868375598, evals_best=118, evaluations=120, iterations=15, xfavorite=array([ 6.81904376, -4.86911179,  5.85167812,  5.86993967]), stds=array([0.99367722, 3.35934764, 1.4140098 , 1.70008057]), stop={'ftarget': 0.005})
