0 10
(4_w,8)-aCMA-ES (mu_w=2.6,w_1=52%) in dimension 4 (seed=514444, Tue Jun 22 12:32:26 2021)
circuitVTD.py:347: DeprecationWarning: The QuantumCircuit.__add__() method is being deprecated.Use the compose() method which is more flexible w.r.t circuit register compatibility.
  TrotterFixStepList.append(TrotterFixStepList[-1] + U_trot)
/home/nfb1/.local/lib/python3.7/site-packages/qiskit/circuit/quantumcircuit.py:869: DeprecationWarning: The QuantumCircuit.combine() method is being deprecated. Use the compose() method which is more flexible w.r.t circuit register compatibility.
  return self.combine(rhs)
Iterat #Fevals   function value  axis ratio  sigma  min&max std  t[m:s]
    1      8 1.552795031055654e-03 1.0e+00 1.60e+00  1e+00  2e+00 0:06.1
termination on ftarget=0.005
final/bestever f-value = 1.552795e-03 1.552795e-03
incumbent solution: [-0.01825633046424202, 4.768136714375176, 4.154620877585682, 4.241318656300798]
std deviation: [1.4048218745337249, 1.5937835539290512, 1.9040450334527452, 1.554346718364439]
CMAEvolutionStrategyResult(xbest=array([0.18161555, 4.75693926, 6.84675114, 3.5209848 ]), fbest=0.0015527950310556538, evals_best=6, evaluations=8, iterations=1, xfavorite=array([-0.01825633,  4.76813671,  4.15462088,  4.24131866]), stds=array([1.40482187, 1.59378355, 1.90404503, 1.55434672]), stop={'ftarget': 0.005})
1 10
(4_w,8)-aCMA-ES (mu_w=2.6,w_1=52%) in dimension 4 (seed=483463, Tue Jun 22 12:32:32 2021)
Iterat #Fevals   function value  axis ratio  sigma  min&max std  t[m:s]
    1      8 6.782120743034037e-02 1.0e+00 1.42e+00  1e+00  1e+00 0:06.9
    2     16 1.494279529993814e-01 1.2e+00 1.34e+00  1e+00  1e+00 0:14.3
    3     24 6.281035593798590e-02 1.3e+00 1.16e+00  1e+00  1e+00 0:21.2
    4     32 1.287048783300662e-01 1.4e+00 1.00e+00  8e-01  1e+00 0:29.0
    5     40 1.805265195509106e-01 1.5e+00 8.29e-01  7e-01  7e-01 0:36.0
    6     48 2.794658172016606e-02 1.6e+00 1.03e+00  8e-01  1e+00 0:43.0
    7     56 3.183292383292382e-01 1.7e+00 1.08e+00  9e-01  1e+00 0:51.4
    9     72 1.893939393939397e-01 2.1e+00 1.00e+00  8e-01  1e+00 1:05.7
   11     88 1.303258145363462e-02 2.5e+00 6.92e-01  5e-01  6e-01 1:20.1
   13    104 7.900207900207901e-02 2.7e+00 1.13e+00  7e-01  1e+00 1:34.3
   15    120 3.582685904550493e-01 3.2e+00 1.35e+00  9e-01  1e+00 1:48.7
   17    136 2.038812957789071e-02 2.6e+00 1.34e+00  8e-01  1e+00 2:03.2
   19    152 1.399886877828049e-02 3.5e+00 1.55e+00  1e+00  1e+00 2:17.5
   21    168 7.560303864895079e-02 3.3e+00 1.11e+00  6e-01  9e-01 2:31.9
   23    184 2.097701149425282e-01 2.9e+00 1.17e+00  8e-01  9e-01 2:46.1
   24    192 4.530087897227419e-03 2.8e+00 1.16e+00  8e-01  9e-01 2:53.6
termination on ftarget=0.005
final/bestever f-value = 4.530088e-03 4.530088e-03
incumbent solution: [2.190193019247099, 1.2890793434349186, 7.5767879719017035, -1.7917984385382362]
std deviation: [0.7715904281335639, 0.8182513844841398, 0.7519425245093628, 0.8702736614552126]
CMAEvolutionStrategyResult(xbest=array([ 2.43136155,  1.55754371,  7.43224501, -1.17613666]), fbest=0.0045300878972274194, evals_best=186, evaluations=192, iterations=24, xfavorite=array([ 2.19019302,  1.28907934,  7.57678797, -1.79179844]), stds=array([0.77159043, 0.81825138, 0.75194252, 0.87027366]), stop={'ftarget': 0.005})
2 10
(4_w,8)-aCMA-ES (mu_w=2.6,w_1=52%) in dimension 4 (seed=456278, Tue Jun 22 12:35:26 2021)
Iterat #Fevals   function value  axis ratio  sigma  min&max std  t[m:s]
    1      8 5.153359959672665e-02 1.0e+00 1.52e+00  1e+00  2e+00 0:07.1
    2     16 1.658201707875210e-01 1.3e+00 1.79e+00  2e+00  2e+00 0:14.6
    3     24 1.207401620935462e-01 1.7e+00 1.57e+00  1e+00  2e+00 0:21.9
    4     32 2.706359636592190e-01 1.8e+00 1.49e+00  1e+00  2e+00 0:29.2
    5     40 5.212978845054310e-01 1.9e+00 1.69e+00  1e+00  2e+00 0:36.4
    6     48 5.152439024390252e-01 1.8e+00 1.72e+00  1e+00  2e+00 0:43.5
    7     56 2.586781206171106e-01 1.8e+00 1.80e+00  1e+00  2e+00 0:50.6
    8     64 9.237379162191028e-03 2.4e+00 1.57e+00  1e+00  2e+00 0:57.6
   10     80 1.859631657541073e-01 2.8e+00 1.35e+00  1e+00  2e+00 1:11.7
   12     96 1.741746625467550e-01 3.3e+00 1.26e+00  7e-01  1e+00 1:25.9
   14    112 1.727125632861841e-01 4.7e+00 1.54e+00  9e-01  2e+00 1:40.3
   16    128 7.142857142857195e-02 5.6e+00 1.12e+00  7e-01  1e+00 1:54.6
   18    144 3.333333333333854e-03 5.9e+00 1.23e+00  8e-01  1e+00 2:09.3
termination on ftarget=0.005
final/bestever f-value = 3.333333e-03 3.333333e-03
incumbent solution: [2.712683777151593, -0.17428181767981438, 6.02507285825648, 9.767097621929704]
std deviation: [0.8690857840624029, 1.2787906624509076, 0.8032512014952389, 1.4179251461826585]
CMAEvolutionStrategyResult(xbest=array([3.05358907, 0.15610829, 6.13149135, 9.82538924]), fbest=0.0033333333333338544, evals_best=140, evaluations=144, iterations=18, xfavorite=array([ 2.71268378, -0.17428182,  6.02507286,  9.76709762]), stds=array([0.86908578, 1.27879066, 0.8032512 , 1.41792515]), stop={'ftarget': 0.005})
3 10
(4_w,8)-aCMA-ES (mu_w=2.6,w_1=52%) in dimension 4 (seed=518328, Tue Jun 22 12:37:35 2021)
Iterat #Fevals   function value  axis ratio  sigma  min&max std  t[m:s]
    1      8 3.798423423423416e-01 1.0e+00 1.56e+00  1e+00  2e+00 0:06.9
    2     16 3.111642743221693e-01 1.3e+00 1.55e+00  1e+00  2e+00 0:13.8
    3     24 1.309089064719016e-01 1.4e+00 1.58e+00  1e+00  2e+00 0:21.7
    4     32 2.716981132075470e-01 1.6e+00 1.62e+00  1e+00  2e+00 0:28.8
    5     40 1.844871275846042e-01 1.5e+00 1.62e+00  1e+00  2e+00 0:35.8
    6     48 7.424242424242455e-02 1.8e+00 1.71e+00  1e+00  2e+00 0:43.3
    7     56 9.951118142961768e-02 2.0e+00 1.60e+00  1e+00  2e+00 0:50.1
    8     64 2.161531279178353e-02 1.9e+00 1.58e+00  1e+00  2e+00 0:57.7
   10     80 4.513794416934147e-02 1.8e+00 1.51e+00  1e+00  2e+00 1:12.3
   12     96 8.536585365853577e-02 2.0e+00 1.28e+00  1e+00  1e+00 1:26.9
   14    112 2.621692872610863e-01 2.1e+00 1.01e+00  7e-01  1e+00 1:41.0
   16    128 7.936507936507464e-03 2.2e+00 9.53e-01  6e-01  9e-01 1:55.0
   18    144 5.115830115829967e-02 3.1e+00 9.81e-01  6e-01  1e+00 2:09.1
   20    160 1.638655462184868e-01 3.4e+00 8.30e-01  5e-01  8e-01 2:23.2
   22    176 8.258258258258311e-02 3.9e+00 7.83e-01  5e-01  8e-01 2:37.3
   25    200 3.262086761770755e-03 4.5e+00 9.44e-01  6e-01  1e+00 2:59.2
termination on ftarget=0.005
final/bestever f-value = 3.262087e-03 3.262087e-03
incumbent solution: [-1.3740850254941595, 4.900276784226438, -1.2898960172126432, 7.867017672032737]
std deviation: [0.6606146565523568, 0.9346475029469198, 0.5795804428526682, 1.0257651158628736]
CMAEvolutionStrategyResult(xbest=array([-1.02130963,  4.82932205, -1.03318989,  8.02394021]), fbest=0.003262086761770755, evals_best=196, evaluations=200, iterations=25, xfavorite=array([-1.37408503,  4.90027678, -1.28989602,  7.86701767]), stds=array([0.66061466, 0.9346475 , 0.57958044, 1.02576512]), stop={'ftarget': 0.005})
4 10
(4_w,8)-aCMA-ES (mu_w=2.6,w_1=52%) in dimension 4 (seed=473517, Tue Jun 22 12:40:35 2021)
Iterat #Fevals   function value  axis ratio  sigma  min&max std  t[m:s]
    1      8 7.835387119274595e-02 1.0e+00 1.39e+00  1e+00  1e+00 0:07.1
    2     16 2.021349080172596e-02 1.3e+00 1.31e+00  1e+00  1e+00 0:14.5
    3     24 3.090366581415172e-01 1.5e+00 1.27e+00  9e-01  1e+00 0:21.7
    4     32 1.210752571148754e-02 1.6e+00 1.07e+00  7e-01  1e+00 0:28.8
    5     40 6.803562592775148e-03 1.7e+00 9.37e-01  6e-01  9e-01 0:35.9
    6     48 6.615087040618894e-02 1.7e+00 8.87e-01  6e-01  9e-01 0:43.1
    7     56 2.339181286548864e-03 1.8e+00 7.91e-01  5e-01  8e-01 0:50.4
termination on ftarget=0.005
final/bestever f-value = 2.339181e-03 2.339181e-03
incumbent solution: [2.766497347807373, 5.407618774243334, 1.4793557352415059, 1.8195198736168794]
std deviation: [0.7602762132196036, 0.5480429024277693, 0.7596962567984457, 0.5205482296102671]
CMAEvolutionStrategyResult(xbest=array([2.69746486, 5.22716723, 1.21262817, 1.75861766]), fbest=0.0023391812865488637, evals_best=55, evaluations=56, iterations=7, xfavorite=array([2.76649735, 5.40761877, 1.47935574, 1.81951987]), stds=array([0.76027621, 0.5480429 , 0.75969626, 0.52054823]), stop={'ftarget': 0.005})
5 10
(4_w,8)-aCMA-ES (mu_w=2.6,w_1=52%) in dimension 4 (seed=506726, Tue Jun 22 12:41:25 2021)
Iterat #Fevals   function value  axis ratio  sigma  min&max std  t[m:s]
    1      8 1.621689101172394e-01 1.0e+00 1.60e+00  1e+00  2e+00 0:07.2
    2     16 9.586466165413565e-02 1.5e+00 1.81e+00  2e+00  2e+00 0:14.2
    3     24 2.386175115207372e-01 1.9e+00 1.74e+00  1e+00  2e+00 0:21.6
    4     32 1.561038208386809e-01 1.9e+00 1.51e+00  1e+00  2e+00 0:28.8
    5     40 1.358576823693111e-01 2.0e+00 1.46e+00  1e+00  2e+00 0:35.9
    6     48 1.624103299856535e-01 1.9e+00 1.31e+00  1e+00  1e+00 0:43.1
    7     56 1.780219780219783e-01 2.0e+00 1.11e+00  8e-01  1e+00 0:50.4
    8     64 1.858935128519001e-02 2.3e+00 9.29e-01  6e-01  1e+00 0:57.4
   10     80 6.217720503434498e-03 2.5e+00 7.93e-01  5e-01  8e-01 1:11.7
   12     96 8.390541571318799e-03 2.0e+00 6.84e-01  4e-01  6e-01 1:26.2
   14    112 6.932266339931858e-02 2.4e+00 5.32e-01  3e-01  5e-01 1:40.9
   16    128 1.985815602836771e-02 2.2e+00 4.30e-01  2e-01  3e-01 1:55.8
   18    144 4.250000000000054e-02 1.9e+00 4.07e-01  2e-01  3e-01 2:10.4
   20    160 9.683645607758251e-02 1.8e+00 4.13e-01  2e-01  3e-01 2:25.6
   22    176 4.548063127690083e-02 1.6e+00 3.77e-01  2e-01  2e-01 2:40.0
   23    184 2.895752895753279e-03 1.8e+00 3.56e-01  2e-01  2e-01 2:47.7
termination on ftarget=0.005
final/bestever f-value = 2.895753e-03 2.895753e-03
incumbent solution: [1.2168247419951272, 2.2133531746915174, 1.3557220667049912, 8.3431234230854]
std deviation: [0.15099627357082668, 0.20567170629216452, 0.17704836860596807, 0.21017298985472424]
CMAEvolutionStrategyResult(xbest=array([1.26823946, 2.20986701, 1.38618357, 8.14984373]), fbest=0.0028957528957532785, evals_best=180, evaluations=184, iterations=23, xfavorite=array([1.21682474, 2.21335317, 1.35572207, 8.34312342]), stds=array([0.15099627, 0.20567171, 0.17704837, 0.21017299]), stop={'ftarget': 0.005})
6 10
(4_w,8)-aCMA-ES (mu_w=2.6,w_1=52%) in dimension 4 (seed=488839, Tue Jun 22 12:44:13 2021)
Iterat #Fevals   function value  axis ratio  sigma  min&max std  t[m:s]
    1      8 8.805816686251533e-02 1.0e+00 1.32e+00  1e+00  1e+00 0:07.1
    2     16 5.037996059667793e-02 1.2e+00 1.31e+00  1e+00  1e+00 0:14.2
    3     24 1.956548473047758e-01 1.3e+00 1.10e+00  8e-01  1e+00 0:21.8
    4     32 4.434137291280249e-02 1.3e+00 1.08e+00  8e-01  1e+00 0:29.0
    5     40 2.540249433106582e-01 1.6e+00 1.12e+00  8e-01  1e+00 0:36.4
    6     48 3.785220627325905e-01 1.6e+00 9.89e-01  7e-01  1e+00 0:43.5
    7     56 1.587301587301693e-02 1.8e+00 1.05e+00  8e-01  1e+00 0:50.7
    9     72 1.071428571428679e-02 2.0e+00 8.75e-01  6e-01  9e-01 1:04.9
   11     88 3.937728937729001e-02 2.1e+00 6.87e-01  4e-01  7e-01 1:19.4
   13    104 1.825210084033609e-01 2.4e+00 9.08e-01  6e-01  1e+00 1:34.1
   15    120 2.786858450474005e-01 2.1e+00 1.35e+00  9e-01  1e+00 1:48.9
   16    128 4.702917383917149e-03 1.7e+00 1.43e+00  8e-01  1e+00 1:56.2
termination on ftarget=0.005
final/bestever f-value = 4.702917e-03 4.702917e-03
incumbent solution: [3.5463776163998233, 2.261524123239696, 4.421024091905376, 2.9252433817284857]
std deviation: [1.1281736157572109, 1.0302408415160897, 0.8378892048625978, 1.3438962987098695]
CMAEvolutionStrategyResult(xbest=array([3.35518704, 1.9174246 , 4.99678806, 3.2621126 ]), fbest=0.004702917383917149, evals_best=127, evaluations=128, iterations=16, xfavorite=array([3.54637762, 2.26152412, 4.42102409, 2.92524338]), stds=array([1.12817362, 1.03024084, 0.8378892 , 1.3438963 ]), stop={'ftarget': 0.005})
7 10
(4_w,8)-aCMA-ES (mu_w=2.6,w_1=52%) in dimension 4 (seed=487121, Tue Jun 22 12:46:09 2021)
Iterat #Fevals   function value  axis ratio  sigma  min&max std  t[m:s]
    1      8 3.065760401453023e-01 1.0e+00 1.35e+00  1e+00  1e+00 0:07.2
    2     16 5.019612711022845e-01 1.3e+00 1.24e+00  1e+00  1e+00 0:14.8
    3     24 8.311965811965760e-02 1.2e+00 1.15e+00  1e+00  1e+00 0:21.8
    4     32 2.137931034482754e-01 1.5e+00 1.11e+00  9e-01  1e+00 0:29.4
    5     40 3.297972972972983e-01 1.7e+00 9.68e-01  8e-01  9e-01 0:36.4
    6     48 1.691581431943268e-02 1.7e+00 7.76e-01  6e-01  7e-01 0:44.2
    7     56 8.013833992094765e-02 1.6e+00 6.88e-01  5e-01  6e-01 0:51.4
    8     64 1.154471544715455e-01 1.6e+00 7.87e-01  6e-01  7e-01 0:58.8
    9     72 2.019822282980099e-02 1.7e+00 1.04e+00  7e-01  9e-01 1:06.9
   11     88 6.693548387096837e-02 2.3e+00 1.01e+00  7e-01  9e-01 1:21.1
   13    104 8.579140158087606e-02 2.5e+00 7.95e-01  5e-01  6e-01 1:35.4
   15    120 1.809954751131233e-01 2.3e+00 6.84e-01  4e-01  5e-01 1:50.1
   17    136 4.734967525666267e-03 2.4e+00 6.45e-01  4e-01  5e-01 2:04.6
termination on ftarget=0.005
final/bestever f-value = 4.734968e-03 4.734968e-03
incumbent solution: [1.6219730115829678, 4.614904403349909, 0.3406969823074657, 0.7853571375616708]
std deviation: [0.49564586485480466, 0.4711276253508571, 0.4528924219190087, 0.3844083122032262]
CMAEvolutionStrategyResult(xbest=array([1.77673566, 4.16486779, 0.71735945, 0.61096843]), fbest=0.004734967525666267, evals_best=129, evaluations=136, iterations=17, xfavorite=array([1.62197301, 4.6149044 , 0.34069698, 0.78535714]), stds=array([0.49564586, 0.47112763, 0.45289242, 0.38440831]), stop={'ftarget': 0.005})
8 10
(4_w,8)-aCMA-ES (mu_w=2.6,w_1=52%) in dimension 4 (seed=462111, Tue Jun 22 12:48:14 2021)
Iterat #Fevals   function value  axis ratio  sigma  min&max std  t[m:s]
    1      8 5.341463414634129e-02 1.0e+00 1.38e+00  1e+00  1e+00 0:07.5
    2     16 1.115762544333960e-01 1.3e+00 1.23e+00  1e+00  1e+00 0:14.6
    3     24 3.069073783359492e-01 1.3e+00 1.18e+00  1e+00  1e+00 0:22.0
    4     32 5.159736659736677e-01 1.5e+00 1.17e+00  1e+00  1e+00 0:29.3
    5     40 5.296896086369807e-02 2.0e+00 1.17e+00  9e-01  1e+00 0:36.3
    6     48 5.789473684210567e-02 2.5e+00 1.08e+00  9e-01  1e+00 0:43.3
    7     56 2.318840579710213e-02 2.5e+00 9.67e-01  7e-01  1e+00 0:50.7
    8     64 1.378205128205139e-01 2.4e+00 8.95e-01  6e-01  9e-01 0:58.2
   10     80 1.583333333333339e-01 2.6e+00 6.58e-01  4e-01  6e-01 1:12.8
   12     96 2.020202020202033e-02 3.2e+00 6.02e-01  4e-01  6e-01 1:27.7
   14    112 3.449197860962583e-02 3.9e+00 5.37e-01  3e-01  5e-01 1:41.9
   16    128 4.877076411960268e-02 4.5e+00 4.92e-01  3e-01  4e-01 1:56.5
   18    144 1.605048698071898e-02 5.3e+00 4.07e-01  3e-01  3e-01 2:10.8
   19    152 7.337526205456468e-04 5.2e+00 3.58e-01  2e-01  3e-01 2:18.0
termination on ftarget=0.005
final/bestever f-value = 7.337526e-04 7.337526e-04
incumbent solution: [0.7773100332352142, 2.9346975844547902, 5.1833268050281545, 6.214649246596196]
std deviation: [0.2780067822991338, 0.2162926864170774, 0.24640489031542703, 0.2686877084629199]
CMAEvolutionStrategyResult(xbest=array([0.84587136, 3.02379804, 5.15424255, 6.146525  ]), fbest=0.0007337526205456468, evals_best=152, evaluations=152, iterations=19, xfavorite=array([0.77731003, 2.93469758, 5.18332681, 6.21464925]), stds=array([0.27800678, 0.21629269, 0.24640489, 0.26868771]), stop={'ftarget': 0.005})
9 10
(4_w,8)-aCMA-ES (mu_w=2.6,w_1=52%) in dimension 4 (seed=437842, Tue Jun 22 12:50:32 2021)
Iterat #Fevals   function value  axis ratio  sigma  min&max std  t[m:s]
    1      8 2.098284990271060e-01 1.0e+00 1.61e+00  1e+00  2e+00 0:07.1
    2     16 1.822945394373974e-01 1.5e+00 1.53e+00  1e+00  2e+00 0:14.3
    3     24 6.184873949579843e-01 1.6e+00 1.68e+00  1e+00  2e+00 0:21.9
    4     32 4.720044792833122e-02 1.9e+00 1.55e+00  1e+00  2e+00 0:29.6
    5     40 3.837876614060209e-02 2.0e+00 1.36e+00  1e+00  2e+00 0:36.8
    6     48 3.321497517926094e-01 1.9e+00 1.46e+00  1e+00  2e+00 0:44.3
    7     56 3.881225157820967e-02 2.3e+00 1.63e+00  1e+00  2e+00 0:51.3
    8     64 1.689075630252099e-01 2.1e+00 1.43e+00  1e+00  1e+00 0:58.6
   10     80 1.325556733828170e-02 1.9e+00 1.09e+00  7e-01  1e+00 1:13.6
   12     96 5.901800327332229e-02 2.1e+00 8.05e-01  4e-01  7e-01 1:30.9
   14    112 7.890365448505032e-02 2.3e+00 9.10e-01  5e-01  8e-01 1:45.3
   16    128 7.061688311688252e-02 2.4e+00 7.16e-01  3e-01  6e-01 2:00.0
   18    144 9.674447174446765e-03 2.6e+00 5.45e-01  2e-01  4e-01 2:14.4
   20    160 9.040235127191709e-02 2.9e+00 6.02e-01  3e-01  5e-01 2:28.9
   22    176 2.032967032967070e-02 3.4e+00 4.78e-01  2e-01  4e-01 2:43.1
   24    192 3.146453089245549e-03 4.0e+00 3.92e-01  2e-01  3e-01 2:57.6
termination on ftarget=0.005
final/bestever f-value = 3.146453e-03 3.146453e-03
incumbent solution: [4.431226119472835, -1.164231865920729, 3.0951958745317634, -1.5137106777423264]
std deviation: [0.16796497715118727, 0.17470779541819886, 0.3255451922375532, 0.26223514029804934]
CMAEvolutionStrategyResult(xbest=array([ 4.50278298, -1.05827214,  2.90530747, -1.41725923]), fbest=0.003146453089245549, evals_best=189, evaluations=192, iterations=24, xfavorite=array([ 4.43122612, -1.16423187,  3.09519587, -1.51371068]), stds=array([0.16796498, 0.1747078 , 0.32554519, 0.26223514]), stop={'ftarget': 0.005})
