0 10
(4_w,8)-aCMA-ES (mu_w=2.6,w_1=52%) in dimension 4 (seed=522727, Tue Jun 22 12:32:03 2021)
circuitVTD.py:347: DeprecationWarning: The QuantumCircuit.__add__() method is being deprecated.Use the compose() method which is more flexible w.r.t circuit register compatibility.
  TrotterFixStepList.append(TrotterFixStepList[-1] + U_trot)
/home/nfb1/.local/lib/python3.7/site-packages/qiskit/circuit/quantumcircuit.py:869: DeprecationWarning: The QuantumCircuit.combine() method is being deprecated. Use the compose() method which is more flexible w.r.t circuit register compatibility.
  return self.combine(rhs)
Iterat #Fevals   function value  axis ratio  sigma  min&max std  t[m:s]
    1      8 3.578433010023704e-01 1.0e+00 1.37e+00  1e+00  1e+00 0:07.0
    2     16 3.148640107099244e-01 1.1e+00 1.52e+00  1e+00  2e+00 0:13.7
    3     24 3.654049624423883e-01 1.4e+00 1.33e+00  1e+00  1e+00 0:20.4
    4     32 1.548154516504101e-01 1.4e+00 1.22e+00  1e+00  1e+00 0:27.2
    5     40 2.115556085059690e-01 1.7e+00 1.21e+00  1e+00  1e+00 0:34.1
    6     48 8.371647313827058e-02 1.6e+00 1.07e+00  8e-01  1e+00 0:40.8
    7     56 5.121599395844911e-02 1.7e+00 8.33e-01  6e-01  7e-01 0:47.6
    8     64 3.009492304510308e-03 1.5e+00 6.92e-01  5e-01  6e-01 0:54.2
termination on ftarget=0.005
final/bestever f-value = 3.009492e-03 3.009492e-03
incumbent solution: [1.7526667366359465, 5.112281371122296, 2.843686966731175, 2.4187058073333016]
std deviation: [0.6003903810479394, 0.5035772289787163, 0.5118091552185768, 0.45673037747056]
CMAEvolutionStrategyResult(xbest=array([1.89313866, 5.04693956, 2.93573735, 2.65849439]), fbest=0.0030094923045103084, evals_best=60, evaluations=64, iterations=8, xfavorite=array([1.75266674, 5.11228137, 2.84368697, 2.41870581]), stds=array([0.60039038, 0.50357723, 0.51180916, 0.45673038]), stop={'ftarget': 0.005})
1 10
(4_w,8)-aCMA-ES (mu_w=2.6,w_1=52%) in dimension 4 (seed=459952, Tue Jun 22 12:32:58 2021)
Iterat #Fevals   function value  axis ratio  sigma  min&max std  t[m:s]
    1      8 3.667297935670846e-01 1.0e+00 1.82e+00  2e+00  2e+00 0:07.8
    2     16 5.918475725944308e-01 1.4e+00 2.22e+00  2e+00  3e+00 0:15.9
    3     24 2.488304032325483e-01 1.4e+00 2.00e+00  2e+00  2e+00 0:24.1
    4     32 1.394051260312825e-01 1.6e+00 1.86e+00  2e+00  2e+00 0:31.9
    5     40 6.379716674450575e-02 2.0e+00 1.82e+00  2e+00  2e+00 0:40.2
    6     48 8.641255837779671e-02 2.2e+00 1.89e+00  2e+00  2e+00 0:48.1
    7     56 3.362326718419346e-01 2.4e+00 1.57e+00  1e+00  2e+00 0:56.2
    8     64 8.909765276683157e-02 2.7e+00 1.32e+00  1e+00  2e+00 1:04.7
   10     80 1.313034663189403e-01 3.1e+00 9.04e-01  7e-01  1e+00 1:20.8
   12     96 1.700877886661056e-02 3.1e+00 8.62e-01  6e-01  1e+00 1:37.5
   13    104 5.334808881716224e-04 3.5e+00 8.12e-01  6e-01  1e+00 1:45.8
termination on ftarget=0.005
final/bestever f-value = 5.334809e-04 5.334809e-04
incumbent solution: [2.1243312793233278, 8.627796700826877, -4.765369366368296, 0.9585000612238688]
std deviation: [0.5986944489572228, 0.77083446658859, 0.9609471104737383, 0.6807414814776006]
CMAEvolutionStrategyResult(xbest=array([ 1.95822194,  8.81986037, -4.34888702,  0.9824123 ]), fbest=0.0005334808881716224, evals_best=102, evaluations=104, iterations=13, xfavorite=array([ 2.12433128,  8.6277967 , -4.76536937,  0.95850006]), stds=array([0.59869445, 0.77083447, 0.96094711, 0.68074148]), stop={'ftarget': 0.005})
2 10
(4_w,8)-aCMA-ES (mu_w=2.6,w_1=52%) in dimension 4 (seed=557555, Tue Jun 22 12:34:43 2021)
Iterat #Fevals   function value  axis ratio  sigma  min&max std  t[m:s]
    1      8 4.903931733058140e-01 1.0e+00 1.44e+00  1e+00  1e+00 0:08.2
    2     16 4.441673298293405e-01 1.2e+00 1.36e+00  1e+00  1e+00 0:16.1
    3     24 2.666712865795485e-01 1.3e+00 1.37e+00  1e+00  1e+00 0:23.9
    4     32 2.725130516253005e-01 1.7e+00 1.37e+00  1e+00  1e+00 0:31.9
    5     40 2.705252459302865e-02 1.9e+00 1.23e+00  1e+00  1e+00 0:40.1
    6     48 2.080533049775655e-01 2.1e+00 1.13e+00  8e-01  1e+00 0:48.5
    7     56 5.045353716962109e-02 2.2e+00 1.16e+00  9e-01  1e+00 0:56.5
    8     64 1.843292662545419e-01 2.7e+00 1.10e+00  8e-01  1e+00 1:04.7
   10     80 2.698705286610459e-02 2.4e+00 7.82e-01  5e-01  8e-01 1:20.7
   12     96 3.782934754803435e-02 3.5e+00 7.38e-01  5e-01  8e-01 1:37.0
   14    112 1.782794744979965e-02 4.3e+00 5.88e-01  4e-01  6e-01 1:52.5
   15    120 4.516661280611789e-03 4.5e+00 5.15e-01  3e-01  5e-01 2:00.8
termination on ftarget=0.005
final/bestever f-value = 4.516661e-03 4.516661e-03
incumbent solution: [1.9063603639047781, 4.285273793578776, 4.183629726234088, -1.0339890250377513]
std deviation: [0.3801287160530567, 0.3176159370288655, 0.5015610238132111, 0.30660529999666614]
CMAEvolutionStrategyResult(xbest=array([ 2.12584839,  4.41649011,  3.79585951, -1.08028218]), fbest=0.004516661280611789, evals_best=118, evaluations=120, iterations=15, xfavorite=array([ 1.90636036,  4.28527379,  4.18362973, -1.03398903]), stds=array([0.38012872, 0.31761594, 0.50156102, 0.3066053 ]), stop={'ftarget': 0.005})
3 10
(4_w,8)-aCMA-ES (mu_w=2.6,w_1=52%) in dimension 4 (seed=478135, Tue Jun 22 12:36:44 2021)
Iterat #Fevals   function value  axis ratio  sigma  min&max std  t[m:s]
    1      8 3.901573253477619e-02 1.0e+00 1.39e+00  1e+00  1e+00 0:08.0
    2     16 4.259050686539312e-02 1.2e+00 1.22e+00  1e+00  1e+00 0:15.9
    3     24 8.954087805161104e-02 1.4e+00 1.20e+00  9e-01  1e+00 0:24.0
    4     32 1.213609388491838e-01 1.5e+00 1.08e+00  8e-01  1e+00 0:32.2
    5     40 9.133493164703299e-02 1.5e+00 8.77e-01  7e-01  9e-01 0:40.5
    6     48 6.805285648284487e-02 1.5e+00 6.94e-01  5e-01  7e-01 0:48.6
    7     56 2.866860152425366e-02 1.6e+00 5.79e-01  4e-01  6e-01 0:56.9
    8     64 3.720974571657498e-02 1.8e+00 5.92e-01  4e-01  6e-01 1:05.2
    9     72 9.957534240536692e-04 2.2e+00 5.98e-01  4e-01  6e-01 1:13.2
termination on ftarget=0.005
final/bestever f-value = 9.957534e-04 9.957534e-04
incumbent solution: [4.417533155520925, 4.827017739972603, -0.7909578839951752, 6.805014989413813]
std deviation: [0.40385948077565986, 0.42187737242359985, 0.564655414852846, 0.4144411698780728]
CMAEvolutionStrategyResult(xbest=array([ 4.46560792,  4.89688477, -1.00360386,  6.71529544]), fbest=0.0009957534240536692, evals_best=70, evaluations=72, iterations=9, xfavorite=array([ 4.41753316,  4.82701774, -0.79095788,  6.80501499]), stds=array([0.40385948, 0.42187737, 0.56465541, 0.41444117]), stop={'ftarget': 0.005})
4 10
(4_w,8)-aCMA-ES (mu_w=2.6,w_1=52%) in dimension 4 (seed=390765, Tue Jun 22 12:37:58 2021)
Iterat #Fevals   function value  axis ratio  sigma  min&max std  t[m:s]
    1      8 1.967850524404477e-01 1.0e+00 1.65e+00  2e+00  2e+00 0:08.3
    2     16 4.946749879526252e-01 1.3e+00 2.28e+00  2e+00  3e+00 0:16.5
    3     24 6.032606872149953e-01 1.7e+00 1.99e+00  1e+00  2e+00 0:24.3
    4     32 2.097250405894667e-01 1.8e+00 1.92e+00  1e+00  2e+00 0:32.4
    5     40 3.851442378610596e-01 1.8e+00 1.72e+00  1e+00  2e+00 0:40.3
    6     48 3.026646561426994e-01 2.0e+00 1.96e+00  2e+00  2e+00 0:48.4
    7     56 5.999270103835568e-01 2.0e+00 1.61e+00  1e+00  2e+00 0:56.2
    8     64 4.751692450847977e-02 2.0e+00 1.50e+00  1e+00  2e+00 1:04.4
    9     72 1.712220970222267e-01 2.2e+00 1.50e+00  1e+00  2e+00 1:12.6
   11     88 5.004151410589375e-01 2.8e+00 1.70e+00  1e+00  2e+00 1:29.0
   13    104 1.929667127462305e-01 2.4e+00 2.21e+00  2e+00  3e+00 1:45.3
   15    120 1.876317650977750e-01 3.2e+00 2.57e+00  2e+00  4e+00 2:01.6
   17    136 5.169309161777791e-02 4.2e+00 2.71e+00  2e+00  4e+00 2:18.2
   19    152 9.389458241928250e-02 4.4e+00 2.87e+00  2e+00  4e+00 2:34.5
   21    168 2.509575412007256e-01 5.0e+00 2.40e+00  2e+00  4e+00 2:50.5
   23    184 3.219144991283865e-01 5.2e+00 2.29e+00  2e+00  3e+00 3:06.1
   25    200 4.660860150775491e-01 4.9e+00 2.05e+00  1e+00  3e+00 3:22.4
   28    224 3.825361113094772e-02 3.9e+00 2.43e+00  2e+00  3e+00 3:47.3
   31    248 1.958223336638849e-01 3.5e+00 3.16e+00  2e+00  4e+00 4:11.7
   34    272 3.966094582323494e-01 3.4e+00 2.34e+00  1e+00  2e+00 4:36.3
   37    296 3.032111447789294e-01 3.3e+00 3.58e+00  3e+00  4e+00 5:01.3
   40    320 3.603550446404864e-01 4.3e+00 4.55e+00  3e+00  5e+00 5:25.7
   43    344 2.654472549364353e-01 4.4e+00 4.94e+00  3e+00  5e+00 5:50.3
   46    368 3.257852078622925e-01 3.6e+00 4.07e+00  3e+00  4e+00 6:15.3
   49    392 2.862299315563166e-01 4.5e+00 4.46e+00  3e+00  4e+00 6:41.5
   53    424 3.854267428178413e-01 3.9e+00 4.22e+00  2e+00  4e+00 7:14.8
   57    456 2.739254196216278e-01 3.8e+00 3.58e+00  2e+00  3e+00 7:47.7
   61    488 7.628122062657805e-02 2.9e+00 1.89e+00  7e-01  1e+00 8:20.4
   65    520 4.739094755917406e-02 2.2e+00 9.98e-01  3e-01  5e-01 8:52.7
   66    528 3.873010315695313e-03 2.3e+00 9.84e-01  3e-01  4e-01 9:00.6
termination on ftarget=0.005
final/bestever f-value = 3.873010e-03 3.873010e-03
incumbent solution: [11.017391554606604, 4.837754174031226, 7.8217143645162155, 9.337544162324685]
std deviation: [0.331049975378739, 0.4246470634151133, 0.2990799455345887, 0.3336932521689568]
CMAEvolutionStrategyResult(xbest=array([10.81990939,  4.69045104,  7.83575531,  9.31716494]), fbest=0.0038730103156953133, evals_best=522, evaluations=528, iterations=66, xfavorite=array([11.01739155,  4.83775417,  7.82171436,  9.33754416]), stds=array([0.33104998, 0.42464706, 0.29907995, 0.33369325]), stop={'ftarget': 0.005})
5 10
(4_w,8)-aCMA-ES (mu_w=2.6,w_1=52%) in dimension 4 (seed=526996, Tue Jun 22 12:46:58 2021)
Iterat #Fevals   function value  axis ratio  sigma  min&max std  t[m:s]
    1      8 3.983963027936183e-01 1.0e+00 1.63e+00  1e+00  2e+00 0:08.2
    2     16 3.013079909436905e-01 1.4e+00 1.76e+00  2e+00  2e+00 0:16.3
    3     24 1.726877477477375e-01 1.6e+00 1.92e+00  2e+00  2e+00 0:24.4
    4     32 1.844689552253614e-01 1.9e+00 2.00e+00  2e+00  3e+00 0:33.0
    5     40 2.174233787231439e-02 2.1e+00 2.18e+00  2e+00  3e+00 0:42.1
    6     48 2.119592185448549e-01 2.6e+00 2.44e+00  2e+00  3e+00 0:50.1
    7     56 5.487999044379599e-02 2.9e+00 2.18e+00  2e+00  3e+00 0:58.6
    8     64 3.983813903514062e-01 3.4e+00 2.49e+00  2e+00  3e+00 1:07.1
    9     72 2.802397817972456e-01 4.1e+00 1.98e+00  2e+00  3e+00 1:15.4
   11     88 1.438538732562794e-01 4.6e+00 1.91e+00  1e+00  3e+00 1:31.5
   13    104 1.707979145391721e-01 5.1e+00 1.95e+00  1e+00  3e+00 1:47.4
   15    120 9.507905499489944e-02 5.8e+00 1.53e+00  1e+00  2e+00 2:03.6
   17    136 1.135287288680953e-01 6.1e+00 1.87e+00  1e+00  2e+00 2:19.6
   19    152 2.010910401404645e-01 6.9e+00 2.20e+00  2e+00  3e+00 2:36.1
   21    168 1.133354547974763e-01 7.2e+00 1.73e+00  1e+00  2e+00 2:52.2
   23    184 8.035326956101974e-02 9.5e+00 1.53e+00  1e+00  2e+00 3:08.7
   25    200 6.415656102210399e-03 8.7e+00 1.27e+00  7e-01  1e+00 3:24.8
   26    208 3.031127326896810e-03 7.5e+00 1.26e+00  7e-01  2e+00 3:33.1
termination on ftarget=0.005
final/bestever f-value = 3.031127e-03 3.031127e-03
incumbent solution: [-0.8783837288340639, -4.3702204923495955, -8.22669591406634, 11.65174377811697]
std deviation: [0.7030409044478155, 1.5907220200360161, 1.008435102150888, 1.7404060138399666]
CMAEvolutionStrategyResult(xbest=array([-0.68662287, -2.85310058, -8.38858453,  9.79319648]), fbest=0.0030311273268968097, evals_best=204, evaluations=208, iterations=26, xfavorite=array([-0.87838373, -4.37022049, -8.22669591, 11.65174378]), stds=array([0.7030409 , 1.59072202, 1.0084351 , 1.74040601]), stop={'ftarget': 0.005})
6 10
(4_w,8)-aCMA-ES (mu_w=2.6,w_1=52%) in dimension 4 (seed=516869, Tue Jun 22 12:50:31 2021)
Iterat #Fevals   function value  axis ratio  sigma  min&max std  t[m:s]
    1      8 1.650801423557013e-02 1.0e+00 1.42e+00  1e+00  1e+00 0:08.1
    2     16 1.745307320005778e-01 1.3e+00 1.27e+00  1e+00  1e+00 0:16.3
    3     24 1.431194320718496e-01 1.7e+00 1.29e+00  9e-01  1e+00 0:24.7
    4     32 2.910050465921721e-01 1.8e+00 1.31e+00  1e+00  1e+00 0:32.9
    5     40 4.976959719786711e-02 1.9e+00 1.09e+00  8e-01  1e+00 0:41.1
    6     48 2.651801240284831e-01 1.8e+00 9.19e-01  6e-01  9e-01 0:49.2
    7     56 9.829191974907692e-02 1.9e+00 8.20e-01  5e-01  8e-01 0:57.2
    8     64 3.549668905408876e-02 2.1e+00 6.98e-01  4e-01  7e-01 1:05.4
    9     72 4.223600978484254e-02 2.2e+00 6.06e-01  4e-01  6e-01 1:14.0
   11     88 3.210023637123527e-06 2.3e+00 4.97e-01  2e-01  5e-01 1:30.6
termination on ftarget=0.005
final/bestever f-value = 3.210024e-06 3.210024e-06
incumbent solution: [2.6898869859795096, 0.32095500105534813, 0.3928269553225129, 1.906177437166131]
std deviation: [0.5331281148392079, 0.235022558806429, 0.35280653481520863, 0.295891236240535]
CMAEvolutionStrategyResult(xbest=array([2.80742316, 0.44841239, 0.44899285, 1.96742201]), fbest=3.210023637123527e-06, evals_best=82, evaluations=88, iterations=11, xfavorite=array([2.68988699, 0.320955  , 0.39282696, 1.90617744]), stds=array([0.53312811, 0.23502256, 0.35280653, 0.29589124]), stop={'ftarget': 0.005})
7 10
(4_w,8)-aCMA-ES (mu_w=2.6,w_1=52%) in dimension 4 (seed=479752, Tue Jun 22 12:52:02 2021)
Iterat #Fevals   function value  axis ratio  sigma  min&max std  t[m:s]
    1      8 3.457367823662373e-01 1.0e+00 1.54e+00  1e+00  2e+00 0:08.5
    2     16 1.782198575145294e-01 1.5e+00 1.52e+00  1e+00  2e+00 0:16.4
    3     24 3.296418342301256e-01 1.9e+00 1.77e+00  1e+00  2e+00 0:24.6
    4     32 1.731393909902321e-01 2.5e+00 1.61e+00  1e+00  2e+00 0:32.7
    5     40 1.254117097665416e-01 2.8e+00 1.46e+00  1e+00  2e+00 0:41.3
    6     48 4.808723238514945e-02 2.7e+00 1.59e+00  1e+00  2e+00 0:49.0
    7     56 1.142020691830922e-01 2.5e+00 1.67e+00  1e+00  2e+00 0:56.8
    8     64 3.650465383481460e-01 2.4e+00 1.40e+00  1e+00  2e+00 1:04.8
    9     72 1.597960461601046e-01 2.1e+00 1.17e+00  8e-01  1e+00 1:13.0
   11     88 2.323213413353052e-01 1.9e+00 1.03e+00  7e-01  1e+00 1:28.6
   13    104 1.587761861316701e-01 2.0e+00 8.15e-01  5e-01  7e-01 1:44.9
   15    120 1.897109061527624e-03 2.2e+00 7.77e-01  5e-01  8e-01 2:01.2
termination on ftarget=0.005
final/bestever f-value = 1.897109e-03 1.897109e-03
incumbent solution: [-1.312826647974753, -1.3546027309542439, 3.5243026820295453, 3.7275035264155414]
std deviation: [0.6718270048209526, 0.7591103186743274, 0.505498811565967, 0.6606912599335777]
CMAEvolutionStrategyResult(xbest=array([-1.34720737, -1.49116732,  3.57995217,  3.83886708]), fbest=0.0018971090615276243, evals_best=117, evaluations=120, iterations=15, xfavorite=array([-1.31282665, -1.35460273,  3.52430268,  3.72750353]), stds=array([0.671827  , 0.75911032, 0.50549881, 0.66069126]), stop={'ftarget': 0.005})
8 10
(4_w,8)-aCMA-ES (mu_w=2.6,w_1=52%) in dimension 4 (seed=532300, Tue Jun 22 12:54:03 2021)
Iterat #Fevals   function value  axis ratio  sigma  min&max std  t[m:s]
    1      8 1.978119782925317e-01 1.0e+00 1.27e+00  1e+00  1e+00 0:08.0
    2     16 7.244176562101245e-02 1.2e+00 1.13e+00  9e-01  1e+00 0:16.4
    3     24 1.180759192313291e-01 1.3e+00 1.20e+00  1e+00  1e+00 0:24.4
    4     32 5.229566064060598e-02 1.4e+00 9.65e-01  7e-01  1e+00 0:32.7
    5     40 5.493992376503531e-02 1.8e+00 9.12e-01  7e-01  1e+00 0:40.6
    6     48 9.002097069389425e-02 2.0e+00 7.40e-01  5e-01  8e-01 0:48.7
    7     56 3.925669491469641e-02 2.0e+00 6.32e-01  4e-01  7e-01 0:57.2
    8     64 2.183035582127857e-02 2.2e+00 6.28e-01  4e-01  7e-01 1:05.1
    9     72 4.885784759689238e-02 2.4e+00 5.67e-01  4e-01  6e-01 1:13.6
   10     80 6.592055976761824e-04 2.6e+00 4.66e-01  3e-01  4e-01 1:21.5
termination on ftarget=0.005
final/bestever f-value = 6.592056e-04 6.592056e-04
incumbent solution: [7.109543316097152, 5.32654659616966, 5.608915380268215, 3.6502263280244196]
std deviation: [0.44509872637653064, 0.2729191972304481, 0.3160390734999162, 0.30660243486122146]
CMAEvolutionStrategyResult(xbest=array([7.24650059, 5.32185208, 5.49504202, 3.5382203 ]), fbest=0.0006592055976761824, evals_best=80, evaluations=80, iterations=10, xfavorite=array([7.10954332, 5.3265466 , 5.60891538, 3.65022633]), stds=array([0.44509873, 0.2729192 , 0.31603907, 0.30660243]), stop={'ftarget': 0.005})
9 10
(4_w,8)-aCMA-ES (mu_w=2.6,w_1=52%) in dimension 4 (seed=470826, Tue Jun 22 12:55:25 2021)
Iterat #Fevals   function value  axis ratio  sigma  min&max std  t[m:s]
    1      8 3.086425225818183e-01 1.0e+00 1.55e+00  1e+00  2e+00 0:08.1
    2     16 4.424754955520114e-01 1.4e+00 1.44e+00  1e+00  2e+00 0:16.7
    3     24 2.944416923701791e-01 1.6e+00 1.21e+00  9e-01  1e+00 0:24.7
    4     32 1.461703715978810e-01 1.8e+00 1.16e+00  9e-01  1e+00 0:32.8
    5     40 4.624987661377256e-02 1.6e+00 1.14e+00  9e-01  1e+00 0:41.0
    6     48 4.804631958592931e-02 1.7e+00 1.41e+00  1e+00  2e+00 0:49.5
    7     56 4.179582730691866e-02 2.4e+00 1.36e+00  1e+00  2e+00 0:57.2
    8     64 1.552939207016000e-01 2.6e+00 1.13e+00  9e-01  1e+00 1:05.5
   10     80 1.641889082956061e-02 2.6e+00 1.05e+00  7e-01  1e+00 1:21.3
   12     96 4.487257926288890e-02 3.5e+00 8.33e-01  5e-01  1e+00 1:37.3
   13    104 1.038747832193820e-06 3.8e+00 7.31e-01  4e-01  8e-01 1:45.4
termination on ftarget=0.005
final/bestever f-value = 1.038748e-06 1.038748e-06
incumbent solution: [1.868396127536798, 5.466735828314584, 2.932153846990441, 4.537463144585991]
std deviation: [0.8478971794486588, 0.44258921937037143, 0.5383538099592277, 0.4658059921778127]
CMAEvolutionStrategyResult(xbest=array([2.12867701, 5.59521058, 3.1375827 , 4.44382393]), fbest=1.0387478321938204e-06, evals_best=103, evaluations=104, iterations=13, xfavorite=array([1.86839613, 5.46673583, 2.93215385, 4.53746314]), stds=array([0.84789718, 0.44258922, 0.53835381, 0.46580599]), stop={'ftarget': 0.005})
