0 10
(4_w,8)-aCMA-ES (mu_w=2.6,w_1=52%) in dimension 4 (seed=444525, Tue Jun 22 12:32:15 2021)
circuitVTD.py:347: DeprecationWarning: The QuantumCircuit.__add__() method is being deprecated.Use the compose() method which is more flexible w.r.t circuit register compatibility.
  TrotterFixStepList.append(TrotterFixStepList[-1] + U_trot)
/home/nfb1/.local/lib/python3.7/site-packages/qiskit/circuit/quantumcircuit.py:869: DeprecationWarning: The QuantumCircuit.combine() method is being deprecated. Use the compose() method which is more flexible w.r.t circuit register compatibility.
  return self.combine(rhs)
Iterat #Fevals   function value  axis ratio  sigma  min&max std  t[m:s]
    1      8 2.583073443091630e-01 1.0e+00 1.45e+00  1e+00  2e+00 0:06.1
    2     16 1.024686400794075e-01 1.2e+00 1.42e+00  1e+00  2e+00 0:12.1
    3     24 1.066098224026617e-01 1.5e+00 1.21e+00  1e+00  1e+00 0:18.1
    4     32 2.086623279145354e-01 1.5e+00 1.07e+00  9e-01  1e+00 0:24.1
    5     40 6.531161904728799e-03 1.8e+00 9.38e-01  7e-01  1e+00 0:30.1
    6     48 1.397354718263855e-02 1.9e+00 8.22e-01  6e-01  8e-01 0:36.1
    7     56 7.864922814888142e-02 1.8e+00 9.75e-01  7e-01  1e+00 0:42.1
    9     72 3.357885666314986e-02 2.5e+00 9.03e-01  7e-01  1e+00 0:54.3
   11     88 4.642228063651022e-02 2.4e+00 7.27e-01  5e-01  7e-01 1:06.4
   13    104 2.289165626681688e-03 2.6e+00 6.11e-01  4e-01  5e-01 1:18.5
termination on ftarget=0.005
final/bestever f-value = 2.289166e-03 2.289166e-03
incumbent solution: [6.6052225756928085, -0.1167164373495741, 2.0427785760739523, 2.2781209817264076]
std deviation: [0.49635905589917684, 0.426040070211119, 0.4356549638552098, 0.48430488531472865]
CMAEvolutionStrategyResult(xbest=array([ 6.65948912, -0.55967924,  2.00693623,  2.70022615]), fbest=0.0022891656266816884, evals_best=99, evaluations=104, iterations=13, xfavorite=array([ 6.60522258, -0.11671644,  2.04277858,  2.27812098]), stds=array([0.49635906, 0.42604007, 0.43565496, 0.48430489]), stop={'ftarget': 0.005})
1 10
(4_w,8)-aCMA-ES (mu_w=2.6,w_1=52%) in dimension 4 (seed=460967, Tue Jun 22 12:33:34 2021)
Iterat #Fevals   function value  axis ratio  sigma  min&max std  t[m:s]
    1      8 3.415734996133979e-01 1.0e+00 1.56e+00  1e+00  2e+00 0:07.3
    2     16 3.454528261897982e-02 1.4e+00 1.41e+00  1e+00  2e+00 0:14.6
    3     24 5.835940785725624e-02 1.5e+00 1.46e+00  1e+00  2e+00 0:22.2
    4     32 2.723847062692361e-01 1.6e+00 1.42e+00  1e+00  1e+00 0:29.6
    5     40 1.910655490685786e-02 1.6e+00 1.22e+00  1e+00  1e+00 0:36.7
    6     48 1.095774158186245e-01 1.6e+00 9.86e-01  8e-01  9e-01 0:43.9
    7     56 6.102048046237041e-04 1.7e+00 8.51e-01  7e-01  8e-01 0:51.1
termination on ftarget=0.005
final/bestever f-value = 6.102048e-04 6.102048e-04
incumbent solution: [2.319757929864809, 8.330566806306132, 1.60477765455004, 2.263361006623739]
std deviation: [0.6890261010359241, 0.7763977837853204, 0.7456405040817974, 0.753990515603339]
CMAEvolutionStrategyResult(xbest=array([1.96187138, 7.8051454 , 2.17430075, 2.59491965]), fbest=0.0006102048046237041, evals_best=54, evaluations=56, iterations=7, xfavorite=array([2.31975793, 8.33056681, 1.60477765, 2.26336101]), stds=array([0.6890261 , 0.77639778, 0.7456405 , 0.75399052]), stop={'ftarget': 0.005})
2 10
(4_w,8)-aCMA-ES (mu_w=2.6,w_1=52%) in dimension 4 (seed=461347, Tue Jun 22 12:34:25 2021)
Iterat #Fevals   function value  axis ratio  sigma  min&max std  t[m:s]
    1      8 1.347284001602143e-01 1.0e+00 1.66e+00  2e+00  2e+00 0:07.2
    2     16 3.217821416924538e-01 1.5e+00 1.62e+00  2e+00  2e+00 0:14.7
    3     24 2.173138692537828e-01 1.5e+00 1.65e+00  1e+00  2e+00 0:21.9
    4     32 4.439850224259134e-02 1.5e+00 1.56e+00  1e+00  2e+00 0:28.9
    5     40 4.365044338128207e-01 1.4e+00 1.55e+00  1e+00  2e+00 0:36.5
    6     48 6.441446560722319e-02 1.5e+00 1.48e+00  1e+00  1e+00 0:43.8
    7     56 2.426029976088556e-01 1.7e+00 1.89e+00  2e+00  2e+00 0:51.0
    8     64 1.385974674934445e-01 2.0e+00 1.95e+00  2e+00  2e+00 0:58.1
   10     80 1.918263645834120e-01 1.9e+00 2.12e+00  2e+00  2e+00 1:12.6
   12     96 4.074362890574227e-01 2.3e+00 2.04e+00  2e+00  2e+00 1:27.2
   14    112 3.911065439367334e-01 2.4e+00 1.48e+00  1e+00  1e+00 1:41.7
   16    128 1.151600211507642e-02 2.8e+00 1.37e+00  1e+00  1e+00 1:56.7
   18    144 9.585529178369023e-02 3.4e+00 1.45e+00  1e+00  1e+00 2:11.2
   20    160 2.061263803656980e-01 4.3e+00 1.36e+00  8e-01  1e+00 2:25.8
   22    176 3.045172219085264e-01 3.8e+00 1.22e+00  7e-01  1e+00 2:40.2
   25    200 3.280133910687633e-02 3.6e+00 7.72e-01  4e-01  7e-01 3:01.7
   26    208 1.868321242728732e-03 3.1e+00 8.11e-01  4e-01  7e-01 3:09.0
termination on ftarget=0.005
final/bestever f-value = 1.868321e-03 1.868321e-03
incumbent solution: [1.1156313729219964, -2.377424520370126, -1.7074242747104924, 4.883178509812086]
std deviation: [0.44590187869277437, 0.6720007966263887, 0.37474679083063556, 0.6177244999395044]
CMAEvolutionStrategyResult(xbest=array([ 1.05233271, -2.3868031 , -1.6717446 ,  4.83259555]), fbest=0.0018683212427287321, evals_best=202, evaluations=208, iterations=26, xfavorite=array([ 1.11563137, -2.37742452, -1.70742427,  4.88317851]), stds=array([0.44590188, 0.6720008 , 0.37474679, 0.6177245 ]), stop={'ftarget': 0.005})
3 10
(4_w,8)-aCMA-ES (mu_w=2.6,w_1=52%) in dimension 4 (seed=471125, Tue Jun 22 12:37:34 2021)
Iterat #Fevals   function value  axis ratio  sigma  min&max std  t[m:s]
    1      8 1.360923332756658e-02 1.0e+00 1.52e+00  1e+00  2e+00 0:07.2
    2     16 8.629042454208269e-02 1.4e+00 1.48e+00  1e+00  2e+00 0:14.5
    3     24 3.630744153130465e-01 1.4e+00 1.59e+00  1e+00  2e+00 0:21.5
    4     32 3.951444072155496e-01 1.6e+00 1.50e+00  1e+00  2e+00 0:28.6
    5     40 6.195747400341511e-02 2.1e+00 1.49e+00  1e+00  2e+00 0:36.0
    6     48 1.137237362602295e-02 2.5e+00 1.20e+00  9e-01  1e+00 0:42.9
    7     56 8.333213108281690e-02 2.9e+00 1.18e+00  1e+00  1e+00 0:50.1
    8     64 9.119904438024828e-02 3.7e+00 1.05e+00  8e-01  1e+00 0:57.8
   10     80 3.417829812520612e-02 3.3e+00 7.24e-01  6e-01  7e-01 1:12.3
   12     96 1.489752562110636e-02 4.3e+00 6.69e-01  5e-01  7e-01 1:26.9
   14    112 2.056962453137912e-02 4.8e+00 5.28e-01  4e-01  5e-01 1:41.3
   15    120 3.581083411532515e-03 5.0e+00 4.99e-01  4e-01  5e-01 1:48.6
termination on ftarget=0.005
final/bestever f-value = 3.581083e-03 3.581083e-03
incumbent solution: [-0.207005624291551, 0.33238546356125837, 2.511048983242345, 4.262925742380732]
std deviation: [0.3642055142786285, 0.4724315173114833, 0.418053859882274, 0.4253065828595789]
CMAEvolutionStrategyResult(xbest=array([-0.11514079,  0.62913903,  2.53031303,  3.84594076]), fbest=0.003581083411532515, evals_best=117, evaluations=120, iterations=15, xfavorite=array([-0.20700562,  0.33238546,  2.51104898,  4.26292574]), stds=array([0.36420551, 0.47243152, 0.41805386, 0.42530658]), stop={'ftarget': 0.005})
4 10
(4_w,8)-aCMA-ES (mu_w=2.6,w_1=52%) in dimension 4 (seed=477901, Tue Jun 22 12:39:23 2021)
Iterat #Fevals   function value  axis ratio  sigma  min&max std  t[m:s]
    1      8 4.086890838166976e-01 1.0e+00 1.48e+00  1e+00  2e+00 0:07.4
    2     16 2.109196877321152e-01 1.3e+00 1.85e+00  2e+00  2e+00 0:14.7
    3     24 4.854476021450193e-01 2.0e+00 2.08e+00  2e+00  2e+00 0:21.8
    4     32 4.979791227067305e-01 2.2e+00 2.22e+00  2e+00  3e+00 0:29.0
    5     40 5.720624671821695e-01 2.4e+00 2.37e+00  2e+00  3e+00 0:36.2
    6     48 1.534257463242121e-01 2.3e+00 2.24e+00  2e+00  2e+00 0:43.6
    7     56 2.831875846349572e-01 2.2e+00 2.32e+00  2e+00  3e+00 0:50.9
    8     64 4.995949172778441e-01 2.3e+00 2.77e+00  2e+00  4e+00 0:58.7
   10     80 2.733892366250943e-01 2.8e+00 2.89e+00  2e+00  4e+00 1:13.2
   12     96 9.898062359866155e-02 2.9e+00 2.52e+00  1e+00  3e+00 1:28.2
   14    112 3.444934157215488e-01 3.5e+00 2.05e+00  1e+00  3e+00 1:42.9
   16    128 2.665906996744274e-01 3.8e+00 1.49e+00  7e-01  2e+00 1:58.0
   18    144 5.399927940911553e-02 4.2e+00 1.11e+00  4e-01  1e+00 2:13.0
   20    160 6.690822684712538e-02 4.7e+00 9.93e-01  3e-01  1e+00 2:28.1
   22    176 1.801616894149360e-02 6.2e+00 9.30e-01  3e-01  1e+00 2:43.7
   25    200 1.392826351318766e-03 6.0e+00 6.68e-01  2e-01  8e-01 3:05.6
termination on ftarget=0.005
final/bestever f-value = 1.392826e-03 1.392826e-03
incumbent solution: [11.036823201415821, 11.603604721976543, 6.452559906693443, -2.4686328896676835]
std deviation: [0.38735893630936574, 0.646455087791088, 0.2080740247664051, 0.794047939486118]
CMAEvolutionStrategyResult(xbest=array([10.9770053 , 11.51770799,  6.46807867, -2.21170276]), fbest=0.0013928263513187655, evals_best=197, evaluations=200, iterations=25, xfavorite=array([11.0368232 , 11.60360472,  6.45255991, -2.46863289]), stds=array([0.38735894, 0.64645509, 0.20807402, 0.79404794]), stop={'ftarget': 0.005})
5 10
(4_w,8)-aCMA-ES (mu_w=2.6,w_1=52%) in dimension 4 (seed=504323, Tue Jun 22 12:42:28 2021)
Iterat #Fevals   function value  axis ratio  sigma  min&max std  t[m:s]
    1      8 3.361921264347105e-01 1.0e+00 1.35e+00  1e+00  1e+00 0:07.4
    2     16 5.341027030224532e-02 1.2e+00 1.39e+00  1e+00  2e+00 0:14.5
    3     24 1.310218589295994e-01 1.4e+00 1.29e+00  1e+00  1e+00 0:21.9
    4     32 2.005349207059030e-01 1.5e+00 1.24e+00  9e-01  1e+00 0:29.2
    5     40 3.780040822597330e-02 1.7e+00 1.14e+00  8e-01  1e+00 0:36.8
    6     48 2.080222097118212e-02 1.9e+00 1.02e+00  7e-01  1e+00 0:44.1
    7     56 9.562363098672666e-02 2.1e+00 9.20e-01  6e-01  1e+00 0:51.6
    8     64 2.035653293912282e-01 2.0e+00 7.56e-01  4e-01  8e-01 0:59.1
   10     80 5.135956463648772e-02 2.5e+00 6.29e-01  3e-01  7e-01 1:14.1
   12     96 3.180959723146914e-03 2.3e+00 6.47e-01  3e-01  5e-01 1:28.2
termination on ftarget=0.005
final/bestever f-value = 3.180960e-03 3.180960e-03
incumbent solution: [5.252736937662942, 2.117841172114615, 4.9252791111549765, 4.161319200587576]
std deviation: [0.2948985847039697, 0.4714043554581194, 0.5147802306202672, 0.5481171234409936]
CMAEvolutionStrategyResult(xbest=array([5.1544485 , 2.3652179 , 4.88494478, 4.00488646]), fbest=0.0031809597231469144, evals_best=93, evaluations=96, iterations=12, xfavorite=array([5.25273694, 2.11784117, 4.92527911, 4.1613192 ]), stds=array([0.29489858, 0.47140436, 0.51478023, 0.54811712]), stop={'ftarget': 0.005})
6 10
(4_w,8)-aCMA-ES (mu_w=2.6,w_1=52%) in dimension 4 (seed=456564, Tue Jun 22 12:43:57 2021)
Iterat #Fevals   function value  axis ratio  sigma  min&max std  t[m:s]
    1      8 2.184977840917093e-01 1.0e+00 1.48e+00  1e+00  2e+00 0:07.4
    2     16 5.169632425756346e-01 1.3e+00 1.31e+00  1e+00  1e+00 0:14.8
    3     24 5.094990738204741e-04 1.4e+00 1.31e+00  1e+00  1e+00 0:22.3
termination on ftarget=0.005
final/bestever f-value = 5.094991e-04 5.094991e-04
incumbent solution: [1.0305047710882835, 3.6043000740145934, 1.7419561457648305, 3.862599673983204]
std deviation: [1.1936573127419239, 1.0499257533289539, 1.478139522539947, 1.2020513505360524]
CMAEvolutionStrategyResult(xbest=array([0.32295553, 4.16198502, 0.01695807, 4.01105785]), fbest=0.0005094990738204741, evals_best=22, evaluations=24, iterations=3, xfavorite=array([1.03050477, 3.60430007, 1.74195615, 3.86259967]), stds=array([1.19365731, 1.04992575, 1.47813952, 1.20205135]), stop={'ftarget': 0.005})
7 10
(4_w,8)-aCMA-ES (mu_w=2.6,w_1=52%) in dimension 4 (seed=474640, Tue Jun 22 12:44:19 2021)
Iterat #Fevals   function value  axis ratio  sigma  min&max std  t[m:s]
    1      8 6.109236663064882e-01 1.0e+00 1.27e+00  1e+00  1e+00 0:07.1
    2     16 9.291005856164092e-02 1.2e+00 1.33e+00  1e+00  1e+00 0:14.7
    3     24 1.098495767496546e-01 1.6e+00 1.33e+00  1e+00  1e+00 0:22.1
    4     32 7.345808372304130e-02 1.7e+00 1.37e+00  1e+00  1e+00 0:29.3
    5     40 1.873345286561499e-01 1.9e+00 1.31e+00  1e+00  1e+00 0:36.4
    6     48 3.752758348648971e-01 1.9e+00 1.24e+00  1e+00  1e+00 0:43.6
    7     56 8.806086758057052e-02 1.9e+00 1.39e+00  1e+00  1e+00 0:50.8
    8     64 2.378089030479298e-01 1.8e+00 1.30e+00  1e+00  1e+00 0:58.4
   10     80 3.685132689394172e-01 1.8e+00 1.18e+00  1e+00  1e+00 1:13.0
   12     96 3.823780872366078e-02 2.4e+00 1.15e+00  9e-01  1e+00 1:27.1
   14    112 5.616118074601262e-02 2.1e+00 8.58e-01  6e-01  7e-01 1:41.8
   16    128 1.157155305411125e-01 2.2e+00 7.94e-01  6e-01  7e-01 1:58.3
   18    144 1.017199694143812e-01 2.0e+00 6.67e-01  4e-01  6e-01 2:12.7
   20    160 1.670366984458660e-02 2.6e+00 6.65e-01  4e-01  6e-01 2:27.5
   22    176 1.674259023841707e-02 3.2e+00 4.90e-01  2e-01  4e-01 2:42.0
   25    200 6.936080794924582e-03 2.9e+00 4.24e-01  2e-01  4e-01 3:04.5
   28    224 1.379780228340999e-02 2.7e+00 3.17e-01  1e-01  3e-01 3:27.2
   31    248 1.876132533571095e-02 3.1e+00 3.24e-01  1e-01  3e-01 3:48.7
   34    272 2.040413533834506e-02 4.6e+00 4.23e-01  2e-01  5e-01 4:11.0
   37    296 9.528046187968098e-03 4.2e+00 3.72e-01  1e-01  4e-01 4:33.6
   39    312 2.189747372302042e-03 4.1e+00 3.57e-01  1e-01  3e-01 4:48.0
termination on ftarget=0.005
final/bestever f-value = 2.189747e-03 2.189747e-03
incumbent solution: [-2.871587114391756, 6.99711962150924, 1.3731962931881416, 3.4662251887390316]
std deviation: [0.3323617279601138, 0.12548247138226568, 0.14885959656827535, 0.1771563120124706]
CMAEvolutionStrategyResult(xbest=array([-2.77893906,  6.88147363,  1.45665205,  3.42827836]), fbest=0.002189747372302042, evals_best=306, evaluations=312, iterations=39, xfavorite=array([-2.87158711,  6.99711962,  1.37319629,  3.46622519]), stds=array([0.33236173, 0.12548247, 0.1488596 , 0.17715631]), stop={'ftarget': 0.005})
8 10
(4_w,8)-aCMA-ES (mu_w=2.6,w_1=52%) in dimension 4 (seed=462686, Tue Jun 22 12:49:07 2021)
Iterat #Fevals   function value  axis ratio  sigma  min&max std  t[m:s]
    1      8 7.134355973946421e-01 1.0e+00 1.57e+00  1e+00  2e+00 0:07.2
    2     16 7.025357247786779e-02 1.4e+00 1.55e+00  1e+00  2e+00 0:14.4
    3     24 6.068360442146861e-01 1.5e+00 1.62e+00  1e+00  2e+00 0:21.9
    4     32 3.348087188612104e-01 1.6e+00 1.62e+00  1e+00  2e+00 0:29.4
    5     40 5.139227347570308e-02 1.7e+00 1.44e+00  1e+00  2e+00 0:36.8
    6     48 1.676391276392375e-02 1.6e+00 1.33e+00  1e+00  1e+00 0:44.5
    7     56 1.537755124398139e-01 1.7e+00 1.20e+00  1e+00  1e+00 0:51.9
    8     64 3.411641727643422e-02 2.1e+00 1.18e+00  1e+00  1e+00 0:58.9
   10     80 2.316066852926923e-02 2.2e+00 9.05e-01  7e-01  1e+00 1:13.8
   12     96 1.150810596470841e-02 2.4e+00 7.28e-01  5e-01  7e-01 1:28.0
   14    112 7.462661125112735e-04 2.8e+00 7.03e-01  5e-01  6e-01 1:43.1
termination on ftarget=0.005
final/bestever f-value = 7.462661e-04 7.462661e-04
incumbent solution: [2.5485813672387425, 0.8613668050805682, 4.102499967023873, 2.7688767162598156]
std deviation: [0.4995289252927547, 0.579913806418814, 0.5952174467114482, 0.5547655931467912]
CMAEvolutionStrategyResult(xbest=array([2.46138031, 0.73877393, 4.21766128, 2.87625545]), fbest=0.0007462661125112735, evals_best=112, evaluations=112, iterations=14, xfavorite=array([2.54858137, 0.86136681, 4.10249997, 2.76887672]), stds=array([0.49952893, 0.57991381, 0.59521745, 0.55476559]), stop={'ftarget': 0.005})
9 10
(4_w,8)-aCMA-ES (mu_w=2.6,w_1=52%) in dimension 4 (seed=491550, Tue Jun 22 12:50:50 2021)
Iterat #Fevals   function value  axis ratio  sigma  min&max std  t[m:s]
    1      8 2.457542409058692e-01 1.0e+00 1.42e+00  1e+00  2e+00 0:07.3
    2     16 5.304079375180515e-01 1.3e+00 1.38e+00  1e+00  1e+00 0:15.0
    3     24 2.638818108463930e-01 1.5e+00 1.51e+00  1e+00  2e+00 0:22.4
    4     32 2.720867514437949e-01 1.5e+00 1.45e+00  1e+00  2e+00 0:31.2
    5     40 5.023416006241599e-02 1.5e+00 1.53e+00  1e+00  2e+00 0:38.4
    6     48 1.859698117011178e-01 1.7e+00 1.60e+00  1e+00  2e+00 0:45.7
    7     56 2.824726215002458e-01 1.8e+00 1.44e+00  1e+00  2e+00 0:52.7
    8     64 5.433938730350616e-01 1.8e+00 1.40e+00  1e+00  2e+00 1:00.5
   10     80 1.849439099642592e-01 2.1e+00 1.64e+00  1e+00  2e+00 1:15.3
   12     96 1.779306622100461e-01 2.7e+00 1.37e+00  9e-01  2e+00 1:29.5
   14    112 2.486918419646984e-01 3.2e+00 1.44e+00  7e-01  2e+00 1:44.2
   16    128 2.548133648654682e-02 3.2e+00 1.22e+00  6e-01  2e+00 1:59.0
   18    144 8.530831534654615e-02 3.1e+00 8.55e-01  4e-01  1e+00 2:13.7
   20    160 1.052526749298144e-01 3.0e+00 1.02e+00  5e-01  1e+00 2:28.3
   22    176 1.189959142658248e-02 3.7e+00 9.33e-01  5e-01  1e+00 2:42.4
   25    200 9.011631267502040e-03 3.1e+00 8.25e-01  4e-01  1e+00 3:04.3
   28    224 3.112707551139393e-02 3.3e+00 7.09e-01  3e-01  8e-01 3:26.2
   31    248 2.305915543692760e-02 4.8e+00 4.90e-01  2e-01  6e-01 3:47.7
   34    272 8.884029596479825e-03 4.1e+00 3.79e-01  1e-01  3e-01 4:10.1
   37    296 5.114535717389623e-03 4.1e+00 3.46e-01  1e-01  3e-01 4:31.7
   38    304 3.055482362390283e-03 4.1e+00 3.38e-01  1e-01  3e-01 4:39.3
termination on ftarget=0.005
final/bestever f-value = 3.055482e-03 3.055482e-03
incumbent solution: [4.8967012532789855, 3.056256998714183, 4.104781289682265, -3.823592719770559]
std deviation: [0.11004364685749665, 0.1647027023527005, 0.31662368607827174, 0.11536052050923624]
CMAEvolutionStrategyResult(xbest=array([ 4.9416491 ,  3.0902694 ,  3.97503499, -3.93577944]), fbest=0.0030554823623902827, evals_best=301, evaluations=304, iterations=38, xfavorite=array([ 4.89670125,  3.056257  ,  4.10478129, -3.82359272]), stds=array([0.11004365, 0.1647027 , 0.31662369, 0.11536052]), stop={'ftarget': 0.005})
