0 10
(4_w,8)-aCMA-ES (mu_w=2.6,w_1=52%) in dimension 4 (seed=533535, Tue Jun 22 12:32:07 2021)
circuitVTD.py:347: DeprecationWarning: The QuantumCircuit.__add__() method is being deprecated.Use the compose() method which is more flexible w.r.t circuit register compatibility.
  TrotterFixStepList.append(TrotterFixStepList[-1] + U_trot)
/home/nfb1/.local/lib/python3.7/site-packages/qiskit/circuit/quantumcircuit.py:869: DeprecationWarning: The QuantumCircuit.combine() method is being deprecated. Use the compose() method which is more flexible w.r.t circuit register compatibility.
  return self.combine(rhs)
Iterat #Fevals   function value  axis ratio  sigma  min&max std  t[m:s]
    1      8 4.618198552725422e-01 1.0e+00 1.46e+00  1e+00  2e+00 0:06.5
    2     16 5.530232167121516e-01 1.2e+00 1.60e+00  2e+00  2e+00 0:12.7
    3     24 5.893866350778538e-01 1.3e+00 1.97e+00  2e+00  2e+00 0:19.0
    4     32 1.357811298145400e-01 1.4e+00 2.81e+00  3e+00  3e+00 0:25.3
    5     40 5.238328449451903e-01 1.5e+00 2.58e+00  3e+00  3e+00 0:31.4
    6     48 2.461681901691366e-01 1.7e+00 2.37e+00  2e+00  3e+00 0:37.8
    7     56 6.049943810190086e-01 2.1e+00 2.34e+00  2e+00  3e+00 0:43.8
    9     72 4.781185267584180e-01 2.2e+00 2.45e+00  2e+00  3e+00 0:56.6
   11     88 1.682868816849900e-01 2.6e+00 1.69e+00  2e+00  2e+00 1:09.3
   13    104 2.783809278162969e-01 3.2e+00 1.65e+00  2e+00  2e+00 1:22.0
   15    120 5.586461928151651e-01 3.4e+00 1.87e+00  2e+00  2e+00 1:34.6
   17    136 4.976770206554805e-01 2.7e+00 1.47e+00  1e+00  1e+00 1:47.4
   19    152 4.617888500394318e-02 3.3e+00 1.43e+00  1e+00  1e+00 1:59.8
   22    176 2.084238400379301e-03 2.9e+00 1.12e+00  8e-01  1e+00 2:18.8
termination on ftarget=0.005
final/bestever f-value = 2.084238e-03 2.084238e-03
incumbent solution: [2.1150899765833606, 2.190996450531752, 6.036718235372472, 0.20942592329896176]
std deviation: [0.9356869602878006, 0.9502509245427544, 0.756541183300782, 0.8553225139702344]
CMAEvolutionStrategyResult(xbest=array([2.38624936, 2.13618889, 5.91255869, 0.75096755]), fbest=0.0020842384003793013, evals_best=175, evaluations=176, iterations=22, xfavorite=array([2.11508998, 2.19099645, 6.03671824, 0.20942592]), stds=array([0.93568696, 0.95025092, 0.75654118, 0.85532251]), stop={'ftarget': 0.005})
1 10
(4_w,8)-aCMA-ES (mu_w=2.6,w_1=52%) in dimension 4 (seed=484682, Tue Jun 22 12:34:26 2021)
Iterat #Fevals   function value  axis ratio  sigma  min&max std  t[m:s]
    1      8 4.505899667406931e-01 1.0e+00 1.48e+00  1e+00  2e+00 0:07.4
    2     16 4.614333772276604e-01 1.1e+00 1.18e+00  1e+00  1e+00 0:15.0
    3     24 8.370499135076539e-01 1.3e+00 1.35e+00  1e+00  2e+00 0:22.5
    4     32 1.264876820012056e-01 1.5e+00 1.25e+00  1e+00  2e+00 0:30.4
    5     40 1.507857190062306e-01 1.7e+00 1.43e+00  1e+00  2e+00 0:37.7
    6     48 1.921884087974065e-01 2.1e+00 1.50e+00  1e+00  2e+00 0:45.4
    7     56 2.287862132438295e-01 1.9e+00 1.42e+00  1e+00  2e+00 0:53.0
    8     64 2.017142430323093e-02 1.8e+00 1.21e+00  9e-01  1e+00 1:00.6
   10     80 6.032266684371845e-03 2.1e+00 9.30e-01  7e-01  1e+00 1:15.4
   12     96 3.457319557730032e-02 2.1e+00 6.78e-01  5e-01  6e-01 1:30.4
   14    112 2.164575904329891e-02 2.3e+00 7.52e-01  5e-01  7e-01 1:45.8
   16    128 4.372588431656355e-02 2.9e+00 1.11e+00  8e-01  1e+00 2:00.9
   18    144 3.686398688234727e-02 3.2e+00 1.39e+00  1e+00  1e+00 2:16.4
   20    160 4.558569016305480e-02 4.1e+00 1.00e+00  6e-01  1e+00 2:31.9
   21    168 3.291359613589950e-03 3.6e+00 9.61e-01  6e-01  1e+00 2:39.7
termination on ftarget=0.005
final/bestever f-value = 3.291360e-03 3.291360e-03
incumbent solution: [2.1389397970186668, 8.52677231258023, 1.6733404552501279, -3.1465478903743778]
std deviation: [0.6597761827499115, 0.5547567944557522, 0.7554718013755977, 0.9672439887889578]
CMAEvolutionStrategyResult(xbest=array([ 2.27385241,  8.61424494,  1.58333767, -3.13776213]), fbest=0.0032913596135899503, evals_best=161, evaluations=168, iterations=21, xfavorite=array([ 2.1389398 ,  8.52677231,  1.67334046, -3.14654789]), stds=array([0.65977618, 0.55475679, 0.7554718 , 0.96724399]), stop={'ftarget': 0.005})
2 10
(4_w,8)-aCMA-ES (mu_w=2.6,w_1=52%) in dimension 4 (seed=436061, Tue Jun 22 12:37:06 2021)
Iterat #Fevals   function value  axis ratio  sigma  min&max std  t[m:s]
    1      8 3.383529225949238e-01 1.0e+00 1.35e+00  1e+00  1e+00 0:07.7
    2     16 4.173152285642249e-01 1.2e+00 1.27e+00  1e+00  1e+00 0:15.7
    3     24 2.450443911541694e-01 1.4e+00 1.40e+00  1e+00  2e+00 0:23.0
    4     32 2.597764108030259e-01 1.5e+00 1.11e+00  1e+00  1e+00 0:30.6
    5     40 1.729099686086617e-01 1.6e+00 1.03e+00  9e-01  1e+00 0:38.1
    6     48 5.781229404362009e-02 1.8e+00 8.90e-01  7e-01  9e-01 0:45.6
    7     56 5.153435094178982e-02 1.9e+00 7.73e-01  6e-01  8e-01 0:53.1
    8     64 2.579425826705373e-02 2.2e+00 7.13e-01  6e-01  6e-01 1:00.8
   10     80 6.671352972919320e-03 2.6e+00 5.72e-01  4e-01  5e-01 1:16.2
   12     96 6.579577777074941e-02 2.6e+00 5.04e-01  4e-01  4e-01 1:31.8
   13    104 5.424383229968299e-05 2.7e+00 4.95e-01  3e-01  4e-01 1:39.5
termination on ftarget=0.005
final/bestever f-value = 5.424383e-05 5.424383e-05
incumbent solution: [4.791084854269284, 2.1788691842767736, 6.929927457890892, 1.8752139581237695]
std deviation: [0.39766410502398253, 0.31657981153475184, 0.4004837511954324, 0.3392418324077849]
CMAEvolutionStrategyResult(xbest=array([4.58470999, 2.05301715, 6.85331298, 2.06837137]), fbest=5.424383229968299e-05, evals_best=102, evaluations=104, iterations=13, xfavorite=array([4.79108485, 2.17886918, 6.92992746, 1.87521396]), stds=array([0.39766411, 0.31657981, 0.40048375, 0.33924183]), stop={'ftarget': 0.005})
3 10
(4_w,8)-aCMA-ES (mu_w=2.6,w_1=52%) in dimension 4 (seed=534086, Tue Jun 22 12:38:45 2021)
Iterat #Fevals   function value  axis ratio  sigma  min&max std  t[m:s]
    1      8 3.486031623688466e-01 1.0e+00 1.55e+00  2e+00  2e+00 0:08.0
    2     16 1.306200696837980e-01 1.4e+00 1.48e+00  1e+00  2e+00 0:15.6
    3     24 3.325534276570374e-02 1.5e+00 1.41e+00  1e+00  1e+00 0:23.2
    4     32 7.589604024683538e-02 1.7e+00 1.26e+00  1e+00  1e+00 0:30.7
    5     40 3.766038808639512e-01 1.8e+00 1.38e+00  1e+00  2e+00 0:38.2
    6     48 1.040039125057802e-01 2.1e+00 1.46e+00  1e+00  2e+00 0:45.7
    7     56 2.698343260167235e-01 2.0e+00 1.32e+00  9e-01  1e+00 0:53.2
    8     64 1.108864850091056e-01 2.0e+00 1.36e+00  9e-01  2e+00 1:00.5
   10     80 1.162017948827928e-01 2.4e+00 1.34e+00  1e+00  2e+00 1:15.9
   12     96 6.039487393720355e-02 2.9e+00 9.19e-01  6e-01  1e+00 1:31.6
   14    112 2.536835532698123e-02 3.3e+00 6.38e-01  4e-01  7e-01 1:46.7
   16    128 9.655595821224217e-03 3.4e+00 5.81e-01  3e-01  6e-01 2:02.5
   18    144 4.873002617929978e-02 3.5e+00 4.80e-01  2e-01  5e-01 2:17.8
   20    160 1.290882924768488e-02 3.4e+00 3.86e-01  2e-01  4e-01 2:33.7
   22    176 1.992401359167140e-02 3.4e+00 3.50e-01  2e-01  3e-01 2:48.9
   25    200 8.247574775101629e-03 3.5e+00 4.25e-01  2e-01  4e-01 3:11.5
   26    208 2.514556832311721e-03 3.6e+00 4.29e-01  2e-01  4e-01 3:18.8
termination on ftarget=0.005
final/bestever f-value = 2.514557e-03 2.514557e-03
incumbent solution: [2.2575885857363622, 6.261582269548443, 3.580090972367002, 4.19201115056459]
std deviation: [0.3866209411372986, 0.1604257414144594, 0.1998568357057136, 0.18335759267283694]
CMAEvolutionStrategyResult(xbest=array([2.18230604, 6.18875523, 3.4188138 , 4.13966832]), fbest=0.0025145568323117207, evals_best=203, evaluations=208, iterations=26, xfavorite=array([2.25758859, 6.26158227, 3.58009097, 4.19201115]), stds=array([0.38662094, 0.16042574, 0.19985684, 0.18335759]), stop={'ftarget': 0.005})
4 10
(4_w,8)-aCMA-ES (mu_w=2.6,w_1=52%) in dimension 4 (seed=459081, Tue Jun 22 12:42:04 2021)
Iterat #Fevals   function value  axis ratio  sigma  min&max std  t[m:s]
    1      8 2.798204082389466e-02 1.0e+00 1.46e+00  1e+00  1e+00 0:07.3
    2     16 2.149374669667750e-01 1.4e+00 1.31e+00  1e+00  1e+00 0:16.1
    3     24 2.583435648527044e-02 1.5e+00 1.31e+00  1e+00  1e+00 0:23.6
    4     32 1.659191882741439e-01 1.7e+00 1.33e+00  1e+00  2e+00 0:31.2
    5     40 1.339295304952315e-02 2.0e+00 1.05e+00  8e-01  1e+00 0:39.2
    6     48 5.592861520706371e-03 2.1e+00 9.91e-01  7e-01  1e+00 0:47.0
    7     56 5.131569298230854e-02 2.6e+00 9.28e-01  6e-01  1e+00 0:54.5
    8     64 7.935194753540709e-02 2.6e+00 8.48e-01  5e-01  1e+00 1:02.1
   10     80 2.269657220386301e-03 2.5e+00 7.22e-01  4e-01  9e-01 1:17.6
termination on ftarget=0.005
final/bestever f-value = 2.269657e-03 2.269657e-03
incumbent solution: [4.285181769728582, 4.592414089332367, 0.7026190957540067, 3.809573709387467]
std deviation: [0.3912844621229589, 0.48156180776665886, 0.47854155101516876, 0.9295742015685483]
CMAEvolutionStrategyResult(xbest=array([4.38503074, 4.81449847, 0.40417738, 4.56814807]), fbest=0.002269657220386301, evals_best=80, evaluations=80, iterations=10, xfavorite=array([4.28518177, 4.59241409, 0.7026191 , 3.80957371]), stds=array([0.39128446, 0.48156181, 0.47854155, 0.9295742 ]), stop={'ftarget': 0.005})
5 10
(4_w,8)-aCMA-ES (mu_w=2.6,w_1=52%) in dimension 4 (seed=474764, Tue Jun 22 12:43:22 2021)
Iterat #Fevals   function value  axis ratio  sigma  min&max std  t[m:s]
    1      8 8.950074259674867e-03 1.0e+00 1.43e+00  1e+00  2e+00 0:07.4
    2     16 5.663950787977889e-02 1.3e+00 1.17e+00  1e+00  1e+00 0:14.9
    3     24 4.260656203671642e-02 1.3e+00 1.23e+00  1e+00  1e+00 0:22.7
    4     32 1.231759343707092e-01 1.5e+00 1.19e+00  1e+00  1e+00 0:30.4
    5     40 5.200614328124553e-02 1.6e+00 1.45e+00  1e+00  2e+00 0:38.4
    6     48 7.392638328870049e-03 2.5e+00 1.93e+00  2e+00  2e+00 0:46.1
    7     56 3.795118768779304e-02 2.8e+00 2.44e+00  2e+00  3e+00 0:54.1
    8     64 5.819387993140051e-01 3.6e+00 2.63e+00  2e+00  3e+00 1:01.5
   10     80 1.151123360035778e-01 4.4e+00 2.57e+00  2e+00  4e+00 1:16.8
   12     96 1.048263277415991e-01 5.7e+00 2.86e+00  2e+00  5e+00 1:31.9
   14    112 6.984953186588434e-01 7.9e+00 3.10e+00  2e+00  5e+00 1:47.3
   16    128 9.777284686806387e-02 9.6e+00 2.39e+00  1e+00  4e+00 2:02.4
   18    144 5.409824689275999e-02 1.1e+01 2.33e+00  1e+00  4e+00 2:17.7
   20    160 4.746957116544792e-02 1.5e+01 2.33e+00  1e+00  5e+00 2:33.2
   22    176 2.924512813671831e-02 2.1e+01 1.82e+00  8e-01  4e+00 2:48.5
   23    184 4.797143939328952e-03 2.1e+01 1.58e+00  6e-01  3e+00 2:56.3
termination on ftarget=0.005
final/bestever f-value = 4.797144e-03 4.797144e-03
incumbent solution: [5.848762515736279, 15.569409533253465, -3.1102473003311486, -3.1067008501427535]
std deviation: [0.6423567946505404, 3.1006284414765477, 2.2750950762438116, 3.180776298756797]
CMAEvolutionStrategyResult(xbest=array([ 5.87820857, 14.70303317, -1.50498322, -2.26882728]), fbest=0.004797143939328952, evals_best=181, evaluations=184, iterations=23, xfavorite=array([ 5.84876252, 15.56940953, -3.1102473 , -3.10670085]), stds=array([0.64235679, 3.10062844, 2.27509508, 3.1807763 ]), stop={'ftarget': 0.005})
6 10
(4_w,8)-aCMA-ES (mu_w=2.6,w_1=52%) in dimension 4 (seed=462094, Tue Jun 22 12:46:18 2021)
Iterat #Fevals   function value  axis ratio  sigma  min&max std  t[m:s]
    1      8 3.146630702240453e-01 1.0e+00 1.39e+00  1e+00  1e+00 0:07.7
    2     16 1.389743081340031e-01 1.3e+00 1.40e+00  1e+00  2e+00 0:15.1
    3     24 1.364948177794669e-01 1.6e+00 1.37e+00  1e+00  2e+00 0:22.8
    4     32 1.058153539015382e-01 1.8e+00 1.23e+00  1e+00  1e+00 0:30.1
    5     40 1.779385580884533e-01 2.1e+00 1.15e+00  9e-01  1e+00 0:37.9
    6     48 3.922939540881354e-02 2.1e+00 1.16e+00  9e-01  1e+00 0:45.6
    7     56 1.245156340516895e-02 2.1e+00 9.55e-01  7e-01  1e+00 0:53.4
    8     64 7.202961971503974e-02 1.9e+00 8.83e-01  6e-01  9e-01 1:01.4
   10     80 2.019916744889183e-02 2.1e+00 7.85e-01  5e-01  9e-01 1:16.9
   12     96 5.176711104201570e-02 2.3e+00 6.82e-01  4e-01  7e-01 1:32.2
   14    112 4.167144084208041e-03 2.6e+00 6.01e-01  3e-01  6e-01 1:47.8
termination on ftarget=0.005
final/bestever f-value = 4.167144e-03 4.167144e-03
incumbent solution: [2.4170355559612497, 5.728491535252962, 7.623792165790545, 1.449058362736083]
std deviation: [0.5795430494965776, 0.3478328355593668, 0.46921850407732024, 0.291446735409838]
CMAEvolutionStrategyResult(xbest=array([2.67476402, 5.54566644, 7.68077952, 1.35611616]), fbest=0.004167144084208041, evals_best=112, evaluations=112, iterations=14, xfavorite=array([2.41703556, 5.72849154, 7.62379217, 1.44905836]), stds=array([0.57954305, 0.34783284, 0.4692185 , 0.29144674]), stop={'ftarget': 0.005})
7 10
(4_w,8)-aCMA-ES (mu_w=2.6,w_1=52%) in dimension 4 (seed=443031, Tue Jun 22 12:48:06 2021)
Iterat #Fevals   function value  axis ratio  sigma  min&max std  t[m:s]
    1      8 1.710966418716946e-01 1.0e+00 1.51e+00  1e+00  2e+00 0:07.6
    2     16 6.036776416836844e-01 1.4e+00 1.35e+00  1e+00  1e+00 0:15.3
    3     24 1.811189157040125e-01 1.4e+00 1.47e+00  1e+00  2e+00 0:23.2
    4     32 2.869268340154190e-01 1.4e+00 1.46e+00  1e+00  2e+00 0:30.8
    5     40 2.108954617817693e-01 1.5e+00 1.29e+00  1e+00  1e+00 0:38.5
    6     48 3.792265413354379e-02 1.5e+00 1.12e+00  8e-01  1e+00 0:46.5
    7     56 5.494730377023871e-02 1.4e+00 9.10e-01  6e-01  8e-01 0:54.2
    8     64 1.181038594906614e-01 1.4e+00 8.08e-01  5e-01  7e-01 1:02.0
    9     72 4.031203490944324e-02 1.4e+00 6.59e-01  4e-01  5e-01 1:11.1
   11     88 6.279426535916510e-03 1.5e+00 5.06e-01  3e-01  4e-01 1:26.9
   12     96 7.264226879566404e-04 1.5e+00 4.20e-01  2e-01  3e-01 1:35.0
termination on ftarget=0.005
final/bestever f-value = 7.264227e-04 7.264227e-04
incumbent solution: [1.7387027482548267, 2.5194690930490067, 6.558973868242966, 2.4461351964892013]
std deviation: [0.23454175885439305, 0.29178961819707533, 0.20890729750076603, 0.2997323066237266]
CMAEvolutionStrategyResult(xbest=array([1.75767372, 2.31749482, 6.54206527, 2.28342946]), fbest=0.0007264226879566404, evals_best=94, evaluations=96, iterations=12, xfavorite=array([1.73870275, 2.51946909, 6.55897387, 2.4461352 ]), stds=array([0.23454176, 0.29178962, 0.2089073 , 0.29973231]), stop={'ftarget': 0.005})
8 10
(4_w,8)-aCMA-ES (mu_w=2.6,w_1=52%) in dimension 4 (seed=446343, Tue Jun 22 12:49:41 2021)
Iterat #Fevals   function value  axis ratio  sigma  min&max std  t[m:s]
    1      8 3.422605113963838e-01 1.0e+00 1.52e+00  1e+00  2e+00 0:07.6
    2     16 3.411965679466886e-01 1.2e+00 1.70e+00  2e+00  2e+00 0:15.7
    3     24 8.337731378931834e-02 1.5e+00 2.15e+00  2e+00  3e+00 0:23.3
    4     32 3.288179701773782e-01 1.8e+00 2.38e+00  2e+00  4e+00 0:31.3
    5     40 2.251403253748517e-01 2.2e+00 2.26e+00  2e+00  3e+00 0:39.3
    6     48 6.245115071725060e-01 2.0e+00 1.99e+00  1e+00  3e+00 0:47.1
    7     56 2.600555633409205e-01 2.3e+00 1.81e+00  1e+00  3e+00 0:54.7
    8     64 3.739285172830752e-01 2.6e+00 1.51e+00  9e-01  2e+00 1:02.8
   10     80 1.728498664628026e-01 3.0e+00 1.42e+00  9e-01  2e+00 1:18.1
   12     96 1.517855285926796e-01 2.9e+00 1.13e+00  6e-01  2e+00 1:33.9
   14    112 8.925141893958588e-02 2.8e+00 1.23e+00  7e-01  2e+00 1:49.2
   16    128 5.344509056041880e-02 3.1e+00 1.17e+00  6e-01  1e+00 2:05.0
   18    144 1.068237136206962e-04 3.9e+00 1.16e+00  6e-01  1e+00 2:20.2
termination on ftarget=0.005
final/bestever f-value = 1.068237e-04 1.068237e-04
incumbent solution: [9.022828248019545, 1.0291615238005707, 3.526803761880609, 1.6929176879729446]
std deviation: [1.36711902898413, 0.608297589460732, 0.5944825163176871, 0.5944516115200215]
CMAEvolutionStrategyResult(xbest=array([8.67340738, 1.03982424, 3.44269965, 1.44663575]), fbest=0.0001068237136206962, evals_best=144, evaluations=144, iterations=18, xfavorite=array([9.02282825, 1.02916152, 3.52680376, 1.69291769]), stds=array([1.36711903, 0.60829759, 0.59448252, 0.59445161]), stop={'ftarget': 0.005})
9 10
(4_w,8)-aCMA-ES (mu_w=2.6,w_1=52%) in dimension 4 (seed=533486, Tue Jun 22 12:52:01 2021)
Iterat #Fevals   function value  axis ratio  sigma  min&max std  t[m:s]
    1      8 2.081129222485230e-01 1.0e+00 1.41e+00  1e+00  1e+00 0:07.7
    2     16 3.613549944241868e-01 1.3e+00 1.18e+00  1e+00  1e+00 0:15.5
    3     24 2.362299906279557e-01 1.3e+00 1.27e+00  1e+00  1e+00 0:23.1
    4     32 1.731071169955768e-01 1.6e+00 1.10e+00  9e-01  1e+00 0:30.6
    5     40 9.185390488439027e-02 1.6e+00 1.04e+00  8e-01  1e+00 0:38.1
    6     48 3.434586912369086e-02 1.6e+00 8.77e-01  6e-01  1e+00 0:45.8
    7     56 8.329282863587217e-02 1.7e+00 7.02e-01  5e-01  7e-01 0:53.3
    8     64 5.686782959834202e-02 1.7e+00 6.56e-01  4e-01  7e-01 1:01.0
   10     80 1.803808903286019e-02 2.2e+00 6.30e-01  4e-01  6e-01 1:16.7
   12     96 4.566725873255983e-02 2.2e+00 6.48e-01  4e-01  6e-01 1:32.2
   14    112 2.334488240799182e-02 2.5e+00 5.45e-01  3e-01  5e-01 1:47.9
   16    128 3.092929277134293e-02 2.4e+00 4.24e-01  2e-01  3e-01 2:03.2
   18    144 8.376387357487469e-03 2.8e+00 4.35e-01  2e-01  3e-01 2:18.9
   20    160 2.399840255369323e-03 2.8e+00 3.52e-01  1e-01  2e-01 2:34.6
termination on ftarget=0.005
final/bestever f-value = 2.399840e-03 2.399840e-03
incumbent solution: [4.671481695740786, 1.2353538253569873, 1.368283015291513, 2.681108454886198]
std deviation: [0.24681655282896073, 0.14270784623564767, 0.22466043876926953, 0.20732111485369234]
CMAEvolutionStrategyResult(xbest=array([4.74676713, 1.23861893, 1.32452354, 2.41716602]), fbest=0.002399840255369323, evals_best=153, evaluations=160, iterations=20, xfavorite=array([4.6714817 , 1.23535383, 1.36828302, 2.68110845]), stds=array([0.24681655, 0.14270785, 0.22466044, 0.20732111]), stop={'ftarget': 0.005})
