0 10
(4_w,8)-aCMA-ES (mu_w=2.6,w_1=52%) in dimension 4 (seed=763301, Sun Jun 13 21:40:23 2021)
circuitVTD.py:339: DeprecationWarning: The QuantumCircuit.__add__() method is being deprecated.Use the compose() method which is more flexible w.r.t circuit register compatibility.
  TrotterFixStepList.append(TrotterFixStepList[-1] + U_trot)
/home/nfb1/.local/lib/python3.7/site-packages/qiskit/circuit/quantumcircuit.py:869: DeprecationWarning: The QuantumCircuit.combine() method is being deprecated. Use the compose() method which is more flexible w.r.t circuit register compatibility.
  return self.combine(rhs)
circuitVTD.py:170: DeprecationWarning: The QuantumCircuit.__iadd__() method is being deprecated. Use the compose() (potentially with the inplace=True argument) and tensor() methods which are more flexible w.r.t circuit register compatibility.
  circ += U_v_prime
/home/nfb1/.local/lib/python3.7/site-packages/qiskit/circuit/quantumcircuit.py:876: DeprecationWarning: The QuantumCircuit.extend() method is being deprecated. Use the compose() (potentially with the inplace=True argument) and tensor() methods which are more flexible w.r.t circuit register compatibility.
  return self.extend(rhs)
Iterat #Fevals   function value  axis ratio  sigma  min&max std  t[m:s]
    1      8 2.343750000000000e-01 1.0e+00 1.53e+00  1e+00  2e+00 0:08.8
    2     16 1.250000000000000e-01 1.2e+00 1.28e+00  1e+00  1e+00 0:18.0
    3     24 1.484375000000000e-01 1.4e+00 1.27e+00  1e+00  1e+00 0:26.8
    4     32 1.354166666666666e-01 1.4e+00 1.40e+00  1e+00  2e+00 0:35.6
    5     40 1.432291666666666e-01 1.5e+00 1.46e+00  1e+00  2e+00 0:44.7
    6     48 1.276041666666666e-01 1.7e+00 1.69e+00  1e+00  2e+00 0:53.3
    7     56 7.812500000000000e-02 1.8e+00 1.74e+00  1e+00  2e+00 1:02.4
    8     64 7.291666666666663e-02 2.1e+00 1.67e+00  1e+00  2e+00 1:11.2
    9     72 7.812500000000000e-03 2.4e+00 1.35e+00  1e+00  2e+00 1:20.7
   11     88 2.864583333333337e-02 3.2e+00 1.15e+00  7e-01  1e+00 1:39.1
   13    104 3.906250000000000e-02 4.1e+00 9.74e-01  6e-01  1e+00 1:56.7
   15    120 1.041666666666663e-02 4.6e+00 7.23e-01  4e-01  8e-01 2:14.6
   16    128 0.000000000000000e+00 4.4e+00 6.43e-01  3e-01  7e-01 2:23.4
termination on ftarget=1e-11
final/bestever f-value = 0.000000e+00 0.000000e+00
incumbent solution: [-3.087455425546824, 6.13531714790715, 8.138287696486856, 1.8734464012323644]
std deviation: [0.7161747209584816, 0.43578741074189326, 0.5362302941757614, 0.3337922727731001]
CMAEvolutionStrategyResult(xbest=array([-3.57118794,  6.23990921,  8.03225762,  1.87386127]), fbest=0.0, evals_best=121, evaluations=128, iterations=16, xfavorite=array([-3.08745543,  6.13531715,  8.1382877 ,  1.8734464 ]), stds=array([0.71617472, 0.43578741, 0.53623029, 0.33379227]), stop={'ftarget': 1e-11})
1 10
(4_w,8)-aCMA-ES (mu_w=2.6,w_1=52%) in dimension 4 (seed=677371, Sun Jun 13 21:42:47 2021)
Iterat #Fevals   function value  axis ratio  sigma  min&max std  t[m:s]
    1      8 1.197916666666666e-01 1.0e+00 1.40e+00  1e+00  2e+00 0:10.2
    2     16 6.250000000000000e-02 1.2e+00 1.42e+00  1e+00  2e+00 0:20.4
    3     24 2.760416666666666e-01 1.5e+00 1.31e+00  1e+00  2e+00 0:30.4
    4     32 1.250000000000000e-01 1.6e+00 1.13e+00  9e-01  1e+00 0:40.3
    5     40 2.109375000000000e-01 1.8e+00 1.11e+00  9e-01  1e+00 0:50.0
    6     48 1.718750000000000e-01 1.7e+00 1.19e+00  9e-01  1e+00 1:00.2
    7     56 9.895833333333337e-02 2.0e+00 1.13e+00  8e-01  1e+00 1:10.5
    8     64 5.989583333333337e-02 2.1e+00 9.94e-01  7e-01  1e+00 1:21.1
    9     72 2.343750000000000e-02 2.0e+00 9.08e-01  6e-01  9e-01 1:31.4
   10     80 0.000000000000000e+00 2.0e+00 1.06e+00  7e-01  1e+00 1:41.6
termination on ftarget=1e-11
final/bestever f-value = 0.000000e+00 0.000000e+00
incumbent solution: [5.909040878333803, 6.624743047189104, 3.560206542006913, 2.044751691260319]
std deviation: [1.1523027401296333, 1.012266228677209, 0.6659139806874906, 0.7168182004203634]
CMAEvolutionStrategyResult(xbest=array([5.98031427, 6.61392606, 3.52516038, 1.91164446]), fbest=0.0, evals_best=79, evaluations=80, iterations=10, xfavorite=array([5.90904088, 6.62474305, 3.56020654, 2.04475169]), stds=array([1.15230274, 1.01226623, 0.66591398, 0.7168182 ]), stop={'ftarget': 1e-11})
2 10
(4_w,8)-aCMA-ES (mu_w=2.6,w_1=52%) in dimension 4 (seed=774041, Sun Jun 13 21:44:28 2021)
Iterat #Fevals   function value  axis ratio  sigma  min&max std  t[m:s]
    1      8 6.770833333333337e-02 1.0e+00 1.50e+00  1e+00  2e+00 0:10.7
    2     16 1.536458333333334e-01 1.4e+00 1.53e+00  1e+00  2e+00 0:20.5
    3     24 2.187500000000000e-01 1.5e+00 1.52e+00  1e+00  2e+00 0:30.7
    4     32 3.385416666666663e-02 1.7e+00 1.57e+00  1e+00  2e+00 0:40.7
    5     40 6.770833333333337e-02 2.2e+00 2.02e+00  2e+00  3e+00 0:50.4
    6     48 1.458333333333334e-01 2.5e+00 1.90e+00  1e+00  2e+00 1:00.4
    7     56 1.119791666666666e-01 2.1e+00 1.91e+00  2e+00  2e+00 1:10.5
    8     64 2.656250000000000e-01 2.3e+00 2.11e+00  2e+00  2e+00 1:21.3
    9     72 1.692708333333334e-01 2.1e+00 2.17e+00  2e+00  3e+00 1:31.9
   10     80 9.635416666666663e-02 2.4e+00 2.44e+00  2e+00  3e+00 1:41.8
   11     88 2.265625000000000e-01 2.3e+00 1.97e+00  1e+00  2e+00 1:52.3
   13    104 2.135416666666666e-01 2.1e+00 1.85e+00  1e+00  2e+00 2:13.3
   15    120 9.895833333333337e-02 2.2e+00 1.66e+00  1e+00  2e+00 2:33.8
   17    136 3.385416666666663e-02 2.5e+00 1.48e+00  1e+00  1e+00 2:54.0
   19    152 2.604166666666663e-02 2.4e+00 1.22e+00  8e-01  1e+00 3:14.1
   21    168 7.812500000000000e-02 2.9e+00 1.19e+00  7e-01  1e+00 3:34.7
   23    184 3.645833333333337e-02 2.3e+00 1.17e+00  7e-01  1e+00 3:55.3
   25    200 1.562500000000000e-02 2.3e+00 1.08e+00  6e-01  8e-01 4:15.7
   26    208 0.000000000000000e+00 2.4e+00 9.02e-01  5e-01  6e-01 4:26.2
termination on ftarget=1e-11
final/bestever f-value = 0.000000e+00 0.000000e+00
incumbent solution: [-2.084815336214142, 8.38960161167104, -0.07250135530313692, 1.4493464366477875]
std deviation: [0.46541435339789433, 0.5362386540138341, 0.6366722800516799, 0.4635719165801722]
CMAEvolutionStrategyResult(xbest=array([-1.92525515,  8.36889879, -0.29475513,  1.70282496]), fbest=0.0, evals_best=202, evaluations=208, iterations=26, xfavorite=array([-2.08481534,  8.38960161, -0.07250136,  1.44934644]), stds=array([0.46541435, 0.53623865, 0.63667228, 0.46357192]), stop={'ftarget': 1e-11})
3 10
(4_w,8)-aCMA-ES (mu_w=2.6,w_1=52%) in dimension 4 (seed=768643, Sun Jun 13 21:48:54 2021)
Iterat #Fevals   function value  axis ratio  sigma  min&max std  t[m:s]
    1      8 1.562500000000000e-01 1.0e+00 1.39e+00  1e+00  1e+00 0:10.6
    2     16 2.317708333333334e-01 1.3e+00 1.34e+00  1e+00  1e+00 0:20.6
    3     24 2.500000000000000e-01 1.4e+00 1.16e+00  9e-01  1e+00 0:30.8
    4     32 1.692708333333334e-01 1.5e+00 1.15e+00  8e-01  1e+00 0:40.4
    5     40 3.645833333333337e-02 1.7e+00 1.25e+00  8e-01  1e+00 0:50.8
    6     48 2.447916666666666e-01 2.0e+00 1.16e+00  7e-01  1e+00 1:00.7
    7     56 1.666666666666666e-01 2.3e+00 1.18e+00  7e-01  1e+00 1:11.3
    8     64 4.687500000000000e-02 2.3e+00 1.04e+00  7e-01  1e+00 1:21.5
    9     72 1.796875000000000e-01 2.2e+00 1.27e+00  9e-01  2e+00 1:31.7
   10     80 1.822916666666663e-02 2.6e+00 1.39e+00  1e+00  2e+00 1:41.8
   11     88 1.041666666666666e-01 2.7e+00 1.53e+00  1e+00  2e+00 1:52.7
   13    104 1.822916666666663e-02 3.4e+00 1.69e+00  1e+00  2e+00 2:13.6
   15    120 1.406250000000000e-01 3.4e+00 1.69e+00  1e+00  2e+00 2:33.9
   17    136 2.656250000000000e-01 3.8e+00 2.19e+00  1e+00  4e+00 2:54.7
   19    152 2.343750000000000e-02 5.6e+00 2.27e+00  1e+00  4e+00 3:15.0
   21    168 1.197916666666666e-01 8.0e+00 3.78e+00  2e+00  7e+00 3:35.4
   23    184 5.989583333333337e-02 8.4e+00 3.15e+00  2e+00  6e+00 3:55.4
   25    200 7.031250000000000e-02 8.5e+00 3.01e+00  1e+00  6e+00 4:16.2
   27    216 7.812500000000000e-02 1.0e+01 2.76e+00  1e+00  6e+00 4:37.1
   29    232 6.510416666666663e-02 1.4e+01 3.15e+00  1e+00  8e+00 4:57.9
   31    248 1.562500000000000e-02 1.8e+01 3.22e+00  1e+00  8e+00 5:17.9
   34    272 1.067708333333334e-01 2.9e+01 3.37e+00  1e+00  8e+00 5:48.5
   37    296 7.031250000000000e-02 2.6e+01 2.78e+00  8e-01  7e+00 6:19.7
   40    320 3.385416666666663e-02 2.8e+01 2.46e+00  6e-01  6e+00 6:50.5
   42    336 0.000000000000000e+00 2.6e+01 2.00e+00  5e-01  4e+00 7:10.5
termination on ftarget=1e-11
final/bestever f-value = 0.000000e+00 0.000000e+00
incumbent solution: [-19.735670906131997, 16.69899221353914, 3.67101326516646, -6.097354651004152]
std deviation: [4.211047357662051, 1.6317007023807766, 0.5089573958274883, 1.7091258342324467]
CMAEvolutionStrategyResult(xbest=array([-18.95220778,  16.40293047,   3.72185852,  -5.77170927]), fbest=0.0, evals_best=330, evaluations=336, iterations=42, xfavorite=array([-19.73567091,  16.69899221,   3.67101327,  -6.09735465]), stds=array([4.21104736, 1.6317007 , 0.5089574 , 1.70912583]), stop={'ftarget': 1e-11})
4 10
(4_w,8)-aCMA-ES (mu_w=2.6,w_1=52%) in dimension 4 (seed=759832, Sun Jun 13 21:56:05 2021)
Iterat #Fevals   function value  axis ratio  sigma  min&max std  t[m:s]
    1      8 2.005208333333334e-01 1.0e+00 1.35e+00  1e+00  1e+00 0:10.2
    2     16 7.552083333333337e-02 1.3e+00 1.49e+00  1e+00  2e+00 0:20.0
    3     24 1.562500000000000e-01 1.4e+00 1.44e+00  1e+00  2e+00 0:30.3
    4     32 2.317708333333334e-01 1.6e+00 1.21e+00  1e+00  1e+00 0:40.2
    5     40 5.468750000000000e-02 1.8e+00 1.16e+00  1e+00  1e+00 0:50.3
    6     48 2.343750000000000e-02 1.9e+00 1.00e+00  8e-01  1e+00 1:00.7
    7     56 3.645833333333337e-02 1.8e+00 8.72e-01  6e-01  9e-01 1:10.8
    8     64 2.604166666666630e-03 2.1e+00 7.04e-01  5e-01  7e-01 1:21.3
    9     72 1.041666666666663e-02 2.3e+00 5.61e-01  4e-01  5e-01 1:32.1
   10     80 7.812500000000000e-03 2.1e+00 4.89e-01  3e-01  4e-01 1:42.6
   11     88 7.812500000000000e-03 2.2e+00 4.12e-01  2e-01  4e-01 1:52.7
   13    104 0.000000000000000e+00 2.3e+00 3.00e-01  1e-01  3e-01 2:13.0
termination on ftarget=1e-11
final/bestever f-value = 0.000000e+00 0.000000e+00
incumbent solution: [4.202728905481257, 4.253552930610458, 1.5446616776947053, 2.1507938705581835]
std deviation: [0.17234519948827157, 0.1818899576131229, 0.14699101375338258, 0.2648875390349573]
CMAEvolutionStrategyResult(xbest=array([4.07435914, 4.30547757, 1.66658694, 1.82898257]), fbest=0.0, evals_best=102, evaluations=104, iterations=13, xfavorite=array([4.20272891, 4.25355293, 1.54466168, 2.15079387]), stds=array([0.1723452 , 0.18188996, 0.14699101, 0.26488754]), stop={'ftarget': 1e-11})
5 10
(4_w,8)-aCMA-ES (mu_w=2.6,w_1=52%) in dimension 4 (seed=756098, Sun Jun 13 21:58:18 2021)
Iterat #Fevals   function value  axis ratio  sigma  min&max std  t[m:s]
    1      8 2.864583333333337e-02 1.0e+00 1.58e+00  1e+00  2e+00 0:10.2
    2     16 9.114583333333337e-02 1.4e+00 1.52e+00  1e+00  2e+00 0:20.8
    3     24 1.822916666666663e-02 1.6e+00 1.35e+00  1e+00  2e+00 0:31.3
    4     32 2.343750000000000e-02 1.7e+00 1.24e+00  9e-01  1e+00 0:41.6
    5     40 3.385416666666663e-02 1.8e+00 1.24e+00  1e+00  1e+00 0:52.2
    6     48 3.125000000000000e-02 1.8e+00 1.24e+00  1e+00  1e+00 1:02.3
    7     56 2.083333333333337e-02 2.0e+00 1.32e+00  1e+00  1e+00 1:12.5
    8     64 7.812500000000000e-03 2.1e+00 1.16e+00  9e-01  1e+00 1:22.5
    9     72 1.302083333333337e-02 2.3e+00 1.05e+00  8e-01  1e+00 1:32.7
   10     80 1.041666666666663e-02 2.4e+00 8.59e-01  6e-01  8e-01 1:42.9
   11     88 5.208333333333370e-03 2.8e+00 7.99e-01  5e-01  7e-01 1:53.1
   12     96 0.000000000000000e+00 2.6e+00 7.46e-01  5e-01  6e-01 2:04.0
termination on ftarget=1e-11
final/bestever f-value = 0.000000e+00 0.000000e+00
incumbent solution: [-1.3877922434716514, 0.35294991196031905, 5.407595467352456, -0.38821690295701944]
std deviation: [0.5581724609540556, 0.6060256867318495, 0.6287943238400566, 0.4889620531150615]
CMAEvolutionStrategyResult(xbest=array([-1.38120962,  0.40634526,  6.06341339, -0.52862969]), fbest=0.0, evals_best=93, evaluations=96, iterations=12, xfavorite=array([-1.38779224,  0.35294991,  5.40759547, -0.3882169 ]), stds=array([0.55817246, 0.60602569, 0.62879432, 0.48896205]), stop={'ftarget': 1e-11})
6 10
(4_w,8)-aCMA-ES (mu_w=2.6,w_1=52%) in dimension 4 (seed=745026, Sun Jun 13 22:00:22 2021)
Iterat #Fevals   function value  axis ratio  sigma  min&max std  t[m:s]
    1      8 1.692708333333334e-01 1.0e+00 1.54e+00  1e+00  2e+00 0:10.4
    2     16 1.510416666666666e-01 1.2e+00 1.46e+00  1e+00  1e+00 0:20.3
    3     24 5.208333333333370e-03 1.3e+00 1.30e+00  1e+00  1e+00 0:30.8
    4     32 4.947916666666663e-02 1.4e+00 1.09e+00  9e-01  1e+00 0:40.8
    5     40 7.812500000000000e-03 1.5e+00 1.08e+00  9e-01  1e+00 0:50.7
    6     48 4.427083333333337e-02 1.7e+00 8.92e-01  6e-01  9e-01 1:01.4
    7     56 0.000000000000000e+00 2.0e+00 7.37e-01  5e-01  8e-01 1:11.8
termination on ftarget=1e-11
final/bestever f-value = 0.000000e+00 0.000000e+00
incumbent solution: [1.411847166843258, 6.505642753504376, 0.9516994009962074, 1.480343946161113]
std deviation: [0.7800763772509101, 0.556750929967177, 0.5719574189020066, 0.4661169472950353]
CMAEvolutionStrategyResult(xbest=array([1.98268936, 6.43880519, 0.87826368, 1.42810645]), fbest=0.0, evals_best=53, evaluations=56, iterations=7, xfavorite=array([1.41184717, 6.50564275, 0.9516994 , 1.48034395]), stds=array([0.78007638, 0.55675093, 0.57195742, 0.46611695]), stop={'ftarget': 1e-11})
7 10
(4_w,8)-aCMA-ES (mu_w=2.6,w_1=52%) in dimension 4 (seed=688069, Sun Jun 13 22:01:34 2021)
Iterat #Fevals   function value  axis ratio  sigma  min&max std  t[m:s]
    1      8 2.083333333333337e-02 1.0e+00 1.56e+00  1e+00  2e+00 0:10.7
    2     16 1.119791666666666e-01 1.4e+00 1.57e+00  1e+00  2e+00 0:20.3
    3     24 2.369791666666666e-01 1.6e+00 1.64e+00  1e+00  2e+00 0:30.5
    4     32 3.385416666666663e-02 1.8e+00 1.41e+00  1e+00  2e+00 0:40.6
    5     40 2.083333333333337e-02 2.0e+00 1.33e+00  1e+00  2e+00 0:50.6
    6     48 6.770833333333337e-02 2.3e+00 1.31e+00  1e+00  2e+00 1:01.3
    7     56 5.729166666666663e-02 2.7e+00 1.35e+00  1e+00  2e+00 1:11.3
    8     64 2.604166666666663e-02 3.0e+00 1.32e+00  9e-01  2e+00 1:21.5
    9     72 4.947916666666663e-02 3.3e+00 1.19e+00  8e-01  1e+00 1:32.2
   10     80 4.687500000000000e-02 3.8e+00 9.95e-01  6e-01  1e+00 1:42.1
   12     96 6.510416666666663e-02 3.8e+00 9.92e-01  6e-01  1e+00 2:01.9
   14    112 2.083333333333337e-02 3.5e+00 8.53e-01  5e-01  9e-01 2:22.5
   16    128 2.083333333333337e-02 3.9e+00 6.58e-01  3e-01  6e-01 2:42.5
   18    144 7.812500000000000e-03 3.5e+00 5.53e-01  3e-01  5e-01 3:03.1
   20    160 2.604166666666630e-03 4.1e+00 4.29e-01  2e-01  4e-01 3:23.5
   22    176 0.000000000000000e+00 5.4e+00 5.35e-01  2e-01  6e-01 3:43.9
termination on ftarget=1e-11
final/bestever f-value = 0.000000e+00 0.000000e+00
incumbent solution: [2.0765965622615226, 1.8738199073282251, 7.579608962997537, 2.159541011832253]
std deviation: [0.3822323176319137, 0.513685548281798, 0.5559063149926626, 0.23184068506436592]
CMAEvolutionStrategyResult(xbest=array([2.042862  , 1.94553955, 7.56883363, 2.03673609]), fbest=0.0, evals_best=169, evaluations=176, iterations=22, xfavorite=array([2.07659656, 1.87381991, 7.57960896, 2.15954101]), stds=array([0.38223232, 0.51368555, 0.55590631, 0.23184069]), stop={'ftarget': 1e-11})
8 10
(4_w,8)-aCMA-ES (mu_w=2.6,w_1=52%) in dimension 4 (seed=715105, Sun Jun 13 22:05:18 2021)
Iterat #Fevals   function value  axis ratio  sigma  min&max std  t[m:s]
    1      8 2.708333333333334e-01 1.0e+00 1.54e+00  1e+00  2e+00 0:09.7
    2     16 1.171875000000000e-01 1.3e+00 1.45e+00  1e+00  2e+00 0:20.3
    3     24 2.604166666666630e-03 1.6e+00 1.60e+00  2e+00  2e+00 0:30.5
    4     32 3.906250000000000e-02 1.8e+00 1.60e+00  1e+00  2e+00 0:41.0
    5     40 1.328125000000000e-01 1.6e+00 1.92e+00  2e+00  2e+00 0:51.8
    6     48 1.484375000000000e-01 2.4e+00 1.84e+00  2e+00  2e+00 1:02.3
    7     56 1.406250000000000e-01 2.5e+00 1.57e+00  1e+00  2e+00 1:12.9
    8     64 4.166666666666663e-02 2.5e+00 1.54e+00  1e+00  2e+00 1:23.6
    9     72 3.645833333333337e-02 2.9e+00 1.33e+00  1e+00  2e+00 1:34.3
   10     80 6.250000000000000e-02 3.0e+00 1.35e+00  1e+00  2e+00 1:44.6
   11     88 1.875000000000000e-01 3.5e+00 1.38e+00  1e+00  2e+00 1:55.7
   13    104 1.484375000000000e-01 3.3e+00 1.19e+00  9e-01  2e+00 2:16.6
   15    120 1.484375000000000e-01 4.8e+00 1.12e+00  9e-01  2e+00 2:36.3
   17    136 1.458333333333334e-01 4.9e+00 1.30e+00  1e+00  2e+00 2:57.0
   19    152 3.385416666666663e-02 5.0e+00 1.48e+00  1e+00  2e+00 3:17.4
   21    168 1.015625000000000e-01 5.2e+00 1.19e+00  9e-01  2e+00 3:38.2
   23    184 4.947916666666663e-02 4.1e+00 9.10e-01  5e-01  1e+00 3:58.5
   25    200 1.145833333333334e-01 4.1e+00 8.92e-01  5e-01  9e-01 4:19.0
   27    216 2.083333333333337e-02 3.7e+00 8.08e-01  4e-01  8e-01 4:39.2
   29    232 7.552083333333337e-02 3.2e+00 7.74e-01  4e-01  6e-01 5:00.1
   31    248 1.302083333333337e-02 3.0e+00 6.28e-01  2e-01  5e-01 5:20.6
   32    256 0.000000000000000e+00 2.6e+00 6.33e-01  2e-01  5e-01 5:31.1
termination on ftarget=1e-11
final/bestever f-value = 0.000000e+00 0.000000e+00
incumbent solution: [3.693492469233099, 2.3071454141742707, 1.6941023655005751, 7.502224850510825]
std deviation: [0.29620555423472134, 0.24138129857494814, 0.424459797176645, 0.4680716142331288]
CMAEvolutionStrategyResult(xbest=array([3.58768716, 2.31875705, 1.68151947, 7.59597747]), fbest=0.0, evals_best=255, evaluations=256, iterations=32, xfavorite=array([3.69349247, 2.30714541, 1.69410237, 7.50222485]), stds=array([0.29620555, 0.2413813 , 0.4244598 , 0.46807161]), stop={'ftarget': 1e-11})
9 10
(4_w,8)-aCMA-ES (mu_w=2.6,w_1=52%) in dimension 4 (seed=727461, Sun Jun 13 22:10:49 2021)
Iterat #Fevals   function value  axis ratio  sigma  min&max std  t[m:s]
    1      8 4.166666666666663e-02 1.0e+00 1.51e+00  1e+00  2e+00 0:09.9
    2     16 5.729166666666663e-02 1.2e+00 1.65e+00  2e+00  2e+00 0:20.6
    3     24 9.635416666666663e-02 1.5e+00 1.92e+00  2e+00  2e+00 0:30.6
    4     32 2.109375000000000e-01 1.8e+00 1.64e+00  1e+00  2e+00 0:40.9
    5     40 1.354166666666666e-01 1.9e+00 1.30e+00  1e+00  1e+00 0:51.1
    6     48 1.822916666666666e-01 2.1e+00 1.06e+00  8e-01  1e+00 1:01.2
    7     56 7.552083333333337e-02 2.2e+00 1.09e+00  8e-01  1e+00 1:11.7
    8     64 5.468750000000000e-02 2.2e+00 1.08e+00  8e-01  1e+00 1:21.4
    9     72 5.208333333333337e-02 2.6e+00 9.01e-01  7e-01  9e-01 1:32.0
   10     80 1.302083333333337e-02 2.2e+00 7.94e-01  6e-01  8e-01 1:42.2
   11     88 4.947916666666663e-02 2.2e+00 7.77e-01  5e-01  8e-01 1:52.4
   13    104 2.604166666666630e-03 2.8e+00 5.23e-01  3e-01  5e-01 2:12.7
   15    120 2.604166666666630e-03 3.1e+00 4.36e-01  3e-01  4e-01 2:33.0
   16    128 0.000000000000000e+00 3.2e+00 3.56e-01  2e-01  3e-01 2:44.2
termination on ftarget=1e-11
final/bestever f-value = 0.000000e+00 0.000000e+00
incumbent solution: [5.4579328141431676, 2.7974072034426367, -2.6630784998277868, 8.096000644469274]
std deviation: [0.22787991787895542, 0.193056065091474, 0.32079969041030193, 0.2382769807025312]
CMAEvolutionStrategyResult(xbest=array([ 5.55306365,  2.56885315, -2.72489529,  8.16981657]), fbest=0.0, evals_best=122, evaluations=128, iterations=16, xfavorite=array([ 5.45793281,  2.7974072 , -2.6630785 ,  8.09600064]), stds=array([0.22787992, 0.19305607, 0.32079969, 0.23827698]), stop={'ftarget': 1e-11})
