0 10
(4_w,8)-aCMA-ES (mu_w=2.6,w_1=52%) in dimension 4 (seed=822064, Sun Jun 13 21:41:29 2021)
circuitVTD.py:339: DeprecationWarning: The QuantumCircuit.__add__() method is being deprecated.Use the compose() method which is more flexible w.r.t circuit register compatibility.
  TrotterFixStepList.append(TrotterFixStepList[-1] + U_trot)
/home/nfb1/.local/lib/python3.7/site-packages/qiskit/circuit/quantumcircuit.py:869: DeprecationWarning: The QuantumCircuit.combine() method is being deprecated. Use the compose() method which is more flexible w.r.t circuit register compatibility.
  return self.combine(rhs)
circuitVTD.py:170: DeprecationWarning: The QuantumCircuit.__iadd__() method is being deprecated. Use the compose() (potentially with the inplace=True argument) and tensor() methods which are more flexible w.r.t circuit register compatibility.
  circ += U_v_prime
/home/nfb1/.local/lib/python3.7/site-packages/qiskit/circuit/quantumcircuit.py:876: DeprecationWarning: The QuantumCircuit.extend() method is being deprecated. Use the compose() (potentially with the inplace=True argument) and tensor() methods which are more flexible w.r.t circuit register compatibility.
  return self.extend(rhs)
Iterat #Fevals   function value  axis ratio  sigma  min&max std  t[m:s]
    1      8 1.784057617187500e-01 1.0e+00 1.42e+00  1e+00  2e+00 0:10.3
    2     16 9.501139322916630e-03 1.3e+00 1.54e+00  1e+00  2e+00 0:19.9
    3     24 1.658121744791666e-01 1.5e+00 1.95e+00  2e+00  3e+00 0:30.1
    4     32 3.973388671875000e-02 2.0e+00 2.69e+00  2e+00  4e+00 0:39.7
    5     40 5.723063151041663e-02 2.2e+00 3.02e+00  2e+00  5e+00 0:49.7
    6     48 1.118164062500000e-01 2.6e+00 2.63e+00  2e+00  4e+00 0:59.5
    7     56 1.848144531250000e-01 3.0e+00 2.70e+00  2e+00  4e+00 1:10.2
    8     64 1.522216796875000e-01 3.0e+00 2.39e+00  2e+00  4e+00 1:20.5
    9     72 7.810465494791663e-02 3.1e+00 1.98e+00  1e+00  3e+00 1:30.2
   10     80 6.258138020833337e-02 2.9e+00 1.71e+00  1e+00  2e+00 1:39.6
   11     88 2.198893229166666e-01 2.9e+00 2.07e+00  1e+00  3e+00 1:49.7
   13    104 2.720133463541663e-02 2.8e+00 2.21e+00  1e+00  3e+00 2:09.4
   15    120 3.269449869791663e-02 2.6e+00 1.54e+00  1e+00  2e+00 2:29.6
   17    136 1.332600911458334e-01 2.6e+00 1.62e+00  1e+00  2e+00 2:49.7
   19    152 2.469889322916663e-02 2.6e+00 1.83e+00  1e+00  2e+00 3:09.4
   21    168 1.180419921875000e-01 3.1e+00 2.92e+00  2e+00  4e+00 3:29.8
   23    184 3.180135091145834e-01 3.3e+00 3.12e+00  2e+00  4e+00 3:50.1
   25    200 1.543782552083334e-01 3.8e+00 2.70e+00  1e+00  4e+00 4:10.5
   27    216 1.345418294270834e-01 3.8e+00 2.68e+00  1e+00  3e+00 4:29.6
   29    232 9.466552734375000e-02 4.6e+00 2.62e+00  1e+00  4e+00 4:49.6
   31    248 9.918212890625000e-02 6.3e+00 3.55e+00  1e+00  6e+00 5:10.9
   34    272 1.554361979166663e-02 7.4e+00 3.33e+00  9e-01  5e+00 5:39.9
   37    296 2.526855468750000e-01 7.6e+00 3.85e+00  1e+00  5e+00 6:09.8
   40    320 1.160074869791666e-01 8.7e+00 3.23e+00  7e-01  4e+00 6:40.5
   43    344 2.000528971354166e-01 8.2e+00 2.42e+00  6e-01  3e+00 7:09.8
   46    368 6.079101562500000e-02 6.9e+00 2.42e+00  6e-01  2e+00 7:40.3
   49    392 2.217407226562500e-01 6.8e+00 2.61e+00  6e-01  2e+00 8:10.1
   52    416 6.306966145833370e-03 8.7e+00 2.00e+00  3e-01  2e+00 8:39.3
   55    440 2.015584309895834e-01 1.0e+01 1.92e+00  3e-01  2e+00 9:09.6
   58    464 5.387369791666663e-02 1.1e+01 2.53e+00  4e-01  3e+00 9:40.7
   61    488 1.026611328125000e-01 1.5e+01 3.96e+00  7e-01  5e+00 10:11.2
   65    520 2.413330078125000e-01 1.2e+01 3.14e+00  5e-01  4e+00 10:51.7
   69    552 1.892089843750000e-02 1.3e+01 3.00e+00  4e-01  3e+00 11:31.8
   73    584 6.530761718750000e-02 1.3e+01 2.29e+00  2e-01  3e+00 12:11.8
   77    616 6.776936848958337e-02 1.9e+01 1.42e+00  1e-01  2e+00 12:53.2
   81    648 7.873535156250000e-02 2.2e+01 1.28e+00  1e-01  1e+00 13:32.3
   85    680 1.128133138020834e-01 2.1e+01 9.29e-01  7e-02  8e-01 14:11.9
   89    712 2.968343098958337e-02 1.5e+01 9.14e-01  6e-02  5e-01 14:51.5
   93    744 4.231770833333370e-03 9.4e+00 1.30e+00  8e-02  6e-01 15:30.7
   97    776 1.021321614583337e-02 9.0e+00 1.17e+00  7e-02  5e-01 16:10.3
  100    800 3.133138020833370e-03 7.4e+00 1.14e+00  8e-02  4e-01 16:40.6
termination on maxiter=100
final/bestever f-value = 3.133138e-03 3.133138e-03
incumbent solution: [-0.22240119960116855, 29.127970178823183, 1.7193300439871986, 35.587589080668884]
std deviation: [0.08065749013136773, 0.4089632278017101, 0.18735914580353558, 0.35268812574263453]
CMAEvolutionStrategyResult(xbest=array([-0.22076008, 29.04817842,  1.80026782, 35.67362303]), fbest=0.0031331380208333703, evals_best=796, evaluations=800, iterations=100, xfavorite=array([-0.2224012 , 29.12797018,  1.71933004, 35.58758908]), stds=array([0.08065749, 0.40896323, 0.18735915, 0.35268813]), stop={'maxiter': 100})
1 10
(4_w,8)-aCMA-ES (mu_w=2.6,w_1=52%) in dimension 4 (seed=700720, Sun Jun 13 21:58:10 2021)
Iterat #Fevals   function value  axis ratio  sigma  min&max std  t[m:s]
    1      8 4.357910156250000e-02 1.0e+00 1.65e+00  1e+00  2e+00 0:10.7
    2     16 1.826985677083337e-02 1.4e+00 1.61e+00  1e+00  2e+00 0:22.0
    3     24 6.742350260416663e-02 1.5e+00 1.45e+00  1e+00  2e+00 0:33.5
    4     32 1.300048828125000e-01 1.6e+00 1.20e+00  9e-01  1e+00 0:44.1
    5     40 2.524820963541663e-02 1.5e+00 1.08e+00  8e-01  1e+00 0:55.1
    6     48 2.343750000000000e-02 1.8e+00 9.99e-01  7e-01  1e+00 1:06.1
    7     56 1.066080729166663e-02 2.1e+00 9.61e-01  7e-01  9e-01 1:17.0
    8     64 4.903157552083337e-02 2.1e+00 8.15e-01  5e-01  8e-01 1:28.7
    9     72 1.055908203125000e-02 2.1e+00 7.40e-01  5e-01  7e-01 1:39.8
   10     80 2.408854166666663e-02 2.2e+00 6.66e-01  4e-01  6e-01 1:51.2
   11     88 4.496256510416630e-03 2.3e+00 5.22e-01  3e-01  5e-01 2:02.9
   13    104 4.760742187500000e-03 2.8e+00 4.10e-01  2e-01  4e-01 2:24.9
   15    120 2.441406250000000e-03 3.2e+00 3.39e-01  2e-01  3e-01 2:46.9
   17    136 1.057942708333370e-03 3.7e+00 3.10e-01  1e-01  3e-01 3:09.7
   19    152 2.848307291666297e-04 4.7e+00 2.14e-01  7e-02  2e-01 3:31.7
   21    168 1.627604166666297e-04 6.7e+00 1.97e-01  6e-02  2e-01 3:53.8
   23    184 5.289713541666297e-04 7.0e+00 1.58e-01  5e-02  2e-01 4:16.0
   25    200 3.051757812500000e-04 7.8e+00 1.46e-01  4e-02  1e-01 4:38.1
   27    216 4.069010416662966e-05 9.8e+00 1.08e-01  3e-02  1e-01 5:00.8
   29    232 0.000000000000000e+00 9.8e+00 9.74e-02  2e-02  1e-01 5:23.7
termination on ftarget=1e-11
final/bestever f-value = 0.000000e+00 0.000000e+00
incumbent solution: [-0.11900553279050824, -1.442773304297433, 3.5459455542297604, 3.5546318349450137]
std deviation: [0.030650783078540505, 0.09859369154109644, 0.022979437426280433, 0.09582924960891684]
CMAEvolutionStrategyResult(xbest=array([-0.1242796 , -1.34919279,  3.54498435,  3.46810807]), fbest=0.0, evals_best=229, evaluations=232, iterations=29, xfavorite=array([-0.11900553, -1.4427733 ,  3.54594555,  3.55463183]), stds=array([0.03065078, 0.09859369, 0.02297944, 0.09582925]), stop={'ftarget': 1e-11})
2 10
(4_w,8)-aCMA-ES (mu_w=2.6,w_1=52%) in dimension 4 (seed=712775, Sun Jun 13 22:03:34 2021)
Iterat #Fevals   function value  axis ratio  sigma  min&max std  t[m:s]
    1      8 4.060872395833337e-02 1.0e+00 1.45e+00  1e+00  1e+00 0:11.0
    2     16 8.445231119791663e-02 1.4e+00 1.43e+00  1e+00  1e+00 0:22.8
    3     24 9.472656250000000e-02 1.5e+00 1.30e+00  1e+00  1e+00 0:34.1
    4     32 8.603922526041663e-02 1.5e+00 1.24e+00  1e+00  1e+00 0:45.2
    5     40 5.934651692708337e-02 2.0e+00 1.05e+00  9e-01  1e+00 0:56.4
    6     48 1.041666666666663e-02 2.2e+00 9.11e-01  7e-01  9e-01 1:07.4
    7     56 1.544189453125000e-02 2.3e+00 7.02e-01  5e-01  6e-01 1:18.8
    8     64 1.617431640625000e-02 2.6e+00 6.73e-01  4e-01  6e-01 1:30.0
    9     72 7.812500000000000e-03 2.7e+00 5.27e-01  3e-01  5e-01 1:40.9
   10     80 8.687337239583370e-03 3.1e+00 4.59e-01  3e-01  5e-01 1:51.9
   11     88 1.145426432291663e-02 3.6e+00 4.20e-01  2e-01  4e-01 2:03.2
   13    104 5.615234375000000e-03 3.4e+00 3.04e-01  1e-01  3e-01 2:26.0
   15    120 2.502441406250000e-03 3.6e+00 3.27e-01  1e-01  3e-01 2:48.0
   17    136 1.546223958333370e-03 3.3e+00 2.62e-01  1e-01  2e-01 3:09.4
   19    152 6.103515625000000e-05 3.4e+00 1.87e-01  7e-02  2e-01 3:31.7
   21    168 2.848307291666297e-04 3.8e+00 1.29e-01  5e-02  1e-01 3:54.2
   23    184 1.220703125000000e-04 5.5e+00 1.42e-01  5e-02  2e-01 4:16.0
   25    200 3.255208333333703e-04 6.3e+00 1.30e-01  4e-02  1e-01 4:38.7
   27    216 3.051757812500000e-04 5.4e+00 9.72e-02  3e-02  9e-02 5:00.5
   29    232 2.034505208337034e-05 7.5e+00 1.05e-01  3e-02  1e-01 5:21.9
   31    248 0.000000000000000e+00 6.7e+00 1.04e-01  2e-02  1e-01 5:44.8
termination on ftarget=1e-11
final/bestever f-value = 0.000000e+00 0.000000e+00
incumbent solution: [4.37967598232477, 1.9745587610493673, 0.3928433140525289, 1.6791055627843803]
std deviation: [0.03125838796610191, 0.021174674506693417, 0.1101078941237318, 0.028192005687684055]
CMAEvolutionStrategyResult(xbest=array([4.36861215, 1.99231415, 0.47592942, 1.67271048]), fbest=0.0, evals_best=248, evaluations=248, iterations=31, xfavorite=array([4.37967598, 1.97455876, 0.39284331, 1.67910556]), stds=array([0.03125839, 0.02117467, 0.11010789, 0.02819201]), stop={'ftarget': 1e-11})
3 10
(4_w,8)-aCMA-ES (mu_w=2.6,w_1=52%) in dimension 4 (seed=724352, Sun Jun 13 22:09:19 2021)
Iterat #Fevals   function value  axis ratio  sigma  min&max std  t[m:s]
    1      8 1.301066080729166e-01 1.0e+00 1.70e+00  2e+00  2e+00 0:11.4
    2     16 2.246297200520834e-01 1.4e+00 1.60e+00  1e+00  2e+00 0:21.7
    3     24 4.762776692708337e-02 1.3e+00 1.53e+00  1e+00  2e+00 0:32.7
    4     32 5.234781901041663e-02 1.4e+00 1.48e+00  1e+00  1e+00 0:43.6
    5     40 5.336507161458337e-02 1.6e+00 1.43e+00  1e+00  1e+00 0:54.8
    6     48 1.463623046875000e-01 1.7e+00 1.37e+00  1e+00  1e+00 1:06.2
    7     56 3.802490234375000e-02 1.7e+00 1.19e+00  8e-01  1e+00 1:17.2
    8     64 1.373291015625000e-01 1.7e+00 1.05e+00  7e-01  9e-01 1:28.2
    9     72 1.552327473958337e-02 1.7e+00 1.13e+00  7e-01  1e+00 1:39.8
   10     80 5.253092447916663e-02 1.7e+00 1.05e+00  7e-01  1e+00 1:51.1
   11     88 2.303059895833337e-02 2.0e+00 9.92e-01  6e-01  1e+00 2:02.0
   12     96 7.973225911458337e-02 2.3e+00 7.87e-01  5e-01  7e-01 2:13.4
   14    112 4.471842447916663e-02 2.5e+00 5.76e-01  3e-01  5e-01 2:35.8
   16    128 8.199055989583370e-03 2.7e+00 5.17e-01  3e-01  4e-01 2:58.0
   18    144 6.795247395833370e-03 3.2e+00 4.63e-01  3e-01  3e-01 3:20.4
   20    160 3.702799479166630e-03 3.4e+00 3.86e-01  2e-01  3e-01 3:42.6
   22    176 3.987630208333370e-03 4.1e+00 3.78e-01  2e-01  3e-01 4:04.8
   24    192 3.051757812500000e-04 4.2e+00 3.27e-01  2e-01  2e-01 4:27.0
   26    208 1.017252604166630e-03 4.3e+00 3.37e-01  2e-01  2e-01 4:49.1
   28    224 8.138020833337034e-05 4.0e+00 2.41e-01  1e-01  1e-01 5:11.6
   30    240 2.644856770833703e-04 3.7e+00 1.64e-01  7e-02  9e-02 5:34.0
   32    256 1.220703125000000e-04 3.8e+00 1.33e-01  5e-02  7e-02 5:56.1
   34    272 2.034505208337034e-05 4.4e+00 1.00e-01  4e-02  5e-02 6:18.3
   37    296 2.034505208337034e-05 5.2e+00 8.61e-02  3e-02  4e-02 6:52.8
   39    312 0.000000000000000e+00 5.5e+00 7.65e-02  3e-02  3e-02 7:15.4
termination on ftarget=1e-11
final/bestever f-value = 0.000000e+00 0.000000e+00
incumbent solution: [0.7798849547601269, -1.5659109094765613, 2.733380940015665, -0.5099473953792634]
std deviation: [0.029695081616731043, 0.029666815087683648, 0.03018984514715137, 0.030717350605826275]
CMAEvolutionStrategyResult(xbest=array([ 0.76309018, -1.55150492,  2.7488179 , -0.51906805]), fbest=0.0, evals_best=308, evaluations=312, iterations=39, xfavorite=array([ 0.77988495, -1.56591091,  2.73338094, -0.5099474 ]), stds=array([0.02969508, 0.02966682, 0.03018985, 0.03071735]), stop={'ftarget': 1e-11})
4 10
(4_w,8)-aCMA-ES (mu_w=2.6,w_1=52%) in dimension 4 (seed=713152, Sun Jun 13 22:16:34 2021)
Iterat #Fevals   function value  axis ratio  sigma  min&max std  t[m:s]
    1      8 5.965169270833337e-02 1.0e+00 1.44e+00  1e+00  1e+00 0:10.9
    2     16 4.748535156250000e-02 1.2e+00 1.29e+00  1e+00  1e+00 0:22.2
    3     24 1.448567708333337e-02 1.1e+00 1.06e+00  9e-01  1e+00 0:33.3
    4     32 4.252115885416663e-02 1.3e+00 9.51e-01  8e-01  9e-01 0:44.2
    5     40 1.995849609375000e-02 1.4e+00 9.17e-01  8e-01  8e-01 0:55.4
    6     48 2.250162760416663e-02 1.7e+00 8.62e-01  7e-01  8e-01 1:06.3
    7     56 3.847249348958337e-02 2.1e+00 8.82e-01  8e-01  9e-01 1:17.8
    8     64 9.073893229166630e-03 2.6e+00 7.47e-01  7e-01  7e-01 1:29.1
    9     72 3.208414713541663e-02 3.0e+00 6.90e-01  6e-01  6e-01 1:39.8
   10     80 1.515706380208337e-02 2.6e+00 5.39e-01  4e-01  4e-01 1:50.8
   11     88 1.263427734375000e-02 2.4e+00 5.18e-01  4e-01  4e-01 2:01.7
   12     96 8.504231770833370e-03 2.2e+00 4.17e-01  3e-01  3e-01 2:13.4
   14    112 8.972167968750000e-03 2.8e+00 3.36e-01  2e-01  3e-01 2:35.9
   16    128 7.792154947916630e-03 3.0e+00 2.56e-01  1e-01  2e-01 2:57.7
   18    144 7.039388020833370e-03 3.0e+00 2.25e-01  1e-01  1e-01 3:20.3
   20    160 7.202148437500000e-03 3.4e+00 1.86e-01  1e-01  1e-01 3:41.9
   22    176 7.385253906250000e-03 3.8e+00 1.70e-01  9e-02  1e-01 4:04.3
   24    192 6.551106770833370e-03 3.5e+00 1.21e-01  6e-02  7e-02 4:26.0
   26    208 6.225585937500000e-03 4.2e+00 8.01e-02  3e-02  5e-02 4:47.9
   28    224 6.306966145833370e-03 4.1e+00 1.03e-01  4e-02  6e-02 5:10.7
   30    240 6.164550781250000e-03 4.2e+00 1.24e-01  5e-02  7e-02 5:32.0
   32    256 6.429036458333370e-03 4.4e+00 1.05e-01  4e-02  5e-02 5:54.5
   35    280 6.429036458333370e-03 4.6e+00 8.53e-02  3e-02  5e-02 6:28.5
   38    304 6.530761718750000e-03 6.3e+00 6.99e-02  2e-02  3e-02 7:02.6
   41    328 6.449381510416630e-03 7.6e+00 5.76e-02  2e-02  3e-02 7:36.7
   44    352 6.388346354166630e-03 7.0e+00 5.28e-02  1e-02  3e-02 8:10.1
   47    376 6.673177083333370e-03 8.2e+00 9.14e-02  2e-02  5e-02 8:44.3
   50    400 6.449381510416630e-03 1.0e+01 1.11e-01  3e-02  6e-02 9:17.2
   53    424 6.673177083333370e-03 1.1e+01 1.02e-01  3e-02  6e-02 9:50.3
   56    448 6.347656250000000e-03 1.4e+01 1.03e-01  2e-02  6e-02 10:23.6
   59    472 6.205240885416630e-03 1.3e+01 6.76e-02  1e-02  4e-02 10:56.1
   62    496 6.266276041666630e-03 1.5e+01 6.21e-02  1e-02  3e-02 11:28.6
   65    520 6.449381510416630e-03 1.6e+01 5.30e-02  1e-02  2e-02 12:02.1
   69    552 6.062825520833370e-03 1.8e+01 4.42e-02  8e-03  2e-02 12:45.6
   73    584 6.632486979166630e-03 2.0e+01 4.56e-02  6e-03  2e-02 13:29.8
   77    616 6.123860677083370e-03 2.9e+01 3.22e-02  4e-03  1e-02 14:13.9
   81    648 5.757649739583370e-03 3.7e+01 2.89e-02  4e-03  1e-02 14:57.9
   85    680 6.306966145833370e-03 3.0e+01 2.48e-02  3e-03  1e-02 15:42.8
   89    712 6.368001302083370e-03 3.2e+01 2.37e-02  3e-03  9e-03 16:28.1
   93    744 6.083170572916630e-03 3.3e+01 1.84e-02  2e-03  7e-03 17:12.6
   97    776 6.022135416666630e-03 3.1e+01 1.17e-02  1e-03  4e-03 17:57.8
  100    800 6.306966145833370e-03 2.6e+01 1.40e-02  1e-03  4e-03 18:31.4
termination on maxiter=100
final/bestever f-value = 6.306966e-03 5.757650e-03
incumbent solution: [5.14143477875572, 5.184566357345796, 5.914289059337756, 5.029850675527509]
std deviation: [0.0030114617129632384, 0.002725349168339737, 0.0011888994284098501, 0.004022994967865195]
CMAEvolutionStrategyResult(xbest=array([5.15108715, 5.18291472, 5.91131685, 5.03805179]), fbest=0.00575764973958337, evals_best=645, evaluations=800, iterations=100, xfavorite=array([5.14143478, 5.18456636, 5.91428906, 5.02985068]), stds=array([0.00301146, 0.00272535, 0.0011889 , 0.00402299]), stop={'maxiter': 100})
5 10
(4_w,8)-aCMA-ES (mu_w=2.6,w_1=52%) in dimension 4 (seed=813332, Sun Jun 13 22:35:05 2021)
Iterat #Fevals   function value  axis ratio  sigma  min&max std  t[m:s]
    1      8 9.002685546875000e-02 1.0e+00 1.85e+00  2e+00  2e+00 0:11.5
    2     16 6.972249348958337e-02 1.5e+00 1.82e+00  2e+00  2e+00 0:22.3
    3     24 4.042561848958337e-02 1.5e+00 1.66e+00  1e+00  2e+00 0:34.2
    4     32 1.892089843750000e-02 1.8e+00 1.76e+00  1e+00  2e+00 0:45.3
    5     40 5.462646484375000e-02 2.2e+00 1.75e+00  1e+00  2e+00 0:56.6
    6     48 1.011962890625000e-01 2.2e+00 1.81e+00  1e+00  2e+00 1:08.4
    7     56 8.571370442708337e-02 2.3e+00 1.70e+00  1e+00  2e+00 1:19.3
    8     64 1.452026367187500e-01 2.4e+00 1.37e+00  1e+00  2e+00 1:30.9
    9     72 9.037272135416663e-02 2.3e+00 1.17e+00  9e-01  1e+00 1:42.2
   10     80 8.646647135416663e-02 2.1e+00 1.24e+00  1e+00  1e+00 1:53.2
   11     88 2.390543619791663e-02 2.4e+00 1.09e+00  9e-01  1e+00 2:03.7
   12     96 9.785970052083370e-03 2.8e+00 9.45e-01  7e-01  1e+00 2:15.0
   14    112 9.989420572916630e-03 3.0e+00 7.30e-01  5e-01  7e-01 2:37.7
   16    128 1.141357421875000e-02 3.7e+00 5.45e-01  3e-01  5e-01 3:00.2
   18    144 2.685546875000000e-03 4.3e+00 5.41e-01  2e-01  5e-01 3:22.4
   20    160 3.824869791666630e-03 5.1e+00 4.97e-01  2e-01  5e-01 3:44.4
   22    176 1.729329427083370e-03 5.5e+00 3.63e-01  1e-01  3e-01 4:07.1
   24    192 8.138020833333703e-04 5.8e+00 2.55e-01  8e-02  2e-01 4:29.8
   26    208 8.138020833337034e-05 6.3e+00 1.93e-01  5e-02  2e-01 4:51.6
   28    224 1.220703125000000e-04 7.6e+00 1.54e-01  4e-02  1e-01 5:14.3
   29    232 0.000000000000000e+00 7.7e+00 1.79e-01  4e-02  2e-01 5:25.5
termination on ftarget=1e-11
final/bestever f-value = 0.000000e+00 0.000000e+00
incumbent solution: [5.768190866096539, 1.9956542463189522, -1.898997470136238, -2.177003988777285]
std deviation: [0.044613614097621254, 0.16214504232637206, 0.16087711807885036, 0.13034457034703037]
CMAEvolutionStrategyResult(xbest=array([ 5.76807313,  1.96553119, -1.84031317, -2.16312989]), fbest=0.0, evals_best=229, evaluations=232, iterations=29, xfavorite=array([ 5.76819087,  1.99565425, -1.89899747, -2.17700399]), stds=array([0.04461361, 0.16214504, 0.16087712, 0.13034457]), stop={'ftarget': 1e-11})
6 10
(4_w,8)-aCMA-ES (mu_w=2.6,w_1=52%) in dimension 4 (seed=751254, Sun Jun 13 22:40:31 2021)
Iterat #Fevals   function value  axis ratio  sigma  min&max std  t[m:s]
    1      8 1.528116861979166e-01 1.0e+00 1.62e+00  1e+00  2e+00 0:11.2
    2     16 2.229614257812500e-01 1.4e+00 1.48e+00  1e+00  2e+00 0:22.2
    3     24 6.783040364583337e-02 1.4e+00 1.37e+00  1e+00  1e+00 0:33.1
    4     32 1.628417968750000e-01 1.6e+00 1.11e+00  9e-01  1e+00 0:44.2
    5     40 5.700683593750000e-02 1.6e+00 1.08e+00  9e-01  1e+00 0:55.7
    6     48 9.562174479166630e-03 1.8e+00 9.22e-01  7e-01  1e+00 1:06.3
    7     56 1.625569661458337e-02 2.0e+00 8.39e-01  6e-01  8e-01 1:17.0
    8     64 3.599039713541663e-02 1.8e+00 1.02e+00  8e-01  1e+00 1:28.2
    9     72 1.287841796875000e-02 2.5e+00 1.17e+00  9e-01  1e+00 1:39.1
   10     80 1.605224609375000e-02 2.9e+00 1.11e+00  8e-01  1e+00 1:50.4
   11     88 4.203287760416663e-02 2.9e+00 9.40e-01  7e-01  9e-01 2:01.9
   12     96 8.646647135416630e-03 3.1e+00 9.28e-01  7e-01  9e-01 2:13.5
   14    112 4.577636718750000e-03 3.9e+00 7.70e-01  6e-01  7e-01 2:35.7
   16    128 7.364908854166630e-03 4.4e+00 5.06e-01  3e-01  4e-01 2:57.7
   18    144 2.258300781250000e-03 4.2e+00 3.86e-01  2e-01  3e-01 3:20.1
   20    160 2.644856770833370e-03 5.5e+00 3.15e-01  2e-01  2e-01 3:42.4
   22    176 5.289713541666297e-04 5.5e+00 2.40e-01  1e-01  2e-01 4:03.8
   24    192 6.510416666666297e-04 5.9e+00 2.45e-01  1e-01  2e-01 4:26.0
   26    208 3.255208333333703e-04 6.7e+00 1.80e-01  8e-02  1e-01 4:47.2
   28    224 0.000000000000000e+00 7.2e+00 1.70e-01  6e-02  1e-01 5:10.0
termination on ftarget=1e-11
final/bestever f-value = 0.000000e+00 0.000000e+00
incumbent solution: [-0.8425085234621398, -0.15553237977160553, 1.2568977384987896, 7.810701497414938]
std deviation: [0.12371636676145639, 0.08002269598161553, 0.06194333919654632, 0.08788676537470222]
CMAEvolutionStrategyResult(xbest=array([-0.80327216, -0.15537537,  1.25435448,  7.80893786]), fbest=0.0, evals_best=221, evaluations=224, iterations=28, xfavorite=array([-0.84250852, -0.15553238,  1.25689774,  7.8107015 ]), stds=array([0.12371637, 0.0800227 , 0.06194334, 0.08788677]), stop={'ftarget': 1e-11})
7 10
(4_w,8)-aCMA-ES (mu_w=2.6,w_1=52%) in dimension 4 (seed=739316, Sun Jun 13 22:45:41 2021)
Iterat #Fevals   function value  axis ratio  sigma  min&max std  t[m:s]
    1      8 1.719563802083334e-01 1.0e+00 1.41e+00  1e+00  1e+00 0:11.0
    2     16 7.124837239583337e-02 1.3e+00 1.46e+00  1e+00  2e+00 0:22.5
    3     24 9.822591145833337e-02 1.6e+00 1.58e+00  1e+00  2e+00 0:33.9
    4     32 1.372680664062500e-01 2.0e+00 1.74e+00  1e+00  2e+00 0:45.6
    5     40 6.341552734375000e-02 2.0e+00 1.71e+00  2e+00  2e+00 0:57.5
    6     48 1.375528971354166e-01 1.6e+00 1.34e+00  1e+00  1e+00 1:08.8
    7     56 7.006835937500000e-02 1.6e+00 1.09e+00  1e+00  1e+00 1:19.7
    8     64 9.226481119791663e-02 2.0e+00 9.86e-01  8e-01  1e+00 1:31.0
    9     72 2.083333333333337e-02 2.0e+00 1.02e+00  9e-01  1e+00 1:42.3
   10     80 3.009033203125000e-02 2.1e+00 9.14e-01  8e-01  9e-01 1:53.8
   11     88 9.582519531250000e-03 2.2e+00 8.45e-01  6e-01  8e-01 2:05.4
   12     96 8.707682291666630e-03 2.1e+00 7.85e-01  5e-01  7e-01 2:16.5
   14    112 6.001790364583370e-03 2.1e+00 5.90e-01  4e-01  5e-01 2:38.4
   16    128 2.868652343750000e-03 2.5e+00 5.01e-01  3e-01  5e-01 3:01.6
   18    144 3.987630208333370e-03 3.1e+00 3.28e-01  2e-01  3e-01 3:23.6
   20    160 2.360026041666630e-03 3.4e+00 2.81e-01  2e-01  2e-01 3:47.6
   22    176 1.566569010416630e-03 3.5e+00 2.44e-01  1e-01  2e-01 4:10.4
   24    192 1.485188802083370e-03 3.7e+00 2.27e-01  1e-01  2e-01 4:32.1
   26    208 1.586914062500000e-03 3.7e+00 1.79e-01  9e-02  1e-01 4:53.9
   28    224 1.688639322916630e-03 4.2e+00 1.47e-01  7e-02  9e-02 5:15.9
   30    240 1.037597656250000e-03 4.4e+00 1.51e-01  6e-02  9e-02 5:37.3
   32    256 9.155273437500000e-04 4.2e+00 1.35e-01  5e-02  8e-02 5:59.8
   34    272 9.765625000000000e-04 3.6e+00 1.11e-01  4e-02  6e-02 6:22.6
   37    296 9.562174479166297e-04 4.4e+00 1.01e-01  3e-02  5e-02 6:55.5
   40    320 9.155273437500000e-04 4.3e+00 8.27e-02  3e-02  4e-02 7:28.9
   43    344 6.713867187500000e-04 5.5e+00 7.77e-02  2e-02  4e-02 8:02.8
   46    368 7.934570312500000e-04 7.2e+00 5.56e-02  2e-02  3e-02 8:35.1
   49    392 8.748372395833703e-04 7.2e+00 4.17e-02  1e-02  2e-02 9:08.8
   52    416 7.324218750000000e-04 9.0e+00 3.29e-02  9e-03  1e-02 9:42.7
   55    440 6.103515625000000e-04 1.0e+01 3.67e-02  1e-02  2e-02 10:16.4
   58    464 6.510416666666297e-04 1.1e+01 3.39e-02  7e-03  1e-02 10:50.8
   61    488 8.138020833333703e-04 1.2e+01 2.40e-02  6e-03  1e-02 11:24.9
   64    512 7.527669270833703e-04 1.4e+01 2.72e-02  6e-03  1e-02 11:57.8
   67    536 7.527669270833703e-04 2.2e+01 2.84e-02  6e-03  1e-02 12:30.9
   71    568 7.934570312500000e-04 1.9e+01 3.19e-02  6e-03  1e-02 13:15.8
   75    600 9.562174479166297e-04 2.3e+01 4.22e-02  1e-02  2e-02 14:00.6
   79    632 6.510416666666297e-04 2.2e+01 4.75e-02  1e-02  2e-02 14:46.4
   83    664 7.120768229166297e-04 2.3e+01 3.86e-02  8e-03  2e-02 15:31.3
   87    696 9.562174479166297e-04 1.7e+01 5.65e-02  8e-03  2e-02 16:15.4
   91    728 7.324218750000000e-04 1.7e+01 3.42e-02  5e-03  1e-02 16:59.3
   95    760 7.731119791666297e-04 1.7e+01 3.30e-02  4e-03  1e-02 17:44.5
   99    792 8.544921875000000e-04 2.0e+01 3.41e-02  4e-03  1e-02 18:32.0
  100    800 8.138020833333703e-04 1.9e+01 3.30e-02  4e-03  1e-02 18:43.5
termination on maxiter=100
final/bestever f-value = 8.138021e-04 5.696615e-04
incumbent solution: [1.4385105928126085, 1.4527949028358365, 1.8476200844637072, 1.2671195902794115]
std deviation: [0.0038244788663628964, 0.007324696630628139, 0.009569574394177069, 0.008283923478422758]
CMAEvolutionStrategyResult(xbest=array([1.43061986, 1.44505242, 1.85134423, 1.28023255]), fbest=0.0005696614583333703, evals_best=419, evaluations=800, iterations=100, xfavorite=array([1.43851059, 1.4527949 , 1.84762008, 1.26711959]), stds=array([0.00382448, 0.0073247 , 0.00956957, 0.00828392]), stop={'maxiter': 100})
8 10
(4_w,8)-aCMA-ES (mu_w=2.6,w_1=52%) in dimension 4 (seed=761751, Sun Jun 13 23:04:24 2021)
Iterat #Fevals   function value  axis ratio  sigma  min&max std  t[m:s]
    1      8 6.327311197916663e-02 1.0e+00 1.33e+00  1e+00  1e+00 0:10.9
    2     16 8.768717447916663e-02 1.3e+00 1.13e+00  1e+00  1e+00 0:22.1
    3     24 1.376953125000000e-01 1.4e+00 9.36e-01  7e-01  9e-01 0:33.8
    4     32 5.175781250000000e-02 1.6e+00 9.26e-01  7e-01  8e-01 0:44.9
    5     40 8.911132812500000e-02 1.6e+00 9.54e-01  7e-01  9e-01 0:55.6
    6     48 1.047973632812500e-01 1.8e+00 1.03e+00  8e-01  1e+00 1:07.0
    7     56 1.035970052083334e-01 2.1e+00 1.07e+00  7e-01  1e+00 1:17.9
    8     64 1.032918294270834e-01 2.2e+00 8.92e-01  6e-01  9e-01 1:29.0
    9     72 1.221516927083334e-01 2.5e+00 8.41e-01  6e-01  8e-01 1:40.7
   10     80 1.164957682291666e-01 2.9e+00 7.29e-01  5e-01  6e-01 1:51.8
   11     88 6.937662760416663e-02 2.6e+00 8.15e-01  5e-01  6e-01 2:03.0
   12     96 6.687418619791663e-02 2.7e+00 8.00e-01  5e-01  6e-01 2:14.2
   14    112 9.094238281250000e-03 2.5e+00 9.34e-01  5e-01  7e-01 2:35.9
   16    128 2.012125651041663e-02 2.6e+00 9.09e-01  5e-01  7e-01 2:59.3
   18    144 2.298990885416630e-03 2.7e+00 6.35e-01  3e-01  5e-01 3:22.2
   20    160 3.377278645833370e-03 3.4e+00 4.60e-01  2e-01  3e-01 3:44.2
   22    176 1.932779947916630e-03 3.0e+00 3.26e-01  1e-01  2e-01 4:09.1
   24    192 8.544921875000000e-04 2.9e+00 2.56e-01  1e-01  1e-01 4:30.9
   26    208 8.341471354166297e-04 3.2e+00 2.06e-01  7e-02  1e-01 4:53.1
   28    224 1.444498697916630e-03 3.5e+00 1.77e-01  5e-02  9e-02 5:16.2
   30    240 5.086263020833703e-04 3.8e+00 1.48e-01  5e-02  6e-02 5:38.5
   32    256 1.627604166666297e-04 3.7e+00 1.63e-01  5e-02  7e-02 6:00.4
   34    272 0.000000000000000e+00 3.1e+00 1.84e-01  6e-02  9e-02 6:22.3
termination on ftarget=1e-11
final/bestever f-value = 0.000000e+00 0.000000e+00
incumbent solution: [4.9007256537071, 1.2284681775340314, 4.788273459202143, 1.7139854614778554]
std deviation: [0.0614192337246756, 0.061348698245197765, 0.08692135366663797, 0.06512276013078573]
CMAEvolutionStrategyResult(xbest=array([4.88472201, 1.19826061, 4.76489362, 1.75811226]), fbest=0.0, evals_best=269, evaluations=272, iterations=34, xfavorite=array([4.90072565, 1.22846818, 4.78827346, 1.71398546]), stds=array([0.06141923, 0.0613487 , 0.08692135, 0.06512276]), stop={'ftarget': 1e-11})
9 10
(4_w,8)-aCMA-ES (mu_w=2.6,w_1=52%) in dimension 4 (seed=699557, Sun Jun 13 23:10:47 2021)
Iterat #Fevals   function value  axis ratio  sigma  min&max std  t[m:s]
    1      8 1.633097330729166e-01 1.0e+00 1.39e+00  1e+00  1e+00 0:10.9
    2     16 1.807250976562500e-01 1.2e+00 1.59e+00  1e+00  2e+00 0:21.9
    3     24 2.558593750000000e-01 1.6e+00 1.62e+00  1e+00  2e+00 0:32.9
    4     32 1.719156901041666e-01 1.7e+00 1.59e+00  1e+00  2e+00 0:44.0
    5     40 7.527669270833703e-04 1.7e+00 1.64e+00  2e+00  2e+00 0:55.3
    6     48 1.199747721354166e-01 1.7e+00 1.57e+00  1e+00  2e+00 1:06.2
    7     56 1.237996419270834e-01 1.6e+00 1.58e+00  1e+00  2e+00 1:17.8
    8     64 2.270100911458334e-01 1.8e+00 1.63e+00  1e+00  2e+00 1:29.2
    9     72 7.314046223958337e-02 1.6e+00 1.62e+00  1e+00  2e+00 1:40.8
   10     80 2.331339518229166e-01 1.6e+00 1.84e+00  2e+00  2e+00 1:51.8
   11     88 2.795410156250000e-02 2.1e+00 1.76e+00  2e+00  2e+00 2:03.0
   12     96 2.074381510416666e-01 2.1e+00 2.09e+00  2e+00  3e+00 2:14.2
   14    112 9.086100260416663e-02 2.4e+00 1.90e+00  2e+00  3e+00 2:36.6
   16    128 1.484578450520834e-01 2.8e+00 2.01e+00  2e+00  3e+00 2:59.2
   18    144 7.397460937500000e-02 2.9e+00 2.25e+00  2e+00  3e+00 3:21.8
   20    160 1.449584960937500e-01 3.0e+00 2.98e+00  2e+00  4e+00 3:44.1
   22    176 2.403971354166666e-01 3.1e+00 3.10e+00  2e+00  4e+00 4:06.2
   24    192 2.716878255208334e-01 2.8e+00 2.58e+00  2e+00  3e+00 4:29.1
   26    208 2.083333333333334e-01 2.5e+00 2.19e+00  1e+00  2e+00 4:50.7
   28    224 2.406412760416666e-01 3.3e+00 3.52e+00  2e+00  5e+00 5:13.0
   30    240 1.402587890625000e-01 4.2e+00 3.18e+00  2e+00  4e+00 5:35.5
   32    256 1.142374674479166e-01 3.8e+00 2.64e+00  1e+00  3e+00 5:57.4
   35    280 6.996663411458337e-02 5.6e+00 3.57e+00  2e+00  5e+00 6:29.8
   38    304 3.175862630208337e-02 5.0e+00 3.33e+00  1e+00  4e+00 7:03.0
   41    328 1.334635416666666e-01 5.9e+00 4.75e+00  2e+00  6e+00 7:37.9
   44    352 8.744303385416663e-02 5.5e+00 3.72e+00  1e+00  4e+00 8:11.0
   47    376 6.347656250000000e-02 5.1e+00 3.02e+00  8e-01  3e+00 8:43.7
   50    400 1.262410481770834e-01 4.3e+00 2.53e+00  6e-01  2e+00 9:17.8
   53    424 1.270345052083334e-01 6.0e+00 1.82e+00  4e-01  2e+00 9:51.5
   56    448 7.688395182291663e-02 5.6e+00 1.75e+00  4e-01  1e+00 10:26.4
   59    472 5.076090494791663e-02 5.2e+00 1.21e+00  2e-01  9e-01 10:59.6
   62    496 5.991617838541663e-02 5.0e+00 8.38e-01  2e-01  5e-01 11:33.6
   65    520 3.865559895833337e-02 4.2e+00 6.70e-01  1e-01  4e-01 12:06.9
   68    544 2.158610026041663e-02 4.9e+00 6.33e-01  1e-01  3e-01 12:40.3
   71    568 3.662109375000000e-03 5.6e+00 1.02e+00  2e-01  4e-01 13:14.6
   75    600 1.143391927083337e-02 5.2e+00 1.11e+00  2e-01  4e-01 13:59.6
   79    632 3.641764322916630e-03 4.2e+00 7.67e-01  1e-01  2e-01 14:44.6
   83    664 4.475911458333703e-04 5.3e+00 4.78e-01  7e-02  1e-01 15:29.4
   87    696 1.017252604166297e-04 5.6e+00 3.32e-01  5e-02  7e-02 16:13.7
   89    712 0.000000000000000e+00 5.4e+00 3.28e-01  5e-02  6e-02 16:37.0
termination on ftarget=1e-11
final/bestever f-value = 0.000000e+00 0.000000e+00
incumbent solution: [1.630943451551763, -13.665301126149977, 8.811152108845153, 42.56127701707702]
std deviation: [0.05122007309968389, 0.06223477129823733, 0.052485960039402445, 0.04743464208513216]
CMAEvolutionStrategyResult(xbest=array([  1.6383272 , -13.67449149,   8.82316914,  42.56811074]), fbest=0.0, evals_best=708, evaluations=712, iterations=89, xfavorite=array([  1.63094345, -13.66530113,   8.81115211,  42.56127702]), stds=array([0.05122007, 0.06223477, 0.05248596, 0.04743464]), stop={'ftarget': 1e-11})
