0 10
(4_w,8)-aCMA-ES (mu_w=2.6,w_1=52%) in dimension 4 (seed=776274, Sun Jun 13 21:41:20 2021)
circuitVTD.py:339: DeprecationWarning: The QuantumCircuit.__add__() method is being deprecated.Use the compose() method which is more flexible w.r.t circuit register compatibility.
  TrotterFixStepList.append(TrotterFixStepList[-1] + U_trot)
/home/nfb1/.local/lib/python3.7/site-packages/qiskit/circuit/quantumcircuit.py:869: DeprecationWarning: The QuantumCircuit.combine() method is being deprecated. Use the compose() method which is more flexible w.r.t circuit register compatibility.
  return self.combine(rhs)
circuitVTD.py:170: DeprecationWarning: The QuantumCircuit.__iadd__() method is being deprecated. Use the compose() (potentially with the inplace=True argument) and tensor() methods which are more flexible w.r.t circuit register compatibility.
  circ += U_v_prime
/home/nfb1/.local/lib/python3.7/site-packages/qiskit/circuit/quantumcircuit.py:876: DeprecationWarning: The QuantumCircuit.extend() method is being deprecated. Use the compose() (potentially with the inplace=True argument) and tensor() methods which are more flexible w.r.t circuit register compatibility.
  return self.extend(rhs)
Iterat #Fevals   function value  axis ratio  sigma  min&max std  t[m:s]
    1      8 1.107177734375000e-01 1.0e+00 1.51e+00  1e+00  2e+00 0:09.4
    2     16 8.113606770833337e-02 1.3e+00 1.49e+00  1e+00  2e+00 0:18.9
    3     24 4.724121093750000e-02 1.4e+00 1.48e+00  1e+00  2e+00 0:28.4
    4     32 2.447916666666666e-01 1.6e+00 1.53e+00  1e+00  2e+00 0:38.2
    5     40 1.294759114583334e-01 1.7e+00 1.66e+00  1e+00  2e+00 0:47.0
    6     48 1.688232421875000e-01 2.0e+00 1.70e+00  1e+00  2e+00 0:57.0
    7     56 2.532958984375000e-01 2.2e+00 1.49e+00  1e+00  2e+00 1:06.3
    8     64 1.341552734375000e-01 2.5e+00 1.38e+00  1e+00  2e+00 1:15.9
    9     72 1.512044270833334e-01 2.7e+00 1.25e+00  1e+00  2e+00 1:25.2
   10     80 7.405598958333370e-03 2.9e+00 1.17e+00  9e-01  1e+00 1:35.2
   12     96 3.051757812500000e-03 2.4e+00 8.12e-01  5e-01  7e-01 1:54.2
   14    112 8.504231770833370e-03 2.2e+00 7.61e-01  4e-01  7e-01 2:13.2
   16    128 2.441406250000000e-03 2.1e+00 4.95e-01  3e-01  4e-01 2:31.8
   18    144 2.929687500000000e-03 2.8e+00 4.26e-01  2e-01  3e-01 2:50.6
   20    160 4.069010416666297e-04 2.9e+00 3.44e-01  1e-01  2e-01 3:08.8
   22    176 4.069010416662966e-05 2.9e+00 3.07e-01  1e-01  2e-01 3:28.5
   24    192 2.848307291666297e-04 3.7e+00 2.26e-01  7e-02  2e-01 3:46.8
   26    208 2.034505208333703e-04 5.0e+00 2.03e-01  6e-02  2e-01 4:05.8
   28    224 8.138020833337034e-05 5.1e+00 1.51e-01  4e-02  1e-01 4:25.7
   30    240 8.138020833337034e-05 5.5e+00 1.13e-01  2e-02  8e-02 4:45.0
   31    248 0.000000000000000e+00 5.4e+00 9.20e-02  2e-02  6e-02 4:54.6
termination on ftarget=1e-11
final/bestever f-value = 0.000000e+00 0.000000e+00
incumbent solution: [5.739078171509023, 5.891195328840657, 1.539767046269769, 2.206208833606717]
std deviation: [0.062485074530336554, 0.041579017745076656, 0.01751794250004469, 0.04267628283521064]
CMAEvolutionStrategyResult(xbest=array([5.72545889, 5.90094922, 1.53274398, 2.20380547]), fbest=0.0, evals_best=244, evaluations=248, iterations=31, xfavorite=array([5.73907817, 5.89119533, 1.53976705, 2.20620883]), stds=array([0.06248507, 0.04157902, 0.01751794, 0.04267628]), stop={'ftarget': 1e-11})
1 10
(4_w,8)-aCMA-ES (mu_w=2.6,w_1=52%) in dimension 4 (seed=758349, Sun Jun 13 21:46:15 2021)
Iterat #Fevals   function value  axis ratio  sigma  min&max std  t[m:s]
    1      8 1.367187500000000e-02 1.0e+00 1.32e+00  1e+00  1e+00 0:11.0
    2     16 7.454427083333337e-02 1.2e+00 1.12e+00  1e+00  1e+00 0:21.3
    3     24 5.900065104166663e-02 1.6e+00 1.05e+00  9e-01  1e+00 0:32.5
    4     32 8.435058593750000e-02 1.7e+00 1.01e+00  8e-01  1e+00 0:43.1
    5     40 5.208333333333370e-03 1.8e+00 8.38e-01  6e-01  9e-01 0:54.0
    6     48 4.081217447916663e-02 1.7e+00 6.56e-01  5e-01  6e-01 1:04.6
    7     56 7.080078125000000e-03 1.7e+00 6.57e-01  4e-01  6e-01 1:15.7
    8     64 3.259277343750000e-02 1.8e+00 5.45e-01  4e-01  4e-01 1:25.8
    9     72 1.534016927083337e-02 1.9e+00 4.79e-01  3e-01  4e-01 1:36.9
   10     80 5.330403645833370e-03 1.9e+00 4.10e-01  2e-01  3e-01 1:47.7
   11     88 1.057942708333370e-03 1.9e+00 3.80e-01  2e-01  3e-01 1:58.4
   13    104 6.998697916666630e-03 2.1e+00 2.64e-01  1e-01  2e-01 2:19.8
   15    120 1.302083333333370e-03 2.1e+00 1.77e-01  9e-02  1e-01 2:40.9
   17    136 1.098632812500000e-03 2.5e+00 1.37e-01  6e-02  8e-02 3:02.5
   19    152 4.069010416666297e-04 2.7e+00 1.09e-01  4e-02  7e-02 3:23.7
   21    168 0.000000000000000e+00 2.7e+00 1.06e-01  4e-02  6e-02 3:45.4
termination on ftarget=1e-11
final/bestever f-value = 0.000000e+00 0.000000e+00
incumbent solution: [2.1618682747631737, 3.3469924505725563, 6.374114093095443, 2.6570676804825557]
std deviation: [0.03796815528003977, 0.0480253456488222, 0.06166775572699359, 0.045663490911011115]
CMAEvolutionStrategyResult(xbest=array([2.16090823, 3.35285127, 6.35089346, 2.66452985]), fbest=0.0, evals_best=167, evaluations=168, iterations=21, xfavorite=array([2.16186827, 3.34699245, 6.37411409, 2.65706768]), stds=array([0.03796816, 0.04802535, 0.06166776, 0.04566349]), stop={'ftarget': 1e-11})
2 10
(4_w,8)-aCMA-ES (mu_w=2.6,w_1=52%) in dimension 4 (seed=776871, Sun Jun 13 21:50:00 2021)
Iterat #Fevals   function value  axis ratio  sigma  min&max std  t[m:s]
    1      8 5.668131510416663e-02 1.0e+00 1.72e+00  2e+00  2e+00 0:10.5
    2     16 2.402750651041666e-01 1.3e+00 1.78e+00  2e+00  2e+00 0:21.0
    3     24 4.451497395833337e-02 1.4e+00 1.82e+00  2e+00  2e+00 0:31.7
    4     32 2.381184895833334e-01 1.4e+00 1.80e+00  2e+00  2e+00 0:42.3
    5     40 1.484781901041666e-01 1.5e+00 1.64e+00  1e+00  2e+00 0:52.7
    6     48 4.976399739583337e-02 1.6e+00 1.41e+00  1e+00  1e+00 1:03.0
    7     56 9.415690104166663e-02 1.7e+00 1.21e+00  1e+00  1e+00 1:13.7
    8     64 6.001790364583337e-02 1.5e+00 1.19e+00  9e-01  1e+00 1:24.2
    9     72 1.163330078125000e-01 1.6e+00 9.59e-01  6e-01  9e-01 1:34.2
   10     80 2.189127604166663e-02 1.8e+00 1.03e+00  6e-01  1e+00 1:44.9
   11     88 2.933756510416663e-02 2.1e+00 1.02e+00  6e-01  1e+00 1:55.3
   13    104 2.539062500000000e-02 2.7e+00 8.95e-01  5e-01  1e+00 2:16.4
   15    120 1.513671875000000e-02 3.0e+00 7.38e-01  4e-01  8e-01 2:37.6
   17    136 1.298014322916663e-02 3.0e+00 4.79e-01  2e-01  5e-01 2:58.6
   19    152 5.696614583333703e-04 3.2e+00 3.68e-01  1e-01  4e-01 3:20.4
   21    168 6.632486979166630e-03 3.6e+00 3.86e-01  1e-01  4e-01 3:41.5
   23    184 5.086263020833370e-03 3.8e+00 2.78e-01  1e-01  3e-01 4:02.4
   25    200 1.505533854166630e-03 3.8e+00 3.18e-01  1e-01  4e-01 4:24.9
   27    216 5.289713541666297e-04 5.4e+00 3.12e-01  1e-01  4e-01 4:45.6
   29    232 4.069010416666297e-04 4.9e+00 2.50e-01  8e-02  3e-01 5:06.4
   31    248 0.000000000000000e+00 5.2e+00 1.86e-01  5e-02  2e-01 5:27.7
termination on ftarget=1e-11
final/bestever f-value = 0.000000e+00 0.000000e+00
incumbent solution: [10.25727561386976, 1.8306192409416011, 2.9707969459273964, 1.9797978898181412]
std deviation: [0.05366802528491446, 0.06178341616529373, 0.19166972453711753, 0.07654096482183244]
CMAEvolutionStrategyResult(xbest=array([10.22075483,  1.850614  ,  2.82879062,  1.97268536]), fbest=0.0, evals_best=246, evaluations=248, iterations=31, xfavorite=array([10.25727561,  1.83061924,  2.97079695,  1.97979789]), stds=array([0.05366803, 0.06178342, 0.19166972, 0.07654096]), stop={'ftarget': 1e-11})
3 10
(4_w,8)-aCMA-ES (mu_w=2.6,w_1=52%) in dimension 4 (seed=756114, Sun Jun 13 21:55:28 2021)
Iterat #Fevals   function value  axis ratio  sigma  min&max std  t[m:s]
    1      8 2.882486979166666e-01 1.0e+00 1.62e+00  1e+00  2e+00 0:10.5
    2     16 1.571858723958334e-01 1.3e+00 1.68e+00  2e+00  2e+00 0:21.0
    3     24 2.361246744791666e-01 1.5e+00 1.49e+00  1e+00  2e+00 0:31.6
    4     32 2.568766276041666e-01 1.7e+00 1.54e+00  1e+00  2e+00 0:42.2
    5     40 1.240234375000000e-01 1.6e+00 1.56e+00  1e+00  2e+00 0:52.4
    6     48 1.413167317708334e-01 1.6e+00 1.63e+00  1e+00  2e+00 1:02.9
    7     56 1.481119791666663e-02 1.7e+00 1.38e+00  9e-01  1e+00 1:13.5
    8     64 1.031494140625000e-01 1.9e+00 1.22e+00  8e-01  1e+00 1:24.5
    9     72 4.606119791666663e-02 1.9e+00 1.04e+00  7e-01  1e+00 1:35.1
   10     80 3.409830729166663e-02 2.2e+00 1.02e+00  6e-01  1e+00 1:45.7
   11     88 5.322265625000000e-02 2.6e+00 9.48e-01  5e-01  1e+00 1:57.8
   13    104 1.029459635416663e-02 2.8e+00 7.28e-01  4e-01  7e-01 2:19.3
   15    120 5.086263020833370e-03 2.2e+00 4.97e-01  3e-01  4e-01 2:40.0
   17    136 1.468912760416663e-02 3.0e+00 4.43e-01  3e-01  3e-01 3:01.1
   19    152 1.261393229166630e-03 2.7e+00 3.13e-01  1e-01  2e-01 3:22.8
   21    168 4.353841145833370e-03 2.9e+00 4.47e-01  2e-01  3e-01 3:43.4
   23    184 2.848307291666297e-04 3.2e+00 3.50e-01  1e-01  2e-01 4:04.7
   25    200 2.237955729166630e-03 3.4e+00 2.82e-01  1e-01  2e-01 4:26.5
   27    216 3.255208333333703e-04 3.5e+00 2.84e-01  9e-02  2e-01 4:48.5
   29    232 4.475911458333703e-04 4.8e+00 3.07e-01  9e-02  3e-01 5:09.8
   31    248 1.220703125000000e-04 7.2e+00 2.23e-01  5e-02  2e-01 5:31.4
   33    264 2.034505208333703e-04 7.1e+00 1.62e-01  3e-02  1e-01 5:53.3
   36    288 8.138020833337034e-05 7.7e+00 1.13e-01  2e-02  1e-01 6:25.0
   38    304 0.000000000000000e+00 8.5e+00 7.96e-02  1e-02  7e-02 6:47.0
termination on ftarget=1e-11
final/bestever f-value = 0.000000e+00 0.000000e+00
incumbent solution: [4.364857576628434, 8.810153334445058, 6.960989918193295, 3.179983484451289]
std deviation: [0.011109929408683286, 0.05382633960823181, 0.06662383388402622, 0.03335738595768842]
CMAEvolutionStrategyResult(xbest=array([4.3691224 , 8.80879195, 6.96607139, 3.18564543]), fbest=0.0, evals_best=297, evaluations=304, iterations=38, xfavorite=array([4.36485758, 8.81015333, 6.96098992, 3.17998348]), stds=array([0.01110993, 0.05382634, 0.06662383, 0.03335739]), stop={'ftarget': 1e-11})
4 10
(4_w,8)-aCMA-ES (mu_w=2.6,w_1=52%) in dimension 4 (seed=771910, Sun Jun 13 22:02:15 2021)
Iterat #Fevals   function value  axis ratio  sigma  min&max std  t[m:s]
    1      8 2.257893880208334e-01 1.0e+00 1.33e+00  1e+00  1e+00 0:10.6
    2     16 2.809244791666666e-01 1.2e+00 1.28e+00  1e+00  1e+00 0:21.3
    3     24 1.993815104166630e-03 1.5e+00 1.31e+00  1e+00  2e+00 0:32.1
    4     32 2.395019531250000e-01 1.6e+00 1.29e+00  1e+00  1e+00 0:42.9
    5     40 1.009114583333334e-01 1.6e+00 1.22e+00  1e+00  1e+00 0:53.6
    6     48 7.950846354166663e-02 1.6e+00 1.19e+00  1e+00  1e+00 1:04.9
    7     56 4.980468750000000e-02 1.7e+00 1.03e+00  7e-01  1e+00 1:15.2
    8     64 4.793294270833337e-02 1.6e+00 8.78e-01  6e-01  9e-01 1:26.6
    9     72 1.460774739583337e-02 1.8e+00 8.01e-01  5e-01  8e-01 1:37.0
   10     80 5.900065104166663e-02 1.8e+00 6.69e-01  4e-01  6e-01 1:47.8
   11     88 1.647949218750000e-02 1.7e+00 6.51e-01  4e-01  5e-01 1:58.5
   13    104 7.731119791666630e-03 1.8e+00 5.98e-01  3e-01  5e-01 2:19.5
   15    120 1.293945312500000e-02 2.1e+00 4.43e-01  2e-01  4e-01 2:40.9
   17    136 3.499348958333370e-03 2.6e+00 4.48e-01  2e-01  4e-01 3:02.2
   19    152 4.109700520833370e-03 3.0e+00 3.39e-01  2e-01  3e-01 3:24.1
   21    168 6.510416666666297e-04 3.7e+00 2.80e-01  1e-01  2e-01 3:45.3
   23    184 1.139322916666630e-03 3.7e+00 2.25e-01  8e-02  2e-01 4:07.1
   25    200 4.069010416662966e-05 4.6e+00 1.65e-01  5e-02  1e-01 4:28.3
   27    216 1.220703125000000e-04 5.7e+00 1.29e-01  4e-02  1e-01 4:49.7
   29    232 0.000000000000000e+00 7.9e+00 1.21e-01  3e-02  1e-01 5:11.0
termination on ftarget=1e-11
final/bestever f-value = 0.000000e+00 0.000000e+00
incumbent solution: [3.8044408575275677, 4.323594332157594, 1.3756410661292215, 1.3339877503897242]
std deviation: [0.08021118669822724, 0.02973688784499759, 0.05989600644631287, 0.1144501623264444]
CMAEvolutionStrategyResult(xbest=array([3.78043092, 4.31676928, 1.39377511, 1.26595977]), fbest=0.0, evals_best=225, evaluations=232, iterations=29, xfavorite=array([3.80444086, 4.32359433, 1.37564107, 1.33398775]), stds=array([0.08021119, 0.02973689, 0.05989601, 0.11445016]), stop={'ftarget': 1e-11})
5 10
(4_w,8)-aCMA-ES (mu_w=2.6,w_1=52%) in dimension 4 (seed=698059, Sun Jun 13 22:07:26 2021)
Iterat #Fevals   function value  axis ratio  sigma  min&max std  t[m:s]
    1      8 3.613281250000000e-02 1.0e+00 1.59e+00  2e+00  2e+00 0:10.8
    2     16 1.324055989583334e-01 1.2e+00 1.49e+00  1e+00  2e+00 0:21.1
    3     24 1.204833984375000e-01 1.3e+00 1.34e+00  1e+00  1e+00 0:31.6
    4     32 5.765787760416663e-02 1.5e+00 1.64e+00  1e+00  2e+00 0:42.6
    5     40 3.409830729166663e-02 1.7e+00 1.40e+00  1e+00  2e+00 0:53.1
    6     48 3.393554687500000e-02 1.9e+00 1.23e+00  8e-01  1e+00 1:03.7
    7     56 1.851399739583337e-02 2.1e+00 1.22e+00  8e-01  1e+00 1:14.3
    8     64 4.992675781250000e-02 2.5e+00 1.12e+00  7e-01  1e+00 1:24.9
    9     72 6.095377604166663e-02 2.1e+00 1.11e+00  7e-01  1e+00 1:35.6
   10     80 5.179850260416663e-02 2.2e+00 1.39e+00  9e-01  2e+00 1:46.9
   11     88 7.466634114583337e-02 2.9e+00 1.28e+00  8e-01  2e+00 1:57.6
   13    104 9.297688802083337e-02 3.4e+00 1.08e+00  6e-01  1e+00 2:21.1
   15    120 7.141113281250000e-02 4.1e+00 8.24e-01  4e-01  1e+00 2:43.0
   17    136 5.570475260416663e-02 4.0e+00 6.69e-01  3e-01  9e-01 3:04.8
   19    152 1.871744791666630e-03 4.1e+00 7.17e-01  3e-01  1e+00 3:26.3
   21    168 1.493326822916663e-02 4.0e+00 6.46e-01  3e-01  7e-01 3:46.8
   23    184 4.720052083333370e-03 3.8e+00 5.28e-01  2e-01  5e-01 4:07.8
   25    200 1.057942708333370e-03 4.9e+00 4.25e-01  2e-01  4e-01 4:28.5
   27    216 3.011067708333370e-03 5.2e+00 3.40e-01  1e-01  3e-01 4:49.3
   29    232 1.749674479166630e-03 5.6e+00 2.77e-01  1e-01  2e-01 5:10.3
   31    248 6.510416666666297e-04 5.6e+00 2.27e-01  8e-02  2e-01 5:31.9
   33    264 8.138020833337034e-05 6.0e+00 1.71e-01  5e-02  1e-01 5:53.7
   36    288 0.000000000000000e+00 5.4e+00 9.86e-02  3e-02  6e-02 6:24.7
termination on ftarget=1e-11
final/bestever f-value = 0.000000e+00 0.000000e+00
incumbent solution: [-0.7480424267415534, 3.2484414177292034, 3.2173728916737887, 3.2763204038338003]
std deviation: [0.027984034502476208, 0.05578304590105031, 0.05420642739254318, 0.054444378666525975]
CMAEvolutionStrategyResult(xbest=array([-0.74596686,  3.26925977,  3.19627861,  3.26308139]), fbest=0.0, evals_best=286, evaluations=288, iterations=36, xfavorite=array([-0.74804243,  3.24844142,  3.21737289,  3.2763204 ]), stds=array([0.02798403, 0.05578305, 0.05420643, 0.05444438]), stop={'ftarget': 1e-11})
6 10
(4_w,8)-aCMA-ES (mu_w=2.6,w_1=52%) in dimension 4 (seed=753224, Sun Jun 13 22:13:51 2021)
Iterat #Fevals   function value  axis ratio  sigma  min&max std  t[m:s]
    1      8 1.167399088541666e-01 1.0e+00 1.47e+00  1e+00  2e+00 0:10.9
    2     16 1.378173828125000e-01 1.2e+00 1.43e+00  1e+00  2e+00 0:21.5
    3     24 1.150716145833334e-01 1.4e+00 1.12e+00  9e-01  1e+00 0:31.8
    4     32 1.848144531250000e-01 1.4e+00 9.91e-01  8e-01  9e-01 0:42.1
    5     40 5.529785156250000e-02 1.4e+00 9.57e-01  7e-01  9e-01 0:53.1
    6     48 8.585611979166663e-02 1.3e+00 7.81e-01  6e-01  7e-01 1:03.5
    7     56 6.868489583333337e-02 1.4e+00 7.62e-01  6e-01  7e-01 1:14.3
    8     64 1.188151041666663e-02 1.5e+00 9.09e-01  7e-01  8e-01 1:24.9
    9     72 2.062988281250000e-02 1.7e+00 1.05e+00  7e-01  1e+00 1:35.5
   10     80 1.013183593750000e-02 2.2e+00 9.85e-01  6e-01  9e-01 1:46.4
   11     88 4.720052083333370e-03 1.9e+00 8.87e-01  5e-01  8e-01 1:57.1
   13    104 9.969075520833370e-03 2.5e+00 8.75e-01  4e-01  8e-01 2:18.0
   15    120 2.530924479166663e-02 3.2e+00 8.03e-01  4e-01  9e-01 2:39.5
   17    136 2.685546875000000e-03 3.6e+00 5.53e-01  2e-01  6e-01 3:00.4
   19    152 2.034505208333703e-04 4.3e+00 4.70e-01  2e-01  5e-01 3:23.4
   21    168 2.482096354166630e-03 5.2e+00 3.46e-01  1e-01  4e-01 3:45.7
   23    184 2.848307291666297e-04 6.2e+00 3.09e-01  1e-01  3e-01 4:07.5
   25    200 2.034505208333703e-04 6.4e+00 2.09e-01  7e-02  2e-01 4:28.9
   27    216 0.000000000000000e+00 6.7e+00 1.65e-01  5e-02  2e-01 4:50.0
termination on ftarget=1e-11
final/bestever f-value = 0.000000e+00 0.000000e+00
incumbent solution: [2.551621122539758, 1.1587467470214383, 5.338848888768253, 0.42794717205592814]
std deviation: [0.12271104370452189, 0.06186099274035189, 0.1520190591994202, 0.054070920191746884]
CMAEvolutionStrategyResult(xbest=array([2.48787331, 1.15506343, 5.40319225, 0.43208977]), fbest=0.0, evals_best=211, evaluations=216, iterations=27, xfavorite=array([2.55162112, 1.15874675, 5.33884889, 0.42794717]), stds=array([0.12271104, 0.06186099, 0.15201906, 0.05407092]), stop={'ftarget': 1e-11})
7 10
(4_w,8)-aCMA-ES (mu_w=2.6,w_1=52%) in dimension 4 (seed=732994, Sun Jun 13 22:18:41 2021)
Iterat #Fevals   function value  axis ratio  sigma  min&max std  t[m:s]
    1      8 1.500651041666666e-01 1.0e+00 1.53e+00  1e+00  2e+00 0:10.9
    2     16 2.101643880208334e-01 1.2e+00 1.61e+00  2e+00  2e+00 0:21.7
    3     24 2.284749348958334e-01 1.5e+00 1.51e+00  1e+00  2e+00 0:32.3
    4     32 1.090087890625000e-01 1.7e+00 1.54e+00  1e+00  2e+00 0:43.4
    5     40 1.969401041666663e-02 2.0e+00 1.46e+00  1e+00  2e+00 0:54.3
    6     48 6.937662760416663e-02 1.9e+00 1.36e+00  1e+00  1e+00 1:05.3
    7     56 1.632080078125000e-01 2.1e+00 1.36e+00  1e+00  1e+00 1:16.3
    8     64 1.221923828125000e-01 2.5e+00 1.33e+00  1e+00  2e+00 1:27.4
    9     72 1.529947916666666e-01 2.9e+00 1.45e+00  1e+00  2e+00 1:37.8
   10     80 1.231689453125000e-01 3.1e+00 1.29e+00  9e-01  1e+00 1:48.0
   11     88 7.580566406250000e-02 3.3e+00 1.27e+00  9e-01  1e+00 1:58.8
   12     96 1.310221354166663e-02 3.4e+00 1.22e+00  9e-01  1e+00 2:10.0
   14    112 1.196289062500000e-02 3.8e+00 1.20e+00  9e-01  1e+00 2:32.1
   16    128 1.757812500000000e-02 3.9e+00 9.11e-01  6e-01  1e+00 2:53.7
   18    144 9.521484375000000e-03 5.1e+00 7.71e-01  5e-01  1e+00 3:14.1
   20    160 1.627604166666663e-02 5.9e+00 6.39e-01  4e-01  9e-01 3:36.1
   22    176 1.009114583333337e-02 6.7e+00 4.42e-01  3e-01  6e-01 3:56.8
   24    192 6.510416666666297e-04 7.2e+00 3.44e-01  2e-01  5e-01 4:18.4
   26    208 1.749674479166630e-03 7.8e+00 2.93e-01  2e-01  3e-01 4:39.2
   28    224 3.051757812500000e-03 7.0e+00 2.82e-01  1e-01  3e-01 5:00.4
   29    232 0.000000000000000e+00 6.8e+00 3.07e-01  1e-01  3e-01 5:11.1
termination on ftarget=1e-11
final/bestever f-value = 0.000000e+00 0.000000e+00
incumbent solution: [1.9164248571531801, 1.0533241801307032, 1.7632471197375414, 2.084999430962232]
std deviation: [0.2695398766885045, 0.2326627710330705, 0.23884200385147708, 0.14599323870241973]
CMAEvolutionStrategyResult(xbest=array([2.08553532, 1.1178236 , 1.64613799, 2.17906593]), fbest=0.0, evals_best=227, evaluations=232, iterations=29, xfavorite=array([1.91642486, 1.05332418, 1.76324712, 2.08499943]), stds=array([0.26953988, 0.23266277, 0.238842  , 0.14599324]), stop={'ftarget': 1e-11})
8 10
(4_w,8)-aCMA-ES (mu_w=2.6,w_1=52%) in dimension 4 (seed=702933, Sun Jun 13 22:23:52 2021)
Iterat #Fevals   function value  axis ratio  sigma  min&max std  t[m:s]
    1      8 2.375895182291666e-01 1.0e+00 1.31e+00  1e+00  1e+00 0:11.1
    2     16 1.320800781250000e-01 1.2e+00 1.41e+00  1e+00  2e+00 0:22.2
    3     24 3.234863281250000e-01 1.5e+00 1.66e+00  2e+00  2e+00 0:33.4
    4     32 2.743733723958334e-01 1.5e+00 2.18e+00  2e+00  2e+00 0:44.0
    5     40 1.180419921875000e-01 1.5e+00 2.30e+00  2e+00  2e+00 0:54.8
    6     48 9.383138020833337e-02 1.7e+00 2.51e+00  3e+00  3e+00 1:05.4
    7     56 6.184895833333370e-03 1.9e+00 2.33e+00  2e+00  3e+00 1:16.4
    8     64 8.308919270833337e-02 1.6e+00 2.51e+00  2e+00  3e+00 1:26.8
    9     72 8.264160156250000e-02 1.6e+00 2.48e+00  2e+00  3e+00 1:37.7
   10     80 6.075032552083337e-02 1.7e+00 2.24e+00  2e+00  3e+00 1:48.7
   11     88 1.843261718750000e-01 2.0e+00 2.21e+00  2e+00  3e+00 1:59.7
   12     96 2.943522135416666e-01 1.9e+00 2.62e+00  2e+00  4e+00 2:11.1
   14    112 6.762695312500000e-02 2.5e+00 3.26e+00  2e+00  5e+00 2:32.3
   16    128 7.515462239583337e-02 2.3e+00 3.79e+00  3e+00  5e+00 2:53.7
   18    144 1.563313802083334e-01 2.8e+00 4.31e+00  3e+00  5e+00 3:15.1
   20    160 2.239583333333334e-01 2.7e+00 5.71e+00  4e+00  8e+00 3:39.1
   22    176 1.641438802083334e-01 3.1e+00 4.65e+00  3e+00  6e+00 4:00.6
   24    192 1.463216145833334e-01 2.9e+00 3.72e+00  2e+00  4e+00 4:22.8
   26    208 2.891845703125000e-01 2.9e+00 4.11e+00  3e+00  6e+00 4:44.4
   28    224 3.385416666666663e-02 4.2e+00 3.74e+00  2e+00  6e+00 5:05.8
   30    240 1.708984375000000e-02 3.8e+00 3.93e+00  2e+00  5e+00 5:26.6
   32    256 1.670735677083334e-01 3.6e+00 3.61e+00  2e+00  4e+00 5:48.1
   35    280 2.838948567708334e-01 5.0e+00 7.02e+00  4e+00  1e+01 6:20.4
   38    304 2.844645182291666e-01 6.1e+00 5.45e+00  3e+00  8e+00 6:53.4
   41    328 9.440104166666663e-02 7.3e+00 4.46e+00  2e+00  6e+00 7:26.6
   44    352 1.029459635416666e-01 4.9e+00 5.53e+00  2e+00  6e+00 7:58.9
   47    376 1.426188151041666e-01 5.4e+00 7.12e+00  3e+00  9e+00 8:31.3
   50    400 5.757649739583337e-02 5.4e+00 7.19e+00  2e+00  1e+01 9:02.8
   53    424 2.512207031250000e-01 5.2e+00 5.58e+00  2e+00  7e+00 9:34.7
   56    448 1.993001302083334e-01 5.7e+00 4.45e+00  1e+00  6e+00 10:07.9
   59    472 6.811523437500000e-02 5.4e+00 6.20e+00  2e+00  7e+00 10:40.3
   62    496 8.496093750000000e-02 6.5e+00 1.92e+01  6e+00  2e+01 11:12.4
   65    520 7.499186197916663e-02 6.5e+00 2.09e+01  7e+00  2e+01 11:45.2
   69    552 2.524820963541666e-01 9.4e+00 2.45e+01  8e+00  3e+01 12:28.2
   72    576 1.033935546875000e-01 1.0e+01 1.35e+01  4e+00  1e+01 13:02.5
   76    608 1.790364583333334e-01 1.2e+01 1.37e+01  5e+00  1e+01 13:45.9
   80    640 2.470296223958334e-01 1.5e+01 9.98e+00  3e+00  1e+01 14:28.5
   84    672 1.704101562500000e-01 1.1e+01 1.79e+01  6e+00  2e+01 15:11.9
   88    704 1.519775390625000e-01 1.2e+01 1.41e+01  4e+00  1e+01 15:54.7
   92    736 1.488444010416666e-01 1.1e+01 1.66e+01  5e+00  1e+01 16:38.7
   96    768 1.185302734375000e-01 1.1e+01 1.18e+01  4e+00  8e+00 17:20.4
  100    800 9.818522135416663e-02 1.5e+01 1.42e+01  4e+00  1e+01 18:03.6
termination on maxiter=100
final/bestever f-value = 9.818522e-02 6.184896e-03
incumbent solution: [69.5925953575979, -5.783773842540748, 21.4322170470807, -64.41455086336624]
std deviation: [12.501096195497855, 4.428474791546749, 3.9023397118994407, 6.259223496563111]
CMAEvolutionStrategyResult(xbest=array([-2.57681739,  1.11472062,  9.59464234,  2.36769663]), fbest=0.00618489583333337, evals_best=50, evaluations=800, iterations=100, xfavorite=array([ 69.59259536,  -5.78377384,  21.43221705, -64.41455086]), stds=array([12.5010962 ,  4.42847479,  3.90233971,  6.2592235 ]), stop={'maxiter': 100})
9 10
(4_w,8)-aCMA-ES (mu_w=2.6,w_1=52%) in dimension 4 (seed=706328, Sun Jun 13 22:41:56 2021)
Iterat #Fevals   function value  axis ratio  sigma  min&max std  t[m:s]
    1      8 1.410319010416666e-01 1.0e+00 1.39e+00  1e+00  1e+00 0:10.9
    2     16 8.776855468750000e-02 1.2e+00 1.45e+00  1e+00  2e+00 0:21.2
    3     24 1.384684244791666e-01 1.4e+00 1.44e+00  1e+00  2e+00 0:31.8
    4     32 4.992675781250000e-02 1.6e+00 1.28e+00  9e-01  1e+00 0:42.4
    5     40 1.761881510416663e-02 1.7e+00 1.17e+00  8e-01  1e+00 0:53.2
    6     48 1.324055989583334e-01 1.7e+00 1.19e+00  8e-01  1e+00 1:03.9
    7     56 2.315266927083337e-02 1.8e+00 1.09e+00  7e-01  1e+00 1:14.5
    8     64 1.510823567708334e-01 1.9e+00 9.75e-01  6e-01  1e+00 1:25.2
    9     72 2.303059895833337e-02 2.3e+00 8.38e-01  5e-01  1e+00 1:36.0
   10     80 6.982421875000000e-02 2.6e+00 7.95e-01  4e-01  1e+00 1:46.6
   11     88 4.679361979166663e-02 3.1e+00 7.36e-01  4e-01  8e-01 1:57.6
   13    104 3.336588541666663e-02 3.0e+00 5.74e-01  3e-01  6e-01 2:19.2
   15    120 1.586914062500000e-03 2.6e+00 5.61e-01  3e-01  5e-01 2:40.7
   17    136 4.923502604166630e-03 3.0e+00 4.46e-01  2e-01  4e-01 3:01.8
   19    152 7.446289062500000e-03 3.3e+00 3.49e-01  2e-01  3e-01 3:23.0
   21    168 1.098632812500000e-03 3.3e+00 2.55e-01  1e-01  2e-01 3:44.0
   23    184 1.017252604166630e-03 3.8e+00 2.54e-01  1e-01  2e-01 4:04.7
   25    200 8.138020833333703e-04 4.0e+00 1.95e-01  8e-02  2e-01 4:25.9
   27    216 8.138020833337034e-05 4.4e+00 1.98e-01  7e-02  2e-01 4:46.5
   29    232 8.138020833337034e-05 5.3e+00 1.83e-01  6e-02  2e-01 5:07.6
   31    248 8.138020833337034e-05 5.9e+00 1.38e-01  4e-02  1e-01 5:28.5
   32    256 0.000000000000000e+00 6.5e+00 1.17e-01  3e-02  1e-01 5:38.9
termination on ftarget=1e-11
final/bestever f-value = 0.000000e+00 0.000000e+00
incumbent solution: [1.7571566795428735, 4.976752480991605, 2.5773775183852905, -1.3121340373853554]
std deviation: [0.032122675540016264, 0.05086685134122088, 0.10371702820094862, 0.04602917846995225]
CMAEvolutionStrategyResult(xbest=array([ 1.77011591,  4.98177725,  2.57252983, -1.31754786]), fbest=0.0, evals_best=254, evaluations=256, iterations=32, xfavorite=array([ 1.75715668,  4.97675248,  2.57737752, -1.31213404]), stds=array([0.03212268, 0.05086685, 0.10371703, 0.04602918]), stop={'ftarget': 1e-11})
