0 10
(4_w,8)-aCMA-ES (mu_w=2.6,w_1=52%) in dimension 4 (seed=803832, Sun Jun 13 21:40:55 2021)
circuitVTD.py:339: DeprecationWarning: The QuantumCircuit.__add__() method is being deprecated.Use the compose() method which is more flexible w.r.t circuit register compatibility.
  TrotterFixStepList.append(TrotterFixStepList[-1] + U_trot)
/home/nfb1/.local/lib/python3.7/site-packages/qiskit/circuit/quantumcircuit.py:869: DeprecationWarning: The QuantumCircuit.combine() method is being deprecated. Use the compose() method which is more flexible w.r.t circuit register compatibility.
  return self.combine(rhs)
circuitVTD.py:170: DeprecationWarning: The QuantumCircuit.__iadd__() method is being deprecated. Use the compose() (potentially with the inplace=True argument) and tensor() methods which are more flexible w.r.t circuit register compatibility.
  circ += U_v_prime
/home/nfb1/.local/lib/python3.7/site-packages/qiskit/circuit/quantumcircuit.py:876: DeprecationWarning: The QuantumCircuit.extend() method is being deprecated. Use the compose() (potentially with the inplace=True argument) and tensor() methods which are more flexible w.r.t circuit register compatibility.
  return self.extend(rhs)
Iterat #Fevals   function value  axis ratio  sigma  min&max std  t[m:s]
    1      8 1.259765625000000e-01 1.0e+00 1.39e+00  1e+00  1e+00 0:09.1
    2     16 1.015625000000000e-01 1.2e+00 1.22e+00  1e+00  1e+00 0:18.0
    3     24 8.072916666666663e-02 1.6e+00 1.09e+00  9e-01  1e+00 0:26.6
    4     32 2.799479166666663e-02 1.8e+00 1.22e+00  1e+00  1e+00 0:35.7
    5     40 5.273437500000000e-02 2.2e+00 1.23e+00  1e+00  1e+00 0:44.6
    6     48 4.589843750000000e-02 2.2e+00 1.13e+00  9e-01  1e+00 0:53.2
    7     56 2.246093750000000e-02 2.3e+00 8.76e-01  7e-01  1e+00 1:02.3
    8     64 4.166666666666663e-02 2.7e+00 8.35e-01  7e-01  9e-01 1:11.6
    9     72 3.352864583333337e-02 2.7e+00 6.89e-01  5e-01  7e-01 1:21.0
   11     88 2.766927083333337e-02 2.5e+00 6.05e-01  4e-01  6e-01 1:39.1
   13    104 1.627604166666630e-03 2.6e+00 6.17e-01  3e-01  7e-01 1:57.1
   15    120 7.812500000000000e-03 3.8e+00 4.02e-01  2e-01  4e-01 2:16.7
   17    136 1.790364583333337e-02 4.8e+00 4.91e-01  2e-01  6e-01 2:35.1
   19    152 4.231770833333370e-03 5.5e+00 3.99e-01  2e-01  4e-01 2:52.7
   21    168 0.000000000000000e+00 6.3e+00 3.36e-01  2e-01  4e-01 3:10.9
termination on ftarget=1e-11
final/bestever f-value = 0.000000e+00 0.000000e+00
incumbent solution: [0.003804845341708274, 5.3581031497922655, 1.6348242415251022, 2.7926735359558466]
std deviation: [0.24097346370215175, 0.37112533825084487, 0.1550071635424219, 0.3219814577949021]
CMAEvolutionStrategyResult(xbest=array([-0.26422505,  5.20754779,  1.58638726,  2.9384025 ]), fbest=0.0, evals_best=163, evaluations=168, iterations=21, xfavorite=array([3.80484534e-03, 5.35810315e+00, 1.63482424e+00, 2.79267354e+00]), stds=array([0.24097346, 0.37112534, 0.15500716, 0.32198146]), stop={'ftarget': 1e-11})
1 10
(4_w,8)-aCMA-ES (mu_w=2.6,w_1=52%) in dimension 4 (seed=753923, Sun Jun 13 21:44:06 2021)
Iterat #Fevals   function value  axis ratio  sigma  min&max std  t[m:s]
    1      8 4.492187500000000e-02 1.0e+00 1.24e+00  1e+00  1e+00 0:09.8
    2     16 2.135416666666666e-01 1.3e+00 1.06e+00  1e+00  1e+00 0:20.1
    3     24 8.821614583333337e-02 1.6e+00 1.04e+00  9e-01  1e+00 0:30.1
    4     32 4.231770833333337e-02 1.5e+00 1.06e+00  9e-01  1e+00 0:40.2
    5     40 1.302083333333337e-02 1.8e+00 1.11e+00  8e-01  1e+00 0:50.3
    6     48 3.906250000000000e-02 1.8e+00 1.13e+00  8e-01  1e+00 1:00.3
    7     56 2.246093750000000e-02 1.7e+00 1.37e+00  1e+00  2e+00 1:10.6
    8     64 3.190104166666663e-02 2.3e+00 1.41e+00  1e+00  2e+00 1:20.9
    9     72 4.915364583333337e-02 2.8e+00 1.29e+00  1e+00  2e+00 1:31.1
   10     80 6.835937500000000e-02 2.8e+00 1.21e+00  9e-01  1e+00 1:41.1
   11     88 2.539062500000000e-02 2.5e+00 1.08e+00  8e-01  1e+00 1:51.2
   13    104 1.692708333333337e-02 2.4e+00 8.40e-01  5e-01  8e-01 2:11.6
   15    120 8.463541666666630e-03 2.5e+00 5.83e-01  4e-01  5e-01 2:32.5
   17    136 3.255208333333370e-03 2.6e+00 4.35e-01  2e-01  3e-01 2:52.6
   19    152 3.255208333333370e-03 2.9e+00 3.24e-01  1e-01  2e-01 3:12.9
   21    168 6.510416666666297e-04 3.2e+00 3.01e-01  1e-01  2e-01 3:33.4
   23    184 0.000000000000000e+00 3.0e+00 2.43e-01  8e-02  2e-01 3:54.4
termination on ftarget=1e-11
final/bestever f-value = 0.000000e+00 0.000000e+00
incumbent solution: [2.1479323158101886, 2.961980912222987, 0.47407668387555807, 3.0275935677152614]
std deviation: [0.08053632275417168, 0.1654143304202342, 0.14549222837274553, 0.15858578172507998]
CMAEvolutionStrategyResult(xbest=array([2.14840264, 2.93691663, 0.47055874, 3.01469952]), fbest=0.0, evals_best=183, evaluations=184, iterations=23, xfavorite=array([2.14793232, 2.96198091, 0.47407668, 3.02759357]), stds=array([0.08053632, 0.16541433, 0.14549223, 0.15858578]), stop={'ftarget': 1e-11})
2 10
(4_w,8)-aCMA-ES (mu_w=2.6,w_1=52%) in dimension 4 (seed=749567, Sun Jun 13 21:48:01 2021)
Iterat #Fevals   function value  axis ratio  sigma  min&max std  t[m:s]
    1      8 2.496744791666666e-01 1.0e+00 1.49e+00  1e+00  2e+00 0:10.4
    2     16 2.076822916666666e-01 1.3e+00 1.34e+00  1e+00  1e+00 0:21.0
    3     24 1.611328125000000e-01 1.3e+00 1.27e+00  1e+00  1e+00 0:31.7
    4     32 7.421875000000000e-02 1.5e+00 1.00e+00  8e-01  9e-01 0:41.6
    5     40 7.356770833333337e-02 1.6e+00 9.87e-01  8e-01  1e+00 0:52.7
    6     48 3.255208333333337e-02 2.0e+00 1.20e+00  9e-01  1e+00 1:03.0
    7     56 9.993489583333337e-02 2.4e+00 1.18e+00  9e-01  1e+00 1:13.6
    8     64 9.375000000000000e-02 2.3e+00 1.13e+00  8e-01  1e+00 1:23.9
    9     72 4.817708333333337e-02 2.5e+00 9.45e-01  7e-01  1e+00 1:34.6
   10     80 3.483072916666663e-02 2.4e+00 8.23e-01  6e-01  8e-01 1:45.5
   11     88 4.264322916666663e-02 2.3e+00 7.13e-01  5e-01  7e-01 1:55.9
   13    104 1.822916666666663e-02 2.4e+00 4.83e-01  3e-01  4e-01 2:16.4
   15    120 1.627604166666630e-03 2.6e+00 3.50e-01  2e-01  3e-01 2:36.6
   17    136 0.000000000000000e+00 2.4e+00 2.39e-01  1e-01  2e-01 2:57.1
termination on ftarget=1e-11
final/bestever f-value = 0.000000e+00 0.000000e+00
incumbent solution: [2.030431966945766, 4.015909864672332, 1.8698877638605305, -1.8786232867339783]
std deviation: [0.1169732092983212, 0.1400653458163742, 0.15112112993791904, 0.15852147634282868]
CMAEvolutionStrategyResult(xbest=array([ 2.10764219,  4.07270044,  1.85123645, -1.86905452]), fbest=0.0, evals_best=134, evaluations=136, iterations=17, xfavorite=array([ 2.03043197,  4.01590986,  1.86988776, -1.87862329]), stds=array([0.11697321, 0.14006535, 0.15112113, 0.15852148]), stop={'ftarget': 1e-11})
3 10
(4_w,8)-aCMA-ES (mu_w=2.6,w_1=52%) in dimension 4 (seed=752418, Sun Jun 13 21:50:58 2021)
Iterat #Fevals   function value  axis ratio  sigma  min&max std  t[m:s]
    1      8 3.183593750000000e-01 1.0e+00 1.37e+00  1e+00  1e+00 0:10.0
    2     16 2.832031250000000e-02 1.3e+00 1.31e+00  1e+00  1e+00 0:20.1
    3     24 4.589843750000000e-02 1.5e+00 1.35e+00  1e+00  1e+00 0:30.1
    4     32 6.933593750000000e-02 1.5e+00 1.35e+00  1e+00  1e+00 0:39.9
    5     40 1.425781250000000e-01 1.5e+00 1.51e+00  1e+00  2e+00 0:50.1
    6     48 5.208333333333337e-02 1.8e+00 1.39e+00  1e+00  2e+00 1:00.5
    7     56 1.113281250000000e-01 2.0e+00 1.52e+00  1e+00  2e+00 1:10.8
    8     64 3.645833333333337e-02 2.3e+00 1.46e+00  9e-01  2e+00 1:21.6
    9     72 2.897135416666663e-02 2.5e+00 1.33e+00  8e-01  2e+00 1:32.2
   10     80 4.427083333333337e-02 2.6e+00 1.14e+00  7e-01  1e+00 1:42.4
   11     88 2.083333333333337e-02 2.6e+00 9.93e-01  6e-01  1e+00 1:52.5
   13    104 1.595052083333337e-02 3.0e+00 9.57e-01  5e-01  1e+00 2:13.1
   15    120 3.255208333333370e-03 3.7e+00 6.74e-01  3e-01  8e-01 2:33.6
   17    136 1.302083333333370e-03 3.6e+00 4.91e-01  2e-01  5e-01 2:54.1
   19    152 2.929687500000000e-03 4.4e+00 4.32e-01  2e-01  5e-01 3:15.1
   20    160 0.000000000000000e+00 4.4e+00 3.67e-01  1e-01  4e-01 3:25.5
termination on ftarget=1e-11
final/bestever f-value = 0.000000e+00 0.000000e+00
incumbent solution: [2.0849531288793135, 5.943175539954787, 3.303535304898918, 4.498291282825058]
std deviation: [0.41973850767408283, 0.16744920153956147, 0.20223805014147478, 0.1357500106015004]
CMAEvolutionStrategyResult(xbest=array([2.48907635, 5.9517391 , 3.42779284, 4.48602671]), fbest=0.0, evals_best=160, evaluations=160, iterations=20, xfavorite=array([2.08495313, 5.94317554, 3.3035353 , 4.49829128]), stds=array([0.41973851, 0.1674492 , 0.20223805, 0.13575001]), stop={'ftarget': 1e-11})
4 10
(4_w,8)-aCMA-ES (mu_w=2.6,w_1=52%) in dimension 4 (seed=748714, Sun Jun 13 21:54:23 2021)
Iterat #Fevals   function value  axis ratio  sigma  min&max std  t[m:s]
    1      8 4.915364583333337e-02 1.0e+00 1.69e+00  2e+00  2e+00 0:10.0
    2     16 9.602864583333337e-02 1.4e+00 1.60e+00  1e+00  2e+00 0:20.2
    3     24 6.966145833333337e-02 1.5e+00 1.35e+00  1e+00  1e+00 0:29.9
    4     32 7.031250000000000e-02 1.5e+00 1.49e+00  1e+00  2e+00 0:40.3
    5     40 1.009114583333337e-02 1.6e+00 1.61e+00  1e+00  2e+00 0:51.0
    6     48 2.571614583333337e-02 1.5e+00 1.48e+00  1e+00  2e+00 1:01.5
    7     56 5.371093750000000e-02 1.8e+00 1.31e+00  1e+00  2e+00 1:11.6
    8     64 3.027343750000000e-02 1.9e+00 1.15e+00  8e-01  1e+00 1:22.0
    9     72 1.695963541666666e-01 1.9e+00 9.95e-01  7e-01  1e+00 1:32.1
   10     80 5.468750000000000e-02 2.1e+00 9.23e-01  6e-01  1e+00 1:41.9
   11     88 2.148437500000000e-02 2.1e+00 7.54e-01  5e-01  9e-01 1:52.3
   13    104 9.765625000000000e-04 2.5e+00 6.71e-01  4e-01  7e-01 2:12.8
   15    120 1.041666666666663e-02 2.3e+00 5.28e-01  3e-01  5e-01 2:33.4
   17    136 6.835937500000000e-03 2.5e+00 3.89e-01  2e-01  4e-01 2:53.8
   19    152 5.859375000000000e-03 2.6e+00 3.15e-01  1e-01  3e-01 3:14.0
   21    168 6.510416666666297e-04 3.1e+00 2.35e-01  9e-02  2e-01 3:34.7
   22    176 0.000000000000000e+00 3.0e+00 2.31e-01  8e-02  2e-01 3:45.0
termination on ftarget=1e-11
final/bestever f-value = 0.000000e+00 0.000000e+00
incumbent solution: [1.4176725091327032, 0.7408305507281616, 5.130280909143923, 3.813562691507158]
std deviation: [0.17957172240817262, 0.11407865952314308, 0.08490761482976417, 0.12746380385288714]
CMAEvolutionStrategyResult(xbest=array([1.32596565, 0.7911074 , 5.12605723, 3.74420319]), fbest=0.0, evals_best=172, evaluations=176, iterations=22, xfavorite=array([1.41767251, 0.74083055, 5.13028091, 3.81356269]), stds=array([0.17957172, 0.11407866, 0.08490761, 0.1274638 ]), stop={'ftarget': 1e-11})
5 10
(4_w,8)-aCMA-ES (mu_w=2.6,w_1=52%) in dimension 4 (seed=766466, Sun Jun 13 21:58:08 2021)
Iterat #Fevals   function value  axis ratio  sigma  min&max std  t[m:s]
    1      8 7.812500000000000e-02 1.0e+00 1.49e+00  1e+00  2e+00 0:10.3
    2     16 2.994791666666663e-02 1.5e+00 1.65e+00  1e+00  2e+00 0:20.5
    3     24 1.572265625000000e-01 1.9e+00 1.81e+00  1e+00  2e+00 0:31.4
    4     32 8.007812500000000e-02 2.0e+00 1.78e+00  1e+00  2e+00 0:41.6
    5     40 1.279296875000000e-01 2.4e+00 1.89e+00  1e+00  2e+00 0:51.7
    6     48 1.533203125000000e-01 2.7e+00 1.80e+00  1e+00  2e+00 1:02.2
    7     56 1.240234375000000e-01 2.6e+00 1.99e+00  2e+00  3e+00 1:12.6
    8     64 1.529947916666666e-01 2.9e+00 2.14e+00  2e+00  3e+00 1:23.1
    9     72 7.128906250000000e-02 3.0e+00 2.23e+00  2e+00  3e+00 1:34.0
   10     80 2.246093750000000e-02 3.4e+00 2.21e+00  2e+00  3e+00 1:43.7
   11     88 7.812500000000000e-03 3.5e+00 2.23e+00  2e+00  3e+00 1:54.1
   13    104 1.757812500000000e-02 4.7e+00 2.17e+00  2e+00  3e+00 2:14.2
   15    120 1.816406250000000e-01 5.8e+00 2.05e+00  2e+00  3e+00 2:34.3
   17    136 1.354166666666666e-01 7.4e+00 1.59e+00  1e+00  2e+00 2:54.9
   19    152 1.871744791666666e-01 6.8e+00 1.58e+00  1e+00  2e+00 3:15.1
   21    168 3.125000000000000e-02 6.8e+00 1.56e+00  1e+00  2e+00 3:35.6
   23    184 1.497395833333337e-02 6.8e+00 1.20e+00  9e-01  2e+00 3:57.0
   25    200 4.850260416666663e-02 6.6e+00 1.13e+00  7e-01  2e+00 4:17.6
   27    216 8.626302083333337e-02 5.5e+00 1.05e+00  6e-01  1e+00 4:38.4
   29    232 3.971354166666663e-02 4.1e+00 1.16e+00  6e-01  1e+00 4:58.7
   31    248 5.338541666666663e-02 2.9e+00 9.32e-01  5e-01  7e-01 5:19.0
   34    272 3.906250000000000e-03 2.3e+00 8.32e-01  3e-01  5e-01 5:49.9
   37    296 1.171875000000000e-02 2.2e+00 1.02e+00  4e-01  6e-01 6:20.3
   40    320 6.510416666666630e-03 2.6e+00 5.79e-01  2e-01  3e-01 6:51.8
   43    344 3.255208333333703e-04 3.0e+00 5.00e-01  1e-01  2e-01 7:22.8
   46    368 1.627604166666630e-03 4.1e+00 5.20e-01  2e-01  2e-01 7:53.7
   47    376 0.000000000000000e+00 4.7e+00 5.54e-01  2e-01  2e-01 8:03.6
termination on ftarget=1e-11
final/bestever f-value = 0.000000e+00 0.000000e+00
incumbent solution: [13.699825181046782, 0.6833561576068778, 0.7189473650892799, 5.161323075407175]
std deviation: [0.24823361305706823, 0.18469856599952156, 0.18487816318562678, 0.24130559546025318]
CMAEvolutionStrategyResult(xbest=array([13.82576399,  0.59819702,  0.67244231,  5.2126    ]), fbest=0.0, evals_best=375, evaluations=376, iterations=47, xfavorite=array([13.69982518,  0.68335616,  0.71894737,  5.16132308]), stds=array([0.24823361, 0.18469857, 0.18487816, 0.2413056 ]), stop={'ftarget': 1e-11})
6 10
(4_w,8)-aCMA-ES (mu_w=2.6,w_1=52%) in dimension 4 (seed=766263, Sun Jun 13 22:06:12 2021)
Iterat #Fevals   function value  axis ratio  sigma  min&max std  t[m:s]
    1      8 2.506510416666663e-02 1.0e+00 1.32e+00  1e+00  1e+00 0:10.0
    2     16 2.477213541666666e-01 1.2e+00 1.26e+00  1e+00  1e+00 0:20.3
    3     24 7.714843750000000e-02 1.4e+00 1.19e+00  1e+00  1e+00 0:30.6
    4     32 2.506510416666663e-02 1.6e+00 1.15e+00  1e+00  1e+00 0:40.8
    5     40 2.311197916666663e-02 1.7e+00 9.41e-01  7e-01  1e+00 0:51.2
    6     48 5.924479166666663e-02 1.8e+00 8.50e-01  6e-01  1e+00 1:01.6
    7     56 1.012369791666666e-01 2.0e+00 8.93e-01  7e-01  1e+00 1:11.9
    8     64 8.463541666666630e-03 2.1e+00 7.37e-01  5e-01  8e-01 1:23.1
    9     72 5.208333333333370e-03 2.7e+00 7.01e-01  5e-01  7e-01 1:33.6
   10     80 2.473958333333337e-02 2.4e+00 7.47e-01  6e-01  7e-01 1:44.1
   11     88 1.367187500000000e-02 2.7e+00 6.95e-01  5e-01  6e-01 1:54.2
   13    104 9.440104166666630e-03 2.7e+00 6.37e-01  4e-01  5e-01 2:14.7
   15    120 8.138020833333370e-03 3.0e+00 4.58e-01  3e-01  4e-01 2:34.8
   17    136 0.000000000000000e+00 3.9e+00 3.61e-01  2e-01  3e-01 2:56.0
termination on ftarget=1e-11
final/bestever f-value = 0.000000e+00 0.000000e+00
incumbent solution: [6.9554737809681, 2.8728564924209095, 6.671358021447911, 4.732141041058374]
std deviation: [0.21001593638759333, 0.29333131411868696, 0.2789334635616516, 0.2924310295807486]
CMAEvolutionStrategyResult(xbest=array([6.96531053, 2.59246119, 6.46420037, 4.93651792]), fbest=0.0, evals_best=129, evaluations=136, iterations=17, xfavorite=array([6.95547378, 2.87285649, 6.67135802, 4.73214104]), stds=array([0.21001594, 0.29333131, 0.27893346, 0.29243103]), stop={'ftarget': 1e-11})
7 10
(4_w,8)-aCMA-ES (mu_w=2.6,w_1=52%) in dimension 4 (seed=738399, Sun Jun 13 22:09:08 2021)
Iterat #Fevals   function value  axis ratio  sigma  min&max std  t[m:s]
    1      8 5.664062500000000e-02 1.0e+00 1.65e+00  1e+00  2e+00 0:10.1
    2     16 6.250000000000000e-02 1.4e+00 1.59e+00  1e+00  2e+00 0:20.9
    3     24 1.998697916666666e-01 1.4e+00 1.69e+00  1e+00  2e+00 0:31.7
    4     32 8.951822916666663e-02 1.6e+00 2.01e+00  2e+00  2e+00 0:42.3
    5     40 1.663411458333334e-01 1.8e+00 2.08e+00  2e+00  2e+00 0:52.7
    6     48 4.622395833333337e-02 2.0e+00 2.15e+00  2e+00  3e+00 1:03.1
    7     56 2.539062500000000e-02 2.1e+00 2.12e+00  2e+00  3e+00 1:13.7
    8     64 5.631510416666663e-02 2.6e+00 2.44e+00  2e+00  3e+00 1:24.1
    9     72 5.403645833333337e-02 2.8e+00 2.53e+00  2e+00  3e+00 1:34.4
   10     80 1.110026041666666e-01 2.5e+00 2.57e+00  2e+00  3e+00 1:44.8
   11     88 1.715494791666666e-01 2.9e+00 2.59e+00  2e+00  3e+00 1:55.2
   13    104 1.028645833333334e-01 3.2e+00 1.79e+00  1e+00  2e+00 2:15.2
   15    120 1.119791666666666e-01 3.4e+00 1.55e+00  9e-01  2e+00 2:36.1
   17    136 3.027343750000000e-02 4.8e+00 1.96e+00  1e+00  3e+00 2:56.8
   19    152 6.542968750000000e-02 4.6e+00 1.67e+00  8e-01  2e+00 3:16.9
   21    168 1.018880208333334e-01 4.0e+00 1.42e+00  7e-01  2e+00 3:38.2
   23    184 6.998697916666663e-02 4.5e+00 1.32e+00  5e-01  2e+00 3:58.5
   25    200 4.557291666666630e-03 4.7e+00 1.20e+00  4e-01  2e+00 4:19.5
   27    216 2.376302083333337e-02 4.6e+00 9.86e-01  3e-01  1e+00 4:40.1
   29    232 7.812500000000000e-03 4.4e+00 1.09e+00  4e-01  1e+00 5:00.3
   31    248 9.765625000000000e-04 5.2e+00 7.14e-01  2e-01  7e-01 5:20.7
   33    264 6.510416666666630e-03 5.1e+00 8.71e-01  3e-01  1e+00 5:42.2
   36    288 6.184895833333370e-03 9.9e+00 7.00e-01  2e-01  1e+00 6:12.4
   39    312 4.557291666666630e-03 1.4e+01 7.27e-01  2e-01  1e+00 6:42.2
   42    336 0.000000000000000e+00 1.8e+01 4.46e-01  1e-01  7e-01 7:12.4
termination on ftarget=1e-11
final/bestever f-value = 0.000000e+00 0.000000e+00
incumbent solution: [4.471161435811723, -0.35923305240936293, 9.204728439928317, 2.819809602254169]
std deviation: [0.6832760846415612, 0.20497699186241936, 0.10169111793542152, 0.15806928376773363]
CMAEvolutionStrategyResult(xbest=array([ 5.01597847, -0.30596414,  9.13132892,  2.80506465]), fbest=0.0, evals_best=336, evaluations=336, iterations=42, xfavorite=array([ 4.47116144, -0.35923305,  9.20472844,  2.8198096 ]), stds=array([0.68327608, 0.20497699, 0.10169112, 0.15806928]), stop={'ftarget': 1e-11})
8 10
(4_w,8)-aCMA-ES (mu_w=2.6,w_1=52%) in dimension 4 (seed=661138, Sun Jun 13 22:16:21 2021)
Iterat #Fevals   function value  axis ratio  sigma  min&max std  t[m:s]
    1      8 9.147135416666663e-02 1.0e+00 1.49e+00  1e+00  2e+00 0:09.8
    2     16 4.264322916666663e-02 1.2e+00 1.27e+00  1e+00  1e+00 0:19.9
    3     24 6.738281250000000e-02 1.3e+00 1.15e+00  9e-01  1e+00 0:30.4
    4     32 8.105468750000000e-02 1.5e+00 9.83e-01  8e-01  9e-01 0:41.2
    5     40 7.682291666666663e-02 1.5e+00 8.94e-01  7e-01  8e-01 0:51.5
    6     48 6.380208333333337e-02 1.7e+00 8.22e-01  6e-01  8e-01 1:01.8
    7     56 4.101562500000000e-02 1.8e+00 7.51e-01  5e-01  7e-01 1:12.4
    8     64 1.822916666666663e-02 2.0e+00 7.51e-01  5e-01  7e-01 1:22.6
    9     72 1.562500000000000e-02 2.6e+00 8.04e-01  5e-01  8e-01 1:33.1
   10     80 1.855468750000000e-02 3.0e+00 6.74e-01  4e-01  6e-01 1:43.1
   12     96 2.506510416666663e-02 2.9e+00 4.50e-01  3e-01  4e-01 2:03.4
   14    112 6.510416666666297e-04 3.6e+00 3.82e-01  2e-01  3e-01 2:24.3
   16    128 1.302083333333370e-03 3.6e+00 3.43e-01  2e-01  3e-01 2:44.8
   18    144 2.278645833333370e-03 4.1e+00 2.77e-01  1e-01  2e-01 3:06.6
   20    160 2.929687500000000e-03 3.7e+00 2.69e-01  1e-01  2e-01 3:27.4
   22    176 6.510416666666297e-04 5.0e+00 2.97e-01  1e-01  3e-01 3:47.9
   24    192 3.255208333333703e-04 6.0e+00 3.20e-01  1e-01  3e-01 4:08.7
   26    208 1.627604166666630e-03 1.0e+01 2.79e-01  1e-01  3e-01 4:28.1
   27    216 0.000000000000000e+00 1.0e+01 2.42e-01  1e-01  2e-01 4:39.0
termination on ftarget=1e-11
final/bestever f-value = 0.000000e+00 0.000000e+00
incumbent solution: [5.332021381564923, 1.244293528407084, 4.922680359520041, 8.016703428670281]
std deviation: [0.09502671746608259, 0.23139190498211076, 0.1586733465021833, 0.24822642168035117]
CMAEvolutionStrategyResult(xbest=array([5.36772878, 1.33811112, 4.98688412, 7.93083221]), fbest=0.0, evals_best=211, evaluations=216, iterations=27, xfavorite=array([5.33202138, 1.24429353, 4.92268036, 8.01670343]), stds=array([0.09502672, 0.2313919 , 0.15867335, 0.24822642]), stop={'ftarget': 1e-11})
9 10
(4_w,8)-aCMA-ES (mu_w=2.6,w_1=52%) in dimension 4 (seed=716831, Sun Jun 13 22:21:00 2021)
Iterat #Fevals   function value  axis ratio  sigma  min&max std  t[m:s]
    1      8 1.240234375000000e-01 1.0e+00 1.37e+00  1e+00  1e+00 0:10.4
    2     16 8.105468750000000e-02 1.2e+00 1.23e+00  1e+00  1e+00 0:20.0
    3     24 8.821614583333337e-02 1.5e+00 1.24e+00  1e+00  1e+00 0:30.9
    4     32 1.077473958333334e-01 1.8e+00 1.32e+00  1e+00  1e+00 0:41.5
    5     40 8.951822916666663e-02 1.7e+00 1.15e+00  9e-01  1e+00 0:51.5
    6     48 1.767578125000000e-01 1.7e+00 1.21e+00  1e+00  1e+00 1:01.8
    7     56 5.533854166666663e-02 1.7e+00 9.34e-01  7e-01  9e-01 1:12.4
    8     64 1.888020833333337e-02 1.7e+00 8.04e-01  6e-01  7e-01 1:22.4
    9     72 1.464843750000000e-02 1.6e+00 6.61e-01  5e-01  6e-01 1:32.6
   10     80 2.083333333333337e-02 1.6e+00 6.65e-01  4e-01  6e-01 1:42.5
   12     96 2.278645833333370e-03 1.9e+00 5.57e-01  3e-01  5e-01 2:03.0
   14    112 1.302083333333337e-02 2.3e+00 4.38e-01  2e-01  5e-01 2:23.3
   16    128 1.953125000000000e-03 3.3e+00 4.03e-01  2e-01  4e-01 2:43.6
   18    144 7.812500000000000e-03 3.1e+00 3.35e-01  2e-01  3e-01 3:05.2
   20    160 3.255208333333703e-04 3.0e+00 2.15e-01  8e-02  2e-01 3:25.3
   22    176 3.255208333333703e-04 3.2e+00 1.88e-01  7e-02  2e-01 3:45.9
   24    192 0.000000000000000e+00 4.1e+00 1.60e-01  6e-02  1e-01 4:06.7
termination on ftarget=1e-11
final/bestever f-value = 0.000000e+00 0.000000e+00
incumbent solution: [5.155818537345689, 1.9824967335574233, 1.914697291764171, 2.800364906638219]
std deviation: [0.057863380888035894, 0.06832096960017373, 0.12428536711017552, 0.060679740508853254]
CMAEvolutionStrategyResult(xbest=array([5.15790248, 1.97831692, 1.92547679, 2.84491468]), fbest=0.0, evals_best=187, evaluations=192, iterations=24, xfavorite=array([5.15581854, 1.98249673, 1.91469729, 2.80036491]), stds=array([0.05786338, 0.06832097, 0.12428537, 0.06067974]), stop={'ftarget': 1e-11})
