0 10
(4_w,8)-aCMA-ES (mu_w=2.6,w_1=52%) in dimension 4 (seed=726573, Sun Jun 13 21:38:06 2021)
circuitVTD.py:339: DeprecationWarning: The QuantumCircuit.__add__() method is being deprecated.Use the compose() method which is more flexible w.r.t circuit register compatibility.
  TrotterFixStepList.append(TrotterFixStepList[-1] + U_trot)
/home/nfb1/.local/lib/python3.7/site-packages/qiskit/circuit/quantumcircuit.py:869: DeprecationWarning: The QuantumCircuit.combine() method is being deprecated. Use the compose() method which is more flexible w.r.t circuit register compatibility.
  return self.combine(rhs)
circuitVTD.py:170: DeprecationWarning: The QuantumCircuit.__iadd__() method is being deprecated. Use the compose() (potentially with the inplace=True argument) and tensor() methods which are more flexible w.r.t circuit register compatibility.
  circ += U_v_prime
/home/nfb1/.local/lib/python3.7/site-packages/qiskit/circuit/quantumcircuit.py:876: DeprecationWarning: The QuantumCircuit.extend() method is being deprecated. Use the compose() (potentially with the inplace=True argument) and tensor() methods which are more flexible w.r.t circuit register compatibility.
  return self.extend(rhs)
Iterat #Fevals   function value  axis ratio  sigma  min&max std  t[m:s]
    1      8 2.083333333333337e-02 1.0e+00 1.40e+00  1e+00  1e+00 0:09.2
    2     16 1.979166666666666e-01 1.2e+00 1.14e+00  1e+00  1e+00 0:18.7
    3     24 8.333333333333337e-02 1.3e+00 1.10e+00  9e-01  1e+00 0:27.8
    4     32 1.041666666666663e-02 1.6e+00 1.04e+00  8e-01  1e+00 0:37.0
    5     40 5.208333333333370e-03 1.9e+00 9.27e-01  7e-01  9e-01 0:46.6
    6     48 2.604166666666663e-02 1.9e+00 8.32e-01  6e-01  8e-01 0:55.2
    7     56 3.645833333333337e-02 1.9e+00 9.92e-01  7e-01  1e+00 1:04.8
    8     64 1.562500000000000e-02 2.6e+00 8.52e-01  6e-01  8e-01 1:13.3
    9     72 0.000000000000000e+00 2.8e+00 9.53e-01  6e-01  1e+00 1:22.4
termination on ftarget=1e-11
final/bestever f-value = 0.000000e+00 0.000000e+00
incumbent solution: [4.222823557826617, 5.803463150163613, 1.7902674330227701, 1.8780578629698839]
std deviation: [1.008174081872678, 0.9263143851264823, 0.8850397598097363, 0.5834983831058728]
CMAEvolutionStrategyResult(xbest=array([4.46742679, 5.64696257, 1.66242869, 2.19557913]), fbest=0.0, evals_best=69, evaluations=72, iterations=9, xfavorite=array([4.22282356, 5.80346315, 1.79026743, 1.87805786]), stds=array([1.00817408, 0.92631439, 0.88503976, 0.58349838]), stop={'ftarget': 1e-11})
1 10
(4_w,8)-aCMA-ES (mu_w=2.6,w_1=52%) in dimension 4 (seed=707724, Sun Jun 13 21:39:29 2021)
Iterat #Fevals   function value  axis ratio  sigma  min&max std  t[m:s]
    1      8 1.666666666666666e-01 1.0e+00 1.41e+00  1e+00  1e+00 0:10.5
    2     16 2.447916666666666e-01 1.2e+00 1.20e+00  1e+00  1e+00 0:20.8
    3     24 1.041666666666663e-02 1.3e+00 1.25e+00  1e+00  1e+00 0:31.6
    4     32 6.770833333333337e-02 1.7e+00 1.10e+00  8e-01  1e+00 0:42.1
    5     40 0.000000000000000e+00 1.5e+00 1.11e+00  8e-01  1e+00 0:51.7
termination on ftarget=1e-11
final/bestever f-value = 0.000000e+00 0.000000e+00
incumbent solution: [0.5172608373431691, -0.4165098571244242, 3.6540168227439427, 2.199191927692955]
std deviation: [1.0583974298892005, 0.948583288580053, 0.8329500143978944, 1.0502405521660294]
CMAEvolutionStrategyResult(xbest=array([-0.45481433, -0.61542385,  3.49855852,  2.321196  ]), fbest=0.0, evals_best=33, evaluations=40, iterations=5, xfavorite=array([ 0.51726084, -0.41650986,  3.65401682,  2.19919193]), stds=array([1.05839743, 0.94858329, 0.83295001, 1.05024055]), stop={'ftarget': 1e-11})
2 10
(4_w,8)-aCMA-ES (mu_w=2.6,w_1=52%) in dimension 4 (seed=644864, Sun Jun 13 21:40:21 2021)
Iterat #Fevals   function value  axis ratio  sigma  min&max std  t[m:s]
    1      8 1.927083333333334e-01 1.0e+00 1.49e+00  1e+00  2e+00 0:10.3
    2     16 2.239583333333334e-01 1.2e+00 1.17e+00  1e+00  1e+00 0:20.4
    3     24 2.500000000000000e-01 1.5e+00 9.67e-01  8e-01  9e-01 0:30.7
    4     32 9.895833333333337e-02 1.6e+00 9.00e-01  8e-01  8e-01 0:40.6
    5     40 2.604166666666663e-02 1.7e+00 1.03e+00  9e-01  1e+00 0:50.9
    6     48 4.166666666666663e-02 2.2e+00 1.23e+00  1e+00  1e+00 1:01.0
    7     56 1.250000000000000e-01 2.7e+00 1.14e+00  9e-01  1e+00 1:11.6
    8     64 7.291666666666663e-02 2.9e+00 9.54e-01  8e-01  9e-01 1:22.0
    9     72 8.854166666666663e-02 3.3e+00 9.06e-01  7e-01  9e-01 1:32.6
   10     80 5.208333333333337e-02 3.4e+00 8.07e-01  6e-01  8e-01 1:42.7
   11     88 4.687500000000000e-02 3.2e+00 6.88e-01  5e-01  6e-01 1:53.1
   13    104 3.125000000000000e-02 3.7e+00 7.20e-01  6e-01  7e-01 2:13.7
   14    112 0.000000000000000e+00 3.6e+00 5.80e-01  4e-01  5e-01 2:23.5
termination on ftarget=1e-11
final/bestever f-value = 0.000000e+00 0.000000e+00
incumbent solution: [1.5340685076265952, 4.380572317480214, 1.9589998823514199, 3.9401565153178066]
std deviation: [0.5152513475303112, 0.39161648383863157, 0.41723091717760785, 0.3940855771104809]
CMAEvolutionStrategyResult(xbest=array([1.53564367, 4.34953805, 1.87021021, 3.93839989]), fbest=0.0, evals_best=105, evaluations=112, iterations=14, xfavorite=array([1.53406851, 4.38057232, 1.95899988, 3.94015652]), stds=array([0.51525135, 0.39161648, 0.41723092, 0.39408558]), stop={'ftarget': 1e-11})
3 10
(4_w,8)-aCMA-ES (mu_w=2.6,w_1=52%) in dimension 4 (seed=791979, Sun Jun 13 21:42:44 2021)
Iterat #Fevals   function value  axis ratio  sigma  min&max std  t[m:s]
    1      8 1.875000000000000e-01 1.0e+00 1.57e+00  1e+00  2e+00 0:10.5
    2     16 8.854166666666663e-02 1.3e+00 1.63e+00  2e+00  2e+00 0:20.9
    3     24 2.239583333333334e-01 1.6e+00 1.77e+00  2e+00  2e+00 0:31.7
    4     32 4.270833333333334e-01 1.6e+00 1.67e+00  2e+00  2e+00 0:41.9
    5     40 1.041666666666663e-02 1.7e+00 1.55e+00  1e+00  2e+00 0:52.1
    6     48 1.093750000000000e-01 1.5e+00 1.31e+00  1e+00  1e+00 1:02.4
    7     56 1.197916666666666e-01 1.7e+00 1.26e+00  1e+00  1e+00 1:12.9
    8     64 1.406250000000000e-01 1.7e+00 1.44e+00  1e+00  2e+00 1:22.9
    9     72 1.458333333333334e-01 2.2e+00 1.40e+00  1e+00  2e+00 1:32.8
   10     80 1.510416666666666e-01 2.4e+00 1.37e+00  1e+00  2e+00 1:43.0
   11     88 5.208333333333337e-02 2.7e+00 1.39e+00  9e-01  2e+00 1:53.2
   13    104 6.770833333333337e-02 2.3e+00 1.44e+00  9e-01  1e+00 2:13.7
   14    112 0.000000000000000e+00 2.4e+00 1.18e+00  7e-01  1e+00 2:24.0
termination on ftarget=1e-11
final/bestever f-value = 0.000000e+00 0.000000e+00
incumbent solution: [3.9685039198639487, 1.967057754342904, 0.7538231818481915, 3.1183590172023044]
std deviation: [0.9755931729872233, 1.0993776283629226, 1.1180325509529296, 0.7388774609320456]
CMAEvolutionStrategyResult(xbest=array([3.73703665, 2.04581558, 1.25689702, 3.57720599]), fbest=0.0, evals_best=105, evaluations=112, iterations=14, xfavorite=array([3.96850392, 1.96705775, 0.75382318, 3.11835902]), stds=array([0.97559317, 1.09937763, 1.11803255, 0.73887746]), stop={'ftarget': 1e-11})
4 10
(4_w,8)-aCMA-ES (mu_w=2.6,w_1=52%) in dimension 4 (seed=789490, Sun Jun 13 21:45:08 2021)
Iterat #Fevals   function value  axis ratio  sigma  min&max std  t[m:s]
    1      8 4.166666666666663e-02 1.0e+00 1.71e+00  2e+00  2e+00 0:09.9
    2     16 3.125000000000000e-02 1.4e+00 1.65e+00  1e+00  2e+00 0:20.3
    3     24 7.291666666666663e-02 1.5e+00 1.89e+00  2e+00  2e+00 0:30.6
    4     32 3.125000000000000e-02 1.7e+00 1.80e+00  1e+00  2e+00 0:41.7
    5     40 2.239583333333334e-01 2.1e+00 1.72e+00  1e+00  2e+00 0:52.3
    6     48 2.968750000000000e-01 2.2e+00 1.81e+00  1e+00  2e+00 1:02.7
    7     56 9.895833333333337e-02 2.2e+00 2.14e+00  1e+00  3e+00 1:13.6
    8     64 1.927083333333334e-01 2.6e+00 2.10e+00  1e+00  3e+00 1:23.6
    9     72 1.041666666666666e-01 2.9e+00 1.90e+00  1e+00  3e+00 1:34.2
   10     80 2.343750000000000e-01 2.8e+00 2.21e+00  1e+00  3e+00 1:44.4
   11     88 2.343750000000000e-01 3.4e+00 2.93e+00  2e+00  5e+00 1:54.9
   13    104 1.041666666666666e-01 3.7e+00 2.82e+00  1e+00  5e+00 2:14.7
   15    120 1.458333333333334e-01 3.9e+00 2.51e+00  1e+00  4e+00 2:34.3
   17    136 8.854166666666663e-02 4.2e+00 1.85e+00  8e-01  2e+00 2:54.2
   19    152 2.500000000000000e-01 4.2e+00 1.66e+00  7e-01  2e+00 3:15.7
   21    168 6.770833333333337e-02 4.8e+00 1.75e+00  7e-01  2e+00 3:35.2
   23    184 1.145833333333334e-01 4.5e+00 2.00e+00  8e-01  3e+00 3:55.2
   25    200 1.562500000000000e-01 6.1e+00 1.88e+00  7e-01  3e+00 4:16.0
   27    216 5.729166666666663e-02 5.1e+00 1.69e+00  7e-01  2e+00 4:36.4
   29    232 9.895833333333337e-02 4.5e+00 1.22e+00  5e-01  1e+00 4:56.9
   31    248 2.083333333333337e-02 3.9e+00 1.01e+00  4e-01  9e-01 5:18.0
   34    272 1.041666666666663e-02 3.3e+00 6.84e-01  3e-01  5e-01 5:48.1
   37    296 0.000000000000000e+00 3.4e+00 7.23e-01  3e-01  5e-01 6:19.6
termination on ftarget=1e-11
final/bestever f-value = 0.000000e+00 0.000000e+00
incumbent solution: [3.7052670412938298, 4.7972126135882895, -5.860068125877753, 3.8914104149209]
std deviation: [0.335285037351376, 0.3712046071707853, 0.34087708083413903, 0.5000080083071905]
CMAEvolutionStrategyResult(xbest=array([ 3.74162682,  4.80232965, -5.88818402,  3.794558  ]), fbest=0.0, evals_best=294, evaluations=296, iterations=37, xfavorite=array([ 3.70526704,  4.79721261, -5.86006813,  3.89141041]), stds=array([0.33528504, 0.37120461, 0.34087708, 0.50000801]), stop={'ftarget': 1e-11})
5 10
(4_w,8)-aCMA-ES (mu_w=2.6,w_1=52%) in dimension 4 (seed=744055, Sun Jun 13 21:51:28 2021)
Iterat #Fevals   function value  axis ratio  sigma  min&max std  t[m:s]
    1      8 1.562500000000000e-02 1.0e+00 1.52e+00  1e+00  2e+00 0:10.9
    2     16 6.770833333333337e-02 1.3e+00 1.34e+00  1e+00  2e+00 0:21.3
    3     24 2.083333333333337e-02 1.6e+00 1.22e+00  1e+00  1e+00 0:31.6
    4     32 1.041666666666663e-02 1.6e+00 1.16e+00  9e-01  1e+00 0:41.6
    5     40 5.729166666666663e-02 1.7e+00 1.05e+00  8e-01  1e+00 0:52.3
    6     48 1.041666666666663e-02 1.8e+00 8.71e-01  7e-01  8e-01 1:02.8
    7     56 1.041666666666663e-02 1.6e+00 8.54e-01  7e-01  8e-01 1:12.8
    8     64 5.208333333333370e-03 1.6e+00 7.72e-01  6e-01  8e-01 1:22.9
    9     72 0.000000000000000e+00 1.7e+00 6.82e-01  5e-01  7e-01 1:33.0
termination on ftarget=1e-11
final/bestever f-value = 0.000000e+00 0.000000e+00
incumbent solution: [1.0027241663703874, -0.05342269919179754, 0.642688865151029, 5.402621941892056]
std deviation: [0.6722684952331242, 0.4592597406375586, 0.5371026725122756, 0.5053110694580778]
CMAEvolutionStrategyResult(xbest=array([ 1.11583965, -0.00767198,  0.99297582,  5.2934673 ]), fbest=0.0, evals_best=66, evaluations=72, iterations=9, xfavorite=array([ 1.00272417, -0.0534227 ,  0.64268887,  5.40262194]), stds=array([0.6722685 , 0.45925974, 0.53710267, 0.50531107]), stop={'ftarget': 1e-11})
6 10
(4_w,8)-aCMA-ES (mu_w=2.6,w_1=52%) in dimension 4 (seed=744808, Sun Jun 13 21:53:01 2021)
Iterat #Fevals   function value  axis ratio  sigma  min&max std  t[m:s]
    1      8 5.729166666666663e-02 1.0e+00 1.35e+00  1e+00  1e+00 0:10.8
    2     16 5.729166666666663e-02 1.2e+00 1.27e+00  1e+00  1e+00 0:20.9
    3     24 7.291666666666663e-02 1.3e+00 1.45e+00  1e+00  2e+00 0:31.1
    4     32 1.093750000000000e-01 1.5e+00 1.37e+00  1e+00  1e+00 0:41.3
    5     40 9.895833333333337e-02 1.6e+00 1.14e+00  8e-01  1e+00 0:51.4
    6     48 5.208333333333337e-02 1.6e+00 9.77e-01  7e-01  1e+00 1:01.8
    7     56 3.125000000000000e-02 1.6e+00 1.02e+00  8e-01  1e+00 1:11.9
    8     64 2.604166666666663e-02 1.8e+00 7.97e-01  6e-01  8e-01 1:21.8
    9     72 0.000000000000000e+00 2.0e+00 6.48e-01  4e-01  6e-01 1:31.9
termination on ftarget=1e-11
final/bestever f-value = 0.000000e+00 0.000000e+00
incumbent solution: [8.521507457245828, 1.6399676725647419, 4.402859131117116, 5.719980373890788]
std deviation: [0.6466065577915086, 0.47817663024163765, 0.44054966300498904, 0.4447740523084136]
CMAEvolutionStrategyResult(xbest=array([8.37031238, 1.63850355, 4.52506572, 5.4468866 ]), fbest=0.0, evals_best=65, evaluations=72, iterations=9, xfavorite=array([8.52150746, 1.63996767, 4.40285913, 5.71998037]), stds=array([0.64660656, 0.47817663, 0.44054966, 0.44477405]), stop={'ftarget': 1e-11})
7 10
(4_w,8)-aCMA-ES (mu_w=2.6,w_1=52%) in dimension 4 (seed=671360, Sun Jun 13 21:54:33 2021)
Iterat #Fevals   function value  axis ratio  sigma  min&max std  t[m:s]
    1      8 2.083333333333334e-01 1.0e+00 1.81e+00  2e+00  2e+00 0:10.6
    2     16 1.614583333333334e-01 1.7e+00 1.61e+00  1e+00  2e+00 0:21.4
    3     24 8.854166666666663e-02 1.6e+00 1.53e+00  1e+00  2e+00 0:31.9
    4     32 2.187500000000000e-01 1.5e+00 1.26e+00  1e+00  1e+00 0:41.9
    5     40 3.281250000000000e-01 1.7e+00 1.03e+00  8e-01  1e+00 0:52.7
    6     48 1.302083333333334e-01 1.9e+00 1.07e+00  9e-01  1e+00 1:03.4
    7     56 5.208333333333337e-02 2.1e+00 1.10e+00  8e-01  1e+00 1:13.3
    8     64 5.729166666666663e-02 2.4e+00 1.06e+00  8e-01  1e+00 1:23.4
    9     72 7.291666666666663e-02 2.3e+00 8.87e-01  6e-01  9e-01 1:33.3
   10     80 3.125000000000000e-02 2.3e+00 7.68e-01  5e-01  8e-01 1:43.3
   11     88 1.562500000000000e-02 2.3e+00 7.77e-01  5e-01  8e-01 1:53.8
   13    104 3.125000000000000e-02 2.9e+00 7.53e-01  4e-01  8e-01 2:14.3
   15    120 2.083333333333337e-02 3.1e+00 5.94e-01  3e-01  6e-01 2:34.1
   17    136 5.208333333333370e-03 3.2e+00 4.38e-01  2e-01  4e-01 2:53.9
   19    152 0.000000000000000e+00 3.0e+00 4.71e-01  2e-01  4e-01 3:13.7
termination on ftarget=1e-11
final/bestever f-value = 0.000000e+00 0.000000e+00
incumbent solution: [1.7883938047691048, 2.7967536232724557, -0.03671899279841087, 8.459250504422853]
std deviation: [0.267390903607685, 0.24672301814626274, 0.2882709876427114, 0.3779582579268047]
CMAEvolutionStrategyResult(xbest=array([ 1.74549108,  2.85548092, -0.02810583,  8.329663  ]), fbest=0.0, evals_best=151, evaluations=152, iterations=19, xfavorite=array([ 1.7883938 ,  2.79675362, -0.03671899,  8.4592505 ]), stds=array([0.2673909 , 0.24672302, 0.28827099, 0.37795826]), stop={'ftarget': 1e-11})
8 10
(4_w,8)-aCMA-ES (mu_w=2.6,w_1=52%) in dimension 4 (seed=771141, Sun Jun 13 21:57:46 2021)
Iterat #Fevals   function value  axis ratio  sigma  min&max std  t[m:s]
    1      8 1.927083333333334e-01 1.0e+00 1.46e+00  1e+00  1e+00 0:10.3
    2     16 1.250000000000000e-01 1.1e+00 1.20e+00  1e+00  1e+00 0:20.4
    3     24 5.729166666666663e-02 1.2e+00 1.02e+00  8e-01  1e+00 0:30.7
    4     32 8.333333333333337e-02 1.4e+00 8.39e-01  6e-01  8e-01 0:40.3
    5     40 7.291666666666663e-02 1.4e+00 7.09e-01  5e-01  7e-01 0:50.3
    6     48 6.770833333333337e-02 1.6e+00 6.26e-01  5e-01  5e-01 0:59.9
    7     56 6.250000000000000e-02 1.6e+00 5.53e-01  4e-01  5e-01 1:10.5
    8     64 3.125000000000000e-02 1.7e+00 6.66e-01  5e-01  6e-01 1:20.8
    9     72 0.000000000000000e+00 2.6e+00 7.83e-01  6e-01  8e-01 1:31.5
termination on ftarget=1e-11
final/bestever f-value = 0.000000e+00 0.000000e+00
incumbent solution: [1.4304352170544175, 2.84659347897007, 3.2016738584329665, 4.879448435330494]
std deviation: [0.6358717698498809, 0.6125854636756027, 0.7414367345084492, 0.8115693499634817]
CMAEvolutionStrategyResult(xbest=array([1.03867508, 2.83600214, 3.63948849, 5.01833514]), fbest=0.0, evals_best=71, evaluations=72, iterations=9, xfavorite=array([1.43043522, 2.84659348, 3.20167386, 4.87944844]), stds=array([0.63587177, 0.61258546, 0.74143673, 0.81156935]), stop={'ftarget': 1e-11})
9 10
(4_w,8)-aCMA-ES (mu_w=2.6,w_1=52%) in dimension 4 (seed=698311, Sun Jun 13 21:59:18 2021)
Iterat #Fevals   function value  axis ratio  sigma  min&max std  t[m:s]
    1      8 6.770833333333337e-02 1.0e+00 1.52e+00  1e+00  2e+00 0:10.5
    2     16 1.510416666666666e-01 1.3e+00 1.43e+00  1e+00  1e+00 0:20.5
    3     24 6.770833333333337e-02 1.4e+00 1.35e+00  1e+00  1e+00 0:31.5
    4     32 4.687500000000000e-02 1.6e+00 1.27e+00  1e+00  1e+00 0:42.0
    5     40 1.041666666666663e-02 2.0e+00 1.08e+00  9e-01  1e+00 0:52.0
    6     48 8.333333333333337e-02 2.1e+00 9.84e-01  7e-01  1e+00 1:02.3
    7     56 4.166666666666663e-02 2.0e+00 8.97e-01  7e-01  9e-01 1:12.7
    8     64 1.562500000000000e-02 2.0e+00 8.61e-01  6e-01  9e-01 1:23.0
    9     72 5.208333333333370e-03 2.1e+00 7.24e-01  5e-01  7e-01 1:32.9
   10     80 2.604166666666663e-02 1.9e+00 6.93e-01  4e-01  6e-01 1:43.8
   12     96 2.604166666666663e-02 1.8e+00 5.78e-01  3e-01  5e-01 2:04.0
   14    112 0.000000000000000e+00 2.2e+00 3.99e-01  2e-01  3e-01 2:24.9
termination on ftarget=1e-11
final/bestever f-value = 0.000000e+00 0.000000e+00
incumbent solution: [4.292079895733233, 2.9451204585177058, 4.464393424031839, 7.7990400120656]
std deviation: [0.21003588426813044, 0.22068358235930738, 0.31315588238517655, 0.23318422806048136]
CMAEvolutionStrategyResult(xbest=array([4.24878296, 2.96709363, 4.54005873, 7.86871324]), fbest=0.0, evals_best=105, evaluations=112, iterations=14, xfavorite=array([4.2920799 , 2.94512046, 4.46439342, 7.79904001]), stds=array([0.21003588, 0.22068358, 0.31315588, 0.23318423]), stop={'ftarget': 1e-11})
