0 10
(4_w,8)-aCMA-ES (mu_w=2.6,w_1=52%) in dimension 4 (seed=742027, Sun Jun 13 21:41:08 2021)
circuitVTD.py:339: DeprecationWarning: The QuantumCircuit.__add__() method is being deprecated.Use the compose() method which is more flexible w.r.t circuit register compatibility.
  TrotterFixStepList.append(TrotterFixStepList[-1] + U_trot)
/home/nfb1/.local/lib/python3.7/site-packages/qiskit/circuit/quantumcircuit.py:869: DeprecationWarning: The QuantumCircuit.combine() method is being deprecated. Use the compose() method which is more flexible w.r.t circuit register compatibility.
  return self.combine(rhs)
circuitVTD.py:170: DeprecationWarning: The QuantumCircuit.__iadd__() method is being deprecated. Use the compose() (potentially with the inplace=True argument) and tensor() methods which are more flexible w.r.t circuit register compatibility.
  circ += U_v_prime
/home/nfb1/.local/lib/python3.7/site-packages/qiskit/circuit/quantumcircuit.py:876: DeprecationWarning: The QuantumCircuit.extend() method is being deprecated. Use the compose() (potentially with the inplace=True argument) and tensor() methods which are more flexible w.r.t circuit register compatibility.
  return self.extend(rhs)
Iterat #Fevals   function value  axis ratio  sigma  min&max std  t[m:s]
    1      8 7.600911458333337e-02 1.0e+00 1.31e+00  1e+00  1e+00 0:09.4
    2     16 6.136067708333337e-02 1.3e+00 1.23e+00  1e+00  1e+00 0:18.2
    3     24 1.092122395833334e-01 1.5e+00 1.28e+00  1e+00  1e+00 0:27.7
    4     32 8.740234375000000e-02 1.6e+00 1.02e+00  8e-01  1e+00 0:37.1
    5     40 2.091471354166666e-01 1.7e+00 9.40e-01  7e-01  9e-01 0:46.2
    6     48 1.564941406250000e-01 1.7e+00 8.14e-01  6e-01  8e-01 0:55.4
    7     56 1.513671875000000e-02 1.8e+00 8.52e-01  6e-01  8e-01 1:04.5
    8     64 2.278645833333337e-02 2.1e+00 8.36e-01  5e-01  7e-01 1:14.2
    9     72 3.946940104166663e-02 2.1e+00 7.80e-01  4e-01  7e-01 1:23.0
   11     88 2.799479166666663e-02 2.1e+00 5.73e-01  3e-01  5e-01 1:41.4
   13    104 9.928385416666630e-03 2.2e+00 4.50e-01  3e-01  4e-01 2:00.9
   15    120 2.278645833333370e-03 2.7e+00 3.77e-01  2e-01  3e-01 2:18.7
   17    136 9.358723958333370e-03 2.9e+00 2.78e-01  1e-01  2e-01 2:37.0
   19    152 3.011067708333370e-03 2.5e+00 2.25e-01  1e-01  1e-01 2:54.0
   21    168 7.324218750000000e-04 3.2e+00 1.73e-01  9e-02  1e-01 3:12.3
   23    184 1.057942708333370e-03 3.6e+00 1.41e-01  6e-02  8e-02 3:31.4
   24    192 0.000000000000000e+00 3.8e+00 1.61e-01  7e-02  9e-02 3:40.6
termination on ftarget=1e-11
final/bestever f-value = 0.000000e+00 0.000000e+00
incumbent solution: [5.08995581766997, 1.9866149249416731, 2.850891400891512, 6.08512634994845]
std deviation: [0.07659954618506731, 0.07327239528942486, 0.08682584954165437, 0.07838023649894872]
CMAEvolutionStrategyResult(xbest=array([5.09829818, 1.97883579, 2.84598757, 6.11713813]), fbest=0.0, evals_best=188, evaluations=192, iterations=24, xfavorite=array([5.08995582, 1.98661492, 2.8508914 , 6.08512635]), stds=array([0.07659955, 0.0732724 , 0.08682585, 0.07838024]), stop={'ftarget': 1e-11})
1 10
(4_w,8)-aCMA-ES (mu_w=2.6,w_1=52%) in dimension 4 (seed=746528, Sun Jun 13 21:44:49 2021)
Iterat #Fevals   function value  axis ratio  sigma  min&max std  t[m:s]
    1      8 2.476399739583334e-01 1.0e+00 1.33e+00  1e+00  1e+00 0:10.2
    2     16 2.115885416666666e-01 1.3e+00 1.51e+00  1e+00  2e+00 0:20.6
    3     24 4.012044270833337e-02 1.4e+00 1.60e+00  1e+00  2e+00 0:31.2
    4     32 1.162923177083334e-01 1.6e+00 2.02e+00  2e+00  3e+00 0:41.9
    5     40 1.708170572916666e-01 1.9e+00 2.23e+00  2e+00  3e+00 0:52.3
    6     48 1.168619791666666e-01 2.1e+00 2.09e+00  2e+00  3e+00 1:02.3
    7     56 1.965332031250000e-01 2.0e+00 1.98e+00  2e+00  3e+00 1:12.6
    8     64 1.940917968750000e-01 2.2e+00 2.16e+00  2e+00  3e+00 1:22.6
    9     72 4.866536458333337e-02 2.4e+00 1.73e+00  2e+00  2e+00 1:32.9
   10     80 9.643554687500000e-02 2.5e+00 1.55e+00  1e+00  2e+00 1:43.8
   12     96 6.258138020833337e-02 2.5e+00 1.23e+00  1e+00  1e+00 2:04.3
   14    112 1.879882812500000e-02 2.3e+00 1.03e+00  9e-01  1e+00 2:24.9
   16    128 4.069010416666630e-03 3.1e+00 1.02e+00  9e-01  1e+00 2:46.3
   18    144 2.709960937500000e-02 4.1e+00 9.24e-01  7e-01  1e+00 3:06.5
   20    160 8.951822916666630e-03 5.2e+00 7.39e-01  5e-01  7e-01 3:27.4
   22    176 1.098632812500000e-02 5.2e+00 8.46e-01  5e-01  9e-01 3:49.2
   24    192 1.033528645833337e-02 5.8e+00 7.54e-01  4e-01  8e-01 4:10.0
   26    208 6.347656250000000e-03 6.6e+00 6.33e-01  3e-01  7e-01 4:30.8
   28    224 8.138020833333703e-04 7.6e+00 4.83e-01  2e-01  5e-01 4:50.7
   30    240 8.951822916666297e-04 9.2e+00 3.61e-01  1e-01  4e-01 5:12.3
   32    256 2.197265625000000e-03 1.0e+01 3.04e-01  1e-01  3e-01 5:33.0
   35    280 9.765625000000000e-04 1.2e+01 2.43e-01  7e-02  2e-01 6:03.8
   38    304 8.138020833333703e-04 1.3e+01 1.94e-01  6e-02  2e-01 6:35.7
   41    328 2.441406250000000e-04 1.2e+01 1.62e-01  5e-02  1e-01 7:06.9
   44    352 4.069010416666297e-04 1.3e+01 1.49e-01  4e-02  1e-01 7:38.2
   47    376 8.138020833337034e-05 1.7e+01 1.16e-01  3e-02  8e-02 8:09.1
   50    400 1.627604166666297e-04 1.5e+01 7.40e-02  2e-02  4e-02 8:40.8
   53    424 0.000000000000000e+00 1.0e+01 8.40e-02  1e-02  4e-02 9:12.3
termination on ftarget=1e-11
final/bestever f-value = 0.000000e+00 0.000000e+00
incumbent solution: [8.071714358395107, 0.7457752284771857, 2.8134464859293193, 1.9263805747050804]
std deviation: [0.03840861106306456, 0.04039063948446709, 0.04064693564313175, 0.013674165295957717]
CMAEvolutionStrategyResult(xbest=array([8.07307903, 0.7482446 , 2.81707968, 1.93214913]), fbest=0.0, evals_best=420, evaluations=424, iterations=53, xfavorite=array([8.07171436, 0.74577523, 2.81344649, 1.92638057]), stds=array([0.03840861, 0.04039064, 0.04064694, 0.01367417]), stop={'ftarget': 1e-11})
2 10
(4_w,8)-aCMA-ES (mu_w=2.6,w_1=52%) in dimension 4 (seed=753796, Sun Jun 13 21:54:01 2021)
Iterat #Fevals   function value  axis ratio  sigma  min&max std  t[m:s]
    1      8 1.127115885416666e-01 1.0e+00 1.32e+00  1e+00  1e+00 0:10.2
    2     16 1.465657552083334e-01 1.2e+00 1.32e+00  1e+00  1e+00 0:20.7
    3     24 1.311848958333334e-01 1.3e+00 1.30e+00  1e+00  1e+00 0:30.5
    4     32 2.278645833333337e-02 1.3e+00 1.20e+00  9e-01  1e+00 0:40.8
    5     40 9.472656250000000e-02 1.3e+00 1.03e+00  7e-01  1e+00 0:51.3
    6     48 3.361002604166663e-02 1.4e+00 8.77e-01  6e-01  8e-01 1:01.5
    7     56 1.009114583333337e-02 1.5e+00 7.55e-01  5e-01  7e-01 1:11.8
    8     64 9.195963541666630e-03 1.5e+00 6.13e-01  4e-01  5e-01 1:22.7
    9     72 1.774088541666663e-02 1.7e+00 4.78e-01  3e-01  4e-01 1:33.0
   10     80 1.790364583333370e-03 1.9e+00 3.91e-01  2e-01  3e-01 1:43.9
   11     88 5.371093750000000e-03 1.9e+00 3.34e-01  1e-01  3e-01 1:54.6
   13    104 2.034505208333370e-03 2.3e+00 2.69e-01  1e-01  2e-01 2:16.3
   14    112 0.000000000000000e+00 2.4e+00 2.19e-01  9e-02  2e-01 2:26.6
termination on ftarget=1e-11
final/bestever f-value = 0.000000e+00 0.000000e+00
incumbent solution: [4.604247688719675, 1.6904979178343942, 5.134366126701374, 1.9118855142551177]
std deviation: [0.1442904144005733, 0.08528045069266736, 0.16757582405261326, 0.11270247539664885]
CMAEvolutionStrategyResult(xbest=array([4.64707483, 1.66940817, 5.24176045, 1.88782903]), fbest=0.0, evals_best=108, evaluations=112, iterations=14, xfavorite=array([4.60424769, 1.69049792, 5.13436613, 1.91188551]), stds=array([0.14429041, 0.08528045, 0.16757582, 0.11270248]), stop={'ftarget': 1e-11})
3 10
(4_w,8)-aCMA-ES (mu_w=2.6,w_1=52%) in dimension 4 (seed=733556, Sun Jun 13 21:56:28 2021)
Iterat #Fevals   function value  axis ratio  sigma  min&max std  t[m:s]
    1      8 7.275390625000000e-02 1.0e+00 1.42e+00  1e+00  1e+00 0:10.5
    2     16 4.972330729166663e-02 1.3e+00 1.28e+00  1e+00  1e+00 0:21.2
    3     24 2.115885416666663e-02 1.5e+00 1.02e+00  8e-01  9e-01 0:31.3
    4     32 5.680338541666663e-02 1.5e+00 9.00e-01  7e-01  8e-01 0:42.1
    5     40 7.950846354166663e-02 1.6e+00 7.89e-01  6e-01  7e-01 0:53.0
    6     48 2.579752604166663e-02 1.8e+00 6.24e-01  4e-01  6e-01 1:03.2
    7     56 2.010091145833337e-02 2.1e+00 6.47e-01  5e-01  6e-01 1:14.5
    8     64 1.521809895833337e-02 2.3e+00 5.93e-01  4e-01  5e-01 1:24.9
    9     72 4.972330729166663e-02 2.5e+00 4.92e-01  3e-01  4e-01 1:35.4
   10     80 8.951822916666630e-03 2.6e+00 4.34e-01  3e-01  4e-01 1:46.1
   12     96 6.347656250000000e-03 2.7e+00 4.11e-01  2e-01  4e-01 2:06.6
   14    112 3.173828125000000e-03 3.2e+00 3.72e-01  2e-01  3e-01 2:28.3
   16    128 8.138020833333703e-04 3.2e+00 2.98e-01  1e-01  2e-01 2:49.3
   18    144 1.383463541666630e-03 3.3e+00 2.20e-01  1e-01  1e-01 3:10.6
   20    160 8.138020833337034e-05 3.7e+00 1.53e-01  7e-02  9e-02 3:31.0
   22    176 8.138020833337034e-05 3.5e+00 1.14e-01  4e-02  6e-02 3:51.2
   24    192 0.000000000000000e+00 3.9e+00 9.47e-02  3e-02  5e-02 4:11.8
termination on ftarget=1e-11
final/bestever f-value = 0.000000e+00 0.000000e+00
incumbent solution: [3.27734632614017, 4.4546486870006055, 6.189281806009947, 5.837123749438494]
std deviation: [0.044458973980250414, 0.030439817195749938, 0.04906700802436646, 0.04240384863588711]
CMAEvolutionStrategyResult(xbest=array([3.25539797, 4.45507793, 6.19591011, 5.85599353]), fbest=0.0, evals_best=190, evaluations=192, iterations=24, xfavorite=array([3.27734633, 4.45464869, 6.18928181, 5.83712375]), stds=array([0.04445897, 0.03043982, 0.04906701, 0.04240385]), stop={'ftarget': 1e-11})
4 10
(4_w,8)-aCMA-ES (mu_w=2.6,w_1=52%) in dimension 4 (seed=680648, Sun Jun 13 22:00:40 2021)
Iterat #Fevals   function value  axis ratio  sigma  min&max std  t[m:s]
    1      8 1.085611979166666e-01 1.0e+00 1.44e+00  1e+00  1e+00 0:10.2
    2     16 2.373860677083334e-01 1.3e+00 1.62e+00  2e+00  2e+00 0:20.5
    3     24 1.075032552083334e-01 1.7e+00 1.61e+00  2e+00  2e+00 0:30.9
    4     32 1.577962239583334e-01 2.0e+00 1.56e+00  1e+00  2e+00 0:41.7
    5     40 6.974283854166663e-02 2.4e+00 1.38e+00  1e+00  1e+00 0:52.1
    6     48 9.033203125000000e-02 2.5e+00 1.19e+00  1e+00  1e+00 1:02.9
    7     56 5.159505208333337e-02 2.6e+00 9.69e-01  8e-01  9e-01 1:13.2
    8     64 2.351888020833337e-02 2.7e+00 7.43e-01  6e-01  7e-01 1:23.9
    9     72 5.452473958333370e-03 3.2e+00 7.74e-01  6e-01  7e-01 1:34.7
   10     80 8.951822916666297e-04 3.5e+00 7.77e-01  5e-01  8e-01 1:45.6
   11     88 2.628580729166663e-02 3.7e+00 7.73e-01  4e-01  7e-01 1:55.9
   13    104 1.912434895833337e-02 3.2e+00 5.63e-01  3e-01  5e-01 2:16.9
   15    120 1.627604166666663e-02 3.6e+00 4.97e-01  2e-01  5e-01 2:37.5
   17    136 9.847005208333370e-03 3.9e+00 3.84e-01  2e-01  4e-01 2:58.4
   19    152 3.580729166666630e-03 4.5e+00 3.73e-01  2e-01  4e-01 3:20.2
   21    168 8.951822916666297e-04 4.6e+00 3.62e-01  1e-01  3e-01 3:40.3
   23    184 1.383463541666630e-03 4.7e+00 2.62e-01  9e-02  2e-01 4:01.2
   25    200 8.138020833333703e-04 4.6e+00 2.40e-01  8e-02  2e-01 4:22.5
   27    216 7.324218750000000e-04 4.9e+00 2.91e-01  8e-02  3e-01 4:43.4
   29    232 1.627604166666297e-04 6.8e+00 2.69e-01  7e-02  3e-01 5:04.6
   31    248 1.627604166666297e-04 7.5e+00 1.92e-01  5e-02  2e-01 5:24.9
   33    264 0.000000000000000e+00 7.4e+00 1.54e-01  4e-02  1e-01 5:46.3
termination on ftarget=1e-11
final/bestever f-value = 0.000000e+00 0.000000e+00
incumbent solution: [4.309198906769522, 4.103670653631291, 1.3382084109708532, 2.758245126703256]
std deviation: [0.036916565286969925, 0.05853853352558889, 0.037693807898419196, 0.14358390888409076]
CMAEvolutionStrategyResult(xbest=array([4.32566906, 4.06962872, 1.33801081, 2.86249536]), fbest=0.0, evals_best=260, evaluations=264, iterations=33, xfavorite=array([4.30919891, 4.10367065, 1.33820841, 2.75824513]), stds=array([0.03691657, 0.05853853, 0.03769381, 0.14358391]), stop={'ftarget': 1e-11})
5 10
(4_w,8)-aCMA-ES (mu_w=2.6,w_1=52%) in dimension 4 (seed=749706, Sun Jun 13 22:06:26 2021)
Iterat #Fevals   function value  axis ratio  sigma  min&max std  t[m:s]
    1      8 2.062174479166666e-01 1.0e+00 1.75e+00  1e+00  2e+00 0:10.5
    2     16 1.349283854166666e-01 1.7e+00 1.61e+00  1e+00  2e+00 0:21.2
    3     24 1.512044270833334e-01 1.6e+00 1.64e+00  1e+00  2e+00 0:31.9
    4     32 4.231770833333337e-02 1.7e+00 1.56e+00  1e+00  2e+00 0:42.7
    5     40 7.462565104166663e-02 1.9e+00 1.37e+00  1e+00  2e+00 0:53.1
    6     48 5.623372395833337e-02 1.9e+00 1.28e+00  1e+00  2e+00 1:03.3
    7     56 1.293945312500000e-01 2.1e+00 1.22e+00  9e-01  2e+00 1:13.7
    8     64 3.491210937500000e-02 2.4e+00 1.13e+00  8e-01  2e+00 1:24.9
    9     72 9.830729166666663e-02 2.4e+00 1.06e+00  8e-01  1e+00 1:35.5
   10     80 2.164713541666663e-02 2.4e+00 1.06e+00  7e-01  1e+00 1:45.9
   11     88 2.376302083333337e-02 2.9e+00 1.16e+00  8e-01  2e+00 1:56.3
   13    104 1.708984375000000e-02 3.1e+00 1.25e+00  7e-01  2e+00 2:16.9
   15    120 1.904296875000000e-02 3.9e+00 8.89e-01  4e-01  1e+00 2:38.0
   17    136 1.611328125000000e-02 4.5e+00 9.34e-01  4e-01  1e+00 2:58.8
   19    152 1.204427083333337e-02 4.9e+00 7.84e-01  3e-01  1e+00 3:19.7
   21    168 2.115885416666630e-03 4.5e+00 6.48e-01  2e-01  8e-01 3:40.7
   23    184 4.882812500000000e-03 4.9e+00 5.78e-01  2e-01  7e-01 4:01.5
   25    200 1.302083333333370e-03 4.6e+00 4.05e-01  2e-01  4e-01 4:21.9
   27    216 4.882812500000000e-04 4.0e+00 3.19e-01  1e-01  3e-01 4:42.3
   29    232 1.383463541666630e-03 3.9e+00 2.62e-01  8e-02  2e-01 5:02.1
   31    248 4.069010416666297e-04 4.8e+00 2.20e-01  6e-02  2e-01 5:22.3
   34    272 1.627604166666297e-04 4.1e+00 1.53e-01  4e-02  1e-01 5:53.3
   37    296 0.000000000000000e+00 4.0e+00 1.03e-01  3e-02  5e-02 6:24.6
termination on ftarget=1e-11
final/bestever f-value = 0.000000e+00 0.000000e+00
incumbent solution: [4.961435752661641, -0.9565444115428389, -3.8536186946379156, 7.101065158559698]
std deviation: [0.03730260372530217, 0.027466940764782483, 0.049922700458967635, 0.02758635314152096]
CMAEvolutionStrategyResult(xbest=array([ 4.94334184, -0.94234203, -3.88877365,  7.06139881]), fbest=0.0, evals_best=290, evaluations=296, iterations=37, xfavorite=array([ 4.96143575, -0.95654441, -3.85361869,  7.10106516]), stds=array([0.0373026 , 0.02746694, 0.0499227 , 0.02758635]), stop={'ftarget': 1e-11})
6 10
(4_w,8)-aCMA-ES (mu_w=2.6,w_1=52%) in dimension 4 (seed=763723, Sun Jun 13 22:12:51 2021)
Iterat #Fevals   function value  axis ratio  sigma  min&max std  t[m:s]
    1      8 1.060384114583334e-01 1.0e+00 1.48e+00  1e+00  2e+00 0:11.0
    2     16 3.271484375000000e-02 1.2e+00 1.59e+00  1e+00  2e+00 0:21.4
    3     24 9.724934895833337e-02 1.6e+00 1.47e+00  1e+00  2e+00 0:31.4
    4     32 4.614257812500000e-02 1.7e+00 1.15e+00  1e+00  1e+00 0:42.4
    5     40 1.451822916666666e-01 2.0e+00 1.13e+00  1e+00  1e+00 0:53.0
    6     48 4.329427083333337e-02 2.3e+00 9.06e-01  8e-01  9e-01 1:03.7
    7     56 1.021321614583334e-01 2.4e+00 8.06e-01  7e-01  8e-01 1:13.9
    8     64 1.879882812500000e-02 2.4e+00 7.62e-01  6e-01  7e-01 1:24.1
    9     72 1.513671875000000e-02 2.2e+00 6.78e-01  5e-01  6e-01 1:35.1
   10     80 7.649739583333370e-03 2.2e+00 5.93e-01  4e-01  5e-01 1:45.5
   11     88 2.213541666666663e-02 2.2e+00 6.52e-01  4e-01  6e-01 1:56.0
   13    104 7.568359375000000e-03 2.3e+00 5.89e-01  4e-01  5e-01 2:17.2
   15    120 5.452473958333370e-03 2.4e+00 5.81e-01  3e-01  6e-01 2:37.7
   17    136 4.882812500000000e-03 2.8e+00 5.96e-01  3e-01  6e-01 2:58.7
   19    152 1.114908854166663e-02 2.8e+00 4.80e-01  2e-01  4e-01 3:19.3
   21    168 1.220703125000000e-03 3.0e+00 4.24e-01  2e-01  3e-01 3:40.3
   23    184 8.138020833333703e-04 3.0e+00 3.78e-01  2e-01  3e-01 4:01.6
   25    200 1.464843750000000e-03 3.2e+00 3.53e-01  2e-01  2e-01 4:22.3
   27    216 2.441406250000000e-04 3.3e+00 2.92e-01  1e-01  2e-01 4:43.2
   29    232 2.441406250000000e-04 4.5e+00 2.49e-01  1e-01  2e-01 5:03.5
   31    248 0.000000000000000e+00 5.7e+00 2.29e-01  1e-01  1e-01 5:25.3
termination on ftarget=1e-11
final/bestever f-value = 0.000000e+00 0.000000e+00
incumbent solution: [-1.3035102943102614, 6.793429484693014, 1.5792706394485958, 7.28449853567108]
std deviation: [0.14946044149848908, 0.11579698528106372, 0.14383013921995527, 0.09592110500108056]
CMAEvolutionStrategyResult(xbest=array([-1.23019048,  6.79670204,  1.56541024,  7.27115821]), fbest=0.0, evals_best=246, evaluations=248, iterations=31, xfavorite=array([-1.30351029,  6.79342948,  1.57927064,  7.28449854]), stds=array([0.14946044, 0.11579699, 0.14383014, 0.09592111]), stop={'ftarget': 1e-11})
7 10
(4_w,8)-aCMA-ES (mu_w=2.6,w_1=52%) in dimension 4 (seed=708283, Sun Jun 13 22:18:16 2021)
Iterat #Fevals   function value  axis ratio  sigma  min&max std  t[m:s]
    1      8 1.375325520833337e-02 1.0e+00 1.55e+00  1e+00  2e+00 0:10.3
    2     16 9.619140625000000e-02 1.2e+00 1.40e+00  1e+00  1e+00 0:20.5
    3     24 8.032226562500000e-02 1.3e+00 1.17e+00  1e+00  1e+00 0:30.6
    4     32 8.911132812500000e-02 1.3e+00 9.42e-01  7e-01  9e-01 0:40.8
    5     40 5.126953125000000e-03 1.4e+00 8.86e-01  6e-01  8e-01 0:51.3
    6     48 2.522786458333337e-02 1.7e+00 7.73e-01  5e-01  7e-01 1:02.1
    7     56 1.538085937500000e-02 2.0e+00 6.48e-01  4e-01  6e-01 1:12.9
    8     64 1.586914062500000e-02 2.0e+00 5.37e-01  3e-01  5e-01 1:23.9
    9     72 5.859375000000000e-03 2.2e+00 4.59e-01  3e-01  4e-01 1:34.5
   10     80 2.604166666666630e-03 2.2e+00 3.93e-01  2e-01  3e-01 1:46.5
   11     88 5.126953125000000e-03 2.2e+00 3.57e-01  2e-01  3e-01 1:57.2
   13    104 7.812500000000000e-03 2.7e+00 2.95e-01  1e-01  2e-01 2:18.8
   15    120 1.627604166666297e-04 2.8e+00 2.38e-01  1e-01  2e-01 2:39.5
   17    136 2.441406250000000e-04 2.9e+00 2.23e-01  9e-02  2e-01 3:01.0
   19    152 1.220703125000000e-03 3.4e+00 2.25e-01  9e-02  2e-01 3:22.4
   21    168 6.510416666666297e-04 4.3e+00 2.39e-01  8e-02  2e-01 3:43.8
   23    184 4.069010416666297e-04 4.3e+00 1.98e-01  6e-02  2e-01 4:04.8
   25    200 1.627604166666297e-04 5.6e+00 1.68e-01  4e-02  1e-01 4:25.6
   27    216 0.000000000000000e+00 5.2e+00 1.28e-01  3e-02  1e-01 4:46.1
termination on ftarget=1e-11
final/bestever f-value = 0.000000e+00 0.000000e+00
incumbent solution: [1.9774317986784817, 2.3497879042624863, 0.8294601560726902, 7.092236469832339]
std deviation: [0.04664563170373981, 0.03212953329469774, 0.03907399804415814, 0.09774078954061266]
CMAEvolutionStrategyResult(xbest=array([1.93141297, 2.33481093, 0.85933302, 7.05411389]), fbest=0.0, evals_best=215, evaluations=216, iterations=27, xfavorite=array([1.9774318 , 2.3497879 , 0.82946016, 7.09223647]), stds=array([0.04664563, 0.03212953, 0.039074  , 0.09774079]), stop={'ftarget': 1e-11})
8 10
(4_w,8)-aCMA-ES (mu_w=2.6,w_1=52%) in dimension 4 (seed=789023, Sun Jun 13 22:23:02 2021)
Iterat #Fevals   function value  axis ratio  sigma  min&max std  t[m:s]
    1      8 1.672363281250000e-01 1.0e+00 1.44e+00  1e+00  2e+00 0:10.6
    2     16 4.516601562500000e-02 1.2e+00 1.49e+00  1e+00  2e+00 0:21.0
    3     24 1.147460937500000e-01 1.5e+00 1.56e+00  1e+00  2e+00 0:31.1
    4     32 8.943684895833337e-02 1.8e+00 1.48e+00  1e+00  2e+00 0:41.5
    5     40 1.700032552083334e-01 2.0e+00 1.57e+00  1e+00  2e+00 0:52.8
    6     48 1.588541666666666e-01 2.4e+00 1.42e+00  1e+00  2e+00 1:03.2
    7     56 2.731933593750000e-01 2.0e+00 1.42e+00  1e+00  2e+00 1:13.3
    8     64 6.811523437500000e-02 2.6e+00 2.13e+00  1e+00  3e+00 1:24.1
    9     72 3.304036458333337e-02 2.9e+00 2.11e+00  2e+00  3e+00 1:34.5
   10     80 1.261393229166666e-01 3.2e+00 1.94e+00  1e+00  3e+00 1:44.7
   11     88 2.797037760416666e-01 2.8e+00 1.93e+00  1e+00  3e+00 1:55.5
   13    104 2.327473958333337e-02 3.0e+00 1.64e+00  1e+00  3e+00 2:16.5
   15    120 6.445312500000000e-02 3.6e+00 1.67e+00  1e+00  2e+00 2:37.4
   17    136 2.347005208333334e-01 3.8e+00 1.86e+00  1e+00  3e+00 2:57.9
   19    152 1.311035156250000e-01 4.2e+00 2.20e+00  1e+00  4e+00 3:18.7
   21    168 1.569010416666666e-01 4.5e+00 1.91e+00  1e+00  3e+00 3:39.4
   23    184 4.809570312500000e-02 4.5e+00 1.54e+00  9e-01  2e+00 4:00.7
   25    200 9.529622395833337e-02 4.9e+00 1.54e+00  9e-01  2e+00 4:21.4
   27    216 3.515625000000000e-02 5.4e+00 1.38e+00  7e-01  2e+00 4:42.5
   29    232 1.871744791666663e-02 5.7e+00 1.15e+00  5e-01  2e+00 5:02.9
   31    248 7.234700520833337e-02 6.6e+00 9.28e-01  4e-01  1e+00 5:24.1
   33    264 4.874674479166663e-02 7.4e+00 8.55e-01  3e-01  1e+00 5:45.1
   36    288 4.459635416666663e-02 6.9e+00 6.05e-01  2e-01  6e-01 6:16.2
   39    312 4.557291666666630e-03 4.5e+00 1.01e+00  3e-01  9e-01 6:47.1
   42    336 1.676432291666663e-02 3.8e+00 8.82e-01  2e-01  7e-01 7:17.7
   45    360 6.347656250000000e-03 3.8e+00 8.62e-01  3e-01  6e-01 7:48.7
   48    384 2.604166666666630e-03 3.7e+00 6.51e-01  2e-01  4e-01 8:19.9
   51    408 4.069010416666297e-04 4.0e+00 4.90e-01  1e-01  2e-01 8:51.8
   54    432 0.000000000000000e+00 4.6e+00 2.91e-01  6e-02  1e-01 9:23.0
termination on ftarget=1e-11
final/bestever f-value = 0.000000e+00 0.000000e+00
incumbent solution: [2.465165470071289, 3.7719012863223433, 13.571982772394012, 3.723690823834421]
std deviation: [0.055087960314855654, 0.08655555724510816, 0.13250304116058892, 0.11651301191762667]
CMAEvolutionStrategyResult(xbest=array([ 2.46906373,  3.78079783, 13.54164234,  3.72158266]), fbest=0.0, evals_best=426, evaluations=432, iterations=54, xfavorite=array([ 2.46516547,  3.77190129, 13.57198277,  3.72369082]), stds=array([0.05508796, 0.08655556, 0.13250304, 0.11651301]), stop={'ftarget': 1e-11})
9 10
(4_w,8)-aCMA-ES (mu_w=2.6,w_1=52%) in dimension 4 (seed=738537, Sun Jun 13 22:32:25 2021)
Iterat #Fevals   function value  axis ratio  sigma  min&max std  t[m:s]
    1      8 1.027832031250000e-01 1.0e+00 1.36e+00  1e+00  1e+00 0:10.8
    2     16 9.204101562500000e-02 1.3e+00 1.32e+00  1e+00  1e+00 0:22.0
    3     24 1.323242187500000e-01 1.5e+00 1.15e+00  8e-01  1e+00 0:32.3
    4     32 2.075195312500000e-02 1.6e+00 1.01e+00  7e-01  1e+00 0:43.1
    5     40 1.570638020833337e-02 1.7e+00 9.55e-01  6e-01  1e+00 0:53.2
    6     48 2.897135416666663e-02 2.0e+00 7.51e-01  5e-01  8e-01 1:03.5
    7     56 2.278645833333370e-03 2.0e+00 6.06e-01  4e-01  6e-01 1:13.8
    8     64 1.082356770833337e-02 2.1e+00 6.09e-01  4e-01  7e-01 1:24.2
    9     72 7.893880208333370e-03 2.4e+00 4.72e-01  3e-01  5e-01 1:34.6
   10     80 3.011067708333370e-03 2.4e+00 3.98e-01  2e-01  4e-01 1:45.6
   11     88 1.383463541666630e-03 2.2e+00 3.35e-01  2e-01  3e-01 1:55.8
   13    104 8.138020833333703e-04 2.7e+00 2.61e-01  1e-01  2e-01 2:17.2
   15    120 8.138020833333703e-04 3.5e+00 1.89e-01  6e-02  2e-01 2:38.0
   17    136 1.057942708333370e-03 3.7e+00 1.92e-01  6e-02  2e-01 2:58.6
   19    152 7.324218750000000e-04 4.3e+00 1.73e-01  5e-02  2e-01 3:19.3
   21    168 0.000000000000000e+00 5.0e+00 1.55e-01  4e-02  2e-01 3:40.0
termination on ftarget=1e-11
final/bestever f-value = 0.000000e+00 0.000000e+00
incumbent solution: [5.243248607797292, 2.0617521035849466, 2.671136457806771, 2.4924131337307345]
std deviation: [0.04172542281391676, 0.08402131755962983, 0.16620896882607064, 0.08183510794798662]
CMAEvolutionStrategyResult(xbest=array([5.2418863 , 2.05625176, 2.68368978, 2.49240106]), fbest=0.0, evals_best=168, evaluations=168, iterations=21, xfavorite=array([5.24324861, 2.0617521 , 2.67113646, 2.49241313]), stds=array([0.04172542, 0.08402132, 0.16620897, 0.08183511]), stop={'ftarget': 1e-11})
