0 10
(4_w,8)-aCMA-ES (mu_w=2.6,w_1=52%) in dimension 4 (seed=511933, Tue Jun 22 12:32:18 2021)
circuitVTD.py:347: DeprecationWarning: The QuantumCircuit.__add__() method is being deprecated.Use the compose() method which is more flexible w.r.t circuit register compatibility.
  TrotterFixStepList.append(TrotterFixStepList[-1] + U_trot)
/home/nfb1/.local/lib/python3.7/site-packages/qiskit/circuit/quantumcircuit.py:869: DeprecationWarning: The QuantumCircuit.combine() method is being deprecated. Use the compose() method which is more flexible w.r.t circuit register compatibility.
  return self.combine(rhs)
Iterat #Fevals   function value  axis ratio  sigma  min&max std  t[m:s]
    1      8 2.612033607132430e-01 1.0e+00 1.50e+00  1e+00  2e+00 0:06.0
    2     16 1.334103355944718e-01 1.5e+00 1.72e+00  2e+00  2e+00 0:11.9
    3     24 1.631929557723724e-01 1.8e+00 1.71e+00  2e+00  2e+00 0:17.9
    4     32 7.525811159149509e-02 2.0e+00 1.71e+00  1e+00  2e+00 0:23.7
    5     40 1.177200573066071e-01 2.3e+00 1.36e+00  1e+00  2e+00 0:29.5
    6     48 1.939061141007437e-02 2.7e+00 1.25e+00  9e-01  1e+00 0:35.3
    8     64 2.195078951837282e-02 2.9e+00 1.06e+00  8e-01  1e+00 0:47.1
   10     80 1.429381735677937e-02 4.0e+00 8.11e-01  5e-01  1e+00 0:58.8
   12     96 8.614275064170351e-02 3.5e+00 6.98e-01  4e-01  8e-01 1:11.0
   14    112 6.099015476507486e-03 3.5e+00 7.73e-01  4e-01  9e-01 1:22.7
   15    120 1.044633998548705e-03 3.8e+00 7.78e-01  4e-01  9e-01 1:28.8
termination on ftarget=0.005
final/bestever f-value = 1.044634e-03 1.044634e-03
incumbent solution: [6.247056462128447, 6.6777980265774834, 1.4817259976580222, 1.7994441003481076]
std deviation: [0.5729894665472134, 0.9285928023475876, 0.40021050333732267, 0.9157580830895085]
CMAEvolutionStrategyResult(xbest=array([6.40424026, 6.93654282, 1.65623874, 1.7898427 ]), fbest=0.0010446339985487052, evals_best=113, evaluations=120, iterations=15, xfavorite=array([6.24705646, 6.67779803, 1.481726  , 1.7994441 ]), stds=array([0.57298947, 0.9285928 , 0.4002105 , 0.91575808]), stop={'ftarget': 0.005})
1 10
(4_w,8)-aCMA-ES (mu_w=2.6,w_1=52%) in dimension 4 (seed=441580, Tue Jun 22 12:33:47 2021)
Iterat #Fevals   function value  axis ratio  sigma  min&max std  t[m:s]
    1      8 1.030717515655122e-02 1.0e+00 1.60e+00  1e+00  2e+00 0:07.4
    2     16 3.177906860756008e-02 1.3e+00 1.72e+00  2e+00  2e+00 0:14.5
    3     24 8.073847325560957e-02 1.6e+00 1.56e+00  1e+00  2e+00 0:21.6
    4     32 1.847101437086063e-02 1.8e+00 1.32e+00  1e+00  2e+00 0:29.1
    5     40 1.156349400538296e-01 1.9e+00 1.13e+00  9e-01  1e+00 0:36.3
    6     48 1.030660286574991e-02 1.8e+00 1.14e+00  9e-01  1e+00 0:43.7
    7     56 6.439029180986444e-02 2.0e+00 1.03e+00  8e-01  1e+00 0:50.8
    8     64 1.181554179323159e-01 2.3e+00 9.68e-01  7e-01  9e-01 0:58.0
   10     80 8.401028055053517e-02 2.8e+00 6.91e-01  5e-01  6e-01 1:12.8
   12     96 8.742352624290017e-02 2.7e+00 6.87e-01  5e-01  6e-01 1:27.2
   13    104 2.061413839455017e-03 3.1e+00 5.93e-01  4e-01  5e-01 1:34.3
termination on ftarget=0.005
final/bestever f-value = 2.061414e-03 2.061414e-03
incumbent solution: [-0.32257901227861063, 0.633252753032, 4.045637989956999, 2.0417500109206084]
std deviation: [0.467063511185898, 0.46956636292238857, 0.40538590842119815, 0.3601967279233614]
CMAEvolutionStrategyResult(xbest=array([-0.24748973,  0.53055616,  3.95039646,  2.15029052]), fbest=0.0020614138394550174, evals_best=101, evaluations=104, iterations=13, xfavorite=array([-0.32257901,  0.63325275,  4.04563799,  2.04175001]), stds=array([0.46706351, 0.46956636, 0.40538591, 0.36019673]), stop={'ftarget': 0.005})
2 10
(4_w,8)-aCMA-ES (mu_w=2.6,w_1=52%) in dimension 4 (seed=529576, Tue Jun 22 12:35:21 2021)
Iterat #Fevals   function value  axis ratio  sigma  min&max std  t[m:s]
    1      8 1.036580219764427e-01 1.0e+00 1.44e+00  1e+00  2e+00 0:08.4
    2     16 1.462249919131141e-01 1.3e+00 1.32e+00  1e+00  1e+00 0:15.4
    3     24 5.410692560687449e-01 1.4e+00 1.30e+00  1e+00  1e+00 0:22.5
    4     32 7.555314119550069e-01 1.7e+00 1.38e+00  1e+00  2e+00 0:29.6
    5     40 6.928631151457234e-01 1.9e+00 1.27e+00  9e-01  1e+00 0:36.7
    6     48 4.893151649789095e-01 1.9e+00 1.12e+00  8e-01  1e+00 0:43.9
    7     56 4.606990649662173e-01 2.0e+00 1.03e+00  7e-01  1e+00 0:50.9
    8     64 3.251646611821989e-01 2.0e+00 9.62e-01  6e-01  9e-01 0:57.9
   10     80 2.415647452826013e-01 1.8e+00 7.68e-01  5e-01  6e-01 1:12.9
   12     96 1.536783971494945e-01 2.0e+00 6.91e-01  4e-01  6e-01 1:28.0
   14    112 7.270160317991281e-02 2.0e+00 6.17e-01  3e-01  5e-01 1:42.9
   15    120 3.608216332770753e-03 2.1e+00 6.44e-01  3e-01  5e-01 1:49.9
termination on ftarget=0.005
final/bestever f-value = 3.608216e-03 3.608216e-03
incumbent solution: [2.2674872351693436, 4.159535108628527, 7.753237728733563, -1.5241315125039474]
std deviation: [0.4994081932663091, 0.33125913429503107, 0.423798912630357, 0.5113060110301962]
CMAEvolutionStrategyResult(xbest=array([ 2.36545611,  4.07855538,  8.15873508, -1.35652652]), fbest=0.003608216332770753, evals_best=114, evaluations=120, iterations=15, xfavorite=array([ 2.26748724,  4.15953511,  7.75323773, -1.52413151]), stds=array([0.49940819, 0.33125913, 0.42379891, 0.51130601]), stop={'ftarget': 0.005})
3 10
(4_w,8)-aCMA-ES (mu_w=2.6,w_1=52%) in dimension 4 (seed=442164, Tue Jun 22 12:37:11 2021)
Iterat #Fevals   function value  axis ratio  sigma  min&max std  t[m:s]
    1      8 8.354507026910818e-02 1.0e+00 1.40e+00  1e+00  1e+00 0:07.5
    2     16 9.926522328444387e-02 1.2e+00 1.28e+00  1e+00  1e+00 0:15.0
    3     24 4.039196143279478e-02 1.4e+00 1.26e+00  1e+00  1e+00 0:22.4
    4     32 2.198063491535566e-01 1.7e+00 1.27e+00  1e+00  1e+00 0:29.9
    5     40 3.364182701615581e-02 1.7e+00 1.11e+00  8e-01  1e+00 0:37.3
    6     48 2.509503086249953e-02 1.7e+00 1.04e+00  7e-01  1e+00 0:44.8
    7     56 9.112302480447554e-02 1.9e+00 1.08e+00  8e-01  1e+00 0:51.9
    8     64 2.840885237608748e-02 2.0e+00 9.19e-01  7e-01  9e-01 0:59.0
   10     80 2.869491920587386e-05 2.8e+00 9.41e-01  7e-01  9e-01 1:13.5
termination on ftarget=0.005
final/bestever f-value = 2.869492e-05 2.869492e-05
incumbent solution: [4.516592054160414, 5.037398339454342, -0.254354957153721, -0.7912827724198895]
std deviation: [0.7269949858797198, 0.6753886805791353, 0.7367266730280144, 0.9489802503660572]
CMAEvolutionStrategyResult(xbest=array([ 4.75107393,  5.03032731, -0.17146595, -0.2478599 ]), fbest=2.869491920587386e-05, evals_best=75, evaluations=80, iterations=10, xfavorite=array([ 4.51659205,  5.03739834, -0.25435496, -0.79128277]), stds=array([0.72699499, 0.67538868, 0.73672667, 0.94898025]), stop={'ftarget': 0.005})
4 10
(4_w,8)-aCMA-ES (mu_w=2.6,w_1=52%) in dimension 4 (seed=427442, Tue Jun 22 12:38:25 2021)
Iterat #Fevals   function value  axis ratio  sigma  min&max std  t[m:s]
    1      8 3.023681531708072e-01 1.0e+00 1.43e+00  1e+00  1e+00 0:07.3
    2     16 1.584609103898771e-01 1.1e+00 1.43e+00  1e+00  1e+00 0:14.9
    3     24 1.830127599358378e-01 1.4e+00 1.73e+00  2e+00  2e+00 0:22.0
    4     32 2.372181236679021e-01 1.7e+00 2.09e+00  2e+00  3e+00 0:29.1
    5     40 8.783258196209776e-02 2.0e+00 2.48e+00  2e+00  4e+00 0:36.5
    6     48 6.969989469989524e-02 2.3e+00 2.47e+00  2e+00  4e+00 0:44.2
    7     56 1.994508033656259e-01 2.5e+00 2.26e+00  2e+00  3e+00 0:51.8
    8     64 1.104979196760358e-02 2.7e+00 2.05e+00  1e+00  3e+00 0:60.0
   10     80 8.259012973074120e-02 2.5e+00 1.40e+00  1e+00  1e+00 1:14.7
   11     88 2.456370205470515e-03 2.1e+00 1.22e+00  8e-01  1e+00 1:21.7
termination on ftarget=0.005
final/bestever f-value = 2.456370e-03 2.456370e-03
incumbent solution: [-1.9394325398777046, 6.296914389498416, -6.567530943737543, -0.41669470576496237]
std deviation: [1.0859485379610916, 0.8223876365999053, 1.2167041828576308, 1.120483275953664]
CMAEvolutionStrategyResult(xbest=array([-3.14306858,  6.15411793, -7.11902633, -0.55980655]), fbest=0.002456370205470515, evals_best=87, evaluations=88, iterations=11, xfavorite=array([-1.93943254,  6.29691439, -6.56753094, -0.41669471]), stds=array([1.08594854, 0.82238764, 1.21670418, 1.12048328]), stop={'ftarget': 0.005})
5 10
(4_w,8)-aCMA-ES (mu_w=2.6,w_1=52%) in dimension 4 (seed=528811, Tue Jun 22 12:39:46 2021)
Iterat #Fevals   function value  axis ratio  sigma  min&max std  t[m:s]
    1      8 2.697894766931566e-01 1.0e+00 1.49e+00  1e+00  2e+00 0:07.5
    2     16 1.081668193899286e-01 1.3e+00 1.29e+00  1e+00  2e+00 0:15.0
    3     24 1.383001498608327e-02 1.5e+00 1.22e+00  1e+00  1e+00 0:22.3
    4     32 2.587521816779645e-01 1.4e+00 1.27e+00  1e+00  1e+00 0:29.9
    5     40 1.425449284191278e-01 1.3e+00 1.16e+00  9e-01  1e+00 0:37.0
    6     48 6.366034751817740e-02 1.6e+00 1.03e+00  8e-01  1e+00 0:44.3
    7     56 4.836975694340495e-02 1.8e+00 9.91e-01  7e-01  1e+00 0:51.3
    8     64 1.887681159420296e-01 2.2e+00 9.07e-01  7e-01  1e+00 0:58.9
   10     80 3.252477158666767e-02 2.6e+00 7.61e-01  5e-01  9e-01 1:13.7
   12     96 8.118316415992588e-03 2.9e+00 5.65e-01  3e-01  6e-01 1:28.4
   14    112 1.198061683444718e-03 3.2e+00 5.32e-01  3e-01  6e-01 1:42.9
termination on ftarget=0.005
final/bestever f-value = 1.198062e-03 1.198062e-03
incumbent solution: [0.6354018497789977, 2.9310041047086095, 4.879542976757514, 3.0400636522729614]
std deviation: [0.33103861413648666, 0.3874584536286531, 0.3999495283276144, 0.5653488417965016]
CMAEvolutionStrategyResult(xbest=array([0.49955755, 2.90315292, 4.88029943, 2.98009251]), fbest=0.0011980616834447178, evals_best=108, evaluations=112, iterations=14, xfavorite=array([0.63540185, 2.9310041 , 4.87954298, 3.04006365]), stds=array([0.33103861, 0.38745845, 0.39994953, 0.56534884]), stop={'ftarget': 0.005})
6 10
(4_w,8)-aCMA-ES (mu_w=2.6,w_1=52%) in dimension 4 (seed=473733, Tue Jun 22 12:41:29 2021)
Iterat #Fevals   function value  axis ratio  sigma  min&max std  t[m:s]
    1      8 1.316328262373068e-01 1.0e+00 1.67e+00  2e+00  2e+00 0:07.1
    2     16 3.828729248706744e-01 1.3e+00 1.74e+00  2e+00  2e+00 0:14.7
    3     24 5.209033517892706e-01 1.4e+00 2.06e+00  2e+00  3e+00 0:21.7
    4     32 3.278667277528036e-02 1.5e+00 2.06e+00  2e+00  3e+00 0:29.3
    5     40 1.492420300272344e-01 1.6e+00 2.04e+00  2e+00  2e+00 0:36.5
    6     48 5.116850660196701e-01 1.7e+00 2.59e+00  2e+00  3e+00 0:43.9
    7     56 9.809921370271990e-02 2.2e+00 2.78e+00  2e+00  4e+00 0:51.1
    8     64 2.365492478110510e-01 2.1e+00 2.96e+00  2e+00  4e+00 0:58.2
   10     80 4.626342232721564e-01 2.5e+00 3.81e+00  3e+00  5e+00 1:12.8
   12     96 2.531030443968918e-01 2.5e+00 3.83e+00  3e+00  5e+00 1:27.1
   14    112 4.654467623933801e-01 2.5e+00 3.27e+00  2e+00  4e+00 1:41.8
   16    128 2.734456842712351e-01 3.0e+00 3.23e+00  2e+00  4e+00 1:56.7
   18    144 3.650332225913626e-01 3.0e+00 2.71e+00  2e+00  3e+00 2:11.5
   20    160 1.717921695751002e-01 3.6e+00 2.28e+00  1e+00  3e+00 2:25.9
   22    176 6.766882310618760e-02 3.1e+00 1.85e+00  1e+00  2e+00 2:40.7
   25    200 2.205817086131162e-01 3.6e+00 1.91e+00  1e+00  2e+00 3:02.1
   28    224 2.289172298649479e-01 2.8e+00 1.86e+00  9e-01  2e+00 3:24.0
   31    248 8.923473403188320e-02 2.8e+00 1.78e+00  9e-01  2e+00 3:46.0
   34    272 6.732755915395783e-02 4.4e+00 1.87e+00  8e-01  2e+00 4:07.4
   37    296 2.090383185576898e-01 5.4e+00 1.39e+00  6e-01  1e+00 4:29.2
   40    320 1.345883887029053e-02 5.0e+00 1.34e+00  6e-01  1e+00 4:50.8
   43    344 4.710884353741496e-02 5.3e+00 9.23e-01  4e-01  8e-01 5:13.2
   46    368 4.116523732709210e-03 5.6e+00 6.96e-01  3e-01  5e-01 5:35.1
termination on ftarget=0.005
final/bestever f-value = 4.116524e-03 4.116524e-03
incumbent solution: [1.8404525995828613, 7.996262561939868, 0.2384265328279841, -0.5552964986973318]
std deviation: [0.2848904831613761, 0.31572407431498617, 0.3704234768767288, 0.4703312859473651]
CMAEvolutionStrategyResult(xbest=array([ 1.72746516,  8.27334626,  0.04590331, -0.27452997]), fbest=0.00411652373270921, evals_best=362, evaluations=368, iterations=46, xfavorite=array([ 1.8404526 ,  7.99626256,  0.23842653, -0.5552965 ]), stds=array([0.28489048, 0.31572407, 0.37042348, 0.47033129]), stop={'ftarget': 0.005})
7 10
(4_w,8)-aCMA-ES (mu_w=2.6,w_1=52%) in dimension 4 (seed=529578, Tue Jun 22 12:47:04 2021)
Iterat #Fevals   function value  axis ratio  sigma  min&max std  t[m:s]
    1      8 1.518982602896645e-01 1.0e+00 1.34e+00  1e+00  1e+00 0:07.4
    2     16 1.714505328770599e-01 1.2e+00 1.36e+00  1e+00  1e+00 0:14.7
    3     24 1.678999659351470e-01 1.3e+00 1.52e+00  1e+00  2e+00 0:21.9
    4     32 5.471556929061803e-01 1.9e+00 1.54e+00  1e+00  2e+00 0:29.2
    5     40 4.552876269459183e-01 2.1e+00 1.46e+00  1e+00  2e+00 0:36.5
    6     48 2.902532514705569e-01 2.2e+00 1.41e+00  1e+00  2e+00 0:44.0
    7     56 1.484120780094988e-02 2.3e+00 1.28e+00  9e-01  2e+00 0:50.9
    8     64 4.030705917646582e-02 2.5e+00 1.12e+00  8e-01  2e+00 0:58.4
   10     80 8.940813324172092e-02 2.8e+00 1.13e+00  8e-01  1e+00 1:13.4
   12     96 1.795110360211298e-01 2.5e+00 1.07e+00  8e-01  1e+00 1:27.9
   14    112 1.229892794882259e-02 2.9e+00 8.46e-01  6e-01  8e-01 1:42.8
   16    128 3.135460466650153e-02 3.1e+00 7.95e-01  5e-01  7e-01 1:57.6
   18    144 1.676652419552571e-02 3.0e+00 6.96e-01  4e-01  6e-01 2:12.0
   20    160 3.838012477718289e-02 3.0e+00 5.63e-01  3e-01  5e-01 2:26.7
   22    176 9.307684097514812e-04 3.0e+00 5.03e-01  2e-01  4e-01 2:41.6
termination on ftarget=0.005
final/bestever f-value = 9.307684e-04 9.307684e-04
incumbent solution: [4.271481862717522, 0.38152609453214026, 3.1823856075384755, 8.382015287239396]
std deviation: [0.44748231301145325, 0.3332442480489104, 0.2367248842894594, 0.29664586630914497]
CMAEvolutionStrategyResult(xbest=array([4.72198582, 0.46824707, 3.40779437, 8.12639895]), fbest=0.0009307684097514812, evals_best=173, evaluations=176, iterations=22, xfavorite=array([4.27148186, 0.38152609, 3.18238561, 8.38201529]), stds=array([0.44748231, 0.33324425, 0.23672488, 0.29664587]), stop={'ftarget': 0.005})
8 10
(4_w,8)-aCMA-ES (mu_w=2.6,w_1=52%) in dimension 4 (seed=507294, Tue Jun 22 12:49:46 2021)
Iterat #Fevals   function value  axis ratio  sigma  min&max std  t[m:s]
    1      8 2.301176898287901e-01 1.0e+00 1.57e+00  1e+00  2e+00 0:07.0
    2     16 1.648214246495846e-01 1.4e+00 1.59e+00  1e+00  2e+00 0:14.4
    3     24 2.365578574349181e-02 1.7e+00 1.39e+00  1e+00  1e+00 0:21.8
    4     32 4.320836483146159e-01 1.8e+00 1.17e+00  9e-01  1e+00 0:29.3
    5     40 3.627291215146303e-01 2.0e+00 9.92e-01  8e-01  1e+00 0:36.9
    6     48 4.313640573646366e-01 2.0e+00 1.03e+00  8e-01  1e+00 0:44.7
    7     56 6.948752911358236e-02 2.1e+00 1.04e+00  7e-01  1e+00 0:52.3
    8     64 7.933738796414858e-02 2.6e+00 9.48e-01  7e-01  1e+00 0:59.9
    9     72 7.360991733971622e-02 2.6e+00 8.97e-01  6e-01  1e+00 1:08.0
   11     88 2.373864590487829e-03 3.4e+00 8.17e-01  5e-01  1e+00 1:21.9
termination on ftarget=0.005
final/bestever f-value = 2.373865e-03 2.373865e-03
incumbent solution: [2.4091974086703805, -1.0258592145328624, -1.7523354462684106, 3.8892885765589402]
std deviation: [0.5212854853812331, 0.6758143306692352, 1.0681321274508695, 0.5377586675665414]
CMAEvolutionStrategyResult(xbest=array([ 1.8786461 , -1.10388886, -1.85188386,  4.1446365 ]), fbest=0.0023738645904878286, evals_best=86, evaluations=88, iterations=11, xfavorite=array([ 2.40919741, -1.02585921, -1.75233545,  3.88928858]), stds=array([0.52128549, 0.67581433, 1.06813213, 0.53775867]), stop={'ftarget': 0.005})
9 10
(4_w,8)-aCMA-ES (mu_w=2.6,w_1=52%) in dimension 4 (seed=495057, Tue Jun 22 12:51:08 2021)
Iterat #Fevals   function value  axis ratio  sigma  min&max std  t[m:s]
    1      8 1.464106998731701e-01 1.0e+00 1.84e+00  2e+00  2e+00 0:07.5
    2     16 5.291686931903117e-02 1.5e+00 1.93e+00  2e+00  2e+00 0:14.7
    3     24 1.225861780954315e-01 1.6e+00 1.96e+00  2e+00  2e+00 0:22.3
    4     32 1.043654556949711e-01 1.7e+00 1.73e+00  2e+00  2e+00 0:29.8
    5     40 2.804988443340376e-01 1.7e+00 1.79e+00  2e+00  2e+00 0:36.8
    6     48 5.861573040509168e-01 1.6e+00 2.13e+00  2e+00  3e+00 0:44.5
    7     56 1.227119675799655e-01 2.0e+00 2.79e+00  2e+00  3e+00 0:51.5
    8     64 9.709661603093089e-02 2.1e+00 3.32e+00  3e+00  4e+00 0:59.0
   10     80 4.018083355954637e-01 2.2e+00 3.29e+00  2e+00  4e+00 1:13.9
   12     96 3.037630395301300e-01 2.2e+00 2.85e+00  2e+00  4e+00 1:28.4
   14    112 5.237563288666736e-02 3.1e+00 4.28e+00  3e+00  7e+00 1:43.3
   16    128 9.391357149201940e-02 3.2e+00 4.69e+00  3e+00  7e+00 1:57.4
   18    144 3.694248748478876e-01 3.0e+00 3.85e+00  2e+00  5e+00 2:12.6
   20    160 3.127187122224306e-02 3.7e+00 4.69e+00  3e+00  6e+00 2:26.8
   22    176 1.993772703684485e-01 3.5e+00 3.27e+00  2e+00  4e+00 2:41.2
   25    200 2.879900233824106e-01 3.3e+00 4.73e+00  2e+00  6e+00 3:03.2
   28    224 1.952146654734355e-02 4.5e+00 4.05e+00  2e+00  5e+00 3:24.6
   31    248 5.544922576928184e-01 3.4e+00 3.05e+00  1e+00  3e+00 3:46.7
   33    264 1.969357329787313e-03 3.1e+00 3.44e+00  1e+00  4e+00 4:01.2
termination on ftarget=0.005
final/bestever f-value = 1.969357e-03 1.969357e-03
incumbent solution: [16.93963906052632, -3.099304184821587, 26.47612669701688, -0.6090572327406261]
std deviation: [3.058193560202286, 2.8882764684266387, 3.720532298344231, 1.240154650159956]
CMAEvolutionStrategyResult(xbest=array([15.71936028, -1.0787964 , 26.56709928, -0.13068576]), fbest=0.0019693573297873135, evals_best=258, evaluations=264, iterations=33, xfavorite=array([16.93963906, -3.09930418, 26.4761267 , -0.60905723]), stds=array([3.05819356, 2.88827647, 3.7205323 , 1.24015465]), stop={'ftarget': 0.005})
