0 10
(4_w,8)-aCMA-ES (mu_w=2.6,w_1=52%) in dimension 4 (seed=480188, Tue Jun 22 12:32:12 2021)
circuitVTD.py:347: DeprecationWarning: The QuantumCircuit.__add__() method is being deprecated.Use the compose() method which is more flexible w.r.t circuit register compatibility.
  TrotterFixStepList.append(TrotterFixStepList[-1] + U_trot)
/home/nfb1/.local/lib/python3.7/site-packages/qiskit/circuit/quantumcircuit.py:869: DeprecationWarning: The QuantumCircuit.combine() method is being deprecated. Use the compose() method which is more flexible w.r.t circuit register compatibility.
  return self.combine(rhs)
Iterat #Fevals   function value  axis ratio  sigma  min&max std  t[m:s]
    1      8 5.660302127089243e-01 1.0e+00 1.52e+00  1e+00  2e+00 0:06.4
    2     16 3.187984442669130e-01 1.3e+00 1.45e+00  1e+00  2e+00 0:12.6
    3     24 1.937642170390103e-01 1.4e+00 1.32e+00  1e+00  1e+00 0:18.9
    4     32 1.606543814898664e-03 1.6e+00 1.32e+00  1e+00  1e+00 0:25.1
termination on ftarget=0.005
final/bestever f-value = 1.606544e-03 1.606544e-03
incumbent solution: [1.9762291122518905, 2.1956657272664692, 5.857913708867506, 5.672820745394341]
std deviation: [1.2845090008709505, 1.0048113587446608, 1.1443761385854874, 1.4731926688646586]
CMAEvolutionStrategyResult(xbest=array([1.47043813, 2.15844189, 6.22209623, 5.25802285]), fbest=0.0016065438148986644, evals_best=31, evaluations=32, iterations=4, xfavorite=array([1.97622911, 2.19566573, 5.85791371, 5.67282075]), stds=array([1.284509  , 1.00481136, 1.14437614, 1.47319267]), stop={'ftarget': 0.005})
1 10
(4_w,8)-aCMA-ES (mu_w=2.6,w_1=52%) in dimension 4 (seed=531726, Tue Jun 22 12:32:37 2021)
Iterat #Fevals   function value  axis ratio  sigma  min&max std  t[m:s]
    1      8 5.972388741992374e-02 1.0e+00 1.46e+00  1e+00  2e+00 0:07.7
    2     16 2.050576898437225e-01 1.2e+00 1.55e+00  1e+00  2e+00 0:15.2
    3     24 1.912444221951811e-01 1.4e+00 1.85e+00  1e+00  3e+00 0:22.7
    4     32 8.573154256924242e-02 2.0e+00 1.54e+00  1e+00  2e+00 0:30.3
    5     40 1.403776047386005e-01 2.6e+00 1.33e+00  9e-01  2e+00 0:38.2
    6     48 2.793758328035676e-01 2.5e+00 1.27e+00  8e-01  2e+00 0:46.0
    7     56 1.299609903670087e-01 2.5e+00 1.17e+00  7e-01  2e+00 0:53.6
    8     64 5.609906517206720e-03 2.7e+00 1.05e+00  6e-01  1e+00 1:01.4
   10     80 2.863772977441874e-01 2.7e+00 1.04e+00  6e-01  1e+00 1:16.1
   12     96 1.711498725405699e-01 3.3e+00 1.11e+00  7e-01  1e+00 1:31.4
   14    112 1.799571925832644e-02 3.1e+00 1.20e+00  6e-01  1e+00 1:46.4
   16    128 2.952928380115494e-02 3.4e+00 8.80e-01  4e-01  7e-01 2:01.8
   18    144 2.834206237895787e-02 2.9e+00 7.16e-01  4e-01  6e-01 2:17.1
   19    152 4.650879943457475e-04 3.0e+00 6.40e-01  3e-01  5e-01 2:24.8
termination on ftarget=0.005
final/bestever f-value = 4.650880e-04 4.650880e-04
incumbent solution: [2.3746250163081855, -3.422987315302694, 0.10175669322278469, 3.5780049702094776]
std deviation: [0.32074271910950913, 0.43366234090642436, 0.5059015194618287, 0.43672765149629716]
CMAEvolutionStrategyResult(xbest=array([ 2.18624931, -3.31358859, -0.03646001,  3.71579761]), fbest=0.00046508799434574755, evals_best=148, evaluations=152, iterations=19, xfavorite=array([ 2.37462502, -3.42298732,  0.10175669,  3.57800497]), stds=array([0.32074272, 0.43366234, 0.50590152, 0.43672765]), stop={'ftarget': 0.005})
2 10
(4_w,8)-aCMA-ES (mu_w=2.6,w_1=52%) in dimension 4 (seed=504478, Tue Jun 22 12:35:02 2021)
Iterat #Fevals   function value  axis ratio  sigma  min&max std  t[m:s]
    1      8 2.929030946572917e-01 1.0e+00 1.82e+00  2e+00  2e+00 0:07.7
    2     16 5.353874699137375e-01 1.5e+00 1.68e+00  1e+00  2e+00 0:15.6
    3     24 5.170508529738329e-01 1.7e+00 1.66e+00  1e+00  2e+00 0:23.2
    4     32 6.982574101972829e-01 1.7e+00 1.53e+00  1e+00  2e+00 0:30.6
    5     40 1.298748515656432e-01 1.8e+00 1.38e+00  1e+00  2e+00 0:38.1
    6     48 8.939242902669753e-02 1.9e+00 1.52e+00  1e+00  2e+00 0:45.4
    7     56 1.131464349350317e-01 1.9e+00 1.38e+00  1e+00  2e+00 0:52.9
    8     64 3.638496600027709e-01 1.9e+00 1.17e+00  8e-01  1e+00 1:00.3
   10     80 9.018320132201374e-02 1.7e+00 8.56e-01  6e-01  8e-01 1:15.2
   12     96 4.574055768063290e-02 1.6e+00 6.74e-01  4e-01  6e-01 1:30.1
   14    112 9.617174065790213e-04 1.6e+00 5.39e-01  3e-01  4e-01 1:45.3
termination on ftarget=0.005
final/bestever f-value = 9.617174e-04 9.617174e-04
incumbent solution: [8.51565059903201, -2.079350279322423, 6.403459257938519, 3.6495859357641507]
std deviation: [0.3760162788586644, 0.3228079128998145, 0.3893291733079232, 0.2869582345587895]
CMAEvolutionStrategyResult(xbest=array([ 8.27860017, -2.10052951,  6.66670755,  3.65732312]), fbest=0.0009617174065790213, evals_best=109, evaluations=112, iterations=14, xfavorite=array([ 8.5156506 , -2.07935028,  6.40345926,  3.64958594]), stds=array([0.37601628, 0.32280791, 0.38932917, 0.28695823]), stop={'ftarget': 0.005})
3 10
(4_w,8)-aCMA-ES (mu_w=2.6,w_1=52%) in dimension 4 (seed=560312, Tue Jun 22 12:36:47 2021)
Iterat #Fevals   function value  axis ratio  sigma  min&max std  t[m:s]
    1      8 2.302841057587833e-01 1.0e+00 1.48e+00  1e+00  2e+00 0:07.4
    2     16 3.540493627498775e-01 1.2e+00 1.60e+00  1e+00  2e+00 0:15.5
    3     24 2.482583486374964e-01 1.4e+00 1.40e+00  1e+00  2e+00 0:22.7
    4     32 1.016399669012531e-01 1.6e+00 1.32e+00  1e+00  1e+00 0:30.7
    5     40 1.594383134788334e-01 1.4e+00 1.16e+00  9e-01  1e+00 0:37.9
    6     48 1.294532342949184e-02 1.6e+00 1.00e+00  7e-01  1e+00 0:45.2
    7     56 5.463111281223754e-02 1.6e+00 9.60e-01  7e-01  9e-01 0:53.0
    8     64 1.662919535981632e-01 1.7e+00 8.37e-01  6e-01  7e-01 1:00.6
   10     80 3.144100541711436e-03 1.7e+00 7.61e-01  4e-01  7e-01 1:15.6
termination on ftarget=0.005
final/bestever f-value = 3.144101e-03 3.144101e-03
incumbent solution: [4.59586516776059, 3.2883295354389492, 5.379015507640952, 2.0851606211503446]
std deviation: [0.5147858220755491, 0.44401974961396934, 0.6493107018286081, 0.7262266819042636]
CMAEvolutionStrategyResult(xbest=array([4.55846165, 3.22976445, 5.85778138, 2.69856362]), fbest=0.0031441005417114365, evals_best=79, evaluations=80, iterations=10, xfavorite=array([4.59586517, 3.28832954, 5.37901551, 2.08516062]), stds=array([0.51478582, 0.44401975, 0.6493107 , 0.72622668]), stop={'ftarget': 0.005})
4 10
(4_w,8)-aCMA-ES (mu_w=2.6,w_1=52%) in dimension 4 (seed=474665, Tue Jun 22 12:38:03 2021)
Iterat #Fevals   function value  axis ratio  sigma  min&max std  t[m:s]
    1      8 2.336430830972244e-01 1.0e+00 1.42e+00  1e+00  1e+00 0:07.4
    2     16 4.952802806500675e-01 1.3e+00 1.27e+00  1e+00  1e+00 0:14.8
    3     24 2.262118670209264e-01 1.3e+00 1.31e+00  1e+00  1e+00 0:22.1
    4     32 5.980752855698246e-02 1.5e+00 1.13e+00  9e-01  1e+00 0:29.8
    5     40 1.579314222104087e-01 1.8e+00 9.22e-01  7e-01  9e-01 0:37.4
    6     48 1.904525201447819e-01 1.8e+00 8.56e-01  7e-01  8e-01 0:45.2
    7     56 1.120604989962177e-01 1.9e+00 8.81e-01  7e-01  9e-01 0:52.6
    8     64 4.884785636096511e-03 1.8e+00 7.55e-01  6e-01  7e-01 1:00.2
termination on ftarget=0.005
final/bestever f-value = 4.884786e-03 4.884786e-03
incumbent solution: [1.084359394816682, 1.1024397808678705, 5.27155380365369, 3.3240655250032196]
std deviation: [0.5869361721965274, 0.6290222587772349, 0.6854775517693898, 0.5854961891800067]
CMAEvolutionStrategyResult(xbest=array([0.73628297, 1.22298225, 5.31424155, 3.18842529]), fbest=0.004884785636096511, evals_best=60, evaluations=64, iterations=8, xfavorite=array([1.08435939, 1.10243978, 5.2715538 , 3.32406553]), stds=array([0.58693617, 0.62902226, 0.68547755, 0.58549619]), stop={'ftarget': 0.005})
5 10
(4_w,8)-aCMA-ES (mu_w=2.6,w_1=52%) in dimension 4 (seed=516167, Tue Jun 22 12:39:03 2021)
Iterat #Fevals   function value  axis ratio  sigma  min&max std  t[m:s]
    1      8 1.853677272333232e-02 1.0e+00 1.57e+00  1e+00  2e+00 0:07.8
    2     16 3.724973294148303e-01 1.5e+00 1.80e+00  2e+00  2e+00 0:15.7
    3     24 2.739322169968307e-01 1.7e+00 1.95e+00  2e+00  2e+00 0:23.6
    4     32 1.519096542343733e-01 1.8e+00 1.68e+00  1e+00  2e+00 0:31.1
    5     40 2.443969556576012e-01 1.9e+00 1.42e+00  1e+00  2e+00 0:38.5
    6     48 1.633976967029057e-01 1.8e+00 1.39e+00  1e+00  2e+00 0:46.1
    7     56 1.352188084847431e-01 1.7e+00 1.34e+00  1e+00  1e+00 0:53.7
    8     64 4.873399675273982e-02 1.6e+00 1.29e+00  1e+00  1e+00 1:01.3
   10     80 2.776470877631487e-02 1.6e+00 1.25e+00  1e+00  1e+00 1:16.3
   12     96 6.556233859371863e-02 2.2e+00 1.30e+00  9e-01  1e+00 1:31.6
   14    112 1.462815998074796e-02 2.4e+00 1.51e+00  9e-01  2e+00 1:46.6
   16    128 2.260475022587949e-02 2.6e+00 1.28e+00  8e-01  2e+00 2:02.0
   18    144 6.184262067211732e-02 3.2e+00 1.10e+00  6e-01  1e+00 2:17.4
   20    160 2.439325285169658e-02 3.6e+00 1.05e+00  5e-01  1e+00 2:32.3
   22    176 5.912122048348134e-02 4.1e+00 9.60e-01  5e-01  1e+00 2:47.0
   24    192 4.406704238749759e-02 4.1e+00 7.08e-01  3e-01  7e-01 3:02.2
   27    216 1.077487634819319e-02 4.7e+00 7.79e-01  4e-01  8e-01 3:24.7
   30    240 4.084398428645386e-03 5.1e+00 8.21e-01  4e-01  8e-01 3:48.1
termination on ftarget=0.005
final/bestever f-value = 4.084398e-03 4.084398e-03
incumbent solution: [11.696554215211897, 0.6267470970110682, 5.196948359745379, -0.3980494159796762]
std deviation: [0.7907584527324637, 0.5067407929074746, 0.7739314794243052, 0.4261628741680132]
CMAEvolutionStrategyResult(xbest=array([12.21090465,  0.68108386,  5.44855631, -0.47149491]), fbest=0.004084398428645386, evals_best=238, evaluations=240, iterations=30, xfavorite=array([11.69655422,  0.6267471 ,  5.19694836, -0.39804942]), stds=array([0.79075845, 0.50674079, 0.77393148, 0.42616287]), stop={'ftarget': 0.005})
6 10
(4_w,8)-aCMA-ES (mu_w=2.6,w_1=52%) in dimension 4 (seed=564663, Tue Jun 22 12:42:51 2021)
Iterat #Fevals   function value  axis ratio  sigma  min&max std  t[m:s]
    1      8 3.471210768213847e-01 1.0e+00 1.43e+00  1e+00  1e+00 0:07.4
    2     16 8.353150754808292e-02 1.1e+00 1.33e+00  1e+00  1e+00 0:15.1
    3     24 2.266386970352788e-01 1.5e+00 1.12e+00  9e-01  1e+00 0:22.7
    4     32 1.033911736342926e-01 1.5e+00 9.86e-01  8e-01  1e+00 0:30.1
    5     40 1.531320574436511e-01 1.5e+00 9.43e-01  7e-01  9e-01 0:37.7
    6     48 2.669716982974957e-02 1.7e+00 1.01e+00  7e-01  1e+00 0:45.2
    7     56 1.289896144908442e-02 2.1e+00 9.75e-01  7e-01  1e+00 0:52.8
    8     64 3.057135567139047e-03 2.4e+00 9.29e-01  6e-01  1e+00 1:00.5
termination on ftarget=0.005
final/bestever f-value = 3.057136e-03 3.057136e-03
incumbent solution: [2.2139552804156684, 2.605921515412151, 5.430754342121834, 3.5109535695015768]
std deviation: [0.5868630447767141, 0.8603426722997536, 0.7687097924553481, 1.008829593537708]
CMAEvolutionStrategyResult(xbest=array([2.40003713, 3.26684358, 4.70133701, 3.09228762]), fbest=0.0030571355671390466, evals_best=62, evaluations=64, iterations=8, xfavorite=array([2.21395528, 2.60592152, 5.43075434, 3.51095357]), stds=array([0.58686304, 0.86034267, 0.76870979, 1.00882959]), stop={'ftarget': 0.005})
7 10
(4_w,8)-aCMA-ES (mu_w=2.6,w_1=52%) in dimension 4 (seed=452536, Tue Jun 22 12:43:52 2021)
Iterat #Fevals   function value  axis ratio  sigma  min&max std  t[m:s]
    1      8 4.086400210819996e-01 1.0e+00 1.40e+00  1e+00  1e+00 0:07.7
    2     16 3.357226890894311e-01 1.2e+00 1.40e+00  1e+00  1e+00 0:15.3
    3     24 2.742152004541921e-01 1.3e+00 1.37e+00  1e+00  1e+00 0:23.2
    4     32 3.210613757390393e-01 1.5e+00 1.43e+00  1e+00  1e+00 0:30.7
    5     40 2.868930978186891e-01 1.5e+00 1.52e+00  1e+00  2e+00 0:38.3
    6     48 1.856703032465035e-02 1.9e+00 1.31e+00  1e+00  2e+00 0:46.0
    7     56 1.307570874036967e-01 2.0e+00 1.05e+00  8e-01  1e+00 0:53.3
    8     64 1.079467032289195e-01 2.0e+00 9.88e-01  7e-01  1e+00 1:01.1
   10     80 3.365495497283189e-02 2.4e+00 7.49e-01  5e-01  8e-01 1:16.2
   12     96 6.287979822652945e-03 2.7e+00 6.55e-01  4e-01  7e-01 1:31.5
   14    112 1.314500827574439e-02 3.3e+00 5.28e-01  3e-01  5e-01 1:46.8
   16    128 4.103604200452748e-04 3.1e+00 3.68e-01  2e-01  3e-01 2:01.9
termination on ftarget=0.005
final/bestever f-value = 4.103604e-04 4.103604e-04
incumbent solution: [2.372655944194384, 2.5427030754138693, 7.614747487289499, 2.1537544009429865]
std deviation: [0.19424653547731172, 0.24923001348439652, 0.2652258712025026, 0.30821305528661275]
CMAEvolutionStrategyResult(xbest=array([2.33659497, 2.81869061, 7.33571231, 2.25699718]), fbest=0.00041036042004527484, evals_best=125, evaluations=128, iterations=16, xfavorite=array([2.37265594, 2.54270308, 7.61474749, 2.1537544 ]), stds=array([0.19424654, 0.24923001, 0.26522587, 0.30821306]), stop={'ftarget': 0.005})
8 10
(4_w,8)-aCMA-ES (mu_w=2.6,w_1=52%) in dimension 4 (seed=498626, Tue Jun 22 12:45:54 2021)
Iterat #Fevals   function value  axis ratio  sigma  min&max std  t[m:s]
    1      8 2.006127324310853e-01 1.0e+00 1.75e+00  2e+00  2e+00 0:07.7
    2     16 3.619085633080027e-01 1.5e+00 1.86e+00  2e+00  2e+00 0:15.5
    3     24 5.886828119427739e-01 1.7e+00 2.19e+00  2e+00  3e+00 0:23.0
    4     32 2.930879877810748e-01 2.1e+00 2.25e+00  2e+00  3e+00 0:30.6
    5     40 2.229869806229191e-01 2.3e+00 2.38e+00  2e+00  4e+00 0:38.0
    6     48 2.209788625577720e-01 2.2e+00 2.40e+00  2e+00  3e+00 0:45.6
    7     56 1.787510596186562e-01 2.0e+00 2.47e+00  2e+00  4e+00 0:53.3
    8     64 2.537768080799260e-01 2.5e+00 2.20e+00  2e+00  4e+00 1:00.8
   10     80 1.273793780482245e-01 2.8e+00 1.76e+00  2e+00  2e+00 1:15.8
   12     96 4.734078952140643e-01 2.4e+00 1.62e+00  1e+00  2e+00 1:31.6
   14    112 2.469279408438519e-01 2.2e+00 1.70e+00  1e+00  2e+00 1:47.3
   16    128 2.601090397207506e-02 2.2e+00 1.18e+00  8e-01  1e+00 2:03.4
   18    144 7.440510171978720e-02 2.3e+00 9.29e-01  6e-01  8e-01 2:18.6
   20    160 2.289630896537820e-02 2.7e+00 6.86e-01  4e-01  5e-01 2:33.9
   22    176 1.902966343089618e-02 2.8e+00 5.26e-01  3e-01  4e-01 2:49.0
   24    192 9.343221715809591e-03 3.4e+00 3.98e-01  2e-01  3e-01 3:04.3
   26    208 8.969810374481746e-04 3.9e+00 4.95e-01  3e-01  4e-01 3:19.2
termination on ftarget=0.005
final/bestever f-value = 8.969810e-04 8.969810e-04
incumbent solution: [5.124787084563118, 14.630622548485325, 6.840159917322862, -4.606400964889942]
std deviation: [0.2661944180685162, 0.3018510169268149, 0.37730466233308363, 0.26970071007945273]
CMAEvolutionStrategyResult(xbest=array([ 5.03004504, 14.57301519,  7.06423805, -4.56584482]), fbest=0.0008969810374481746, evals_best=201, evaluations=208, iterations=26, xfavorite=array([ 5.12478708, 14.63062255,  6.84015992, -4.60640096]), stds=array([0.26619442, 0.30185102, 0.37730466, 0.26970071]), stop={'ftarget': 0.005})
9 10
(4_w,8)-aCMA-ES (mu_w=2.6,w_1=52%) in dimension 4 (seed=507745, Tue Jun 22 12:49:13 2021)
Iterat #Fevals   function value  axis ratio  sigma  min&max std  t[m:s]
    1      8 3.750000000000004e-01 1.0e+00 1.64e+00  2e+00  2e+00 0:07.5
    2     16 3.790348223337924e-01 1.4e+00 1.69e+00  1e+00  2e+00 0:15.3
    3     24 1.044378044099212e-01 1.4e+00 1.79e+00  2e+00  2e+00 0:23.1
    4     32 2.607526686879079e-01 1.6e+00 1.51e+00  1e+00  2e+00 0:30.4
    5     40 3.299004123892246e-02 1.6e+00 1.37e+00  1e+00  1e+00 0:37.9
    6     48 2.037015987589321e-01 1.7e+00 1.20e+00  9e-01  1e+00 0:45.6
    7     56 8.488663067103763e-02 1.9e+00 1.20e+00  9e-01  1e+00 0:53.0
    8     64 3.990922450121903e-02 1.8e+00 1.01e+00  7e-01  1e+00 1:00.7
   10     80 1.419341118428106e-01 2.0e+00 7.14e-01  5e-01  7e-01 1:16.0
   12     96 2.512617312446297e-02 2.3e+00 5.05e-01  3e-01  4e-01 1:31.3
   13    104 3.166083535191211e-03 2.2e+00 4.32e-01  2e-01  3e-01 1:38.9
termination on ftarget=0.005
final/bestever f-value = 3.166084e-03 3.166084e-03
incumbent solution: [0.2830202355951105, 1.4516941090234687, 3.230955979983662, 3.2155767704719276]
std deviation: [0.29657402262754523, 0.32825738747789446, 0.24215055914874867, 0.33425035350139753]
CMAEvolutionStrategyResult(xbest=array([0.31541671, 1.69495318, 3.37755057, 3.2507209 ]), fbest=0.003166083535191211, evals_best=97, evaluations=104, iterations=13, xfavorite=array([0.28302024, 1.45169411, 3.23095598, 3.21557677]), stds=array([0.29657402, 0.32825739, 0.24215056, 0.33425035]), stop={'ftarget': 0.005})
