0 10
(4_w,8)-aCMA-ES (mu_w=2.6,w_1=52%) in dimension 4 (seed=766052, Mon Jun 14 11:03:48 2021)
circuitVTD.py:339: DeprecationWarning: The QuantumCircuit.__add__() method is being deprecated.Use the compose() method which is more flexible w.r.t circuit register compatibility.
  TrotterFixStepList.append(TrotterFixStepList[-1] + U_trot)
/home/nfb1/.local/lib/python3.7/site-packages/qiskit/circuit/quantumcircuit.py:869: DeprecationWarning: The QuantumCircuit.combine() method is being deprecated. Use the compose() method which is more flexible w.r.t circuit register compatibility.
  return self.combine(rhs)
Iterat #Fevals   function value  axis ratio  sigma  min&max std  t[m:s]
    1      8 2.685546875000003e-01 1.0e+00 1.65e+00  2e+00  2e+00 0:06.0
    2     16 1.865234375000011e-01 1.3e+00 1.85e+00  2e+00  2e+00 0:12.4
    3     24 1.010742187500000e-01 1.7e+00 1.89e+00  2e+00  2e+00 0:18.6
    4     32 1.459960937500008e-01 1.7e+00 1.71e+00  1e+00  2e+00 0:24.7
    5     40 6.787109374999989e-02 1.7e+00 1.40e+00  1e+00  2e+00 0:30.7
    6     48 1.328125000000008e-01 1.9e+00 1.22e+00  1e+00  1e+00 0:36.9
    7     56 1.938476562500003e-01 2.4e+00 9.49e-01  7e-01  1e+00 0:43.2
    9     72 6.201171875000067e-02 2.9e+00 8.05e-01  6e-01  8e-01 0:55.6
   10     80 -4.443359374999933e-02 3.3e+00 7.11e-01  5e-01  8e-01 1:01.7
termination on ftarget=1e-11
final/bestever f-value = -4.443359e-02 -4.443359e-02
incumbent solution: [1.8323360953862136, 7.905404787359528, 6.307837659107522, 1.011598845628625]
std deviation: [0.49046181286133816, 0.7543407094083235, 0.5140890685164381, 0.6786566032323468]
CMAEvolutionStrategyResult(xbest=array([1.86284663, 8.19432079, 6.08184834, 0.81740904]), fbest=-0.044433593749999334, evals_best=76, evaluations=80, iterations=10, xfavorite=array([1.8323361 , 7.90540479, 6.30783766, 1.01159885]), stds=array([0.49046181, 0.75434071, 0.51408907, 0.6786566 ]), stop={'ftarget': 1e-11})
1 10
(4_w,8)-aCMA-ES (mu_w=2.6,w_1=52%) in dimension 4 (seed=725964, Mon Jun 14 11:04:50 2021)
Iterat #Fevals   function value  axis ratio  sigma  min&max std  t[m:s]
    1      8 4.296874999999999e-01 1.0e+00 1.48e+00  1e+00  1e+00 0:07.3
    2     16 9.228515625000022e-02 1.3e+00 1.48e+00  1e+00  1e+00 0:14.6
    3     24 1.499023437500007e-01 1.5e+00 1.44e+00  1e+00  1e+00 0:21.8
    4     32 8.496093749999978e-02 1.5e+00 1.39e+00  1e+00  1e+00 0:29.0
    5     40 3.735351562500002e-01 1.7e+00 1.17e+00  9e-01  1e+00 0:36.3
    6     48 1.943359375000001e-01 1.4e+00 1.10e+00  8e-01  1e+00 0:43.6
    7     56 1.220703125000006e-01 1.6e+00 9.71e-01  7e-01  9e-01 0:51.1
    8     64 8.496093750000044e-02 1.6e+00 8.59e-01  6e-01  7e-01 0:58.1
    9     72 1.040039062500007e-01 1.5e+00 7.57e-01  6e-01  6e-01 1:06.3
   11     88 6.152343750000022e-02 2.1e+00 6.14e-01  4e-01  5e-01 1:21.2
   13    104 -5.273437499999978e-02 3.0e+00 5.71e-01  3e-01  5e-01 1:35.8
termination on ftarget=1e-11
final/bestever f-value = -5.273437e-02 -5.273437e-02
incumbent solution: [8.147864485418008, 2.0160522580407356, 1.911825103821733, 2.0370026334984614]
std deviation: [0.2974799869790386, 0.4978767376224685, 0.48099554005043665, 0.46947912615105525]
CMAEvolutionStrategyResult(xbest=array([8.15065347, 2.42122431, 1.51313018, 2.23376991]), fbest=-0.05273437499999978, evals_best=100, evaluations=104, iterations=13, xfavorite=array([8.14786449, 2.01605226, 1.9118251 , 2.03700263]), stds=array([0.29747999, 0.49787674, 0.48099554, 0.46947913]), stop={'ftarget': 1e-11})
2 10
(4_w,8)-aCMA-ES (mu_w=2.6,w_1=52%) in dimension 4 (seed=745871, Mon Jun 14 11:06:26 2021)
Iterat #Fevals   function value  axis ratio  sigma  min&max std  t[m:s]
    1      8 3.876953125000006e-01 1.0e+00 1.49e+00  1e+00  2e+00 0:07.8
    2     16 2.006835937500002e-01 1.3e+00 1.37e+00  1e+00  1e+00 0:15.4
    3     24 5.551757812500000e-01 1.3e+00 1.28e+00  1e+00  1e+00 0:22.9
    4     32 3.364257812500003e-01 1.5e+00 1.39e+00  1e+00  1e+00 0:30.6
    5     40 2.397460937500003e-01 1.6e+00 1.42e+00  1e+00  1e+00 0:37.8
    6     48 3.471679687500002e-01 1.8e+00 1.50e+00  1e+00  2e+00 0:45.2
    7     56 2.236328125000007e-01 2.0e+00 1.73e+00  1e+00  2e+00 0:52.9
    8     64 2.939453125000003e-01 2.1e+00 1.52e+00  1e+00  2e+00 1:00.0
   10     80 1.596679687499996e-01 3.1e+00 1.40e+00  9e-01  2e+00 1:15.0
   12     96 2.387695312500000e-01 3.9e+00 1.25e+00  7e-01  2e+00 1:30.4
   14    112 9.130859375000000e-02 4.0e+00 1.06e+00  6e-01  2e+00 1:45.4
   16    128 2.685546875000000e-02 4.6e+00 8.29e-01  4e-01  1e+00 2:00.0
   18    144 6.103515624999989e-02 3.8e+00 5.74e-01  3e-01  5e-01 2:15.1
   20    160 4.248046875000011e-02 3.9e+00 4.81e-01  2e-01  4e-01 2:29.6
   22    176 1.416015624999967e-02 3.4e+00 4.88e-01  2e-01  4e-01 2:44.7
   25    200 -5.371093749999778e-03 3.1e+00 4.74e-01  2e-01  4e-01 3:06.9
termination on ftarget=1e-11
final/bestever f-value = -5.371094e-03 -5.371094e-03
incumbent solution: [-4.7430361299596795, 5.409905676643381, 6.19712838325325, 10.10849109837746]
std deviation: [0.3630348678624887, 0.22677257779616347, 0.17556241111147786, 0.2450060071719955]
CMAEvolutionStrategyResult(xbest=array([-4.94167744,  5.36995978,  6.23390949, 10.14380833]), fbest=-0.005371093749999778, evals_best=194, evaluations=200, iterations=25, xfavorite=array([-4.74303613,  5.40990568,  6.19712838, 10.1084911 ]), stds=array([0.36303487, 0.22677258, 0.17556241, 0.24500601]), stop={'ftarget': 1e-11})
3 10
(4_w,8)-aCMA-ES (mu_w=2.6,w_1=52%) in dimension 4 (seed=808302, Mon Jun 14 11:09:32 2021)
Iterat #Fevals   function value  axis ratio  sigma  min&max std  t[m:s]
    1      8 5.566406250000000e-01 1.0e+00 1.44e+00  1e+00  1e+00 0:07.4
    2     16 2.841796875000000e-01 1.2e+00 1.35e+00  1e+00  1e+00 0:15.1
    3     24 1.054687500000000e-01 1.4e+00 1.35e+00  1e+00  1e+00 0:22.5
    4     32 1.845703125000003e-01 1.6e+00 1.74e+00  2e+00  2e+00 0:29.9
    5     40 5.200195312500003e-01 1.6e+00 1.93e+00  2e+00  2e+00 0:37.5
    6     48 2.685546874999997e-01 1.6e+00 1.78e+00  1e+00  2e+00 0:44.8
    7     56 5.805664062500002e-01 1.7e+00 1.56e+00  1e+00  2e+00 0:52.0
    8     64 1.464843750000000e-03 1.8e+00 1.43e+00  1e+00  1e+00 0:59.3
   10     80 1.582031250000008e-01 2.0e+00 1.17e+00  9e-01  1e+00 1:13.7
   12     96 6.738281249999989e-02 2.4e+00 9.94e-01  7e-01  9e-01 1:28.5
   13    104 -6.835937500000444e-03 1.9e+00 8.72e-01  6e-01  7e-01 1:36.0
termination on ftarget=1e-11
final/bestever f-value = -6.835938e-03 -6.835938e-03
incumbent solution: [4.312108735940905, 5.033185414950632, 4.732765639332587, 6.329223745178288]
std deviation: [0.5534218919713294, 0.5892787025132945, 0.6481982449423758, 0.7427245485481476]
CMAEvolutionStrategyResult(xbest=array([4.19184674, 5.07072161, 4.6168787 , 6.13196068]), fbest=-0.006835937500000444, evals_best=100, evaluations=104, iterations=13, xfavorite=array([4.31210874, 5.03318541, 4.73276564, 6.32922375]), stds=array([0.55342189, 0.5892787 , 0.64819824, 0.74272455]), stop={'ftarget': 1e-11})
4 10
(4_w,8)-aCMA-ES (mu_w=2.6,w_1=52%) in dimension 4 (seed=839203, Mon Jun 14 11:11:08 2021)
Iterat #Fevals   function value  axis ratio  sigma  min&max std  t[m:s]
    1      8 4.594726562500002e-01 1.0e+00 1.36e+00  1e+00  1e+00 0:07.8
    2     16 4.116210937500003e-01 1.3e+00 1.56e+00  1e+00  2e+00 0:15.0
    3     24 5.849609375000003e-01 1.6e+00 1.72e+00  2e+00  2e+00 0:22.6
    4     32 4.208984375000010e-01 1.7e+00 1.73e+00  2e+00  2e+00 0:30.0
    5     40 5.229492187500004e-01 2.1e+00 1.50e+00  1e+00  2e+00 0:37.8
    6     48 3.554687500000007e-01 2.1e+00 1.30e+00  1e+00  1e+00 0:45.4
    7     56 2.114257812500009e-01 2.2e+00 1.25e+00  1e+00  1e+00 0:52.8
    8     64 1.328124999999998e-01 2.2e+00 1.19e+00  1e+00  1e+00 1:00.3
   10     80 1.318359375000001e-01 2.3e+00 1.04e+00  8e-01  1e+00 1:15.4
   12     96 1.616210937500007e-01 2.6e+00 8.40e-01  5e-01  9e-01 1:30.2
   14    112 3.222656250000022e-02 2.7e+00 6.49e-01  4e-01  6e-01 1:45.4
   16    128 -3.173828124999978e-02 2.4e+00 5.56e-01  3e-01  5e-01 2:00.4
termination on ftarget=1e-11
final/bestever f-value = -3.173828e-02 -3.173828e-02
incumbent solution: [3.2583399395598023, 1.7902456123390569, 3.8342161273362705, -1.193333419845569]
std deviation: [0.3903629448398096, 0.3788376710707674, 0.32371635586155856, 0.45421940537149963]
CMAEvolutionStrategyResult(xbest=array([ 3.09387039,  1.75885826,  4.10702414, -1.42067931]), fbest=-0.03173828124999978, evals_best=128, evaluations=128, iterations=16, xfavorite=array([ 3.25833994,  1.79024561,  3.83421613, -1.19333342]), stds=array([0.39036294, 0.37883767, 0.32371636, 0.45421941]), stop={'ftarget': 1e-11})
5 10
(4_w,8)-aCMA-ES (mu_w=2.6,w_1=52%) in dimension 4 (seed=761269, Mon Jun 14 11:13:09 2021)
Iterat #Fevals   function value  axis ratio  sigma  min&max std  t[m:s]
    1      8 4.360351562499999e-01 1.0e+00 1.50e+00  1e+00  2e+00 0:07.6
    2     16 1.323242187500000e-01 1.2e+00 1.50e+00  1e+00  2e+00 0:14.8
    3     24 1.650390625000008e-01 1.2e+00 1.33e+00  1e+00  1e+00 0:22.3
    4     32 2.221679687500003e-01 1.3e+00 1.08e+00  9e-01  1e+00 0:29.6
    5     40 1.948242187500000e-01 1.4e+00 1.06e+00  9e-01  1e+00 0:36.8
    6     48 1.459960937500006e-01 1.5e+00 9.25e-01  7e-01  9e-01 0:44.2
    7     56 5.371093750000888e-03 1.6e+00 8.34e-01  6e-01  8e-01 0:51.5
    8     64 1.357421875000001e-01 1.7e+00 7.73e-01  5e-01  8e-01 0:58.6
   10     80 9.667968750000011e-02 2.1e+00 7.55e-01  5e-01  7e-01 1:13.8
   11     88 -2.099609375000022e-02 2.0e+00 6.70e-01  4e-01  6e-01 1:21.4
termination on ftarget=1e-11
final/bestever f-value = -2.099609e-02 -2.099609e-02
incumbent solution: [1.3280016532183418, 2.4423427572343828, 7.15218788534661, 2.789757500532445]
std deviation: [0.4218212064529413, 0.512905616549567, 0.41813767757316034, 0.6051277408607889]
CMAEvolutionStrategyResult(xbest=array([1.30410705, 2.57794075, 7.21130781, 2.62858579]), fbest=-0.020996093750000222, evals_best=88, evaluations=88, iterations=11, xfavorite=array([1.32800165, 2.44234276, 7.15218789, 2.7897575 ]), stds=array([0.42182121, 0.51290562, 0.41813768, 0.60512774]), stop={'ftarget': 1e-11})
6 10
(4_w,8)-aCMA-ES (mu_w=2.6,w_1=52%) in dimension 4 (seed=816747, Mon Jun 14 11:14:30 2021)
Iterat #Fevals   function value  axis ratio  sigma  min&max std  t[m:s]
    1      8 6.005859375000001e-01 1.0e+00 1.83e+00  2e+00  2e+00 0:07.5
    2     16 3.085937500000007e-01 1.5e+00 2.17e+00  2e+00  3e+00 0:14.9
    3     24 2.905273437500004e-01 1.8e+00 2.81e+00  2e+00  4e+00 0:22.2
    4     32 3.754882812500001e-01 2.2e+00 2.41e+00  2e+00  4e+00 0:29.5
    5     40 3.588867187499999e-01 2.6e+00 2.11e+00  2e+00  4e+00 0:36.7
    6     48 1.616210937500001e-01 2.8e+00 2.12e+00  2e+00  4e+00 0:44.1
    7     56 4.067382812500002e-01 3.3e+00 2.11e+00  2e+00  4e+00 0:51.5
    8     64 2.109374999999998e-01 3.9e+00 2.71e+00  3e+00  8e+00 0:59.0
   10     80 3.051757812500004e-01 5.6e+00 2.04e+00  2e+00  5e+00 1:13.9
   12     96 8.056640625000022e-02 6.1e+00 1.76e+00  1e+00  4e+00 1:28.3
   14    112 2.978515625000006e-01 5.7e+00 1.66e+00  1e+00  4e+00 1:43.7
   16    128 1.230468750000001e-01 5.8e+00 1.23e+00  1e+00  3e+00 1:58.5
   18    144 2.407226562500002e-01 5.8e+00 9.45e-01  6e-01  2e+00 2:13.6
   20    160 1.123046875000022e-02 4.8e+00 8.04e-01  5e-01  1e+00 2:28.6
   21    168 -5.224609375000000e-02 4.8e+00 8.45e-01  4e-01  1e+00 2:35.8
termination on ftarget=1e-11
final/bestever f-value = -5.224609e-02 -5.224609e-02
incumbent solution: [3.835143789736143, 8.26688997329854, 8.940761910332514, 0.7360744042949359]
std deviation: [0.44907833807472924, 0.547001248679135, 1.2300250276830829, 0.6136123560962213]
CMAEvolutionStrategyResult(xbest=array([3.66660364, 8.11787131, 8.94790456, 0.71677433]), fbest=-0.05224609375, evals_best=164, evaluations=168, iterations=21, xfavorite=array([3.83514379, 8.26688997, 8.94076191, 0.7360744 ]), stds=array([0.44907834, 0.54700125, 1.23002503, 0.61361236]), stop={'ftarget': 1e-11})
7 10
(4_w,8)-aCMA-ES (mu_w=2.6,w_1=52%) in dimension 4 (seed=771410, Mon Jun 14 11:17:06 2021)
Iterat #Fevals   function value  axis ratio  sigma  min&max std  t[m:s]
    1      8 1.152343750000002e-01 1.0e+00 1.39e+00  1e+00  1e+00 0:07.6
    2     16 2.968750000000006e-01 1.2e+00 1.25e+00  1e+00  1e+00 0:15.1
    3     24 2.543945312500004e-01 1.3e+00 1.36e+00  1e+00  1e+00 0:22.5
    4     32 5.126953125000067e-02 1.5e+00 1.45e+00  1e+00  2e+00 0:29.9
    5     40 2.490234375000000e-01 1.6e+00 1.17e+00  9e-01  1e+00 0:37.0
    6     48 4.736328124999911e-02 1.8e+00 1.32e+00  1e+00  2e+00 0:44.7
    7     56 1.552734375000000e-01 2.6e+00 1.32e+00  8e-01  2e+00 0:52.0
    8     64 4.736328125000022e-02 3.0e+00 1.36e+00  8e-01  2e+00 1:00.0
   10     80 1.904296875000002e-01 3.0e+00 1.08e+00  6e-01  1e+00 1:14.8
   12     96 7.910156250000022e-02 2.8e+00 1.10e+00  6e-01  1e+00 1:29.3
   14    112 1.259765625000002e-01 3.3e+00 1.07e+00  5e-01  1e+00 1:43.7
   16    128 4.882812499999112e-03 4.0e+00 7.83e-01  4e-01  9e-01 1:58.9
   18    144 1.171874999999978e-02 3.8e+00 8.35e-01  4e-01  9e-01 2:13.6
   20    160 -1.904296874999978e-02 4.0e+00 6.50e-01  3e-01  7e-01 2:28.9
termination on ftarget=1e-11
final/bestever f-value = -1.904297e-02 -1.904297e-02
incumbent solution: [-0.01938361798812477, -0.4591139188976497, 2.2486752706024955, 4.059235370864488]
std deviation: [0.696797231226526, 0.47540836265305014, 0.28803828649011015, 0.4184246730017995]
CMAEvolutionStrategyResult(xbest=array([ 0.45081402, -0.6151577 ,  2.41000697,  4.05258107]), fbest=-0.019042968749999778, evals_best=160, evaluations=160, iterations=20, xfavorite=array([-0.01938362, -0.45911392,  2.24867527,  4.05923537]), stds=array([0.69679723, 0.47540836, 0.28803829, 0.41842467]), stop={'ftarget': 1e-11})
8 10
(4_w,8)-aCMA-ES (mu_w=2.6,w_1=52%) in dimension 4 (seed=798871, Mon Jun 14 11:19:35 2021)
Iterat #Fevals   function value  axis ratio  sigma  min&max std  t[m:s]
    1      8 5.791015624999998e-01 1.0e+00 1.53e+00  1e+00  2e+00 0:07.2
    2     16 5.371093750000033e-02 1.4e+00 1.33e+00  1e+00  2e+00 0:14.7
    3     24 2.050781249999998e-01 1.5e+00 1.52e+00  1e+00  2e+00 0:22.3
    4     32 3.100585937500003e-01 2.2e+00 1.55e+00  1e+00  2e+00 0:30.0
    5     40 1.113281249999997e-01 2.1e+00 1.43e+00  1e+00  2e+00 0:37.4
    6     48 1.962890624999998e-01 1.9e+00 1.18e+00  9e-01  1e+00 0:44.8
    7     56 1.069335937500003e-01 1.9e+00 9.66e-01  7e-01  1e+00 0:52.2
    8     64 3.515625000000011e-02 2.0e+00 9.39e-01  6e-01  9e-01 0:59.5
   10     80 3.173828125000000e-02 2.1e+00 8.62e-01  5e-01  9e-01 1:14.8
   12     96 7.910156249999989e-02 1.9e+00 6.21e-01  4e-01  6e-01 1:29.3
   14    112 8.642578125000089e-02 1.8e+00 5.87e-01  3e-01  5e-01 1:44.4
   15    120 -1.074218749999956e-02 1.9e+00 6.01e-01  4e-01  5e-01 1:53.7
termination on ftarget=1e-11
final/bestever f-value = -1.074219e-02 -1.074219e-02
incumbent solution: [6.04426806757011, 6.413904332339234, 5.198382232714799, 3.3655110125019476]
std deviation: [0.4745586592123786, 0.4220483408031248, 0.4223657565561116, 0.35778380185557757]
CMAEvolutionStrategyResult(xbest=array([6.22183197, 6.32072139, 5.1650402 , 3.54944892]), fbest=-0.010742187499999556, evals_best=114, evaluations=120, iterations=15, xfavorite=array([6.04426807, 6.41390433, 5.19838223, 3.36551101]), stds=array([0.47455866, 0.42204834, 0.42236576, 0.3577838 ]), stop={'ftarget': 1e-11})
9 10
(4_w,8)-aCMA-ES (mu_w=2.6,w_1=52%) in dimension 4 (seed=792588, Mon Jun 14 11:21:29 2021)
Iterat #Fevals   function value  axis ratio  sigma  min&max std  t[m:s]
    1      8 2.934570312500007e-01 1.0e+00 1.61e+00  2e+00  2e+00 0:07.2
    2     16 4.404296875000003e-01 1.3e+00 1.68e+00  2e+00  2e+00 0:14.4
    3     24 4.155273437500002e-01 1.5e+00 1.96e+00  2e+00  2e+00 0:21.8
    4     32 4.570312500000002e-01 1.9e+00 2.04e+00  2e+00  3e+00 0:29.4
    5     40 6.127929687500000e-01 2.0e+00 2.06e+00  2e+00  3e+00 0:37.3
    6     48 5.058593750000004e-01 1.8e+00 2.00e+00  2e+00  3e+00 0:44.6
    7     56 3.530273437500008e-01 1.9e+00 2.01e+00  2e+00  3e+00 0:52.5
    8     64 5.034179687500007e-01 2.2e+00 1.80e+00  1e+00  2e+00 0:59.9
   10     80 3.100585937500010e-01 2.5e+00 1.63e+00  1e+00  2e+00 1:14.8
   12     96 3.466796875000002e-01 2.8e+00 1.51e+00  1e+00  2e+00 1:29.8
   14    112 2.124023437500007e-01 3.8e+00 1.87e+00  1e+00  3e+00 1:44.9
   16    128 2.329101562500003e-01 4.0e+00 1.63e+00  9e-01  3e+00 1:59.6
   18    144 7.519531249999978e-02 4.4e+00 1.46e+00  8e-01  3e+00 2:14.6
   20    160 9.082031250000089e-02 4.6e+00 1.70e+00  9e-01  3e+00 2:29.5
   22    176 2.944335937500004e-01 4.7e+00 1.36e+00  7e-01  2e+00 2:44.6
   25    200 4.072265625000004e-01 5.3e+00 1.33e+00  6e-01  2e+00 3:06.8
   28    224 1.015625000000001e-01 4.1e+00 8.07e-01  4e-01  9e-01 3:28.6
   29    232 -2.343749999999978e-02 3.7e+00 7.62e-01  4e-01  8e-01 3:36.0
termination on ftarget=1e-11
final/bestever f-value = -2.343750e-02 -2.343750e-02
incumbent solution: [6.632352730675731, 12.273014107549976, 1.4999585004501867, -0.6186243335713305]
std deviation: [0.37046277824846907, 0.4414026299703895, 0.5121202667712195, 0.7755826583277743]
CMAEvolutionStrategyResult(xbest=array([ 6.56225813, 12.37067953,  1.41426491, -0.99897932]), fbest=-0.023437499999999778, evals_best=225, evaluations=232, iterations=29, xfavorite=array([ 6.63235273, 12.27301411,  1.4999585 , -0.61862433]), stds=array([0.37046278, 0.44140263, 0.51212027, 0.77558266]), stop={'ftarget': 1e-11})
