0 10
(4_w,8)-aCMA-ES (mu_w=2.6,w_1=52%) in dimension 4 (seed=781946, Mon Jun 14 11:04:10 2021)
circuitVTD.py:339: DeprecationWarning: The QuantumCircuit.__add__() method is being deprecated.Use the compose() method which is more flexible w.r.t circuit register compatibility.
  TrotterFixStepList.append(TrotterFixStepList[-1] + U_trot)
/home/nfb1/.local/lib/python3.7/site-packages/qiskit/circuit/quantumcircuit.py:869: DeprecationWarning: The QuantumCircuit.combine() method is being deprecated. Use the compose() method which is more flexible w.r.t circuit register compatibility.
  return self.combine(rhs)
Iterat #Fevals   function value  axis ratio  sigma  min&max std  t[m:s]
    1      8 3.768310546875000e-01 1.0e+00 1.62e+00  2e+00  2e+00 0:06.7
    2     16 3.304443359375009e-01 1.4e+00 1.31e+00  1e+00  1e+00 0:13.4
    3     24 1.723632812500001e-01 1.4e+00 1.28e+00  1e+00  1e+00 0:20.1
    4     32 3.679199218750004e-01 1.7e+00 1.16e+00  1e+00  1e+00 0:26.7
    5     40 1.412353515625006e-01 1.7e+00 1.02e+00  8e-01  1e+00 0:33.7
    6     48 9.155273437500033e-02 1.8e+00 9.77e-01  8e-01  9e-01 0:40.5
    7     56 3.308105468750044e-02 2.4e+00 8.42e-01  7e-01  8e-01 0:47.5
    9     72 9.802246093750078e-02 2.5e+00 6.79e-01  5e-01  6e-01 1:01.0
   11     88 1.707763671875007e-01 2.6e+00 6.66e-01  4e-01  6e-01 1:14.6
   12     96 -2.185058593749933e-02 2.9e+00 6.24e-01  4e-01  6e-01 1:21.4
termination on ftarget=1e-11
final/bestever f-value = -2.185059e-02 -2.185059e-02
incumbent solution: [1.9210120923233232, 3.5601573937498032, 4.288263916255053, 2.653959616408556]
std deviation: [0.38262862867069236, 0.6098157664443818, 0.6164059516001598, 0.46035451452590376]
CMAEvolutionStrategyResult(xbest=array([1.77965687, 3.92201787, 3.75022571, 2.39250925]), fbest=-0.021850585937499334, evals_best=95, evaluations=96, iterations=12, xfavorite=array([1.92101209, 3.56015739, 4.28826392, 2.65395962]), stds=array([0.38262863, 0.60981577, 0.61640595, 0.46035451]), stop={'ftarget': 1e-11})
1 10
(4_w,8)-aCMA-ES (mu_w=2.6,w_1=52%) in dimension 4 (seed=755026, Mon Jun 14 11:05:31 2021)
Iterat #Fevals   function value  axis ratio  sigma  min&max std  t[m:s]
    1      8 2.711181640624999e-01 1.0e+00 1.79e+00  2e+00  2e+00 0:08.0
    2     16 1.236572265625013e-01 1.6e+00 1.59e+00  1e+00  2e+00 0:15.9
    3     24 4.589843749999989e-02 1.6e+00 1.64e+00  2e+00  2e+00 0:23.7
    4     32 1.312255859375002e-01 1.7e+00 1.68e+00  1e+00  2e+00 0:32.0
    5     40 2.141113281250002e-01 2.0e+00 1.87e+00  2e+00  2e+00 0:40.1
    6     48 7.031250000000056e-02 2.0e+00 1.61e+00  1e+00  2e+00 0:48.3
    7     56 1.440429687499998e-01 2.4e+00 1.33e+00  1e+00  2e+00 0:56.6
    8     64 1.215820312500002e-01 2.8e+00 1.20e+00  9e-01  2e+00 1:05.3
    9     72 1.398925781250002e-01 3.1e+00 1.15e+00  8e-01  2e+00 1:13.7
   11     88 8.374023437500022e-02 3.1e+00 1.11e+00  8e-01  1e+00 1:30.3
   13    104 -4.028320312499778e-03 3.3e+00 9.87e-01  6e-01  1e+00 1:46.5
termination on ftarget=1e-11
final/bestever f-value = -4.028320e-03 -4.028320e-03
incumbent solution: [1.2261108270219654, 1.8712623843030496, 8.469912579879441, 6.1099642984644165]
std deviation: [0.958348396293984, 0.6426920816732351, 0.8095469855009574, 1.0851807043336636]
CMAEvolutionStrategyResult(xbest=array([1.01295611, 1.95821534, 8.50459667, 6.19798585]), fbest=-0.004028320312499778, evals_best=102, evaluations=104, iterations=13, xfavorite=array([1.22611083, 1.87126238, 8.46991258, 6.1099643 ]), stds=array([0.9583484 , 0.64269208, 0.80954699, 1.0851807 ]), stop={'ftarget': 1e-11})
2 10
(4_w,8)-aCMA-ES (mu_w=2.6,w_1=52%) in dimension 4 (seed=712481, Mon Jun 14 11:07:18 2021)
Iterat #Fevals   function value  axis ratio  sigma  min&max std  t[m:s]
    1      8 2.492675781250009e-01 1.0e+00 1.46e+00  1e+00  2e+00 0:08.0
    2     16 5.404052734375001e-01 1.3e+00 1.53e+00  1e+00  2e+00 0:16.2
    3     24 3.994140625000001e-01 1.7e+00 1.50e+00  1e+00  2e+00 0:24.4
    4     32 1.628417968750001e-01 1.6e+00 1.48e+00  1e+00  1e+00 0:32.7
    5     40 6.677246093749989e-02 1.7e+00 1.23e+00  1e+00  1e+00 0:41.3
    6     48 -2.001953125000022e-02 1.8e+00 9.97e-01  7e-01  9e-01 0:49.7
termination on ftarget=1e-11
final/bestever f-value = -2.001953e-02 -2.001953e-02
incumbent solution: [4.183747567499979, 1.5523606897043976, 4.463946345213989, 7.546846608568197]
std deviation: [0.8996116136780681, 0.9177986015323358, 0.8640331709485928, 0.7464461653859519]
CMAEvolutionStrategyResult(xbest=array([4.26672049, 1.48915198, 4.23824761, 7.65564337]), fbest=-0.020019531250000222, evals_best=44, evaluations=48, iterations=6, xfavorite=array([4.18374757, 1.55236069, 4.46394635, 7.54684661]), stds=array([0.89961161, 0.9177986 , 0.86403317, 0.74644617]), stop={'ftarget': 1e-11})
3 10
(4_w,8)-aCMA-ES (mu_w=2.6,w_1=52%) in dimension 4 (seed=869887, Mon Jun 14 11:08:07 2021)
Iterat #Fevals   function value  axis ratio  sigma  min&max std  t[m:s]
    1      8 7.239990234375004e-01 1.0e+00 1.36e+00  1e+00  1e+00 0:08.0
    2     16 1.385498046875009e-01 1.2e+00 1.28e+00  1e+00  1e+00 0:16.1
    3     24 1.250000000000001e-01 1.3e+00 1.32e+00  1e+00  2e+00 0:24.4
    4     32 1.119384765625004e-01 1.7e+00 1.05e+00  7e-01  1e+00 0:32.5
    5     40 1.595458984375004e-01 2.0e+00 8.86e-01  6e-01  1e+00 0:40.8
    6     48 1.354980468749994e-01 2.2e+00 7.41e-01  5e-01  8e-01 0:49.1
    7     56 2.161865234375000e-01 2.2e+00 7.16e-01  5e-01  7e-01 0:57.1
    8     64 1.759033203125004e-01 2.2e+00 6.24e-01  4e-01  6e-01 1:05.1
    9     72 2.465820312500022e-02 2.3e+00 5.91e-01  4e-01  6e-01 1:13.4
   11     88 1.021728515625009e-01 2.6e+00 4.67e-01  3e-01  5e-01 1:30.1
   12     96 -2.441406250004441e-04 2.7e+00 4.40e-01  3e-01  5e-01 1:38.2
termination on ftarget=1e-11
final/bestever f-value = -2.441406e-04 -2.441406e-04
incumbent solution: [3.8891383914892286, 1.5920772810655748, 1.877203119520385, 3.3007622786545148]
std deviation: [0.2775306498908788, 0.3796387678347567, 0.4674591890632763, 0.2512582734437363]
CMAEvolutionStrategyResult(xbest=array([3.65046249, 1.94912041, 1.61088676, 3.43415208]), fbest=-0.0002441406250004441, evals_best=90, evaluations=96, iterations=12, xfavorite=array([3.88913839, 1.59207728, 1.87720312, 3.30076228]), stds=array([0.27753065, 0.37963877, 0.46745919, 0.25125827]), stop={'ftarget': 1e-11})
4 10
(4_w,8)-aCMA-ES (mu_w=2.6,w_1=52%) in dimension 4 (seed=763305, Mon Jun 14 11:09:46 2021)
Iterat #Fevals   function value  axis ratio  sigma  min&max std  t[m:s]
    1      8 6.223144531250002e-01 1.0e+00 1.72e+00  2e+00  2e+00 0:08.5
    2     16 2.427978515625002e-01 1.4e+00 1.62e+00  1e+00  2e+00 0:16.6
    3     24 6.440429687500001e-01 1.5e+00 1.48e+00  1e+00  2e+00 0:25.0
    4     32 4.715576171875001e-01 1.8e+00 1.35e+00  1e+00  1e+00 0:33.3
    5     40 3.620605468750004e-01 1.8e+00 1.34e+00  1e+00  1e+00 0:41.6
    6     48 2.153320312500000e-01 2.0e+00 1.53e+00  1e+00  2e+00 0:49.9
    7     56 8.374023437500022e-02 2.1e+00 1.59e+00  1e+00  2e+00 0:58.1
    8     64 1.805419921875008e-01 2.1e+00 1.65e+00  1e+00  2e+00 1:06.3
    9     72 1.943359375000008e-01 2.3e+00 1.39e+00  1e+00  1e+00 1:14.7
   11     88 1.198730468749998e-01 2.4e+00 1.63e+00  1e+00  2e+00 1:31.4
   13    104 1.083984375000009e-01 2.3e+00 1.15e+00  7e-01  1e+00 1:48.3
   15    120 7.519531250000044e-02 2.4e+00 8.89e-01  5e-01  9e-01 2:04.7
   17    136 1.645507812499999e-01 3.0e+00 7.87e-01  4e-01  8e-01 2:20.9
   19    152 6.140136718749978e-02 3.1e+00 7.96e-01  4e-01  9e-01 2:37.8
   21    168 -1.208496093749956e-02 3.8e+00 5.70e-01  2e-01  6e-01 2:54.2
termination on ftarget=1e-11
final/bestever f-value = -1.208496e-02 -1.208496e-02
incumbent solution: [9.348762526099925, 5.494260373316585, 6.116764092581532, 4.262533948632082]
std deviation: [0.5847706823448244, 0.3148893143837766, 0.3680596457359184, 0.23970322305219496]
CMAEvolutionStrategyResult(xbest=array([9.10941894, 5.8317381 , 5.78045192, 4.27602947]), fbest=-0.012084960937499556, evals_best=163, evaluations=168, iterations=21, xfavorite=array([9.34876253, 5.49426037, 6.11676409, 4.26253395]), stds=array([0.58477068, 0.31488931, 0.36805965, 0.23970322]), stop={'ftarget': 1e-11})
5 10
(4_w,8)-aCMA-ES (mu_w=2.6,w_1=52%) in dimension 4 (seed=801206, Mon Jun 14 11:12:40 2021)
Iterat #Fevals   function value  axis ratio  sigma  min&max std  t[m:s]
    1      8 1.717529296875008e-01 1.0e+00 1.82e+00  2e+00  2e+00 0:08.1
    2     16 1.259765625000000e-01 1.5e+00 1.64e+00  2e+00  2e+00 0:16.1
    3     24 4.455566406250056e-02 1.4e+00 1.47e+00  1e+00  2e+00 0:24.2
    4     32 3.782958984375003e-01 1.7e+00 1.62e+00  1e+00  2e+00 0:32.5
    5     40 2.368164062500001e-01 1.8e+00 1.62e+00  1e+00  2e+00 0:40.5
    6     48 1.035156249999997e-01 2.2e+00 1.49e+00  1e+00  2e+00 0:48.5
    7     56 1.467285156250004e-01 2.3e+00 1.48e+00  1e+00  2e+00 0:56.9
    8     64 2.519531250000001e-01 2.6e+00 1.27e+00  1e+00  1e+00 1:05.2
    9     72 5.383300781250067e-02 2.7e+00 1.08e+00  8e-01  1e+00 1:13.5
   11     88 4.504394531250011e-02 3.3e+00 8.32e-01  6e-01  8e-01 1:30.1
   13    104 5.590820312500011e-02 3.4e+00 7.09e-01  5e-01  7e-01 1:46.5
   15    120 8.886718750000011e-02 3.4e+00 5.94e-01  4e-01  5e-01 2:03.1
   17    136 2.136230468750044e-02 3.4e+00 6.24e-01  4e-01  5e-01 2:19.5
   18    144 -2.807617187500000e-03 3.2e+00 5.51e-01  3e-01  5e-01 2:28.0
termination on ftarget=1e-11
final/bestever f-value = -2.807617e-03 -2.807617e-03
incumbent solution: [-0.32459478907390205, -1.4401578038943537, 5.007602513539644, 1.0204939250073528]
std deviation: [0.3214290079575274, 0.38329836673636597, 0.45535101902556063, 0.36332841374069413]
CMAEvolutionStrategyResult(xbest=array([-0.3348741 , -1.6551506 ,  5.1885013 ,  1.33773212]), fbest=-0.0028076171875, evals_best=139, evaluations=144, iterations=18, xfavorite=array([-0.32459479, -1.4401578 ,  5.00760251,  1.02049393]), stds=array([0.32142901, 0.38329837, 0.45535102, 0.36332841]), stop={'ftarget': 1e-11})
6 10
(4_w,8)-aCMA-ES (mu_w=2.6,w_1=52%) in dimension 4 (seed=816197, Mon Jun 14 11:15:08 2021)
Iterat #Fevals   function value  axis ratio  sigma  min&max std  t[m:s]
    1      8 9.631347656250011e-02 1.0e+00 1.68e+00  2e+00  2e+00 0:08.0
    2     16 3.931884765625004e-01 1.5e+00 2.01e+00  2e+00  3e+00 0:16.7
    3     24 4.035644531250001e-01 1.8e+00 2.18e+00  2e+00  3e+00 0:24.9
    4     32 2.991943359375008e-01 1.9e+00 1.91e+00  1e+00  2e+00 0:33.2
    5     40 4.853515625000001e-01 2.2e+00 1.62e+00  1e+00  2e+00 0:41.6
    6     48 5.037841796875002e-01 2.2e+00 1.46e+00  1e+00  2e+00 0:50.0
    7     56 1.580810546874997e-01 2.1e+00 1.59e+00  1e+00  2e+00 0:58.0
    8     64 4.123535156250000e-01 2.5e+00 1.41e+00  9e-01  1e+00 1:06.1
   10     80 1.721191406249978e-02 2.7e+00 1.31e+00  9e-01  1e+00 1:22.7
   12     96 7.812500000000011e-02 2.9e+00 8.14e-01  6e-01  7e-01 1:38.7
   14    112 1.636962890625009e-01 2.7e+00 7.40e-01  5e-01  6e-01 1:54.9
   15    120 -2.197265625000222e-03 2.4e+00 7.60e-01  5e-01  6e-01 2:03.5
termination on ftarget=1e-11
final/bestever f-value = -2.197266e-03 -2.197266e-03
incumbent solution: [5.602656366402407, -2.414694712234077, 7.733105129618956, 3.9647748545392285]
std deviation: [0.5271081288835265, 0.5724108468571815, 0.4661922122909712, 0.5057153517094913]
CMAEvolutionStrategyResult(xbest=array([ 5.47431646, -2.02965399,  7.77544263,  3.56766634]), fbest=-0.002197265625000222, evals_best=114, evaluations=120, iterations=15, xfavorite=array([ 5.60265637, -2.41469471,  7.73310513,  3.96477485]), stds=array([0.52710813, 0.57241085, 0.46619221, 0.50571535]), stop={'ftarget': 1e-11})
7 10
(4_w,8)-aCMA-ES (mu_w=2.6,w_1=52%) in dimension 4 (seed=812625, Mon Jun 14 11:17:11 2021)
Iterat #Fevals   function value  axis ratio  sigma  min&max std  t[m:s]
    1      8 3.137207031250002e-01 1.0e+00 1.48e+00  1e+00  2e+00 0:08.2
    2     16 2.264404296875004e-01 1.3e+00 1.25e+00  1e+00  1e+00 0:17.5
    3     24 2.625732421874999e-01 1.3e+00 1.09e+00  8e-01  1e+00 0:25.8
    4     32 2.636718750000003e-01 1.6e+00 1.01e+00  8e-01  1e+00 0:33.8
    5     40 2.478027343749998e-01 1.8e+00 1.01e+00  8e-01  1e+00 0:41.9
    6     48 3.996582031250006e-01 2.3e+00 9.22e-01  7e-01  1e+00 0:50.2
    7     56 1.846923828125012e-01 2.4e+00 9.47e-01  7e-01  9e-01 0:58.5
    8     64 1.801757812500011e-01 2.1e+00 1.11e+00  8e-01  1e+00 1:07.1
   10     80 2.077636718750004e-01 2.4e+00 9.87e-01  7e-01  1e+00 1:23.7
   12     96 -1.110839843749956e-02 3.1e+00 8.94e-01  5e-01  1e+00 1:40.5
termination on ftarget=1e-11
final/bestever f-value = -1.110840e-02 -1.110840e-02
incumbent solution: [1.7383735659604087, 7.19136557180967, 2.8920447787834607, 1.4339130099909978]
std deviation: [1.1129565312442444, 0.6450222638654146, 0.5492060058225813, 0.5634809975983829]
CMAEvolutionStrategyResult(xbest=array([0.85896218, 7.46117153, 2.71584229, 0.92901792]), fbest=-0.011108398437499556, evals_best=94, evaluations=96, iterations=12, xfavorite=array([1.73837357, 7.19136557, 2.89204478, 1.43391301]), stds=array([1.11295653, 0.64502226, 0.54920601, 0.563481  ]), stop={'ftarget': 1e-11})
8 10
(4_w,8)-aCMA-ES (mu_w=2.6,w_1=52%) in dimension 4 (seed=818024, Mon Jun 14 11:18:52 2021)
Iterat #Fevals   function value  axis ratio  sigma  min&max std  t[m:s]
    1      8 3.928222656250006e-01 1.0e+00 1.72e+00  2e+00  2e+00 0:08.1
    2     16 3.569335937500003e-01 1.5e+00 2.14e+00  2e+00  2e+00 0:16.2
    3     24 3.724365234375007e-01 2.1e+00 2.09e+00  2e+00  2e+00 0:24.2
    4     32 3.300781250000008e-01 2.1e+00 1.87e+00  2e+00  2e+00 0:33.1
    5     40 2.696533203125000e-01 2.6e+00 1.72e+00  2e+00  2e+00 0:41.0
    6     48 3.905029296875003e-01 2.7e+00 1.70e+00  1e+00  2e+00 0:49.3
    7     56 4.193115234375006e-01 2.6e+00 1.56e+00  1e+00  2e+00 0:57.3
    8     64 4.534912109375003e-01 3.1e+00 1.69e+00  2e+00  2e+00 1:07.7
    9     72 3.879394531250008e-01 3.6e+00 1.51e+00  1e+00  2e+00 1:15.7
   11     88 1.760253906250009e-01 3.5e+00 1.12e+00  9e-01  1e+00 1:32.5
   13    104 1.545410156250007e-01 3.6e+00 9.06e-01  7e-01  9e-01 1:48.5
   15    120 1.837158203124998e-01 3.1e+00 7.80e-01  5e-01  7e-01 2:04.9
   17    136 1.140136718750006e-01 3.2e+00 7.59e-01  4e-01  7e-01 2:21.9
   19    152 1.293945312500056e-02 3.3e+00 5.62e-01  3e-01  4e-01 2:37.9
   21    168 5.761718749999967e-02 3.4e+00 4.43e-01  2e-01  3e-01 2:54.5
   23    184 -5.249023437499556e-03 3.2e+00 3.95e-01  2e-01  3e-01 3:10.5
termination on ftarget=1e-11
final/bestever f-value = -5.249023e-03 -5.249023e-03
incumbent solution: [1.5519690790338605, 3.697616920647155, 2.7624552760381125, -1.8107637380590718]
std deviation: [0.21335611502498114, 0.2732344412961163, 0.2573628976890447, 0.1912379520267796]
CMAEvolutionStrategyResult(xbest=array([ 1.4988249 ,  3.51632499,  2.58359675, -1.78520528]), fbest=-0.005249023437499556, evals_best=178, evaluations=184, iterations=23, xfavorite=array([ 1.55196908,  3.69761692,  2.76245528, -1.81076374]), stds=array([0.21335612, 0.27323444, 0.2573629 , 0.19123795]), stop={'ftarget': 1e-11})
9 10
(4_w,8)-aCMA-ES (mu_w=2.6,w_1=52%) in dimension 4 (seed=865684, Mon Jun 14 11:22:02 2021)
Iterat #Fevals   function value  axis ratio  sigma  min&max std  t[m:s]
    1      8 4.741210937500002e-01 1.0e+00 1.92e+00  2e+00  2e+00 0:08.5
    2     16 3.494873046875003e-01 1.5e+00 2.49e+00  2e+00  3e+00 0:16.5
    3     24 2.412109375000002e-01 1.6e+00 2.11e+00  2e+00  3e+00 0:24.6
    4     32 2.495117187500007e-01 2.0e+00 1.85e+00  1e+00  2e+00 0:33.1
    5     40 2.415771484375007e-01 2.0e+00 1.61e+00  1e+00  2e+00 0:41.2
    6     48 2.104492187500003e-01 2.3e+00 1.42e+00  1e+00  2e+00 0:50.0
    7     56 3.956298828125007e-01 2.0e+00 1.41e+00  1e+00  1e+00 0:57.9
    8     64 2.695312500000001e-01 2.1e+00 1.39e+00  9e-01  2e+00 1:06.5
    9     72 2.587890624999998e-01 2.5e+00 1.33e+00  1e+00  2e+00 1:14.6
   11     88 2.847900390625006e-01 2.7e+00 1.10e+00  7e-01  1e+00 1:31.2
   13    104 2.440185546875002e-01 3.0e+00 1.18e+00  7e-01  1e+00 1:47.8
   15    120 2.031250000000004e-01 3.6e+00 1.22e+00  7e-01  1e+00 2:04.3
   17    136 1.177978515625007e-01 4.1e+00 8.69e-01  5e-01  1e+00 2:20.2
   19    152 1.158447265625000e-01 4.1e+00 6.99e-01  3e-01  8e-01 2:36.7
   21    168 -1.037597656250000e-02 4.0e+00 4.53e-01  2e-01  4e-01 2:52.9
termination on ftarget=1e-11
final/bestever f-value = -1.037598e-02 -1.037598e-02
incumbent solution: [9.176198807650202, 5.631677327058773, 3.1885601133261625, -2.4128560367297687]
std deviation: [0.3913736057893849, 0.31113803622551617, 0.2579444746679726, 0.2196064629668285]
CMAEvolutionStrategyResult(xbest=array([ 9.39383476,  5.91436805,  3.18492072, -2.61333212]), fbest=-0.0103759765625, evals_best=162, evaluations=168, iterations=21, xfavorite=array([ 9.17619881,  5.63167733,  3.18856011, -2.41285604]), stds=array([0.39137361, 0.31113804, 0.25794447, 0.21960646]), stop={'ftarget': 1e-11})
