0 10
(4_w,8)-aCMA-ES (mu_w=2.6,w_1=52%) in dimension 4 (seed=827270, Mon Jun 14 11:03:33 2021)
circuitVTD.py:339: DeprecationWarning: The QuantumCircuit.__add__() method is being deprecated.Use the compose() method which is more flexible w.r.t circuit register compatibility.
  TrotterFixStepList.append(TrotterFixStepList[-1] + U_trot)
/home/nfb1/.local/lib/python3.7/site-packages/qiskit/circuit/quantumcircuit.py:869: DeprecationWarning: The QuantumCircuit.combine() method is being deprecated. Use the compose() method which is more flexible w.r.t circuit register compatibility.
  return self.combine(rhs)
Iterat #Fevals   function value  axis ratio  sigma  min&max std  t[m:s]
    1      8 9.765625000000222e-03 1.0e+00 1.61e+00  2e+00  2e+00 0:06.2
    2     16 2.148437500000006e-01 1.5e+00 1.41e+00  1e+00  2e+00 0:12.1
    3     24 3.476562499999999e-01 1.6e+00 1.41e+00  1e+00  1e+00 0:18.1
    4     32 2.167968750000004e-01 1.6e+00 1.33e+00  1e+00  2e+00 0:24.0
    5     40 2.148437500000003e-01 1.7e+00 1.31e+00  1e+00  2e+00 0:29.9
    6     48 1.875000000000008e-01 2.1e+00 1.23e+00  1e+00  1e+00 0:35.7
    8     64 1.816406250000004e-01 2.2e+00 1.27e+00  1e+00  2e+00 0:47.6
   10     80 2.226562500000001e-01 2.5e+00 1.25e+00  1e+00  2e+00 0:60.0
   12     96 9.570312500000078e-02 2.4e+00 1.17e+00  9e-01  1e+00 1:12.1
   14    112 1.113281250000000e-01 2.7e+00 8.89e-01  6e-01  9e-01 1:23.7
   16    128 2.421875000000012e-01 2.5e+00 9.31e-01  6e-01  8e-01 1:35.9
   17    136 -8.984375000000000e-02 2.1e+00 8.52e-01  6e-01  7e-01 1:41.8
termination on ftarget=1e-11
final/bestever f-value = -8.984375e-02 -8.984375e-02
incumbent solution: [4.756587269485416, 2.048603963977817, 3.3686103552871094, -0.3317326791855263]
std deviation: [0.5926813982346766, 0.5683030230534036, 0.594555332692465, 0.7307400950993341]
CMAEvolutionStrategyResult(xbest=array([ 4.57133447,  1.65090366,  3.4823632 , -0.15438616]), fbest=-0.08984375, evals_best=130, evaluations=136, iterations=17, xfavorite=array([ 4.75658727,  2.04860396,  3.36861036, -0.33173268]), stds=array([0.5926814 , 0.56830302, 0.59455533, 0.7307401 ]), stop={'ftarget': 1e-11})
1 10
(4_w,8)-aCMA-ES (mu_w=2.6,w_1=52%) in dimension 4 (seed=808602, Mon Jun 14 11:05:15 2021)
Iterat #Fevals   function value  axis ratio  sigma  min&max std  t[m:s]
    1      8 7.675781250000002e-01 1.0e+00 1.54e+00  1e+00  2e+00 0:07.3
    2     16 3.789062500000003e-01 1.2e+00 1.37e+00  1e+00  1e+00 0:14.5
    3     24 2.421875000000000e-01 1.2e+00 1.11e+00  1e+00  1e+00 0:21.7
    4     32 1.972656250000004e-01 1.4e+00 9.00e-01  8e-01  8e-01 0:28.8
    5     40 3.574218750000001e-01 1.4e+00 9.02e-01  7e-01  9e-01 0:35.9
    6     48 2.558593750000006e-01 1.5e+00 7.45e-01  5e-01  8e-01 0:43.2
    7     56 2.343750000000022e-02 1.8e+00 6.44e-01  4e-01  6e-01 0:50.3
    8     64 1.953125000000011e-02 1.7e+00 5.93e-01  4e-01  5e-01 0:57.4
   10     80 3.125000000000033e-02 1.7e+00 5.39e-01  4e-01  4e-01 1:12.1
   12     96 -1.132812499999996e-01 1.7e+00 4.55e-01  3e-01  4e-01 1:26.9
termination on ftarget=1e-11
final/bestever f-value = -1.132812e-01 -1.132812e-01
incumbent solution: [0.7738463901724157, 2.4482851195530384, 2.311018913230955, 5.553360867090374]
std deviation: [0.3254793881885657, 0.257050705529777, 0.29657485354808893, 0.3558243296515852]
CMAEvolutionStrategyResult(xbest=array([1.03093263, 2.41052306, 2.201072  , 5.55807503]), fbest=-0.11328124999999956, evals_best=89, evaluations=96, iterations=12, xfavorite=array([0.77384639, 2.44828512, 2.31101891, 5.55336087]), stds=array([0.32547939, 0.25705071, 0.29657485, 0.35582433]), stop={'ftarget': 1e-11})
2 10
(4_w,8)-aCMA-ES (mu_w=2.6,w_1=52%) in dimension 4 (seed=796690, Mon Jun 14 11:06:42 2021)
Iterat #Fevals   function value  axis ratio  sigma  min&max std  t[m:s]
    1      8 1.113281249999998e-01 1.0e+00 1.27e+00  1e+00  1e+00 0:07.5
    2     16 3.945312500000002e-01 1.3e+00 1.23e+00  1e+00  1e+00 0:14.7
    3     24 4.433593750000001e-01 1.4e+00 1.32e+00  1e+00  1e+00 0:22.2
    4     32 5.078125000000033e-02 1.6e+00 1.47e+00  1e+00  2e+00 0:29.3
    5     40 3.574218750000001e-01 2.1e+00 1.22e+00  1e+00  1e+00 0:36.8
    6     48 3.730468750000002e-01 2.3e+00 1.03e+00  9e-01  9e-01 0:44.2
    7     56 3.164062499999998e-01 2.0e+00 9.09e-01  7e-01  9e-01 0:51.9
    8     64 4.726562500000008e-01 2.1e+00 9.17e-01  7e-01  9e-01 0:59.1
   10     80 1.679687499999996e-01 2.8e+00 1.26e+00  8e-01  1e+00 1:13.8
   12     96 -2.220446049250313e-16 2.6e+00 8.69e-01  5e-01  9e-01 1:29.5
termination on ftarget=1e-11
final/bestever f-value = -2.220446e-16 -2.220446e-16
incumbent solution: [5.054729865737345, 1.1728359957804868, 2.976498880546044, 1.9691826828072518]
std deviation: [0.8962680690074863, 0.681130854367752, 0.5416640644664398, 0.5235225927742136]
CMAEvolutionStrategyResult(xbest=array([5.19325346, 1.70111852, 3.13019463, 1.38202032]), fbest=-2.220446049250313e-16, evals_best=95, evaluations=96, iterations=12, xfavorite=array([5.05472987, 1.172836  , 2.97649888, 1.96918268]), stds=array([0.89626807, 0.68113085, 0.54166406, 0.52352259]), stop={'ftarget': 1e-11})
3 10
(4_w,8)-aCMA-ES (mu_w=2.6,w_1=52%) in dimension 4 (seed=804045, Mon Jun 14 11:08:11 2021)
Iterat #Fevals   function value  axis ratio  sigma  min&max std  t[m:s]
    1      8 1.171875000000000e-01 1.0e+00 1.54e+00  1e+00  2e+00 0:07.4
    2     16 2.500000000000012e-01 1.2e+00 1.28e+00  1e+00  1e+00 0:15.0
    3     24 3.710937500000011e-02 1.4e+00 1.24e+00  1e+00  1e+00 0:22.3
    4     32 1.660156249999996e-01 1.5e+00 1.23e+00  1e+00  1e+00 0:30.0
    5     40 1.718750000000002e-01 1.5e+00 1.06e+00  8e-01  1e+00 0:37.9
    6     48 1.347656250000007e-01 1.6e+00 9.93e-01  7e-01  1e+00 0:45.3
    7     56 1.035156250000004e-01 1.8e+00 8.42e-01  6e-01  9e-01 0:52.8
    8     64 -7.812499999999556e-03 2.0e+00 7.11e-01  5e-01  7e-01 0:59.9
termination on ftarget=1e-11
final/bestever f-value = -7.812500e-03 -7.812500e-03
incumbent solution: [3.5843926768733247, 3.2647371680563837, 0.7328378267556822, 6.836834643110452]
std deviation: [0.4763078485342145, 0.4847485547638691, 0.4927120544244982, 0.7361002200478985]
CMAEvolutionStrategyResult(xbest=array([3.66508045, 3.32709899, 0.26111461, 7.22964553]), fbest=-0.007812499999999556, evals_best=64, evaluations=64, iterations=8, xfavorite=array([3.58439268, 3.26473717, 0.73283783, 6.83683464]), stds=array([0.47630785, 0.48474855, 0.49271205, 0.73610022]), stop={'ftarget': 1e-11})
4 10
(4_w,8)-aCMA-ES (mu_w=2.6,w_1=52%) in dimension 4 (seed=820978, Mon Jun 14 11:09:11 2021)
Iterat #Fevals   function value  axis ratio  sigma  min&max std  t[m:s]
    1      8 2.656250000000003e-01 1.0e+00 1.78e+00  2e+00  2e+00 0:07.2
    2     16 5.312500000000007e-01 1.5e+00 1.95e+00  2e+00  2e+00 0:14.7
    3     24 3.144531249999998e-01 1.6e+00 2.08e+00  2e+00  3e+00 0:21.8
    4     32 1.796874999999998e-01 1.8e+00 1.98e+00  2e+00  2e+00 0:29.3
    5     40 1.855468750000001e-01 1.7e+00 1.85e+00  2e+00  2e+00 0:36.6
    6     48 2.949218750000007e-01 1.6e+00 2.04e+00  2e+00  3e+00 0:43.7
    7     56 1.992187500000001e-01 1.8e+00 1.99e+00  2e+00  2e+00 0:51.0
    8     64 3.359375000000003e-01 1.8e+00 2.19e+00  2e+00  3e+00 0:58.2
   10     80 3.828125000000002e-01 2.2e+00 3.09e+00  2e+00  4e+00 1:12.4
   12     96 4.531250000000001e-01 2.6e+00 3.66e+00  3e+00  6e+00 1:27.2
   14    112 4.472656250000004e-01 3.5e+00 4.85e+00  3e+00  9e+00 1:42.0
   16    128 -4.296875000000044e-02 3.7e+00 5.16e+00  4e+00  8e+00 1:57.1
termination on ftarget=1e-11
final/bestever f-value = -4.296875e-02 -4.296875e-02
incumbent solution: [-20.113660516521325, -0.07364671019817415, 5.244171249170447, 4.279111286772616]
std deviation: [8.22718544907454, 3.912965160384583, 6.991999285331556, 3.863614902511044]
CMAEvolutionStrategyResult(xbest=array([-17.36739934,  -0.52501215,   5.20135106,   4.09460494]), fbest=-0.042968750000000444, evals_best=128, evaluations=128, iterations=16, xfavorite=array([-20.11366052,  -0.07364671,   5.24417125,   4.27911129]), stds=array([8.22718545, 3.91296516, 6.99199929, 3.8636149 ]), stop={'ftarget': 1e-11})
5 10
(4_w,8)-aCMA-ES (mu_w=2.6,w_1=52%) in dimension 4 (seed=859611, Mon Jun 14 11:11:08 2021)
Iterat #Fevals   function value  axis ratio  sigma  min&max std  t[m:s]
    1      8 8.789062499999978e-02 1.0e+00 1.40e+00  1e+00  1e+00 0:07.5
    2     16 2.402343750000001e-01 1.3e+00 1.47e+00  1e+00  2e+00 0:15.0
    3     24 1.972656250000003e-01 1.7e+00 1.51e+00  1e+00  2e+00 0:22.6
    4     32 1.132812500000006e-01 1.7e+00 1.41e+00  1e+00  1e+00 0:30.3
    5     40 2.070312500000007e-01 1.5e+00 1.48e+00  1e+00  2e+00 0:37.4
    6     48 5.078124999999967e-02 1.5e+00 1.65e+00  1e+00  2e+00 0:45.1
    7     56 1.269531249999997e-01 1.5e+00 1.54e+00  1e+00  1e+00 0:52.6
    8     64 8.593749999999978e-02 1.4e+00 1.39e+00  1e+00  1e+00 0:59.7
   10     80 2.382812500000010e-01 1.5e+00 1.02e+00  7e-01  9e-01 1:14.8
   12     96 4.687500000000044e-02 1.4e+00 7.54e-01  5e-01  6e-01 1:28.9
   14    112 -2.539062499999978e-02 1.6e+00 6.77e-01  4e-01  5e-01 1:44.0
termination on ftarget=1e-11
final/bestever f-value = -2.539062e-02 -2.539062e-02
incumbent solution: [-1.183939002702279, 0.022704437159655325, 4.601300537216139, -0.6321778835402145]
std deviation: [0.49806994001403787, 0.4007513459701257, 0.4338058882358016, 0.4849967957471011]
CMAEvolutionStrategyResult(xbest=array([-1.70562446, -0.04304229,  4.54089866, -0.59561156]), fbest=-0.025390624999999778, evals_best=109, evaluations=112, iterations=14, xfavorite=array([-1.183939  ,  0.02270444,  4.60130054, -0.63217788]), stds=array([0.49806994, 0.40075135, 0.43380589, 0.4849968 ]), stop={'ftarget': 1e-11})
6 10
(4_w,8)-aCMA-ES (mu_w=2.6,w_1=52%) in dimension 4 (seed=807809, Mon Jun 14 11:12:52 2021)
Iterat #Fevals   function value  axis ratio  sigma  min&max std  t[m:s]
    1      8 1.660156250000001e-01 1.0e+00 1.61e+00  2e+00  2e+00 0:07.5
    2     16 3.515625000000003e-01 1.3e+00 1.65e+00  1e+00  2e+00 0:14.8
    3     24 3.632812500000001e-01 1.4e+00 1.51e+00  1e+00  2e+00 0:22.1
    4     32 3.710937500000006e-01 1.7e+00 1.20e+00  1e+00  1e+00 0:29.6
    5     40 2.558593750000002e-01 1.9e+00 1.26e+00  1e+00  1e+00 0:36.8
    6     48 6.250000000000033e-02 2.0e+00 1.02e+00  8e-01  1e+00 0:45.0
    7     56 8.789062500000044e-02 2.2e+00 1.06e+00  9e-01  1e+00 0:52.6
    8     64 1.699218749999997e-01 2.1e+00 1.15e+00  1e+00  1e+00 1:00.1
   10     80 1.074218750000004e-01 2.2e+00 1.10e+00  9e-01  1e+00 1:15.1
   12     96 1.835937500000007e-01 2.3e+00 8.98e-01  7e-01  8e-01 1:29.8
   14    112 1.367187499999999e-01 2.9e+00 8.50e-01  7e-01  8e-01 1:44.6
   16    128 5.468749999999967e-02 3.1e+00 7.01e-01  5e-01  6e-01 1:59.6
   17    136 -5.664062500000000e-02 3.4e+00 6.95e-01  5e-01  6e-01 2:06.6
termination on ftarget=1e-11
final/bestever f-value = -5.664062e-02 -5.664062e-02
incumbent solution: [1.4678735362664845, -0.5774611139337975, 2.289109301179121, 7.832656567978582]
std deviation: [0.6180008588211228, 0.5058568915613428, 0.4678340487292231, 0.5332112567550343]
CMAEvolutionStrategyResult(xbest=array([ 1.51871065, -0.67326235,  2.39355557,  7.85821447]), fbest=-0.056640625, evals_best=129, evaluations=136, iterations=17, xfavorite=array([ 1.46787354, -0.57746111,  2.2891093 ,  7.83265657]), stds=array([0.61800086, 0.50585689, 0.46783405, 0.53321126]), stop={'ftarget': 1e-11})
7 10
(4_w,8)-aCMA-ES (mu_w=2.6,w_1=52%) in dimension 4 (seed=833542, Mon Jun 14 11:14:59 2021)
Iterat #Fevals   function value  axis ratio  sigma  min&max std  t[m:s]
    1      8 1.523437500000007e-01 1.0e+00 1.56e+00  1e+00  2e+00 0:07.3
    2     16 3.417968750000003e-01 1.3e+00 1.86e+00  2e+00  2e+00 0:14.5
    3     24 1.191406250000003e-01 1.5e+00 1.82e+00  1e+00  2e+00 0:22.1
    4     32 -6.250000000000000e-02 1.7e+00 1.60e+00  1e+00  2e+00 0:29.8
termination on ftarget=1e-11
final/bestever f-value = -6.250000e-02 -6.250000e-02
incumbent solution: [2.4856396936857057, 0.33051006013033485, 8.601894757962112, 1.9412384708567636]
std deviation: [1.7657562432607283, 1.266934872920931, 1.899224184212465, 1.3652276219467092]
CMAEvolutionStrategyResult(xbest=array([ 4.64127225e+00, -2.00742092e-03,  9.01986944e+00,  2.11607132e+00]), fbest=-0.0625, evals_best=27, evaluations=32, iterations=4, xfavorite=array([2.48563969, 0.33051006, 8.60189476, 1.94123847]), stds=array([1.76575624, 1.26693487, 1.89922418, 1.36522762]), stop={'ftarget': 1e-11})
8 10
(4_w,8)-aCMA-ES (mu_w=2.6,w_1=52%) in dimension 4 (seed=807831, Mon Jun 14 11:15:29 2021)
Iterat #Fevals   function value  axis ratio  sigma  min&max std  t[m:s]
    1      8 6.972656250000000e-01 1.0e+00 1.43e+00  1e+00  2e+00 0:07.4
    2     16 3.789062500000006e-01 1.3e+00 1.31e+00  1e+00  1e+00 0:14.8
    3     24 4.687500000000001e-01 1.4e+00 1.27e+00  1e+00  1e+00 0:21.9
    4     32 3.066406250000001e-01 1.5e+00 1.40e+00  1e+00  2e+00 0:29.4
    5     40 2.109374999999999e-01 1.7e+00 1.68e+00  1e+00  2e+00 0:36.9
    6     48 1.250000000000002e-01 2.0e+00 1.64e+00  1e+00  2e+00 0:44.1
    7     56 2.558593750000003e-01 2.0e+00 1.78e+00  1e+00  2e+00 0:51.5
    8     64 1.757812500000007e-01 2.3e+00 1.72e+00  1e+00  2e+00 0:59.0
   10     80 -5.468749999999911e-02 2.8e+00 1.85e+00  1e+00  3e+00 1:13.3
termination on ftarget=1e-11
final/bestever f-value = -5.468750e-02 -5.468750e-02
incumbent solution: [4.104888774906286, 2.961703725962268, -1.015611322714612, -7.201787537361989]
std deviation: [1.1954546785719737, 1.2431400161197952, 1.7130622753860887, 2.8696286957208237]
CMAEvolutionStrategyResult(xbest=array([ 3.67761198,  2.40831553,  0.07292527, -5.43740482]), fbest=-0.05468749999999911, evals_best=75, evaluations=80, iterations=10, xfavorite=array([ 4.10488877,  2.96170373, -1.01561132, -7.20178754]), stds=array([1.19545468, 1.24314002, 1.71306228, 2.8696287 ]), stop={'ftarget': 1e-11})
9 10
(4_w,8)-aCMA-ES (mu_w=2.6,w_1=52%) in dimension 4 (seed=840907, Mon Jun 14 11:16:42 2021)
Iterat #Fevals   function value  axis ratio  sigma  min&max std  t[m:s]
    1      8 3.769531250000002e-01 1.0e+00 1.54e+00  1e+00  2e+00 0:07.1
    2     16 5.078125000000007e-01 1.3e+00 1.35e+00  1e+00  1e+00 0:14.2
    3     24 1.152343750000007e-01 1.5e+00 1.16e+00  1e+00  1e+00 0:21.4
    4     32 1.953125000000003e-01 1.4e+00 1.02e+00  8e-01  9e-01 0:28.4
    5     40 2.714843750000000e-01 1.4e+00 9.57e-01  8e-01  9e-01 0:35.9
    6     48 1.054687500000001e-01 1.6e+00 9.06e-01  7e-01  8e-01 0:43.2
    7     56 1.132812500000003e-01 1.4e+00 8.35e-01  6e-01  7e-01 0:50.6
    8     64 1.953124999999667e-03 1.3e+00 7.38e-01  5e-01  6e-01 0:58.4
   10     80 1.171875000000007e-01 1.7e+00 6.18e-01  4e-01  5e-01 1:12.8
   11     88 -5.664062500000000e-02 1.6e+00 5.75e-01  3e-01  4e-01 1:20.0
termination on ftarget=1e-11
final/bestever f-value = -5.664062e-02 -5.664062e-02
incumbent solution: [2.192724496864897, -1.5097847369044781, 5.622029394498144, 4.341414534036301]
std deviation: [0.4397066935345932, 0.33565609507257277, 0.40547909636864377, 0.39885614435091615]
CMAEvolutionStrategyResult(xbest=array([ 1.84357874, -1.52385698,  5.5258726 ,  4.20587475]), fbest=-0.056640625, evals_best=81, evaluations=88, iterations=11, xfavorite=array([ 2.1927245 , -1.50978474,  5.62202939,  4.34141453]), stds=array([0.43970669, 0.3356561 , 0.4054791 , 0.39885614]), stop={'ftarget': 1e-11})
