0 10
(4_w,8)-aCMA-ES (mu_w=2.6,w_1=52%) in dimension 4 (seed=801152, Mon Jun 14 11:04:43 2021)
circuitVTD.py:339: DeprecationWarning: The QuantumCircuit.__add__() method is being deprecated.Use the compose() method which is more flexible w.r.t circuit register compatibility.
  TrotterFixStepList.append(TrotterFixStepList[-1] + U_trot)
/home/nfb1/.local/lib/python3.7/site-packages/qiskit/circuit/quantumcircuit.py:869: DeprecationWarning: The QuantumCircuit.combine() method is being deprecated. Use the compose() method which is more flexible w.r.t circuit register compatibility.
  return self.combine(rhs)
Iterat #Fevals   function value  axis ratio  sigma  min&max std  t[m:s]
    1      8 3.449554443359381e-01 1.0e+00 1.43e+00  1e+00  2e+00 0:19.6
    2     16 4.222869873046878e-01 1.3e+00 1.28e+00  1e+00  1e+00 0:39.0
    3     24 1.119003295898432e-01 1.4e+00 1.27e+00  1e+00  1e+00 0:58.4
    4     32 3.006286621093753e-01 1.3e+00 1.28e+00  1e+00  1e+00 1:17.9
    5     40 2.616653442382818e-01 1.4e+00 1.25e+00  1e+00  1e+00 1:37.4
    6     48 1.085510253906256e-01 1.7e+00 1.17e+00  1e+00  1e+00 1:56.8
    7     56 8.308410644531294e-02 1.7e+00 1.05e+00  8e-01  1e+00 2:16.1
    8     64 9.102630615234486e-02 1.8e+00 1.22e+00  9e-01  1e+00 2:35.5
    9     72 -6.103515624955591e-05 2.0e+00 1.31e+00  1e+00  1e+00 2:55.1
termination on ftarget=1e-11
final/bestever f-value = -6.103516e-05 -6.103516e-05
incumbent solution: [1.1259520481913528, 7.255981730382054, 1.0071640035108553, 0.8858398309626574]
std deviation: [1.2433933825936774, 1.170937472988158, 0.9751856267303322, 1.0865677415754775]
CMAEvolutionStrategyResult(xbest=array([0.4723774 , 7.27331129, 1.74697733, 0.78275986]), fbest=-6.103515624955591e-05, evals_best=67, evaluations=72, iterations=9, xfavorite=array([1.12595205, 7.25598173, 1.007164  , 0.88583983]), stds=array([1.24339338, 1.17093747, 0.97518563, 1.08656774]), stop={'ftarget': 1e-11})
1 10
(4_w,8)-aCMA-ES (mu_w=2.6,w_1=52%) in dimension 4 (seed=782913, Mon Jun 14 11:07:38 2021)
Iterat #Fevals   function value  axis ratio  sigma  min&max std  t[m:s]
    1      8 2.220153808593761e-01 1.0e+00 1.55e+00  1e+00  2e+00 0:21.1
    2     16 3.294601440429690e-01 1.3e+00 2.03e+00  2e+00  2e+00 0:41.6
    3     24 3.163833618164060e-01 1.5e+00 2.02e+00  2e+00  3e+00 1:02.3
    4     32 7.764434814453125e-02 1.8e+00 1.92e+00  2e+00  2e+00 1:23.1
    5     40 2.645416259765632e-01 2.2e+00 1.65e+00  1e+00  2e+00 1:43.6
    6     48 4.584808349609378e-01 2.5e+00 1.90e+00  2e+00  2e+00 2:04.1
    7     56 3.216629028320312e-01 2.4e+00 1.59e+00  1e+00  2e+00 2:24.7
    8     64 4.383544921875000e-01 2.4e+00 1.57e+00  1e+00  2e+00 2:45.5
    9     72 2.942810058593752e-01 2.1e+00 1.47e+00  1e+00  2e+00 3:05.9
   10     80 1.021652221679694e-01 2.3e+00 1.40e+00  1e+00  2e+00 3:26.4
   11     88 2.207641601562501e-01 2.5e+00 1.31e+00  1e+00  1e+00 3:47.2
   12     96 2.019271850585947e-01 2.4e+00 1.16e+00  9e-01  1e+00 4:08.1
   13    104 3.455505371093754e-01 2.4e+00 1.24e+00  1e+00  1e+00 4:28.7
   14    112 8.766937255859408e-02 2.2e+00 1.19e+00  9e-01  1e+00 4:49.2
   15    120 1.250610351562501e-01 2.1e+00 1.07e+00  8e-01  1e+00 5:09.7
   16    128 2.246017456054694e-01 2.3e+00 1.16e+00  8e-01  1e+00 5:30.2
   17    136 6.980895996093639e-03 2.0e+00 1.04e+00  7e-01  1e+00 5:50.6
   18    144 2.226257324218739e-02 1.9e+00 8.41e-01  5e-01  7e-01 6:11.2
   19    152 1.250610351562494e-01 1.9e+00 8.30e-01  5e-01  8e-01 6:31.6
   20    160 1.877746582031253e-01 2.2e+00 7.94e-01  5e-01  7e-01 6:52.2
   21    168 4.188537597656272e-02 2.1e+00 8.14e-01  5e-01  7e-01 7:12.7
   22    176 9.666442871094083e-03 2.2e+00 6.77e-01  4e-01  6e-01 7:33.8
   24    192 4.646301269531261e-02 3.1e+00 4.86e-01  2e-01  4e-01 8:15.4
   25    200 -3.186035156249978e-02 3.0e+00 4.63e-01  2e-01  4e-01 8:36.1
termination on ftarget=1e-11
final/bestever f-value = -3.186035e-02 -3.186035e-02
incumbent solution: [2.8691546272668877, 6.352965576428671, 3.4427413174567905, 2.1572567865756866]
std deviation: [0.36732808238839454, 0.3461030727998819, 0.35717678238687334, 0.22040939469489565]
CMAEvolutionStrategyResult(xbest=array([2.60353128, 6.14421217, 3.66712348, 2.17756492]), fbest=-0.03186035156249978, evals_best=195, evaluations=200, iterations=25, xfavorite=array([2.86915463, 6.35296558, 3.44274132, 2.15725679]), stds=array([0.36732808, 0.34610307, 0.35717678, 0.22040939]), stop={'ftarget': 1e-11})
2 10
(4_w,8)-aCMA-ES (mu_w=2.6,w_1=52%) in dimension 4 (seed=806754, Mon Jun 14 11:16:14 2021)
Iterat #Fevals   function value  axis ratio  sigma  min&max std  t[m:s]
    1      8 5.902862548828125e-01 1.0e+00 1.50e+00  1e+00  2e+00 0:20.8
    2     16 6.059875488281251e-01 1.3e+00 1.61e+00  2e+00  2e+00 0:41.3
    3     24 1.267166137695320e-01 1.5e+00 1.47e+00  1e+00  2e+00 1:02.7
    4     32 3.869934082031254e-01 1.6e+00 1.28e+00  1e+00  1e+00 1:23.6
    5     40 1.472015380859378e-01 1.6e+00 1.22e+00  9e-01  1e+00 1:44.7
    6     48 3.611373901367199e-01 1.9e+00 1.04e+00  8e-01  1e+00 2:05.7
    7     56 2.593307495117194e-01 1.9e+00 9.32e-01  6e-01  1e+00 2:27.5
    8     64 1.586227416992186e-01 2.0e+00 8.20e-01  5e-01  9e-01 2:48.3
    9     72 1.088943481445311e-01 2.0e+00 8.07e-01  5e-01  9e-01 3:09.4
   10     80 3.072357177734386e-02 2.2e+00 7.01e-01  4e-01  8e-01 3:30.2
   11     88 1.149368286132821e-01 2.3e+00 6.14e-01  3e-01  7e-01 3:51.1
   12     96 5.664062500000100e-02 2.3e+00 6.86e-01  3e-01  9e-01 4:12.0
   13    104 6.495666503906339e-02 3.1e+00 6.57e-01  3e-01  9e-01 4:32.9
   14    112 1.250610351562499e-01 3.4e+00 6.95e-01  3e-01  9e-01 4:53.5
   15    120 5.428314208984475e-02 3.6e+00 6.37e-01  3e-01  8e-01 5:14.3
   16    128 -4.280090332031250e-03 3.5e+00 5.25e-01  2e-01  6e-01 5:35.3
termination on ftarget=1e-11
final/bestever f-value = -4.280090e-03 -4.280090e-03
incumbent solution: [2.043000455624391, 3.9846829158549997, 8.818145747624955, 4.631992437323946]
std deviation: [0.24841315796445568, 0.27559398251389355, 0.5631053159635987, 0.2951465739695106]
CMAEvolutionStrategyResult(xbest=array([2.2845264 , 4.14097102, 8.39021143, 4.50590882]), fbest=-0.00428009033203125, evals_best=128, evaluations=128, iterations=16, xfavorite=array([2.04300046, 3.98468292, 8.81814575, 4.63199244]), stds=array([0.24841316, 0.27559398, 0.56310532, 0.29514657]), stop={'ftarget': 1e-11})
3 10
(4_w,8)-aCMA-ES (mu_w=2.6,w_1=52%) in dimension 4 (seed=799787, Mon Jun 14 11:21:50 2021)
Iterat #Fevals   function value  axis ratio  sigma  min&max std  t[m:s]
    1      8 5.427551269531294e-02 1.0e+00 1.69e+00  2e+00  2e+00 0:20.9
    2     16 4.501876831054692e-01 1.4e+00 1.56e+00  1e+00  2e+00 0:41.7
    3     24 1.544342041015627e-01 1.7e+00 1.35e+00  1e+00  2e+00 1:02.3
    4     32 5.267333984375078e-02 1.9e+00 1.42e+00  1e+00  2e+00 1:22.9
    5     40 2.900619506835944e-01 2.3e+00 1.32e+00  1e+00  2e+00 1:43.7
    6     48 2.207565307617185e-01 2.4e+00 1.19e+00  9e-01  2e+00 2:04.4
    7     56 2.341842651367189e-01 2.9e+00 1.06e+00  7e-01  1e+00 2:25.4
    8     64 1.450271606445315e-01 2.8e+00 9.03e-01  6e-01  1e+00 2:46.6
    9     72 8.908081054687511e-02 3.1e+00 7.70e-01  5e-01  9e-01 3:07.2
   10     80 9.906768798828136e-02 2.9e+00 6.85e-01  4e-01  6e-01 3:28.3
   11     88 8.868408203125044e-02 2.7e+00 5.65e-01  4e-01  5e-01 3:49.1
   12     96 6.338500976562511e-02 2.6e+00 5.04e-01  3e-01  4e-01 4:09.8
   13    104 2.892303466796842e-02 2.5e+00 4.25e-01  3e-01  3e-01 4:30.5
   14    112 2.139282226562544e-02 2.5e+00 4.17e-01  3e-01  4e-01 4:51.4
   15    120 4.699707031250111e-03 2.7e+00 3.90e-01  2e-01  3e-01 5:12.0
   16    128 -1.966094970703147e-02 2.7e+00 3.73e-01  2e-01  3e-01 5:32.6
termination on ftarget=1e-11
final/bestever f-value = -1.966095e-02 -1.966095e-02
incumbent solution: [5.615915294751324, 6.77795650832838, 3.4038532766366467, -2.106874237074595]
std deviation: [0.2938244798756675, 0.24026130305771207, 0.23574494259091652, 0.2763716970284347]
CMAEvolutionStrategyResult(xbest=array([ 5.61868044,  6.91789065,  3.32478115, -2.33541986]), fbest=-0.019660949707031472, evals_best=124, evaluations=128, iterations=16, xfavorite=array([ 5.61591529,  6.77795651,  3.40385328, -2.10687424]), stds=array([0.29382448, 0.2402613 , 0.23574494, 0.2763717 ]), stop={'ftarget': 1e-11})
4 10
(4_w,8)-aCMA-ES (mu_w=2.6,w_1=52%) in dimension 4 (seed=866506, Mon Jun 14 11:27:23 2021)
Iterat #Fevals   function value  axis ratio  sigma  min&max std  t[m:s]
    1      8 3.782958984375004e-01 1.0e+00 1.58e+00  1e+00  2e+00 0:20.7
    2     16 5.261917114257815e-01 1.4e+00 1.65e+00  1e+00  2e+00 0:41.2
    3     24 1.777572631835940e-01 1.6e+00 1.49e+00  1e+00  2e+00 1:02.1
    4     32 3.509368896484378e-01 1.9e+00 1.31e+00  1e+00  1e+00 1:22.6
    5     40 3.052215576171885e-01 1.9e+00 1.09e+00  9e-01  1e+00 1:43.5
    6     48 7.752990722656228e-02 2.0e+00 9.99e-01  7e-01  1e+00 2:03.9
    7     56 1.522598266601575e-01 2.2e+00 1.01e+00  7e-01  1e+00 2:25.1
    8     64 2.083129882812506e-01 2.4e+00 8.35e-01  6e-01  8e-01 2:45.8
    9     72 2.663803100585943e-01 2.4e+00 8.05e-01  5e-01  8e-01 3:06.9
   10     80 1.273574829101567e-01 2.4e+00 8.23e-01  5e-01  8e-01 3:27.4
   11     88 2.322769165039062e-01 2.7e+00 8.44e-01  5e-01  8e-01 3:48.3
   12     96 1.389770507812501e-01 2.6e+00 8.34e-01  5e-01  8e-01 4:08.8
   13    104 1.186141967773434e-01 3.1e+00 7.90e-01  5e-01  7e-01 4:29.6
   14    112 8.878326416015658e-02 3.8e+00 6.50e-01  3e-01  6e-01 4:50.4
   15    120 6.766510009765725e-02 3.8e+00 5.48e-01  3e-01  5e-01 5:11.1
   16    128 -7.019042968741118e-04 4.1e+00 4.71e-01  2e-01  4e-01 5:31.9
termination on ftarget=1e-11
final/bestever f-value = -7.019043e-04 -7.019043e-04
incumbent solution: [0.8182650578342661, 1.7367174073094382, 5.158736207356582, 2.682618857959768]
std deviation: [0.24744929768273238, 0.36702487490251234, 0.2878489865974679, 0.39900752257031674]
CMAEvolutionStrategyResult(xbest=array([0.78506234, 1.70377201, 5.00711036, 2.68967166]), fbest=-0.0007019042968741118, evals_best=122, evaluations=128, iterations=16, xfavorite=array([0.81826506, 1.73671741, 5.15873621, 2.68261886]), stds=array([0.2474493 , 0.36702487, 0.28784899, 0.39900752]), stop={'ftarget': 1e-11})
5 10
(4_w,8)-aCMA-ES (mu_w=2.6,w_1=52%) in dimension 4 (seed=835466, Mon Jun 14 11:32:54 2021)
Iterat #Fevals   function value  axis ratio  sigma  min&max std  t[m:s]
    1      8 4.115295410156248e-01 1.0e+00 1.41e+00  1e+00  1e+00 0:20.8
    2     16 6.886138916015625e-01 1.3e+00 1.30e+00  1e+00  1e+00 0:41.4
    3     24 9.542083740234275e-02 1.5e+00 1.43e+00  1e+00  2e+00 1:01.9
    4     32 1.375808715820315e-01 1.7e+00 1.41e+00  1e+00  2e+00 1:22.7
    5     40 1.885757446289072e-01 1.7e+00 1.16e+00  9e-01  1e+00 1:43.1
    6     48 1.879577636718749e-01 1.9e+00 1.10e+00  8e-01  1e+00 2:03.7
    7     56 1.649780273437508e-01 1.9e+00 1.02e+00  7e-01  1e+00 2:24.9
    8     64 1.441574096679686e-01 2.1e+00 9.55e-01  6e-01  1e+00 2:45.4
    9     72 1.250610351562503e-01 2.2e+00 8.37e-01  6e-01  9e-01 3:06.4
   10     80 1.099090576171875e-01 2.3e+00 7.40e-01  4e-01  8e-01 3:26.8
   11     88 8.215332031250022e-02 2.5e+00 6.31e-01  4e-01  7e-01 3:47.9
   12     96 7.787322998046842e-02 2.7e+00 5.93e-01  3e-01  7e-01 4:08.3
   13    104 7.286834716796942e-02 2.7e+00 6.17e-01  3e-01  6e-01 4:29.6
   14    112 3.974914550781228e-02 2.6e+00 5.54e-01  3e-01  5e-01 4:50.5
   15    120 4.047393798828125e-02 2.6e+00 4.73e-01  2e-01  4e-01 5:11.0
   16    128 -4.598999023437544e-02 2.8e+00 4.03e-01  2e-01  3e-01 5:31.6
termination on ftarget=1e-11
final/bestever f-value = -4.598999e-02 -4.598999e-02
incumbent solution: [1.3059850213253654, 5.271068222889921, 4.837530201792228, 0.5532129623180025]
std deviation: [0.2832275510683681, 0.20885613830296798, 0.3351865975778972, 0.1892053298792567]
CMAEvolutionStrategyResult(xbest=array([1.32551142, 5.25470591, 4.88885035, 0.61287491]), fbest=-0.045989990234375444, evals_best=122, evaluations=128, iterations=16, xfavorite=array([1.30598502, 5.27106822, 4.8375302 , 0.55321296]), stds=array([0.28322755, 0.20885614, 0.3351866 , 0.18920533]), stop={'ftarget': 1e-11})
6 10
(4_w,8)-aCMA-ES (mu_w=2.6,w_1=52%) in dimension 4 (seed=817901, Mon Jun 14 11:38:26 2021)
Iterat #Fevals   function value  axis ratio  sigma  min&max std  t[m:s]
    1      8 4.205245971679690e-01 1.0e+00 1.50e+00  1e+00  2e+00 0:20.7
    2     16 2.193679809570321e-01 1.2e+00 1.52e+00  1e+00  2e+00 0:41.2
    3     24 3.390502929687600e-02 1.3e+00 1.42e+00  1e+00  1e+00 1:01.8
    4     32 3.063888549804694e-01 1.4e+00 1.31e+00  1e+00  1e+00 1:23.1
    5     40 2.487487792968752e-01 1.3e+00 1.25e+00  1e+00  1e+00 1:43.6
    6     48 7.015228271484442e-02 1.4e+00 1.06e+00  8e-01  1e+00 2:04.0
    7     56 1.171875000000004e-01 1.6e+00 9.04e-01  7e-01  8e-01 2:25.7
    8     64 1.764984130859373e-01 1.7e+00 9.04e-01  7e-01  8e-01 2:47.2
    9     72 1.705780029296884e-01 1.7e+00 7.11e-01  5e-01  6e-01 3:07.8
   10     80 1.182403564453127e-01 1.6e+00 5.52e-01  4e-01  4e-01 3:28.3
   11     88 4.487609863281283e-02 1.7e+00 4.83e-01  3e-01  4e-01 3:48.9
   12     96 -8.681488037109331e-02 1.9e+00 4.33e-01  3e-01  3e-01 4:09.5
termination on ftarget=1e-11
final/bestever f-value = -8.681488e-02 -8.681488e-02
incumbent solution: [0.5215213930875745, 4.725559189363612, 1.5328955167194136, 2.890170328045688]
std deviation: [0.2700536337656209, 0.31483357551706453, 0.28216038185014203, 0.3155910169179388]
CMAEvolutionStrategyResult(xbest=array([0.53269914, 4.77805768, 1.24940574, 2.82867114]), fbest=-0.0868148803710933, evals_best=93, evaluations=96, iterations=12, xfavorite=array([0.52152139, 4.72555919, 1.53289552, 2.89017033]), stds=array([0.27005363, 0.31483358, 0.28216038, 0.31559102]), stop={'ftarget': 1e-11})
7 10
(4_w,8)-aCMA-ES (mu_w=2.6,w_1=52%) in dimension 4 (seed=777170, Mon Jun 14 11:42:36 2021)
Iterat #Fevals   function value  axis ratio  sigma  min&max std  t[m:s]
    1      8 2.111206054687499e-01 1.0e+00 1.48e+00  1e+00  1e+00 0:21.4
    2     16 3.582916259765625e-01 1.4e+00 1.15e+00  1e+00  1e+00 0:42.4
    3     24 1.957015991210935e-01 1.3e+00 9.59e-01  8e-01  9e-01 1:03.6
    4     32 1.925659179687544e-02 1.4e+00 9.01e-01  7e-01  8e-01 1:24.2
    5     40 2.061386108398438e-01 1.5e+00 8.72e-01  7e-01  8e-01 1:45.1
    6     48 1.466979980468752e-01 1.7e+00 7.83e-01  6e-01  7e-01 2:05.6
    7     56 1.306152343749997e-01 1.8e+00 8.00e-01  6e-01  7e-01 2:26.2
    8     64 1.458969116210940e-01 1.8e+00 8.42e-01  7e-01  7e-01 2:46.8
    9     72 1.422653198242191e-01 2.2e+00 7.59e-01  6e-01  6e-01 3:08.3
   10     80 9.951782226562511e-02 2.2e+00 6.48e-01  5e-01  6e-01 3:29.0
   11     88 5.004119873046919e-02 2.5e+00 5.86e-01  4e-01  5e-01 3:50.5
   12     96 3.683471679687511e-02 2.5e+00 6.23e-01  4e-01  5e-01 4:11.0
   13    104 2.851867675781239e-02 2.8e+00 6.49e-01  4e-01  5e-01 4:32.6
   14    112 8.493041992187556e-02 2.5e+00 5.40e-01  3e-01  5e-01 4:53.2
   15    120 5.878448486328203e-02 2.4e+00 4.75e-01  3e-01  4e-01 5:13.8
   16    128 -4.562377929687056e-03 2.8e+00 3.99e-01  2e-01  3e-01 5:34.7
termination on ftarget=1e-11
final/bestever f-value = -4.562378e-03 -4.562378e-03
incumbent solution: [4.431441583239964, 5.8083551328473195, 2.8917979613526295, 2.7910712176960812]
std deviation: [0.3290536697560325, 0.26168867805581636, 0.24494448797863466, 0.21740047876535476]
CMAEvolutionStrategyResult(xbest=array([4.36201708, 5.82385925, 2.7139374 , 2.76919873]), fbest=-0.004562377929687056, evals_best=124, evaluations=128, iterations=16, xfavorite=array([4.43144158, 5.80835513, 2.89179796, 2.79107122]), stds=array([0.32905367, 0.26168868, 0.24494449, 0.21740048]), stop={'ftarget': 1e-11})
8 10
(4_w,8)-aCMA-ES (mu_w=2.6,w_1=52%) in dimension 4 (seed=759153, Mon Jun 14 11:48:11 2021)
Iterat #Fevals   function value  axis ratio  sigma  min&max std  t[m:s]
    1      8 3.071594238281251e-01 1.0e+00 1.26e+00  1e+00  1e+00 0:21.3
    2     16 2.461547851562501e-01 1.3e+00 1.17e+00  1e+00  1e+00 0:42.0
    3     24 -4.231262207031250e-02 1.6e+00 9.76e-01  8e-01  9e-01 1:03.3
termination on ftarget=1e-11
final/bestever f-value = -4.231262e-02 -4.231262e-02
incumbent solution: [2.0824257163280584, 0.7684559890037986, 3.664399284018363, 1.72702199957139]
std deviation: [0.7743197951817722, 0.8800837913996392, 0.877535294021791, 0.8284122896245888]
CMAEvolutionStrategyResult(xbest=array([2.22190979, 0.54136357, 3.78402662, 2.03614296]), fbest=-0.0423126220703125, evals_best=21, evaluations=24, iterations=3, xfavorite=array([2.08242572, 0.76845599, 3.66439928, 1.727022  ]), stds=array([0.7743198 , 0.88008379, 0.87753529, 0.82841229]), stop={'ftarget': 1e-11})
9 10
(4_w,8)-aCMA-ES (mu_w=2.6,w_1=52%) in dimension 4 (seed=742938, Mon Jun 14 11:49:14 2021)
Iterat #Fevals   function value  axis ratio  sigma  min&max std  t[m:s]
    1      8 2.917327880859379e-01 1.0e+00 1.53e+00  1e+00  2e+00 0:20.5
    2     16 3.472137451171882e-01 1.3e+00 1.66e+00  2e+00  2e+00 0:41.3
    3     24 1.897888183593754e-01 1.5e+00 1.85e+00  2e+00  2e+00 1:02.5
    4     32 5.173873901367190e-01 1.8e+00 2.07e+00  2e+00  3e+00 1:23.0
    5     40 3.433456420898442e-01 2.1e+00 2.17e+00  2e+00  3e+00 1:44.3
    6     48 4.562301635742191e-01 2.1e+00 2.60e+00  2e+00  4e+00 2:05.3
    7     56 4.095535278320312e-01 2.4e+00 3.05e+00  3e+00  5e+00 2:26.6
    8     64 8.886718749999956e-02 3.0e+00 2.48e+00  2e+00  3e+00 2:47.3
    9     72 4.301605224609381e-01 2.8e+00 2.48e+00  2e+00  4e+00 3:08.1
   10     80 6.667175292968752e-01 3.1e+00 2.28e+00  2e+00  3e+00 3:28.9
   11     88 1.335906982421876e-01 3.4e+00 2.21e+00  2e+00  3e+00 3:50.7
   12     96 4.206314086914065e-01 4.0e+00 2.40e+00  2e+00  4e+00 4:11.2
   13    104 3.525161743164065e-01 4.9e+00 2.25e+00  2e+00  4e+00 4:32.4
   14    112 2.430725097656261e-02 4.9e+00 1.83e+00  2e+00  3e+00 4:52.9
   15    120 8.529663085937567e-02 5.6e+00 1.79e+00  2e+00  3e+00 5:14.4
   16    128 3.184509277343752e-01 6.1e+00 1.66e+00  2e+00  3e+00 5:35.0
   17    136 3.021621704101564e-01 6.7e+00 1.66e+00  2e+00  3e+00 5:55.7
   18    144 8.602905273437522e-02 6.9e+00 1.45e+00  1e+00  2e+00 6:17.2
   19    152 1.845474243164074e-01 6.9e+00 1.29e+00  1e+00  2e+00 6:37.8
   20    160 1.088027954101559e-01 7.6e+00 1.13e+00  8e-01  1e+00 6:58.4
   21    168 1.102294921875008e-01 6.4e+00 9.75e-01  7e-01  1e+00 7:20.2
   22    176 1.078414916992193e-01 6.1e+00 7.87e-01  5e-01  1e+00 7:41.8
   24    192 1.812286376953128e-01 5.3e+00 7.41e-01  4e-01  8e-01 8:23.0
   26    208 4.869079589843783e-02 4.7e+00 5.90e-01  2e-01  6e-01 9:04.8
   28    224 1.168823242187533e-02 4.5e+00 5.53e-01  2e-01  5e-01 9:46.1
   30    240 1.174163818359364e-02 4.0e+00 6.16e-01  2e-01  5e-01 10:27.4
   32    256 7.032775878906283e-02 3.5e+00 5.06e-01  2e-01  4e-01 11:08.9
   34    272 -1.669311523437500e-02 3.5e+00 3.73e-01  1e-01  2e-01 11:51.1
termination on ftarget=1e-11
final/bestever f-value = -1.669312e-02 -1.669312e-02
incumbent solution: [10.454037132680943, 14.942550705274115, 17.119097338466464, -4.202806167853194]
std deviation: [0.1465306579565817, 0.1602795692902251, 0.2497429493319236, 0.11079044090630545]
CMAEvolutionStrategyResult(xbest=array([10.41647822, 15.06659353, 17.15552183, -4.20573243]), fbest=-0.016693115234375, evals_best=271, evaluations=272, iterations=34, xfavorite=array([10.45403713, 14.94255071, 17.11909734, -4.20280617]), stds=array([0.14653066, 0.16027957, 0.24974295, 0.11079044]), stop={'ftarget': 1e-11})
