0 10
(4_w,8)-aCMA-ES (mu_w=2.6,w_1=52%) in dimension 4 (seed=811106, Mon Jun 14 11:03:24 2021)
circuitVTD.py:339: DeprecationWarning: The QuantumCircuit.__add__() method is being deprecated.Use the compose() method which is more flexible w.r.t circuit register compatibility.
  TrotterFixStepList.append(TrotterFixStepList[-1] + U_trot)
/home/nfb1/.local/lib/python3.7/site-packages/qiskit/circuit/quantumcircuit.py:869: DeprecationWarning: The QuantumCircuit.combine() method is being deprecated. Use the compose() method which is more flexible w.r.t circuit register compatibility.
  return self.combine(rhs)
Iterat #Fevals   function value  axis ratio  sigma  min&max std  t[m:s]
    1      8 3.085937500000002e-01 1.0e+00 1.51e+00  1e+00  2e+00 0:06.0
    2     16 8.203125000000000e-02 1.4e+00 1.62e+00  1e+00  2e+00 0:11.9
    3     24 1.367187500000003e-01 1.5e+00 1.64e+00  1e+00  2e+00 0:17.9
    4     32 3.476562500000000e-01 1.7e+00 1.42e+00  1e+00  2e+00 0:23.7
    5     40 5.468750000000033e-02 2.1e+00 1.27e+00  1e+00  2e+00 0:29.7
    6     48 8.593750000000044e-02 2.4e+00 1.19e+00  9e-01  2e+00 0:35.7
    7     56 3.476562500000002e-01 2.7e+00 1.31e+00  9e-01  2e+00 0:41.7
    9     72 1.640625000000007e-01 2.9e+00 1.17e+00  9e-01  2e+00 0:53.8
   10     80 -7.031249999999956e-02 2.7e+00 1.12e+00  9e-01  1e+00 0:59.7
termination on ftarget=1e-11
final/bestever f-value = -7.031250e-02 -7.031250e-02
incumbent solution: [1.3808412875443905, 1.5236199799119272, 0.8125439941988453, 0.5003791130462706]
std deviation: [0.8781096349575928, 0.9041903601952599, 0.9287673216061836, 1.4143354675139017]
CMAEvolutionStrategyResult(xbest=array([1.75520225, 1.48090013, 0.73311048, 0.58391794]), fbest=-0.07031249999999956, evals_best=75, evaluations=80, iterations=10, xfavorite=array([1.38084129, 1.52361998, 0.81254399, 0.50037911]), stds=array([0.87810963, 0.90419036, 0.92876732, 1.41433547]), stop={'ftarget': 1e-11})
1 10
(4_w,8)-aCMA-ES (mu_w=2.6,w_1=52%) in dimension 4 (seed=743419, Mon Jun 14 11:04:24 2021)
Iterat #Fevals   function value  axis ratio  sigma  min&max std  t[m:s]
    1      8 3.320312499999998e-01 1.0e+00 1.59e+00  2e+00  2e+00 0:07.0
    2     16 4.179687500000001e-01 1.2e+00 1.74e+00  2e+00  2e+00 0:14.3
    3     24 5.468749999999989e-02 1.6e+00 1.82e+00  2e+00  2e+00 0:21.6
    4     32 2.460937499999999e-01 1.6e+00 1.77e+00  1e+00  2e+00 0:29.0
    5     40 2.812500000000010e-01 1.8e+00 1.67e+00  1e+00  2e+00 0:36.3
    6     48 1.601562500000001e-01 1.8e+00 1.82e+00  2e+00  2e+00 0:43.5
    7     56 2.656249999999999e-01 1.5e+00 1.64e+00  1e+00  2e+00 0:50.9
    8     64 1.640624999999998e-01 1.8e+00 1.43e+00  1e+00  2e+00 0:58.4
   10     80 4.062500000000006e-01 2.3e+00 1.55e+00  1e+00  2e+00 1:13.4
   12     96 1.601562500000007e-01 2.6e+00 1.44e+00  1e+00  2e+00 1:29.2
   14    112 1.250000000000004e-01 2.7e+00 1.37e+00  1e+00  2e+00 1:44.1
   16    128 2.460937500000004e-01 3.1e+00 1.21e+00  8e-01  1e+00 1:58.5
   17    136 -1.210937500000004e-01 3.1e+00 9.35e-01  6e-01  1e+00 2:06.0
termination on ftarget=1e-11
final/bestever f-value = -1.210938e-01 -1.210938e-01
incumbent solution: [0.8867830076507838, 0.840866979210142, 2.7452239044374966, 0.7827452162823005]
std deviation: [0.7409538679813904, 0.981688122593855, 0.8188923041350342, 0.6078361476138627]
CMAEvolutionStrategyResult(xbest=array([1.38772977, 1.27661018, 2.66271967, 0.67547075]), fbest=-0.12109375000000044, evals_best=136, evaluations=136, iterations=17, xfavorite=array([0.88678301, 0.84086698, 2.7452239 , 0.78274522]), stds=array([0.74095387, 0.98168812, 0.8188923 , 0.60783615]), stop={'ftarget': 1e-11})
2 10
(4_w,8)-aCMA-ES (mu_w=2.6,w_1=52%) in dimension 4 (seed=812214, Mon Jun 14 11:06:30 2021)
Iterat #Fevals   function value  axis ratio  sigma  min&max std  t[m:s]
    1      8 7.070312500000002e-01 1.0e+00 1.53e+00  1e+00  2e+00 0:07.4
    2     16 2.968750000000002e-01 1.2e+00 1.62e+00  1e+00  2e+00 0:14.7
    3     24 -1.015625000000000e-01 1.4e+00 1.49e+00  1e+00  2e+00 0:22.2
termination on ftarget=1e-11
final/bestever f-value = -1.015625e-01 -1.015625e-01
incumbent solution: [4.755430869343875, 5.830656812539298, -1.2081467220279452, 2.661523324149744]
std deviation: [1.640681147823871, 1.5532997607764314, 1.3505024203003817, 1.363459459611157]
CMAEvolutionStrategyResult(xbest=array([ 3.56514528,  7.49704932, -1.48384966,  1.53197246]), fbest=-0.1015625, evals_best=17, evaluations=24, iterations=3, xfavorite=array([ 4.75543087,  5.83065681, -1.20814672,  2.66152332]), stds=array([1.64068115, 1.55329976, 1.35050242, 1.36345946]), stop={'ftarget': 1e-11})
3 10
(4_w,8)-aCMA-ES (mu_w=2.6,w_1=52%) in dimension 4 (seed=818111, Mon Jun 14 11:06:52 2021)
Iterat #Fevals   function value  axis ratio  sigma  min&max std  t[m:s]
    1      8 5.078124999999989e-02 1.0e+00 1.71e+00  2e+00  2e+00 0:07.5
    2     16 3.046875000000001e-01 1.4e+00 1.77e+00  1e+00  2e+00 0:14.9
    3     24 7.812500000000444e-03 1.4e+00 1.45e+00  1e+00  2e+00 0:22.1
    4     32 8.984375000000011e-02 1.5e+00 1.51e+00  1e+00  2e+00 0:29.2
    5     40 2.695312500000000e-01 1.7e+00 1.88e+00  1e+00  2e+00 0:36.9
    6     48 1.953125000000002e-01 2.1e+00 1.82e+00  1e+00  3e+00 0:44.1
    7     56 4.101562499999998e-01 2.3e+00 1.47e+00  1e+00  2e+00 0:51.6
    8     64 2.734374999999989e-02 2.3e+00 1.23e+00  8e-01  2e+00 0:59.0
   10     80 3.906250000000000e-03 2.7e+00 1.09e+00  6e-01  2e+00 1:13.7
   11     88 -1.171874999999978e-02 2.8e+00 1.02e+00  6e-01  1e+00 1:21.2
termination on ftarget=1e-11
final/bestever f-value = -1.171875e-02 -1.171875e-02
incumbent solution: [3.3226292042382837, 2.6695016550485358, 6.331503252714127, 3.467178818393982]
std deviation: [0.5539600096029419, 0.9328577988121289, 0.6741675030485781, 1.4175588105813757]
CMAEvolutionStrategyResult(xbest=array([3.41538623, 2.10770654, 6.64012739, 3.31950929]), fbest=-0.011718749999999778, evals_best=83, evaluations=88, iterations=11, xfavorite=array([3.3226292 , 2.66950166, 6.33150325, 3.46717882]), stds=array([0.55396001, 0.9328578 , 0.6741675 , 1.41755881]), stop={'ftarget': 1e-11})
4 10
(4_w,8)-aCMA-ES (mu_w=2.6,w_1=52%) in dimension 4 (seed=819853, Mon Jun 14 11:08:13 2021)
Iterat #Fevals   function value  axis ratio  sigma  min&max std  t[m:s]
    1      8 1.132812500000008e-01 1.0e+00 1.45e+00  1e+00  2e+00 0:07.1
    2     16 2.109375000000006e-01 1.3e+00 1.53e+00  1e+00  2e+00 0:14.5
    3     24 7.382812500000000e-01 1.6e+00 1.34e+00  1e+00  1e+00 0:21.9
    4     32 1.679687500000002e-01 1.8e+00 1.32e+00  1e+00  1e+00 0:29.2
    5     40 1.367187500000003e-01 1.8e+00 1.49e+00  1e+00  2e+00 0:36.9
    6     48 1.210937499999998e-01 2.0e+00 1.31e+00  1e+00  1e+00 0:44.3
    7     56 2.109375000000004e-01 2.1e+00 1.18e+00  9e-01  1e+00 0:51.8
    8     64 3.281250000000003e-01 2.3e+00 1.25e+00  8e-01  1e+00 0:59.0
   10     80 4.843750000000001e-01 2.4e+00 1.42e+00  1e+00  1e+00 1:14.0
   12     96 3.984374999999998e-01 2.6e+00 1.34e+00  9e-01  1e+00 1:28.9
   14    112 1.210937499999999e-01 3.2e+00 9.42e-01  5e-01  1e+00 1:43.2
   15    120 -9.375000000000067e-02 3.2e+00 9.73e-01  6e-01  1e+00 1:50.8
termination on ftarget=1e-11
final/bestever f-value = -9.375000e-02 -9.375000e-02
incumbent solution: [8.592867752974689, 5.537549922370327, 5.831604099909987, 3.466534582940427]
std deviation: [1.1934600254038705, 0.6122124798514114, 0.6710289825419746, 0.7576073422962012]
CMAEvolutionStrategyResult(xbest=array([9.08489583, 5.58942194, 6.19282117, 3.41854346]), fbest=-0.09375000000000067, evals_best=114, evaluations=120, iterations=15, xfavorite=array([8.59286775, 5.53754992, 5.8316041 , 3.46653458]), stds=array([1.19346003, 0.61221248, 0.67102898, 0.75760734]), stop={'ftarget': 1e-11})
5 10
(4_w,8)-aCMA-ES (mu_w=2.6,w_1=52%) in dimension 4 (seed=762740, Mon Jun 14 11:10:04 2021)
Iterat #Fevals   function value  axis ratio  sigma  min&max std  t[m:s]
    1      8 2.851562500000003e-01 1.0e+00 1.21e+00  1e+00  1e+00 0:07.1
    2     16 8.203124999999967e-02 1.1e+00 1.09e+00  9e-01  1e+00 0:14.7
    3     24 1.757812500000001e-01 1.3e+00 1.06e+00  9e-01  1e+00 0:22.0
    4     32 1.289062500000001e-01 1.6e+00 1.39e+00  1e+00  2e+00 0:29.4
    5     40 1.406249999999993e-01 1.7e+00 1.15e+00  9e-01  1e+00 0:36.5
    6     48 2.617187500000007e-01 1.9e+00 1.18e+00  1e+00  1e+00 0:44.0
    7     56 3.203125000000007e-01 2.3e+00 1.11e+00  9e-01  1e+00 0:51.6
    8     64 8.984375000000000e-02 2.2e+00 1.05e+00  8e-01  1e+00 0:59.4
   10     80 6.249999999999989e-02 2.4e+00 1.07e+00  7e-01  1e+00 1:14.1
   11     88 -1.718749999999996e-01 2.5e+00 9.34e-01  6e-01  1e+00 1:21.4
termination on ftarget=1e-11
final/bestever f-value = -1.718750e-01 -1.718750e-01
incumbent solution: [6.085019303667214, 3.2486192667144675, 7.723621896453912, 1.7812740976750894]
std deviation: [0.5597326042104438, 0.7350747725854245, 1.1187798787221577, 0.6730165274404312]
CMAEvolutionStrategyResult(xbest=array([6.20777506, 3.86052132, 7.79282001, 1.36205926]), fbest=-0.17187499999999956, evals_best=83, evaluations=88, iterations=11, xfavorite=array([6.0850193 , 3.24861927, 7.7236219 , 1.7812741 ]), stds=array([0.5597326 , 0.73507477, 1.11877988, 0.67301653]), stop={'ftarget': 1e-11})
6 10
(4_w,8)-aCMA-ES (mu_w=2.6,w_1=52%) in dimension 4 (seed=800082, Mon Jun 14 11:11:25 2021)
Iterat #Fevals   function value  axis ratio  sigma  min&max std  t[m:s]
    1      8 1.835937499999999e-01 1.0e+00 1.66e+00  2e+00  2e+00 0:07.5
    2     16 2.187499999999997e-01 1.4e+00 1.61e+00  2e+00  2e+00 0:14.8
    3     24 5.546875000000002e-01 1.4e+00 1.87e+00  2e+00  2e+00 0:22.2
    4     32 3.984375000000000e-01 1.5e+00 1.92e+00  2e+00  2e+00 0:29.7
    5     40 1.523437499999994e-01 1.7e+00 2.02e+00  1e+00  2e+00 0:37.1
    6     48 3.085937500000001e-01 1.9e+00 2.14e+00  2e+00  3e+00 0:44.1
    7     56 2.968750000000004e-01 1.9e+00 2.21e+00  2e+00  2e+00 0:51.9
    9     72 3.359375000000002e-01 2.0e+00 1.90e+00  2e+00  2e+00 1:07.2
   11     88 5.937500000000008e-01 2.1e+00 1.53e+00  1e+00  2e+00 1:21.6
   13    104 3.828125000000009e-01 2.0e+00 1.12e+00  8e-01  1e+00 1:36.3
   15    120 1.718750000000002e-01 2.3e+00 1.05e+00  7e-01  9e-01 1:50.7
   17    136 1.328125000000003e-01 2.2e+00 8.30e-01  5e-01  7e-01 2:05.7
   19    152 1.015625000000006e-01 1.9e+00 9.90e-01  6e-01  8e-01 2:21.5
   21    168 8.593750000000044e-02 1.9e+00 7.25e-01  4e-01  6e-01 2:36.4
   22    176 -2.421875000000000e-01 1.8e+00 6.67e-01  3e-01  5e-01 2:43.9
termination on ftarget=1e-11
final/bestever f-value = -2.421875e-01 -2.421875e-01
incumbent solution: [0.7252242516566264, 5.862355175677776, 7.436388190116907, 8.060404106961414]
std deviation: [0.49091501151777706, 0.35077381110103556, 0.34662529682123583, 0.4987032178298514]
CMAEvolutionStrategyResult(xbest=array([0.7443443 , 6.10524551, 7.14021391, 7.96603075]), fbest=-0.2421875, evals_best=169, evaluations=176, iterations=22, xfavorite=array([0.72522425, 5.86235518, 7.43638819, 8.06040411]), stds=array([0.49091501, 0.35077381, 0.3466253 , 0.49870322]), stop={'ftarget': 1e-11})
7 10
(4_w,8)-aCMA-ES (mu_w=2.6,w_1=52%) in dimension 4 (seed=866407, Mon Jun 14 11:14:09 2021)
Iterat #Fevals   function value  axis ratio  sigma  min&max std  t[m:s]
    1      8 9.374999999999978e-02 1.0e+00 1.67e+00  2e+00  2e+00 0:08.5
    2     16 2.304687499999997e-01 1.4e+00 1.60e+00  1e+00  2e+00 0:16.4
    3     24 1.718750000000007e-01 1.6e+00 1.61e+00  1e+00  2e+00 0:23.5
    4     32 1.875000000000008e-01 2.1e+00 1.63e+00  1e+00  2e+00 0:30.8
    5     40 2.070312500000013e-01 2.2e+00 1.37e+00  8e-01  2e+00 0:38.6
    6     48 2.421875000000000e-01 2.6e+00 1.27e+00  8e-01  1e+00 0:46.4
    7     56 -1.093750000000000e-01 2.5e+00 1.28e+00  7e-01  1e+00 0:53.7
termination on ftarget=1e-11
final/bestever f-value = -1.093750e-01 -1.093750e-01
incumbent solution: [8.21900971607905, 1.5148730785409037, 1.4650865844168939, 2.283439794566888]
std deviation: [1.442300919637142, 1.4855779368679765, 1.1695500567222072, 0.6696762996283196]
CMAEvolutionStrategyResult(xbest=array([8.47916912, 2.21905737, 1.09676382, 1.8625015 ]), fbest=-0.109375, evals_best=54, evaluations=56, iterations=7, xfavorite=array([8.21900972, 1.51487308, 1.46508658, 2.28343979]), stds=array([1.44230092, 1.48557794, 1.16955006, 0.6696763 ]), stop={'ftarget': 1e-11})
8 10
(4_w,8)-aCMA-ES (mu_w=2.6,w_1=52%) in dimension 4 (seed=799791, Mon Jun 14 11:15:03 2021)
Iterat #Fevals   function value  axis ratio  sigma  min&max std  t[m:s]
    1      8 1.523437499999997e-01 1.0e+00 1.49e+00  1e+00  2e+00 0:07.3
    2     16 1.640625000000008e-01 1.3e+00 1.43e+00  1e+00  2e+00 0:15.6
    3     24 1.953125000000022e-02 1.5e+00 1.55e+00  1e+00  2e+00 0:22.9
    4     32 1.796874999999998e-01 1.6e+00 1.37e+00  1e+00  2e+00 0:30.5
    5     40 1.992187499999999e-01 1.6e+00 1.29e+00  9e-01  1e+00 0:38.4
    6     48 2.265625000000001e-01 1.7e+00 1.14e+00  8e-01  1e+00 0:45.9
    7     56 1.406250000000007e-01 1.6e+00 1.16e+00  8e-01  1e+00 0:53.7
    8     64 7.031250000000056e-02 1.6e+00 1.00e+00  7e-01  1e+00 1:01.0
   10     80 -4.687500000000022e-02 2.2e+00 8.73e-01  6e-01  8e-01 1:15.5
termination on ftarget=1e-11
final/bestever f-value = -4.687500e-02 -4.687500e-02
incumbent solution: [1.1487477982906396, -1.9675734552548834, 4.344172476550218, 5.166842168793288]
std deviation: [0.5868619593752569, 0.6681153178217196, 0.8388525989905815, 0.5586882929967102]
CMAEvolutionStrategyResult(xbest=array([ 0.55466404, -2.09261863,  5.14488237,  5.24051266]), fbest=-0.04687500000000022, evals_best=77, evaluations=80, iterations=10, xfavorite=array([ 1.1487478 , -1.96757346,  4.34417248,  5.16684217]), stds=array([0.58686196, 0.66811532, 0.8388526 , 0.55868829]), stop={'ftarget': 1e-11})
9 10
(4_w,8)-aCMA-ES (mu_w=2.6,w_1=52%) in dimension 4 (seed=734768, Mon Jun 14 11:16:19 2021)
Iterat #Fevals   function value  axis ratio  sigma  min&max std  t[m:s]
    1      8 1.054687499999998e-01 1.0e+00 1.33e+00  1e+00  1e+00 0:07.3
    2     16 2.851562500000004e-01 1.2e+00 1.57e+00  1e+00  2e+00 0:15.0
    3     24 2.265625000000004e-01 1.6e+00 1.57e+00  1e+00  2e+00 0:22.2
    4     32 1.015625000000001e-01 2.0e+00 1.66e+00  1e+00  2e+00 0:30.0
    5     40 7.812500000000111e-03 2.4e+00 1.97e+00  2e+00  3e+00 0:37.3
    6     48 1.249999999999999e-01 2.5e+00 2.05e+00  2e+00  3e+00 0:44.5
    7     56 2.617187500000003e-01 2.8e+00 1.98e+00  2e+00  3e+00 0:51.9
    8     64 1.054687500000006e-01 2.5e+00 1.81e+00  1e+00  3e+00 0:59.6
   10     80 1.875000000000006e-01 2.7e+00 1.44e+00  9e-01  2e+00 1:14.2
   11     88 -6.661338147750939e-16 2.6e+00 1.33e+00  8e-01  2e+00 1:21.6
termination on ftarget=1e-11
final/bestever f-value = -6.661338e-16 -6.661338e-16
incumbent solution: [5.044870466660352, 4.392048833770189, 3.074138138453665, 1.1210136198280063]
std deviation: [0.7777997048413356, 1.0094741544161372, 1.7623470221729691, 1.21740004028925]
CMAEvolutionStrategyResult(xbest=array([4.58684988, 3.68549648, 3.07315971, 1.6224488 ]), fbest=-6.661338147750939e-16, evals_best=87, evaluations=88, iterations=11, xfavorite=array([5.04487047, 4.39204883, 3.07413814, 1.12101362]), stds=array([0.7777997 , 1.00947415, 1.76234702, 1.21740004]), stop={'ftarget': 1e-11})
