0 10
(4_w,8)-aCMA-ES (mu_w=2.6,w_1=52%) in dimension 4 (seed=791745, Mon Jun 14 11:04:36 2021)
circuitVTD.py:339: DeprecationWarning: The QuantumCircuit.__add__() method is being deprecated.Use the compose() method which is more flexible w.r.t circuit register compatibility.
  TrotterFixStepList.append(TrotterFixStepList[-1] + U_trot)
/home/nfb1/.local/lib/python3.7/site-packages/qiskit/circuit/quantumcircuit.py:869: DeprecationWarning: The QuantumCircuit.combine() method is being deprecated. Use the compose() method which is more flexible w.r.t circuit register compatibility.
  return self.combine(rhs)
Iterat #Fevals   function value  axis ratio  sigma  min&max std  t[m:s]
    1      8 4.021301269531259e-01 1.0e+00 1.49e+00  1e+00  1e+00 0:13.0
    2     16 2.334594726562502e-01 1.2e+00 1.41e+00  1e+00  1e+00 0:25.6
    3     24 9.159851074218794e-02 1.4e+00 1.35e+00  1e+00  1e+00 0:38.2
    4     32 1.413574218750006e-01 1.7e+00 1.19e+00  9e-01  1e+00 0:50.9
    5     40 2.334899902343754e-01 2.1e+00 1.29e+00  1e+00  2e+00 1:03.4
    6     48 2.948150634765626e-01 2.4e+00 1.14e+00  8e-01  1e+00 1:15.9
    7     56 9.538269042968783e-02 2.5e+00 8.59e-01  6e-01  1e+00 1:28.6
    8     64 4.202270507812533e-02 2.9e+00 9.43e-01  7e-01  1e+00 1:41.1
    9     72 1.786193847656260e-01 2.9e+00 8.78e-01  6e-01  1e+00 1:53.4
   10     80 8.845520019531383e-02 3.4e+00 8.40e-01  6e-01  1e+00 2:06.0
   11     88 1.262817382812501e-01 3.7e+00 7.65e-01  5e-01  1e+00 2:18.6
   12     96 8.540344238281272e-02 4.0e+00 6.56e-01  4e-01  9e-01 2:31.3
   13    104 2.653503417968839e-02 4.4e+00 7.71e-01  4e-01  1e+00 2:43.7
   15    120 -2.604675292968750e-02 4.8e+00 6.52e-01  3e-01  9e-01 3:08.7
termination on ftarget=1e-11
final/bestever f-value = -2.604675e-02 -2.604675e-02
incumbent solution: [2.011765856895514, 2.1132181849410268, -0.7192146196743876, 5.240412567486089]
std deviation: [0.3071050375853057, 0.41026027886371497, 0.5312935705776867, 0.9402457623036086]
CMAEvolutionStrategyResult(xbest=array([ 1.74239324,  2.28402644, -0.59205826,  4.58179548]), fbest=-0.0260467529296875, evals_best=120, evaluations=120, iterations=15, xfavorite=array([ 2.01176586,  2.11321818, -0.71921462,  5.24041257]), stds=array([0.30710504, 0.41026028, 0.53129357, 0.94024576]), stop={'ftarget': 1e-11})
1 10
(4_w,8)-aCMA-ES (mu_w=2.6,w_1=52%) in dimension 4 (seed=872594, Mon Jun 14 11:07:44 2021)
Iterat #Fevals   function value  axis ratio  sigma  min&max std  t[m:s]
    1      8 5.872344970703129e-01 1.0e+00 1.53e+00  1e+00  2e+00 0:14.0
    2     16 3.952789306640629e-01 1.2e+00 1.90e+00  2e+00  2e+00 0:28.1
    3     24 1.812744140625002e-01 1.6e+00 2.38e+00  2e+00  3e+00 0:41.8
    4     32 6.500244140624989e-02 2.3e+00 2.83e+00  2e+00  4e+00 0:55.8
    5     40 4.625396728515623e-01 2.2e+00 3.32e+00  3e+00  5e+00 1:09.8
    6     48 5.698699951171876e-01 2.4e+00 3.59e+00  3e+00  5e+00 1:23.8
    7     56 7.217407226562478e-02 2.5e+00 4.42e+00  4e+00  8e+00 1:37.5
    8     64 2.768707275390625e-01 3.6e+00 5.23e+00  4e+00  9e+00 1:51.7
    9     72 3.051910400390628e-01 3.3e+00 5.98e+00  5e+00  1e+01 2:05.4
   10     80 1.727752685546876e-01 4.1e+00 6.29e+00  5e+00  1e+01 2:19.1
   11     88 1.834411621093760e-01 4.2e+00 5.51e+00  5e+00  1e+01 2:32.9
   12     96 7.536315917968806e-02 4.3e+00 5.83e+00  5e+00  1e+01 2:46.9
   13    104 4.214324951171881e-01 4.1e+00 5.35e+00  4e+00  9e+00 3:00.8
   14    112 1.296997070312722e-03 3.9e+00 5.00e+00  4e+00  8e+00 3:14.8
   16    128 5.883636474609377e-01 4.3e+00 4.87e+00  3e+00  8e+00 3:42.4
   18    144 2.254333496093753e-01 4.1e+00 5.53e+00  4e+00  9e+00 4:10.1
   20    160 5.594024658203126e-01 3.9e+00 5.23e+00  3e+00  8e+00 4:37.7
   22    176 1.676788330078132e-01 4.4e+00 5.52e+00  3e+00  9e+00 5:05.7
   24    192 1.330566406249994e-01 4.3e+00 4.37e+00  2e+00  7e+00 5:33.5
   26    208 2.003173828125003e-01 4.9e+00 3.90e+00  2e+00  6e+00 6:01.3
   28    224 3.790130615234378e-01 4.9e+00 3.13e+00  1e+00  5e+00 6:29.1
   30    240 6.980895996093783e-02 5.6e+00 2.25e+00  8e-01  3e+00 6:56.4
   32    256 1.904144287109378e-01 5.4e+00 1.90e+00  5e-01  2e+00 7:24.0
   34    272 3.628845214843753e-01 5.8e+00 1.99e+00  5e-01  2e+00 7:51.5
   36    288 4.303436279296881e-01 6.9e+00 2.44e+00  7e-01  3e+00 8:20.1
   38    304 4.351501464843756e-01 7.1e+00 2.71e+00  9e-01  3e+00 8:47.5
   40    320 4.983520507812478e-02 9.1e+00 2.94e+00  9e-01  3e+00 9:14.7
   42    336 2.285156249999996e-01 8.6e+00 2.92e+00  9e-01  3e+00 9:43.0
   44    352 3.293457031250000e-01 8.5e+00 3.30e+00  1e+00  4e+00 10:12.3
   47    376 4.416198730468753e-01 7.9e+00 3.07e+00  1e+00  3e+00 10:54.3
   50    400 2.425231933593756e-01 8.2e+00 1.94e+00  7e-01  2e+00 11:37.0
   53    424 2.689819335937501e-01 6.1e+00 2.27e+00  9e-01  2e+00 12:18.4
   56    448 -3.323364257812478e-02 5.9e+00 2.73e+00  1e+00  2e+00 13:00.8
termination on ftarget=1e-11
final/bestever f-value = -3.323364e-02 -3.323364e-02
incumbent solution: [-14.429080998508544, -2.3828837293464424, -8.044969404636301, -15.141784426935793]
std deviation: [1.4996277773699254, 1.0919338975623605, 1.52389364253653, 1.5807266596389644]
CMAEvolutionStrategyResult(xbest=array([-12.8640829 ,  -1.85915716,  -9.24962357, -14.84251203]), fbest=-0.03323364257812478, evals_best=442, evaluations=448, iterations=56, xfavorite=array([-14.429081  ,  -2.38288373,  -8.0449694 , -15.14178443]), stds=array([1.49962778, 1.0919339 , 1.52389364, 1.58072666]), stop={'ftarget': 1e-11})
2 10
(4_w,8)-aCMA-ES (mu_w=2.6,w_1=52%) in dimension 4 (seed=838117, Mon Jun 14 11:20:45 2021)
Iterat #Fevals   function value  axis ratio  sigma  min&max std  t[m:s]
    1      8 3.863372802734376e-01 1.0e+00 2.03e+00  2e+00  2e+00 0:14.2
    2     16 3.484954833984375e-01 1.4e+00 1.93e+00  2e+00  2e+00 0:28.2
    3     24 2.278594970703132e-01 1.3e+00 2.02e+00  2e+00  2e+00 0:42.8
    4     32 6.168212890625002e-01 1.4e+00 1.77e+00  2e+00  2e+00 0:56.6
    5     40 5.693969726562502e-01 1.5e+00 1.46e+00  1e+00  2e+00 1:10.3
    6     48 4.422302246093751e-01 1.6e+00 1.50e+00  1e+00  2e+00 1:24.5
    7     56 1.216735839843754e-01 1.8e+00 1.35e+00  1e+00  1e+00 1:38.6
    8     64 1.353149414062506e-01 1.8e+00 1.16e+00  9e-01  1e+00 1:52.2
    9     72 2.227630615234383e-01 1.7e+00 9.87e-01  8e-01  9e-01 2:06.0
   10     80 1.495666503906252e-01 1.8e+00 7.96e-01  6e-01  6e-01 2:19.8
   11     88 1.112518310546885e-01 1.7e+00 7.60e-01  5e-01  7e-01 2:34.2
   12     96 8.689880371093739e-02 1.9e+00 7.05e-01  4e-01  6e-01 2:47.8
   13    104 1.039123535156253e-01 1.8e+00 6.79e-01  4e-01  5e-01 3:01.6
   14    112 5.090332031250056e-02 2.0e+00 5.52e-01  3e-01  4e-01 3:15.7
   16    128 7.812500000000444e-03 1.8e+00 4.68e-01  3e-01  3e-01 3:43.6
   18    144 -4.017639160156272e-02 2.0e+00 4.28e-01  2e-01  3e-01 4:11.5
termination on ftarget=1e-11
final/bestever f-value = -4.017639e-02 -4.017639e-02
incumbent solution: [1.487340369592522, -1.713521082895165, -0.6637898643134222, 3.762246930953601]
std deviation: [0.2651263251234783, 0.24219013219615063, 0.2617286796832638, 0.24811141888359373]
CMAEvolutionStrategyResult(xbest=array([ 1.5832174 , -1.61553318, -0.79529214,  3.61030182]), fbest=-0.04017639160156272, evals_best=142, evaluations=144, iterations=18, xfavorite=array([ 1.48734037, -1.71352108, -0.66378986,  3.76224693]), stds=array([0.26512633, 0.24219013, 0.26172868, 0.24811142]), stop={'ftarget': 1e-11})
3 10
(4_w,8)-aCMA-ES (mu_w=2.6,w_1=52%) in dimension 4 (seed=782924, Mon Jun 14 11:24:57 2021)
Iterat #Fevals   function value  axis ratio  sigma  min&max std  t[m:s]
    1      8 2.395782470703125e-01 1.0e+00 1.29e+00  1e+00  1e+00 0:13.8
    2     16 1.427154541015633e-01 1.2e+00 1.32e+00  1e+00  1e+00 0:27.7
    3     24 1.869964599609382e-01 1.6e+00 1.21e+00  1e+00  1e+00 0:41.7
    4     32 2.295684814453126e-01 1.9e+00 1.09e+00  9e-01  1e+00 0:55.5
    5     40 1.992492675781257e-01 1.8e+00 1.04e+00  8e-01  1e+00 1:09.6
    6     48 1.671295166015626e-01 2.1e+00 9.29e-01  7e-01  1e+00 1:23.6
    7     56 1.949157714843753e-01 2.2e+00 8.56e-01  6e-01  8e-01 1:37.3
    8     64 1.490631103515628e-01 2.3e+00 8.27e-01  6e-01  7e-01 1:51.3
    9     72 1.693267822265626e-01 2.2e+00 6.85e-01  5e-01  6e-01 2:05.3
   10     80 1.488189697265625e-01 2.4e+00 5.10e-01  3e-01  4e-01 2:19.5
   11     88 1.603088378906247e-01 2.2e+00 5.38e-01  3e-01  5e-01 2:33.4
   12     96 1.655273437499999e-01 2.7e+00 4.79e-01  3e-01  4e-01 2:47.7
   13    104 1.400604248046878e-01 2.7e+00 4.21e-01  2e-01  4e-01 3:02.5
   14    112 1.290740966796876e-01 2.8e+00 4.25e-01  3e-01  4e-01 3:16.7
   16    128 1.528320312499998e-01 3.5e+00 4.24e-01  3e-01  3e-01 3:44.4
   18    144 1.081085205078125e-01 3.3e+00 3.39e-01  2e-01  2e-01 4:12.5
   20    160 1.104431152343760e-01 2.8e+00 3.26e-01  2e-01  2e-01 4:40.6
   22    176 6.678771972656283e-02 2.9e+00 3.27e-01  2e-01  2e-01 5:08.5
   24    192 3.729248046875067e-02 3.7e+00 2.86e-01  1e-01  2e-01 5:36.3
   26    208 9.002685546875333e-03 4.0e+00 3.05e-01  2e-01  2e-01 6:04.3
   27    216 -2.346801757812500e-02 4.3e+00 3.06e-01  1e-01  2e-01 6:18.8
termination on ftarget=1e-11
final/bestever f-value = -2.346802e-02 -2.346802e-02
incumbent solution: [5.537222390944824, 0.9628056547227953, 2.865499661827103, 3.208356739471547]
std deviation: [0.1593640664732369, 0.1945286223992526, 0.14835475108440135, 0.19525741387387702]
CMAEvolutionStrategyResult(xbest=array([5.52189966, 0.92064199, 2.85468399, 3.17280504]), fbest=-0.023468017578125, evals_best=215, evaluations=216, iterations=27, xfavorite=array([5.53722239, 0.96280565, 2.86549966, 3.20835674]), stds=array([0.15936407, 0.19452862, 0.14835475, 0.19525741]), stop={'ftarget': 1e-11})
4 10
(4_w,8)-aCMA-ES (mu_w=2.6,w_1=52%) in dimension 4 (seed=726780, Mon Jun 14 11:31:16 2021)
Iterat #Fevals   function value  axis ratio  sigma  min&max std  t[m:s]
    1      8 1.401977539062503e-01 1.0e+00 1.45e+00  1e+00  2e+00 0:13.7
    2     16 1.368255615234379e-01 1.4e+00 1.34e+00  1e+00  1e+00 0:27.5
    3     24 3.568572998046877e-01 1.4e+00 1.33e+00  1e+00  1e+00 0:41.9
    4     32 2.369384765625007e-01 1.5e+00 1.28e+00  1e+00  1e+00 0:55.8
    5     40 3.784027099609376e-01 1.5e+00 1.21e+00  9e-01  1e+00 1:09.7
    6     48 2.521667480468753e-01 1.5e+00 1.11e+00  8e-01  1e+00 1:23.9
    7     56 -1.138305664062544e-02 1.5e+00 9.69e-01  7e-01  8e-01 1:38.3
termination on ftarget=1e-11
final/bestever f-value = -1.138306e-02 -1.138306e-02
incumbent solution: [0.23484481733253926, 2.492865909102298, 4.790992284403946, 1.9029818302123207]
std deviation: [0.7142917152492114, 0.7671389563450095, 0.7810169070804549, 0.8233937699162928]
CMAEvolutionStrategyResult(xbest=array([0.43977465, 1.80498165, 4.8331746 , 2.52005372]), fbest=-0.011383056640625444, evals_best=49, evaluations=56, iterations=7, xfavorite=array([0.23484482, 2.49286591, 4.79099228, 1.90298183]), stds=array([0.71429172, 0.76713896, 0.78101691, 0.82339377]), stop={'ftarget': 1e-11})
5 10
(4_w,8)-aCMA-ES (mu_w=2.6,w_1=52%) in dimension 4 (seed=809934, Mon Jun 14 11:32:54 2021)
Iterat #Fevals   function value  axis ratio  sigma  min&max std  t[m:s]
    1      8 3.735046386718752e-01 1.0e+00 1.51e+00  1e+00  2e+00 0:13.9
    2     16 2.058105468750006e-01 1.4e+00 1.55e+00  1e+00  2e+00 0:28.0
    3     24 6.202697753906306e-02 1.7e+00 1.48e+00  1e+00  2e+00 0:41.9
    4     32 1.788787841796882e-01 1.9e+00 1.26e+00  1e+00  1e+00 0:55.7
    5     40 7.266235351562589e-02 2.0e+00 1.24e+00  1e+00  1e+00 1:09.6
    6     48 9.675598144531250e-02 2.4e+00 1.31e+00  1e+00  2e+00 1:23.5
    7     56 1.482849121093750e-01 2.9e+00 1.53e+00  1e+00  2e+00 1:37.3
    8     64 1.739959716796879e-01 3.1e+00 1.49e+00  1e+00  2e+00 1:51.6
    9     72 2.934722900390628e-01 3.5e+00 1.40e+00  1e+00  1e+00 2:05.5
   10     80 1.419982910156257e-01 3.6e+00 1.13e+00  8e-01  1e+00 2:19.1
   11     88 1.546478271484377e-01 4.1e+00 9.94e-01  7e-01  1e+00 2:33.4
   12     96 1.033935546875001e-01 4.1e+00 9.69e-01  6e-01  1e+00 2:47.0
   13    104 3.280639648437511e-02 3.9e+00 9.31e-01  6e-01  1e+00 3:01.1
   14    112 8.453369140625033e-02 4.1e+00 8.09e-01  5e-01  8e-01 3:15.9
   16    128 9.329223632812578e-02 4.4e+00 6.64e-01  4e-01  6e-01 3:43.5
   18    144 1.847839355468750e-02 4.0e+00 6.17e-01  3e-01  5e-01 4:11.9
   20    160 -1.220703124991118e-04 4.2e+00 5.19e-01  3e-01  4e-01 4:39.9
termination on ftarget=1e-11
final/bestever f-value = -1.220703e-04 -1.220703e-04
incumbent solution: [6.94488187236295, 6.7250005191692175, 0.12892546808523903, -1.2972098334170146]
std deviation: [0.2741876790440854, 0.3678005533895159, 0.31635365443751173, 0.34647326502762554]
CMAEvolutionStrategyResult(xbest=array([ 6.74988826,  6.80547787,  0.22438927, -1.39053273]), fbest=-0.00012207031249911182, evals_best=153, evaluations=160, iterations=20, xfavorite=array([ 6.94488187,  6.72500052,  0.12892547, -1.29720983]), stds=array([0.27418768, 0.36780055, 0.31635365, 0.34647327]), stop={'ftarget': 1e-11})
6 10
(4_w,8)-aCMA-ES (mu_w=2.6,w_1=52%) in dimension 4 (seed=794905, Mon Jun 14 11:37:34 2021)
Iterat #Fevals   function value  axis ratio  sigma  min&max std  t[m:s]
    1      8 2.170867919921881e-01 1.0e+00 1.51e+00  1e+00  2e+00 0:13.9
    2     16 5.018615722656217e-02 1.3e+00 1.36e+00  1e+00  1e+00 0:27.6
    3     24 5.928039550781317e-02 1.4e+00 1.63e+00  1e+00  2e+00 0:41.7
    4     32 9.768676757812500e-02 2.0e+00 1.81e+00  2e+00  2e+00 0:55.7
    5     40 2.316284179687501e-01 2.3e+00 2.14e+00  2e+00  3e+00 1:09.7
    6     48 2.613677978515632e-01 2.6e+00 2.31e+00  2e+00  3e+00 1:23.8
    7     56 1.634216308593752e-01 2.9e+00 2.26e+00  2e+00  3e+00 1:38.1
    8     64 1.706237792968759e-01 3.2e+00 2.52e+00  2e+00  3e+00 1:52.0
    9     72 1.324920654296885e-01 3.7e+00 2.39e+00  2e+00  3e+00 2:06.3
   10     80 1.081848144531261e-01 3.6e+00 2.16e+00  2e+00  3e+00 2:20.3
   11     88 1.125030517578124e-01 3.9e+00 1.86e+00  1e+00  2e+00 2:35.0
   12     96 7.646179199218772e-02 4.2e+00 2.08e+00  2e+00  3e+00 2:48.9
   13    104 1.271514892578132e-01 4.8e+00 1.83e+00  1e+00  3e+00 3:03.2
   14    112 9.909057617187567e-02 5.0e+00 1.70e+00  1e+00  3e+00 3:17.2
   16    128 2.850494384765621e-01 6.6e+00 1.20e+00  9e-01  2e+00 3:44.8
   18    144 9.643554687500111e-03 7.6e+00 1.43e+00  1e+00  3e+00 4:13.1
   20    160 -5.096435546874556e-03 1.1e+01 1.19e+00  9e-01  2e+00 4:43.7
termination on ftarget=1e-11
final/bestever f-value = -5.096436e-03 -5.096436e-03
incumbent solution: [-0.872772264673541, 0.5360162193284531, 7.408793182635835, 6.490388843287134]
std deviation: [2.2133823953164566, 0.8763878988827649, 1.107814377331471, 0.8881790820796629]
CMAEvolutionStrategyResult(xbest=array([-0.74063154,  0.54071272,  7.77084624,  6.54301392]), fbest=-0.005096435546874556, evals_best=156, evaluations=160, iterations=20, xfavorite=array([-0.87277226,  0.53601622,  7.40879318,  6.49038884]), stds=array([2.2133824 , 0.8763879 , 1.10781438, 0.88817908]), stop={'ftarget': 1e-11})
7 10
(4_w,8)-aCMA-ES (mu_w=2.6,w_1=52%) in dimension 4 (seed=794612, Mon Jun 14 11:42:18 2021)
Iterat #Fevals   function value  axis ratio  sigma  min&max std  t[m:s]
    1      8 2.605285644531254e-01 1.0e+00 1.41e+00  1e+00  1e+00 0:13.8
    2     16 4.629669189453125e-01 1.2e+00 1.45e+00  1e+00  1e+00 0:27.8
    3     24 1.497955322265635e-01 1.6e+00 1.18e+00  1e+00  1e+00 0:42.0
    4     32 2.888183593750003e-01 1.6e+00 1.04e+00  9e-01  1e+00 0:55.9
    5     40 8.491516113281272e-02 1.6e+00 9.29e-01  7e-01  9e-01 1:10.0
    6     48 1.466217041015627e-01 1.8e+00 7.95e-01  6e-01  7e-01 1:24.1
    7     56 1.425933837890626e-01 1.6e+00 6.24e-01  4e-01  5e-01 1:38.3
    8     64 2.581787109375000e-02 1.7e+00 6.07e-01  4e-01  5e-01 1:52.0
    9     72 3.576660156250011e-02 2.0e+00 5.16e-01  3e-01  5e-01 2:06.3
   10     80 1.257324218750067e-02 2.4e+00 4.31e-01  2e-01  4e-01 2:20.5
   11     88 2.711486816406283e-02 2.3e+00 3.85e-01  2e-01  3e-01 2:34.5
   12     96 4.066467285156339e-02 2.4e+00 3.19e-01  2e-01  3e-01 2:50.3
   13    104 -6.144714355468706e-02 2.4e+00 3.10e-01  2e-01  2e-01 3:04.0
termination on ftarget=1e-11
final/bestever f-value = -6.144714e-02 -6.144714e-02
incumbent solution: [2.1008937693303023, 2.488676094484518, -0.27454361724782733, 4.9552900166593]
std deviation: [0.17909631130066864, 0.1731740528871595, 0.19924436670052983, 0.21538376014906824]
CMAEvolutionStrategyResult(xbest=array([ 2.24180716,  2.52976738, -0.39164157,  5.0532237 ]), fbest=-0.061447143554687056, evals_best=101, evaluations=104, iterations=13, xfavorite=array([ 2.10089377,  2.48867609, -0.27454362,  4.95529002]), stds=array([0.17909631, 0.17317405, 0.19924437, 0.21538376]), stop={'ftarget': 1e-11})
8 10
(4_w,8)-aCMA-ES (mu_w=2.6,w_1=52%) in dimension 4 (seed=807731, Mon Jun 14 11:45:22 2021)
Iterat #Fevals   function value  axis ratio  sigma  min&max std  t[m:s]
    1      8 2.382965087890628e-01 1.0e+00 1.50e+00  1e+00  2e+00 0:14.6
    2     16 5.103759765625000e-01 1.3e+00 1.33e+00  1e+00  1e+00 0:28.9
    3     24 2.234344482421879e-01 1.3e+00 1.34e+00  1e+00  1e+00 0:42.7
    4     32 1.217956542968753e-01 1.6e+00 1.42e+00  1e+00  2e+00 0:56.9
    5     40 1.720581054687506e-01 2.0e+00 1.24e+00  1e+00  1e+00 1:11.5
    6     48 1.546936035156248e-01 1.9e+00 1.31e+00  1e+00  1e+00 1:25.6
    7     56 1.270294189453126e-01 1.9e+00 1.28e+00  9e-01  1e+00 1:40.1
    8     64 7.455444335937489e-02 1.9e+00 1.23e+00  8e-01  1e+00 1:54.0
    9     72 2.525787353515626e-01 2.1e+00 1.10e+00  8e-01  1e+00 2:07.7
   10     80 2.752075195312503e-01 2.3e+00 1.11e+00  7e-01  1e+00 2:22.1
   11     88 9.715270996093794e-02 2.9e+00 1.04e+00  6e-01  1e+00 2:36.2
   12     96 1.141815185546879e-01 3.1e+00 9.72e-01  5e-01  9e-01 2:50.1
   13    104 8.950805664062556e-02 2.9e+00 8.97e-01  5e-01  8e-01 3:04.7
   14    112 7.640075683593839e-02 3.1e+00 8.21e-01  4e-01  7e-01 3:18.6
   16    128 9.780883789062278e-03 3.3e+00 5.60e-01  3e-01  4e-01 3:46.8
   18    144 7.167053222656350e-02 2.5e+00 5.13e-01  2e-01  4e-01 4:15.0
   20    160 2.703857421875022e-02 2.7e+00 4.68e-01  2e-01  4e-01 4:43.2
   22    176 -4.704284667968750e-02 3.4e+00 3.25e-01  1e-01  3e-01 5:11.8
termination on ftarget=1e-11
final/bestever f-value = -4.704285e-02 -4.704285e-02
incumbent solution: [2.4331290635287126, 3.4015004246225153, 0.5144463245457283, 3.3342115679284046]
std deviation: [0.1325447239227982, 0.2583960381603169, 0.180868929424074, 0.19139718419545698]
CMAEvolutionStrategyResult(xbest=array([2.58442064, 3.15680565, 0.66012715, 3.15874319]), fbest=-0.0470428466796875, evals_best=174, evaluations=176, iterations=22, xfavorite=array([2.43312906, 3.40150042, 0.51444632, 3.33421157]), stds=array([0.13254472, 0.25839604, 0.18086893, 0.19139718]), stop={'ftarget': 1e-11})
9 10
(4_w,8)-aCMA-ES (mu_w=2.6,w_1=52%) in dimension 4 (seed=739108, Mon Jun 14 11:50:34 2021)
Iterat #Fevals   function value  axis ratio  sigma  min&max std  t[m:s]
    1      8 6.426391601562500e-01 1.0e+00 1.56e+00  1e+00  2e+00 0:14.0
    2     16 3.342590332031254e-01 1.4e+00 1.37e+00  1e+00  1e+00 0:28.5
    3     24 1.841430664062499e-01 1.5e+00 1.66e+00  2e+00  2e+00 0:42.4
    4     32 4.489746093750002e-01 2.1e+00 1.69e+00  2e+00  2e+00 0:56.8
    5     40 3.441772460937500e-01 2.2e+00 1.77e+00  2e+00  2e+00 1:10.7
    6     48 2.674407958984378e-01 2.0e+00 1.86e+00  2e+00  2e+00 1:25.1
    7     56 3.080749511718756e-01 2.2e+00 1.96e+00  2e+00  2e+00 1:39.2
    8     64 2.655944824218749e-01 2.6e+00 2.12e+00  2e+00  2e+00 1:53.2
    9     72 4.177093505859376e-01 2.4e+00 1.75e+00  1e+00  2e+00 2:07.6
   10     80 1.964416503906254e-01 2.7e+00 1.36e+00  1e+00  1e+00 2:21.4
   11     88 2.782745361328131e-01 3.1e+00 1.49e+00  1e+00  2e+00 2:35.6
   12     96 3.229064941406254e-01 2.5e+00 1.60e+00  1e+00  2e+00 2:50.1
   13    104 3.946075439453125e-01 2.7e+00 1.55e+00  1e+00  2e+00 3:04.2
   14    112 2.658386230468747e-01 2.8e+00 1.38e+00  9e-01  2e+00 3:18.3
   16    128 3.902130126953126e-01 3.7e+00 1.45e+00  9e-01  2e+00 3:46.8
   18    144 1.319122314453129e-01 3.9e+00 1.31e+00  7e-01  1e+00 4:15.1
   20    160 1.543273925781257e-01 3.4e+00 1.06e+00  6e-01  1e+00 4:43.0
   22    176 6.809997558593794e-02 3.2e+00 7.47e-01  3e-01  6e-01 5:11.3
   24    192 1.208496093750006e-01 3.2e+00 8.34e-01  4e-01  6e-01 5:39.6
   26    208 4.539489746093728e-02 2.9e+00 6.07e-01  3e-01  4e-01 6:07.5
   28    224 4.692077636718750e-02 2.4e+00 5.94e-01  2e-01  4e-01 6:35.5
   30    240 6.596374511718794e-02 2.2e+00 5.48e-01  2e-01  4e-01 7:03.6
   32    256 7.284545898437500e-02 2.3e+00 5.66e-01  2e-01  4e-01 7:32.0
   34    272 4.896545410156306e-02 2.5e+00 6.08e-01  2e-01  4e-01 8:00.3
   36    288 3.500366210937567e-02 2.4e+00 5.03e-01  2e-01  3e-01 8:28.6
   38    304 -2.664184570312478e-02 2.4e+00 4.18e-01  2e-01  2e-01 8:56.5
termination on ftarget=1e-11
final/bestever f-value = -2.664185e-02 -2.664185e-02
incumbent solution: [-1.3586148146614945, 14.390413361290637, 5.8280948238079295, 2.004829821259856]
std deviation: [0.2030807819006238, 0.16372283814949914, 0.20715640968628027, 0.15528830910881963]
CMAEvolutionStrategyResult(xbest=array([-1.25557841, 14.42255727,  5.72874694,  2.03382151]), fbest=-0.026641845703124778, evals_best=297, evaluations=304, iterations=38, xfavorite=array([-1.35861481, 14.39041336,  5.82809482,  2.00482982]), stds=array([0.20308078, 0.16372284, 0.20715641, 0.15528831]), stop={'ftarget': 1e-11})
