0 10
(4_w,8)-aCMA-ES (mu_w=2.6,w_1=52%) in dimension 4 (seed=745851, Mon Jun 14 11:03:44 2021)
circuitVTD.py:339: DeprecationWarning: The QuantumCircuit.__add__() method is being deprecated.Use the compose() method which is more flexible w.r.t circuit register compatibility.
  TrotterFixStepList.append(TrotterFixStepList[-1] + U_trot)
/home/nfb1/.local/lib/python3.7/site-packages/qiskit/circuit/quantumcircuit.py:869: DeprecationWarning: The QuantumCircuit.combine() method is being deprecated. Use the compose() method which is more flexible w.r.t circuit register compatibility.
  return self.combine(rhs)
Iterat #Fevals   function value  axis ratio  sigma  min&max std  t[m:s]
    1      8 1.318359375000006e-01 1.0e+00 1.77e+00  2e+00  2e+00 0:05.8
    2     16 1.435546875000007e-01 1.5e+00 2.00e+00  2e+00  2e+00 0:11.6
    3     24 4.169921875000002e-01 1.8e+00 2.23e+00  2e+00  3e+00 0:17.9
    4     32 2.138671875000003e-01 2.3e+00 1.72e+00  2e+00  2e+00 0:23.9
    5     40 2.265625000000007e-01 2.3e+00 1.60e+00  1e+00  2e+00 0:30.0
    6     48 6.445312500000022e-02 2.3e+00 1.42e+00  1e+00  2e+00 0:36.2
    7     56 2.343749999999998e-01 2.4e+00 1.13e+00  8e-01  1e+00 0:42.3
    9     72 0.000000000000000e+00 2.5e+00 1.09e+00  7e-01  1e+00 0:54.5
termination on ftarget=1e-11
final/bestever f-value = 0.000000e+00 0.000000e+00
incumbent solution: [8.01357498969487, 8.008453919071407, 6.693288710086958, 0.30889691424733323]
std deviation: [1.0425520423430241, 0.7086322571966972, 0.7540862559958094, 1.2908639488489189]
CMAEvolutionStrategyResult(xbest=array([8.25614209, 8.0836979 , 6.42790985, 0.37643146]), fbest=0.0, evals_best=70, evaluations=72, iterations=9, xfavorite=array([8.01357499, 8.00845392, 6.69328871, 0.30889691]), stds=array([1.04255204, 0.70863226, 0.75408626, 1.29086395]), stop={'ftarget': 1e-11})
1 10
(4_w,8)-aCMA-ES (mu_w=2.6,w_1=52%) in dimension 4 (seed=781915, Mon Jun 14 11:04:38 2021)
Iterat #Fevals   function value  axis ratio  sigma  min&max std  t[m:s]
    1      8 2.714843750000003e-01 1.0e+00 1.50e+00  1e+00  2e+00 0:07.2
    2     16 2.871093750000000e-01 1.3e+00 1.35e+00  1e+00  1e+00 0:14.5
    3     24 1.357421875000002e-01 1.3e+00 1.26e+00  1e+00  1e+00 0:21.9
    4     32 1.015625000000003e-01 1.4e+00 1.21e+00  8e-01  1e+00 0:29.2
    5     40 2.499999999999997e-01 1.5e+00 1.02e+00  7e-01  1e+00 0:36.4
    6     48 2.695312500000003e-01 1.6e+00 8.73e-01  5e-01  9e-01 0:44.0
    7     56 2.773437500000003e-01 1.9e+00 8.23e-01  5e-01  8e-01 0:51.4
    8     64 3.281250000000006e-01 2.1e+00 6.86e-01  4e-01  7e-01 0:58.6
   10     80 1.044921875000006e-01 2.4e+00 6.54e-01  3e-01  6e-01 1:13.3
   12     96 9.960937500000056e-02 2.5e+00 8.04e-01  5e-01  8e-01 1:28.1
   14    112 1.220703124999998e-01 3.5e+00 7.97e-01  5e-01  9e-01 1:42.8
   16    128 3.906249999999978e-02 4.0e+00 5.23e-01  3e-01  6e-01 1:57.4
   18    144 1.953125000000888e-03 5.5e+00 5.90e-01  3e-01  8e-01 2:12.3
   20    160 1.259765625000009e-01 5.7e+00 5.98e-01  3e-01  7e-01 2:27.2
   21    168 -5.859374999999556e-03 5.1e+00 5.83e-01  3e-01  6e-01 2:34.7
termination on ftarget=1e-11
final/bestever f-value = -5.859375e-03 -5.859375e-03
incumbent solution: [3.7853782911824263, 2.2932149132733888, 6.072699843555859, 6.270695695397507]
std deviation: [0.5819133482714763, 0.3837780813334899, 0.45301317426172333, 0.3041556086204011]
CMAEvolutionStrategyResult(xbest=array([3.86724363, 2.4485639 , 6.02399999, 6.2362106 ]), fbest=-0.005859374999999556, evals_best=166, evaluations=168, iterations=21, xfavorite=array([3.78537829, 2.29321491, 6.07269984, 6.2706957 ]), stds=array([0.58191335, 0.38377808, 0.45301317, 0.30415561]), stop={'ftarget': 1e-11})
2 10
(4_w,8)-aCMA-ES (mu_w=2.6,w_1=52%) in dimension 4 (seed=768802, Mon Jun 14 11:07:13 2021)
Iterat #Fevals   function value  axis ratio  sigma  min&max std  t[m:s]
    1      8 3.935546875000001e-01 1.0e+00 1.85e+00  2e+00  2e+00 0:07.1
    2     16 3.271484375000011e-01 1.7e+00 1.60e+00  2e+00  2e+00 0:14.1
    3     24 1.367187500000011e-02 1.9e+00 1.65e+00  2e+00  2e+00 0:21.4
    4     32 3.134765625000000e-01 1.9e+00 1.60e+00  1e+00  2e+00 0:29.1
    5     40 5.488281250000002e-01 2.1e+00 1.48e+00  1e+00  2e+00 0:36.8
    6     48 2.158203124999999e-01 2.5e+00 1.30e+00  1e+00  1e+00 0:44.0
    7     56 1.787109375000002e-01 2.8e+00 1.29e+00  1e+00  1e+00 0:51.4
    8     64 1.816406249999997e-01 3.1e+00 1.26e+00  1e+00  1e+00 0:58.5
   10     80 1.513671874999997e-01 3.4e+00 1.24e+00  1e+00  1e+00 1:13.3
   12     96 1.103515625000000e-01 3.8e+00 8.37e-01  7e-01  9e-01 1:28.8
   13    104 -7.812500000000000e-02 3.6e+00 7.20e-01  5e-01  7e-01 1:36.7
termination on ftarget=1e-11
final/bestever f-value = -7.812500e-02 -7.812500e-02
incumbent solution: [1.0161750044971363, 4.552232790567281, 4.787348240828065, -1.721106890830382]
std deviation: [0.4748015289003616, 0.5752582534984957, 0.7061896141472264, 0.5845914146247849]
CMAEvolutionStrategyResult(xbest=array([ 0.99933923,  4.97694375,  4.71346841, -2.21057274]), fbest=-0.078125, evals_best=104, evaluations=104, iterations=13, xfavorite=array([ 1.016175  ,  4.55223279,  4.78734824, -1.72110689]), stds=array([0.47480153, 0.57525825, 0.70618961, 0.58459141]), stop={'ftarget': 1e-11})
3 10
(4_w,8)-aCMA-ES (mu_w=2.6,w_1=52%) in dimension 4 (seed=810521, Mon Jun 14 11:08:49 2021)
Iterat #Fevals   function value  axis ratio  sigma  min&max std  t[m:s]
    1      8 2.636718750000007e-01 1.0e+00 1.31e+00  1e+00  1e+00 0:07.5
    2     16 2.773437500000001e-01 1.2e+00 1.23e+00  1e+00  1e+00 0:15.0
    3     24 2.021484375000000e-01 1.4e+00 1.15e+00  9e-01  1e+00 0:22.9
    4     32 2.597656250000002e-01 1.5e+00 1.18e+00  9e-01  1e+00 0:30.3
    5     40 1.523437500000004e-01 1.5e+00 1.11e+00  8e-01  1e+00 0:37.9
    6     48 2.460937500000002e-01 1.7e+00 1.08e+00  7e-01  1e+00 0:45.6
    7     56 -3.222656249999956e-02 1.8e+00 9.26e-01  6e-01  9e-01 0:53.1
termination on ftarget=1e-11
final/bestever f-value = -3.222656e-02 -3.222656e-02
incumbent solution: [-0.6471538482881207, 0.986677265239291, 2.643254754988632, 3.7539561899902254]
std deviation: [0.9185909565551503, 0.8168497643397296, 0.595310291588557, 0.6992938475253394]
CMAEvolutionStrategyResult(xbest=array([-0.74420169,  0.8893247 ,  2.95504771,  3.51043622]), fbest=-0.032226562499999556, evals_best=55, evaluations=56, iterations=7, xfavorite=array([-0.64715385,  0.98667727,  2.64325475,  3.75395619]), stds=array([0.91859096, 0.81684976, 0.59531029, 0.69929385]), stop={'ftarget': 1e-11})
4 10
(4_w,8)-aCMA-ES (mu_w=2.6,w_1=52%) in dimension 4 (seed=757586, Mon Jun 14 11:09:43 2021)
Iterat #Fevals   function value  axis ratio  sigma  min&max std  t[m:s]
    1      8 3.837890625000000e-01 1.0e+00 1.54e+00  1e+00  2e+00 0:07.6
    2     16 4.482421875000003e-01 1.3e+00 1.38e+00  1e+00  1e+00 0:15.2
    3     24 3.701171875000007e-01 1.3e+00 1.32e+00  1e+00  1e+00 0:22.7
    4     32 2.744140625000009e-01 1.3e+00 1.26e+00  9e-01  1e+00 0:30.5
    5     40 1.748046875000001e-01 1.6e+00 9.64e-01  7e-01  1e+00 0:37.9
    6     48 8.300781250000067e-02 1.9e+00 8.86e-01  6e-01  1e+00 0:45.2
    7     56 1.054687500000006e-01 2.2e+00 9.86e-01  7e-01  1e+00 0:52.9
    8     64 7.910156250000033e-02 2.7e+00 1.18e+00  8e-01  2e+00 1:00.5
   10     80 1.123046875000000e-01 3.8e+00 1.25e+00  8e-01  2e+00 1:15.0
   12     96 9.960937500000011e-02 3.3e+00 9.99e-01  6e-01  1e+00 1:30.5
   14    112 -3.613281249999978e-02 4.3e+00 9.08e-01  6e-01  1e+00 1:45.3
termination on ftarget=1e-11
final/bestever f-value = -3.613281e-02 -3.613281e-02
incumbent solution: [1.449144236621242, 0.9070901762074527, 5.235066076771035, 3.5299105257386874]
std deviation: [1.2021820288714344, 0.5716707198768511, 0.5571981325482327, 0.595078663534703]
CMAEvolutionStrategyResult(xbest=array([1.85491065, 0.61477871, 5.01251344, 3.88120598]), fbest=-0.03613281249999978, evals_best=108, evaluations=112, iterations=14, xfavorite=array([1.44914424, 0.90709018, 5.23506608, 3.52991053]), stds=array([1.20218203, 0.57167072, 0.55719813, 0.59507866]), stop={'ftarget': 1e-11})
5 10
(4_w,8)-aCMA-ES (mu_w=2.6,w_1=52%) in dimension 4 (seed=816420, Mon Jun 14 11:11:28 2021)
Iterat #Fevals   function value  axis ratio  sigma  min&max std  t[m:s]
    1      8 1.455078125000004e-01 1.0e+00 1.72e+00  2e+00  2e+00 0:07.3
    2     16 3.105468750000010e-01 1.4e+00 1.60e+00  2e+00  2e+00 0:14.5
    3     24 2.929687500000089e-02 1.3e+00 1.55e+00  1e+00  2e+00 0:21.9
    4     32 1.738281249999997e-01 1.5e+00 1.41e+00  1e+00  2e+00 0:29.0
    5     40 9.277343750000078e-02 1.6e+00 1.20e+00  9e-01  1e+00 0:36.3
    6     48 1.123046875000002e-01 1.4e+00 1.36e+00  1e+00  2e+00 0:43.6
    7     56 1.582031250000006e-01 1.8e+00 1.46e+00  9e-01  2e+00 0:50.7
    8     64 1.347656250000002e-01 2.3e+00 1.57e+00  1e+00  2e+00 0:58.6
   10     80 8.203125000000000e-02 2.7e+00 1.22e+00  7e-01  1e+00 1:13.6
   12     96 2.539062499999967e-02 3.2e+00 9.88e-01  5e-01  1e+00 1:28.7
   14    112 4.003906250000011e-02 3.3e+00 8.56e-01  4e-01  8e-01 1:43.7
   16    128 -7.324218749999911e-02 3.2e+00 6.72e-01  3e-01  7e-01 1:58.7
termination on ftarget=1e-11
final/bestever f-value = -7.324219e-02 -7.324219e-02
incumbent solution: [-0.9064552265868546, -0.24923894270507693, -0.020763217304534953, -0.7240168459738441]
std deviation: [0.6540291773139878, 0.26933134334725295, 0.5265830417649098, 0.3689867681095688]
CMAEvolutionStrategyResult(xbest=array([-1.05026865, -0.25037638, -0.25719828, -0.6604535 ]), fbest=-0.07324218749999911, evals_best=121, evaluations=128, iterations=16, xfavorite=array([-0.90645523, -0.24923894, -0.02076322, -0.72401685]), stds=array([0.65402918, 0.26933134, 0.52658304, 0.36898677]), stop={'ftarget': 1e-11})
6 10
(4_w,8)-aCMA-ES (mu_w=2.6,w_1=52%) in dimension 4 (seed=728939, Mon Jun 14 11:13:27 2021)
Iterat #Fevals   function value  axis ratio  sigma  min&max std  t[m:s]
    1      8 9.960937500000044e-02 1.0e+00 1.34e+00  1e+00  1e+00 0:07.4
    2     16 2.568359375000008e-01 1.2e+00 1.20e+00  1e+00  1e+00 0:14.4
    3     24 1.796875000000008e-01 1.3e+00 1.10e+00  9e-01  1e+00 0:21.8
    4     32 8.300781250000067e-02 1.4e+00 9.68e-01  8e-01  9e-01 0:29.4
    5     40 2.031250000000006e-01 1.4e+00 1.05e+00  8e-01  1e+00 0:36.8
    6     48 2.753906250000004e-01 1.7e+00 8.83e-01  6e-01  1e+00 0:45.0
    7     56 -9.765625000000000e-03 1.9e+00 7.37e-01  5e-01  8e-01 0:52.3
termination on ftarget=1e-11
final/bestever f-value = -9.765625e-03 -9.765625e-03
incumbent solution: [6.358018879716443, 2.2514159791111634, 2.0416994502291965, 4.622521320998656]
std deviation: [0.48936116943032837, 0.6546952538731777, 0.7626658059844402, 0.5122371450235214]
CMAEvolutionStrategyResult(xbest=array([6.57777895, 2.28759277, 2.15003482, 4.25808448]), fbest=-0.009765625, evals_best=51, evaluations=56, iterations=7, xfavorite=array([6.35801888, 2.25141598, 2.04169945, 4.62252132]), stds=array([0.48936117, 0.65469525, 0.76266581, 0.51223715]), stop={'ftarget': 1e-11})
7 10
(4_w,8)-aCMA-ES (mu_w=2.6,w_1=52%) in dimension 4 (seed=767580, Mon Jun 14 11:14:19 2021)
Iterat #Fevals   function value  axis ratio  sigma  min&max std  t[m:s]
    1      8 3.984374999999998e-01 1.0e+00 1.51e+00  1e+00  2e+00 0:07.4
    2     16 1.992187500000006e-01 1.2e+00 1.56e+00  1e+00  2e+00 0:15.2
    3     24 3.066406250000004e-01 1.6e+00 1.39e+00  1e+00  2e+00 0:22.9
    4     32 1.562500000000001e-01 1.8e+00 1.32e+00  1e+00  1e+00 0:30.7
    5     40 2.441406249999933e-02 1.7e+00 1.27e+00  1e+00  1e+00 0:38.5
    6     48 1.328124999999999e-01 1.7e+00 1.20e+00  1e+00  1e+00 0:46.2
    7     56 5.078125000000022e-02 1.6e+00 9.46e-01  7e-01  9e-01 0:53.8
    8     64 2.265625000000003e-01 1.7e+00 9.52e-01  7e-01  9e-01 1:01.5
   10     80 6.738281249999967e-02 1.8e+00 8.38e-01  6e-01  8e-01 1:16.5
   12     96 1.181640625000000e-01 1.8e+00 7.46e-01  5e-01  7e-01 1:31.8
   14    112 -1.855468750000000e-02 1.9e+00 6.98e-01  5e-01  6e-01 1:46.4
termination on ftarget=1e-11
final/bestever f-value = -1.855469e-02 -1.855469e-02
incumbent solution: [5.53518325323554, 6.97818413174354, 1.6101342959704978, 1.4382643437412694]
std deviation: [0.5927267542212925, 0.5374844210604217, 0.48725595873882893, 0.45141076728743545]
CMAEvolutionStrategyResult(xbest=array([5.18528342, 7.20148909, 1.61490118, 1.35107219]), fbest=-0.0185546875, evals_best=110, evaluations=112, iterations=14, xfavorite=array([5.53518325, 6.97818413, 1.6101343 , 1.43826434]), stds=array([0.59272675, 0.53748442, 0.48725596, 0.45141077]), stop={'ftarget': 1e-11})
8 10
(4_w,8)-aCMA-ES (mu_w=2.6,w_1=52%) in dimension 4 (seed=870635, Mon Jun 14 11:16:05 2021)
Iterat #Fevals   function value  axis ratio  sigma  min&max std  t[m:s]
    1      8 -3.808593750000000e-02 1.0e+00 1.58e+00  1e+00  2e+00 0:07.3
termination on ftarget=1e-11
final/bestever f-value = -3.808594e-02 -3.808594e-02
incumbent solution: [4.689517211148114, 6.061738147999708, 2.798889494242063, 4.128613273823821]
std deviation: [1.6507522783196595, 1.572717025126833, 1.6729349085635434, 1.4052655007929284]
CMAEvolutionStrategyResult(xbest=array([5.26551086, 5.50082399, 3.68188557, 3.36388864]), fbest=-0.0380859375, evals_best=4, evaluations=8, iterations=1, xfavorite=array([4.68951721, 6.06173815, 2.79888949, 4.12861327]), stds=array([1.65075228, 1.57271703, 1.67293491, 1.4052655 ]), stop={'ftarget': 1e-11})
9 10
(4_w,8)-aCMA-ES (mu_w=2.6,w_1=52%) in dimension 4 (seed=705051, Mon Jun 14 11:16:13 2021)
Iterat #Fevals   function value  axis ratio  sigma  min&max std  t[m:s]
    1      8 5.878906250000008e-01 1.0e+00 1.30e+00  1e+00  1e+00 0:07.3
    2     16 1.914062500000003e-01 1.2e+00 1.30e+00  1e+00  1e+00 0:14.8
    3     24 6.738281250000044e-02 1.2e+00 1.23e+00  1e+00  1e+00 0:22.1
    4     32 3.242187500000008e-01 1.3e+00 1.12e+00  1e+00  1e+00 0:29.4
    5     40 2.050781250000000e-01 1.5e+00 9.90e-01  7e-01  9e-01 0:36.5
    6     48 5.371093749999933e-02 1.5e+00 9.77e-01  6e-01  1e+00 0:43.8
    7     56 1.806640624999998e-01 1.8e+00 8.46e-01  5e-01  8e-01 0:51.0
    8     64 3.515625000000022e-02 1.9e+00 7.04e-01  4e-01  7e-01 0:58.4
   10     80 1.757812499999989e-02 2.2e+00 6.22e-01  3e-01  6e-01 1:13.2
   12     96 -9.472656250000067e-02 2.0e+00 5.24e-01  3e-01  5e-01 1:27.9
termination on ftarget=1e-11
final/bestever f-value = -9.472656e-02 -9.472656e-02
incumbent solution: [2.029507537735005, 3.6863360335709228, 2.808300153851614, 4.740529808740829]
std deviation: [0.259969122018317, 0.29653868268277833, 0.39150068999065063, 0.45213740542879005]
CMAEvolutionStrategyResult(xbest=array([2.25096301, 3.69988841, 2.53468666, 4.73522572]), fbest=-0.09472656250000067, evals_best=94, evaluations=96, iterations=12, xfavorite=array([2.02950754, 3.68633603, 2.80830015, 4.74052981]), stds=array([0.25996912, 0.29653868, 0.39150069, 0.45213741]), stop={'ftarget': 1e-11})
