0 10
(4_w,8)-aCMA-ES (mu_w=2.6,w_1=52%) in dimension 4 (seed=780322, Mon Jun 14 16:24:15 2021)
circuitVTD.py:339: DeprecationWarning: The QuantumCircuit.__add__() method is being deprecated.Use the compose() method which is more flexible w.r.t circuit register compatibility.
  TrotterFixStepList.append(TrotterFixStepList[-1] + U_trot)
/home/nfb1/.local/lib/python3.7/site-packages/qiskit/circuit/quantumcircuit.py:869: DeprecationWarning: The QuantumCircuit.combine() method is being deprecated. Use the compose() method which is more flexible w.r.t circuit register compatibility.
  return self.combine(rhs)
Iterat #Fevals   function value  axis ratio  sigma  min&max std  t[m:s]
    1      8 1.308593750000004e-01 1.0e+00 1.58e+00  1e+00  2e+00 0:05.8
    2     16 1.718750000000011e-01 1.4e+00 1.62e+00  2e+00  2e+00 0:11.3
    3     24 1.796874999999998e-01 1.7e+00 1.84e+00  2e+00  2e+00 0:17.1
    4     32 4.433593750000002e-01 1.7e+00 1.90e+00  2e+00  2e+00 0:22.7
    5     40 1.191406250000006e-01 1.6e+00 1.72e+00  1e+00  2e+00 0:28.4
    6     48 3.320312500000022e-02 1.6e+00 1.97e+00  2e+00  2e+00 0:34.2
    8     64 2.773437500000008e-01 2.0e+00 1.91e+00  1e+00  2e+00 0:45.4
   10     80 1.679687500000007e-01 2.3e+00 2.09e+00  2e+00  2e+00 0:57.0
   12     96 4.140625000000001e-01 3.3e+00 3.37e+00  3e+00  4e+00 1:08.4
   14    112 3.007812500000009e-01 4.1e+00 2.39e+00  2e+00  3e+00 1:20.1
   16    128 5.019531250000001e-01 4.9e+00 2.20e+00  2e+00  3e+00 1:31.9
   18    144 1.757812500000033e-02 5.5e+00 2.26e+00  2e+00  3e+00 1:43.2
   21    168 2.636718750000009e-01 7.8e+00 1.91e+00  1e+00  3e+00 2:00.3
   23    184 -1.171874999999978e-02 8.7e+00 1.56e+00  1e+00  2e+00 2:11.8
termination on ftarget=1e-11
final/bestever f-value = -1.171875e-02 -1.171875e-02
incumbent solution: [-0.00508058489728036, 12.682839332785068, 8.573891964701113, -5.020776666223905]
std deviation: [1.005130949344778, 1.880086851999003, 1.7837416256723686, 1.7296718646497284]
CMAEvolutionStrategyResult(xbest=array([-0.91469576, 11.74549135,  8.26353474, -4.02248716]), fbest=-0.011718749999999778, evals_best=178, evaluations=184, iterations=23, xfavorite=array([-5.08058490e-03,  1.26828393e+01,  8.57389196e+00, -5.02077667e+00]), stds=array([1.00513095, 1.88008685, 1.78374163, 1.72967186]), stop={'ftarget': 1e-11})
1 10
(4_w,8)-aCMA-ES (mu_w=2.6,w_1=52%) in dimension 4 (seed=803038, Mon Jun 14 16:26:27 2021)
Iterat #Fevals   function value  axis ratio  sigma  min&max std  t[m:s]
    1      8 6.308593750000004e-01 1.0e+00 1.38e+00  1e+00  1e+00 0:07.2
    2     16 3.164062500000000e-01 1.3e+00 1.31e+00  1e+00  1e+00 0:14.8
    3     24 1.308593749999999e-01 1.5e+00 1.19e+00  9e-01  1e+00 0:21.7
    4     32 2.382812500000006e-01 1.7e+00 1.01e+00  7e-01  1e+00 0:28.7
    5     40 1.972656249999997e-01 1.8e+00 7.81e-01  5e-01  9e-01 0:36.2
    6     48 6.250000000000044e-02 1.9e+00 8.36e-01  5e-01  1e+00 0:43.2
    7     56 1.875000000000004e-01 2.0e+00 7.84e-01  5e-01  1e+00 0:50.0
    8     64 2.343749999999989e-02 2.3e+00 7.17e-01  4e-01  9e-01 0:57.2
   10     80 9.765625000000444e-03 2.9e+00 6.20e-01  3e-01  7e-01 1:11.2
   12     96 7.617187500000067e-02 2.8e+00 7.01e-01  3e-01  9e-01 1:25.2
   14    112 7.812500000000044e-02 2.8e+00 6.84e-01  3e-01  8e-01 1:39.3
   15    120 -2.929687499999978e-02 2.8e+00 6.19e-01  3e-01  7e-01 1:46.2
termination on ftarget=1e-11
final/bestever f-value = -2.929687e-02 -2.929687e-02
incumbent solution: [0.29691965994390157, 0.3048961826594191, 3.196347050919875, 7.665875306843179]
std deviation: [0.7427651138634294, 0.3263139068831254, 0.3862383767191535, 0.2986871616611826]
CMAEvolutionStrategyResult(xbest=array([0.0174867 , 0.1945739 , 3.32592853, 7.82667875]), fbest=-0.029296874999999778, evals_best=115, evaluations=120, iterations=15, xfavorite=array([0.29691966, 0.30489618, 3.19634705, 7.66587531]), stds=array([0.74276511, 0.32631391, 0.38623838, 0.29868716]), stop={'ftarget': 1e-11})
2 10
(4_w,8)-aCMA-ES (mu_w=2.6,w_1=52%) in dimension 4 (seed=842414, Mon Jun 14 16:28:13 2021)
Iterat #Fevals   function value  axis ratio  sigma  min&max std  t[m:s]
    1      8 4.941406250000001e-01 1.0e+00 1.37e+00  1e+00  1e+00 0:07.1
    2     16 5.058593750000001e-01 1.2e+00 1.44e+00  1e+00  1e+00 0:13.9
    3     24 2.500000000000003e-01 1.5e+00 1.24e+00  1e+00  1e+00 0:21.0
    4     32 2.695312500000001e-01 1.7e+00 1.25e+00  1e+00  1e+00 0:28.0
    5     40 1.777343750000004e-01 1.7e+00 1.32e+00  1e+00  2e+00 0:34.9
    6     48 1.152343750000007e-01 2.1e+00 1.10e+00  8e-01  1e+00 0:41.8
    7     56 1.835937500000004e-01 2.0e+00 9.00e-01  6e-01  1e+00 0:48.6
    9     72 -3.710937500000000e-02 2.3e+00 8.01e-01  5e-01  1e+00 1:02.8
termination on ftarget=1e-11
final/bestever f-value = -3.710938e-02 -3.710938e-02
incumbent solution: [7.648961804287335, 4.101511755244454, 2.449083331941538, 3.929906074875687]
std deviation: [0.5568784964825232, 0.5041059567556985, 1.0490346086207492, 0.49823285908647025]
CMAEvolutionStrategyResult(xbest=array([7.56670875, 4.13047174, 3.08102042, 3.86076722]), fbest=-0.037109375, evals_best=66, evaluations=72, iterations=9, xfavorite=array([7.6489618 , 4.10151176, 2.44908333, 3.92990607]), stds=array([0.5568785 , 0.50410596, 1.04903461, 0.49823286]), stop={'ftarget': 1e-11})
3 10
(4_w,8)-aCMA-ES (mu_w=2.6,w_1=52%) in dimension 4 (seed=783378, Mon Jun 14 16:29:16 2021)
Iterat #Fevals   function value  axis ratio  sigma  min&max std  t[m:s]
    1      8 4.296875000000006e-01 1.0e+00 1.51e+00  1e+00  2e+00 0:06.8
    2     16 -2.734374999999889e-02 1.3e+00 1.45e+00  1e+00  2e+00 0:13.8
termination on ftarget=1e-11
final/bestever f-value = -2.734375e-02 -2.734375e-02
incumbent solution: [1.6085790083828329, 2.803244422880582, 0.9276063342038837, 1.0796174187421606]
std deviation: [1.5465356334347924, 1.3565611241720343, 1.380057908751474, 1.4226925356698679]
CMAEvolutionStrategyResult(xbest=array([ 3.73469146,  2.91720516, -0.29694383,  1.40401658]), fbest=-0.02734374999999889, evals_best=15, evaluations=16, iterations=2, xfavorite=array([1.60857901, 2.80324442, 0.92760633, 1.07961742]), stds=array([1.54653563, 1.35656112, 1.38005791, 1.42269254]), stop={'ftarget': 1e-11})
4 10
(4_w,8)-aCMA-ES (mu_w=2.6,w_1=52%) in dimension 4 (seed=735808, Mon Jun 14 16:29:30 2021)
Iterat #Fevals   function value  axis ratio  sigma  min&max std  t[m:s]
    1      8 1.523437500000004e-01 1.0e+00 1.69e+00  2e+00  2e+00 0:07.1
    2     16 5.371093749999998e-01 1.5e+00 1.47e+00  1e+00  2e+00 0:14.3
    3     24 8.007812500000044e-02 1.7e+00 1.42e+00  1e+00  2e+00 0:21.1
    4     32 1.914062500000003e-01 1.7e+00 1.29e+00  1e+00  1e+00 0:28.0
    5     40 4.335937499999999e-01 1.6e+00 1.32e+00  1e+00  2e+00 0:35.1
    6     48 2.265625000000004e-01 1.8e+00 1.35e+00  1e+00  2e+00 0:41.9
    7     56 4.062500000000007e-01 2.3e+00 1.44e+00  1e+00  2e+00 0:49.5
    9     72 1.308593750000008e-01 2.7e+00 1.05e+00  7e-01  1e+00 1:03.3
   11     88 5.468749999999989e-02 2.2e+00 8.15e-01  5e-01  9e-01 1:17.5
   13    104 1.953125000000011e-02 2.7e+00 6.13e-01  3e-01  7e-01 1:31.9
   15    120 -2.929687500000000e-02 2.6e+00 4.79e-01  2e-01  6e-01 1:45.7
termination on ftarget=1e-11
final/bestever f-value = -2.929688e-02 -2.929688e-02
incumbent solution: [3.5686369388862578, 3.3422991513416735, 1.126577708365808, 3.5646442630560626]
std deviation: [0.30019895894970705, 0.23067817777895272, 0.24859765975333972, 0.5571883571722688]
CMAEvolutionStrategyResult(xbest=array([3.49012218, 3.54358524, 0.86850768, 3.72188886]), fbest=-0.029296875, evals_best=115, evaluations=120, iterations=15, xfavorite=array([3.56863694, 3.34229915, 1.12657771, 3.56464426]), stds=array([0.30019896, 0.23067818, 0.24859766, 0.55718836]), stop={'ftarget': 1e-11})
5 10
(4_w,8)-aCMA-ES (mu_w=2.6,w_1=52%) in dimension 4 (seed=825037, Mon Jun 14 16:31:15 2021)
Iterat #Fevals   function value  axis ratio  sigma  min&max std  t[m:s]
    1      8 2.617187499999999e-01 1.0e+00 1.41e+00  1e+00  1e+00 0:07.0
    2     16 8.007812500000022e-02 1.4e+00 1.49e+00  1e+00  2e+00 0:14.0
    3     24 2.753906250000000e-01 1.5e+00 1.51e+00  1e+00  1e+00 0:20.8
    4     32 2.246093750000016e-01 1.4e+00 1.40e+00  1e+00  1e+00 0:27.6
    5     40 1.914062499999997e-01 1.6e+00 1.32e+00  1e+00  1e+00 0:34.6
    6     48 2.050781250000002e-01 1.6e+00 1.23e+00  9e-01  1e+00 0:41.6
    7     56 2.910156250000004e-01 1.8e+00 9.68e-01  7e-01  9e-01 0:49.0
    9     72 2.539062499999956e-02 2.2e+00 8.12e-01  5e-01  8e-01 1:02.4
   10     80 -7.812500000000444e-03 2.4e+00 7.29e-01  4e-01  7e-01 1:09.2
termination on ftarget=1e-11
final/bestever f-value = -7.812500e-03 -7.812500e-03
incumbent solution: [4.515098600604387, -0.8473153294841872, 0.5216851677649377, 5.741793090450153]
std deviation: [0.53831123430219, 0.6528923884372627, 0.6384246816402667, 0.40629676347159127]
CMAEvolutionStrategyResult(xbest=array([ 4.62486366, -1.30225898,  1.04537858,  5.90774238]), fbest=-0.007812500000000444, evals_best=79, evaluations=80, iterations=10, xfavorite=array([ 4.5150986 , -0.84731533,  0.52168517,  5.74179309]), stds=array([0.53831123, 0.65289239, 0.63842468, 0.40629676]), stop={'ftarget': 1e-11})
6 10
(4_w,8)-aCMA-ES (mu_w=2.6,w_1=52%) in dimension 4 (seed=749435, Mon Jun 14 16:32:25 2021)
Iterat #Fevals   function value  axis ratio  sigma  min&max std  t[m:s]
    1      8 1.035156250000003e-01 1.0e+00 1.56e+00  1e+00  2e+00 0:06.8
    2     16 2.832031250000010e-01 1.1e+00 1.74e+00  2e+00  2e+00 0:13.5
    3     24 1.445312500000007e-01 1.5e+00 1.69e+00  1e+00  2e+00 0:20.5
    4     32 2.421875000000004e-01 1.4e+00 1.49e+00  1e+00  2e+00 0:27.2
    5     40 2.988281250000009e-01 1.3e+00 1.31e+00  1e+00  1e+00 0:34.0
    6     48 1.699218750000002e-01 1.5e+00 1.25e+00  9e-01  1e+00 0:41.0
    7     56 1.796875000000004e-01 1.7e+00 1.27e+00  9e-01  1e+00 0:47.9
    8     64 8.789062499999989e-02 2.0e+00 1.31e+00  9e-01  1e+00 0:55.3
   10     80 3.906250000000333e-03 2.1e+00 1.17e+00  7e-01  1e+00 1:09.8
   12     96 1.074218750000004e-01 2.3e+00 9.24e-01  5e-01  9e-01 1:24.0
   13    104 -2.343750000000022e-02 2.2e+00 9.58e-01  5e-01  9e-01 1:30.6
termination on ftarget=1e-11
final/bestever f-value = -2.343750e-02 -2.343750e-02
incumbent solution: [3.0076552064359063, 5.869316461489083, 2.177785241164126, 7.135613113520268]
std deviation: [0.8185239827787258, 0.4631536207163055, 0.8911585934034765, 0.5764310088558241]
CMAEvolutionStrategyResult(xbest=array([3.83394262, 5.86655419, 2.48265114, 7.26166474]), fbest=-0.023437500000000222, evals_best=100, evaluations=104, iterations=13, xfavorite=array([3.00765521, 5.86931646, 2.17778524, 7.13561311]), stds=array([0.81852398, 0.46315362, 0.89115859, 0.57643101]), stop={'ftarget': 1e-11})
7 10
(4_w,8)-aCMA-ES (mu_w=2.6,w_1=52%) in dimension 4 (seed=810843, Mon Jun 14 16:33:55 2021)
Iterat #Fevals   function value  axis ratio  sigma  min&max std  t[m:s]
    1      8 4.824218750000003e-01 1.0e+00 1.42e+00  1e+00  1e+00 0:07.0
    2     16 1.054687500000004e-01 1.2e+00 1.24e+00  1e+00  1e+00 0:13.9
    3     24 1.914062500000007e-01 1.6e+00 1.13e+00  9e-01  1e+00 0:20.9
    4     32 1.425781250000006e-01 1.5e+00 9.52e-01  8e-01  8e-01 0:27.8
    5     40 9.375000000000056e-02 1.5e+00 8.39e-01  7e-01  7e-01 0:35.2
    6     48 1.054687499999997e-01 1.8e+00 6.36e-01  5e-01  5e-01 0:42.1
    7     56 2.011718750000001e-01 1.7e+00 6.19e-01  5e-01  5e-01 0:49.8
    9     72 -6.249999999999911e-02 2.1e+00 5.73e-01  4e-01  5e-01 1:04.1
termination on ftarget=1e-11
final/bestever f-value = -6.250000e-02 -6.250000e-02
incumbent solution: [5.013530446761825, 6.262465354632782, 2.618097506873088, 1.5921947463909394]
std deviation: [0.43567487192550114, 0.4611484290810226, 0.4008517512320659, 0.4821737304385136]
CMAEvolutionStrategyResult(xbest=array([4.93795815, 6.50215847, 2.85500921, 1.56098718]), fbest=-0.06249999999999911, evals_best=70, evaluations=72, iterations=9, xfavorite=array([5.01353045, 6.26246535, 2.61809751, 1.59219475]), stds=array([0.43567487, 0.46114843, 0.40085175, 0.48217373]), stop={'ftarget': 1e-11})
8 10
(4_w,8)-aCMA-ES (mu_w=2.6,w_1=52%) in dimension 4 (seed=823655, Mon Jun 14 16:34:59 2021)
Iterat #Fevals   function value  axis ratio  sigma  min&max std  t[m:s]
    1      8 5.292968750000000e-01 1.0e+00 1.52e+00  1e+00  2e+00 0:07.4
    2     16 1.718750000000000e-01 1.4e+00 1.48e+00  1e+00  2e+00 0:14.1
    3     24 1.875000000000008e-01 1.6e+00 1.34e+00  1e+00  1e+00 0:21.0
    4     32 -3.124999999999956e-02 1.6e+00 1.25e+00  9e-01  1e+00 0:28.3
termination on ftarget=1e-11
final/bestever f-value = -3.125000e-02 -3.125000e-02
incumbent solution: [1.1666508372109807, 4.677888587752332, 3.714537479103939, 3.8560289066337265]
std deviation: [1.1704576129049826, 0.8965714275917718, 1.2992504096500945, 1.072247851578552]
CMAEvolutionStrategyResult(xbest=array([0.97434872, 4.51454152, 3.0491892 , 3.91689248]), fbest=-0.031249999999999556, evals_best=31, evaluations=32, iterations=4, xfavorite=array([1.16665084, 4.67788859, 3.71453748, 3.85602891]), stds=array([1.17045761, 0.89657143, 1.29925041, 1.07224785]), stop={'ftarget': 1e-11})
9 10
(4_w,8)-aCMA-ES (mu_w=2.6,w_1=52%) in dimension 4 (seed=818309, Mon Jun 14 16:35:28 2021)
Iterat #Fevals   function value  axis ratio  sigma  min&max std  t[m:s]
    1      8 6.035156250000000e-01 1.0e+00 1.55e+00  1e+00  2e+00 0:06.8
    2     16 3.066406249999998e-01 1.3e+00 1.48e+00  1e+00  2e+00 0:13.8
    3     24 6.386718750000003e-01 1.3e+00 1.46e+00  1e+00  1e+00 0:20.7
    4     32 1.796875000000001e-01 1.5e+00 1.24e+00  1e+00  1e+00 0:27.4
    5     40 -6.249999999999933e-02 1.7e+00 1.17e+00  1e+00  1e+00 0:34.8
termination on ftarget=1e-11
final/bestever f-value = -6.250000e-02 -6.250000e-02
incumbent solution: [1.57222164817455, 5.519283434284536, 4.612232450333597, 3.5241960516837385]
std deviation: [1.0311787854217753, 1.033567353303742, 1.2768048885563654, 1.057994590404458]
CMAEvolutionStrategyResult(xbest=array([2.08406877, 5.39935413, 4.26846302, 3.60224643]), fbest=-0.062499999999999334, evals_best=40, evaluations=40, iterations=5, xfavorite=array([1.57222165, 5.51928343, 4.61223245, 3.52419605]), stds=array([1.03117879, 1.03356735, 1.27680489, 1.05799459]), stop={'ftarget': 1e-11})
