0 10
(4_w,8)-aCMA-ES (mu_w=2.6,w_1=52%) in dimension 4 (seed=848706, Mon Jun 14 16:24:07 2021)
circuitVTD.py:339: DeprecationWarning: The QuantumCircuit.__add__() method is being deprecated.Use the compose() method which is more flexible w.r.t circuit register compatibility.
  TrotterFixStepList.append(TrotterFixStepList[-1] + U_trot)
/home/nfb1/.local/lib/python3.7/site-packages/qiskit/circuit/quantumcircuit.py:869: DeprecationWarning: The QuantumCircuit.combine() method is being deprecated. Use the compose() method which is more flexible w.r.t circuit register compatibility.
  return self.combine(rhs)
Iterat #Fevals   function value  axis ratio  sigma  min&max std  t[m:s]
    1      8 4.804687500000000e-01 1.0e+00 1.34e+00  1e+00  1e+00 0:05.5
    2     16 8.593750000000111e-02 1.2e+00 1.83e+00  2e+00  2e+00 0:11.0
    3     24 2.500000000000002e-01 1.7e+00 1.82e+00  1e+00  2e+00 0:16.5
    4     32 1.562500000000008e-01 1.7e+00 2.00e+00  2e+00  2e+00 0:21.9
    5     40 2.460937500000016e-01 2.0e+00 2.09e+00  2e+00  2e+00 0:27.4
    6     48 6.289062500000004e-01 1.9e+00 2.28e+00  2e+00  2e+00 0:32.9
    8     64 3.671875000000002e-01 2.2e+00 2.26e+00  2e+00  2e+00 0:44.1
   10     80 4.414062500000003e-01 2.0e+00 1.85e+00  1e+00  2e+00 0:55.6
   12     96 1.757812500000009e-01 2.1e+00 1.49e+00  1e+00  1e+00 1:07.0
   14    112 2.695312499999998e-01 2.1e+00 1.26e+00  8e-01  1e+00 1:18.3
   16    128 1.757812499999999e-01 2.1e+00 1.10e+00  7e-01  1e+00 1:29.6
   18    144 1.757812500000002e-01 2.4e+00 1.02e+00  6e-01  8e-01 1:41.0
   21    168 8.593750000000067e-02 3.3e+00 8.75e-01  5e-01  7e-01 1:58.2
   22    176 -1.757812500000000e-01 3.4e+00 7.69e-01  4e-01  6e-01 2:03.7
termination on ftarget=1e-11
final/bestever f-value = -1.757812e-01 -1.757812e-01
incumbent solution: [-4.376689823265097, 3.696770092443398, 10.343264471122007, 9.352003097039054]
std deviation: [0.5184719638612639, 0.5566408184806683, 0.43174271085736954, 0.4740999956687979]
CMAEvolutionStrategyResult(xbest=array([-4.67268454,  3.26487124, 10.57783886,  9.47801097]), fbest=-0.17578125, evals_best=169, evaluations=176, iterations=22, xfavorite=array([-4.37668982,  3.69677009, 10.34326447,  9.3520031 ]), stds=array([0.51847196, 0.55664082, 0.43174271, 0.4741    ]), stop={'ftarget': 1e-11})
1 10
(4_w,8)-aCMA-ES (mu_w=2.6,w_1=52%) in dimension 4 (seed=833892, Mon Jun 14 16:26:11 2021)
Iterat #Fevals   function value  axis ratio  sigma  min&max std  t[m:s]
    1      8 3.828125000000008e-01 1.0e+00 1.46e+00  1e+00  2e+00 0:07.2
    2     16 1.093750000000006e-01 1.2e+00 1.41e+00  1e+00  2e+00 0:14.1
    3     24 -1.171875000000022e-02 1.4e+00 1.35e+00  1e+00  1e+00 0:21.2
termination on ftarget=1e-11
final/bestever f-value = -1.171875e-02 -1.171875e-02
incumbent solution: [-0.07963080382930267, 5.543589623952047, 2.7755528576973485, 3.1280921115219935]
std deviation: [1.3899674055972144, 1.3133850385472645, 1.2771621507872033, 1.2602945173173126]
CMAEvolutionStrategyResult(xbest=array([0.99933564, 5.40210821, 3.18900823, 2.95370526]), fbest=-0.011718750000000222, evals_best=19, evaluations=24, iterations=3, xfavorite=array([-0.0796308 ,  5.54358962,  2.77555286,  3.12809211]), stds=array([1.38996741, 1.31338504, 1.27716215, 1.26029452]), stop={'ftarget': 1e-11})
2 10
(4_w,8)-aCMA-ES (mu_w=2.6,w_1=52%) in dimension 4 (seed=810522, Mon Jun 14 16:26:32 2021)
Iterat #Fevals   function value  axis ratio  sigma  min&max std  t[m:s]
    1      8 1.367187499999997e-01 1.0e+00 1.49e+00  1e+00  2e+00 0:06.9
    2     16 1.875000000000001e-01 1.3e+00 1.36e+00  1e+00  1e+00 0:13.7
    3     24 3.632812499999999e-01 1.4e+00 1.16e+00  1e+00  1e+00 0:21.9
    4     32 3.085937500000002e-01 1.5e+00 9.74e-01  7e-01  9e-01 0:28.8
    5     40 5.078124999999989e-02 1.5e+00 9.98e-01  8e-01  9e-01 0:35.7
    6     48 2.226562499999993e-01 1.5e+00 9.58e-01  7e-01  9e-01 0:42.7
    7     56 1.914062500000002e-01 1.9e+00 7.83e-01  5e-01  7e-01 0:49.7
    9     72 -1.367187499999991e-01 2.4e+00 7.75e-01  6e-01  8e-01 1:03.5
termination on ftarget=1e-11
final/bestever f-value = -1.367187e-01 -1.367187e-01
incumbent solution: [6.785908019597555, 3.798021458369323, 3.3833279493222275, 5.60637238737724]
std deviation: [0.6770047144558978, 0.7517162537068854, 0.7262602287070096, 0.567427948493287]
CMAEvolutionStrategyResult(xbest=array([7.05854205, 3.82045773, 3.16905852, 5.36271826]), fbest=-0.1367187499999991, evals_best=69, evaluations=72, iterations=9, xfavorite=array([6.78590802, 3.79802146, 3.38332795, 5.60637239]), stds=array([0.67700471, 0.75171625, 0.72626023, 0.56742795]), stop={'ftarget': 1e-11})
3 10
(4_w,8)-aCMA-ES (mu_w=2.6,w_1=52%) in dimension 4 (seed=745031, Mon Jun 14 16:27:36 2021)
Iterat #Fevals   function value  axis ratio  sigma  min&max std  t[m:s]
    1      8 3.203124999999999e-01 1.0e+00 1.53e+00  1e+00  2e+00 0:07.1
    2     16 2.968749999999996e-01 1.5e+00 1.72e+00  2e+00  2e+00 0:14.1
    3     24 5.117187500000002e-01 1.7e+00 1.55e+00  1e+00  2e+00 0:21.1
    4     32 -7.421875000000000e-02 1.9e+00 1.31e+00  1e+00  1e+00 0:28.1
termination on ftarget=1e-11
final/bestever f-value = -7.421875e-02 -7.421875e-02
incumbent solution: [-0.6690374050610585, 1.2696875476611367, 5.796347085993607, 2.8684412515045423]
std deviation: [1.1306172343844765, 1.4159472841297214, 1.4623724584783175, 1.1474049378272644]
CMAEvolutionStrategyResult(xbest=array([-0.58891079,  0.83282488,  4.62302146,  3.02363678]), fbest=-0.07421875, evals_best=25, evaluations=32, iterations=4, xfavorite=array([-0.66903741,  1.26968755,  5.79634709,  2.86844125]), stds=array([1.13061723, 1.41594728, 1.46237246, 1.14740494]), stop={'ftarget': 1e-11})
4 10
(4_w,8)-aCMA-ES (mu_w=2.6,w_1=52%) in dimension 4 (seed=827103, Mon Jun 14 16:28:04 2021)
Iterat #Fevals   function value  axis ratio  sigma  min&max std  t[m:s]
    1      8 1.835937500000008e-01 1.0e+00 1.43e+00  1e+00  1e+00 0:06.8
    2     16 3.007812500000002e-01 1.3e+00 1.30e+00  1e+00  1e+00 0:13.8
    3     24 6.640625000000000e-02 1.5e+00 1.11e+00  9e-01  1e+00 0:20.6
    4     32 6.250000000000067e-02 1.3e+00 9.87e-01  8e-01  9e-01 0:27.7
    5     40 1.132812499999999e-01 1.3e+00 8.79e-01  7e-01  8e-01 0:34.9
    6     48 1.289062500000008e-01 1.4e+00 6.88e-01  5e-01  6e-01 0:41.5
    7     56 -4.687500000000022e-02 1.7e+00 6.00e-01  4e-01  5e-01 0:49.3
termination on ftarget=1e-11
final/bestever f-value = -4.687500e-02 -4.687500e-02
incumbent solution: [1.4297256944140901, -0.8432778034057882, 3.9117283619158436, 5.750871830238951]
std deviation: [0.5060512999901025, 0.46886450508728017, 0.43692374182099364, 0.4075011251618819]
CMAEvolutionStrategyResult(xbest=array([ 1.56528354, -0.52078319,  4.20945513,  6.08420717]), fbest=-0.04687500000000022, evals_best=52, evaluations=56, iterations=7, xfavorite=array([ 1.42972569, -0.8432778 ,  3.91172836,  5.75087183]), stds=array([0.5060513 , 0.46886451, 0.43692374, 0.40750113]), stop={'ftarget': 1e-11})
5 10
(4_w,8)-aCMA-ES (mu_w=2.6,w_1=52%) in dimension 4 (seed=814120, Mon Jun 14 16:28:53 2021)
Iterat #Fevals   function value  axis ratio  sigma  min&max std  t[m:s]
    1      8 1.796875000000003e-01 1.0e+00 1.38e+00  1e+00  1e+00 0:06.8
    2     16 2.499999999999998e-01 1.3e+00 1.27e+00  1e+00  1e+00 0:13.7
    3     24 -5.468749999999911e-02 1.2e+00 1.36e+00  1e+00  1e+00 0:20.7
termination on ftarget=1e-11
final/bestever f-value = -5.468750e-02 -5.468750e-02
incumbent solution: [6.753920900785482, 5.865356269128278, 0.45217426618197454, 7.534188214609307]
std deviation: [1.2674595630106797, 1.361906546742964, 1.32053758606611, 1.3892966006574434]
CMAEvolutionStrategyResult(xbest=array([7.03916881, 5.7006011 , 2.19363857, 7.76930075]), fbest=-0.05468749999999911, evals_best=22, evaluations=24, iterations=3, xfavorite=array([6.7539209 , 5.86535627, 0.45217427, 7.53418821]), stds=array([1.26745956, 1.36190655, 1.32053759, 1.3892966 ]), stop={'ftarget': 1e-11})
6 10
(4_w,8)-aCMA-ES (mu_w=2.6,w_1=52%) in dimension 4 (seed=795322, Mon Jun 14 16:29:14 2021)
Iterat #Fevals   function value  axis ratio  sigma  min&max std  t[m:s]
    1      8 1.796874999999999e-01 1.0e+00 1.27e+00  1e+00  1e+00 0:06.7
    2     16 2.304687500000007e-01 1.2e+00 1.31e+00  1e+00  1e+00 0:13.8
    3     24 6.054687500000000e-01 1.4e+00 1.18e+00  9e-01  1e+00 0:20.4
    4     32 2.656250000000016e-01 1.5e+00 1.26e+00  1e+00  1e+00 0:27.3
    5     40 1.171874999999989e-02 1.8e+00 1.14e+00  9e-01  1e+00 0:34.5
    6     48 -1.054687500000002e-01 1.9e+00 1.38e+00  9e-01  2e+00 0:41.2
termination on ftarget=1e-11
final/bestever f-value = -1.054688e-01 -1.054688e-01
incumbent solution: [2.4643607547917004, 2.3651796648965857, 6.265113340084279, 7.791237614034623]
std deviation: [1.32206760174094, 0.915578593935006, 1.1535241411535206, 1.7375659300544828]
CMAEvolutionStrategyResult(xbest=array([2.39629694, 2.21289949, 6.72238137, 8.94115848]), fbest=-0.10546875000000022, evals_best=46, evaluations=48, iterations=6, xfavorite=array([2.46436075, 2.36517966, 6.26511334, 7.79123761]), stds=array([1.3220676 , 0.91557859, 1.15352414, 1.73756593]), stop={'ftarget': 1e-11})
7 10
(4_w,8)-aCMA-ES (mu_w=2.6,w_1=52%) in dimension 4 (seed=845460, Mon Jun 14 16:29:55 2021)
Iterat #Fevals   function value  axis ratio  sigma  min&max std  t[m:s]
    1      8 5.976562500000002e-01 1.0e+00 1.21e+00  1e+00  1e+00 0:07.1
    2     16 1.601562500000000e-01 1.3e+00 1.13e+00  1e+00  1e+00 0:13.8
    3     24 2.070312500000002e-01 1.4e+00 1.13e+00  9e-01  1e+00 0:20.8
    4     32 6.640624999999944e-02 1.7e+00 1.18e+00  8e-01  1e+00 0:27.8
    5     40 0.000000000000000e+00 2.0e+00 1.14e+00  8e-01  1e+00 0:34.9
termination on ftarget=1e-11
final/bestever f-value = 0.000000e+00 0.000000e+00
incumbent solution: [3.024886707179066, 2.8332720976836967, 2.078500852447482, 2.3291100766936332]
std deviation: [0.7517523284337507, 1.2929812249970793, 1.1490754535568493, 0.9449567019331264]
CMAEvolutionStrategyResult(xbest=array([2.88806385, 2.49485698, 2.65563832, 1.77963298]), fbest=0.0, evals_best=38, evaluations=40, iterations=5, xfavorite=array([3.02488671, 2.8332721 , 2.07850085, 2.32911008]), stds=array([0.75175233, 1.29298122, 1.14907545, 0.9449567 ]), stop={'ftarget': 1e-11})
8 10
(4_w,8)-aCMA-ES (mu_w=2.6,w_1=52%) in dimension 4 (seed=789217, Mon Jun 14 16:30:30 2021)
Iterat #Fevals   function value  axis ratio  sigma  min&max std  t[m:s]
    1      8 3.554687500000007e-01 1.0e+00 1.58e+00  1e+00  2e+00 0:07.1
    2     16 5.039062500000000e-01 1.3e+00 1.33e+00  1e+00  1e+00 0:14.4
    3     24 2.812500000000006e-01 1.4e+00 1.18e+00  1e+00  1e+00 0:21.1
    4     32 -7.421875000000067e-02 1.3e+00 1.13e+00  9e-01  1e+00 0:28.2
termination on ftarget=1e-11
final/bestever f-value = -7.421875e-02 -7.421875e-02
incumbent solution: [-1.8197596191809806, 3.0060546114310416, 4.510657154006432, 1.762411444693074]
std deviation: [1.0699273525908555, 0.9263661958763058, 0.994363599331065, 1.0143371261244494]
CMAEvolutionStrategyResult(xbest=array([-2.02638044,  3.0805511 ,  4.61704716,  1.51145488]), fbest=-0.07421875000000067, evals_best=31, evaluations=32, iterations=4, xfavorite=array([-1.81975962,  3.00605461,  4.51065715,  1.76241144]), stds=array([1.06992735, 0.9263662 , 0.9943636 , 1.01433713]), stop={'ftarget': 1e-11})
9 10
(4_w,8)-aCMA-ES (mu_w=2.6,w_1=52%) in dimension 4 (seed=821340, Mon Jun 14 16:30:58 2021)
Iterat #Fevals   function value  axis ratio  sigma  min&max std  t[m:s]
    1      8 4.921875000000009e-01 1.0e+00 1.45e+00  1e+00  2e+00 0:07.3
    2     16 5.429687499999999e-01 1.4e+00 1.34e+00  1e+00  2e+00 0:14.0
    3     24 8.984375000000011e-02 1.5e+00 1.69e+00  2e+00  2e+00 0:21.3
    4     32 6.250000000000002e-01 1.5e+00 1.77e+00  2e+00  2e+00 0:28.3
    5     40 2.382812500000006e-01 1.7e+00 1.66e+00  1e+00  2e+00 0:35.5
    6     48 1.289062499999999e-01 1.7e+00 1.55e+00  1e+00  2e+00 0:42.4
    7     56 1.992187499999999e-01 1.9e+00 1.41e+00  1e+00  1e+00 0:49.8
    9     72 4.218750000000000e-01 1.8e+00 1.20e+00  8e-01  1e+00 1:04.5
   11     88 5.000000000000000e-01 2.1e+00 1.72e+00  2e+00  2e+00 1:18.6
   13    104 2.148437499999999e-01 2.3e+00 1.39e+00  1e+00  1e+00 1:32.6
   15    120 1.328124999999997e-01 2.6e+00 1.13e+00  9e-01  1e+00 1:46.4
   17    136 5.859375000000011e-02 3.1e+00 1.16e+00  8e-01  1e+00 2:00.4
   19    152 9.765625000000044e-02 2.4e+00 8.73e-01  5e-01  8e-01 2:14.4
   20    160 -1.445312500000000e-01 2.5e+00 9.49e-01  6e-01  8e-01 2:21.0
termination on ftarget=1e-11
final/bestever f-value = -1.445312e-01 -1.445312e-01
incumbent solution: [3.7871987279937516, -1.5141023898921604, -0.6321578245144133, 2.739109687693988]
std deviation: [0.821477649293863, 0.6158973990280694, 0.6509987955860655, 0.8028528271872031]
CMAEvolutionStrategyResult(xbest=array([ 3.47024029, -1.57522097, -0.69712661,  2.44532118]), fbest=-0.14453125, evals_best=159, evaluations=160, iterations=20, xfavorite=array([ 3.78719873, -1.51410239, -0.63215782,  2.73910969]), stds=array([0.82147765, 0.6158974 , 0.6509988 , 0.80285283]), stop={'ftarget': 1e-11})
