0 10
(4_w,8)-aCMA-ES (mu_w=2.6,w_1=52%) in dimension 4 (seed=838101, Mon Jun 14 16:25:05 2021)
circuitVTD.py:339: DeprecationWarning: The QuantumCircuit.__add__() method is being deprecated.Use the compose() method which is more flexible w.r.t circuit register compatibility.
  TrotterFixStepList.append(TrotterFixStepList[-1] + U_trot)
/home/nfb1/.local/lib/python3.7/site-packages/qiskit/circuit/quantumcircuit.py:869: DeprecationWarning: The QuantumCircuit.combine() method is being deprecated. Use the compose() method which is more flexible w.r.t circuit register compatibility.
  return self.combine(rhs)
Iterat #Fevals   function value  axis ratio  sigma  min&max std  t[m:s]
    1      8 2.797393798828125e-01 1.0e+00 1.71e+00  2e+00  2e+00 0:19.7
    2     16 1.804809570312507e-01 1.4e+00 1.72e+00  2e+00  2e+00 0:39.1
    3     24 2.574615478515632e-01 1.5e+00 1.54e+00  1e+00  2e+00 0:58.6
    4     32 -2.502441406249778e-03 1.6e+00 1.62e+00  1e+00  2e+00 1:17.8
termination on ftarget=1e-11
final/bestever f-value = -2.502441e-03 -2.502441e-03
incumbent solution: [5.058810712574669, 3.193822602003174, 3.140741994037586, 4.630135840618081]
std deviation: [1.8565022155189808, 1.4094859306446401, 1.4715232770343825, 1.6214846028900896]
CMAEvolutionStrategyResult(xbest=array([6.10700481, 3.27462623, 1.82606978, 5.20627202]), fbest=-0.002502441406249778, evals_best=28, evaluations=32, iterations=4, xfavorite=array([5.05881071, 3.1938226 , 3.14074199, 4.63013584]), stds=array([1.85650222, 1.40948593, 1.47152328, 1.6214846 ]), stop={'ftarget': 1e-11})
1 10
(4_w,8)-aCMA-ES (mu_w=2.6,w_1=52%) in dimension 4 (seed=753170, Mon Jun 14 16:26:23 2021)
Iterat #Fevals   function value  axis ratio  sigma  min&max std  t[m:s]
    1      8 3.272018432617196e-01 1.0e+00 1.56e+00  1e+00  2e+00 0:20.5
    2     16 4.415893554687467e-02 1.4e+00 1.41e+00  1e+00  1e+00 0:41.0
    3     24 5.036544799804692e-01 1.6e+00 1.35e+00  1e+00  1e+00 1:01.5
    4     32 2.736358642578131e-01 1.5e+00 1.45e+00  1e+00  2e+00 1:22.0
    5     40 4.780578613281254e-01 1.6e+00 2.02e+00  2e+00  2e+00 1:43.1
    6     48 6.243820190429690e-01 1.8e+00 1.87e+00  1e+00  2e+00 2:03.7
    7     56 2.198028564453137e-01 1.8e+00 2.14e+00  1e+00  2e+00 2:24.3
    8     64 1.285858154296877e-01 2.1e+00 1.90e+00  1e+00  2e+00 2:45.1
    9     72 2.859649658203128e-01 2.2e+00 1.94e+00  1e+00  2e+00 3:05.4
   10     80 3.527069091796876e-01 2.6e+00 2.15e+00  1e+00  3e+00 3:26.3
   11     88 1.569290161132817e-01 3.1e+00 2.72e+00  2e+00  4e+00 3:46.7
   12     96 1.667709350585938e-01 3.7e+00 2.81e+00  2e+00  5e+00 4:07.5
   13    104 9.927368164062500e-02 4.3e+00 2.78e+00  2e+00  4e+00 4:28.1
   14    112 8.007049560546986e-02 4.3e+00 2.47e+00  2e+00  4e+00 4:48.9
   15    120 4.813537597656252e-01 4.7e+00 3.12e+00  2e+00  5e+00 5:09.6
   16    128 1.003265380859378e-01 4.3e+00 3.29e+00  2e+00  5e+00 5:30.2
   17    136 2.834777832031252e-01 4.1e+00 3.47e+00  2e+00  5e+00 5:51.2
   18    144 3.445434570312502e-01 4.4e+00 3.75e+00  3e+00  6e+00 6:11.9
   19    152 2.050628662109376e-01 5.2e+00 4.11e+00  3e+00  7e+00 6:32.4
   20    160 3.229751586914062e-01 5.1e+00 4.15e+00  3e+00  7e+00 6:53.4
   21    168 9.918212890625000e-03 4.6e+00 4.22e+00  3e+00  7e+00 7:14.0
   23    184 1.459426879882809e-01 6.7e+00 5.14e+00  4e+00  1e+01 7:55.5
   25    200 2.596511840820315e-01 7.6e+00 4.53e+00  3e+00  9e+00 8:37.4
   27    216 2.987899780273438e-01 8.3e+00 4.76e+00  4e+00  9e+00 9:18.8
   29    232 1.256408691406250e-01 8.8e+00 5.07e+00  4e+00  1e+01 10:00.4
   31    248 1.745452880859383e-01 9.6e+00 4.25e+00  3e+00  1e+01 10:42.3
   33    264 4.432830810546878e-01 1.1e+01 3.85e+00  3e+00  9e+00 11:23.5
   35    280 6.068954467773440e-01 1.0e+01 5.65e+00  4e+00  1e+01 12:05.8
   37    296 3.037185668945316e-01 1.0e+01 5.11e+00  4e+00  1e+01 12:47.2
   39    312 2.489929199218757e-01 1.3e+01 5.67e+00  4e+00  1e+01 13:28.6
   41    328 4.849624633789065e-01 1.3e+01 5.46e+00  4e+00  1e+01 14:10.5
   43    344 9.762573242187500e-02 1.3e+01 5.54e+00  4e+00  1e+01 14:52.3
   45    360 3.627929687499999e-01 1.3e+01 1.26e+01  1e+01  3e+01 15:33.2
   47    376 3.222579956054686e-01 1.4e+01 1.38e+01  1e+01  3e+01 16:14.9
   49    392 3.076324462890629e-01 1.2e+01 1.11e+01  8e+00  2e+01 16:56.3
   51    408 3.425369262695318e-01 1.3e+01 1.02e+01  7e+00  2e+01 17:37.9
   53    424 1.208419799804691e-01 1.6e+01 8.87e+00  6e+00  2e+01 18:19.4
   55    440 4.496688842773441e-01 2.0e+01 1.24e+01  1e+01  3e+01 19:01.1
   57    456 1.591873168945321e-01 2.5e+01 1.22e+01  1e+01  3e+01 19:42.7
   59    472 4.482955932617188e-01 2.5e+01 1.36e+01  1e+01  3e+01 20:24.3
   61    488 5.522460937500000e-01 2.3e+01 1.21e+01  1e+01  2e+01 21:06.0
   63    504 3.432159423828123e-01 2.0e+01 1.27e+01  1e+01  2e+01 21:47.8
   66    528 1.638488769531248e-01 2.5e+01 1.30e+01  1e+01  3e+01 22:50.1
   69    552 5.426559448242192e-01 2.7e+01 1.99e+01  2e+01  5e+01 23:52.5
   72    576 2.725067138671875e-01 2.4e+01 2.17e+01  2e+01  4e+01 24:54.4
   75    600 1.170578002929691e-01 1.3e+01 2.60e+01  2e+01  4e+01 25:56.9
   78    624 3.300094604492185e-01 1.6e+01 2.21e+01  1e+01  4e+01 26:58.5
   81    648 1.709518432617193e-01 2.0e+01 1.57e+01  1e+01  2e+01 28:00.4
   84    672 6.002120971679690e-01 1.7e+01 1.23e+01  7e+00  2e+01 29:02.3
   87    696 2.445678710937509e-01 2.0e+01 1.56e+01  1e+01  2e+01 30:04.0
   90    720 3.830718994140628e-01 2.4e+01 1.76e+01  1e+01  2e+01 31:06.2
   93    744 3.758087158203127e-01 2.6e+01 1.95e+01  1e+01  3e+01 32:08.4
   96    768 1.265869140624997e-01 2.7e+01 1.34e+01  8e+00  2e+01 33:10.5
   99    792 3.697204589843749e-01 3.1e+01 8.59e+00  5e+00  1e+01 34:12.9
  100    800 1.582260131835940e-01 3.0e+01 8.83e+00  5e+00  1e+01 34:33.3
termination on maxiter=100
final/bestever f-value = 1.582260e-01 9.918213e-03
incumbent solution: [-201.7216315077064, -7.360735180605315, -151.3976129335741, -115.56559044302263]
std deviation: [11.997818497342946, 4.954534324380293, 6.062110060502983, 9.63681787953948]
CMAEvolutionStrategyResult(xbest=array([ 2.12899181,  4.16003354,  6.42024926, -4.00352612]), fbest=0.009918212890625, evals_best=163, evaluations=800, iterations=100, xfavorite=array([-201.72163151,   -7.36073518, -151.39761293, -115.56559044]), stds=array([11.9978185 ,  4.95453432,  6.06211006,  9.63681788]), stop={'maxiter': 100})
2 10
(4_w,8)-aCMA-ES (mu_w=2.6,w_1=52%) in dimension 4 (seed=785121, Mon Jun 14 17:00:56 2021)
Iterat #Fevals   function value  axis ratio  sigma  min&max std  t[m:s]
    1      8 3.203659057617190e-01 1.0e+00 1.37e+00  1e+00  1e+00 0:20.8
    2     16 3.084259033203127e-01 1.3e+00 1.36e+00  1e+00  1e+00 0:41.5
    3     24 3.725662231445314e-01 1.6e+00 1.18e+00  9e-01  1e+00 1:02.2
    4     32 1.849365234375003e-01 1.7e+00 1.01e+00  8e-01  1e+00 1:22.8
    5     40 2.404403686523440e-01 1.8e+00 9.72e-01  8e-01  9e-01 1:43.3
    6     48 3.085861206054692e-01 1.8e+00 8.72e-01  7e-01  8e-01 2:04.3
    7     56 3.234100341796877e-01 1.9e+00 6.62e-01  5e-01  6e-01 2:25.0
    8     64 2.857513427734374e-01 1.9e+00 6.48e-01  5e-01  6e-01 2:45.5
    9     72 3.056030273437503e-01 1.9e+00 6.32e-01  4e-01  6e-01 3:06.3
   10     80 2.969818115234376e-01 2.3e+00 5.70e-01  4e-01  5e-01 3:27.1
   11     88 1.582717895507815e-01 2.5e+00 6.08e-01  4e-01  6e-01 3:47.6
   12     96 2.160034179687500e-01 3.1e+00 6.55e-01  4e-01  7e-01 4:08.2
   13    104 3.595733642578192e-02 3.5e+00 6.23e-01  4e-01  6e-01 4:28.8
   14    112 9.992218017578136e-02 3.2e+00 6.10e-01  4e-01  6e-01 4:49.2
   15    120 6.158447265624978e-02 3.3e+00 7.01e-01  4e-01  7e-01 5:09.8
   16    128 1.237258911132816e-01 3.6e+00 7.95e-01  4e-01  8e-01 5:30.6
   17    136 1.224365234375002e-01 3.2e+00 7.65e-01  4e-01  8e-01 5:51.3
   18    144 6.971740722656350e-02 3.6e+00 8.04e-01  4e-01  8e-01 6:12.2
   19    152 6.095123291015614e-02 3.8e+00 6.44e-01  3e-01  6e-01 6:32.8
   20    160 9.365081787109386e-02 3.4e+00 5.72e-01  3e-01  5e-01 6:53.4
   21    168 5.173492431640581e-02 3.7e+00 4.64e-01  2e-01  4e-01 7:13.9
   23    184 -2.881622314453147e-02 3.4e+00 3.86e-01  2e-01  3e-01 7:55.6
termination on ftarget=1e-11
final/bestever f-value = -2.881622e-02 -2.881622e-02
incumbent solution: [-2.083628876657062, 2.426838057784021, 2.7953075744129356, 7.897823965841477]
std deviation: [0.2362217631758718, 0.19300965047319507, 0.2907206342491481, 0.21299567892655039]
CMAEvolutionStrategyResult(xbest=array([-2.14870697,  2.27856129,  2.83461551,  8.08899539]), fbest=-0.028816223144531472, evals_best=182, evaluations=184, iterations=23, xfavorite=array([-2.08362888,  2.42683806,  2.79530757,  7.89782397]), stds=array([0.23622176, 0.19300965, 0.29072063, 0.21299568]), stop={'ftarget': 1e-11})
3 10
(4_w,8)-aCMA-ES (mu_w=2.6,w_1=52%) in dimension 4 (seed=831015, Mon Jun 14 17:08:52 2021)
Iterat #Fevals   function value  axis ratio  sigma  min&max std  t[m:s]
    1      8 2.432174682617192e-01 1.0e+00 1.48e+00  1e+00  2e+00 0:20.9
    2     16 2.507629394531251e-01 1.2e+00 1.51e+00  1e+00  2e+00 0:41.7
    3     24 1.402282714843750e-01 1.3e+00 1.41e+00  1e+00  1e+00 1:02.2
    4     32 1.130294799804688e-01 1.6e+00 1.27e+00  1e+00  1e+00 1:23.3
    5     40 2.036361694335939e-01 1.8e+00 1.14e+00  9e-01  1e+00 1:43.7
    6     48 2.847442626953127e-01 1.9e+00 1.05e+00  9e-01  1e+00 2:04.8
    7     56 1.013031005859385e-01 2.1e+00 8.01e-01  6e-01  7e-01 2:25.5
    8     64 4.180908203125033e-02 2.2e+00 9.15e-01  7e-01  1e+00 2:46.4
    9     72 8.294677734375089e-02 2.4e+00 9.66e-01  7e-01  1e+00 3:06.8
   10     80 5.651855468750022e-02 2.9e+00 9.95e-01  7e-01  1e+00 3:27.6
   11     88 1.721420288085947e-01 3.0e+00 9.25e-01  6e-01  9e-01 3:48.0
   12     96 3.600311279296853e-02 2.9e+00 8.02e-01  5e-01  7e-01 4:09.0
   13    104 8.342742919921897e-02 2.9e+00 7.38e-01  4e-01  7e-01 4:29.4
   14    112 6.364440917968828e-02 3.3e+00 7.79e-01  4e-01  8e-01 4:51.6
   15    120 9.750366210937556e-02 3.5e+00 8.30e-01  5e-01  8e-01 5:12.1
   16    128 1.712493896484389e-01 3.5e+00 7.81e-01  4e-01  7e-01 5:32.6
   17    136 7.072448730468817e-02 3.6e+00 8.31e-01  5e-01  8e-01 5:53.7
   18    144 3.694915771484442e-02 4.5e+00 8.13e-01  4e-01  8e-01 6:14.5
   19    152 4.418182373046831e-02 4.9e+00 6.67e-01  3e-01  7e-01 6:35.1
   20    160 4.814147949218195e-03 5.3e+00 5.75e-01  3e-01  6e-01 6:55.9
   21    168 5.664825439453181e-02 5.2e+00 5.05e-01  2e-01  5e-01 7:17.1
   23    184 -1.443481445312500e-02 4.4e+00 5.12e-01  2e-01  5e-01 7:58.9
termination on ftarget=1e-11
final/bestever f-value = -1.443481e-02 -1.443481e-02
incumbent solution: [6.238422323691015, 6.067643588400116, 3.0774222473826085, -1.6567717205909827]
std deviation: [0.5218758734305396, 0.4232620907774276, 0.2063927434189034, 0.3766534957605225]
CMAEvolutionStrategyResult(xbest=array([ 5.83099841,  5.98662396,  3.17858388, -1.5460292 ]), fbest=-0.014434814453125, evals_best=178, evaluations=184, iterations=23, xfavorite=array([ 6.23842232,  6.06764359,  3.07742225, -1.65677172]), stds=array([0.52187587, 0.42326209, 0.20639274, 0.3766535 ]), stop={'ftarget': 1e-11})
4 10
(4_w,8)-aCMA-ES (mu_w=2.6,w_1=52%) in dimension 4 (seed=825003, Mon Jun 14 17:16:51 2021)
Iterat #Fevals   function value  axis ratio  sigma  min&max std  t[m:s]
    1      8 8.657836914062611e-02 1.0e+00 1.80e+00  2e+00  2e+00 0:20.6
    2     16 5.127334594726566e-01 1.3e+00 1.88e+00  2e+00  2e+00 0:41.1
    3     24 2.502746582031247e-01 1.6e+00 1.95e+00  2e+00  2e+00 1:02.4
    4     32 3.892135620117189e-01 1.8e+00 1.76e+00  2e+00  2e+00 1:22.9
    5     40 2.023010253906251e-01 1.8e+00 1.77e+00  2e+00  2e+00 1:43.7
    6     48 1.330413818359377e-01 1.9e+00 1.79e+00  2e+00  2e+00 2:04.8
    7     56 1.005783081054697e-01 2.2e+00 1.56e+00  1e+00  2e+00 2:25.4
    8     64 3.039398193359378e-01 2.3e+00 1.78e+00  1e+00  2e+00 2:46.0
    9     72 2.209014892578123e-01 2.4e+00 1.61e+00  1e+00  2e+00 3:06.9
   10     80 5.411987304687503e-01 2.4e+00 1.82e+00  2e+00  2e+00 3:27.8
   11     88 3.429031372070311e-01 2.8e+00 1.75e+00  1e+00  2e+00 3:48.3
   12     96 2.759246826171876e-01 3.0e+00 1.77e+00  2e+00  2e+00 4:09.1
   13    104 1.762161254882814e-01 3.1e+00 1.64e+00  1e+00  2e+00 4:29.9
   14    112 5.162124633789065e-01 3.9e+00 1.95e+00  2e+00  2e+00 4:50.9
   15    120 3.707199096679692e-01 3.4e+00 2.39e+00  2e+00  3e+00 5:11.6
   16    128 5.000991821289069e-01 2.8e+00 3.23e+00  3e+00  3e+00 5:32.8
   17    136 3.394470214843758e-01 2.7e+00 3.30e+00  3e+00  3e+00 5:53.5
   18    144 4.510726928710943e-01 2.5e+00 3.41e+00  3e+00  4e+00 6:14.1
   19    152 2.941818237304692e-01 2.6e+00 3.56e+00  3e+00  4e+00 6:34.8
   20    160 2.023162841796882e-01 2.9e+00 3.57e+00  3e+00  4e+00 6:56.0
   21    168 4.951553344726565e-01 2.9e+00 3.92e+00  3e+00  4e+00 7:16.7
   22    176 1.574249267578127e-01 3.0e+00 3.22e+00  2e+00  3e+00 7:38.0
   24    192 8.776092529296942e-02 2.8e+00 3.96e+00  3e+00  4e+00 8:19.5
   26    208 2.995376586914059e-01 2.9e+00 4.06e+00  3e+00  5e+00 9:01.5
   28    224 6.301422119140625e-01 3.1e+00 4.10e+00  3e+00  5e+00 9:43.2
   30    240 2.270202636718751e-01 4.0e+00 4.92e+00  3e+00  7e+00 10:24.8
   32    256 1.056213378906257e-01 3.6e+00 4.43e+00  3e+00  6e+00 11:06.4
   34    272 7.626724243164064e-01 4.1e+00 5.17e+00  3e+00  6e+00 11:48.2
   36    288 2.870788574218759e-01 4.6e+00 6.37e+00  4e+00  8e+00 12:29.9
   38    304 2.939529418945321e-01 4.9e+00 4.96e+00  2e+00  6e+00 13:11.5
   40    320 2.461929321289059e-01 4.5e+00 5.69e+00  3e+00  7e+00 13:52.6
   42    336 2.307128906250003e-01 5.2e+00 4.96e+00  3e+00  6e+00 14:34.5
   44    352 2.658157348632815e-01 6.9e+00 6.68e+00  5e+00  1e+01 15:16.2
   46    368 2.372970581054686e-01 1.1e+01 1.06e+01  1e+01  3e+01 15:57.6
   48    384 6.684112548828214e-02 1.1e+01 1.10e+01  1e+01  3e+01 16:39.3
   50    400 3.154678344726566e-01 1.4e+01 1.00e+01  1e+01  3e+01 17:20.8
   52    416 4.477462768554692e-01 1.6e+01 1.11e+01  1e+01  2e+01 18:01.8
   54    432 1.673049926757814e-01 1.4e+01 1.19e+01  1e+01  3e+01 18:43.3
   56    448 1.300659179687506e-01 1.4e+01 1.09e+01  8e+00  2e+01 19:24.6
   58    464 3.565368652343759e-01 1.2e+01 9.59e+00  6e+00  2e+01 20:06.4
   60    480 5.752258300781252e-01 1.1e+01 9.49e+00  6e+00  2e+01 20:47.8
   62    496 1.274948120117192e-01 1.3e+01 1.19e+01  7e+00  2e+01 21:28.8
   65    520 5.120620727539067e-01 1.4e+01 1.61e+01  1e+01  3e+01 22:31.1
   68    544 5.013046264648438e-01 2.0e+01 1.46e+01  8e+00  3e+01 23:33.1
   71    568 1.512680053710941e-01 2.2e+01 1.09e+01  6e+00  2e+01 24:35.3
   74    592 1.530914306640622e-01 1.8e+01 1.27e+01  7e+00  2e+01 25:36.8
   77    616 1.657028198242191e-01 2.1e+01 1.14e+01  6e+00  2e+01 26:38.8
   80    640 1.605148315429695e-01 2.7e+01 1.15e+01  7e+00  2e+01 27:41.6
   83    664 1.962738037109378e-01 2.8e+01 1.19e+01  7e+00  2e+01 28:43.5
   86    688 3.246307373046878e-01 2.8e+01 1.43e+01  8e+00  2e+01 29:45.8
   89    712 5.269317626953127e-01 2.7e+01 1.51e+01  8e+00  3e+01 30:47.6
   92    736 6.591339111328127e-01 2.4e+01 1.04e+01  5e+00  2e+01 31:49.9
   95    760 2.607421875000004e-01 2.5e+01 8.28e+00  4e+00  1e+01 32:52.2
   98    784 3.975677490234378e-01 3.6e+01 1.00e+01  5e+00  2e+01 33:54.5
  100    800 6.013717651367190e-01 4.2e+01 9.86e+00  5e+00  2e+01 34:36.0
termination on maxiter=100
final/bestever f-value = 6.013718e-01 6.684113e-02
incumbent solution: [-19.68237736169767, -129.84087388975217, 97.11838544038108, 109.281090264618]
std deviation: [4.806639086285036, 16.027909112533468, 11.714260672686118, 16.31591628002223]
CMAEvolutionStrategyResult(xbest=array([ 36.47583838,  43.4673943 , -44.45920824, -71.62085326]), fbest=0.06684112548828214, evals_best=379, evaluations=800, iterations=100, xfavorite=array([ -19.68237736, -129.84087389,   97.11838544,  109.28109026]), stds=array([ 4.80663909, 16.02790911, 11.71426067, 16.31591628]), stop={'maxiter': 100})
5 10
(4_w,8)-aCMA-ES (mu_w=2.6,w_1=52%) in dimension 4 (seed=768463, Mon Jun 14 17:51:27 2021)
Iterat #Fevals   function value  axis ratio  sigma  min&max std  t[m:s]
    1      8 2.251205444335940e-01 1.0e+00 1.44e+00  1e+00  1e+00 0:20.5
    2     16 2.888793945312499e-01 1.2e+00 1.18e+00  1e+00  1e+00 0:41.6
    3     24 1.488189697265632e-01 1.3e+00 1.22e+00  1e+00  1e+00 1:02.1
    4     32 3.377761840820316e-01 1.5e+00 1.23e+00  1e+00  1e+00 1:23.2
    5     40 1.894836425781251e-01 1.5e+00 1.27e+00  1e+00  1e+00 1:43.6
    6     48 1.963424682617192e-01 1.6e+00 1.35e+00  1e+00  1e+00 2:04.3
    7     56 3.213577270507819e-01 1.8e+00 1.39e+00  9e-01  1e+00 2:25.0
    8     64 1.285095214843751e-01 1.8e+00 1.40e+00  9e-01  1e+00 2:46.6
    9     72 1.425781250000004e-01 2.1e+00 1.19e+00  8e-01  1e+00 3:07.2
   10     80 1.047058105468754e-01 2.2e+00 1.11e+00  7e-01  1e+00 3:27.8
   11     88 1.033630371093749e-01 2.6e+00 8.90e-01  5e-01  8e-01 3:48.3
   12     96 -1.692199707031272e-02 2.6e+00 9.05e-01  5e-01  8e-01 4:09.2
termination on ftarget=1e-11
final/bestever f-value = -1.692200e-02 -1.692200e-02
incumbent solution: [5.919507101110737, -1.8608374407099293, 2.224492233949302, 0.962830359560583]
std deviation: [0.45224770984920387, 0.731038600254839, 0.7745044116784137, 0.8201292125249376]
CMAEvolutionStrategyResult(xbest=array([ 6.00013552, -1.41097813,  2.0929415 ,  0.76978554]), fbest=-0.016921997070312722, evals_best=91, evaluations=96, iterations=12, xfavorite=array([ 5.9195071 , -1.86083744,  2.22449223,  0.96283036]), stds=array([0.45224771, 0.7310386 , 0.77450441, 0.82012921]), stop={'ftarget': 1e-11})
6 10
(4_w,8)-aCMA-ES (mu_w=2.6,w_1=52%) in dimension 4 (seed=802125, Mon Jun 14 17:55:36 2021)
Iterat #Fevals   function value  axis ratio  sigma  min&max std  t[m:s]
    1      8 4.080886840820315e-01 1.0e+00 1.45e+00  1e+00  2e+00 0:20.5
    2     16 4.100570678710942e-01 1.3e+00 1.56e+00  1e+00  2e+00 0:41.2
    3     24 2.251129150390631e-01 1.5e+00 1.96e+00  2e+00  3e+00 1:01.7
    4     32 2.417221069335938e-01 1.8e+00 2.26e+00  2e+00  3e+00 1:22.3
    5     40 1.635284423828125e-01 2.0e+00 2.45e+00  2e+00  3e+00 1:42.8
    6     48 4.204483032226566e-01 1.9e+00 2.25e+00  2e+00  3e+00 2:03.4
    7     56 3.129119873046874e-01 1.9e+00 2.00e+00  2e+00  2e+00 2:24.3
    8     64 2.382965087890625e-01 1.9e+00 1.69e+00  1e+00  2e+00 2:44.7
    9     72 3.389739990234375e-01 2.0e+00 1.48e+00  1e+00  2e+00 3:05.3
   10     80 2.312393188476565e-01 2.0e+00 1.44e+00  1e+00  2e+00 3:25.9
   11     88 3.895797729492192e-01 2.0e+00 1.51e+00  1e+00  2e+00 3:46.6
   12     96 1.696701049804695e-01 2.4e+00 1.58e+00  1e+00  2e+00 4:07.6
   13    104 1.279830932617194e-01 2.7e+00 1.52e+00  1e+00  2e+00 4:28.1
   14    112 1.953582763671874e-01 2.9e+00 1.46e+00  9e-01  2e+00 4:48.7
   15    120 2.651977539062499e-01 3.0e+00 1.38e+00  8e-01  1e+00 5:09.6
   16    128 9.905242919921864e-02 2.8e+00 1.20e+00  7e-01  1e+00 5:30.1
   17    136 -2.287292480468706e-02 3.4e+00 1.01e+00  5e-01  1e+00 5:50.9
termination on ftarget=1e-11
final/bestever f-value = -2.287292e-02 -2.287292e-02
incumbent solution: [-0.5672435292128243, 2.7284418936907944, 1.1430008449738183, 5.279282678044371]
std deviation: [0.5909940182416761, 0.989780775606402, 0.5230385849067992, 1.0787004996453484]
CMAEvolutionStrategyResult(xbest=array([-0.62550021,  3.83667523,  1.268363  ,  4.22015604]), fbest=-0.022872924804687056, evals_best=129, evaluations=136, iterations=17, xfavorite=array([-0.56724353,  2.72844189,  1.14300084,  5.27928268]), stds=array([0.59099402, 0.98978078, 0.52303858, 1.0787005 ]), stop={'ftarget': 1e-11})
7 10
(4_w,8)-aCMA-ES (mu_w=2.6,w_1=52%) in dimension 4 (seed=849509, Mon Jun 14 18:01:27 2021)
Iterat #Fevals   function value  axis ratio  sigma  min&max std  t[m:s]
    1      8 5.146255493164065e-01 1.0e+00 1.46e+00  1e+00  1e+00 0:20.9
    2     16 6.834030151367190e-01 1.3e+00 1.38e+00  1e+00  1e+00 0:41.7
    3     24 1.881103515624998e-01 1.5e+00 1.32e+00  1e+00  1e+00 1:02.7
    4     32 5.197525024414067e-01 1.6e+00 1.23e+00  1e+00  1e+00 1:23.2
    5     40 2.949447631835942e-01 1.8e+00 1.17e+00  9e-01  1e+00 1:43.9
    6     48 2.223892211914067e-01 1.8e+00 9.94e-01  7e-01  9e-01 2:04.7
    7     56 2.241973876953135e-01 1.7e+00 8.75e-01  5e-01  8e-01 2:25.5
    8     64 1.589736938476560e-01 1.7e+00 7.11e-01  4e-01  6e-01 2:46.5
    9     72 1.403656005859376e-01 1.8e+00 6.24e-01  4e-01  5e-01 3:07.3
   10     80 5.416107177734397e-02 1.7e+00 5.49e-01  3e-01  4e-01 3:27.9
   11     88 1.292495727539065e-01 1.7e+00 6.13e-01  3e-01  5e-01 3:48.5
   12     96 1.902008056640681e-02 2.2e+00 5.20e-01  3e-01  4e-01 4:09.1
   13    104 7.095336914062167e-03 2.5e+00 4.36e-01  2e-01  4e-01 4:29.6
   14    112 2.686309814453158e-02 2.7e+00 5.14e-01  3e-01  4e-01 4:50.2
   15    120 1.018676757812497e-01 2.8e+00 5.92e-01  3e-01  6e-01 5:11.2
   16    128 6.575012207031294e-02 3.5e+00 4.77e-01  3e-01  4e-01 5:31.6
   17    136 4.444122314453147e-02 3.5e+00 4.29e-01  2e-01  4e-01 5:52.5
   18    144 1.128387451171881e-01 3.0e+00 5.17e-01  3e-01  5e-01 6:12.9
   19    152 6.828308105468772e-02 3.0e+00 5.47e-01  3e-01  5e-01 6:33.4
   20    160 2.696228027343772e-02 3.4e+00 4.98e-01  2e-01  4e-01 6:54.2
   21    168 -1.091003417968639e-02 3.3e+00 4.58e-01  2e-01  4e-01 7:15.0
termination on ftarget=1e-11
final/bestever f-value = -1.091003e-02 -1.091003e-02
incumbent solution: [3.41291775316905, 1.6526834529221597, -0.011548003042289673, -0.7847994881327238]
std deviation: [0.40189272736152665, 0.2300070598524788, 0.3686818214910187, 0.26148557871156597]
CMAEvolutionStrategyResult(xbest=array([ 3.55530115,  1.84669041, -0.20553826, -0.73028655]), fbest=-0.01091003417968639, evals_best=166, evaluations=168, iterations=21, xfavorite=array([ 3.41291775,  1.65268345, -0.011548  , -0.78479949]), stds=array([0.40189273, 0.23000706, 0.36868182, 0.26148558]), stop={'ftarget': 1e-11})
8 10
(4_w,8)-aCMA-ES (mu_w=2.6,w_1=52%) in dimension 4 (seed=818193, Mon Jun 14 18:08:42 2021)
Iterat #Fevals   function value  axis ratio  sigma  min&max std  t[m:s]
    1      8 2.164840698242191e-01 1.0e+00 1.53e+00  1e+00  2e+00 0:21.1
    2     16 4.788055419921876e-01 1.4e+00 1.84e+00  2e+00  2e+00 0:41.7
    3     24 4.160156250000006e-01 1.6e+00 2.40e+00  2e+00  3e+00 1:02.3
    4     32 4.384460449218756e-01 1.6e+00 2.96e+00  3e+00  4e+00 1:23.2
    5     40 5.788040161132812e-01 1.7e+00 3.63e+00  3e+00  5e+00 1:43.7
    6     48 4.419631958007814e-01 1.9e+00 4.96e+00  4e+00  7e+00 2:04.3
    7     56 3.531036376953127e-01 2.1e+00 6.46e+00  5e+00  9e+00 2:25.0
    8     64 5.422744750976561e-01 2.2e+00 7.32e+00  6e+00  1e+01 2:45.5
    9     72 9.085083007812500e-02 2.3e+00 7.40e+00  6e+00  9e+00 3:06.3
   10     80 3.203659057617190e-01 2.2e+00 1.08e+01  9e+00  1e+01 3:27.0
   11     88 6.021575927734377e-01 2.3e+00 1.42e+01  1e+01  2e+01 3:47.6
   12     96 2.248001098632818e-01 2.5e+00 1.44e+01  1e+01  2e+01 4:08.6
   13    104 2.006072998046882e-01 2.6e+00 1.54e+01  1e+01  2e+01 4:29.2
   14    112 4.007873535156247e-01 3.2e+00 1.40e+01  1e+01  2e+01 4:50.2
   15    120 3.934478759765623e-01 3.3e+00 1.23e+01  1e+01  2e+01 5:10.6
   16    128 3.427505493164069e-01 3.3e+00 1.18e+01  9e+00  2e+01 5:31.4
   17    136 3.854446411132812e-01 3.9e+00 1.20e+01  9e+00  2e+01 5:52.3
   18    144 2.379989624023436e-01 4.2e+00 1.20e+01  9e+00  2e+01 6:13.1
   19    152 3.236389160156253e-01 4.5e+00 1.43e+01  1e+01  2e+01 6:33.8
   20    160 5.231170654296877e-01 4.7e+00 1.82e+01  2e+01  3e+01 6:54.6
   21    168 2.467803955078131e-01 5.0e+00 2.21e+01  2e+01  3e+01 7:15.3
   22    176 3.767700195312504e-01 5.0e+00 2.21e+01  2e+01  3e+01 7:36.3
   24    192 3.166427612304689e-01 5.3e+00 1.80e+01  1e+01  2e+01 8:17.4
   26    208 2.064208984375007e-01 6.0e+00 1.86e+01  1e+01  3e+01 8:58.9
   28    224 3.288497924804691e-01 6.5e+00 1.65e+01  1e+01  3e+01 9:40.3
   30    240 2.241210937500004e-01 6.8e+00 1.60e+01  1e+01  2e+01 10:21.8
   32    256 3.145980834960939e-01 6.7e+00 1.69e+01  1e+01  3e+01 11:03.2
   34    272 3.250732421875006e-01 8.9e+00 1.60e+01  1e+01  2e+01 11:44.8
   36    288 3.442077636718752e-01 9.6e+00 1.78e+01  1e+01  3e+01 12:26.9
   38    304 1.822052001953127e-01 9.0e+00 1.61e+01  9e+00  2e+01 13:09.1
   40    320 3.487548828125000e-01 8.8e+00 1.43e+01  7e+00  2e+01 13:51.0
   42    336 1.441192626953127e-01 9.9e+00 1.66e+01  9e+00  2e+01 14:32.7
   44    352 1.471710205078128e-01 1.1e+01 1.49e+01  8e+00  2e+01 15:14.5
   46    368 3.181762695312504e-01 1.2e+01 1.65e+01  1e+01  2e+01 15:56.4
   48    384 7.424545288085938e-01 1.2e+01 1.35e+01  8e+00  1e+01 16:37.9
   50    400 1.414642333984384e-01 1.2e+01 9.25e+00  5e+00  1e+01 17:19.7
   52    416 5.098190307617191e-01 1.2e+01 9.20e+00  5e+00  9e+00 18:01.2
   54    432 1.865234375000004e-01 9.0e+00 6.63e+00  3e+00  5e+00 18:43.1
   56    448 4.548416137695316e-01 8.8e+00 7.52e+00  3e+00  5e+00 19:24.1
   58    464 4.899826049804688e-01 8.5e+00 5.92e+00  2e+00  4e+00 20:05.8
   60    480 2.814636230468752e-01 8.6e+00 4.33e+00  2e+00  3e+00 20:47.1
   62    496 1.305694580078128e-01 8.3e+00 3.84e+00  1e+00  2e+00 21:28.9
   64    512 2.631378173828125e-01 8.1e+00 3.57e+00  1e+00  2e+00 22:11.2
   67    536 2.881698608398441e-01 8.2e+00 3.46e+00  1e+00  2e+00 23:13.5
   70    560 1.500473022460945e-01 7.0e+00 2.53e+00  6e-01  1e+00 24:15.4
   73    584 8.455657958984353e-02 6.2e+00 2.07e+00  4e-01  1e+00 25:17.8
   76    608 1.952362060546842e-02 8.7e+00 1.58e+00  3e-01  7e-01 26:20.1
   79    632 4.199981689453181e-02 7.0e+00 1.39e+00  2e-01  6e-01 27:22.0
   81    648 -6.103515624999556e-03 5.9e+00 1.02e+00  1e-01  4e-01 28:03.2
termination on ftarget=1e-11
final/bestever f-value = -6.103516e-03 -6.103516e-03
incumbent solution: [-98.85794974969679, 10.80218654518889, 176.29210469485378, -27.99301358488586]
std deviation: [0.14878841207742202, 0.2009756317935448, 0.3723868759718868, 0.20100574562234147]
CMAEvolutionStrategyResult(xbest=array([-99.00006381,  10.87640766, 176.17698764, -27.991808  ]), fbest=-0.006103515624999556, evals_best=644, evaluations=648, iterations=81, xfavorite=array([-98.85794975,  10.80218655, 176.29210469, -27.99301358]), stds=array([0.14878841, 0.20097563, 0.37238688, 0.20100575]), stop={'ftarget': 1e-11})
9 10
(4_w,8)-aCMA-ES (mu_w=2.6,w_1=52%) in dimension 4 (seed=801412, Mon Jun 14 18:36:46 2021)
Iterat #Fevals   function value  axis ratio  sigma  min&max std  t[m:s]
    1      8 3.810577392578129e-01 1.0e+00 1.47e+00  1e+00  2e+00 0:21.4
    2     16 1.618652343750006e-01 1.4e+00 1.43e+00  1e+00  1e+00 0:42.0
    3     24 1.294784545898438e-01 1.3e+00 1.28e+00  1e+00  1e+00 1:02.7
    4     32 1.344223022460941e-01 1.5e+00 1.40e+00  1e+00  1e+00 1:23.9
    5     40 2.572784423828125e-01 1.7e+00 1.43e+00  1e+00  2e+00 1:44.4
    6     48 1.696929931640623e-01 2.0e+00 1.27e+00  1e+00  1e+00 2:05.0
    7     56 1.013488769531249e-01 2.2e+00 1.02e+00  8e-01  1e+00 2:25.8
    8     64 1.738891601562509e-01 2.1e+00 9.62e-01  7e-01  1e+00 2:46.5
    9     72 6.285858154296931e-02 2.5e+00 9.04e-01  6e-01  9e-01 3:07.2
   10     80 8.857727050781250e-02 2.8e+00 8.75e-01  6e-01  9e-01 3:28.1
   11     88 9.391021728515692e-02 3.5e+00 9.30e-01  7e-01  1e+00 3:48.7
   12     96 1.373291015624967e-02 3.7e+00 7.66e-01  6e-01  7e-01 4:09.3
   13    104 2.147674560546842e-02 3.9e+00 6.11e-01  4e-01  6e-01 4:29.8
   14    112 5.010986328124967e-02 4.0e+00 5.25e-01  4e-01  4e-01 4:50.4
   15    120 3.655242919921897e-02 4.1e+00 5.00e-01  3e-01  4e-01 5:11.2
   16    128 4.427337646484386e-02 3.8e+00 4.96e-01  3e-01  4e-01 5:31.8
   17    136 2.508544921874967e-02 3.4e+00 3.78e-01  2e-01  3e-01 5:52.8
   18    144 1.646423339843761e-02 3.5e+00 3.49e-01  2e-01  3e-01 6:13.4
   19    152 2.710723876953092e-02 3.9e+00 3.52e-01  2e-01  3e-01 6:34.2
   20    160 5.066680908203158e-02 4.3e+00 2.96e-01  2e-01  2e-01 6:54.9
   21    168 -3.887176513671897e-02 4.4e+00 2.86e-01  1e-01  2e-01 7:15.6
termination on ftarget=1e-11
final/bestever f-value = -3.887177e-02 -3.887177e-02
incumbent solution: [-0.961212470198165, 3.408120590831885, 3.447118392216359, 0.4787303337354103]
std deviation: [0.14975518802130325, 0.2065699225790307, 0.1738541549344966, 0.16416106973222822]
CMAEvolutionStrategyResult(xbest=array([-1.08333714,  3.36259657,  3.58157738,  0.49884217]), fbest=-0.03887176513671897, evals_best=165, evaluations=168, iterations=21, xfavorite=array([-0.96121247,  3.40812059,  3.44711839,  0.47873033]), stds=array([0.14975519, 0.20656992, 0.17385415, 0.16416107]), stop={'ftarget': 1e-11})
