0 10
(4_w,8)-aCMA-ES (mu_w=2.6,w_1=52%) in dimension 4 (seed=800105, Mon Jun 14 16:24:39 2021)
circuitVTD.py:339: DeprecationWarning: The QuantumCircuit.__add__() method is being deprecated.Use the compose() method which is more flexible w.r.t circuit register compatibility.
  TrotterFixStepList.append(TrotterFixStepList[-1] + U_trot)
/home/nfb1/.local/lib/python3.7/site-packages/qiskit/circuit/quantumcircuit.py:869: DeprecationWarning: The QuantumCircuit.combine() method is being deprecated. Use the compose() method which is more flexible w.r.t circuit register compatibility.
  return self.combine(rhs)
Iterat #Fevals   function value  axis ratio  sigma  min&max std  t[m:s]
    1      8 1.254882812500004e-01 1.0e+00 1.38e+00  1e+00  1e+00 0:06.8
    2     16 7.604980468750033e-02 1.3e+00 1.17e+00  9e-01  1e+00 0:13.2
    3     24 1.682128906250009e-01 1.4e+00 1.03e+00  8e-01  1e+00 0:19.8
    4     32 9.814453125000089e-02 1.5e+00 9.52e-01  7e-01  9e-01 0:26.1
    5     40 9.460449218750056e-02 1.5e+00 8.81e-01  6e-01  8e-01 0:32.7
    6     48 1.174316406250009e-01 1.6e+00 8.04e-01  6e-01  8e-01 0:39.1
    7     56 -1.745605468749956e-02 1.7e+00 7.43e-01  5e-01  7e-01 0:45.7
termination on ftarget=1e-11
final/bestever f-value = -1.745605e-02 -1.745605e-02
incumbent solution: [1.9797115345601481, 2.02167351969577, 5.7443165997857, 4.818879158780538]
std deviation: [0.526960515495337, 0.493516033702047, 0.5758885002055144, 0.6830095100816364]
CMAEvolutionStrategyResult(xbest=array([1.6054806 , 2.06437404, 5.81431667, 5.12857604]), fbest=-0.017456054687499556, evals_best=52, evaluations=56, iterations=7, xfavorite=array([1.97971153, 2.02167352, 5.7443166 , 4.81887916]), stds=array([0.52696052, 0.49351603, 0.5758885 , 0.68300951]), stop={'ftarget': 1e-11})
1 10
(4_w,8)-aCMA-ES (mu_w=2.6,w_1=52%) in dimension 4 (seed=780592, Mon Jun 14 16:25:25 2021)
Iterat #Fevals   function value  axis ratio  sigma  min&max std  t[m:s]
    1      8 3.515625000000006e-01 1.0e+00 1.24e+00  1e+00  1e+00 0:07.7
    2     16 2.452392578125006e-01 1.3e+00 1.13e+00  9e-01  1e+00 0:15.5
    3     24 1.411132812500006e-01 1.4e+00 9.50e-01  7e-01  9e-01 0:23.4
    4     32 1.257324218750006e-01 1.5e+00 8.82e-01  7e-01  9e-01 0:31.3
    5     40 1.276855468749999e-01 1.6e+00 8.45e-01  7e-01  8e-01 0:39.4
    6     48 1.367187500000006e-01 1.7e+00 9.11e-01  7e-01  9e-01 0:47.3
    7     56 6.958007812500444e-03 1.9e+00 9.36e-01  7e-01  9e-01 0:54.9
    8     64 1.159667968749967e-02 2.1e+00 8.90e-01  6e-01  9e-01 1:02.8
   10     80 1.196289062500007e-01 2.3e+00 7.25e-01  4e-01  8e-01 1:18.2
   11     88 -5.981445312499778e-03 2.6e+00 5.80e-01  3e-01  6e-01 1:25.9
termination on ftarget=1e-11
final/bestever f-value = -5.981445e-03 -5.981445e-03
incumbent solution: [0.543517264967149, 0.26285946715473146, 2.9972894317269767, 1.8808195494292732]
std deviation: [0.555662238983324, 0.5281693570575576, 0.3387414289445624, 0.362452675415702]
CMAEvolutionStrategyResult(xbest=array([0.50822353, 0.18656523, 2.97595128, 1.86189919]), fbest=-0.005981445312499778, evals_best=87, evaluations=88, iterations=11, xfavorite=array([0.54351726, 0.26285947, 2.99728943, 1.88081955]), stds=array([0.55566224, 0.52816936, 0.33874143, 0.36245268]), stop={'ftarget': 1e-11})
2 10
(4_w,8)-aCMA-ES (mu_w=2.6,w_1=52%) in dimension 4 (seed=811958, Mon Jun 14 16:26:51 2021)
Iterat #Fevals   function value  axis ratio  sigma  min&max std  t[m:s]
    1      8 3.442382812500007e-01 1.0e+00 1.50e+00  1e+00  2e+00 0:07.8
    2     16 1.094970703124999e-01 1.2e+00 1.36e+00  1e+00  1e+00 0:15.9
    3     24 1.568603515625007e-01 1.5e+00 1.48e+00  1e+00  2e+00 0:23.8
    4     32 3.590087890625007e-01 1.8e+00 1.61e+00  1e+00  2e+00 0:31.9
    5     40 3.927001953125002e-01 2.0e+00 1.68e+00  1e+00  2e+00 0:39.5
    6     48 1.916503906250022e-02 2.3e+00 1.32e+00  9e-01  2e+00 0:47.1
    7     56 3.526611328124998e-01 2.6e+00 1.11e+00  7e-01  1e+00 0:55.3
    8     64 2.913818359374997e-01 2.6e+00 1.04e+00  6e-01  1e+00 1:02.8
    9     72 1.878662109375002e-01 2.3e+00 1.16e+00  7e-01  1e+00 1:10.9
   11     88 2.812500000000004e-01 3.1e+00 9.37e-01  5e-01  1e+00 1:26.6
   13    104 1.086425781250008e-01 3.6e+00 9.26e-01  5e-01  1e+00 1:42.9
   15    120 5.017089843750044e-02 3.5e+00 8.69e-01  4e-01  9e-01 1:59.1
   17    136 2.416992187500078e-02 3.2e+00 7.88e-01  4e-01  8e-01 2:14.6
   19    152 1.433105468750006e-01 3.1e+00 7.36e-01  4e-01  7e-01 2:30.4
   21    168 5.566406250000033e-02 3.2e+00 5.16e-01  2e-01  5e-01 2:46.3
   22    176 -4.467773437499956e-02 2.9e+00 4.36e-01  2e-01  4e-01 2:53.8
termination on ftarget=1e-11
final/bestever f-value = -4.467773e-02 -4.467773e-02
incumbent solution: [2.259477468101167, 4.064452364149928, 0.11552030949437928, 4.026099435007375]
std deviation: [0.1620668110537223, 0.21323217664508182, 0.4072429717381672, 0.30341323139472526]
CMAEvolutionStrategyResult(xbest=array([2.24787631, 3.92469223, 0.23240891, 4.05860831]), fbest=-0.044677734374999556, evals_best=173, evaluations=176, iterations=22, xfavorite=array([2.25947747, 4.06445236, 0.11552031, 4.02609944]), stds=array([0.16206681, 0.21323218, 0.40724297, 0.30341323]), stop={'ftarget': 1e-11})
3 10
(4_w,8)-aCMA-ES (mu_w=2.6,w_1=52%) in dimension 4 (seed=800338, Mon Jun 14 16:29:45 2021)
Iterat #Fevals   function value  axis ratio  sigma  min&max std  t[m:s]
    1      8 1.870117187500006e-01 1.0e+00 1.37e+00  1e+00  1e+00 0:07.9
    2     16 3.208007812500008e-01 1.3e+00 1.47e+00  1e+00  2e+00 0:15.5
    3     24 8.312988281250067e-02 1.8e+00 1.46e+00  1e+00  2e+00 0:23.3
    4     32 1.489257812500003e-01 1.8e+00 1.40e+00  1e+00  1e+00 0:30.9
    5     40 7.873535156249989e-02 1.7e+00 1.14e+00  1e+00  1e+00 0:38.6
    6     48 1.523437500000000e-01 1.8e+00 9.73e-01  7e-01  9e-01 0:46.2
    7     56 3.283691406249967e-02 1.9e+00 8.88e-01  7e-01  8e-01 0:54.1
    8     64 1.088867187500007e-01 2.0e+00 7.89e-01  5e-01  8e-01 1:01.7
    9     72 1.179199218750001e-01 2.3e+00 6.79e-01  4e-01  7e-01 1:09.7
   11     88 7.482910156249956e-02 3.0e+00 6.33e-01  4e-01  7e-01 1:25.5
   13    104 1.267089843750008e-01 2.6e+00 8.60e-01  6e-01  8e-01 1:41.5
   15    120 9.045410156249967e-02 3.3e+00 6.23e-01  4e-01  5e-01 1:57.0
   17    136 7.324218750000333e-03 2.9e+00 5.57e-01  4e-01  4e-01 2:12.7
   18    144 -4.150390625000000e-03 3.3e+00 5.46e-01  4e-01  4e-01 2:20.7
termination on ftarget=1e-11
final/bestever f-value = -4.150391e-03 -4.150391e-03
incumbent solution: [5.689562373368426, 2.0390834999294496, 3.7740003086682923, 2.0686562467500433]
std deviation: [0.4069221410915962, 0.4069231104395654, 0.35552253851158927, 0.4153281298959195]
CMAEvolutionStrategyResult(xbest=array([5.84868104, 1.85572513, 3.94862194, 2.17615955]), fbest=-0.004150390625, evals_best=144, evaluations=144, iterations=18, xfavorite=array([5.68956237, 2.0390835 , 3.77400031, 2.06865625]), stds=array([0.40692214, 0.40692311, 0.35552254, 0.41532813]), stop={'ftarget': 1e-11})
4 10
(4_w,8)-aCMA-ES (mu_w=2.6,w_1=52%) in dimension 4 (seed=831475, Mon Jun 14 16:32:05 2021)
Iterat #Fevals   function value  axis ratio  sigma  min&max std  t[m:s]
    1      8 6.982421875000011e-02 1.0e+00 1.38e+00  1e+00  1e+00 0:07.8
    2     16 3.358154296875004e-01 1.2e+00 1.35e+00  1e+00  1e+00 0:15.5
    3     24 2.401123046875007e-01 1.5e+00 1.11e+00  1e+00  1e+00 0:23.1
    4     32 1.999511718750000e-01 1.6e+00 1.20e+00  1e+00  1e+00 0:31.0
    5     40 1.252441406250008e-01 1.9e+00 1.07e+00  8e-01  1e+00 0:38.5
    6     48 2.395019531250006e-01 1.8e+00 1.01e+00  7e-01  1e+00 0:46.7
    7     56 1.723632812500006e-01 1.8e+00 7.97e-01  5e-01  8e-01 0:54.5
    8     64 5.603027343750000e-02 1.8e+00 7.12e-01  5e-01  7e-01 1:02.2
   10     80 5.371093750000000e-02 1.8e+00 5.98e-01  4e-01  6e-01 1:18.2
   11     88 -5.615234375000044e-02 1.9e+00 5.25e-01  3e-01  5e-01 1:25.9
termination on ftarget=1e-11
final/bestever f-value = -5.615234e-02 -5.615234e-02
incumbent solution: [6.098616266038548, 5.943969672053616, 4.988229809395613, 4.841609079421158]
std deviation: [0.5031303355263553, 0.34160998814843196, 0.35438687803438507, 0.3389761318342289]
CMAEvolutionStrategyResult(xbest=array([5.78921771, 6.11801438, 5.04254898, 4.81571125]), fbest=-0.056152343750000444, evals_best=81, evaluations=88, iterations=11, xfavorite=array([6.09861627, 5.94396967, 4.98822981, 4.84160908]), stds=array([0.50313034, 0.34160999, 0.35438688, 0.33897613]), stop={'ftarget': 1e-11})
5 10
(4_w,8)-aCMA-ES (mu_w=2.6,w_1=52%) in dimension 4 (seed=723079, Mon Jun 14 16:33:32 2021)
Iterat #Fevals   function value  axis ratio  sigma  min&max std  t[m:s]
    1      8 9.619140625000000e-02 1.0e+00 1.27e+00  1e+00  1e+00 0:08.1
    2     16 1.048583984375006e-01 1.3e+00 1.08e+00  1e+00  1e+00 0:16.0
    3     24 2.637939453125009e-01 1.6e+00 9.79e-01  8e-01  9e-01 0:23.8
    4     32 1.048583984375009e-01 1.8e+00 7.99e-01  6e-01  7e-01 0:32.1
    5     40 2.047119140625008e-01 1.9e+00 6.73e-01  5e-01  6e-01 0:39.8
    6     48 5.480957031249989e-02 2.0e+00 5.76e-01  4e-01  5e-01 0:47.5
    7     56 7.446289062500067e-02 2.1e+00 5.40e-01  3e-01  5e-01 0:55.6
    8     64 3.784179687500111e-03 2.2e+00 4.76e-01  3e-01  4e-01 1:03.9
    9     72 1.965332031249956e-02 2.3e+00 4.45e-01  3e-01  4e-01 1:11.9
   11     88 5.847167968750011e-02 2.6e+00 6.06e-01  4e-01  5e-01 1:27.9
   12     96 -9.399414062500222e-03 3.0e+00 5.81e-01  4e-01  5e-01 1:35.9
termination on ftarget=1e-11
final/bestever f-value = -9.399414e-03 -9.399414e-03
incumbent solution: [5.565704315151084, 2.322782093756648, 3.5928488124397755, 4.00973495767451]
std deviation: [0.3809111187389301, 0.5192902335662036, 0.4314081319376705, 0.46518918587605107]
CMAEvolutionStrategyResult(xbest=array([5.70379394, 2.41865462, 3.45292525, 3.92866746]), fbest=-0.009399414062500222, evals_best=95, evaluations=96, iterations=12, xfavorite=array([5.56570432, 2.32278209, 3.59284881, 4.00973496]), stds=array([0.38091112, 0.51929023, 0.43140813, 0.46518919]), stop={'ftarget': 1e-11})
6 10
(4_w,8)-aCMA-ES (mu_w=2.6,w_1=52%) in dimension 4 (seed=743446, Mon Jun 14 16:35:08 2021)
Iterat #Fevals   function value  axis ratio  sigma  min&max std  t[m:s]
    1      8 4.073486328125002e-01 1.0e+00 1.23e+00  1e+00  1e+00 0:08.2
    2     16 3.386230468750006e-01 1.3e+00 1.11e+00  9e-01  1e+00 0:15.9
    3     24 3.669433593750002e-01 1.7e+00 1.14e+00  9e-01  1e+00 0:23.8
    4     32 2.117919921875008e-01 1.8e+00 1.25e+00  1e+00  1e+00 0:31.7
    5     40 7.983398437499967e-02 1.8e+00 1.09e+00  8e-01  1e+00 0:39.5
    6     48 8.142089843749989e-02 1.8e+00 9.35e-01  7e-01  9e-01 0:47.7
    7     56 6.237792968750044e-02 1.7e+00 9.38e-01  7e-01  9e-01 0:55.3
    8     64 9.350585937500067e-02 1.6e+00 8.55e-01  6e-01  7e-01 1:03.0
   10     80 9.790039062500089e-02 1.8e+00 7.82e-01  5e-01  7e-01 1:18.5
   12     96 3.771972656250022e-02 2.2e+00 8.18e-01  5e-01  7e-01 1:36.6
   14    112 3.979492187500089e-02 2.3e+00 8.20e-01  4e-01  7e-01 1:52.2
   16    128 -1.672363281250022e-02 2.6e+00 6.13e-01  2e-01  5e-01 2:07.8
termination on ftarget=1e-11
final/bestever f-value = -1.672363e-02 -1.672363e-02
incumbent solution: [0.22816727468843806, 0.04383114070932578, 1.3664070708556884, 1.203106461686561]
std deviation: [0.49346517994818384, 0.4594879394411145, 0.24638810600413555, 0.5393738558336232]
CMAEvolutionStrategyResult(xbest=array([ 0.18167449, -0.05332301,  1.4305949 ,  1.3805481 ]), fbest=-0.016723632812500222, evals_best=126, evaluations=128, iterations=16, xfavorite=array([0.22816727, 0.04383114, 1.36640707, 1.20310646]), stds=array([0.49346518, 0.45948794, 0.24638811, 0.53937386]), stop={'ftarget': 1e-11})
7 10
(4_w,8)-aCMA-ES (mu_w=2.6,w_1=52%) in dimension 4 (seed=799301, Mon Jun 14 16:37:15 2021)
Iterat #Fevals   function value  axis ratio  sigma  min&max std  t[m:s]
    1      8 5.249023437499956e-02 1.0e+00 1.39e+00  1e+00  1e+00 0:07.5
    2     16 3.748779296874997e-01 1.2e+00 1.20e+00  1e+00  1e+00 0:15.1
    3     24 2.430419921875006e-01 1.3e+00 1.16e+00  1e+00  1e+00 0:22.9
    4     32 3.223876953125004e-01 1.3e+00 1.23e+00  1e+00  1e+00 0:30.5
    5     40 2.456054687500002e-01 1.3e+00 9.30e-01  8e-01  8e-01 0:38.3
    6     48 2.197265625000333e-03 1.5e+00 9.21e-01  7e-01  9e-01 0:45.8
    7     56 1.384277343750008e-01 1.7e+00 8.25e-01  6e-01  7e-01 0:53.5
    8     64 -1.635742187499978e-02 1.9e+00 7.21e-01  5e-01  7e-01 1:01.5
termination on ftarget=1e-11
final/bestever f-value = -1.635742e-02 -1.635742e-02
incumbent solution: [5.693279496424883, 5.972465803191941, 2.976778851018542, 2.493237227547628]
std deviation: [0.6964203402144163, 0.5658056907882696, 0.4858330763064511, 0.5348748877931067]
CMAEvolutionStrategyResult(xbest=array([4.75904822, 5.85254997, 2.95652654, 2.71319839]), fbest=-0.016357421874999778, evals_best=57, evaluations=64, iterations=8, xfavorite=array([5.6932795 , 5.9724658 , 2.97677885, 2.49323723]), stds=array([0.69642034, 0.56580569, 0.48583308, 0.53487489]), stop={'ftarget': 1e-11})
8 10
(4_w,8)-aCMA-ES (mu_w=2.6,w_1=52%) in dimension 4 (seed=755553, Mon Jun 14 16:38:17 2021)
Iterat #Fevals   function value  axis ratio  sigma  min&max std  t[m:s]
    1      8 2.993164062500004e-01 1.0e+00 1.37e+00  1e+00  1e+00 0:07.5
    2     16 2.189941406250007e-01 1.1e+00 1.34e+00  1e+00  1e+00 0:15.1
    3     24 2.686767578125014e-01 1.3e+00 1.15e+00  9e-01  1e+00 0:22.9
    4     32 3.322753906250001e-01 1.4e+00 1.24e+00  9e-01  1e+00 0:30.7
    5     40 1.878662109375000e-01 1.5e+00 1.03e+00  7e-01  1e+00 0:38.7
    6     48 1.951904296875007e-01 1.7e+00 8.46e-01  6e-01  7e-01 0:46.3
    7     56 1.303710937500008e-01 1.6e+00 7.12e-01  5e-01  6e-01 0:54.1
    8     64 1.857910156249998e-01 1.6e+00 5.98e-01  3e-01  5e-01 1:02.2
   10     80 1.107177734375002e-01 1.6e+00 5.52e-01  3e-01  4e-01 1:17.7
   11     88 7.287597656250033e-02 1.4e+00 5.18e-01  3e-01  4e-01 1:26.8
   13    104 -1.098632812499956e-02 1.7e+00 3.97e-01  2e-01  3e-01 1:42.1
termination on ftarget=1e-11
final/bestever f-value = -1.098633e-02 -1.098633e-02
incumbent solution: [2.05286641991882, 3.528643787007662, 1.90039918413885, 4.291974127983339]
std deviation: [0.21357116869033857, 0.2619842197701967, 0.23392538886471204, 0.29563561866029264]
CMAEvolutionStrategyResult(xbest=array([1.80259643, 3.35383922, 2.12910476, 4.35206153]), fbest=-0.010986328124999556, evals_best=97, evaluations=104, iterations=13, xfavorite=array([2.05286642, 3.52864379, 1.90039918, 4.29197413]), stds=array([0.21357117, 0.26198422, 0.23392539, 0.29563562]), stop={'ftarget': 1e-11})
9 10
(4_w,8)-aCMA-ES (mu_w=2.6,w_1=52%) in dimension 4 (seed=798676, Mon Jun 14 16:39:59 2021)
Iterat #Fevals   function value  axis ratio  sigma  min&max std  t[m:s]
    1      8 2.667236328125003e-01 1.0e+00 1.29e+00  1e+00  1e+00 0:08.3
    2     16 1.480712890624999e-01 1.2e+00 1.20e+00  1e+00  1e+00 0:16.0
    3     24 2.770996093750000e-02 1.4e+00 9.59e-01  8e-01  9e-01 0:23.8
    4     32 2.379150390624997e-01 1.5e+00 8.85e-01  7e-01  8e-01 0:31.7
    5     40 1.195068359375002e-01 1.6e+00 7.69e-01  6e-01  7e-01 0:39.3
    6     48 1.727294921875008e-01 1.9e+00 6.52e-01  4e-01  6e-01 0:47.2
    7     56 8.496093750000022e-02 1.8e+00 5.23e-01  4e-01  4e-01 0:55.5
    8     64 9.912109375000000e-02 1.9e+00 4.65e-01  3e-01  4e-01 1:03.2
   10     80 8.825683593750067e-02 2.1e+00 4.38e-01  3e-01  4e-01 1:19.1
   12     96 7.556152343750000e-02 1.9e+00 3.34e-01  2e-01  3e-01 1:35.3
   13    104 -5.615234375000022e-02 2.1e+00 3.51e-01  2e-01  3e-01 1:43.6
termination on ftarget=1e-11
final/bestever f-value = -5.615234e-02 -5.615234e-02
incumbent solution: [1.6419833872725778, 5.065625161658953, 2.1568849623203357, 4.584404811781722]
std deviation: [0.34015270335302605, 0.18976925700955413, 0.20532733135951245, 0.19054935765592917]
CMAEvolutionStrategyResult(xbest=array([1.53152433, 5.04650589, 2.18007665, 4.56803529]), fbest=-0.05615234375000022, evals_best=99, evaluations=104, iterations=13, xfavorite=array([1.64198339, 5.06562516, 2.15688496, 4.58440481]), stds=array([0.3401527 , 0.18976926, 0.20532733, 0.19054936]), stop={'ftarget': 1e-11})
