0 10
(4_w,8)-aCMA-ES (mu_w=2.6,w_1=52%) in dimension 4 (seed=797985, Mon Jun 14 16:24:32 2021)
circuitVTD.py:339: DeprecationWarning: The QuantumCircuit.__add__() method is being deprecated.Use the compose() method which is more flexible w.r.t circuit register compatibility.
  TrotterFixStepList.append(TrotterFixStepList[-1] + U_trot)
/home/nfb1/.local/lib/python3.7/site-packages/qiskit/circuit/quantumcircuit.py:869: DeprecationWarning: The QuantumCircuit.combine() method is being deprecated. Use the compose() method which is more flexible w.r.t circuit register compatibility.
  return self.combine(rhs)
Iterat #Fevals   function value  axis ratio  sigma  min&max std  t[m:s]
    1      8 1.994628906250006e-01 1.0e+00 1.61e+00  1e+00  2e+00 0:06.1
    2     16 3.542480468750003e-01 1.3e+00 1.52e+00  1e+00  2e+00 0:12.1
    3     24 4.257812500000007e-01 1.4e+00 1.48e+00  1e+00  2e+00 0:18.1
    4     32 2.309570312500006e-01 1.6e+00 1.40e+00  1e+00  2e+00 0:24.1
    5     40 3.027343749999978e-02 1.6e+00 1.14e+00  9e-01  1e+00 0:30.0
    6     48 2.905273437500007e-01 1.7e+00 1.14e+00  9e-01  1e+00 0:36.2
    7     56 1.762695312500002e-01 1.8e+00 9.78e-01  7e-01  1e+00 0:42.2
    9     72 1.228027343750002e-01 1.9e+00 7.15e-01  5e-01  7e-01 0:54.4
   11     88 -1.953125000000000e-03 2.0e+00 6.50e-01  4e-01  7e-01 1:06.6
termination on ftarget=1e-11
final/bestever f-value = -1.953125e-03 -1.953125e-03
incumbent solution: [3.0081890507239417, 1.8632102966978856, 4.664994172085041, -0.33254606492110755]
std deviation: [0.6891263352154227, 0.4324917183347994, 0.4460311209768886, 0.46248173545042665]
CMAEvolutionStrategyResult(xbest=array([ 3.13224205,  1.85869374,  4.71107921, -0.06985279]), fbest=-0.001953125, evals_best=83, evaluations=88, iterations=11, xfavorite=array([ 3.00818905,  1.8632103 ,  4.66499417, -0.33254606]), stds=array([0.68912634, 0.43249172, 0.44603112, 0.46248174]), stop={'ftarget': 1e-11})
1 10
(4_w,8)-aCMA-ES (mu_w=2.6,w_1=52%) in dimension 4 (seed=792956, Mon Jun 14 16:25:39 2021)
Iterat #Fevals   function value  axis ratio  sigma  min&max std  t[m:s]
    1      8 1.647949218750009e-01 1.0e+00 1.82e+00  2e+00  2e+00 0:07.3
    2     16 3.532714843749996e-01 1.6e+00 2.10e+00  2e+00  2e+00 0:14.5
    3     24 6.225585937500002e-01 1.8e+00 2.22e+00  2e+00  3e+00 0:21.9
    4     32 4.787597656250003e-01 1.9e+00 2.10e+00  2e+00  2e+00 0:28.9
    5     40 2.246093750000003e-01 1.8e+00 1.96e+00  2e+00  2e+00 0:36.4
    6     48 2.858886718750006e-01 1.9e+00 1.63e+00  1e+00  2e+00 0:43.7
    7     56 1.076660156249996e-01 1.8e+00 1.57e+00  1e+00  2e+00 0:51.0
    8     64 2.231445312500002e-01 1.9e+00 1.38e+00  1e+00  1e+00 0:58.2
   10     80 3.203125000000004e-01 2.3e+00 1.21e+00  8e-01  1e+00 1:12.7
   12     96 9.350585937500000e-02 2.2e+00 9.01e-01  6e-01  9e-01 1:27.7
   14    112 5.810546875000122e-02 2.5e+00 7.85e-01  5e-01  9e-01 1:42.3
   16    128 4.565429687500067e-02 3.1e+00 6.62e-01  3e-01  8e-01 1:57.3
   18    144 3.369140625000000e-02 4.0e+00 8.17e-01  4e-01  1e+00 2:12.2
   20    160 1.977539062500078e-02 5.3e+00 6.37e-01  3e-01  8e-01 2:26.9
   22    176 7.958984375000000e-02 5.0e+00 5.60e-01  3e-01  8e-01 2:41.7
   23    184 -6.347656249999778e-03 5.5e+00 4.79e-01  2e-01  6e-01 2:48.8
termination on ftarget=1e-11
final/bestever f-value = -6.347656e-03 -6.347656e-03
incumbent solution: [-0.3524706614317844, -0.11801056251971154, 3.4502231847779044, -3.9009085612999415]
std deviation: [0.6422187680440115, 0.2009205773026557, 0.2601000311122444, 0.22805233944678682]
CMAEvolutionStrategyResult(xbest=array([-0.10585858, -0.05733079,  3.6488135 , -3.97680773]), fbest=-0.006347656249999778, evals_best=184, evaluations=184, iterations=23, xfavorite=array([-0.35247066, -0.11801056,  3.45022318, -3.90090856]), stds=array([0.64221877, 0.20092058, 0.26010003, 0.22805234]), stop={'ftarget': 1e-11})
2 10
(4_w,8)-aCMA-ES (mu_w=2.6,w_1=52%) in dimension 4 (seed=822894, Mon Jun 14 16:28:28 2021)
Iterat #Fevals   function value  axis ratio  sigma  min&max std  t[m:s]
    1      8 5.073242187500000e-01 1.0e+00 1.44e+00  1e+00  2e+00 0:07.3
    2     16 5.876464843750000e-01 1.5e+00 1.66e+00  2e+00  2e+00 0:14.3
    3     24 6.401367187500002e-01 1.6e+00 1.58e+00  2e+00  2e+00 0:22.0
    4     32 3.188476562500001e-01 1.9e+00 1.48e+00  1e+00  2e+00 0:29.0
    5     40 1.462402343750002e-01 1.9e+00 1.42e+00  1e+00  1e+00 0:36.1
    6     48 1.193847656250008e-01 2.0e+00 1.30e+00  1e+00  1e+00 0:43.3
    7     56 1.853027343750006e-01 1.9e+00 1.22e+00  1e+00  1e+00 0:50.4
    8     64 5.395507812500000e-02 1.7e+00 1.31e+00  9e-01  1e+00 0:57.9
   10     80 8.520507812500111e-02 1.8e+00 9.34e-01  5e-01  1e+00 1:12.5
   12     96 -1.464843749999956e-02 2.5e+00 6.99e-01  4e-01  8e-01 1:26.8
termination on ftarget=1e-11
final/bestever f-value = -1.464844e-02 -1.464844e-02
incumbent solution: [-1.8843150992834066, 2.0353744123416764, 3.6274693061838112, 2.120339888009466]
std deviation: [0.3533488815502234, 0.40821883336517406, 0.7842364418652251, 0.4551911788816294]
CMAEvolutionStrategyResult(xbest=array([-2.04813877,  1.88241178,  3.55680778,  2.0137566 ]), fbest=-0.014648437499999556, evals_best=94, evaluations=96, iterations=12, xfavorite=array([-1.8843151 ,  2.03537441,  3.62746931,  2.12033989]), stds=array([0.35334888, 0.40821883, 0.78423644, 0.45519118]), stop={'ftarget': 1e-11})
3 10
(4_w,8)-aCMA-ES (mu_w=2.6,w_1=52%) in dimension 4 (seed=752202, Mon Jun 14 16:29:55 2021)
Iterat #Fevals   function value  axis ratio  sigma  min&max std  t[m:s]
    1      8 5.085449218750002e-01 1.0e+00 1.65e+00  2e+00  2e+00 0:07.3
    2     16 6.374511718750002e-01 1.3e+00 1.79e+00  2e+00  2e+00 0:14.7
    3     24 2.143554687500004e-01 1.6e+00 1.95e+00  2e+00  3e+00 0:22.0
    4     32 4.724121093750001e-01 1.7e+00 2.55e+00  2e+00  3e+00 0:29.1
    5     40 3.171386718750000e-01 1.9e+00 2.52e+00  2e+00  4e+00 0:36.8
    6     48 2.521972656250002e-01 2.2e+00 2.51e+00  2e+00  4e+00 0:44.2
    7     56 1.484375000000008e-01 2.3e+00 2.31e+00  2e+00  3e+00 0:52.5
    8     64 3.288574218750002e-01 2.5e+00 2.58e+00  2e+00  4e+00 0:59.8
   10     80 4.492187500000001e-01 3.9e+00 2.34e+00  2e+00  4e+00 1:14.4
   12     96 1.645507812499997e-01 4.7e+00 2.89e+00  2e+00  5e+00 1:29.2
   14    112 6.103515625000044e-02 5.4e+00 2.62e+00  2e+00  5e+00 1:43.8
   16    128 1.335449218750006e-01 4.6e+00 2.09e+00  2e+00  4e+00 1:58.7
   18    144 4.470214843750006e-01 5.4e+00 2.83e+00  2e+00  5e+00 2:13.3
   20    160 1.203613281250008e-01 5.8e+00 3.20e+00  2e+00  5e+00 2:27.9
   22    176 1.979980468750000e-01 4.5e+00 2.85e+00  2e+00  4e+00 2:42.3
   25    200 2.304687500000003e-01 4.5e+00 2.90e+00  1e+00  3e+00 3:04.5
   28    224 5.571289062500004e-01 6.8e+00 3.11e+00  1e+00  4e+00 3:26.6
   31    248 3.686523437500001e-01 6.3e+00 3.91e+00  2e+00  5e+00 3:49.0
   34    272 1.887207031249997e-01 7.3e+00 6.98e+00  4e+00  1e+01 4:10.9
   37    296 2.556152343750008e-01 7.1e+00 5.47e+00  3e+00  7e+00 4:33.7
   40    320 3.007812500000003e-01 6.7e+00 5.44e+00  3e+00  8e+00 4:55.9
   43    344 4.760742187500044e-02 8.3e+00 5.07e+00  2e+00  7e+00 5:19.2
   46    368 5.070800781250003e-01 9.8e+00 5.85e+00  2e+00  9e+00 5:43.0
   50    400 4.594726562500002e-01 1.1e+01 7.32e+00  3e+00  1e+01 6:12.4
   54    432 3.083496093750006e-01 9.9e+00 5.36e+00  2e+00  7e+00 6:42.2
   58    464 2.041015624999997e-01 1.0e+01 6.05e+00  2e+00  7e+00 7:12.4
   62    496 1.638183593750007e-01 9.0e+00 5.48e+00  2e+00  6e+00 7:42.2
   66    528 7.067871093750002e-01 1.0e+01 7.25e+00  2e+00  8e+00 8:12.9
   70    560 5.268554687500000e-01 1.5e+01 8.98e+00  2e+00  1e+01 8:42.6
   74    592 2.385253906250000e-01 1.8e+01 8.02e+00  2e+00  9e+00 9:12.5
   79    632 1.005859374999999e-01 1.7e+01 5.45e+00  1e+00  5e+00 9:49.1
   84    672 5.163574218750002e-01 1.6e+01 4.33e+00  9e-01  4e+00 10:26.8
   89    712 1.801757812499999e-01 1.6e+01 3.27e+00  5e-01  2e+00 11:04.6
   94    752 2.905273437500000e-02 1.1e+01 4.26e+00  6e-01  2e+00 11:42.7
   99    792 1.022949218750003e-01 6.6e+00 2.78e+00  4e-01  1e+00 12:19.8
  100    800 1.467285156250003e-01 6.9e+00 2.59e+00  4e-01  8e-01 12:26.9
termination on maxiter=100
final/bestever f-value = 1.467285e-01 2.905273e-02
incumbent solution: [14.83038931324009, -7.924917920115519, 1.629295909266967, -44.3145991115457]
std deviation: [0.38304927885094786, 0.6925626810928805, 0.8246460377936982, 0.8263155990681214]
CMAEvolutionStrategyResult(xbest=array([ 14.36615433,  -7.7652079 ,   1.55084566, -44.09292904]), fbest=0.029052734375, evals_best=751, evaluations=800, iterations=100, xfavorite=array([ 14.83038931,  -7.92491792,   1.62929591, -44.31459911]), stds=array([0.38304928, 0.69256268, 0.82464604, 0.8263156 ]), stop={'maxiter': 100})
4 10
(4_w,8)-aCMA-ES (mu_w=2.6,w_1=52%) in dimension 4 (seed=783834, Mon Jun 14 16:42:22 2021)
Iterat #Fevals   function value  axis ratio  sigma  min&max std  t[m:s]
    1      8 2.915039062500000e-01 1.0e+00 1.33e+00  1e+00  1e+00 0:07.6
    2     16 2.866210937500007e-01 1.2e+00 1.82e+00  2e+00  2e+00 0:15.1
    3     24 2.336425781250002e-01 1.5e+00 2.04e+00  2e+00  2e+00 0:22.2
    4     32 3.247070312500002e-01 1.6e+00 1.85e+00  1e+00  2e+00 0:29.9
    5     40 3.310546875000003e-01 1.9e+00 1.94e+00  1e+00  2e+00 0:37.2
    6     48 2.595214843750002e-01 2.2e+00 2.08e+00  2e+00  3e+00 0:44.3
    7     56 4.982910156250003e-01 2.3e+00 2.03e+00  1e+00  3e+00 0:52.0
    8     64 2.097167968750001e-01 2.4e+00 1.94e+00  1e+00  2e+00 0:59.3
   10     80 2.045898437500003e-01 2.3e+00 2.18e+00  1e+00  3e+00 1:13.7
   12     96 3.452148437500003e-01 2.6e+00 2.32e+00  1e+00  3e+00 1:28.4
   14    112 1.767578125000006e-01 3.1e+00 1.80e+00  1e+00  2e+00 1:43.6
   16    128 3.549804687499998e-01 3.0e+00 1.85e+00  1e+00  2e+00 1:58.6
   18    144 2.875976562500007e-01 3.1e+00 1.43e+00  6e-01  2e+00 2:13.8
   20    160 4.274902343750009e-01 3.0e+00 1.48e+00  7e-01  2e+00 2:28.3
   22    176 1.984863281250006e-01 2.5e+00 1.32e+00  6e-01  1e+00 2:43.6
   25    200 1.188964843749999e-01 2.4e+00 9.39e-01  4e-01  9e-01 3:06.1
   28    224 1.569824218750001e-01 2.5e+00 7.32e-01  3e-01  6e-01 3:28.2
   29    232 -1.191406250000007e-01 2.6e+00 6.94e-01  3e-01  6e-01 3:35.6
termination on ftarget=1e-11
final/bestever f-value = -1.191406e-01 -1.191406e-01
incumbent solution: [4.591164859570484, 3.75500292566177, 1.8677209326836341, -2.3166037358988794]
std deviation: [0.2903366126640856, 0.3317835058773901, 0.3115591934201782, 0.5833980937249907]
CMAEvolutionStrategyResult(xbest=array([ 4.51088862,  3.77290658,  1.98204046, -2.32138464]), fbest=-0.11914062500000067, evals_best=228, evaluations=232, iterations=29, xfavorite=array([ 4.59116486,  3.75500293,  1.86772093, -2.31660374]), stds=array([0.29033661, 0.33178351, 0.31155919, 0.58339809]), stop={'ftarget': 1e-11})
5 10
(4_w,8)-aCMA-ES (mu_w=2.6,w_1=52%) in dimension 4 (seed=856952, Mon Jun 14 16:45:57 2021)
Iterat #Fevals   function value  axis ratio  sigma  min&max std  t[m:s]
    1      8 3.027343750000004e-01 1.0e+00 1.38e+00  1e+00  1e+00 0:07.2
    2     16 5.007324218750000e-01 1.4e+00 1.36e+00  1e+00  1e+00 0:14.6
    3     24 2.832031250000004e-01 1.4e+00 1.45e+00  1e+00  2e+00 0:21.7
    4     32 2.006835937500007e-01 1.7e+00 1.86e+00  2e+00  2e+00 0:29.1
    5     40 2.426757812500004e-01 2.1e+00 2.02e+00  2e+00  3e+00 0:36.5
    6     48 1.691894531250002e-01 2.2e+00 1.88e+00  2e+00  2e+00 0:44.2
    7     56 1.530761718750006e-01 2.0e+00 1.76e+00  2e+00  2e+00 0:51.3
    8     64 3.564453125000006e-01 2.0e+00 1.64e+00  1e+00  2e+00 0:58.8
    9     72 2.150878906250000e-01 2.2e+00 1.53e+00  1e+00  2e+00 1:07.0
   11     88 1.784667968750007e-01 2.2e+00 1.32e+00  1e+00  1e+00 1:21.7
   13    104 1.433105468750000e-01 3.0e+00 1.67e+00  1e+00  2e+00 1:36.7
   15    120 1.191406250000002e-01 2.6e+00 1.66e+00  1e+00  2e+00 1:51.6
   17    136 1.159667968750001e-01 3.1e+00 2.47e+00  2e+00  3e+00 2:06.5
   19    152 1.584472656250000e-01 4.0e+00 2.28e+00  1e+00  3e+00 2:21.9
   21    168 1.796875000000001e-01 4.9e+00 1.91e+00  1e+00  3e+00 2:36.5
   24    192 1.315917968750002e-01 7.4e+00 1.52e+00  8e-01  2e+00 2:58.6
   26    208 -3.637695312499978e-02 9.2e+00 1.29e+00  7e-01  2e+00 3:13.4
termination on ftarget=1e-11
final/bestever f-value = -3.637695e-02 -3.637695e-02
incumbent solution: [0.020977908729115646, 1.5089350795146301, 1.582888700991476, 4.964312618976353]
std deviation: [0.6916812322698295, 0.9728430018178241, 2.013039486648039, 0.7538455150187785]
CMAEvolutionStrategyResult(xbest=array([0.51754221, 1.34464438, 2.29376206, 4.88827652]), fbest=-0.03637695312499978, evals_best=208, evaluations=208, iterations=26, xfavorite=array([0.02097791, 1.50893508, 1.5828887 , 4.96431262]), stds=array([0.69168123, 0.972843  , 2.01303949, 0.75384552]), stop={'ftarget': 1e-11})
6 10
(4_w,8)-aCMA-ES (mu_w=2.6,w_1=52%) in dimension 4 (seed=730521, Mon Jun 14 16:49:11 2021)
Iterat #Fevals   function value  axis ratio  sigma  min&max std  t[m:s]
    1      8 5.273437500000002e-01 1.0e+00 1.36e+00  1e+00  1e+00 0:07.9
    2     16 1.823730468750001e-01 1.3e+00 1.30e+00  1e+00  1e+00 0:15.3
    3     24 4.450683593750006e-01 1.4e+00 1.22e+00  1e+00  1e+00 0:22.9
    4     32 1.027832031249999e-01 1.4e+00 1.16e+00  1e+00  1e+00 0:30.3
    5     40 1.508789062500002e-01 1.5e+00 1.06e+00  8e-01  1e+00 0:37.7
    6     48 4.907226562500056e-02 1.7e+00 8.39e-01  6e-01  7e-01 0:45.4
    7     56 5.786132812500022e-02 1.8e+00 8.01e-01  6e-01  7e-01 0:53.8
    8     64 1.940917968749996e-01 2.1e+00 7.76e-01  6e-01  7e-01 1:01.3
    9     72 -2.929687499999556e-03 2.1e+00 7.52e-01  6e-01  6e-01 1:08.6
termination on ftarget=1e-11
final/bestever f-value = -2.929687e-03 -2.929687e-03
incumbent solution: [0.4199453427501204, 3.0478528223724117, 1.1168496696872778, 5.244095942588665]
std deviation: [0.6113211763988489, 0.6161822983375299, 0.6056691451466969, 0.604418686930375]
CMAEvolutionStrategyResult(xbest=array([0.33734589, 3.5575556 , 1.26028937, 4.67992726]), fbest=-0.002929687499999556, evals_best=69, evaluations=72, iterations=9, xfavorite=array([0.41994534, 3.04785282, 1.11684967, 5.24409594]), stds=array([0.61132118, 0.6161823 , 0.60566915, 0.60441869]), stop={'ftarget': 1e-11})
7 10
(4_w,8)-aCMA-ES (mu_w=2.6,w_1=52%) in dimension 4 (seed=798889, Mon Jun 14 16:50:19 2021)
Iterat #Fevals   function value  axis ratio  sigma  min&max std  t[m:s]
    1      8 4.211425781250001e-01 1.0e+00 1.76e+00  2e+00  2e+00 0:07.1
    2     16 2.082519531250003e-01 1.6e+00 1.67e+00  1e+00  2e+00 0:14.6
    3     24 2.429199218750008e-01 1.8e+00 1.82e+00  1e+00  2e+00 0:22.1
    4     32 1.318359375000001e-01 1.8e+00 2.01e+00  2e+00  2e+00 0:29.5
    5     40 2.995605468750007e-01 2.2e+00 1.75e+00  1e+00  2e+00 0:36.7
    6     48 2.983398437500000e-01 2.3e+00 1.47e+00  9e-01  2e+00 0:44.3
    7     56 1.984863281250001e-01 2.5e+00 1.17e+00  7e-01  1e+00 0:52.0
    8     64 1.125488281249996e-01 2.4e+00 1.05e+00  6e-01  1e+00 0:59.2
   10     80 9.057617187500033e-02 2.5e+00 9.41e-01  5e-01  1e+00 1:14.3
   11     88 -1.342773437500000e-02 2.9e+00 8.52e-01  5e-01  9e-01 1:21.6
termination on ftarget=1e-11
final/bestever f-value = -1.342773e-02 -1.342773e-02
incumbent solution: [2.451873008118845, 2.0011537361803176, 8.043254266450552, 2.067254429579519]
std deviation: [0.4660350533449936, 0.7119373195121897, 0.7924787076378151, 0.9189941685568084]
CMAEvolutionStrategyResult(xbest=array([2.20954567, 2.61758374, 7.68367538, 1.72576305]), fbest=-0.013427734375, evals_best=82, evaluations=88, iterations=11, xfavorite=array([2.45187301, 2.00115374, 8.04325427, 2.06725443]), stds=array([0.46603505, 0.71193732, 0.79247871, 0.91899417]), stop={'ftarget': 1e-11})
8 10
(4_w,8)-aCMA-ES (mu_w=2.6,w_1=52%) in dimension 4 (seed=753663, Mon Jun 14 16:51:41 2021)
Iterat #Fevals   function value  axis ratio  sigma  min&max std  t[m:s]
    1      8 4.909667968750000e-01 1.0e+00 1.42e+00  1e+00  1e+00 0:07.5
    2     16 2.658691406250001e-01 1.3e+00 1.20e+00  1e+00  1e+00 0:15.0
    3     24 3.410644531250000e-01 1.5e+00 1.17e+00  1e+00  1e+00 0:22.7
    4     32 1.513671875000003e-01 1.6e+00 1.18e+00  1e+00  1e+00 0:30.0
    5     40 2.565917968750004e-01 1.8e+00 1.04e+00  9e-01  1e+00 0:37.6
    6     48 1.230468750000006e-01 1.9e+00 8.74e-01  7e-01  8e-01 0:44.8
    7     56 9.570312500000078e-02 1.9e+00 9.79e-01  7e-01  1e+00 0:52.3
    8     64 9.301757812500011e-02 2.3e+00 8.97e-01  6e-01  1e+00 1:00.3
   10     80 4.931640625000022e-02 2.4e+00 7.42e-01  5e-01  8e-01 1:14.9
   12     96 1.186523437500006e-01 2.9e+00 6.94e-01  4e-01  7e-01 1:30.5
   14    112 -1.147460937500000e-02 2.8e+00 5.05e-01  3e-01  4e-01 1:45.0
termination on ftarget=1e-11
final/bestever f-value = -1.147461e-02 -1.147461e-02
incumbent solution: [5.339389356358367, 2.225103696135128, 0.46290686591311103, 1.754786128141289]
std deviation: [0.42327898285554905, 0.3000908547566346, 0.41661278135754726, 0.3382163582639811]
CMAEvolutionStrategyResult(xbest=array([5.53140099, 1.8144737 , 0.09418927, 1.92218489]), fbest=-0.011474609375, evals_best=106, evaluations=112, iterations=14, xfavorite=array([5.33938936, 2.2251037 , 0.46290687, 1.75478613]), stds=array([0.42327898, 0.30009085, 0.41661278, 0.33821636]), stop={'ftarget': 1e-11})
9 10
(4_w,8)-aCMA-ES (mu_w=2.6,w_1=52%) in dimension 4 (seed=791651, Mon Jun 14 16:53:26 2021)
Iterat #Fevals   function value  axis ratio  sigma  min&max std  t[m:s]
    1      8 2.836914062500000e-01 1.0e+00 1.65e+00  2e+00  2e+00 0:07.3
    2     16 1.794433593750000e-01 1.4e+00 1.78e+00  2e+00  2e+00 0:14.9
    3     24 5.944824218749998e-01 1.7e+00 2.09e+00  2e+00  3e+00 0:22.6
    4     32 1.679687499999998e-01 1.9e+00 2.34e+00  2e+00  3e+00 0:29.8
    5     40 1.228027343750004e-01 2.0e+00 2.11e+00  2e+00  3e+00 0:37.6
    6     48 1.054687500000002e-01 1.9e+00 1.92e+00  2e+00  2e+00 0:44.8
    7     56 3.676757812500000e-01 2.1e+00 1.77e+00  1e+00  2e+00 0:52.1
    8     64 3.283691406250003e-01 2.3e+00 2.01e+00  2e+00  3e+00 0:59.5
   10     80 3.942871093750003e-01 2.2e+00 2.95e+00  2e+00  4e+00 1:14.2
   12     96 2.272949218750009e-01 3.3e+00 1.98e+00  1e+00  3e+00 1:29.3
   14    112 3.159179687500004e-01 3.5e+00 1.89e+00  1e+00  2e+00 1:43.6
   16    128 2.368164062500001e-01 3.4e+00 1.44e+00  7e-01  2e+00 1:58.4
   18    144 2.666015625000008e-01 3.0e+00 1.11e+00  6e-01  1e+00 2:13.5
   20    160 8.544921875000022e-02 2.9e+00 1.15e+00  5e-01  1e+00 2:28.2
   22    176 1.127929687500002e-01 3.0e+00 1.05e+00  4e-01  9e-01 2:42.9
   25    200 6.591796875000000e-02 3.8e+00 7.17e-01  3e-01  6e-01 3:04.9
   28    224 1.489257812500011e-02 5.9e+00 4.86e-01  2e-01  4e-01 3:27.2
   31    248 3.979492187499989e-02 6.2e+00 5.03e-01  2e-01  4e-01 3:49.6
   33    264 -2.368164062500022e-02 6.3e+00 3.27e-01  1e-01  2e-01 4:04.4
termination on ftarget=1e-11
final/bestever f-value = -2.368164e-02 -2.368164e-02
incumbent solution: [11.25700765182624, 5.075228632641734, 4.363225094984662, 12.812131523142222]
std deviation: [0.22128275200529357, 0.10327334522808927, 0.1805895311164177, 0.24744779848790288]
CMAEvolutionStrategyResult(xbest=array([11.49641737,  4.97247239,  4.50934153, 13.16824908]), fbest=-0.023681640625000222, evals_best=264, evaluations=264, iterations=33, xfavorite=array([11.25700765,  5.07522863,  4.36322509, 12.81213152]), stds=array([0.22128275, 0.10327335, 0.18058953, 0.2474478 ]), stop={'ftarget': 1e-11})
