0 10
(4_w,8)-aCMA-ES (mu_w=2.6,w_1=52%) in dimension 4 (seed=890643, Mon Jun 14 16:24:51 2021)
circuitVTD.py:339: DeprecationWarning: The QuantumCircuit.__add__() method is being deprecated.Use the compose() method which is more flexible w.r.t circuit register compatibility.
  TrotterFixStepList.append(TrotterFixStepList[-1] + U_trot)
/home/nfb1/.local/lib/python3.7/site-packages/qiskit/circuit/quantumcircuit.py:869: DeprecationWarning: The QuantumCircuit.combine() method is being deprecated. Use the compose() method which is more flexible w.r.t circuit register compatibility.
  return self.combine(rhs)
Iterat #Fevals   function value  axis ratio  sigma  min&max std  t[m:s]
    1      8 1.329345703125007e-01 1.0e+00 1.30e+00  1e+00  1e+00 0:09.2
    2     16 1.743469238281257e-01 1.2e+00 1.60e+00  1e+00  2e+00 0:18.2
    3     24 5.554199218750056e-02 1.6e+00 1.52e+00  1e+00  2e+00 0:27.2
    4     32 1.494750976562502e-01 1.6e+00 1.37e+00  1e+00  2e+00 0:36.1
    5     40 3.753967285156248e-01 1.9e+00 1.35e+00  1e+00  2e+00 0:45.1
    6     48 2.070922851562497e-01 2.4e+00 1.30e+00  1e+00  2e+00 0:54.3
    7     56 3.973388671875078e-02 2.6e+00 1.13e+00  9e-01  1e+00 1:03.4
    8     64 8.389282226562556e-02 2.7e+00 1.06e+00  8e-01  1e+00 1:12.5
    9     72 1.236877441406249e-01 3.1e+00 9.84e-01  7e-01  1e+00 1:21.3
   11     88 9.512329101562522e-02 3.3e+00 8.65e-01  6e-01  9e-01 1:39.2
   13    104 -1.962280273437456e-02 3.5e+00 1.07e+00  8e-01  1e+00 1:57.4
termination on ftarget=1e-11
final/bestever f-value = -1.962280e-02 -1.962280e-02
incumbent solution: [6.763729115434259, 0.7661171180850954, 1.345641222903267, 7.590839903530645]
std deviation: [0.977220689145486, 1.1163256750811101, 0.7623404130821558, 1.0390950898731584]
CMAEvolutionStrategyResult(xbest=array([7.00204957, 0.94382564, 1.30227376, 7.37937221]), fbest=-0.019622802734374556, evals_best=98, evaluations=104, iterations=13, xfavorite=array([6.76372912, 0.76611712, 1.34564122, 7.5908399 ]), stds=array([0.97722069, 1.11632568, 0.76234041, 1.03909509]), stop={'ftarget': 1e-11})
1 10
(4_w,8)-aCMA-ES (mu_w=2.6,w_1=52%) in dimension 4 (seed=750342, Mon Jun 14 16:26:49 2021)
Iterat #Fevals   function value  axis ratio  sigma  min&max std  t[m:s]
    1      8 2.289733886718749e-01 1.0e+00 1.37e+00  1e+00  1e+00 0:10.1
    2     16 9.881591796875022e-02 1.3e+00 1.33e+00  1e+00  1e+00 0:20.5
    3     24 1.091918945312503e-01 1.6e+00 1.38e+00  1e+00  2e+00 0:30.4
    4     32 8.441162109375033e-02 1.8e+00 1.26e+00  1e+00  1e+00 0:40.9
    5     40 2.216796875000000e-01 1.8e+00 1.12e+00  9e-01  1e+00 0:51.0
    6     48 2.114868164062496e-01 1.9e+00 9.59e-01  7e-01  1e+00 1:01.2
    7     56 2.843933105468756e-01 2.0e+00 1.04e+00  8e-01  1e+00 1:11.3
    8     64 1.177368164062504e-01 2.1e+00 9.25e-01  7e-01  9e-01 1:21.5
    9     72 5.029296874999933e-02 2.0e+00 8.88e-01  7e-01  8e-01 1:31.6
   10     80 6.335449218750056e-02 2.1e+00 8.25e-01  6e-01  7e-01 1:41.9
   11     88 1.361389160156256e-01 2.1e+00 6.92e-01  5e-01  6e-01 1:52.1
   13    104 1.095886230468748e-01 2.3e+00 5.17e-01  3e-01  4e-01 2:12.7
   14    112 -9.094238281249556e-03 2.5e+00 4.70e-01  3e-01  4e-01 2:22.7
termination on ftarget=1e-11
final/bestever f-value = -9.094238e-03 -9.094238e-03
incumbent solution: [2.081337561064141, 5.328799861309814, 4.443198030977911, 2.575910281176706]
std deviation: [0.35587222862959694, 0.2968199041491803, 0.3657306125960915, 0.28249726635873884]
CMAEvolutionStrategyResult(xbest=array([2.19730042, 5.42301596, 4.50994531, 2.55085638]), fbest=-0.009094238281249556, evals_best=108, evaluations=112, iterations=14, xfavorite=array([2.08133756, 5.32879986, 4.44319803, 2.57591028]), stds=array([0.35587223, 0.2968199 , 0.36573061, 0.28249727]), stop={'ftarget': 1e-11})
2 10
(4_w,8)-aCMA-ES (mu_w=2.6,w_1=52%) in dimension 4 (seed=736444, Mon Jun 14 16:29:12 2021)
Iterat #Fevals   function value  axis ratio  sigma  min&max std  t[m:s]
    1      8 3.643493652343749e-01 1.0e+00 1.76e+00  2e+00  2e+00 0:10.3
    2     16 1.094055175781250e-01 1.4e+00 2.22e+00  2e+00  3e+00 0:20.6
    3     24 5.157470703125003e-01 1.7e+00 2.76e+00  2e+00  4e+00 0:31.0
    4     32 3.550415039062503e-01 1.9e+00 3.12e+00  3e+00  4e+00 0:41.2
    5     40 3.695678710937503e-01 1.9e+00 3.31e+00  3e+00  4e+00 0:51.4
    6     48 2.416076660156254e-01 1.9e+00 3.19e+00  2e+00  4e+00 1:01.7
    7     56 4.813232421875001e-01 2.1e+00 2.90e+00  2e+00  4e+00 1:11.8
    8     64 5.398864746093750e-01 2.1e+00 2.73e+00  2e+00  3e+00 1:22.2
    9     72 1.741943359375003e-01 2.0e+00 2.83e+00  2e+00  3e+00 1:32.2
   10     80 4.891052246093753e-01 2.1e+00 2.60e+00  2e+00  3e+00 1:42.7
   11     88 2.894287109375009e-01 2.1e+00 2.56e+00  2e+00  3e+00 1:52.8
   13    104 6.076965332031251e-01 2.2e+00 3.16e+00  2e+00  4e+00 2:13.4
   15    120 3.555908203125006e-01 2.3e+00 3.77e+00  3e+00  5e+00 2:34.1
   17    136 4.296875000000007e-01 2.8e+00 3.05e+00  2e+00  4e+00 2:54.8
   19    152 2.931823730468758e-01 2.5e+00 3.39e+00  2e+00  4e+00 3:15.5
   21    168 1.741027832031254e-01 2.9e+00 3.89e+00  3e+00  5e+00 3:35.8
   23    184 6.208801269531249e-01 3.7e+00 3.88e+00  3e+00  5e+00 3:56.0
   25    200 1.484069824218752e-01 4.5e+00 3.50e+00  2e+00  5e+00 4:16.5
   27    216 3.618164062500002e-01 4.6e+00 3.60e+00  2e+00  6e+00 4:37.2
   29    232 5.123291015625003e-01 5.2e+00 3.31e+00  2e+00  5e+00 4:58.1
   31    248 3.886718750000001e-01 5.6e+00 3.03e+00  2e+00  4e+00 5:19.2
   34    272 5.183410644531254e-01 5.5e+00 2.73e+00  2e+00  3e+00 5:50.1
   37    296 2.409973144531250e-01 6.3e+00 3.45e+00  2e+00  4e+00 6:20.8
   40    320 1.806640625000004e-01 6.5e+00 2.50e+00  1e+00  3e+00 6:52.6
   42    336 -3.744506835937522e-02 7.0e+00 1.96e+00  7e-01  3e+00 7:13.4
termination on ftarget=1e-11
final/bestever f-value = -3.744507e-02 -3.744507e-02
incumbent solution: [-8.020860740881629, 8.302969043164634, -12.448389002463747, 8.625035977961659]
std deviation: [0.7188395831167519, 0.9723047909978225, 2.5133279797157546, 1.2166076336127642]
CMAEvolutionStrategyResult(xbest=array([ -8.48211773,   8.5989677 , -10.935894  ,   8.19167877]), fbest=-0.03744506835937522, evals_best=334, evaluations=336, iterations=42, xfavorite=array([ -8.02086074,   8.30296904, -12.448389  ,   8.62503598]), stds=array([0.71883958, 0.97230479, 2.51332798, 1.21660763]), stop={'ftarget': 1e-11})
3 10
(4_w,8)-aCMA-ES (mu_w=2.6,w_1=52%) in dimension 4 (seed=766973, Mon Jun 14 16:36:25 2021)
Iterat #Fevals   function value  axis ratio  sigma  min&max std  t[m:s]
    1      8 3.081359863281249e-01 1.0e+00 1.62e+00  1e+00  2e+00 0:10.2
    2     16 2.364807128906251e-01 1.4e+00 1.61e+00  1e+00  2e+00 0:20.4
    3     24 2.030029296875000e-01 1.4e+00 1.43e+00  1e+00  2e+00 0:30.5
    4     32 2.801208496093763e-01 1.6e+00 1.29e+00  9e-01  1e+00 0:40.7
    5     40 1.341552734374998e-01 1.8e+00 1.09e+00  7e-01  1e+00 0:51.1
    6     48 3.473510742187499e-01 2.0e+00 1.04e+00  6e-01  1e+00 1:01.7
    7     56 2.094116210937499e-01 2.2e+00 9.93e-01  6e-01  1e+00 1:12.1
    8     64 2.003173828124997e-01 2.5e+00 1.08e+00  7e-01  2e+00 1:22.5
    9     72 1.696472167968752e-01 3.0e+00 1.04e+00  6e-01  2e+00 1:32.9
   10     80 8.093261718750044e-02 3.4e+00 1.21e+00  7e-01  2e+00 1:43.2
   11     88 1.131591796875007e-01 4.5e+00 1.20e+00  7e-01  2e+00 1:53.7
   13    104 1.565856933593751e-01 4.7e+00 9.17e-01  6e-01  1e+00 2:15.0
   15    120 7.705688476562544e-02 4.7e+00 7.56e-01  5e-01  1e+00 2:35.4
   17    136 1.124267578125004e-01 4.3e+00 6.60e-01  4e-01  8e-01 2:55.6
   19    152 5.441284179687567e-02 3.7e+00 4.13e-01  2e-01  5e-01 3:16.2
   21    168 -2.825927734374933e-02 3.4e+00 3.74e-01  2e-01  4e-01 3:36.4
termination on ftarget=1e-11
final/bestever f-value = -2.825928e-02 -2.825928e-02
incumbent solution: [1.1925519973264627, -0.31480322343864603, 9.85867319747592, 4.85707744488668]
std deviation: [0.24490806777559024, 0.18799706936997249, 0.3849584594279268, 0.15868260286440602]
CMAEvolutionStrategyResult(xbest=array([ 1.08573851, -0.40756483,  9.6516515 ,  4.87274691]), fbest=-0.028259277343749334, evals_best=165, evaluations=168, iterations=21, xfavorite=array([ 1.192552  , -0.31480322,  9.8586732 ,  4.85707744]), stds=array([0.24490807, 0.18799707, 0.38495846, 0.1586826 ]), stop={'ftarget': 1e-11})
4 10
(4_w,8)-aCMA-ES (mu_w=2.6,w_1=52%) in dimension 4 (seed=866514, Mon Jun 14 16:40:01 2021)
Iterat #Fevals   function value  axis ratio  sigma  min&max std  t[m:s]
    1      8 1.674804687500000e-01 1.0e+00 1.35e+00  1e+00  1e+00 0:10.3
    2     16 2.000122070312506e-01 1.2e+00 1.56e+00  1e+00  2e+00 0:20.8
    3     24 4.450378417968752e-01 1.7e+00 1.65e+00  2e+00  2e+00 0:31.4
    4     32 1.407775878906251e-01 1.9e+00 1.63e+00  1e+00  2e+00 0:41.9
    5     40 3.992919921874998e-01 2.5e+00 1.48e+00  1e+00  2e+00 0:52.1
    6     48 1.686401367187503e-01 2.7e+00 1.48e+00  1e+00  2e+00 1:02.6
    7     56 3.197021484375009e-01 2.2e+00 1.25e+00  1e+00  2e+00 1:12.6
    8     64 2.506408691406253e-01 2.3e+00 9.86e-01  8e-01  1e+00 1:22.9
    9     72 1.482543945312503e-01 2.0e+00 8.21e-01  6e-01  8e-01 1:33.6
   10     80 6.838989257812522e-02 2.0e+00 7.39e-01  5e-01  7e-01 1:44.0
   11     88 5.718994140625033e-02 2.1e+00 6.88e-01  4e-01  6e-01 1:54.3
   13    104 3.958129882812556e-02 2.0e+00 5.42e-01  3e-01  5e-01 2:15.2
   15    120 1.390686035156251e-01 2.3e+00 4.32e-01  2e-01  3e-01 2:35.3
   17    136 5.105590820312500e-02 2.3e+00 3.44e-01  2e-01  3e-01 2:55.8
   18    144 -5.142211914062456e-02 2.3e+00 3.91e-01  2e-01  3e-01 3:05.9
termination on ftarget=1e-11
final/bestever f-value = -5.142212e-02 -5.142212e-02
incumbent solution: [-2.028968631664968, 4.390122237221511, 1.387924611959969, 2.0630600122669542]
std deviation: [0.19407994328430736, 0.3138989070350071, 0.18052296535227627, 0.23799691343629759]
CMAEvolutionStrategyResult(xbest=array([-2.0526453 ,  4.42596973,  1.47941128,  2.03508066]), fbest=-0.051422119140624556, evals_best=144, evaluations=144, iterations=18, xfavorite=array([-2.02896863,  4.39012224,  1.38792461,  2.06306001]), stds=array([0.19407994, 0.31389891, 0.18052297, 0.23799691]), stop={'ftarget': 1e-11})
5 10
(4_w,8)-aCMA-ES (mu_w=2.6,w_1=52%) in dimension 4 (seed=808667, Mon Jun 14 16:43:07 2021)
Iterat #Fevals   function value  axis ratio  sigma  min&max std  t[m:s]
    1      8 2.137145996093753e-01 1.0e+00 1.54e+00  1e+00  2e+00 0:10.5
    2     16 2.037353515625002e-01 1.2e+00 1.49e+00  1e+00  2e+00 0:20.8
    3     24 1.873779296875001e-01 1.6e+00 1.58e+00  1e+00  2e+00 0:31.1
    4     32 5.697326660156254e-01 1.6e+00 2.26e+00  2e+00  3e+00 0:41.6
    5     40 1.642761230468748e-01 1.6e+00 2.27e+00  2e+00  3e+00 0:51.9
    6     48 2.124328613281260e-01 1.8e+00 2.14e+00  2e+00  2e+00 1:02.0
    7     56 6.909179687500011e-02 2.0e+00 2.33e+00  2e+00  3e+00 1:12.3
    8     64 1.317138671875002e-01 2.2e+00 1.96e+00  1e+00  2e+00 1:22.9
    9     72 2.042846679687511e-01 2.4e+00 1.82e+00  1e+00  2e+00 1:33.6
   10     80 -3.936767578125444e-03 2.3e+00 1.75e+00  1e+00  2e+00 1:43.8
termination on ftarget=1e-11
final/bestever f-value = -3.936768e-03 -3.936768e-03
incumbent solution: [2.0959610444952324, 7.0295670123745735, 7.28655338669311, -0.736523029676216]
std deviation: [2.1974080806811394, 1.2765737662158008, 1.1654807380359458, 1.5667300106779634]
CMAEvolutionStrategyResult(xbest=array([ 0.59688322,  7.31906885,  6.59990407, -1.57094433]), fbest=-0.003936767578125444, evals_best=79, evaluations=80, iterations=10, xfavorite=array([ 2.09596104,  7.02956701,  7.28655339, -0.73652303]), stds=array([2.19740808, 1.27657377, 1.16548074, 1.56673001]), stop={'ftarget': 1e-11})
6 10
(4_w,8)-aCMA-ES (mu_w=2.6,w_1=52%) in dimension 4 (seed=813049, Mon Jun 14 16:44:51 2021)
Iterat #Fevals   function value  axis ratio  sigma  min&max std  t[m:s]
    1      8 3.371887207031259e-01 1.0e+00 1.54e+00  1e+00  2e+00 0:10.7
    2     16 1.192932128906256e-01 1.4e+00 1.66e+00  1e+00  2e+00 0:21.2
    3     24 1.038208007812502e-01 1.6e+00 1.39e+00  1e+00  2e+00 0:31.4
    4     32 1.406555175781258e-01 1.8e+00 1.38e+00  1e+00  2e+00 0:41.7
    5     40 4.850463867187506e-01 2.1e+00 1.52e+00  1e+00  2e+00 0:52.0
    6     48 1.843261718750003e-01 2.5e+00 1.70e+00  1e+00  2e+00 1:02.8
    7     56 1.528930664062503e-01 2.8e+00 1.55e+00  1e+00  2e+00 1:12.8
    8     64 2.334594726562509e-01 2.5e+00 1.52e+00  1e+00  2e+00 1:23.4
    9     72 4.891967773437567e-02 2.5e+00 1.34e+00  1e+00  1e+00 1:33.6
   10     80 2.309265136718754e-01 2.3e+00 1.38e+00  1e+00  1e+00 1:43.7
   11     88 2.933044433593759e-01 2.4e+00 1.25e+00  1e+00  1e+00 1:53.9
   13    104 1.142272949218753e-01 2.7e+00 8.98e-01  6e-01  8e-01 2:14.8
   15    120 9.524536132812611e-02 2.7e+00 8.68e-01  5e-01  7e-01 2:35.4
   17    136 1.008300781250007e-01 3.0e+00 7.02e-01  4e-01  6e-01 2:56.2
   19    152 1.351928710937544e-02 2.9e+00 7.18e-01  3e-01  6e-01 3:16.9
   21    168 3.103637695312533e-02 3.2e+00 4.66e-01  2e-01  4e-01 3:37.4
   23    184 4.327392578125044e-02 3.1e+00 3.93e-01  1e-01  3e-01 3:58.1
   24    192 -6.042480468749112e-03 3.1e+00 3.54e-01  1e-01  3e-01 4:08.5
termination on ftarget=1e-11
final/bestever f-value = -6.042480e-03 -6.042480e-03
incumbent solution: [2.639344558901085, 1.1193948964345843, -0.6175436208222221, 0.6114940475928121]
std deviation: [0.25834317970780774, 0.11873469604938053, 0.205526515496258, 0.21552718231782172]
CMAEvolutionStrategyResult(xbest=array([ 2.38982654,  1.09542393, -0.73049414,  0.40590961]), fbest=-0.006042480468749112, evals_best=186, evaluations=192, iterations=24, xfavorite=array([ 2.63934456,  1.1193949 , -0.61754362,  0.61149405]), stds=array([0.25834318, 0.1187347 , 0.20552652, 0.21552718]), stop={'ftarget': 1e-11})
7 10
(4_w,8)-aCMA-ES (mu_w=2.6,w_1=52%) in dimension 4 (seed=788078, Mon Jun 14 16:49:00 2021)
Iterat #Fevals   function value  axis ratio  sigma  min&max std  t[m:s]
    1      8 3.754882812500002e-01 1.0e+00 1.45e+00  1e+00  2e+00 0:10.7
    2     16 2.996520996093752e-01 1.3e+00 1.32e+00  1e+00  1e+00 0:20.9
    3     24 1.826171875000012e-01 1.3e+00 1.23e+00  1e+00  1e+00 0:31.3
    4     32 3.309631347656254e-01 1.3e+00 1.00e+00  8e-01  9e-01 0:41.7
    5     40 2.060241699218748e-01 1.4e+00 8.83e-01  7e-01  8e-01 0:52.2
    6     48 3.805541992187500e-02 1.5e+00 8.30e-01  6e-01  8e-01 1:02.5
    7     56 8.529663085937556e-02 1.6e+00 8.73e-01  6e-01  8e-01 1:13.1
    8     64 4.516601562500333e-03 1.8e+00 8.00e-01  5e-01  7e-01 1:23.5
    9     72 1.502380371093749e-01 1.9e+00 7.00e-01  5e-01  5e-01 1:34.7
   10     80 5.615234374999933e-02 1.9e+00 5.60e-01  4e-01  4e-01 1:44.7
   11     88 2.597045898437556e-02 1.9e+00 5.26e-01  3e-01  4e-01 1:55.4
   13    104 1.205444335937467e-02 2.3e+00 4.82e-01  3e-01  3e-01 2:16.0
   15    120 -8.511352539062478e-02 2.4e+00 4.67e-01  2e-01  4e-01 2:36.6
termination on ftarget=1e-11
final/bestever f-value = -8.511353e-02 -8.511353e-02
incumbent solution: [2.5278332550423057, 2.21796608446461, 0.25700365823583693, 5.2194938823530395]
std deviation: [0.31067089250597374, 0.242685383944325, 0.3202695778292184, 0.3757283708146394]
CMAEvolutionStrategyResult(xbest=array([2.37382133, 2.13734333, 0.31464867, 5.18934288]), fbest=-0.08511352539062478, evals_best=117, evaluations=120, iterations=15, xfavorite=array([2.52783326, 2.21796608, 0.25700366, 5.21949388]), stds=array([0.31067089, 0.24268538, 0.32026958, 0.37572837]), stop={'ftarget': 1e-11})
8 10
(4_w,8)-aCMA-ES (mu_w=2.6,w_1=52%) in dimension 4 (seed=861298, Mon Jun 14 16:51:36 2021)
Iterat #Fevals   function value  axis ratio  sigma  min&max std  t[m:s]
    1      8 2.705993652343749e-01 1.0e+00 1.44e+00  1e+00  2e+00 0:10.6
    2     16 7.046508789062511e-02 1.3e+00 1.46e+00  1e+00  2e+00 0:20.7
    3     24 4.086914062500007e-01 1.4e+00 1.46e+00  1e+00  1e+00 0:31.3
    4     32 3.352661132812506e-01 1.5e+00 1.35e+00  9e-01  1e+00 0:41.7
    5     40 1.145324707031249e-01 1.7e+00 1.14e+00  8e-01  1e+00 0:52.2
    6     48 1.177978515625004e-01 1.6e+00 8.99e-01  5e-01  9e-01 1:02.5
    7     56 1.569213867187503e-01 1.9e+00 7.24e-01  4e-01  7e-01 1:13.2
    8     64 1.224365234375009e-01 1.9e+00 6.07e-01  3e-01  6e-01 1:23.4
    9     72 9.286499023437578e-02 1.9e+00 6.22e-01  3e-01  6e-01 1:33.7
   10     80 1.345825195312506e-01 2.1e+00 5.62e-01  3e-01  6e-01 1:43.9
   11     88 8.609008789062556e-02 2.1e+00 5.77e-01  3e-01  5e-01 1:54.1
   13    104 1.635742187499989e-02 2.0e+00 4.13e-01  2e-01  3e-01 2:14.9
   14    112 -8.453369140624778e-03 2.1e+00 4.41e-01  2e-01  4e-01 2:25.1
termination on ftarget=1e-11
final/bestever f-value = -8.453369e-03 -8.453369e-03
incumbent solution: [3.7584336974641217, 2.025298772144528, 7.73236976172468, 7.462286107270789]
std deviation: [0.27777085878928104, 0.2138389570030428, 0.35303932429334006, 0.24019901427959817]
CMAEvolutionStrategyResult(xbest=array([3.72094815, 1.93634229, 7.70693874, 7.50131393]), fbest=-0.008453369140624778, evals_best=105, evaluations=112, iterations=14, xfavorite=array([3.7584337 , 2.02529877, 7.73236976, 7.46228611]), stds=array([0.27777086, 0.21383896, 0.35303932, 0.24019901]), stop={'ftarget': 1e-11})
9 10
(4_w,8)-aCMA-ES (mu_w=2.6,w_1=52%) in dimension 4 (seed=801387, Mon Jun 14 16:54:02 2021)
Iterat #Fevals   function value  axis ratio  sigma  min&max std  t[m:s]
    1      8 2.438964843750003e-01 1.0e+00 1.44e+00  1e+00  1e+00 0:10.6
    2     16 1.636352539062504e-01 1.1e+00 1.66e+00  2e+00  2e+00 0:21.0
    3     24 3.729858398437503e-01 1.4e+00 1.87e+00  2e+00  2e+00 0:31.3
    4     32 4.637756347656251e-01 1.6e+00 1.68e+00  1e+00  2e+00 0:41.6
    5     40 7.041625976562502e-01 1.6e+00 1.46e+00  1e+00  2e+00 0:52.0
    6     48 2.488403320312501e-01 1.9e+00 1.44e+00  1e+00  2e+00 1:02.3
    7     56 2.283935546874998e-01 1.9e+00 1.31e+00  9e-01  2e+00 1:12.8
    8     64 2.084350585937507e-01 1.9e+00 1.19e+00  8e-01  1e+00 1:23.1
    9     72 1.006164550781248e-01 2.2e+00 1.06e+00  7e-01  1e+00 1:33.2
   10     80 2.053833007812556e-02 2.0e+00 9.88e-01  6e-01  1e+00 1:43.4
   11     88 1.320800781250001e-01 2.3e+00 9.04e-01  5e-01  1e+00 1:53.6
   13    104 1.380310058593750e-01 2.4e+00 7.60e-01  4e-01  8e-01 2:14.3
   15    120 1.450500488281256e-01 2.6e+00 6.00e-01  3e-01  7e-01 2:35.0
   17    136 1.260070800781253e-01 2.9e+00 4.98e-01  2e-01  5e-01 2:55.8
   19    152 1.026611328125001e-01 3.0e+00 4.79e-01  2e-01  5e-01 3:16.5
   21    168 5.346679687499978e-02 3.5e+00 5.51e-01  2e-01  7e-01 3:37.3
   23    184 2.175903320312511e-02 3.8e+00 4.77e-01  2e-01  5e-01 3:57.6
   25    200 2.465820312499989e-02 3.6e+00 5.46e-01  2e-01  5e-01 4:18.1
   27    216 1.004943847656250e-01 3.9e+00 5.15e-01  2e-01  4e-01 4:38.8
   29    232 3.512573242187478e-02 3.9e+00 4.77e-01  1e-01  4e-01 5:00.0
   31    248 3.768920898437544e-02 5.1e+00 4.90e-01  1e-01  4e-01 5:20.7
   34    272 -9.698486328125044e-02 7.7e+00 4.53e-01  1e-01  4e-01 5:52.2
termination on ftarget=1e-11
final/bestever f-value = -9.698486e-02 -9.698486e-02
incumbent solution: [2.8596429887299797, 4.130044074430569, -0.5683635037534256, -1.1760682188417295]
std deviation: [0.3018136007765338, 0.1257836471915421, 0.28339890820823566, 0.35236546067773955]
CMAEvolutionStrategyResult(xbest=array([ 2.68064729,  4.00999459, -0.2507666 , -1.17008244]), fbest=-0.09698486328125044, evals_best=269, evaluations=272, iterations=34, xfavorite=array([ 2.85964299,  4.13004407, -0.5683635 , -1.17606822]), stds=array([0.3018136 , 0.12578365, 0.28339891, 0.35236546]), stop={'ftarget': 1e-11})
