4096
0 10
(4_w,8)-aCMA-ES (mu_w=2.6,w_1=52%) in dimension 4 (seed=467891, Tue Jun 22 15:45:50 2021)
circuitVTD.py:347: DeprecationWarning: The QuantumCircuit.__add__() method is being deprecated.Use the compose() method which is more flexible w.r.t circuit register compatibility.
  TrotterFixStepList.append(TrotterFixStepList[-1] + U_trot)
/home/nfb1/.local/lib/python3.7/site-packages/qiskit/circuit/quantumcircuit.py:869: DeprecationWarning: The QuantumCircuit.combine() method is being deprecated. Use the compose() method which is more flexible w.r.t circuit register compatibility.
  return self.combine(rhs)
Iterat #Fevals   function value  axis ratio  sigma  min&max std  t[m:s]
    1      8 3.755911205773776e-02 1.0e+00 1.77e+00  2e+00  2e+00 0:06.3
    2     16 6.837872021666747e-02 1.5e+00 1.81e+00  2e+00  2e+00 0:12.5
    3     24 2.241568566976316e-01 1.6e+00 2.62e+00  2e+00  4e+00 0:18.9
    4     32 1.977662608215616e-01 1.9e+00 3.03e+00  3e+00  4e+00 0:25.3
    5     40 3.546919031805535e-01 1.9e+00 3.96e+00  4e+00  5e+00 0:31.7
    6     48 1.147776610592989e-01 1.9e+00 4.29e+00  4e+00  5e+00 0:38.0
    7     56 2.274892137651834e-01 1.9e+00 3.93e+00  3e+00  5e+00 0:44.3
    9     72 4.009560769575541e-01 2.1e+00 3.38e+00  3e+00  4e+00 0:57.2
   11     88 2.958260004637262e-01 2.4e+00 3.71e+00  3e+00  4e+00 1:09.9
   13    104 4.438013353063647e-01 2.5e+00 3.95e+00  3e+00  5e+00 1:22.6
   15    120 4.000403563229679e-01 2.8e+00 5.62e+00  5e+00  7e+00 1:35.4
   17    136 9.328112907548081e-02 2.3e+00 6.65e+00  5e+00  7e+00 1:48.1
   19    152 7.090176559703665e-02 2.2e+00 6.87e+00  5e+00  9e+00 2:00.7
   22    176 3.957217919812701e-01 2.8e+00 9.81e+00  7e+00  1e+01 2:20.1
   25    200 4.583750026345779e-01 3.0e+00 9.17e+00  6e+00  1e+01 2:39.6
   28    224 4.611641824360400e-01 2.6e+00 1.56e+01  9e+00  2e+01 2:58.4
   31    248 1.878746136637933e-01 2.7e+00 1.87e+01  1e+01  2e+01 3:17.4
   34    272 2.551345223925309e-01 2.7e+00 1.33e+01  6e+00  1e+01 3:36.9
   37    296 1.421502270952937e-01 2.5e+00 1.35e+01  7e+00  1e+01 3:56.0
   41    328 6.122618032665661e-02 2.2e+00 1.26e+01  7e+00  9e+00 4:21.1
   45    360 3.792547444082544e-01 2.3e+00 1.15e+01  7e+00  7e+00 4:46.4
   49    392 2.729203392742141e-02 2.6e+00 7.52e+00  3e+00  4e+00 5:12.0
   53    424 2.950637246816693e-01 2.4e+00 4.77e+00  2e+00  3e+00 5:37.0
   57    456 4.197823380522971e-01 2.0e+00 6.14e+00  2e+00  3e+00 6:02.2
   61    488 7.917824895623826e-02 2.7e+00 8.38e+00  3e+00  5e+00 6:27.6
   65    520 2.263196607089599e-01 2.1e+00 1.08e+01  4e+00  6e+00 6:53.1
   70    560 2.169816613575490e-01 2.6e+00 1.66e+01  6e+00  1e+01 7:24.8
   75    600 5.067027782194722e-02 4.2e+00 1.74e+01  5e+00  1e+01 7:56.6
   80    640 7.838356720790141e-02 4.7e+00 1.54e+01  5e+00  1e+01 8:28.2
   85    680 1.716657951000705e-01 6.5e+00 1.46e+01  4e+00  1e+01 9:00.3
   90    720 5.578475003339793e-01 5.9e+00 1.90e+01  6e+00  1e+01 9:32.0
   95    760 3.506290282250363e-01 6.4e+00 1.81e+01  5e+00  1e+01 10:03.7
  100    800 6.397587559993467e-02 9.5e+00 1.34e+01  4e+00  1e+01 10:35.9
  106    848 2.795787963667349e-01 1.7e+01 1.33e+01  3e+00  1e+01 11:13.6
  112    896 3.405942600037548e-01 1.5e+01 1.07e+01  3e+00  8e+00 11:51.9
  118    944 8.798889832501777e-02 1.9e+01 1.30e+01  3e+00  1e+01 12:30.3
  124    992 8.225367023235675e-02 2.6e+01 6.63e+00  2e+00  5e+00 13:08.6
  130   1040 3.248284336227322e-01 2.0e+01 1.46e+01  3e+00  1e+01 13:47.1
  136   1088 2.798766623918744e-01 1.9e+01 1.51e+01  3e+00  9e+00 14:26.5
  143   1144 2.139846132942427e-01 2.3e+01 4.18e+01  7e+00  3e+01 15:11.0
  150   1200 8.096299843618693e-02 3.2e+01 9.26e+01  2e+01  8e+01 15:55.3
  157   1256 1.474473425313684e-01 3.8e+01 1.01e+02  2e+01  1e+02 16:39.8
  164   1312 2.263930421467405e-01 7.4e+01 1.50e+02  2e+01  2e+02 17:25.1
  171   1368 4.525378018113958e-01 8.1e+01 7.63e+01  1e+01  9e+01 18:09.9
  178   1424 1.933071083479588e-01 6.1e+01 7.44e+01  9e+00  7e+01 18:54.3
  185   1480 3.283588992455108e-01 4.9e+01 5.51e+01  6e+00  5e+01 19:39.6
  193   1544 2.737695698958614e-01 4.4e+01 4.30e+01  4e+00  3e+01 20:30.9
  200   1600 5.070921386906913e-01 4.8e+01 2.87e+01  2e+00  1e+01 21:16.2
  208   1664 2.670723934871744e-02 4.9e+01 9.21e+00  5e-01  4e+00 22:07.3
  216   1728 4.577243709454156e-01 4.9e+01 1.07e+01  6e-01  4e+00 22:58.7
  224   1792 1.845061882370511e-01 2.7e+01 8.69e+00  3e-01  2e+00 23:48.9
  232   1856 7.743123417214015e-02 4.3e+01 6.95e+00  2e-01  1e+00 24:40.3
  241   1928 5.122983456979235e-02 3.7e+01 1.40e+01  3e-01  2e+00 25:37.7
  250   2000 5.455836403102154e-02 3.7e+01 2.17e+01  4e-01  3e+00 26:34.4
  259   2072 3.297126477062444e-01 3.7e+01 1.91e+01  3e-01  2e+00 27:32.0
  268   2144 8.811486696737969e-02 2.6e+01 1.14e+01  1e-01  7e-01 28:29.5
  277   2216 2.406865103142020e-02 1.0e+01 6.94e+00  6e-02  2e-01 29:27.2
  286   2288 5.423929050428100e-03 1.0e+01 7.29e+00  6e-02  1e-01 30:24.9
  296   2368 2.726730164152036e-04 1.1e+01 5.77e+00  3e-02  8e-02 31:29.4
termination on ftarget=0.0005
final/bestever f-value = 2.726730e-04 2.726730e-04
incumbent solution: [77.71208860448817, -383.06334356261414, -205.95673770314397, -4.450888406158555]
std deviation: [0.07339441257939634, 0.08042798120667198, 0.054255848390461686, 0.033642370365123964]
CMAEvolutionStrategyResult(xbest=array([  77.6764094 , -383.03355351, -205.94122725,   -4.43244812]), fbest=0.0002726730164152036, evals_best=2363, evaluations=2368, iterations=296, xfavorite=array([  77.7120886 , -383.06334356, -205.9567377 ,   -4.45088841]), stds=array([0.07339441, 0.08042798, 0.05425585, 0.03364237]), stop={'ftarget': 0.0005})
1 10
(4_w,8)-aCMA-ES (mu_w=2.6,w_1=52%) in dimension 4 (seed=443351, Tue Jun 22 16:17:20 2021)
Iterat #Fevals   function value  axis ratio  sigma  min&max std  t[m:s]
    1      8 6.947545365866958e-02 1.0e+00 1.95e+00  2e+00  2e+00 0:07.9
    2     16 1.060710733300411e-01 1.5e+00 1.81e+00  1e+00  2e+00 0:15.4
    3     24 6.316803564513351e-02 1.6e+00 1.84e+00  1e+00  2e+00 0:23.0
    4     32 1.861486836119143e-01 2.0e+00 1.92e+00  1e+00  3e+00 0:31.2
    5     40 3.092164645571658e-01 2.0e+00 2.03e+00  1e+00  3e+00 0:38.9
    6     48 4.036616183748369e-01 2.1e+00 1.92e+00  1e+00  3e+00 0:46.3
    7     56 1.056373277392727e-01 2.2e+00 1.66e+00  1e+00  2e+00 0:54.0
    8     64 7.777281981139372e-02 2.1e+00 1.50e+00  1e+00  2e+00 1:01.7
   10     80 2.128787006276057e-01 2.9e+00 1.61e+00  1e+00  2e+00 1:17.0
   12     96 2.535498399657894e-01 2.9e+00 1.40e+00  9e-01  2e+00 1:33.1
   14    112 7.445344469930182e-02 2.9e+00 1.39e+00  8e-01  2e+00 1:48.4
   16    128 2.383984885437562e-02 3.1e+00 1.16e+00  6e-01  2e+00 2:04.0
   18    144 6.587606350010722e-02 3.6e+00 9.27e-01  6e-01  1e+00 2:18.9
   20    160 5.272661331559236e-03 4.3e+00 1.02e+00  6e-01  1e+00 2:34.3
   22    176 1.560411930884897e-02 4.8e+00 8.43e-01  4e-01  1e+00 2:49.6
   24    192 2.918672499285946e-02 6.7e+00 8.00e-01  3e-01  1e+00 3:05.1
   27    216 7.634805843690362e-04 5.8e+00 5.16e-01  2e-01  7e-01 3:28.6
   30    240 1.032978497453096e-03 4.8e+00 4.04e-01  1e-01  4e-01 3:51.9
   33    264 9.434556409511852e-03 4.9e+00 4.25e-01  2e-01  4e-01 4:14.7
   36    288 2.239759714344847e-02 4.7e+00 4.10e-01  1e-01  4e-01 4:37.4
   39    312 9.740927561725177e-03 5.1e+00 3.81e-01  1e-01  3e-01 5:01.2
   42    336 3.084067160299075e-03 4.5e+00 3.25e-01  1e-01  3e-01 5:25.6
   45    360 7.106062454027340e-03 4.6e+00 3.46e-01  1e-01  2e-01 5:48.4
   47    376 1.839411319497497e-04 4.0e+00 2.97e-01  9e-02  2e-01 6:04.3
termination on ftarget=0.0005
final/bestever f-value = 1.839411e-04 1.839411e-04
incumbent solution: [7.1942279820168595, 0.7262039939699325, 3.0012945329920537, 1.6738164552395811]
std deviation: [0.21439034025467296, 0.09186524704683989, 0.092262390628693, 0.1002523364653379]
CMAEvolutionStrategyResult(xbest=array([7.11061496, 0.65686809, 3.13611023, 1.74811794]), fbest=0.0001839411319497497, evals_best=370, evaluations=376, iterations=47, xfavorite=array([7.19422798, 0.72620399, 3.00129453, 1.67381646]), stds=array([0.21439034, 0.09186525, 0.09226239, 0.10025234]), stop={'ftarget': 0.0005})
2 10
(4_w,8)-aCMA-ES (mu_w=2.6,w_1=52%) in dimension 4 (seed=534769, Tue Jun 22 16:23:24 2021)
Iterat #Fevals   function value  axis ratio  sigma  min&max std  t[m:s]
    1      8 3.258291209474459e-01 1.0e+00 1.62e+00  2e+00  2e+00 0:07.4
    2     16 2.990692396370399e-01 1.4e+00 1.54e+00  1e+00  2e+00 0:15.0
    3     24 7.433962296658292e-02 1.5e+00 1.42e+00  1e+00  1e+00 0:22.6
    4     32 1.244267152474581e-01 1.6e+00 1.28e+00  1e+00  1e+00 0:30.0
    5     40 3.562435703010339e-01 1.5e+00 1.00e+00  8e-01  1e+00 0:37.7
    6     48 1.451895208134314e-01 1.6e+00 9.36e-01  7e-01  9e-01 0:45.1
    7     56 6.742983827574944e-02 1.6e+00 7.98e-01  6e-01  7e-01 0:52.6
    8     64 1.211961953841352e-01 1.5e+00 7.24e-01  5e-01  6e-01 1:00.3
   10     80 5.717695707736703e-02 2.1e+00 8.02e-01  5e-01  8e-01 1:15.6
   12     96 6.135617524027681e-02 2.8e+00 7.72e-01  4e-01  9e-01 1:31.0
   14    112 1.849978729404333e-01 2.7e+00 8.41e-01  5e-01  1e+00 1:46.7
   16    128 1.243481495205938e-01 3.2e+00 1.02e+00  5e-01  1e+00 2:02.1
   18    144 1.391375437965345e-01 3.5e+00 9.74e-01  4e-01  1e+00 2:17.5
   20    160 1.575851891843727e-02 4.0e+00 1.06e+00  5e-01  2e+00 2:33.8
   22    176 4.918941655710574e-02 4.4e+00 9.54e-01  4e-01  1e+00 2:49.2
   24    192 7.519606354203667e-02 3.9e+00 9.15e-01  3e-01  1e+00 3:05.1
   27    216 4.731007097351636e-04 4.3e+00 7.33e-01  2e-01  8e-01 3:27.9
termination on ftarget=0.0005
final/bestever f-value = 4.731007e-04 4.731007e-04
incumbent solution: [2.161685765438156, 3.942624434175764, 2.4788570806838592, 4.480908566420444]
std deviation: [0.23611727089175444, 0.27163844529700754, 0.8363510464821002, 0.4450850982174081]
CMAEvolutionStrategyResult(xbest=array([1.94200225, 3.83977606, 3.07120304, 4.84268393]), fbest=0.0004731007097351636, evals_best=213, evaluations=216, iterations=27, xfavorite=array([2.16168577, 3.94262443, 2.47885708, 4.48090857]), stds=array([0.23611727, 0.27163845, 0.83635105, 0.4450851 ]), stop={'ftarget': 0.0005})
3 10
(4_w,8)-aCMA-ES (mu_w=2.6,w_1=52%) in dimension 4 (seed=507834, Tue Jun 22 16:26:52 2021)
Iterat #Fevals   function value  axis ratio  sigma  min&max std  t[m:s]
    1      8 1.040561082311922e-01 1.0e+00 1.53e+00  1e+00  2e+00 0:07.7
    2     16 2.529938044176575e-01 1.3e+00 1.55e+00  1e+00  2e+00 0:15.3
    3     24 2.956858837243383e-01 1.1e+00 1.59e+00  1e+00  2e+00 0:23.2
    4     32 6.065918884415361e-01 1.4e+00 1.89e+00  2e+00  2e+00 0:30.7
    5     40 1.322735469528572e-01 1.8e+00 2.58e+00  2e+00  3e+00 0:38.2
    6     48 2.223789944812344e-01 1.9e+00 2.50e+00  2e+00  3e+00 0:45.9
    7     56 4.268183878874735e-01 1.8e+00 2.51e+00  2e+00  3e+00 0:53.6
    8     64 3.863906053057984e-01 1.9e+00 2.52e+00  2e+00  3e+00 1:01.1
   10     80 4.290284972354153e-01 2.1e+00 2.27e+00  2e+00  2e+00 1:16.3
   12     96 6.023156660499485e-02 2.3e+00 2.92e+00  3e+00  3e+00 1:31.6
   14    112 3.620058482752477e-01 3.0e+00 2.50e+00  2e+00  3e+00 1:46.6
   16    128 4.348030979981006e-01 3.7e+00 2.62e+00  2e+00  3e+00 2:02.1
   18    144 6.710678729291841e-02 4.7e+00 2.25e+00  2e+00  2e+00 2:18.0
   20    160 1.981425069061591e-01 3.6e+00 3.01e+00  2e+00  4e+00 2:33.9
   22    176 3.128326431683260e-01 3.9e+00 3.38e+00  2e+00  4e+00 2:49.5
   24    192 4.054643452825313e-01 3.8e+00 2.92e+00  2e+00  3e+00 3:04.7
   27    216 5.154294386022135e-01 4.4e+00 3.01e+00  2e+00  3e+00 3:27.6
   30    240 7.960250602338448e-02 4.6e+00 3.08e+00  2e+00  3e+00 3:50.3
   33    264 1.328958683599213e-01 4.1e+00 2.73e+00  1e+00  3e+00 4:13.5
   36    288 3.633935369516531e-01 5.1e+00 4.10e+00  2e+00  5e+00 4:37.4
   39    312 2.230787916868372e-01 5.2e+00 4.75e+00  2e+00  6e+00 5:01.2
   42    336 1.843132017149105e-01 6.6e+00 4.11e+00  2e+00  5e+00 5:24.6
   45    360 1.204364666436628e-01 7.6e+00 3.52e+00  2e+00  4e+00 5:48.2
   49    392 2.885472009201245e-01 9.7e+00 2.45e+00  1e+00  3e+00 6:18.7
   53    424 3.116948386776407e-01 1.2e+01 1.68e+00  8e-01  2e+00 6:49.1
   57    456 6.667495578461025e-02 1.3e+01 1.71e+00  1e+00  2e+00 7:20.2
   61    488 6.618542574816988e-02 1.2e+01 8.45e-01  4e-01  6e-01 7:51.4
   65    520 1.196350645856703e-02 1.1e+01 5.85e-01  2e-01  4e-01 8:22.2
   69    552 1.247448544900154e-02 1.1e+01 3.08e-01  8e-02  2e-01 8:53.8
   73    584 1.075035800291291e-02 1.3e+01 2.83e-01  8e-02  2e-01 9:25.1
   77    616 1.184222325985662e-02 1.4e+01 3.05e-01  7e-02  2e-01 9:58.4
   81    648 1.270913926587369e-02 1.2e+01 2.39e-01  5e-02  1e-01 10:29.9
   86    688 2.676241479282804e-03 1.5e+01 2.27e-01  5e-02  1e-01 11:08.9
   91    728 1.920632828766200e-03 1.3e+01 1.44e-01  3e-02  6e-02 11:47.9
   96    768 9.193217660242503e-03 1.8e+01 1.39e-01  3e-02  7e-02 12:26.6
  100    800 1.087293244250742e-02 2.6e+01 8.56e-02  2e-02  4e-02 12:57.6
  105    840 5.426422902490291e-03 2.4e+01 6.55e-02  1e-02  3e-02 13:36.1
  110    880 9.503639394572883e-03 2.0e+01 5.86e-02  1e-02  2e-02 14:14.5
  115    920 1.470715341361784e-03 2.5e+01 8.34e-02  2e-02  4e-02 14:52.7
  121    968 3.348949198850537e-03 2.7e+01 1.26e-01  2e-02  5e-02 15:38.8
  127   1016 1.917290289383811e-03 2.1e+01 1.24e-01  2e-02  4e-02 16:24.7
  133   1064 9.745463346050642e-03 2.9e+01 1.08e-01  1e-02  3e-02 17:11.4
  134   1072 2.048586087279869e-04 2.8e+01 1.09e-01  1e-02  3e-02 17:19.0
termination on ftarget=0.0005
final/bestever f-value = 2.048586e-04 2.048586e-04
incumbent solution: [-10.39151862504322, 4.641859527591753, 0.9321413748419454, 5.904003865274476]
std deviation: [0.03056061905044096, 0.014479937193007405, 0.028905637869368186, 0.012510350225751112]
CMAEvolutionStrategyResult(xbest=array([-10.37192361,   4.63125431,   0.91289206,   5.91238171]), fbest=0.0002048586087279869, evals_best=1065, evaluations=1072, iterations=134, xfavorite=array([-10.39151863,   4.64185953,   0.93214137,   5.90400387]), stds=array([0.03056062, 0.01447994, 0.02890564, 0.01251035]), stop={'ftarget': 0.0005})
4 10
(4_w,8)-aCMA-ES (mu_w=2.6,w_1=52%) in dimension 4 (seed=519147, Tue Jun 22 16:44:11 2021)
Iterat #Fevals   function value  axis ratio  sigma  min&max std  t[m:s]
    1      8 1.954347697495079e-01 1.0e+00 1.45e+00  1e+00  2e+00 0:08.3
    2     16 1.429424383854053e-01 1.3e+00 1.48e+00  1e+00  2e+00 0:15.7
    3     24 1.701768353974270e-01 1.3e+00 1.37e+00  1e+00  2e+00 0:23.7
    4     32 2.806122821349915e-01 1.6e+00 1.59e+00  1e+00  2e+00 0:31.5
    5     40 5.813511379374230e-01 1.9e+00 1.66e+00  1e+00  2e+00 0:39.4
    6     48 5.217503884182262e-01 2.2e+00 1.59e+00  1e+00  2e+00 0:47.3
    7     56 3.390280832430244e-01 2.3e+00 1.61e+00  1e+00  2e+00 0:55.2
    8     64 3.597352278781436e-01 2.8e+00 1.45e+00  1e+00  2e+00 1:02.9
   10     80 1.889509243556325e-01 3.6e+00 1.38e+00  1e+00  2e+00 1:18.7
   12     96 1.664178317145650e-01 3.0e+00 1.14e+00  8e-01  1e+00 1:33.9
   14    112 3.956825728429469e-02 3.9e+00 1.01e+00  7e-01  1e+00 1:49.6
   16    128 6.261733025337124e-02 3.9e+00 8.98e-01  6e-01  1e+00 2:04.8
   18    144 2.042050351774481e-01 3.7e+00 6.68e-01  4e-01  7e-01 2:20.3
   20    160 6.030600049938939e-02 3.1e+00 5.71e-01  3e-01  5e-01 2:36.5
   22    176 4.202093333351609e-02 2.9e+00 3.72e-01  2e-01  3e-01 2:51.8
   24    192 1.645284844015760e-02 3.3e+00 4.33e-01  2e-01  4e-01 3:07.0
   27    216 1.335104136728094e-02 4.4e+00 3.37e-01  1e-01  3e-01 3:30.3
   30    240 1.208213792180945e-05 4.4e+00 2.40e-01  9e-02  2e-01 3:53.8
termination on ftarget=0.0005
final/bestever f-value = 1.208214e-05 1.208214e-05
incumbent solution: [-1.8068308508688604, 3.9173501911994433, 1.3374901345833596, 3.4942670450765174]
std deviation: [0.09568135692333044, 0.13080511097863137, 0.08760787423831239, 0.1859443459514324]
CMAEvolutionStrategyResult(xbest=array([-1.89954976,  3.98820411,  1.3107802 ,  3.3840669 ]), fbest=1.2082137921809455e-05, evals_best=237, evaluations=240, iterations=30, xfavorite=array([-1.80683085,  3.91735019,  1.33749013,  3.49426705]), stds=array([0.09568136, 0.13080511, 0.08760787, 0.18594435]), stop={'ftarget': 0.0005})
5 10
(4_w,8)-aCMA-ES (mu_w=2.6,w_1=52%) in dimension 4 (seed=508627, Tue Jun 22 16:48:05 2021)
Iterat #Fevals   function value  axis ratio  sigma  min&max std  t[m:s]
    1      8 5.227555111830100e-01 1.0e+00 1.59e+00  2e+00  2e+00 0:07.7
    2     16 1.820630621827889e-01 1.3e+00 1.53e+00  1e+00  2e+00 0:15.8
    3     24 1.761211545521763e-01 1.5e+00 1.57e+00  1e+00  2e+00 0:23.4
    4     32 2.169253138718786e-01 1.6e+00 1.31e+00  1e+00  1e+00 0:31.1
    5     40 4.821978343584543e-02 1.7e+00 1.19e+00  9e-01  1e+00 0:39.0
    6     48 2.203821384886495e-01 1.7e+00 1.30e+00  1e+00  2e+00 0:46.7
    7     56 1.017536876537202e-01 2.2e+00 1.21e+00  8e-01  1e+00 0:54.2
    8     64 1.712750282397291e-01 2.4e+00 1.27e+00  8e-01  2e+00 1:02.0
    9     72 1.877155092848407e-01 2.5e+00 1.14e+00  7e-01  1e+00 1:10.0
   11     88 7.256525465875885e-02 2.8e+00 1.36e+00  8e-01  2e+00 1:25.7
   13    104 7.036721147615121e-02 2.8e+00 1.16e+00  5e-01  1e+00 1:41.2
   15    120 9.015992740536138e-02 2.8e+00 8.06e-01  3e-01  8e-01 1:57.4
   17    136 3.440091472076734e-02 3.2e+00 8.60e-01  4e-01  8e-01 2:12.8
   19    152 5.483871516387839e-02 3.1e+00 5.84e-01  2e-01  5e-01 2:28.6
   21    168 4.697552576234609e-03 3.1e+00 5.12e-01  2e-01  5e-01 2:43.9
   23    184 1.588818648213808e-02 3.2e+00 4.19e-01  2e-01  3e-01 2:59.1
   26    208 1.906713524408110e-02 3.0e+00 3.24e-01  1e-01  2e-01 3:22.8
   29    232 1.720114636790548e-02 3.5e+00 3.02e-01  1e-01  2e-01 3:45.6
   32    256 1.281648739939256e-02 3.3e+00 2.16e-01  7e-02  2e-01 4:08.9
   35    280 7.266828808066284e-03 4.2e+00 1.62e-01  4e-02  1e-01 4:31.9
   38    304 4.148896429616133e-03 4.5e+00 1.45e-01  4e-02  9e-02 4:55.0
   41    328 1.364141259364227e-02 4.7e+00 1.33e-01  4e-02  8e-02 5:18.0
   44    352 8.892531522967206e-03 5.2e+00 9.37e-02  2e-02  5e-02 5:41.3
   47    376 1.355672037996669e-02 6.0e+00 8.60e-02  2e-02  5e-02 6:04.6
   51    408 5.692553647909881e-03 6.9e+00 8.65e-02  2e-02  5e-02 6:35.4
   55    440 1.792495924952764e-02 8.9e+00 7.14e-02  2e-02  4e-02 7:05.9
   59    472 3.807041852260995e-03 1.2e+01 1.01e-01  3e-02  6e-02 7:37.2
   63    504 8.548957038477245e-03 1.0e+01 6.10e-02  1e-02  3e-02 8:08.9
   67    536 7.303988420467866e-03 1.1e+01 5.80e-02  1e-02  2e-02 8:40.5
   71    568 1.087519777253909e-02 1.7e+01 5.70e-02  1e-02  3e-02 9:11.3
   75    600 5.078701919456585e-03 2.1e+01 4.61e-02  1e-02  2e-02 9:42.2
   79    632 1.263146446237662e-02 2.4e+01 5.07e-02  1e-02  3e-02 10:13.4
   84    672 1.044929872993083e-02 2.9e+01 2.48e-02  5e-03  1e-02 10:51.4
   89    712 5.294011254065367e-03 2.4e+01 1.88e-02  3e-03  9e-03 11:29.8
   90    720 3.456284645324548e-04 2.6e+01 2.01e-02  3e-03  1e-02 11:37.2
termination on ftarget=0.0005
final/bestever f-value = 3.456285e-04 3.456285e-04
incumbent solution: [4.860724108479563, 5.276735457655658, 2.6514086287819465, 7.10724683001294]
std deviation: [0.010457783056727565, 0.00317859718722774, 0.004637702791000357, 0.004231730765383234]
CMAEvolutionStrategyResult(xbest=array([4.85836386, 5.27439408, 2.65114449, 7.10681661]), fbest=0.00034562846453245477, evals_best=718, evaluations=720, iterations=90, xfavorite=array([4.86072411, 5.27673546, 2.65140863, 7.10724683]), stds=array([0.01045778, 0.0031786 , 0.0046377 , 0.00423173]), stop={'ftarget': 0.0005})
6 10
(4_w,8)-aCMA-ES (mu_w=2.6,w_1=52%) in dimension 4 (seed=499846, Tue Jun 22 16:59:42 2021)
Iterat #Fevals   function value  axis ratio  sigma  min&max std  t[m:s]
    1      8 3.268236356136051e-01 1.0e+00 1.37e+00  1e+00  1e+00 0:07.7
    2     16 8.414376266939294e-02 1.2e+00 1.49e+00  1e+00  2e+00 0:15.5
    3     24 8.752237670447305e-02 1.5e+00 1.67e+00  1e+00  2e+00 0:23.1
    4     32 1.121684562198689e-01 1.7e+00 1.77e+00  2e+00  2e+00 0:30.5
    5     40 1.463027547516157e-01 1.9e+00 1.48e+00  1e+00  2e+00 0:38.4
    6     48 1.530899529899789e-01 2.2e+00 1.40e+00  1e+00  2e+00 0:45.7
    7     56 6.139105021174229e-02 2.5e+00 1.46e+00  1e+00  2e+00 0:53.7
    8     64 6.403034402319530e-02 2.5e+00 1.38e+00  1e+00  2e+00 1:01.2
   10     80 2.283488106509310e-01 2.7e+00 1.13e+00  9e-01  1e+00 1:16.1
   12     96 5.002226906757501e-02 3.2e+00 9.64e-01  7e-01  1e+00 1:31.6
   14    112 3.729903381652644e-02 4.1e+00 8.65e-01  6e-01  1e+00 1:46.9
   16    128 3.796427793646806e-02 4.9e+00 7.65e-01  6e-01  9e-01 2:02.1
   18    144 1.340428315371012e-02 4.3e+00 6.18e-01  5e-01  6e-01 2:18.3
   20    160 1.699650899384619e-02 4.8e+00 5.70e-01  4e-01  5e-01 2:34.0
   22    176 1.842431533183053e-02 6.1e+00 4.15e-01  3e-01  4e-01 2:49.7
   24    192 1.532654250629983e-02 6.5e+00 3.12e-01  2e-01  2e-01 3:05.2
   27    216 1.183372344009725e-02 6.2e+00 2.75e-01  1e-01  2e-01 3:28.0
   30    240 1.019202402569286e-02 7.4e+00 2.79e-01  2e-01  2e-01 3:51.3
   33    264 6.289749629139529e-03 6.6e+00 1.97e-01  9e-02  2e-01 4:14.4
   36    288 8.787418273705772e-03 5.9e+00 1.52e-01  6e-02  9e-02 4:37.6
   39    312 5.065907171958650e-03 5.1e+00 1.35e-01  5e-02  7e-02 5:01.0
   42    336 3.521040548947196e-04 5.8e+00 1.36e-01  5e-02  7e-02 5:24.2
termination on ftarget=0.0005
final/bestever f-value = 3.521041e-04 3.521041e-04
incumbent solution: [0.8164289880173645, 5.668756696086137, 1.3899095431441275, 1.8142835176034573]
std deviation: [0.05761833152212423, 0.06807337516251524, 0.06828897594499554, 0.05404831159696127]
CMAEvolutionStrategyResult(xbest=array([0.80488556, 5.70392112, 1.36195892, 1.78420874]), fbest=0.00035210405489471963, evals_best=331, evaluations=336, iterations=42, xfavorite=array([0.81642899, 5.6687567 , 1.38990954, 1.81428352]), stds=array([0.05761833, 0.06807338, 0.06828898, 0.05404831]), stop={'ftarget': 0.0005})
7 10
(4_w,8)-aCMA-ES (mu_w=2.6,w_1=52%) in dimension 4 (seed=551027, Tue Jun 22 17:05:06 2021)
Iterat #Fevals   function value  axis ratio  sigma  min&max std  t[m:s]
    1      8 3.696266150105487e-02 1.0e+00 1.51e+00  1e+00  2e+00 0:07.5
    2     16 3.153777814927612e-01 1.4e+00 1.62e+00  1e+00  2e+00 0:15.6
    3     24 3.975924816524793e-01 1.7e+00 1.40e+00  1e+00  2e+00 0:23.0
    4     32 2.853920179412628e-02 1.6e+00 1.82e+00  2e+00  2e+00 0:31.2
    5     40 2.391641452728800e-01 1.8e+00 1.91e+00  2e+00  2e+00 0:39.1
    6     48 2.039403167724121e-01 1.7e+00 2.03e+00  2e+00  2e+00 0:46.9
    7     56 5.396816230011678e-01 1.8e+00 1.96e+00  2e+00  2e+00 0:54.4
    8     64 2.613281381189918e-01 1.9e+00 1.97e+00  2e+00  2e+00 1:02.2
   10     80 2.111553123926360e-01 1.8e+00 1.81e+00  2e+00  2e+00 1:17.7
   12     96 8.441699615480203e-02 2.2e+00 2.11e+00  2e+00  2e+00 1:33.1
   14    112 2.749044585751401e-01 2.3e+00 2.48e+00  2e+00  3e+00 1:48.5
   16    128 3.061972323750466e-01 2.6e+00 2.96e+00  2e+00  4e+00 2:03.8
   18    144 3.819699968061122e-01 2.6e+00 3.47e+00  2e+00  4e+00 2:19.3
   20    160 3.650541201339732e-01 3.2e+00 3.65e+00  2e+00  5e+00 2:35.2
   22    176 3.348406559808784e-01 3.5e+00 2.91e+00  2e+00  4e+00 2:51.2
   24    192 2.147296351555553e-01 3.1e+00 3.63e+00  2e+00  4e+00 3:06.5
   27    216 5.571135112299914e-01 2.6e+00 4.25e+00  2e+00  4e+00 3:29.6
   30    240 2.752221089934760e-01 3.1e+00 4.68e+00  3e+00  5e+00 3:54.2
   33    264 4.943493443322814e-01 3.2e+00 3.03e+00  2e+00  3e+00 4:17.8
   36    288 3.259070971445255e-02 3.3e+00 2.26e+00  1e+00  2e+00 4:41.5
   39    312 1.462672572372574e-01 3.9e+00 1.53e+00  8e-01  1e+00 5:06.4
   42    336 9.149801814990022e-02 3.8e+00 1.14e+00  5e-01  7e-01 5:30.1
   45    360 2.074893589108284e-02 3.4e+00 1.31e+00  5e-01  8e-01 5:54.1
   48    384 1.474223111072481e-02 4.5e+00 8.02e-01  3e-01  4e-01 6:17.7
   52    416 1.884341414837509e-03 5.7e+00 5.20e-01  1e-01  3e-01 6:48.4
   56    448 8.560386313518631e-04 8.9e+00 4.80e-01  1e-01  3e-01 7:18.9
   60    480 2.361697796392948e-03 1.1e+01 3.44e-01  8e-02  2e-01 7:50.4
   64    512 5.087212450070044e-04 1.1e+01 2.12e-01  5e-02  1e-01 8:21.3
   65    520 1.388790018999053e-04 1.1e+01 2.29e-01  5e-02  1e-01 8:29.1
termination on ftarget=0.0005
final/bestever f-value = 1.388790e-04 1.388790e-04
incumbent solution: [9.697600940385529, 2.451863446359199, 5.5273133658422005, 5.527308925529526]
std deviation: [0.12642395881163765, 0.053091862591194666, 0.13278360148018045, 0.06250335442983701]
CMAEvolutionStrategyResult(xbest=array([9.71376822, 2.4665344 , 5.50739677, 5.53535819]), fbest=0.00013887900189990532, evals_best=514, evaluations=520, iterations=65, xfavorite=array([9.69760094, 2.45186345, 5.52731337, 5.52730893]), stds=array([0.12642396, 0.05309186, 0.1327836 , 0.06250335]), stop={'ftarget': 0.0005})
8 10
(4_w,8)-aCMA-ES (mu_w=2.6,w_1=52%) in dimension 4 (seed=577016, Tue Jun 22 17:13:35 2021)
Iterat #Fevals   function value  axis ratio  sigma  min&max std  t[m:s]
    1      8 2.763848223154388e-01 1.0e+00 1.40e+00  1e+00  1e+00 0:07.8
    2     16 2.168627544037081e-01 1.2e+00 1.34e+00  1e+00  1e+00 0:15.9
    3     24 7.931266799959591e-03 1.3e+00 1.38e+00  1e+00  1e+00 0:23.6
    4     32 1.394237081337485e-01 1.7e+00 1.18e+00  1e+00  1e+00 0:31.5
    5     40 8.979177203109545e-02 1.9e+00 1.10e+00  9e-01  1e+00 0:39.2
    6     48 6.760815646139184e-02 2.1e+00 9.72e-01  7e-01  9e-01 0:46.7
    7     56 5.328960079717149e-02 2.1e+00 8.43e-01  7e-01  7e-01 0:54.7
    8     64 5.761860811170838e-02 2.0e+00 7.63e-01  6e-01  6e-01 1:02.5
   10     80 8.320906012785856e-02 2.0e+00 5.96e-01  4e-01  5e-01 1:17.9
   12     96 3.406695444919894e-03 2.1e+00 4.47e-01  3e-01  4e-01 1:33.2
   14    112 2.067727922019591e-02 2.4e+00 3.67e-01  2e-01  2e-01 1:48.6
   16    128 2.197253574699465e-03 2.3e+00 2.52e-01  1e-01  2e-01 2:04.3
   18    144 6.060580256865844e-04 2.3e+00 2.12e-01  9e-02  1e-01 2:19.4
   20    160 3.223057618009229e-04 3.3e+00 3.15e-01  1e-01  3e-01 2:35.0
termination on ftarget=0.0005
final/bestever f-value = 3.223058e-04 3.223058e-04
incumbent solution: [4.029211749123515, 0.6656339363274714, 4.2691985440493365, 8.60509790275611]
std deviation: [0.26447353537419604, 0.1310949832313054, 0.1932886524590665, 0.13364735643547462]
CMAEvolutionStrategyResult(xbest=array([3.95896344, 0.66091624, 4.19295083, 8.55857809]), fbest=0.00032230576180092285, evals_best=153, evaluations=160, iterations=20, xfavorite=array([4.02921175, 0.66563394, 4.26919854, 8.6050979 ]), stds=array([0.26447354, 0.13109498, 0.19328865, 0.13364736]), stop={'ftarget': 0.0005})
9 10
(4_w,8)-aCMA-ES (mu_w=2.6,w_1=52%) in dimension 4 (seed=567289, Tue Jun 22 17:16:10 2021)
Iterat #Fevals   function value  axis ratio  sigma  min&max std  t[m:s]
    1      8 1.813251589991087e-01 1.0e+00 1.48e+00  1e+00  2e+00 0:07.7
    2     16 3.631779988151969e-01 1.3e+00 1.40e+00  1e+00  2e+00 0:15.2
    3     24 4.603486512958748e-01 1.5e+00 1.19e+00  9e-01  1e+00 0:23.4
    4     32 7.847945778397902e-02 1.6e+00 1.17e+00  9e-01  1e+00 0:31.4
    5     40 1.730851158970250e-01 1.6e+00 1.12e+00  8e-01  1e+00 0:39.0
    6     48 1.393390631572921e-01 1.7e+00 9.19e-01  7e-01  8e-01 0:47.2
    7     56 2.218863899819390e-02 1.5e+00 7.76e-01  6e-01  7e-01 0:54.9
    8     64 5.525260440230517e-02 1.6e+00 6.37e-01  4e-01  5e-01 1:02.5
   10     80 3.807869168940037e-02 1.9e+00 5.27e-01  3e-01  5e-01 1:18.0
   12     96 2.235476447961648e-02 2.8e+00 4.80e-01  3e-01  5e-01 1:33.2
   14    112 2.371612620284003e-02 2.8e+00 3.58e-01  2e-01  3e-01 1:48.7
   16    128 1.913343025641778e-02 2.9e+00 2.92e-01  1e-01  3e-01 2:03.5
   18    144 1.863610226887391e-02 3.3e+00 2.43e-01  1e-01  2e-01 2:19.4
   20    160 5.763274546438324e-03 3.4e+00 2.09e-01  7e-02  2e-01 2:34.9
   22    176 2.260016606214665e-03 4.2e+00 2.37e-01  8e-02  2e-01 2:50.2
   24    192 3.180307756316392e-04 3.5e+00 1.87e-01  6e-02  2e-01 3:05.7
termination on ftarget=0.0005
final/bestever f-value = 3.180308e-04 3.180308e-04
incumbent solution: [4.551811481734783, 2.7762061929197333, -1.1667061319385903, 2.1442303187845853]
std deviation: [0.05944338094449516, 0.08203172431018659, 0.1591693364995781, 0.09537682080217863]
CMAEvolutionStrategyResult(xbest=array([ 4.52370105,  2.82898675, -1.23826727,  2.06474872]), fbest=0.0003180307756316392, evals_best=189, evaluations=192, iterations=24, xfavorite=array([ 4.55181148,  2.77620619, -1.16670613,  2.14423032]), stds=array([0.05944338, 0.08203172, 0.15916934, 0.09537682]), stop={'ftarget': 0.0005})
