256
0 10
(4_w,8)-aCMA-ES (mu_w=2.6,w_1=52%) in dimension 4 (seed=463625, Tue Jun 22 15:45:31 2021)
circuitVTD.py:347: DeprecationWarning: The QuantumCircuit.__add__() method is being deprecated.Use the compose() method which is more flexible w.r.t circuit register compatibility.
  TrotterFixStepList.append(TrotterFixStepList[-1] + U_trot)
/home/nfb1/.local/lib/python3.7/site-packages/qiskit/circuit/quantumcircuit.py:869: DeprecationWarning: The QuantumCircuit.combine() method is being deprecated. Use the compose() method which is more flexible w.r.t circuit register compatibility.
  return self.combine(rhs)
Iterat #Fevals   function value  axis ratio  sigma  min&max std  t[m:s]
    1      8 1.012791286727454e-01 1.0e+00 1.53e+00  1e+00  2e+00 0:06.1
    2     16 1.146503963659035e-01 1.3e+00 1.52e+00  1e+00  2e+00 0:11.8
    3     24 4.681397852924234e-01 1.4e+00 1.46e+00  1e+00  2e+00 0:17.7
    4     32 2.046783625731052e-02 1.6e+00 1.20e+00  9e-01  1e+00 0:23.7
    5     40 5.567268672585057e-02 1.7e+00 1.22e+00  1e+00  1e+00 0:29.4
    6     48 1.909239577495710e-01 1.8e+00 1.29e+00  1e+00  1e+00 0:35.2
    8     64 1.579651378167580e-01 2.1e+00 1.13e+00  9e-01  1e+00 0:46.8
   10     80 1.390225728687268e-01 2.5e+00 1.09e+00  8e-01  1e+00 0:58.2
   12     96 6.541156863874342e-02 2.4e+00 8.74e-01  6e-01  8e-01 1:10.4
   14    112 8.190883190886122e-04 2.7e+00 8.28e-01  6e-01  7e-01 1:22.1
   16    128 1.733308231195929e-02 2.4e+00 7.21e-01  4e-01  6e-01 1:33.9
   18    144 8.632923082130262e-04 3.3e+00 6.15e-01  3e-01  5e-01 1:46.0
   20    160 2.085066338184838e-03 3.9e+00 6.54e-01  4e-01  6e-01 1:58.0
   23    184 1.058062569871621e-03 4.1e+00 6.27e-01  4e-01  5e-01 2:17.1
   26    208 5.648688913147959e-03 5.4e+00 7.30e-01  5e-01  6e-01 2:34.9
   29    232 4.464321934201765e-03 7.7e+00 6.50e-01  4e-01  6e-01 2:52.9
   32    256 8.284199460639741e-05 6.4e+00 5.15e-01  3e-01  3e-01 3:10.8
termination on ftarget=0.0005
final/bestever f-value = 8.284199e-05 8.284199e-05
incumbent solution: [2.4555833223480223, 1.8677029026115548, 5.68724696300887, 0.3466033568986219]
std deviation: [0.25645268962695045, 0.2632236163458576, 0.30442553122287375, 0.3451156293929635]
CMAEvolutionStrategyResult(xbest=array([2.43571125, 1.75325075, 5.67701472, 0.3518157 ]), fbest=8.28419946063974e-05, evals_best=252, evaluations=256, iterations=32, xfavorite=array([2.45558332, 1.8677029 , 5.68724696, 0.34660336]), stds=array([0.25645269, 0.26322362, 0.30442553, 0.34511563]), stop={'ftarget': 0.0005})
1 10
(4_w,8)-aCMA-ES (mu_w=2.6,w_1=52%) in dimension 4 (seed=437312, Tue Jun 22 15:48:42 2021)
Iterat #Fevals   function value  axis ratio  sigma  min&max std  t[m:s]
    1      8 3.112026206932090e-01 1.0e+00 1.62e+00  1e+00  2e+00 0:07.7
    2     16 3.041832189719510e-01 1.3e+00 1.78e+00  2e+00  2e+00 0:14.9
    3     24 9.737990981194999e-02 1.4e+00 1.96e+00  2e+00  2e+00 0:22.0
    4     32 2.415263032322901e-02 1.6e+00 1.79e+00  2e+00  2e+00 0:29.8
    5     40 2.583711075186241e-01 1.4e+00 1.50e+00  1e+00  1e+00 0:37.0
    6     48 1.189199666505577e-01 1.4e+00 1.38e+00  1e+00  1e+00 0:44.2
    7     56 2.836322810494085e-02 1.7e+00 1.34e+00  1e+00  1e+00 0:51.7
    8     64 1.003481782575834e-01 2.0e+00 1.20e+00  1e+00  1e+00 0:59.4
   10     80 5.728026414958842e-03 2.0e+00 9.87e-01  8e-01  8e-01 1:14.6
   12     96 1.063686862015240e-01 2.0e+00 7.29e-01  5e-01  6e-01 1:29.4
   14    112 1.792014640084960e-02 2.4e+00 5.79e-01  3e-01  5e-01 1:44.5
   16    128 7.313122060650790e-02 3.1e+00 6.20e-01  4e-01  6e-01 1:59.8
   18    144 1.820742693502553e-02 4.4e+00 6.00e-01  4e-01  7e-01 2:14.7
   20    160 1.902907911667806e-03 5.2e+00 5.09e-01  3e-01  5e-01 2:29.8
   22    176 8.329552529603657e-03 5.1e+00 4.46e-01  2e-01  4e-01 2:44.4
   25    200 1.483152608980465e-02 3.2e+00 3.38e-01  2e-01  2e-01 3:06.8
   28    224 3.782927312338868e-03 2.8e+00 2.73e-01  1e-01  2e-01 3:28.9
   31    248 1.393975527354363e-02 2.9e+00 2.42e-01  9e-02  1e-01 3:51.0
   34    272 1.230141793522033e-02 3.0e+00 2.15e-01  8e-02  1e-01 4:12.9
   37    296 2.383488392441369e-02 4.0e+00 2.04e-01  7e-02  1e-01 4:35.1
   40    320 2.047030449201048e-02 3.9e+00 1.84e-01  5e-02  1e-01 4:57.6
   43    344 1.003650339451267e-03 4.5e+00 1.92e-01  5e-02  1e-01 5:19.8
   46    368 1.107171437986354e-02 6.1e+00 1.44e-01  3e-02  9e-02 5:41.9
   47    376 4.383606153295361e-04 7.4e+00 1.32e-01  3e-02  7e-02 5:49.1
termination on ftarget=0.0005
final/bestever f-value = 4.383606e-04 4.383606e-04
incumbent solution: [1.7450625109925206, 2.5682276450602344, 1.898463296807794, 0.1506179643216873]
std deviation: [0.05532965552177937, 0.028885837916924978, 0.07108507314048208, 0.07475143868813575]
CMAEvolutionStrategyResult(xbest=array([1.72779598, 2.5751287 , 1.88968558, 0.14780927]), fbest=0.0004383606153295361, evals_best=375, evaluations=376, iterations=47, xfavorite=array([1.74506251, 2.56822765, 1.8984633 , 0.15061796]), stds=array([0.05532966, 0.02888584, 0.07108507, 0.07475144]), stop={'ftarget': 0.0005})
2 10
(4_w,8)-aCMA-ES (mu_w=2.6,w_1=52%) in dimension 4 (seed=475459, Tue Jun 22 15:54:31 2021)
Iterat #Fevals   function value  axis ratio  sigma  min&max std  t[m:s]
    1      8 1.590549070596361e-01 1.0e+00 1.92e+00  2e+00  2e+00 0:07.6
    2     16 4.955026985866507e-01 1.3e+00 1.51e+00  1e+00  2e+00 0:15.8
    3     24 3.530266628980588e-01 1.5e+00 1.41e+00  1e+00  2e+00 0:22.9
    4     32 2.565046005215237e-01 1.6e+00 1.47e+00  1e+00  2e+00 0:30.3
    5     40 1.906424363955381e-01 2.0e+00 1.58e+00  1e+00  2e+00 0:37.7
    6     48 4.459728491989254e-01 2.4e+00 1.22e+00  1e+00  1e+00 0:44.9
    7     56 5.140692691792113e-01 2.2e+00 1.39e+00  1e+00  1e+00 0:52.1
    9     72 3.150693748322456e-01 2.8e+00 1.06e+00  9e-01  1e+00 1:06.6
   11     88 1.123027576687419e-01 3.6e+00 9.75e-01  8e-01  1e+00 1:21.3
   13    104 1.571690761455133e-01 3.2e+00 7.87e-01  6e-01  8e-01 1:36.4
   15    120 8.152814618331727e-03 3.1e+00 6.60e-01  5e-01  6e-01 1:50.8
   16    128 3.988116145650089e-04 2.8e+00 5.72e-01  4e-01  5e-01 1:58.1
termination on ftarget=0.0005
final/bestever f-value = 3.988116e-04 3.988116e-04
incumbent solution: [2.5443297214496163, 3.964751707426742, 7.811874361616014, -1.442402036867475]
std deviation: [0.40246949400889387, 0.472814796553518, 0.5011017708176263, 0.4356440347532087]
CMAEvolutionStrategyResult(xbest=array([ 2.70526783,  3.91116071,  7.80199934, -1.53893356]), fbest=0.0003988116145650089, evals_best=125, evaluations=128, iterations=16, xfavorite=array([ 2.54432972,  3.96475171,  7.81187436, -1.44240204]), stds=array([0.40246949, 0.4728148 , 0.50110177, 0.43564403]), stop={'ftarget': 0.0005})
3 10
(4_w,8)-aCMA-ES (mu_w=2.6,w_1=52%) in dimension 4 (seed=492007, Tue Jun 22 15:56:29 2021)
Iterat #Fevals   function value  axis ratio  sigma  min&max std  t[m:s]
    1      8 4.825280425649882e-01 1.0e+00 1.35e+00  1e+00  1e+00 0:07.6
    2     16 2.174000059211888e-01 1.2e+00 1.32e+00  1e+00  1e+00 0:14.8
    3     24 1.261463303794589e-01 1.4e+00 1.15e+00  9e-01  1e+00 0:22.1
    4     32 1.795721843037914e-01 1.7e+00 1.31e+00  9e-01  2e+00 0:29.3
    5     40 1.699728030429992e-01 2.1e+00 1.27e+00  9e-01  2e+00 0:36.4
    6     48 2.713387423935089e-01 2.3e+00 1.24e+00  9e-01  2e+00 0:43.5
    7     56 1.360822673215093e-01 2.0e+00 1.04e+00  8e-01  1e+00 0:50.7
    8     64 5.025293855081003e-02 1.9e+00 8.23e-01  6e-01  1e+00 0:57.8
   10     80 5.638750793050407e-02 2.1e+00 6.74e-01  4e-01  7e-01 1:12.4
   12     96 2.833720225025038e-03 1.9e+00 6.34e-01  4e-01  6e-01 1:27.0
   14    112 3.365970863644108e-02 2.2e+00 4.20e-01  2e-01  4e-01 1:41.7
   16    128 2.654991948470165e-02 2.7e+00 4.37e-01  2e-01  5e-01 1:56.1
   17    136 1.829024089505804e-04 2.9e+00 4.02e-01  2e-01  4e-01 2:03.7
termination on ftarget=0.0005
final/bestever f-value = 1.829024e-04 1.829024e-04
incumbent solution: [2.6274195270352365, 5.489073827269758, 3.9567702338388733, 5.08513312055051]
std deviation: [0.27253218480426367, 0.19313958359914635, 0.4228490751979565, 0.1836852034011052]
CMAEvolutionStrategyResult(xbest=array([2.71233522, 5.41063277, 3.69855621, 5.17900866]), fbest=0.0001829024089505804, evals_best=130, evaluations=136, iterations=17, xfavorite=array([2.62741953, 5.48907383, 3.95677023, 5.08513312]), stds=array([0.27253218, 0.19313958, 0.42284908, 0.1836852 ]), stop={'ftarget': 0.0005})
4 10
(4_w,8)-aCMA-ES (mu_w=2.6,w_1=52%) in dimension 4 (seed=511461, Tue Jun 22 15:58:33 2021)
Iterat #Fevals   function value  axis ratio  sigma  min&max std  t[m:s]
    1      8 1.370215753539837e-01 1.0e+00 1.41e+00  1e+00  1e+00 0:07.2
    2     16 1.830172535529819e-01 1.3e+00 1.33e+00  1e+00  1e+00 0:14.5
    3     24 5.119669201784927e-01 1.3e+00 1.35e+00  1e+00  1e+00 0:21.8
    4     32 6.993659506870720e-02 1.5e+00 1.11e+00  9e-01  1e+00 0:29.1
    5     40 1.491321377035659e-01 1.7e+00 9.93e-01  7e-01  9e-01 0:36.8
    6     48 8.409505590663269e-02 1.7e+00 8.88e-01  6e-01  8e-01 0:43.9
    7     56 5.684515465844275e-02 1.9e+00 7.07e-01  4e-01  6e-01 0:51.4
    8     64 7.748128690563827e-02 2.0e+00 7.40e-01  4e-01  7e-01 0:58.8
   10     80 5.922693986847538e-02 1.8e+00 6.36e-01  3e-01  5e-01 1:13.9
   12     96 1.126031011935580e-02 2.0e+00 4.85e-01  2e-01  4e-01 1:28.2
   14    112 8.251204920755484e-03 3.1e+00 5.85e-01  2e-01  6e-01 1:42.7
   16    128 2.160938527661771e-02 3.3e+00 4.86e-01  2e-01  5e-01 1:57.3
   18    144 3.278398015239992e-03 3.7e+00 4.97e-01  2e-01  5e-01 2:12.1
   20    160 8.066575467396753e-03 4.0e+00 3.57e-01  2e-01  3e-01 2:26.6
   22    176 1.115419237982518e-02 3.8e+00 3.63e-01  1e-01  3e-01 2:41.5
   25    200 4.864654434550419e-03 3.6e+00 2.84e-01  1e-01  2e-01 3:03.9
   28    224 2.125127706793339e-02 3.8e+00 2.56e-01  9e-02  2e-01 3:26.1
   31    248 1.163524403730376e-02 4.3e+00 1.96e-01  6e-02  1e-01 3:48.3
   34    272 5.968277958590118e-04 4.4e+00 1.45e-01  4e-02  1e-01 4:10.2
   37    296 2.220546976826454e-02 6.1e+00 1.01e-01  2e-02  7e-02 4:32.0
   40    320 1.424173075205037e-02 8.2e+00 1.21e-01  3e-02  1e-01 4:53.8
   43    344 8.130303752839074e-03 1.1e+01 1.45e-01  3e-02  1e-01 5:16.0
   46    368 2.794413701240783e-03 1.0e+01 1.16e-01  2e-02  9e-02 5:39.4
   47    376 1.192894445194437e-04 1.0e+01 1.13e-01  2e-02  9e-02 5:47.0
termination on ftarget=0.0005
final/bestever f-value = 1.192894e-04 1.192894e-04
incumbent solution: [1.1656129222325304, 1.854800671799191, 4.507567317422318, 3.5185274786315497]
std deviation: [0.040002111455167716, 0.07254424638199937, 0.018465947408850127, 0.08748238162334156]
CMAEvolutionStrategyResult(xbest=array([1.18509497, 1.95959204, 4.50145103, 3.39216927]), fbest=0.00011928944451944368, evals_best=375, evaluations=376, iterations=47, xfavorite=array([1.16561292, 1.85480067, 4.50756732, 3.51852748]), stds=array([0.04000211, 0.07254425, 0.01846595, 0.08748238]), stop={'ftarget': 0.0005})
5 10
(4_w,8)-aCMA-ES (mu_w=2.6,w_1=52%) in dimension 4 (seed=497099, Tue Jun 22 16:04:20 2021)
Iterat #Fevals   function value  axis ratio  sigma  min&max std  t[m:s]
    1      8 3.839735714735714e-01 1.0e+00 1.63e+00  2e+00  2e+00 0:07.2
    2     16 3.876933534348282e-01 1.4e+00 1.69e+00  2e+00  2e+00 0:14.7
    3     24 3.210697209733817e-01 1.6e+00 1.57e+00  1e+00  2e+00 0:22.1
    4     32 2.976277865166753e-01 1.6e+00 1.33e+00  1e+00  2e+00 0:29.4
    5     40 8.767910767910736e-02 1.6e+00 1.14e+00  9e-01  1e+00 0:36.6
    6     48 2.128766965723488e-01 1.8e+00 1.08e+00  8e-01  1e+00 0:43.8
    7     56 2.729049531459167e-01 1.8e+00 9.90e-01  7e-01  1e+00 0:50.9
    8     64 2.086158684579360e-01 1.8e+00 9.55e-01  7e-01  9e-01 0:58.3
   10     80 2.789360339910364e-01 1.8e+00 7.69e-01  5e-01  7e-01 1:12.9
   12     96 1.797753578170377e-01 1.8e+00 9.54e-01  6e-01  8e-01 1:27.7
   14    112 1.660628019323670e-01 2.2e+00 7.51e-01  4e-01  6e-01 1:41.7
   16    128 1.981516510908432e-01 2.3e+00 5.77e-01  3e-01  5e-01 1:56.6
   18    144 5.804274554274536e-02 2.4e+00 7.23e-01  4e-01  8e-01 2:11.0
   20    160 4.803060050958452e-02 3.2e+00 7.94e-01  4e-01  8e-01 2:25.7
   22    176 2.036449920237537e-02 2.8e+00 6.28e-01  3e-01  5e-01 2:40.8
   25    200 5.630215195432531e-02 2.4e+00 5.72e-01  2e-01  4e-01 3:02.6
   28    224 4.059871054093001e-02 1.9e+00 5.39e-01  2e-01  4e-01 3:24.3
   31    248 1.073885856494528e-02 1.7e+00 4.62e-01  2e-01  2e-01 3:46.7
   32    256 9.126999742026243e-05 1.7e+00 3.93e-01  1e-01  2e-01 3:54.4
termination on ftarget=0.0005
final/bestever f-value = 9.127000e-05 9.127000e-05
incumbent solution: [-1.0430239572645743, 4.425488668763274, 2.683154579429881, 3.0010806071051097]
std deviation: [0.1723009408671083, 0.1882781223749545, 0.1403284763088056, 0.1877580546653338]
CMAEvolutionStrategyResult(xbest=array([-0.93871617,  4.56609299,  2.67657376,  3.07044481]), fbest=9.126999742026243e-05, evals_best=252, evaluations=256, iterations=32, xfavorite=array([-1.04302396,  4.42548867,  2.68315458,  3.00108061]), stds=array([0.17230094, 0.18827812, 0.14032848, 0.18775805]), stop={'ftarget': 0.0005})
6 10
(4_w,8)-aCMA-ES (mu_w=2.6,w_1=52%) in dimension 4 (seed=528957, Tue Jun 22 16:08:14 2021)
Iterat #Fevals   function value  axis ratio  sigma  min&max std  t[m:s]
    1      8 7.727446401156179e-02 1.0e+00 1.60e+00  1e+00  2e+00 0:07.1
    2     16 2.760712259759573e-01 1.4e+00 1.68e+00  2e+00  2e+00 0:14.4
    3     24 2.200904375634106e-01 1.7e+00 2.10e+00  2e+00  2e+00 0:21.5
    4     32 1.749355690097235e-01 1.6e+00 2.49e+00  2e+00  3e+00 0:28.6
    5     40 2.120099351912093e-01 1.8e+00 2.60e+00  2e+00  3e+00 0:35.7
    6     48 8.938497339299434e-02 2.2e+00 2.85e+00  3e+00  3e+00 0:42.8
    7     56 3.916128797977211e-01 2.5e+00 2.72e+00  2e+00  3e+00 0:50.1
    9     72 1.872994660177982e-01 2.8e+00 2.21e+00  2e+00  3e+00 1:04.8
   11     88 1.547650922555491e-01 2.8e+00 1.72e+00  1e+00  2e+00 1:19.4
   13    104 2.293154582113076e-01 2.5e+00 1.43e+00  1e+00  1e+00 1:33.7
   15    120 1.536690631518217e-01 2.1e+00 1.16e+00  8e-01  1e+00 1:47.8
   17    136 1.006092270315831e-01 2.3e+00 9.21e-01  6e-01  7e-01 2:02.6
   19    152 7.253945686808372e-03 2.5e+00 7.63e-01  5e-01  6e-01 2:17.4
   21    168 7.006242679240149e-02 2.4e+00 7.41e-01  4e-01  6e-01 2:32.1
   23    184 1.046310139927157e-01 2.4e+00 7.08e-01  4e-01  5e-01 2:46.6
   26    208 7.451585870179023e-02 2.9e+00 6.07e-01  3e-01  4e-01 3:08.1
   29    232 1.306789148511123e-02 3.4e+00 7.10e-01  3e-01  5e-01 3:29.8
   32    256 3.834096946272025e-02 4.3e+00 5.60e-01  2e-01  4e-01 3:51.7
   35    280 2.069570020292244e-02 5.0e+00 5.27e-01  2e-01  4e-01 4:13.9
   38    304 5.983140919919250e-03 5.4e+00 3.49e-01  1e-01  2e-01 4:35.7
   41    328 1.016025763419970e-03 5.1e+00 2.85e-01  1e-01  2e-01 4:57.6
   44    352 9.478996181124355e-03 5.7e+00 2.65e-01  9e-02  2e-01 5:20.1
   48    384 5.598847700661214e-03 3.7e+00 2.67e-01  8e-02  1e-01 5:48.8
   52    416 1.586931629386501e-03 4.6e+00 1.50e-01  4e-02  7e-02 6:17.7
   56    448 1.500582274899465e-03 5.0e+00 1.23e-01  2e-02  5e-02 6:47.3
   60    480 7.187644705579199e-03 6.3e+00 8.87e-02  2e-02  3e-02 7:16.8
   64    512 3.338060434165402e-03 7.7e+00 8.43e-02  1e-02  3e-02 7:47.3
   67    536 3.503503503505812e-04 8.3e+00 7.64e-02  1e-02  3e-02 8:09.1
termination on ftarget=0.0005
final/bestever f-value = 3.503504e-04 3.503504e-04
incumbent solution: [1.142516221454076, 3.657629425922212, 1.8192192423428752, 3.713200209307055]
std deviation: [0.014260197892985214, 0.011742462016216672, 0.029816727262671157, 0.019842484623514154]
CMAEvolutionStrategyResult(xbest=array([1.14928183, 3.65579787, 1.81423203, 3.71361856]), fbest=0.00035035035035058115, evals_best=534, evaluations=536, iterations=67, xfavorite=array([1.14251622, 3.65762943, 1.81921924, 3.71320021]), stds=array([0.0142602 , 0.01174246, 0.02981673, 0.01984248]), stop={'ftarget': 0.0005})
7 10
(4_w,8)-aCMA-ES (mu_w=2.6,w_1=52%) in dimension 4 (seed=488930, Tue Jun 22 16:16:23 2021)
Iterat #Fevals   function value  axis ratio  sigma  min&max std  t[m:s]
    1      8 3.168590318541119e-01 1.0e+00 1.88e+00  2e+00  2e+00 0:07.4
    2     16 5.487350788679224e-01 1.4e+00 2.17e+00  2e+00  2e+00 0:14.9
    3     24 3.302216538789426e-01 1.5e+00 2.22e+00  2e+00  2e+00 0:22.1
    4     32 3.557531284504969e-01 1.4e+00 2.29e+00  2e+00  3e+00 0:29.4
    5     40 1.362916909668820e-01 1.5e+00 2.06e+00  2e+00  2e+00 0:37.3
    6     48 5.090599899801553e-01 1.6e+00 2.11e+00  2e+00  2e+00 0:44.6
    7     56 1.845123929862633e-01 1.6e+00 1.93e+00  2e+00  2e+00 0:51.8
    8     64 4.939236904015214e-01 1.7e+00 1.65e+00  1e+00  2e+00 1:01.3
   10     80 4.956273068006017e-01 2.1e+00 2.05e+00  2e+00  2e+00 1:16.0
   12     96 2.854852335424932e-01 2.6e+00 1.68e+00  1e+00  2e+00 1:31.1
   14    112 2.793037103381930e-01 2.8e+00 1.61e+00  1e+00  2e+00 1:45.5
   16    128 9.651299169974725e-02 3.3e+00 1.80e+00  1e+00  2e+00 2:01.6
   18    144 2.915965944994813e-01 3.6e+00 1.64e+00  1e+00  2e+00 2:16.5
   20    160 2.060307982686180e-01 3.8e+00 1.59e+00  1e+00  2e+00 2:31.4
   22    176 1.303555599718615e-01 5.2e+00 1.61e+00  1e+00  2e+00 2:46.0
   25    200 3.337692321579488e-02 6.0e+00 1.28e+00  7e-01  1e+00 3:08.5
   28    224 3.089292466796456e-02 5.9e+00 1.27e+00  7e-01  1e+00 3:31.5
   31    248 2.499999999999936e-02 6.3e+00 8.85e-01  4e-01  9e-01 3:53.8
   34    272 1.385346730811587e-03 7.1e+00 8.26e-01  3e-01  9e-01 4:15.4
   37    296 8.557951996045476e-04 8.1e+00 5.63e-01  2e-01  5e-01 4:38.7
   40    320 7.961124759969684e-03 7.9e+00 4.00e-01  1e-01  4e-01 5:00.5
   43    344 9.184389862807674e-03 9.2e+00 3.83e-01  1e-01  4e-01 5:23.3
   46    368 1.694791041272292e-02 1.3e+01 3.18e-01  8e-02  3e-01 5:45.3
   50    400 1.408377539531669e-02 1.2e+01 2.03e-01  6e-02  2e-01 6:14.8
   54    432 5.433255269320703e-03 1.6e+01 1.91e-01  5e-02  2e-01 6:44.9
   56    448 8.038423665035488e-05 1.8e+01 2.17e-01  5e-02  2e-01 6:59.8
termination on ftarget=0.0005
final/bestever f-value = 8.038424e-05 8.038424e-05
incumbent solution: [2.748730823260008, 4.369985853207439, -2.020363230963849, 3.333171159032411]
std deviation: [0.04761668718034538, 0.15742884956744868, 0.18258686007033437, 0.0869117502572216]
CMAEvolutionStrategyResult(xbest=array([ 2.75628149,  4.32010257, -1.94925227,  3.30372725]), fbest=8.038423665035488e-05, evals_best=447, evaluations=448, iterations=56, xfavorite=array([ 2.74873082,  4.36998585, -2.02036323,  3.33317116]), stds=array([0.04761669, 0.15742885, 0.18258686, 0.08691175]), stop={'ftarget': 0.0005})
8 10
(4_w,8)-aCMA-ES (mu_w=2.6,w_1=52%) in dimension 4 (seed=476015, Tue Jun 22 16:23:23 2021)
Iterat #Fevals   function value  axis ratio  sigma  min&max std  t[m:s]
    1      8 9.225978948793379e-02 1.0e+00 1.68e+00  2e+00  2e+00 0:07.1
    2     16 2.239401250319975e-01 1.3e+00 1.60e+00  1e+00  2e+00 0:14.7
    3     24 2.589835910898630e-02 1.5e+00 1.80e+00  2e+00  2e+00 0:22.3
    4     32 5.377654937944121e-02 1.6e+00 1.91e+00  2e+00  2e+00 0:29.5
    5     40 2.321348314606740e-01 1.8e+00 1.75e+00  1e+00  2e+00 0:37.0
    6     48 4.594907823408804e-01 1.8e+00 1.61e+00  1e+00  2e+00 0:44.7
    7     56 2.094752056027473e-01 1.9e+00 1.42e+00  1e+00  2e+00 0:52.0
    8     64 1.560344417487270e-01 1.9e+00 1.41e+00  1e+00  2e+00 0:59.2
   10     80 3.187859366365120e-03 2.3e+00 1.01e+00  6e-01  1e+00 1:14.3
   12     96 1.951565627819263e-02 2.8e+00 7.56e-01  4e-01  9e-01 1:29.2
   14    112 1.195789447392293e-02 2.7e+00 6.14e-01  3e-01  7e-01 1:43.6
   16    128 1.382767445485245e-02 2.7e+00 5.04e-01  2e-01  5e-01 1:58.3
   18    144 2.161632362112975e-03 2.9e+00 5.74e-01  3e-01  6e-01 2:13.3
   20    160 3.366862022474104e-02 3.5e+00 5.51e-01  3e-01  6e-01 2:27.8
   22    176 2.981514609425862e-04 3.7e+00 5.65e-01  3e-01  6e-01 2:42.7
termination on ftarget=0.0005
final/bestever f-value = 2.981515e-04 2.981515e-04
incumbent solution: [4.141199124644555, -0.030211157989174186, -1.9394461702470167, 2.814711701170069]
std deviation: [0.59140213899007, 0.27385672338557737, 0.25897941146176645, 0.28843359702553384]
CMAEvolutionStrategyResult(xbest=array([ 3.96419092, -0.02628376, -1.90610691,  2.69033831]), fbest=0.00029815146094258616, evals_best=175, evaluations=176, iterations=22, xfavorite=array([ 4.14119912, -0.03021116, -1.93944617,  2.8147117 ]), stds=array([0.59140214, 0.27385672, 0.25897941, 0.2884336 ]), stop={'ftarget': 0.0005})
9 10
(4_w,8)-aCMA-ES (mu_w=2.6,w_1=52%) in dimension 4 (seed=527370, Tue Jun 22 16:26:06 2021)
Iterat #Fevals   function value  axis ratio  sigma  min&max std  t[m:s]
    1      8 2.432837654355636e-01 1.0e+00 1.35e+00  1e+00  1e+00 0:07.3
    2     16 1.615038582649914e-01 1.2e+00 1.36e+00  1e+00  1e+00 0:14.6
    3     24 2.386057736934928e-01 1.3e+00 1.16e+00  1e+00  1e+00 0:22.1
    4     32 2.351742666017559e-01 1.4e+00 9.24e-01  7e-01  9e-01 0:29.3
    5     40 9.561570494967531e-03 1.6e+00 8.58e-01  6e-01  9e-01 0:37.0
    6     48 4.158465136743605e-02 1.7e+00 7.83e-01  6e-01  7e-01 0:44.1
    7     56 6.109799451816833e-02 1.7e+00 7.01e-01  5e-01  7e-01 0:51.2
    8     64 4.680804581162823e-03 1.7e+00 5.59e-01  3e-01  5e-01 0:58.8
   10     80 1.986333505209381e-03 2.1e+00 4.71e-01  2e-01  4e-01 1:13.5
   12     96 1.268117884426756e-02 2.0e+00 3.87e-01  2e-01  4e-01 1:27.7
   14    112 1.345699214051854e-02 2.4e+00 3.41e-01  1e-01  3e-01 1:42.1
   16    128 2.193077924785214e-02 2.7e+00 2.88e-01  1e-01  3e-01 1:56.6
   17    136 2.552125847772313e-04 2.4e+00 2.93e-01  1e-01  3e-01 2:04.1
termination on ftarget=0.0005
final/bestever f-value = 2.552126e-04 2.552126e-04
incumbent solution: [4.7637941949993685, 2.4283255690151835, 3.933722390306179, 2.5448013689142335]
std deviation: [0.1258488322693655, 0.13186652075460675, 0.25633407817006926, 0.17461634384055397]
CMAEvolutionStrategyResult(xbest=array([4.75218382, 2.4235905 , 4.09577574, 2.61193751]), fbest=0.0002552125847772313, evals_best=130, evaluations=136, iterations=17, xfavorite=array([4.76379419, 2.42832557, 3.93372239, 2.54480137]), stds=array([0.12584883, 0.13186652, 0.25633408, 0.17461634]), stop={'ftarget': 0.0005})
