16384
0 10
(4_w,8)-aCMA-ES (mu_w=2.6,w_1=52%) in dimension 4 (seed=495823, Tue Jun 22 15:45:57 2021)
circuitVTD.py:347: DeprecationWarning: The QuantumCircuit.__add__() method is being deprecated.Use the compose() method which is more flexible w.r.t circuit register compatibility.
  TrotterFixStepList.append(TrotterFixStepList[-1] + U_trot)
/home/nfb1/.local/lib/python3.7/site-packages/qiskit/circuit/quantumcircuit.py:869: DeprecationWarning: The QuantumCircuit.combine() method is being deprecated. Use the compose() method which is more flexible w.r.t circuit register compatibility.
  return self.combine(rhs)
Iterat #Fevals   function value  axis ratio  sigma  min&max std  t[m:s]
    1      8 3.955997220669347e-01 1.0e+00 1.58e+00  1e+00  2e+00 0:07.8
    2     16 7.128911297817009e-02 1.3e+00 1.51e+00  1e+00  2e+00 0:15.3
    3     24 2.029871145819762e-03 1.4e+00 1.38e+00  1e+00  2e+00 0:23.1
    4     32 5.835184369670964e-01 1.5e+00 1.56e+00  1e+00  2e+00 0:30.8
    5     40 3.974450592569112e-02 1.9e+00 1.82e+00  1e+00  3e+00 0:38.7
    6     48 1.147764194584135e-01 2.5e+00 1.59e+00  1e+00  2e+00 0:46.4
    7     56 4.460782346155241e-01 2.6e+00 1.31e+00  8e-01  2e+00 0:54.2
    8     64 6.296253540200136e-03 3.0e+00 1.27e+00  8e-01  2e+00 1:01.8
   10     80 2.595355650162645e-02 4.0e+00 1.03e+00  6e-01  2e+00 1:17.0
   12     96 4.346783390368281e-02 3.8e+00 8.70e-01  5e-01  1e+00 1:32.5
   14    112 1.679671862851995e-02 3.4e+00 6.25e-01  3e-01  8e-01 1:48.1
   16    128 1.299781380839504e-02 4.1e+00 6.18e-01  3e-01  9e-01 2:03.5
   18    144 2.383243387426004e-02 5.0e+00 4.78e-01  2e-01  7e-01 2:18.7
   20    160 2.870083226534370e-03 5.6e+00 4.19e-01  2e-01  6e-01 2:34.2
   22    176 7.951013062725054e-03 4.8e+00 3.77e-01  2e-01  5e-01 2:49.8
   24    192 1.493781918960990e-03 5.7e+00 2.61e-01  1e-01  3e-01 3:05.1
   27    216 3.173462493178736e-03 5.8e+00 2.04e-01  8e-02  2e-01 3:28.5
   30    240 5.642479068044715e-03 7.7e+00 2.07e-01  8e-02  2e-01 3:51.6
   33    264 4.944383778084926e-04 6.8e+00 1.69e-01  6e-02  2e-01 4:14.6
termination on ftarget=0.0005
final/bestever f-value = 4.944384e-04 4.944384e-04
incumbent solution: [2.0043177089483595, 2.0784090500960035, 5.695738056578849, -0.5128972498645425]
std deviation: [0.06716315823259265, 0.05944374855215855, 0.09009513297157024, 0.15136418099571017]
CMAEvolutionStrategyResult(xbest=array([ 2.02889112,  2.09569969,  5.66987591, -0.4397229 ]), fbest=0.0004944383778084926, evals_best=261, evaluations=264, iterations=33, xfavorite=array([ 2.00431771,  2.07840905,  5.69573806, -0.51289725]), stds=array([0.06716316, 0.05944375, 0.09009513, 0.15136418]), stop={'ftarget': 0.0005})
1 10
(4_w,8)-aCMA-ES (mu_w=2.6,w_1=52%) in dimension 4 (seed=469304, Tue Jun 22 15:50:12 2021)
Iterat #Fevals   function value  axis ratio  sigma  min&max std  t[m:s]
    1      8 4.118232293736687e-01 1.0e+00 1.54e+00  1e+00  2e+00 0:09.0
    2     16 4.458361585048216e-01 1.3e+00 1.42e+00  1e+00  1e+00 0:18.2
    3     24 6.400750766784163e-01 1.3e+00 1.41e+00  1e+00  1e+00 0:27.3
    4     32 7.073771980535557e-01 1.4e+00 1.22e+00  1e+00  1e+00 0:36.4
    5     40 3.126475080220289e-01 1.5e+00 1.20e+00  9e-01  1e+00 0:45.2
    6     48 9.596154681485847e-02 1.8e+00 1.25e+00  9e-01  1e+00 0:54.3
    7     56 3.593325762906741e-02 2.1e+00 1.09e+00  8e-01  1e+00 1:03.6
    8     64 4.489233660518299e-02 2.4e+00 1.08e+00  8e-01  1e+00 1:12.7
    9     72 4.734333635668786e-02 2.5e+00 9.72e-01  7e-01  1e+00 1:21.5
   11     88 3.190375962016023e-02 3.1e+00 6.24e-01  3e-01  7e-01 1:39.5
   13    104 3.348307362977287e-02 3.0e+00 6.91e-01  3e-01  7e-01 1:57.6
   15    120 7.061793170553976e-02 3.8e+00 6.63e-01  3e-01  7e-01 2:16.0
   17    136 2.934768225283135e-02 3.8e+00 4.72e-01  2e-01  5e-01 2:35.2
   19    152 1.370099029991301e-03 3.6e+00 3.35e-01  1e-01  3e-01 2:53.4
   21    168 1.878069468305821e-03 3.9e+00 2.48e-01  8e-02  2e-01 3:11.7
   23    184 9.285467950081672e-03 3.9e+00 1.94e-01  5e-02  1e-01 3:29.9
   25    200 5.408094840460009e-04 4.4e+00 1.52e-01  4e-02  1e-01 3:48.5
   26    208 1.132486185205783e-04 4.6e+00 1.40e-01  4e-02  1e-01 3:57.4
termination on ftarget=0.0005
final/bestever f-value = 1.132486e-04 1.132486e-04
incumbent solution: [9.310091435638531, 2.314466263609456, 0.42307423012754664, 5.628946867751396]
std deviation: [0.0820828896287909, 0.03676584823008537, 0.10391690574350268, 0.06128913840715693]
CMAEvolutionStrategyResult(xbest=array([9.36014309, 2.32537926, 0.3529301 , 5.66957157]), fbest=0.00011324861852057833, evals_best=204, evaluations=208, iterations=26, xfavorite=array([9.31009144, 2.31446626, 0.42307423, 5.62894687]), stds=array([0.08208289, 0.03676585, 0.10391691, 0.06128914]), stop={'ftarget': 0.0005})
2 10
(4_w,8)-aCMA-ES (mu_w=2.6,w_1=52%) in dimension 4 (seed=490643, Tue Jun 22 15:54:09 2021)
Iterat #Fevals   function value  axis ratio  sigma  min&max std  t[m:s]
    1      8 3.742139784750961e-01 1.0e+00 1.47e+00  1e+00  2e+00 0:09.3
    2     16 1.816128992772146e-01 1.3e+00 1.39e+00  1e+00  1e+00 0:18.3
    3     24 9.518988612756907e-02 1.4e+00 1.19e+00  9e-01  1e+00 0:27.2
    4     32 1.082617520335373e-01 1.8e+00 9.87e-01  7e-01  9e-01 0:36.1
    5     40 1.682127153290397e-01 1.7e+00 9.02e-01  6e-01  9e-01 0:45.1
    6     48 3.397581063153421e-02 2.0e+00 8.57e-01  6e-01  8e-01 0:54.4
    7     56 6.063721695364421e-02 2.1e+00 7.21e-01  5e-01  7e-01 1:03.6
    8     64 6.357426936625643e-02 2.1e+00 6.36e-01  4e-01  6e-01 1:12.8
    9     72 5.029097194651500e-02 2.1e+00 5.56e-01  3e-01  5e-01 1:21.9
   10     80 1.808855543479992e-02 2.2e+00 4.60e-01  3e-01  4e-01 1:30.9
   12     96 1.652268579786775e-02 2.4e+00 3.51e-01  2e-01  3e-01 1:49.0
   14    112 1.860166186433909e-02 3.2e+00 3.55e-01  2e-01  4e-01 2:07.2
   16    128 1.807791824461225e-02 3.6e+00 3.44e-01  2e-01  4e-01 2:25.4
   18    144 1.537557666998157e-02 4.3e+00 2.84e-01  1e-01  3e-01 2:43.5
   20    160 1.089163888395139e-02 4.4e+00 2.00e-01  7e-02  2e-01 3:01.6
   22    176 1.228009651383011e-02 5.1e+00 2.11e-01  7e-02  2e-01 3:19.5
   24    192 1.548950453658127e-02 6.1e+00 2.22e-01  7e-02  2e-01 3:37.8
   26    208 6.104602550667693e-03 6.6e+00 2.24e-01  7e-02  2e-01 3:55.9
   28    224 2.026435747652933e-04 8.4e+00 1.48e-01  4e-02  1e-01 4:13.8
termination on ftarget=0.0005
final/bestever f-value = 2.026436e-04 2.026436e-04
incumbent solution: [1.6586210232809349, 4.75061434338022, 5.76326928820267, 3.95495656466899]
std deviation: [0.07936256898074492, 0.03982628196995468, 0.1426681065308299, 0.06423000701785012]
CMAEvolutionStrategyResult(xbest=array([1.69053274, 4.7244389 , 5.78932704, 3.99288625]), fbest=0.00020264357476529327, evals_best=222, evaluations=224, iterations=28, xfavorite=array([1.65862102, 4.75061434, 5.76326929, 3.95495656]), stds=array([0.07936257, 0.03982628, 0.14266811, 0.06423001]), stop={'ftarget': 0.0005})
3 10
(4_w,8)-aCMA-ES (mu_w=2.6,w_1=52%) in dimension 4 (seed=493211, Tue Jun 22 15:58:23 2021)
Iterat #Fevals   function value  axis ratio  sigma  min&max std  t[m:s]
    1      8 3.785017376941777e-01 1.0e+00 1.37e+00  1e+00  1e+00 0:09.3
    2     16 4.224353550658695e-01 1.2e+00 1.65e+00  1e+00  2e+00 0:18.3
    3     24 3.340516521744280e-01 1.9e+00 1.91e+00  2e+00  2e+00 0:27.3
    4     32 2.104203998479272e-01 2.3e+00 1.86e+00  2e+00  2e+00 0:36.3
    5     40 4.265141771557002e-02 2.3e+00 2.11e+00  2e+00  2e+00 0:45.5
    6     48 4.824833264212460e-01 2.3e+00 3.00e+00  3e+00  4e+00 0:54.5
    7     56 3.158276737350090e-01 3.0e+00 3.04e+00  3e+00  4e+00 1:03.9
    8     64 3.309497037164243e-01 3.0e+00 3.02e+00  3e+00  4e+00 1:12.7
    9     72 2.670754216655462e-01 3.3e+00 3.11e+00  3e+00  4e+00 1:21.5
   10     80 2.537536267028965e-01 3.4e+00 2.60e+00  2e+00  3e+00 1:30.8
   12     96 1.284088424194086e-01 4.0e+00 2.40e+00  2e+00  3e+00 1:49.1
   14    112 4.588622261043009e-01 4.5e+00 2.16e+00  2e+00  3e+00 2:07.8
   16    128 1.636713730356112e-01 4.6e+00 1.80e+00  1e+00  2e+00 2:26.5
   18    144 1.133695334417339e-01 4.7e+00 1.86e+00  1e+00  2e+00 2:45.5
   20    160 4.888736786370174e-02 5.0e+00 1.67e+00  1e+00  2e+00 3:03.1
   22    176 6.328131566638306e-02 5.1e+00 1.30e+00  1e+00  1e+00 3:21.3
   24    192 9.362523347004026e-02 4.7e+00 8.48e-01  5e-01  6e-01 3:39.3
   26    208 3.368711457142370e-02 3.7e+00 5.86e-01  3e-01  4e-01 3:57.1
   28    224 3.703533354149435e-02 2.7e+00 8.79e-01  4e-01  7e-01 4:15.3
   31    248 4.008830311001288e-02 3.9e+00 8.03e-01  4e-01  7e-01 4:43.2
   34    272 2.787170692501340e-02 4.7e+00 7.85e-01  4e-01  7e-01 5:10.7
   37    296 1.435492261726024e-02 4.8e+00 5.91e-01  3e-01  4e-01 5:38.0
   40    320 2.215050073091684e-02 4.4e+00 4.85e-01  2e-01  4e-01 6:04.8
   43    344 1.581051877805650e-02 5.6e+00 4.20e-01  1e-01  3e-01 6:31.9
   46    368 1.983233743939949e-02 5.2e+00 3.33e-01  1e-01  2e-01 6:59.7
   49    392 1.093505458602195e-02 5.5e+00 2.31e-01  6e-02  1e-01 7:27.7
   52    416 2.117689377886256e-03 5.0e+00 2.14e-01  5e-02  1e-01 7:54.7
   55    440 8.012750286183090e-03 6.3e+00 2.29e-01  5e-02  1e-01 8:22.2
   59    472 7.159171213182769e-03 5.9e+00 2.05e-01  4e-02  1e-01 8:58.1
   63    504 7.521126043795623e-03 6.0e+00 1.98e-01  4e-02  1e-01 9:34.5
   67    536 1.496374717278748e-02 8.3e+00 2.05e-01  4e-02  1e-01 10:10.3
   71    568 7.636466246929818e-03 7.7e+00 1.60e-01  4e-02  8e-02 10:48.0
   75    600 1.464173656452894e-02 8.8e+00 2.05e-01  6e-02  9e-02 11:24.1
   79    632 2.122711898533303e-03 9.8e+00 2.45e-01  7e-02  1e-01 12:00.5
   83    664 1.069952756906212e-02 7.8e+00 2.34e-01  5e-02  1e-01 12:36.5
   87    696 6.618374762986212e-03 8.4e+00 1.60e-01  3e-02  6e-02 13:12.9
   91    728 7.616950416305501e-03 5.9e+00 2.79e-01  6e-02  9e-02 13:49.4
   96    768 9.007415740027058e-03 7.3e+00 1.59e-01  3e-02  5e-02 14:34.8
  100    800 1.213078539708390e-02 9.3e+00 1.45e-01  3e-02  6e-02 15:11.5
  105    840 9.937442150966813e-04 1.0e+01 1.34e-01  2e-02  5e-02 15:56.4
  110    880 8.548981072971307e-03 1.8e+01 1.68e-01  3e-02  9e-02 16:41.7
  115    920 1.028197063335823e-02 1.5e+01 2.68e-01  4e-02  1e-01 17:26.8
  120    960 7.832054633617247e-03 1.5e+01 2.27e-01  3e-02  1e-01 18:12.5
  125   1000 1.114525871829108e-02 2.0e+01 1.51e-01  2e-02  7e-02 18:57.4
  130   1040 1.300743437101315e-02 1.8e+01 1.82e-01  2e-02  7e-02 19:42.2
  135   1080 1.577653656258526e-02 1.7e+01 2.73e-01  3e-02  9e-02 20:27.5
  141   1128 6.583450262424129e-03 1.4e+01 4.17e-01  4e-02  1e-01 21:22.0
  147   1176 1.181624855524344e-02 1.6e+01 3.46e-01  3e-02  9e-02 22:16.9
  153   1224 1.204432592516047e-02 1.7e+01 2.34e-01  3e-02  5e-02 23:11.0
  159   1272 1.810874946996999e-02 1.7e+01 2.57e-01  3e-02  6e-02 24:04.2
  165   1320 1.260492532802693e-02 1.7e+01 2.33e-01  2e-02  5e-02 24:58.7
  171   1368 3.069749691775314e-03 2.1e+01 2.21e-01  2e-02  5e-02 25:54.3
  177   1416 6.947465407473596e-03 3.1e+01 1.89e-01  2e-02  5e-02 26:48.7
  183   1464 8.149728768645614e-03 4.1e+01 1.91e-01  1e-02  5e-02 27:43.0
  186   1488 2.953580691473778e-04 2.4e+01 1.87e-01  1e-02  4e-02 28:09.7
termination on ftarget=0.0005
final/bestever f-value = 2.953581e-04 2.953581e-04
incumbent solution: [0.7589537802208759, -0.9977436481792582, 2.727003524010649, 5.2897680161927685]
std deviation: [0.02790246536737374, 0.03685030012531766, 0.01219466936418549, 0.024879457747903296]
CMAEvolutionStrategyResult(xbest=array([ 0.76528284, -0.98692923,  2.7322736 ,  5.28319899]), fbest=0.00029535806914737783, evals_best=1486, evaluations=1488, iterations=186, xfavorite=array([ 0.75895378, -0.99774365,  2.72700352,  5.28976802]), stds=array([0.02790247, 0.0368503 , 0.01219467, 0.02487946]), stop={'ftarget': 0.0005})
4 10
(4_w,8)-aCMA-ES (mu_w=2.6,w_1=52%) in dimension 4 (seed=442859, Tue Jun 22 16:26:33 2021)
Iterat #Fevals   function value  axis ratio  sigma  min&max std  t[m:s]
    1      8 4.621720579820876e-01 1.0e+00 1.28e+00  1e+00  1e+00 0:09.1
    2     16 2.452656569218280e-01 1.2e+00 1.33e+00  1e+00  1e+00 0:17.9
    3     24 2.898952760752042e-01 1.5e+00 1.27e+00  1e+00  1e+00 0:27.2
    4     32 5.327337133661321e-01 1.7e+00 1.28e+00  9e-01  1e+00 0:36.2
    5     40 1.401146038496099e-01 1.7e+00 1.25e+00  8e-01  1e+00 0:45.7
    6     48 3.031201510260545e-01 1.9e+00 1.10e+00  7e-01  1e+00 0:54.7
    7     56 2.073574278562826e-01 1.9e+00 8.44e-01  5e-01  8e-01 1:03.8
    8     64 2.425270376167902e-01 2.0e+00 8.09e-01  5e-01  8e-01 1:12.8
    9     72 1.224545832145432e-01 2.3e+00 7.73e-01  5e-01  8e-01 1:21.5
   10     80 1.146368327295886e-01 2.3e+00 6.98e-01  4e-01  8e-01 1:30.6
   12     96 5.574430219351800e-02 2.6e+00 7.09e-01  3e-01  8e-01 1:48.6
   14    112 1.502663611982413e-02 3.4e+00 7.27e-01  3e-01  8e-01 2:06.4
   16    128 2.678909696186127e-02 3.7e+00 6.73e-01  3e-01  6e-01 2:24.5
   18    144 2.161450970007506e-02 4.0e+00 5.14e-01  2e-01  5e-01 2:42.7
   20    160 2.085354683383034e-02 5.0e+00 4.14e-01  2e-01  4e-01 3:00.8
   22    176 2.304424713845810e-02 5.1e+00 3.52e-01  1e-01  3e-01 3:19.1
   24    192 1.362452480606868e-02 4.9e+00 3.03e-01  1e-01  3e-01 3:37.1
   26    208 1.099537954550645e-02 4.6e+00 2.60e-01  8e-02  2e-01 3:55.3
   28    224 7.369546034718399e-03 5.1e+00 2.12e-01  6e-02  2e-01 4:14.1
   31    248 7.020584085680293e-03 5.3e+00 2.59e-01  7e-02  2e-01 4:40.9
   34    272 9.784064268304471e-03 4.1e+00 2.23e-01  6e-02  2e-01 5:08.4
   37    296 1.089731711053377e-02 4.1e+00 1.73e-01  4e-02  1e-01 5:35.8
   40    320 9.192759417363972e-03 4.1e+00 1.93e-01  5e-02  1e-01 6:02.5
   43    344 5.119077281483642e-03 4.1e+00 1.39e-01  3e-02  8e-02 6:30.3
   46    368 8.918281866829969e-03 4.6e+00 1.11e-01  2e-02  6e-02 6:58.1
   49    392 8.295820917952890e-04 6.0e+00 1.07e-01  2e-02  5e-02 7:25.3
   52    416 8.589302638804419e-03 6.9e+00 9.76e-02  2e-02  5e-02 7:52.9
   55    440 7.067457399179577e-03 5.7e+00 8.21e-02  2e-02  4e-02 8:20.3
   59    472 5.697231794426161e-03 4.8e+00 9.59e-02  2e-02  4e-02 8:56.0
   63    504 1.416334816033560e-02 6.0e+00 1.35e-01  3e-02  7e-02 9:31.8
   67    536 1.227544352741972e-02 7.0e+00 9.33e-02  2e-02  5e-02 10:07.7
   71    568 3.377636341272305e-03 8.0e+00 6.63e-02  1e-02  3e-02 10:44.0
   75    600 1.337594539730691e-02 7.9e+00 5.30e-02  9e-03  2e-02 11:20.0
   79    632 1.069093626474904e-02 5.8e+00 7.30e-02  1e-02  2e-02 11:56.1
   83    664 6.918986557904350e-03 5.5e+00 5.02e-02  8e-03  1e-02 12:33.1
   87    696 6.418008824522259e-03 7.3e+00 4.98e-02  7e-03  1e-02 13:09.2
   91    728 9.995424602460723e-03 8.3e+00 4.14e-02  5e-03  1e-02 13:46.0
   94    752 4.355535038771396e-04 7.4e+00 3.47e-02  4e-03  7e-03 14:13.3
termination on ftarget=0.0005
final/bestever f-value = 4.355535e-04 4.355535e-04
incumbent solution: [2.576452600437764, 0.7372228309288499, 4.713689674891348, 4.211447084265018]
std deviation: [0.005195266259300432, 0.004434700077570122, 0.006512294347397944, 0.004993842507366785]
CMAEvolutionStrategyResult(xbest=array([2.57738402, 0.73713817, 4.71506746, 4.21137041]), fbest=0.00043555350387713965, evals_best=750, evaluations=752, iterations=94, xfavorite=array([2.5764526 , 0.73722283, 4.71368967, 4.21144708]), stds=array([0.00519527, 0.0044347 , 0.00651229, 0.00499384]), stop={'ftarget': 0.0005})
5 10
(4_w,8)-aCMA-ES (mu_w=2.6,w_1=52%) in dimension 4 (seed=463525, Tue Jun 22 16:40:46 2021)
Iterat #Fevals   function value  axis ratio  sigma  min&max std  t[m:s]
    1      8 3.826511412893170e-01 1.0e+00 1.49e+00  1e+00  2e+00 0:09.3
    2     16 4.699551734116214e-01 1.2e+00 1.62e+00  1e+00  2e+00 0:18.2
    3     24 1.242821004071736e-01 1.4e+00 1.82e+00  2e+00  2e+00 0:27.2
    4     32 5.191102203363573e-02 1.5e+00 1.94e+00  2e+00  2e+00 0:36.2
    5     40 1.557007136116496e-01 1.7e+00 1.83e+00  1e+00  2e+00 0:45.0
    6     48 7.288332153405097e-02 1.7e+00 1.51e+00  1e+00  2e+00 0:53.9
    7     56 1.300791386580021e-01 1.8e+00 1.29e+00  1e+00  1e+00 1:02.8
    8     64 8.583604860745264e-02 2.0e+00 1.29e+00  1e+00  1e+00 1:11.6
    9     72 1.664350408496441e-01 2.2e+00 1.13e+00  7e-01  1e+00 1:20.5
   11     88 1.375420178091548e-01 3.2e+00 2.15e+00  1e+00  4e+00 1:38.4
   13    104 5.158233471409002e-02 4.2e+00 2.70e+00  1e+00  4e+00 1:56.7
   15    120 1.524062270265908e-01 4.3e+00 2.23e+00  1e+00  3e+00 2:14.5
   17    136 3.751027449115130e-02 4.6e+00 1.75e+00  8e-01  3e+00 2:32.3
   19    152 5.365224696558613e-02 5.4e+00 1.20e+00  5e-01  2e+00 2:50.1
   21    168 2.735774510568145e-02 6.2e+00 8.54e-01  3e-01  1e+00 3:08.0
   23    184 3.428406727000965e-02 6.2e+00 6.38e-01  2e-01  7e-01 3:25.9
   25    200 1.412457852972338e-02 5.9e+00 5.32e-01  2e-01  5e-01 3:43.8
   27    216 2.044148789542122e-02 6.2e+00 4.24e-01  1e-01  4e-01 4:01.7
   30    240 1.328208384523333e-02 6.2e+00 2.55e-01  7e-02  2e-01 4:28.4
   33    264 1.361369485506803e-02 5.8e+00 2.49e-01  5e-02  2e-01 4:56.0
   36    288 1.252746669973670e-02 6.8e+00 2.01e-01  4e-02  2e-01 5:24.3
   39    312 9.542599246321837e-03 1.0e+01 2.41e-01  4e-02  2e-01 5:51.5
   42    336 3.702053351748447e-04 1.1e+01 1.87e-01  3e-02  1e-01 6:19.7
termination on ftarget=0.0005
final/bestever f-value = 3.702053e-04 3.702053e-04
incumbent solution: [3.998422770922669, 5.419137628163688, -3.3615465095801333, 0.44625515505203345]
std deviation: [0.14067352336418942, 0.041792823922497016, 0.13896422305459996, 0.026687492816795652]
CMAEvolutionStrategyResult(xbest=array([ 3.91674854,  5.44850739, -3.25876912,  0.43614861]), fbest=0.00037020533517484466, evals_best=335, evaluations=336, iterations=42, xfavorite=array([ 3.99842277,  5.41913763, -3.36154651,  0.44625516]), stds=array([0.14067352, 0.04179282, 0.13896422, 0.02668749]), stop={'ftarget': 0.0005})
6 10
(4_w,8)-aCMA-ES (mu_w=2.6,w_1=52%) in dimension 4 (seed=517089, Tue Jun 22 16:47:06 2021)
Iterat #Fevals   function value  axis ratio  sigma  min&max std  t[m:s]
    1      8 4.072074810534777e-01 1.0e+00 1.40e+00  1e+00  1e+00 0:08.8
    2     16 1.788786047176592e-01 1.2e+00 1.47e+00  1e+00  2e+00 0:17.9
    3     24 1.303986512551789e-01 1.5e+00 1.32e+00  1e+00  1e+00 0:26.9
    4     32 2.421382212038673e-01 1.5e+00 1.19e+00  9e-01  1e+00 0:35.9
    5     40 1.688826324409307e-01 1.6e+00 1.18e+00  9e-01  1e+00 0:44.8
    6     48 1.624870872380342e-01 1.4e+00 1.05e+00  8e-01  9e-01 0:53.9
    7     56 1.235025009090482e-01 1.5e+00 8.86e-01  6e-01  8e-01 1:03.0
    8     64 3.272591444222794e-02 1.6e+00 8.10e-01  6e-01  7e-01 1:12.1
    9     72 2.938444409099250e-02 2.0e+00 8.15e-01  5e-01  7e-01 1:21.2
   10     80 4.968771585437581e-02 2.4e+00 6.78e-01  4e-01  6e-01 1:30.4
   12     96 1.948114445310178e-02 2.9e+00 6.73e-01  4e-01  6e-01 1:48.9
   14    112 1.827470180378143e-02 3.1e+00 4.18e-01  2e-01  3e-01 2:06.5
   16    128 4.597462568476485e-03 3.0e+00 4.33e-01  2e-01  4e-01 2:24.4
   18    144 6.058971876195196e-03 4.4e+00 2.86e-01  1e-01  3e-01 2:42.5
   20    160 2.646588460082366e-04 5.7e+00 2.59e-01  1e-01  2e-01 3:00.8
termination on ftarget=0.0005
final/bestever f-value = 2.646588e-04 2.646588e-04
incumbent solution: [7.173495217127737, -3.725360367203598, 6.088413360984021, 4.7967889246760205]
std deviation: [0.12760292132312667, 0.2317390071820914, 0.23090670764348362, 0.19760976321421006]
CMAEvolutionStrategyResult(xbest=array([ 7.28164517, -3.74550269,  5.97432147,  4.80903625]), fbest=0.00026465884600823664, evals_best=155, evaluations=160, iterations=20, xfavorite=array([ 7.17349522, -3.72536037,  6.08841336,  4.79678892]), stds=array([0.12760292, 0.23173901, 0.23090671, 0.19760976]), stop={'ftarget': 0.0005})
7 10
(4_w,8)-aCMA-ES (mu_w=2.6,w_1=52%) in dimension 4 (seed=464985, Tue Jun 22 16:50:07 2021)
Iterat #Fevals   function value  axis ratio  sigma  min&max std  t[m:s]
    1      8 2.082374912278111e-01 1.0e+00 1.65e+00  2e+00  2e+00 0:08.8
    2     16 9.738807114671366e-02 1.3e+00 1.69e+00  1e+00  2e+00 0:18.2
    3     24 4.967723257566465e-01 1.6e+00 1.74e+00  1e+00  2e+00 0:27.4
    4     32 6.345316050494354e-02 1.7e+00 1.79e+00  1e+00  2e+00 0:36.6
    5     40 2.048696873750960e-01 1.7e+00 1.64e+00  1e+00  2e+00 0:45.7
    6     48 4.474348147484630e-02 1.8e+00 1.48e+00  1e+00  2e+00 0:55.1
    7     56 9.709919933368316e-02 1.9e+00 1.29e+00  9e-01  1e+00 1:04.1
    8     64 7.057091692070072e-02 1.8e+00 1.16e+00  7e-01  1e+00 1:13.3
    9     72 7.973457195496159e-02 2.1e+00 1.15e+00  7e-01  1e+00 1:22.1
   10     80 6.858977178777559e-02 2.1e+00 1.11e+00  7e-01  1e+00 1:31.2
   12     96 7.933150635543396e-02 2.0e+00 1.21e+00  8e-01  1e+00 1:49.7
   14    112 1.600515712488733e-01 2.3e+00 1.01e+00  7e-01  9e-01 2:07.3
   16    128 5.604267959597586e-02 2.7e+00 7.93e-01  5e-01  7e-01 2:25.6
   18    144 4.222895669889071e-02 2.3e+00 7.45e-01  4e-01  6e-01 2:44.2
   20    160 1.575538492858886e-02 2.3e+00 6.05e-01  4e-01  4e-01 3:02.5
   22    176 7.221164381734257e-03 2.7e+00 4.36e-01  3e-01  3e-01 3:20.7
   24    192 1.477641487960601e-02 3.5e+00 3.64e-01  2e-01  3e-01 3:38.8
   26    208 1.490830059389192e-02 3.7e+00 2.62e-01  1e-01  2e-01 3:57.0
   28    224 1.355106783047355e-02 4.8e+00 2.29e-01  1e-01  2e-01 4:15.4
   31    248 1.117095565635373e-02 6.0e+00 1.76e-01  8e-02  1e-01 4:42.4
   34    272 1.132408533362594e-02 7.2e+00 1.67e-01  7e-02  1e-01 5:09.5
   37    296 1.102133168495534e-02 8.0e+00 1.82e-01  8e-02  1e-01 5:37.3
   40    320 7.185853514004137e-03 1.2e+01 2.48e-01  1e-01  2e-01 6:06.1
   43    344 3.921066791372496e-03 1.5e+01 2.62e-01  1e-01  2e-01 6:33.0
   44    352 2.904295521832800e-05 1.6e+01 2.45e-01  1e-01  2e-01 6:41.7
termination on ftarget=0.0005
final/bestever f-value = 2.904296e-05 2.904296e-05
incumbent solution: [1.421440950677281, 8.709505090137043, 1.3447435697673713, 6.700408677222187]
std deviation: [0.21770657147126787, 0.15451838931833928, 0.23249079725924246, 0.10129016474654266]
CMAEvolutionStrategyResult(xbest=array([1.28808965, 8.73645561, 1.47463111, 6.69259694]), fbest=2.9042955218328004e-05, evals_best=351, evaluations=352, iterations=44, xfavorite=array([1.42144095, 8.70950509, 1.34474357, 6.70040868]), stds=array([0.21770657, 0.15451839, 0.2324908 , 0.10129016]), stop={'ftarget': 0.0005})
8 10
(4_w,8)-aCMA-ES (mu_w=2.6,w_1=52%) in dimension 4 (seed=562848, Tue Jun 22 16:56:48 2021)
Iterat #Fevals   function value  axis ratio  sigma  min&max std  t[m:s]
    1      8 1.549727652950039e-02 1.0e+00 1.48e+00  1e+00  2e+00 0:09.0
    2     16 3.820572546770346e-01 1.3e+00 1.35e+00  1e+00  1e+00 0:17.8
    3     24 5.111363021009032e-01 1.2e+00 1.11e+00  9e-01  1e+00 0:27.3
    4     32 1.465535051642580e-01 1.3e+00 1.07e+00  8e-01  1e+00 0:36.5
    5     40 1.175348158846029e-01 1.4e+00 1.02e+00  8e-01  9e-01 0:45.9
    6     48 2.759728698908563e-01 1.5e+00 9.26e-01  7e-01  8e-01 0:55.1
    7     56 1.435278894639045e-01 1.7e+00 1.17e+00  9e-01  1e+00 1:04.7
    8     64 1.047671927512543e-01 2.3e+00 1.33e+00  1e+00  1e+00 1:13.6
    9     72 1.441501381649229e-01 2.6e+00 1.51e+00  1e+00  2e+00 1:22.4
   10     80 7.780050895366242e-02 2.9e+00 1.59e+00  1e+00  2e+00 1:31.6
   12     96 3.744620097179941e-01 3.6e+00 1.53e+00  1e+00  2e+00 1:49.6
   14    112 8.441090846806676e-02 3.9e+00 1.37e+00  1e+00  2e+00 2:07.5
   16    128 1.447039215654810e-01 5.1e+00 1.12e+00  1e+00  1e+00 2:25.5
   18    144 1.316657069409022e-02 5.5e+00 1.40e+00  1e+00  2e+00 2:43.9
   20    160 8.660340852683057e-02 6.9e+00 9.74e-01  7e-01  1e+00 3:02.4
   22    176 4.319420274129993e-02 6.9e+00 7.61e-01  5e-01  9e-01 3:20.0
   24    192 5.519213580922611e-02 6.5e+00 5.63e-01  4e-01  5e-01 3:38.3
   26    208 1.677037607299059e-02 5.8e+00 3.86e-01  2e-01  3e-01 3:56.0
   28    224 1.232427504651357e-02 6.5e+00 3.17e-01  2e-01  3e-01 4:14.3
   31    248 1.293163117248197e-02 6.1e+00 2.66e-01  1e-01  2e-01 4:41.3
   34    272 1.049477235536322e-02 6.0e+00 1.85e-01  8e-02  1e-01 5:08.8
   35    280 4.415748159203314e-04 6.5e+00 2.02e-01  9e-02  1e-01 5:17.9
termination on ftarget=0.0005
final/bestever f-value = 4.415748e-04 4.415748e-04
incumbent solution: [7.351006151605087, 3.464187056247205, -2.6545056689988535, -0.7877576942566772]
std deviation: [0.11670829762751704, 0.08639044380344947, 0.1320254248742689, 0.0907870502470273]
CMAEvolutionStrategyResult(xbest=array([ 7.28240187,  3.53638782, -2.55275898, -0.85914402]), fbest=0.00044157481592033143, evals_best=273, evaluations=280, iterations=35, xfavorite=array([ 7.35100615,  3.46418706, -2.65450567, -0.78775769]), stds=array([0.1167083 , 0.08639044, 0.13202542, 0.09078705]), stop={'ftarget': 0.0005})
9 10
(4_w,8)-aCMA-ES (mu_w=2.6,w_1=52%) in dimension 4 (seed=557511, Tue Jun 22 17:02:06 2021)
Iterat #Fevals   function value  axis ratio  sigma  min&max std  t[m:s]
    1      8 2.182967446330765e-01 1.0e+00 1.30e+00  1e+00  1e+00 0:09.1
    2     16 2.625266957279425e-01 1.3e+00 1.05e+00  9e-01  1e+00 0:19.3
    3     24 1.120720429442731e-01 1.4e+00 9.53e-01  7e-01  9e-01 0:28.3
    4     32 5.647559758195175e-02 1.4e+00 8.54e-01  6e-01  8e-01 0:38.0
    5     40 1.135168381255304e-01 1.6e+00 8.05e-01  6e-01  8e-01 0:46.8
    6     48 6.073208016803411e-02 1.6e+00 6.68e-01  4e-01  6e-01 0:55.8
    7     56 2.632780404534396e-02 1.8e+00 6.02e-01  4e-01  6e-01 1:05.0
    8     64 1.415178206066947e-02 2.0e+00 5.43e-01  3e-01  5e-01 1:13.9
    9     72 3.432533824670958e-02 2.4e+00 4.44e-01  2e-01  4e-01 1:23.1
   11     88 2.354540634661562e-02 2.4e+00 4.22e-01  2e-01  4e-01 1:41.1
   13    104 2.977321375777431e-02 2.4e+00 3.57e-01  2e-01  3e-01 1:58.8
   15    120 1.093904748319563e-02 2.4e+00 2.54e-01  1e-01  2e-01 2:16.9
   17    136 1.148958779847309e-02 3.4e+00 2.51e-01  1e-01  3e-01 2:35.3
   19    152 1.492353031280369e-02 4.3e+00 2.33e-01  9e-02  3e-01 2:53.5
   21    168 6.266198021353087e-03 4.3e+00 1.71e-01  6e-02  2e-01 3:11.6
   23    184 1.031007428779851e-02 4.1e+00 1.79e-01  6e-02  2e-01 3:29.3
   25    200 1.165226718397472e-02 3.8e+00 1.45e-01  4e-02  1e-01 3:47.8
   27    216 1.654914691481957e-02 4.2e+00 1.74e-01  5e-02  2e-01 4:05.4
   29    232 8.051226081871143e-03 4.3e+00 1.69e-01  5e-02  1e-01 4:23.5
   32    256 7.083229703526817e-03 5.6e+00 1.38e-01  3e-02  1e-01 4:50.6
   35    280 1.550885977821903e-02 6.2e+00 1.56e-01  4e-02  1e-01 5:18.3
   38    304 5.384471509516930e-03 6.9e+00 2.05e-01  6e-02  2e-01 5:45.3
   41    328 9.054138263245526e-03 7.0e+00 1.51e-01  4e-02  1e-01 6:12.7
   44    352 1.140502660732778e-02 8.4e+00 1.54e-01  3e-02  1e-01 6:40.2
   47    376 1.264498000598724e-02 9.2e+00 1.60e-01  3e-02  9e-02 7:07.4
   50    400 6.751013323506139e-03 1.0e+01 1.52e-01  3e-02  9e-02 7:35.8
   53    424 1.452476398242342e-02 1.2e+01 1.42e-01  3e-02  7e-02 8:03.1
   57    456 1.150009768617200e-02 9.7e+00 1.64e-01  3e-02  8e-02 8:38.6
   61    488 1.354090361292215e-02 1.1e+01 1.54e-01  3e-02  9e-02 9:14.7
   65    520 1.647435684063969e-02 1.3e+01 1.89e-01  3e-02  1e-01 9:50.9
   69    552 1.255441309553906e-02 1.1e+01 1.42e-01  2e-02  7e-02 10:27.7
   73    584 1.442931617271181e-02 8.7e+00 9.28e-02  1e-02  3e-02 11:03.5
   77    616 1.611001698402081e-02 9.8e+00 8.90e-02  1e-02  4e-02 11:39.4
   81    648 6.813489574321041e-03 1.1e+01 6.01e-02  7e-03  2e-02 12:14.9
   85    680 1.084659069490324e-02 1.2e+01 5.63e-02  7e-03  2e-02 12:50.7
   89    712 1.843466481973288e-02 2.1e+01 7.38e-02  1e-02  4e-02 13:25.8
   94    752 7.208341445233302e-03 2.7e+01 7.32e-02  1e-02  3e-02 14:09.9
   99    792 1.306367358008664e-02 2.4e+01 1.79e-01  2e-02  6e-02 14:54.9
  100    800 9.367580626889360e-03 2.2e+01 2.13e-01  2e-02  7e-02 15:03.8
  105    840 1.634689908769948e-02 1.8e+01 3.78e-01  4e-02  1e-01 15:49.2
  110    880 9.694941916430722e-03 1.7e+01 2.21e-01  2e-02  6e-02 16:35.3
  115    920 1.367880270509636e-02 2.2e+01 2.48e-01  2e-02  7e-02 17:20.8
  120    960 1.209836967078282e-02 1.7e+01 3.51e-01  3e-02  1e-01 18:05.8
  125   1000 1.013608397676236e-02 1.8e+01 2.60e-01  2e-02  8e-02 18:50.2
  130   1040 3.925577602902020e-03 1.9e+01 2.23e-01  1e-02  6e-02 19:35.3
  135   1080 1.501900577124848e-02 2.4e+01 2.53e-01  2e-02  9e-02 20:20.8
  141   1128 1.235622615607701e-02 4.8e+01 3.17e-01  3e-02  1e-01 21:15.8
  147   1176 1.453826885015064e-02 4.3e+01 1.72e-01  1e-02  6e-02 22:10.4
  153   1224 6.447929074357317e-03 5.0e+01 2.03e-01  1e-02  8e-02 23:05.1
  159   1272 1.467127404675206e-02 5.1e+01 1.92e-01  1e-02  6e-02 23:59.9
  165   1320 1.399056571531199e-02 1.1e+02 2.63e-01  2e-02  9e-02 24:54.1
  171   1368 9.604374785178948e-03 1.5e+02 1.69e-01  2e-02  8e-02 25:48.4
  177   1416 1.585069821627538e-02 1.3e+02 2.25e-01  3e-02  1e-01 26:42.4
  183   1464 1.331913951006447e-02 1.2e+02 2.62e-01  2e-02  1e-01 27:36.9
  189   1512 1.175759631339379e-02 1.3e+02 2.75e-01  2e-02  1e-01 28:32.0
  195   1560 2.213135145908740e-02 1.4e+02 1.99e-01  2e-02  8e-02 29:27.0
  200   1600 1.685094165099721e-02 1.3e+02 1.82e-01  1e-02  6e-02 30:12.3
  207   1656 1.507837472514195e-02 1.7e+02 1.70e-01  1e-02  6e-02 31:16.3
  214   1712 1.375568453369935e-02 1.5e+02 2.85e-01  1e-02  8e-02 32:19.8
  221   1768 1.777823801093992e-02 1.5e+02 3.54e-01  2e-02  8e-02 33:24.0
  228   1824 1.551723051613341e-02 1.3e+02 5.51e-01  2e-02  1e-01 34:27.7
  235   1880 1.076001520441638e-02 1.6e+02 3.48e-01  1e-02  6e-02 35:31.4
  242   1936 1.038045669178322e-02 2.3e+02 3.77e-01  1e-02  7e-02 36:33.7
  250   2000 1.470781815681532e-02 2.4e+02 3.42e-01  1e-02  7e-02 37:45.3
  258   2064 1.801518642588951e-02 2.9e+02 2.67e-01  8e-03  4e-02 38:56.8
  266   2128 1.268932853262195e-02 2.8e+02 1.89e-01  4e-03  2e-02 40:09.3
  274   2192 1.157659876698525e-02 3.5e+02 2.14e-01  5e-03  3e-02 41:21.2
  282   2256 2.395497119225043e-03 3.6e+02 3.16e-01  6e-03  3e-02 42:34.1
  290   2320 1.056704598566138e-02 2.9e+02 1.49e-01  2e-03  1e-02 43:47.3
  293   2344 4.743010929071367e-04 2.0e+02 1.91e-01  2e-03  1e-02 44:14.3
termination on ftarget=0.0005
final/bestever f-value = 4.743011e-04 4.743011e-04
incumbent solution: [4.882290195353751, 2.765420611004617, 5.23046842464605, 2.3564646172523873]
std deviation: [0.002293660375945444, 0.004425908045389455, 0.012009624695114386, 0.0057234640911391944]
CMAEvolutionStrategyResult(xbest=array([4.88246879, 2.76495864, 5.23100988, 2.35740972]), fbest=0.00047430109290713673, evals_best=2344, evaluations=2344, iterations=293, xfavorite=array([4.8822902 , 2.76542061, 5.23046842, 2.35646462]), stds=array([0.00229366, 0.00442591, 0.01200962, 0.00572346]), stop={'ftarget': 0.0005})
