8192
0 10
(4_w,8)-aCMA-ES (mu_w=2.6,w_1=52%) in dimension 4 (seed=473215, Tue Jun 22 15:45:53 2021)
circuitVTD.py:347: DeprecationWarning: The QuantumCircuit.__add__() method is being deprecated.Use the compose() method which is more flexible w.r.t circuit register compatibility.
  TrotterFixStepList.append(TrotterFixStepList[-1] + U_trot)
/home/nfb1/.local/lib/python3.7/site-packages/qiskit/circuit/quantumcircuit.py:869: DeprecationWarning: The QuantumCircuit.combine() method is being deprecated. Use the compose() method which is more flexible w.r.t circuit register compatibility.
  return self.combine(rhs)
Iterat #Fevals   function value  axis ratio  sigma  min&max std  t[m:s]
    1      8 2.773642687613950e-01 1.0e+00 1.58e+00  1e+00  2e+00 0:06.8
    2     16 2.417795279882216e-01 1.4e+00 1.48e+00  1e+00  2e+00 0:13.4
    3     24 2.395103268615080e-01 1.5e+00 1.22e+00  1e+00  1e+00 0:20.2
    4     32 1.714953095254167e-01 1.5e+00 1.12e+00  9e-01  1e+00 0:27.1
    5     40 1.784218351938907e-01 1.7e+00 1.05e+00  9e-01  1e+00 0:33.9
    6     48 1.207328692271294e-01 1.7e+00 9.42e-01  7e-01  8e-01 0:40.4
    7     56 1.352028105241226e-01 1.8e+00 8.18e-01  6e-01  7e-01 0:47.3
    9     72 1.401056825194937e-01 2.2e+00 1.09e+00  8e-01  1e+00 1:00.8
   11     88 1.930452940286765e-01 2.9e+00 8.71e-01  6e-01  8e-01 1:14.0
   13    104 9.180907504406555e-02 2.9e+00 6.65e-01  4e-01  6e-01 1:27.3
   15    120 5.378980630204444e-02 3.2e+00 7.86e-01  5e-01  6e-01 1:40.8
   17    136 2.105409197452690e-02 2.5e+00 5.60e-01  3e-01  4e-01 1:54.3
   19    152 7.660747504790177e-03 1.9e+00 4.18e-01  2e-01  3e-01 2:07.9
   21    168 3.361345130328119e-02 2.1e+00 4.26e-01  2e-01  3e-01 2:21.1
   24    192 2.650244526019918e-03 2.6e+00 3.40e-01  1e-01  2e-01 2:41.9
   25    200 2.705805828784325e-04 2.8e+00 2.97e-01  1e-01  2e-01 2:48.8
termination on ftarget=0.0005
final/bestever f-value = 2.705806e-04 2.705806e-04
incumbent solution: [8.17438050152676, 1.210804013248224, 6.723733170767517, 1.3320175933888772]
std deviation: [0.14637336574166832, 0.12059135152654818, 0.1723366140669688, 0.15703107958411874]
CMAEvolutionStrategyResult(xbest=array([8.22530288, 1.23006708, 6.72711895, 1.43850086]), fbest=0.00027058058287843245, evals_best=193, evaluations=200, iterations=25, xfavorite=array([8.1743805 , 1.21080401, 6.72373317, 1.33201759]), stds=array([0.14637337, 0.12059135, 0.17233661, 0.15703108]), stop={'ftarget': 0.0005})
1 10
(4_w,8)-aCMA-ES (mu_w=2.6,w_1=52%) in dimension 4 (seed=582415, Tue Jun 22 15:48:41 2021)
Iterat #Fevals   function value  axis ratio  sigma  min&max std  t[m:s]
    1      8 3.696465124152399e-01 1.0e+00 1.29e+00  1e+00  1e+00 0:08.0
    2     16 2.267420766816474e-01 1.3e+00 1.29e+00  1e+00  1e+00 0:15.9
    3     24 2.945311460984972e-01 1.5e+00 1.15e+00  9e-01  1e+00 0:23.8
    4     32 7.963702896302993e-02 1.8e+00 1.19e+00  1e+00  1e+00 0:31.7
    5     40 5.567872296916476e-02 2.1e+00 1.01e+00  8e-01  1e+00 0:39.4
    6     48 1.114438601167540e-01 2.0e+00 9.56e-01  6e-01  1e+00 0:47.5
    7     56 1.359640157116322e-01 1.9e+00 8.51e-01  5e-01  8e-01 0:55.5
    8     64 5.512907603101569e-02 1.8e+00 7.93e-01  5e-01  7e-01 1:03.5
    9     72 4.272161613596237e-02 1.9e+00 7.53e-01  5e-01  7e-01 1:11.5
   11     88 3.419501484218135e-02 2.0e+00 6.61e-01  4e-01  6e-01 1:27.8
   13    104 2.232090513381058e-02 2.3e+00 5.18e-01  3e-01  5e-01 1:44.0
   15    120 2.031557272466278e-02 2.6e+00 5.44e-01  3e-01  5e-01 2:00.2
   17    136 1.920847106499646e-02 2.7e+00 3.64e-01  1e-01  3e-01 2:16.7
   19    152 1.005017203724767e-02 2.8e+00 2.70e-01  1e-01  2e-01 2:32.5
   21    168 1.474811242301066e-02 2.8e+00 2.18e-01  7e-02  1e-01 2:48.2
   23    184 1.821566030994737e-02 2.9e+00 2.36e-01  9e-02  1e-01 3:04.4
   26    208 9.412168442913149e-03 3.1e+00 1.84e-01  6e-02  1e-01 3:28.5
   29    232 6.780294925366803e-03 4.2e+00 1.62e-01  6e-02  9e-02 3:52.4
   32    256 2.395469113646631e-03 3.3e+00 1.76e-01  6e-02  9e-02 4:17.3
   35    280 8.466975809437005e-03 3.6e+00 1.30e-01  4e-02  6e-02 4:41.7
   38    304 4.694957011482370e-03 4.2e+00 1.10e-01  3e-02  5e-02 5:06.3
   41    328 1.411514176332829e-02 3.5e+00 1.42e-01  4e-02  6e-02 5:30.9
   44    352 1.120154000600826e-02 4.5e+00 1.15e-01  2e-02  6e-02 5:54.7
   47    376 7.947413159967276e-03 4.4e+00 1.39e-01  4e-02  8e-02 6:19.2
   50    400 1.274822667791553e-03 6.7e+00 1.34e-01  4e-02  7e-02 6:43.4
   54    432 1.843088437342089e-02 4.8e+00 1.37e-01  4e-02  6e-02 7:15.4
   58    464 6.516587546519736e-03 5.0e+00 1.32e-01  4e-02  7e-02 7:47.1
   62    496 1.079970338268610e-02 7.0e+00 9.74e-02  3e-02  5e-02 8:19.7
   66    528 1.024100400270489e-02 8.1e+00 7.68e-02  2e-02  4e-02 8:52.0
   70    560 1.482908791063131e-02 8.9e+00 5.73e-02  1e-02  2e-02 9:24.6
   74    592 1.182042849536358e-02 8.2e+00 5.70e-02  1e-02  2e-02 9:56.7
   78    624 1.866889019284779e-03 9.8e+00 6.22e-02  1e-02  2e-02 10:28.9
   82    656 5.931883092867296e-03 1.3e+01 6.34e-02  1e-02  3e-02 11:01.2
   87    696 9.197696565916846e-04 1.7e+01 6.08e-02  9e-03  2e-02 11:41.6
   92    736 2.185342622970210e-03 2.3e+01 8.26e-02  1e-02  3e-02 12:21.6
   97    776 1.620510205154746e-03 2.0e+01 6.16e-02  1e-02  2e-02 13:01.9
  100    800 3.823667939717446e-03 2.3e+01 6.98e-02  1e-02  3e-02 13:25.9
  105    840 4.338512130449224e-03 2.5e+01 6.49e-02  1e-02  2e-02 14:07.4
  110    880 1.208972895282634e-02 3.4e+01 8.24e-02  1e-02  3e-02 14:48.6
  115    920 7.741235283876158e-03 4.1e+01 1.66e-01  4e-02  7e-02 15:31.0
  121    968 4.634325385979521e-03 4.9e+01 1.34e-01  3e-02  5e-02 16:19.1
  127   1016 4.742462053497265e-03 5.3e+01 1.04e-01  2e-02  4e-02 17:07.5
  133   1064 1.511242586830486e-02 6.4e+01 1.18e-01  2e-02  4e-02 17:55.1
  139   1112 3.168979064119948e-03 7.3e+01 1.30e-01  2e-02  5e-02 18:44.6
  145   1160 1.076554599905544e-02 7.9e+01 1.16e-01  1e-02  4e-02 19:33.5
  151   1208 6.733849016340221e-03 8.3e+01 8.02e-02  8e-03  3e-02 20:21.4
  157   1256 6.137116327987302e-03 8.4e+01 7.23e-02  7e-03  2e-02 21:09.2
  163   1304 4.911902835148418e-03 1.1e+02 3.61e-02  2e-03  9e-03 21:57.4
  169   1352 2.193334481030651e-03 1.0e+02 3.94e-02  3e-03  9e-03 22:45.7
  176   1408 6.515472242782483e-03 1.3e+02 3.49e-02  2e-03  9e-03 23:43.0
  183   1464 7.721176935305829e-04 1.4e+02 3.50e-02  2e-03  9e-03 24:39.5
  186   1488 6.893044967604123e-05 1.4e+02 3.64e-02  2e-03  1e-02 25:03.8
termination on ftarget=0.0005
final/bestever f-value = 6.893045e-05 6.893045e-05
incumbent solution: [2.4043227689671993, 2.973454108620844, 6.8951824881443775, 2.625148203160121]
std deviation: [0.002388418559053864, 0.009983828782905877, 0.00943292831095424, 0.007682946878602043]
CMAEvolutionStrategyResult(xbest=array([2.4043353 , 2.97120961, 6.89682479, 2.62736795]), fbest=6.893044967604123e-05, evals_best=1481, evaluations=1488, iterations=186, xfavorite=array([2.40432277, 2.97345411, 6.89518249, 2.6251482 ]), stds=array([0.00238842, 0.00998383, 0.00943293, 0.00768295]), stop={'ftarget': 0.0005})
2 10
(4_w,8)-aCMA-ES (mu_w=2.6,w_1=52%) in dimension 4 (seed=572326, Tue Jun 22 16:13:45 2021)
Iterat #Fevals   function value  axis ratio  sigma  min&max std  t[m:s]
    1      8 4.820245853573784e-01 1.0e+00 1.77e+00  2e+00  2e+00 0:08.3
    2     16 6.126669437688138e-01 1.5e+00 1.91e+00  2e+00  2e+00 0:16.2
    3     24 3.476176524004508e-01 1.6e+00 2.09e+00  2e+00  2e+00 0:24.5
    4     32 1.327608267740279e-01 1.7e+00 2.27e+00  2e+00  3e+00 0:32.7
    5     40 4.204730592808485e-01 1.7e+00 2.43e+00  2e+00  3e+00 0:40.8
    6     48 4.629206763422271e-01 1.7e+00 2.50e+00  2e+00  3e+00 0:48.5
    7     56 2.529969043082029e-01 1.6e+00 2.57e+00  2e+00  3e+00 0:56.5
    8     64 1.055811363243392e-01 2.0e+00 2.41e+00  2e+00  3e+00 1:04.5
   10     80 1.407482687210569e-01 2.6e+00 2.31e+00  2e+00  3e+00 1:20.4
   12     96 1.414176975745909e-01 3.1e+00 2.02e+00  1e+00  3e+00 1:36.9
   14    112 1.392938627596755e-01 3.4e+00 1.82e+00  1e+00  3e+00 1:53.3
   16    128 3.459618964732084e-01 4.7e+00 2.02e+00  9e-01  3e+00 2:09.3
   18    144 6.834037037931113e-01 5.2e+00 1.82e+00  9e-01  3e+00 2:25.1
   20    160 2.588085464536408e-01 4.6e+00 1.79e+00  9e-01  3e+00 2:41.1
   22    176 6.217812188436791e-01 5.1e+00 1.73e+00  7e-01  3e+00 2:57.4
   24    192 1.246992394878874e-01 5.9e+00 1.44e+00  6e-01  2e+00 3:13.4
   26    208 1.038407742527281e-01 6.9e+00 1.42e+00  5e-01  3e+00 3:29.8
   29    232 2.000185350917244e-01 6.5e+00 1.33e+00  4e-01  2e+00 3:53.5
   32    256 2.250832793755363e-01 5.6e+00 1.55e+00  6e-01  2e+00 4:17.3
   35    280 9.145992215311594e-02 4.9e+00 1.54e+00  6e-01  2e+00 4:41.2
   38    304 1.119694974793961e-02 3.9e+00 1.05e+00  4e-01  1e+00 5:04.9
   41    328 1.247249207352663e-02 4.7e+00 1.04e+00  3e-01  1e+00 5:28.6
   44    352 3.153532904331247e-02 4.5e+00 8.80e-01  3e-01  9e-01 5:52.3
   47    376 1.487734380891259e-02 5.3e+00 5.51e-01  1e-01  5e-01 6:16.6
   48    384 1.154484895202756e-04 4.9e+00 4.93e-01  1e-01  4e-01 6:24.4
termination on ftarget=0.0005
final/bestever f-value = 1.154485e-04 1.154485e-04
incumbent solution: [-2.1544414152844813, 7.977011537995622, -8.87820765643181, 2.34262585129416]
std deviation: [0.1642906871316741, 0.21161176071596305, 0.4005675513750399, 0.12087764386206484]
CMAEvolutionStrategyResult(xbest=array([-2.15177395,  7.86603183, -8.76135731,  2.39510266]), fbest=0.00011544848952027564, evals_best=382, evaluations=384, iterations=48, xfavorite=array([-2.15444142,  7.97701154, -8.87820766,  2.34262585]), stds=array([0.16429069, 0.21161176, 0.40056755, 0.12087764]), stop={'ftarget': 0.0005})
3 10
(4_w,8)-aCMA-ES (mu_w=2.6,w_1=52%) in dimension 4 (seed=451944, Tue Jun 22 16:20:10 2021)
Iterat #Fevals   function value  axis ratio  sigma  min&max std  t[m:s]
    1      8 3.233737856680344e-01 1.0e+00 1.39e+00  1e+00  1e+00 0:08.2
    2     16 1.659587594999082e-01 1.3e+00 1.27e+00  1e+00  1e+00 0:16.4
    3     24 3.199023497039463e-01 1.5e+00 1.20e+00  1e+00  1e+00 0:24.2
    4     32 1.233918801335726e-01 1.8e+00 1.10e+00  9e-01  1e+00 0:32.1
    5     40 2.213963951284413e-01 2.0e+00 1.05e+00  8e-01  1e+00 0:40.2
    6     48 6.769539399296809e-02 2.3e+00 1.19e+00  9e-01  2e+00 0:48.3
    7     56 8.073830489151845e-02 3.5e+00 1.23e+00  9e-01  2e+00 0:56.4
    8     64 8.400040885448046e-02 3.6e+00 1.22e+00  1e+00  1e+00 1:04.9
   10     80 3.889836966021942e-01 3.5e+00 1.26e+00  9e-01  1e+00 1:21.0
   12     96 6.020538795209573e-02 3.6e+00 1.04e+00  7e-01  1e+00 1:37.1
   14    112 6.818233960211706e-02 4.1e+00 8.46e-01  6e-01  9e-01 1:53.6
   16    128 6.019412106024347e-02 4.7e+00 8.09e-01  6e-01  8e-01 2:10.1
   18    144 1.426414320570357e-02 6.0e+00 6.70e-01  5e-01  7e-01 2:26.2
   20    160 2.673537995790642e-02 6.2e+00 4.84e-01  3e-01  5e-01 2:42.4
   22    176 2.606199441839652e-02 7.5e+00 3.80e-01  2e-01  4e-01 2:58.6
   24    192 1.564403489725408e-02 8.5e+00 2.66e-01  2e-01  3e-01 3:14.6
   26    208 2.063227960195624e-02 8.8e+00 2.76e-01  2e-01  2e-01 3:30.7
   29    232 1.826422348863455e-02 8.2e+00 2.90e-01  2e-01  2e-01 3:54.9
   32    256 2.732048544922105e-02 7.8e+00 2.42e-01  1e-01  2e-01 4:18.9
   35    280 2.347258579499167e-02 8.1e+00 2.30e-01  1e-01  1e-01 4:43.5
   38    304 2.860346102556921e-02 7.7e+00 2.68e-01  1e-01  2e-01 5:08.0
   41    328 1.961080317097519e-02 8.9e+00 2.49e-01  1e-01  1e-01 5:32.5
   44    352 2.039162938041261e-02 8.5e+00 3.27e-01  1e-01  2e-01 5:57.1
   47    376 1.625699364210742e-02 9.8e+00 2.68e-01  1e-01  2e-01 6:21.3
   50    400 1.798084199931171e-02 1.1e+01 3.24e-01  1e-01  2e-01 6:45.9
   53    424 2.465283492108439e-02 9.6e+00 4.91e-01  2e-01  3e-01 7:11.0
   57    456 1.911873904574901e-02 1.1e+01 4.95e-01  2e-01  3e-01 7:43.9
   61    488 1.846374481374125e-02 7.2e+00 3.75e-01  1e-01  2e-01 8:16.9
   65    520 2.617496463776114e-02 1.0e+01 4.02e-01  2e-01  2e-01 8:49.3
   69    552 8.700899834129139e-03 7.8e+00 4.42e-01  1e-01  2e-01 9:22.2
   73    584 1.966094457149570e-02 6.8e+00 4.63e-01  1e-01  2e-01 9:54.7
   77    616 2.047876481705402e-02 5.7e+00 4.73e-01  1e-01  1e-01 10:27.1
   81    648 1.543125672736678e-02 6.8e+00 3.85e-01  8e-02  1e-01 10:59.6
   86    688 9.141792013983796e-03 8.3e+00 1.97e-01  3e-02  6e-02 11:39.3
   91    728 1.873853927930413e-02 9.5e+00 1.13e-01  2e-02  3e-02 12:20.1
   96    768 1.909192605520094e-02 9.5e+00 1.13e-01  1e-02  3e-02 13:00.4
  100    800 7.511179685849911e-03 1.0e+01 2.17e-01  2e-02  7e-02 13:32.3
  105    840 1.479766911901192e-02 1.2e+01 2.26e-01  2e-02  7e-02 14:14.4
  110    880 1.917533017454676e-02 1.2e+01 1.93e-01  2e-02  6e-02 14:55.0
  115    920 1.928644624183373e-02 1.7e+01 1.43e-01  1e-02  3e-02 15:36.1
  120    960 1.471431364307130e-02 1.1e+01 1.06e-01  8e-03  2e-02 16:17.7
  126   1008 2.276175041612949e-02 9.5e+00 1.10e-01  7e-03  2e-02 17:06.1
  132   1056 1.371259330079111e-02 1.2e+01 1.50e-01  1e-02  3e-02 17:55.4
  138   1104 1.172405104308838e-02 1.1e+01 2.97e-01  3e-02  5e-02 18:44.4
  144   1152 1.591984389253298e-02 1.4e+01 2.81e-01  3e-02  5e-02 19:33.0
  150   1200 2.396079412073004e-02 2.7e+01 4.74e-01  4e-02  1e-01 20:23.6
  156   1248 1.900279252589598e-02 2.0e+01 6.76e-01  6e-02  1e-01 21:13.1
  162   1296 1.870993848274649e-02 1.3e+01 4.49e-01  3e-02  7e-02 22:03.0
  168   1344 1.480496308668722e-02 1.4e+01 4.34e-01  3e-02  5e-02 22:51.9
  175   1400 1.336078172506039e-02 1.4e+01 3.85e-01  2e-02  4e-02 23:48.9
  182   1456 1.526132545532788e-02 2.7e+01 3.50e-01  2e-02  4e-02 24:47.0
  189   1512 2.020874354609747e-02 3.1e+01 2.57e-01  2e-02  3e-02 25:44.2
  196   1568 1.490515622725952e-02 3.8e+01 2.93e-01  1e-02  3e-02 26:41.1
  200   1600 1.997110845115102e-02 3.3e+01 2.97e-01  1e-02  2e-02 27:13.9
  207   1656 2.238318861621380e-02 2.8e+01 3.64e-01  1e-02  2e-02 28:11.3
  214   1712 1.067458994397386e-02 4.0e+01 3.86e-01  1e-02  3e-02 29:09.8
  221   1768 2.062233111401868e-02 4.2e+01 1.93e-01  4e-03  1e-02 30:07.5
  228   1824 9.988398042339641e-03 4.4e+01 1.73e-01  4e-03  9e-03 31:05.2
  236   1888 1.867585351952483e-02 6.8e+01 4.33e-01  1e-02  2e-02 32:11.6
  243   1944 1.091739976385597e-02 1.1e+02 6.36e-01  3e-02  4e-02 33:11.6
  251   2008 1.496209239382551e-02 7.6e+01 7.90e-01  4e-02  5e-02 34:16.5
  259   2072 1.454004868733805e-02 6.7e+01 7.13e-01  3e-02  4e-02 35:22.4
  267   2136 1.082735800995793e-02 5.4e+01 8.59e-01  2e-02  3e-02 36:28.3
  275   2200 2.977439859028541e-03 5.7e+01 5.65e-01  1e-02  2e-02 37:35.5
  283   2264 2.184432370139366e-02 8.8e+01 5.10e-01  1e-02  2e-02 38:43.3
  292   2336 2.121006103889356e-02 1.1e+02 4.15e-01  1e-02  1e-02 39:56.4
  300   2400 1.243936542912027e-02 1.6e+02 6.95e-01  2e-02  3e-02 41:00.8
termination on maxiter=300
final/bestever f-value = 1.243937e-02 1.608116e-03
incumbent solution: [5.152058451856878, 1.0768750505798024, 2.6018419101336305, 3.757744025356292]
std deviation: [0.02166868666382131, 0.029680821602305372, 0.02883433196295907, 0.021846712931301228]
CMAEvolutionStrategyResult(xbest=array([5.23313224, 1.16278702, 2.51259483, 3.70140136]), fbest=0.001608115719529124, evals_best=2074, evaluations=2400, iterations=300, xfavorite=array([5.15205845, 1.07687505, 2.60184191, 3.75774403]), stds=array([0.02166869, 0.02968082, 0.02883433, 0.02184671]), stop={'maxiter': 300})
4 10
(4_w,8)-aCMA-ES (mu_w=2.6,w_1=52%) in dimension 4 (seed=519990, Tue Jun 22 17:01:11 2021)
Iterat #Fevals   function value  axis ratio  sigma  min&max std  t[m:s]
    1      8 1.376358313629320e-01 1.0e+00 1.92e+00  2e+00  2e+00 0:08.0
    2     16 1.926325071302030e-01 1.3e+00 1.99e+00  2e+00  2e+00 0:16.3
    3     24 2.452247452457982e-01 1.4e+00 1.89e+00  1e+00  2e+00 0:24.5
    4     32 3.948052958080646e-01 1.5e+00 2.51e+00  2e+00  3e+00 0:32.7
    5     40 3.075355754862179e-01 1.7e+00 2.12e+00  1e+00  3e+00 0:40.9
    6     48 1.631578782786095e-01 2.1e+00 2.19e+00  1e+00  3e+00 0:49.4
    7     56 1.860366672120445e-01 2.3e+00 2.10e+00  1e+00  2e+00 0:57.6
    8     64 4.621139259238383e-01 2.3e+00 1.81e+00  1e+00  2e+00 1:05.8
   10     80 1.554005729978806e-01 1.8e+00 1.70e+00  1e+00  2e+00 1:21.9
   12     96 2.730175226365374e-01 2.1e+00 1.38e+00  8e-01  1e+00 1:38.3
   14    112 1.908657911001986e-01 2.6e+00 1.13e+00  5e-01  1e+00 1:54.8
   16    128 4.617095485727418e-02 3.4e+00 1.17e+00  5e-01  1e+00 2:11.5
   18    144 3.585346880723284e-02 4.1e+00 1.04e+00  4e-01  1e+00 2:27.7
   20    160 5.856114392484835e-02 4.5e+00 7.86e-01  3e-01  8e-01 2:43.9
   22    176 4.353974068345712e-02 5.2e+00 7.73e-01  2e-01  8e-01 3:00.1
   24    192 3.435525769955139e-02 5.0e+00 6.14e-01  2e-01  6e-01 3:18.1
   26    208 1.229702399153931e-02 4.7e+00 5.13e-01  1e-01  4e-01 3:34.7
   29    232 1.425900448682427e-02 4.8e+00 3.80e-01  9e-02  3e-01 3:59.7
   32    256 1.055547099608534e-03 5.8e+00 2.93e-01  6e-02  2e-01 4:24.3
   35    280 1.849017404554676e-02 4.3e+00 3.04e-01  6e-02  2e-01 4:49.4
   38    304 1.028454651734112e-02 5.4e+00 2.58e-01  5e-02  1e-01 5:13.6
   41    328 1.226077331912334e-02 5.3e+00 1.93e-01  3e-02  1e-01 5:37.5
   44    352 1.246688489688375e-02 7.2e+00 1.83e-01  3e-02  1e-01 6:02.0
   47    376 3.167163351958324e-03 8.0e+00 1.77e-01  2e-02  9e-02 6:26.5
   48    384 4.219945091514798e-04 8.0e+00 1.81e-01  2e-02  1e-01 6:34.5
termination on ftarget=0.0005
final/bestever f-value = 4.219945e-04 4.219945e-04
incumbent solution: [-4.829632479126509, 7.178737942512321, -1.2710359467369854, -2.4885567829465423]
std deviation: [0.09692894271525108, 0.06185558046346154, 0.024284503454826915, 0.08621043254746616]
CMAEvolutionStrategyResult(xbest=array([-4.82322167,  7.18202634, -1.27907282, -2.4697274 ]), fbest=0.00042199450915147985, evals_best=383, evaluations=384, iterations=48, xfavorite=array([-4.82963248,  7.17873794, -1.27103595, -2.48855678]), stds=array([0.09692894, 0.06185558, 0.0242845 , 0.08621043]), stop={'ftarget': 0.0005})
5 10
(4_w,8)-aCMA-ES (mu_w=2.6,w_1=52%) in dimension 4 (seed=527837, Tue Jun 22 17:07:45 2021)
Iterat #Fevals   function value  axis ratio  sigma  min&max std  t[m:s]
    1      8 4.539775023828774e-01 1.0e+00 1.58e+00  2e+00  2e+00 0:08.5
    2     16 2.295175941514980e-01 1.3e+00 1.81e+00  2e+00  2e+00 0:16.7
    3     24 2.458627121165891e-01 1.6e+00 1.74e+00  2e+00  2e+00 0:25.2
    4     32 4.594132198436548e-01 1.5e+00 1.98e+00  2e+00  2e+00 0:33.4
    5     40 1.319864285491923e-01 1.9e+00 2.04e+00  2e+00  3e+00 0:41.4
    6     48 8.969759938385991e-02 2.1e+00 2.05e+00  2e+00  3e+00 0:49.3
    7     56 3.690411098494394e-01 2.0e+00 1.72e+00  1e+00  2e+00 0:57.2
    8     64 3.448306667269346e-01 2.1e+00 1.66e+00  1e+00  2e+00 1:05.4
    9     72 2.383267410590553e-01 2.2e+00 1.64e+00  1e+00  2e+00 1:13.6
   11     88 1.869012251670953e-01 2.5e+00 1.48e+00  8e-01  2e+00 1:30.4
   13    104 3.612126198476093e-01 4.5e+00 1.76e+00  1e+00  3e+00 1:46.6
   15    120 4.001229135311170e-01 4.3e+00 1.66e+00  9e-01  2e+00 2:03.2
   17    136 2.958902314618002e-01 4.3e+00 2.77e+00  1e+00  4e+00 2:18.8
   19    152 6.377812147126286e-01 4.8e+00 6.52e+00  4e+00  1e+01 2:34.9
   21    168 1.395525241042478e-01 4.5e+00 7.72e+00  4e+00  1e+01 2:51.2
   23    184 1.322403529199550e-01 5.1e+00 5.86e+00  3e+00  9e+00 3:07.5
   26    208 1.160656063944031e-01 5.5e+00 3.58e+00  2e+00  5e+00 3:31.3
   29    232 1.961460771601964e-01 5.8e+00 3.34e+00  1e+00  4e+00 3:55.6
   32    256 3.557278471991751e-01 4.5e+00 2.47e+00  1e+00  2e+00 4:20.1
   35    280 6.331162085316455e-02 5.5e+00 2.91e+00  1e+00  3e+00 4:45.9
   38    304 7.868189260388569e-02 3.8e+00 2.15e+00  8e-01  2e+00 5:10.4
   41    328 7.183036133971321e-02 3.7e+00 1.29e+00  5e-01  9e-01 5:35.2
   44    352 1.637981745583015e-01 4.7e+00 1.81e+00  9e-01  1e+00 5:59.7
   47    376 4.790413347552114e-02 5.2e+00 1.26e+00  6e-01  7e-01 6:24.0
   50    400 1.222856777513359e-02 5.0e+00 8.48e-01  3e-01  4e-01 6:50.1
   54    432 2.380847221556859e-02 5.6e+00 4.71e-01  2e-01  2e-01 7:22.9
   58    464 2.171723251716073e-02 6.6e+00 3.91e-01  1e-01  2e-01 7:55.2
   62    496 2.211390077046682e-02 9.8e+00 6.44e-01  2e-01  3e-01 8:27.6
   66    528 1.573768951817989e-02 6.9e+00 6.17e-01  2e-01  3e-01 9:02.0
   70    560 1.602252655008263e-02 9.2e+00 5.23e-01  2e-01  3e-01 9:34.7
   74    592 1.731374294025623e-02 1.1e+01 4.51e-01  2e-01  3e-01 10:08.6
   78    624 2.049460485466770e-02 1.1e+01 5.02e-01  2e-01  3e-01 10:41.6
   82    656 6.603369530857162e-03 1.6e+01 3.28e-01  9e-02  2e-01 11:14.2
   87    696 1.823176437692986e-02 1.6e+01 4.93e-01  1e-01  3e-01 11:56.4
   92    736 1.264013005391251e-02 1.5e+01 6.17e-01  2e-01  4e-01 12:37.1
   97    776 1.744053307133009e-02 1.4e+01 7.24e-01  1e-01  4e-01 13:18.0
  100    800 1.766809269130065e-02 1.4e+01 5.65e-01  8e-02  3e-01 13:42.3
  105    840 9.926427149335670e-03 1.6e+01 4.89e-01  6e-02  2e-01 14:23.2
  110    880 1.081820574957648e-02 1.5e+01 4.32e-01  4e-02  2e-01 15:03.8
  115    920 6.087351942344887e-03 1.8e+01 5.97e-01  6e-02  2e-01 15:44.3
  120    960 1.843928571517783e-02 1.4e+01 6.65e-01  5e-02  2e-01 16:24.8
  126   1008 6.280424555472064e-03 1.3e+01 6.23e-01  4e-02  1e-01 17:14.3
  132   1056 7.205462172007904e-03 1.7e+01 4.97e-01  3e-02  1e-01 18:02.5
  138   1104 9.409263820432168e-03 1.6e+01 7.79e-01  4e-02  2e-01 18:51.6
  144   1152 7.671270768147109e-03 2.0e+01 9.65e-01  5e-02  3e-01 19:43.1
  150   1200 9.452292111827854e-03 2.2e+01 1.01e+00  5e-02  3e-01 20:32.2
  156   1248 1.644420081366815e-02 2.5e+01 7.16e-01  3e-02  2e-01 21:21.1
  162   1296 8.365072870325063e-03 3.0e+01 5.78e-01  2e-02  2e-01 22:09.8
  168   1344 1.463650059985866e-02 3.2e+01 5.82e-01  2e-02  2e-01 22:59.0
  174   1392 1.306130879618672e-02 2.9e+01 6.93e-01  2e-02  2e-01 23:48.3
  181   1448 1.508100695615966e-02 3.6e+01 9.42e-01  2e-02  2e-01 24:44.9
  186   1488 1.084144005951693e-04 4.7e+01 7.92e-01  2e-02  2e-01 25:26.2
termination on ftarget=0.0005
final/bestever f-value = 1.084144e-04 1.084144e-04
incumbent solution: [-1.8450560306264543, -7.097370760203401, 2.8189085403507756, -11.711425662181282]
std deviation: [0.18444625512064752, 0.020820147711958666, 0.1203302245255367, 0.04626166703531598]
CMAEvolutionStrategyResult(xbest=array([ -1.91463771,  -7.09366835,   2.84347814, -11.72434165]), fbest=0.00010841440059516927, evals_best=1484, evaluations=1488, iterations=186, xfavorite=array([ -1.84505603,  -7.09737076,   2.81890854, -11.71142566]), stds=array([0.18444626, 0.02082015, 0.12033022, 0.04626167]), stop={'ftarget': 0.0005})
6 10
(4_w,8)-aCMA-ES (mu_w=2.6,w_1=52%) in dimension 4 (seed=503318, Tue Jun 22 17:33:12 2021)
Iterat #Fevals   function value  axis ratio  sigma  min&max std  t[m:s]
    1      8 1.730577469912330e-01 1.0e+00 1.36e+00  1e+00  1e+00 0:08.0
    2     16 6.147439608611449e-02 1.2e+00 1.44e+00  1e+00  2e+00 0:16.3
    3     24 2.396428781689183e-01 1.5e+00 1.65e+00  1e+00  2e+00 0:24.3
    4     32 7.458927581069741e-02 1.8e+00 2.27e+00  2e+00  3e+00 0:32.2
    5     40 2.491598825430987e-01 2.2e+00 2.96e+00  2e+00  4e+00 0:40.3
    6     48 3.520044377628985e-01 2.0e+00 3.39e+00  3e+00  4e+00 0:48.4
    7     56 6.790248885679542e-01 2.1e+00 2.96e+00  2e+00  4e+00 0:56.3
    8     64 2.788779118996833e-01 2.1e+00 2.93e+00  2e+00  4e+00 1:04.4
    9     72 3.037762845102824e-01 2.2e+00 2.75e+00  2e+00  3e+00 1:12.7
   11     88 1.314965202329389e-01 2.3e+00 2.68e+00  2e+00  4e+00 1:28.5
   13    104 3.943184272547021e-01 3.4e+00 2.86e+00  2e+00  4e+00 1:45.2
   15    120 3.193140193347168e-01 4.0e+00 2.88e+00  2e+00  4e+00 2:01.3
   17    136 2.656899833525642e-01 5.5e+00 2.66e+00  2e+00  4e+00 2:17.6
   19    152 2.189609587077961e-01 7.6e+00 2.05e+00  1e+00  3e+00 2:35.1
   21    168 9.417910400380858e-02 9.3e+00 1.72e+00  1e+00  2e+00 2:52.5
   23    184 1.463656379973932e-02 1.0e+01 1.58e+00  1e+00  2e+00 3:09.3
   25    200 6.467045390009418e-02 9.4e+00 1.13e+00  6e-01  1e+00 3:25.9
   28    224 2.684501804880446e-02 9.1e+00 1.05e+00  5e-01  1e+00 3:50.1
   31    248 2.821390433582471e-02 8.7e+00 8.71e-01  3e-01  8e-01 4:15.0
   34    272 7.067523715013735e-03 7.5e+00 5.66e-01  2e-01  4e-01 4:39.8
   37    296 2.108473581968973e-03 7.0e+00 4.89e-01  1e-01  4e-01 5:04.5
   40    320 2.687815225277612e-03 9.1e+00 3.79e-01  9e-02  3e-01 5:29.3
   43    344 8.119417700982345e-03 1.0e+01 2.82e-01  5e-02  2e-01 5:53.9
   44    352 4.123286939143878e-04 9.9e+00 2.44e-01  4e-02  2e-01 6:01.8
termination on ftarget=0.0005
final/bestever f-value = 4.123287e-04 4.123287e-04
incumbent solution: [0.5116939348080938, -2.1179421953824273, -4.882450916398628, -2.8257986089862315]
std deviation: [0.042969489039478524, 0.16389414057526458, 0.12262338924118457, 0.17160051628524356]
CMAEvolutionStrategyResult(xbest=array([ 0.50239591, -1.96514113, -4.83819507, -2.98716638]), fbest=0.00041232869391438776, evals_best=347, evaluations=352, iterations=44, xfavorite=array([ 0.51169393, -2.1179422 , -4.88245092, -2.82579861]), stds=array([0.04296949, 0.16389414, 0.12262339, 0.17160052]), stop={'ftarget': 0.0005})
7 10
(4_w,8)-aCMA-ES (mu_w=2.6,w_1=52%) in dimension 4 (seed=441627, Tue Jun 22 17:39:14 2021)
Iterat #Fevals   function value  axis ratio  sigma  min&max std  t[m:s]
    1      8 7.994715645120054e-02 1.0e+00 1.71e+00  2e+00  2e+00 0:08.1
    2     16 1.842438057732603e-01 1.5e+00 2.08e+00  2e+00  2e+00 0:16.0
    3     24 2.875065305329684e-01 1.5e+00 2.05e+00  2e+00  2e+00 0:24.0
    4     32 4.862746232468890e-01 1.6e+00 1.99e+00  2e+00  2e+00 0:32.5
    5     40 7.142162420765186e-02 1.5e+00 1.90e+00  2e+00  2e+00 0:40.5
    6     48 1.888506024964715e-01 1.6e+00 1.95e+00  2e+00  2e+00 0:49.3
    7     56 4.109677894609087e-02 1.6e+00 1.83e+00  1e+00  2e+00 0:57.5
    8     64 2.601565984719841e-01 1.6e+00 1.56e+00  1e+00  1e+00 1:05.9
   10     80 1.857727309091094e-01 1.8e+00 1.21e+00  9e-01  1e+00 1:21.8
   12     96 5.600033192925802e-02 1.9e+00 1.04e+00  7e-01  9e-01 1:37.8
   14    112 8.892621990777150e-02 2.1e+00 8.64e-01  6e-01  7e-01 1:53.8
   16    128 2.348779178116789e-02 2.5e+00 9.07e-01  6e-01  7e-01 2:10.2
   18    144 2.312682383326314e-02 3.6e+00 6.47e-01  4e-01  6e-01 2:26.6
   20    160 2.369020237014574e-02 3.8e+00 5.00e-01  3e-01  4e-01 2:44.2
   22    176 2.335533292309466e-02 4.4e+00 4.10e-01  2e-01  3e-01 3:00.1
   24    192 1.362991050857887e-02 4.0e+00 3.32e-01  2e-01  2e-01 3:16.8
   27    216 1.267446245572212e-02 4.4e+00 3.76e-01  2e-01  2e-01 3:40.9
   30    240 1.385944433178099e-02 5.6e+00 2.61e-01  1e-01  2e-01 4:04.7
   33    264 8.715660908933720e-03 6.2e+00 2.07e-01  1e-01  1e-01 4:28.7
   36    288 4.743379430962924e-03 6.0e+00 1.45e-01  7e-02  8e-02 4:53.3
   39    312 1.219315326450798e-02 6.7e+00 1.10e-01  5e-02  6e-02 5:18.0
   42    336 1.705874022547071e-03 8.4e+00 7.62e-02  3e-02  4e-02 5:42.4
   45    360 9.381277199604354e-03 1.3e+01 9.70e-02  6e-02  7e-02 6:06.8
   46    368 2.673222790183782e-05 1.3e+01 9.59e-02  6e-02  7e-02 6:14.9
termination on ftarget=0.0005
final/bestever f-value = 2.673223e-05 2.673223e-05
incumbent solution: [5.923009425567116, 3.465653777800195, 3.0921527928931862, -0.6887106638368113]
std deviation: [0.06736398459876983, 0.06327581692215932, 0.0626283207043252, 0.05837359395656611]
CMAEvolutionStrategyResult(xbest=array([ 5.92538617,  3.46066198,  3.08152452, -0.67576108]), fbest=2.6732227901837824e-05, evals_best=368, evaluations=368, iterations=46, xfavorite=array([ 5.92300943,  3.46565378,  3.09215279, -0.68871066]), stds=array([0.06736398, 0.06327582, 0.06262832, 0.05837359]), stop={'ftarget': 0.0005})
8 10
(4_w,8)-aCMA-ES (mu_w=2.6,w_1=52%) in dimension 4 (seed=536027, Tue Jun 22 17:45:28 2021)
Iterat #Fevals   function value  axis ratio  sigma  min&max std  t[m:s]
    1      8 6.177238135573513e-01 1.0e+00 1.30e+00  1e+00  1e+00 0:08.2
    2     16 3.480769526188465e-02 1.2e+00 1.19e+00  1e+00  1e+00 0:16.9
    3     24 2.149319092070822e-01 1.3e+00 1.22e+00  1e+00  1e+00 0:25.1
    4     32 3.659512071128124e-02 1.4e+00 1.15e+00  9e-01  1e+00 0:33.5
    5     40 1.739081640971399e-01 1.4e+00 1.07e+00  8e-01  1e+00 0:42.1
    6     48 1.392282035593880e-01 1.6e+00 9.51e-01  7e-01  9e-01 0:49.9
    7     56 5.737313517953768e-02 1.6e+00 8.54e-01  5e-01  9e-01 0:58.3
    8     64 4.669072706533295e-02 1.9e+00 7.82e-01  5e-01  7e-01 1:06.0
    9     72 4.237111251794445e-02 1.8e+00 7.51e-01  4e-01  7e-01 1:14.0
   11     88 5.556362049567987e-02 1.8e+00 5.70e-01  3e-01  5e-01 1:30.5
   13    104 3.425424245923847e-03 1.9e+00 4.83e-01  3e-01  3e-01 1:46.5
   15    120 1.175607372770093e-02 2.0e+00 3.07e-01  1e-01  2e-01 2:03.2
   17    136 1.484678591207267e-03 2.2e+00 2.64e-01  1e-01  2e-01 2:18.9
   18    144 3.590252897454072e-04 2.2e+00 2.26e-01  9e-02  1e-01 2:27.1
termination on ftarget=0.0005
final/bestever f-value = 3.590253e-04 3.590253e-04
incumbent solution: [2.7534186616454894, 3.5671803459278237, 1.388251551022977, 3.9863481515367]
std deviation: [0.10373451042372667, 0.08603700359911802, 0.11382853454262887, 0.1489135497516417]
CMAEvolutionStrategyResult(xbest=array([2.69792777, 3.56717764, 1.36788346, 3.90048333]), fbest=0.00035902528974540715, evals_best=139, evaluations=144, iterations=18, xfavorite=array([2.75341866, 3.56718035, 1.38825155, 3.98634815]), stds=array([0.10373451, 0.086037  , 0.11382853, 0.14891355]), stop={'ftarget': 0.0005})
9 10
(4_w,8)-aCMA-ES (mu_w=2.6,w_1=52%) in dimension 4 (seed=463356, Tue Jun 22 17:47:56 2021)
Iterat #Fevals   function value  axis ratio  sigma  min&max std  t[m:s]
    1      8 7.215570976434813e-01 1.0e+00 1.51e+00  1e+00  2e+00 0:07.8
    2     16 7.368687367490738e-01 1.3e+00 1.25e+00  1e+00  1e+00 0:16.0
    3     24 1.002581094474438e-01 1.4e+00 1.17e+00  8e-01  1e+00 0:23.8
    4     32 2.754112515603139e-01 1.8e+00 1.64e+00  1e+00  2e+00 0:32.3
    5     40 1.589333131604063e-01 1.9e+00 2.46e+00  2e+00  3e+00 0:40.7
    6     48 2.578929554507247e-01 1.9e+00 3.09e+00  2e+00  3e+00 0:48.5
    7     56 3.748587419515709e-01 1.8e+00 3.15e+00  2e+00  3e+00 0:56.6
    8     64 2.004871002523467e-01 1.9e+00 3.58e+00  2e+00  5e+00 1:05.2
   10     80 3.520058427598077e-01 2.2e+00 2.62e+00  1e+00  3e+00 1:20.9
   12     96 3.120864268206687e-01 2.9e+00 2.59e+00  1e+00  3e+00 1:37.0
   14    112 1.068035193506157e-01 2.8e+00 3.22e+00  2e+00  4e+00 1:53.0
   16    128 3.591896525795526e-01 2.9e+00 2.79e+00  1e+00  3e+00 2:09.2
   18    144 2.919134159932116e-01 2.6e+00 2.75e+00  2e+00  3e+00 2:25.5
   20    160 1.953982140079902e-01 3.0e+00 2.72e+00  1e+00  3e+00 2:41.3
   22    176 4.615351493335323e-01 2.8e+00 2.36e+00  1e+00  3e+00 2:57.6
   24    192 2.184516802608547e-01 3.6e+00 2.75e+00  1e+00  4e+00 3:13.7
   26    208 2.963051380508231e-01 3.7e+00 2.47e+00  1e+00  3e+00 3:30.1
   29    232 1.813101279611398e-01 4.8e+00 2.66e+00  1e+00  4e+00 3:54.6
   32    256 6.323098751123213e-02 4.5e+00 1.91e+00  7e-01  2e+00 4:19.5
   35    280 1.456231060862623e-02 4.4e+00 1.54e+00  5e-01  2e+00 4:43.7
   38    304 4.595423255802056e-02 3.3e+00 1.43e+00  4e-01  9e-01 5:08.6
   41    328 9.249032463758622e-02 3.3e+00 9.91e-01  3e-01  6e-01 5:33.1
   44    352 2.406577714478553e-02 3.4e+00 1.23e+00  3e-01  1e+00 5:57.9
   47    376 2.012710535972495e-02 5.1e+00 9.62e-01  2e-01  9e-01 6:22.1
   50    400 3.505813111630030e-02 6.6e+00 7.82e-01  1e-01  8e-01 6:46.5
   54    432 1.432439884877112e-02 8.2e+00 7.76e-01  2e-01  9e-01 7:18.7
   58    464 9.922296728709590e-03 7.3e+00 7.70e-01  1e-01  8e-01 7:51.1
   62    496 1.091888457518631e-02 9.5e+00 7.52e-01  1e-01  8e-01 8:23.5
   66    528 7.589461281119703e-03 1.2e+01 5.55e-01  8e-02  6e-01 8:55.9
   70    560 4.601434945132654e-03 1.3e+01 3.83e-01  5e-02  4e-01 9:29.0
   74    592 1.105391670041422e-03 1.3e+01 2.73e-01  3e-02  2e-01 10:02.4
   78    624 1.389350164856984e-02 1.4e+01 1.91e-01  2e-02  1e-01 10:34.8
   80    640 1.370651830723268e-04 1.5e+01 1.85e-01  2e-02  1e-01 10:50.6
termination on ftarget=0.0005
final/bestever f-value = 1.370652e-04 1.370652e-04
incumbent solution: [-4.1245825888239125, -1.1322976081615508, 7.78602180804896, 11.48378507972783]
std deviation: [0.02519664336002186, 0.02299659332902781, 0.12379854602512025, 0.024233955174298192]
CMAEvolutionStrategyResult(xbest=array([-4.12571996, -1.12756907,  7.82998926, 11.47482224]), fbest=0.00013706518307232685, evals_best=634, evaluations=640, iterations=80, xfavorite=array([-4.12458259, -1.13229761,  7.78602181, 11.48378508]), stds=array([0.02519664, 0.02299659, 0.12379855, 0.02423396]), stop={'ftarget': 0.0005})
