128
0 10
(4_w,8)-aCMA-ES (mu_w=2.6,w_1=52%) in dimension 4 (seed=548714, Tue Jun 22 15:45:27 2021)
circuitVTD.py:347: DeprecationWarning: The QuantumCircuit.__add__() method is being deprecated.Use the compose() method which is more flexible w.r.t circuit register compatibility.
  TrotterFixStepList.append(TrotterFixStepList[-1] + U_trot)
/home/nfb1/.local/lib/python3.7/site-packages/qiskit/circuit/quantumcircuit.py:869: DeprecationWarning: The QuantumCircuit.combine() method is being deprecated. Use the compose() method which is more flexible w.r.t circuit register compatibility.
  return self.combine(rhs)
Iterat #Fevals   function value  axis ratio  sigma  min&max std  t[m:s]
    1      8 1.397466209838787e-01 1.0e+00 1.62e+00  1e+00  2e+00 0:05.9
    2     16 2.465981786535992e-01 1.3e+00 1.71e+00  2e+00  2e+00 0:11.8
    3     24 1.014833190636131e-01 1.5e+00 1.51e+00  1e+00  2e+00 0:17.7
    4     32 6.674530951578428e-02 1.7e+00 1.50e+00  1e+00  2e+00 0:23.5
    5     40 6.861831078682379e-02 1.7e+00 1.54e+00  1e+00  2e+00 0:29.3
    6     48 2.337662337662336e-01 1.8e+00 2.14e+00  2e+00  2e+00 0:35.4
    8     64 2.409789843340603e-01 2.5e+00 1.99e+00  2e+00  2e+00 0:47.1
   10     80 7.223633768743853e-02 2.8e+00 1.51e+00  1e+00  2e+00 0:59.2
   12     96 3.017426661195028e-01 3.6e+00 1.14e+00  8e-01  1e+00 1:11.0
   14    112 7.965767428395698e-02 3.9e+00 1.56e+00  1e+00  2e+00 1:22.9
   16    128 6.746880570409974e-02 4.4e+00 1.36e+00  1e+00  1e+00 1:35.0
   18    144 1.243191561155388e-02 3.9e+00 1.27e+00  9e-01  1e+00 1:46.7
   21    168 4.591651542649688e-02 4.8e+00 1.21e+00  7e-01  2e+00 2:04.6
   24    192 4.315548044423023e-03 5.3e+00 7.99e-01  5e-01  9e-01 2:22.1
   27    216 8.031400966183155e-03 6.8e+00 6.85e-01  4e-01  7e-01 2:40.0
   30    240 5.430242272348229e-03 8.0e+00 4.51e-01  3e-01  4e-01 2:57.5
   31    248 3.556767949501882e-04 8.3e+00 4.20e-01  2e-01  4e-01 3:03.2
termination on ftarget=0.0005
final/bestever f-value = 3.556768e-04 3.556768e-04
incumbent solution: [0.4779165199998179, -0.7395937705938134, 8.064734455744922, 2.7664063231332006]
std deviation: [0.43524122027507856, 0.32458760763738265, 0.23021989260497747, 0.2847187230901175]
CMAEvolutionStrategyResult(xbest=array([ 0.14443162, -0.90850122,  8.10799707,  2.92177232]), fbest=0.0003556767949501882, evals_best=241, evaluations=248, iterations=31, xfavorite=array([ 0.47791652, -0.73959377,  8.06473446,  2.76640632]), stds=array([0.43524122, 0.32458761, 0.23021989, 0.28471872]), stop={'ftarget': 0.0005})
1 10
(4_w,8)-aCMA-ES (mu_w=2.6,w_1=52%) in dimension 4 (seed=563545, Tue Jun 22 15:48:30 2021)
Iterat #Fevals   function value  axis ratio  sigma  min&max std  t[m:s]
    1      8 3.674229691876745e-01 1.0e+00 1.58e+00  1e+00  2e+00 0:07.0
    2     16 2.923237299459861e-01 1.4e+00 1.56e+00  1e+00  2e+00 0:14.3
    3     24 4.337966300835802e-01 1.7e+00 1.61e+00  2e+00  2e+00 0:21.6
    4     32 4.015424195001657e-01 1.7e+00 1.89e+00  2e+00  2e+00 0:28.5
    5     40 1.762133882835719e-01 2.2e+00 1.63e+00  1e+00  2e+00 0:35.8
    6     48 2.856785367665846e-01 2.4e+00 1.86e+00  2e+00  2e+00 0:42.7
    7     56 2.433209321663330e-01 2.8e+00 1.94e+00  2e+00  3e+00 0:49.9
    8     64 4.668346759629038e-02 3.3e+00 1.87e+00  2e+00  3e+00 0:57.3
   10     80 1.876645876645876e-01 4.1e+00 2.17e+00  2e+00  3e+00 1:11.7
   12     96 7.017155852107293e-02 4.6e+00 1.71e+00  1e+00  3e+00 1:25.8
   14    112 7.661219035872124e-02 6.5e+00 1.16e+00  7e-01  2e+00 1:40.2
   16    128 7.055617341468756e-03 7.2e+00 1.00e+00  5e-01  2e+00 1:54.6
   18    144 1.613380177191082e-02 6.5e+00 7.97e-01  4e-01  1e+00 2:08.7
   20    160 1.907968574631491e-04 7.9e+00 6.50e-01  3e-01  9e-01 2:23.0
termination on ftarget=0.0005
final/bestever f-value = 1.907969e-04 1.907969e-04
incumbent solution: [2.4544621819803623, 6.220890708062387, 3.711955427188063, 8.640196360040953]
std deviation: [0.4350562622104434, 0.8854500321311743, 0.8519994034912529, 0.3106969002515097]
CMAEvolutionStrategyResult(xbest=array([2.68897764, 6.37692877, 3.66829866, 8.88593652]), fbest=0.00019079685746314912, evals_best=159, evaluations=160, iterations=20, xfavorite=array([2.45446218, 6.22089071, 3.71195543, 8.64019636]), stds=array([0.43505626, 0.88545003, 0.8519994 , 0.3106969 ]), stop={'ftarget': 0.0005})
2 10
(4_w,8)-aCMA-ES (mu_w=2.6,w_1=52%) in dimension 4 (seed=519685, Tue Jun 22 15:50:53 2021)
Iterat #Fevals   function value  axis ratio  sigma  min&max std  t[m:s]
    1      8 5.949370114731490e-01 1.0e+00 1.74e+00  2e+00  2e+00 0:07.1
    2     16 2.855716955487597e-01 1.4e+00 2.14e+00  2e+00  3e+00 0:14.6
    3     24 3.698323902178203e-01 1.9e+00 1.91e+00  2e+00  2e+00 0:21.5
    4     32 5.696581880232494e-01 1.9e+00 1.80e+00  2e+00  2e+00 0:28.9
    5     40 5.291906236178681e-01 2.2e+00 1.62e+00  1e+00  2e+00 0:36.1
    6     48 1.285809460359755e-01 2.4e+00 1.67e+00  1e+00  2e+00 0:43.2
    7     56 4.331685245534775e-01 2.5e+00 1.94e+00  2e+00  2e+00 0:50.5
    8     64 5.477197507372368e-01 2.5e+00 1.67e+00  1e+00  2e+00 0:57.7
   10     80 3.221492428388978e-01 2.6e+00 1.50e+00  1e+00  2e+00 1:12.8
   12     96 2.257022426195353e-01 2.3e+00 1.37e+00  9e-01  2e+00 1:27.9
   14    112 2.770699062093062e-01 2.4e+00 1.44e+00  1e+00  2e+00 1:43.1
   16    128 1.122175339896856e-01 3.4e+00 1.23e+00  7e-01  2e+00 1:57.8
   18    144 1.880617294151143e-02 3.1e+00 1.02e+00  5e-01  1e+00 2:12.9
   20    160 9.891379889271457e-02 3.8e+00 1.10e+00  5e-01  1e+00 2:27.8
   22    176 8.199603097115760e-02 3.6e+00 7.67e-01  3e-01  9e-01 2:42.4
   25    200 2.449370552818808e-02 4.5e+00 5.82e-01  2e-01  7e-01 3:03.9
   28    224 2.117015566291003e-02 5.3e+00 3.79e-01  2e-01  4e-01 3:26.1
   31    248 4.229394154767085e-03 5.2e+00 4.31e-01  2e-01  5e-01 3:48.2
   34    272 1.715368479561363e-02 5.0e+00 3.45e-01  1e-01  4e-01 4:09.8
   37    296 4.118178436691711e-04 5.8e+00 2.41e-01  6e-02  3e-01 4:32.1
termination on ftarget=0.0005
final/bestever f-value = 4.118178e-04 4.118178e-04
incumbent solution: [-1.3837196267455318, 1.6918950282464418, -0.8602940000266827, 2.2638268467938354]
std deviation: [0.09521203467937446, 0.08864451029412508, 0.2558532333406916, 0.059362055929205716]
CMAEvolutionStrategyResult(xbest=array([-1.43131118,  1.7715715 , -1.09826776,  2.28551613]), fbest=0.00041181784366917107, evals_best=293, evaluations=296, iterations=37, xfavorite=array([-1.38371963,  1.69189503, -0.860294  ,  2.26382685]), stds=array([0.09521203, 0.08864451, 0.25585323, 0.05936206]), stop={'ftarget': 0.0005})
3 10
(4_w,8)-aCMA-ES (mu_w=2.6,w_1=52%) in dimension 4 (seed=495579, Tue Jun 22 15:55:26 2021)
Iterat #Fevals   function value  axis ratio  sigma  min&max std  t[m:s]
    1      8 5.298183166481274e-01 1.0e+00 1.34e+00  1e+00  1e+00 0:07.6
    2     16 4.289500971218917e-01 1.2e+00 1.20e+00  1e+00  1e+00 0:14.8
    3     24 3.148748949220391e-01 1.2e+00 1.22e+00  9e-01  1e+00 0:23.3
    4     32 2.879837869084518e-01 1.3e+00 1.09e+00  9e-01  1e+00 0:31.5
    5     40 1.824009900990096e-01 1.3e+00 1.25e+00  1e+00  1e+00 0:38.5
    6     48 9.320349761526225e-02 1.6e+00 1.65e+00  1e+00  2e+00 0:45.7
    7     56 4.226370851370850e-01 1.7e+00 1.95e+00  1e+00  2e+00 0:52.8
    8     64 7.270775386717399e-02 2.0e+00 2.00e+00  1e+00  2e+00 1:00.2
   10     80 1.001267995322084e-01 2.0e+00 2.83e+00  2e+00  3e+00 1:14.8
   12     96 3.347906344117357e-02 2.1e+00 4.08e+00  3e+00  4e+00 1:30.3
   14    112 1.822390952825770e-02 2.4e+00 3.81e+00  3e+00  4e+00 1:45.0
   16    128 5.682386771495681e-01 3.7e+00 2.56e+00  2e+00  2e+00 1:59.6
   18    144 2.348783817324395e-01 3.2e+00 2.03e+00  1e+00  2e+00 2:14.4
   20    160 1.881056612763924e-01 4.1e+00 2.25e+00  1e+00  3e+00 2:28.9
   22    176 5.345624923938164e-02 4.8e+00 2.20e+00  1e+00  3e+00 2:43.6
   25    200 2.568909489199344e-01 4.2e+00 1.84e+00  7e-01  2e+00 3:06.2
   28    224 6.707152496626156e-02 3.4e+00 1.81e+00  6e-01  1e+00 3:28.5
   31    248 2.408467901425637e-02 2.9e+00 1.09e+00  3e-01  6e-01 3:51.3
   34    272 1.919881046094662e-02 3.0e+00 7.35e-01  2e-01  4e-01 4:13.2
   37    296 2.137047305586659e-02 2.9e+00 6.20e-01  1e-01  3e-01 4:35.9
   40    320 5.991151417720553e-03 3.5e+00 6.17e-01  1e-01  3e-01 4:58.2
   43    344 2.726902726902458e-03 3.9e+00 6.16e-01  1e-01  3e-01 5:19.8
   46    368 1.135531135531220e-03 5.0e+00 3.68e-01  6e-02  2e-01 5:42.0
   50    400 9.420884632922677e-03 8.2e+00 4.87e-01  8e-02  3e-01 6:11.8
   54    432 8.319496333194953e-03 9.0e+00 4.14e-01  8e-02  2e-01 6:41.1
   58    464 1.799106077546853e-03 9.8e+00 3.64e-01  5e-02  2e-01 7:11.3
   62    496 1.478070175438639e-02 8.3e+00 3.58e-01  6e-02  2e-01 7:41.4
   66    528 7.534399015487359e-03 1.2e+01 3.59e-01  5e-02  2e-01 8:10.8
   69    552 4.623963008292264e-04 1.1e+01 3.27e-01  4e-02  2e-01 8:32.9
termination on ftarget=0.0005
final/bestever f-value = 4.623963e-04 4.623963e-04
incumbent solution: [-3.602725336424902, 0.05327960252009886, 3.4910129710567426, -1.64108437345124]
std deviation: [0.18286153087492352, 0.04639377937312982, 0.0425192986183039, 0.08635836518481925]
CMAEvolutionStrategyResult(xbest=array([-3.52453872,  0.02789285,  3.50907679, -1.63009381]), fbest=0.00046239630082922645, evals_best=549, evaluations=552, iterations=69, xfavorite=array([-3.60272534,  0.0532796 ,  3.49101297, -1.64108437]), stds=array([0.18286153, 0.04639378, 0.0425193 , 0.08635837]), stop={'ftarget': 0.0005})
4 10
(4_w,8)-aCMA-ES (mu_w=2.6,w_1=52%) in dimension 4 (seed=493487, Tue Jun 22 16:03:59 2021)
Iterat #Fevals   function value  axis ratio  sigma  min&max std  t[m:s]
    1      8 7.205305999396971e-02 1.0e+00 1.82e+00  2e+00  2e+00 0:07.2
    2     16 3.517073569705144e-01 1.5e+00 1.93e+00  2e+00  2e+00 0:14.4
    3     24 6.394769613947660e-02 1.7e+00 1.60e+00  1e+00  2e+00 0:21.5
    4     32 1.151107967939644e-01 1.8e+00 1.69e+00  1e+00  2e+00 0:28.7
    5     40 4.025147457356926e-01 1.8e+00 1.65e+00  1e+00  2e+00 0:36.0
    6     48 4.755155002679712e-02 1.9e+00 1.90e+00  2e+00  2e+00 0:43.2
    7     56 1.256665971537152e-01 2.2e+00 1.87e+00  2e+00  3e+00 0:50.4
    8     64 1.935434229894284e-01 2.5e+00 1.72e+00  1e+00  2e+00 0:58.1
   10     80 2.988497163824632e-01 3.1e+00 1.63e+00  1e+00  2e+00 1:12.3
   12     96 1.989045785194692e-01 3.9e+00 1.36e+00  9e-01  2e+00 1:26.8
   14    112 3.006094702297235e-02 4.9e+00 1.21e+00  7e-01  2e+00 1:41.9
   16    128 1.251296801908588e-01 5.0e+00 1.16e+00  7e-01  2e+00 1:56.9
   18    144 5.529086036083386e-02 5.5e+00 1.03e+00  6e-01  1e+00 2:11.9
   20    160 8.786203349023769e-02 5.3e+00 7.36e-01  4e-01  9e-01 2:26.9
   22    176 9.933991191190439e-02 4.7e+00 6.62e-01  3e-01  7e-01 2:41.8
   25    200 3.820186282284499e-02 3.9e+00 8.23e-01  4e-01  7e-01 3:04.1
   28    224 3.366341991341959e-02 5.4e+00 7.91e-01  3e-01  7e-01 3:26.1
   31    248 4.336381562093850e-02 5.5e+00 6.78e-01  3e-01  5e-01 3:48.0
   34    272 4.052918595647181e-02 5.2e+00 5.10e-01  2e-01  3e-01 4:10.0
   37    296 2.415865429564068e-03 4.4e+00 3.19e-01  1e-01  2e-01 4:32.1
   40    320 2.173540680640018e-02 3.4e+00 2.61e-01  9e-02  1e-01 4:54.1
   43    344 1.415743463324626e-03 3.4e+00 2.22e-01  6e-02  1e-01 5:16.7
   46    368 1.012127697521459e-03 4.0e+00 1.72e-01  5e-02  1e-01 5:39.0
   50    400 2.327743453957076e-02 5.4e+00 1.81e-01  4e-02  1e-01 6:09.1
   54    432 9.502379395802674e-04 5.1e+00 2.01e-01  4e-02  1e-01 6:38.6
   58    464 2.164538204108002e-04 4.9e+00 1.09e-01  2e-02  6e-02 7:07.9
termination on ftarget=0.0005
final/bestever f-value = 2.164538e-04 2.164538e-04
incumbent solution: [-1.4123711338257625, -2.395045284422147, 8.102509918731656, 3.7667252985287702]
std deviation: [0.05608728747456149, 0.03233448121121096, 0.03085704907122769, 0.01662234410846072]
CMAEvolutionStrategyResult(xbest=array([-1.44496801, -2.38640886,  8.10448969,  3.78599964]), fbest=0.0002164538204108002, evals_best=464, evaluations=464, iterations=58, xfavorite=array([-1.41237113, -2.39504528,  8.10250992,  3.7667253 ]), stds=array([0.05608729, 0.03233448, 0.03085705, 0.01662234]), stop={'ftarget': 0.0005})
5 10
(4_w,8)-aCMA-ES (mu_w=2.6,w_1=52%) in dimension 4 (seed=554068, Tue Jun 22 16:11:06 2021)
Iterat #Fevals   function value  axis ratio  sigma  min&max std  t[m:s]
    1      8 2.776774064036935e-01 1.0e+00 1.55e+00  2e+00  2e+00 0:07.5
    2     16 4.552736982643522e-01 1.3e+00 1.96e+00  2e+00  2e+00 0:14.6
    3     24 3.291499563855208e-01 1.7e+00 1.98e+00  2e+00  2e+00 0:21.9
    4     32 4.131652661064411e-02 1.5e+00 1.82e+00  2e+00  2e+00 0:29.4
    5     40 1.138211382113821e-01 1.5e+00 1.57e+00  1e+00  2e+00 0:36.2
    6     48 2.391186777741395e-01 1.7e+00 1.36e+00  1e+00  1e+00 0:43.5
    7     56 7.207377981439633e-02 1.7e+00 1.33e+00  1e+00  1e+00 0:51.0
    8     64 1.701998037982566e-02 1.7e+00 1.14e+00  8e-01  1e+00 0:58.2
   10     80 3.038560672079782e-02 2.2e+00 1.01e+00  7e-01  9e-01 1:13.1
   12     96 1.745346787363544e-02 2.5e+00 9.04e-01  6e-01  8e-01 1:27.8
   14    112 3.884944933285051e-02 3.0e+00 7.66e-01  5e-01  7e-01 1:42.9
   16    128 7.918909743440228e-03 3.1e+00 6.92e-01  5e-01  5e-01 1:57.2
   18    144 2.715749387657074e-02 4.2e+00 6.43e-01  4e-01  5e-01 2:12.0
   20    160 2.178649237472796e-02 4.5e+00 5.35e-01  3e-01  4e-01 2:26.7
   22    176 4.456521739130392e-02 5.4e+00 5.95e-01  3e-01  5e-01 2:41.1
   25    200 1.814176245210763e-02 6.7e+00 3.95e-01  2e-01  3e-01 3:04.4
   28    224 1.890497445129724e-02 7.2e+00 4.21e-01  2e-01  3e-01 3:26.4
   31    248 8.837236490399913e-03 6.4e+00 4.29e-01  2e-01  3e-01 3:48.3
   34    272 1.490339059860735e-02 5.4e+00 4.01e-01  2e-01  3e-01 4:10.2
   37    296 8.159324335794360e-03 5.4e+00 3.56e-01  1e-01  2e-01 4:31.9
   40    320 2.213927649392655e-02 4.1e+00 3.02e-01  1e-01  2e-01 4:54.3
   43    344 4.720032342834246e-03 4.6e+00 2.03e-01  7e-02  1e-01 5:15.8
   47    376 7.551202347425234e-03 7.1e+00 2.35e-01  8e-02  1e-01 5:45.1
   51    408 5.172600441142094e-03 7.3e+00 2.73e-01  1e-01  1e-01 6:14.3
   55    440 2.308052940963812e-03 8.3e+00 1.87e-01  6e-02  1e-01 6:43.5
   59    472 4.842590481979103e-03 9.7e+00 1.70e-01  6e-02  1e-01 7:12.2
   63    504 2.162980011081062e-03 1.2e+01 2.98e-01  9e-02  2e-01 7:41.4
   67    536 7.131963485954573e-04 1.7e+01 3.39e-01  1e-01  2e-01 8:11.7
   71    568 6.892271408400541e-03 1.1e+01 5.69e-01  2e-01  3e-01 8:41.0
   75    600 2.167182662539124e-03 1.3e+01 5.39e-01  1e-01  3e-01 9:10.0
   80    640 5.289461781998739e-03 1.4e+01 5.01e-01  1e-01  3e-01 9:46.9
   85    680 5.049700701875048e-03 1.5e+01 4.10e-01  8e-02  2e-01 10:23.9
   90    720 1.519987105093445e-02 1.9e+01 3.85e-01  7e-02  2e-01 11:00.2
   91    728 1.826584105035778e-05 1.9e+01 3.97e-01  6e-02  2e-01 11:07.1
termination on ftarget=0.0005
final/bestever f-value = 1.826584e-05 1.826584e-05
incumbent solution: [0.056274798280611445, 6.258644264475011, -2.544594366744902, 0.9558996577027014]
std deviation: [0.10475557489358851, 0.16256033772047554, 0.06424414975113975, 0.23166976574055093]
CMAEvolutionStrategyResult(xbest=array([ 0.06705385,  6.247776  , -2.52691126,  1.04244606]), fbest=1.826584105035778e-05, evals_best=727, evaluations=728, iterations=91, xfavorite=array([ 0.0562748 ,  6.25864426, -2.54459437,  0.95589966]), stds=array([0.10475557, 0.16256034, 0.06424415, 0.23166977]), stop={'ftarget': 0.0005})
6 10
(4_w,8)-aCMA-ES (mu_w=2.6,w_1=52%) in dimension 4 (seed=469536, Tue Jun 22 16:22:14 2021)
Iterat #Fevals   function value  axis ratio  sigma  min&max std  t[m:s]
    1      8 4.513853476117625e-01 1.0e+00 1.43e+00  1e+00  2e+00 0:07.3
    2     16 1.832947398889558e-01 1.2e+00 1.39e+00  1e+00  1e+00 0:14.5
    3     24 8.269454123112607e-02 1.4e+00 1.47e+00  1e+00  2e+00 0:22.3
    4     32 2.159099102439705e-01 1.5e+00 1.29e+00  1e+00  2e+00 0:30.4
    5     40 2.358788165239774e-01 1.8e+00 1.03e+00  7e-01  1e+00 0:37.5
    6     48 7.846972036369837e-02 1.9e+00 1.17e+00  8e-01  2e+00 0:44.9
    7     56 1.831429548692121e-02 2.4e+00 1.18e+00  8e-01  2e+00 0:52.0
    8     64 7.596738324684915e-02 2.8e+00 1.15e+00  8e-01  2e+00 0:59.1
   10     80 1.431028551771574e-02 3.2e+00 1.18e+00  7e-01  2e+00 1:13.2
   12     96 2.616993464052286e-01 3.2e+00 8.86e-01  5e-01  1e+00 1:27.9
   14    112 2.873398023609608e-02 3.3e+00 8.92e-01  5e-01  1e+00 1:42.8
   16    128 4.904172702876464e-03 3.4e+00 1.07e+00  5e-01  1e+00 1:57.4
   18    144 1.065000871580901e-03 3.5e+00 1.16e+00  6e-01  1e+00 2:12.1
   20    160 5.909612492802374e-02 3.2e+00 9.70e-01  4e-01  9e-01 2:28.2
   22    176 9.352389314342324e-02 3.0e+00 1.02e+00  4e-01  9e-01 2:42.9
   25    200 1.504590907401182e-02 3.7e+00 7.32e-01  3e-01  6e-01 3:05.2
   28    224 1.269636654747852e-02 3.8e+00 6.30e-01  2e-01  6e-01 3:27.7
   31    248 5.709405527019262e-03 3.8e+00 4.98e-01  2e-01  4e-01 3:50.2
   34    272 2.330926894033714e-02 3.5e+00 4.35e-01  1e-01  3e-01 4:12.4
   37    296 4.275900219028017e-03 3.0e+00 3.98e-01  1e-01  3e-01 4:34.7
   40    320 1.274308586347050e-02 4.1e+00 5.74e-01  2e-01  4e-01 4:56.6
   43    344 3.901182371758283e-02 3.4e+00 5.76e-01  2e-01  4e-01 5:18.6
   46    368 9.909361259520244e-04 3.2e+00 4.89e-01  1e-01  3e-01 5:40.6
   50    400 3.205204021288655e-03 4.5e+00 4.96e-01  9e-02  3e-01 6:10.2
   54    432 7.454817904051225e-05 5.0e+00 3.98e-01  7e-02  2e-01 6:41.0
termination on ftarget=0.0005
final/bestever f-value = 7.454818e-05 7.454818e-05
incumbent solution: [3.5134820254647114, 8.097825699328075, 4.726680212125264, 1.020006417059043]
std deviation: [0.19787246610821138, 0.12739647234495954, 0.21326256031422824, 0.06665919281556625]
CMAEvolutionStrategyResult(xbest=array([3.30763767, 8.18944553, 4.89137429, 0.99583912]), fbest=7.454817904051225e-05, evals_best=429, evaluations=432, iterations=54, xfavorite=array([3.51348203, 8.0978257 , 4.72668021, 1.02000642]), stds=array([0.19787247, 0.12739647, 0.21326256, 0.06665919]), stop={'ftarget': 0.0005})
7 10
(4_w,8)-aCMA-ES (mu_w=2.6,w_1=52%) in dimension 4 (seed=476180, Tue Jun 22 16:28:55 2021)
Iterat #Fevals   function value  axis ratio  sigma  min&max std  t[m:s]
    1      8 1.121772547551970e-01 1.0e+00 1.50e+00  1e+00  2e+00 0:07.6
    2     16 3.570652113629051e-01 1.2e+00 1.39e+00  1e+00  1e+00 0:14.5
    3     24 3.069400259219968e-02 1.5e+00 1.46e+00  1e+00  2e+00 0:21.9
    4     32 6.214418124530485e-02 2.1e+00 1.67e+00  1e+00  2e+00 0:28.9
    5     40 7.856801257088186e-02 2.0e+00 1.41e+00  1e+00  1e+00 0:36.5
    6     48 1.118372223723783e-01 2.1e+00 1.12e+00  8e-01  1e+00 0:43.7
    7     56 9.584805985157130e-02 2.3e+00 1.03e+00  8e-01  1e+00 0:50.9
    8     64 6.834613551328950e-02 2.4e+00 9.23e-01  6e-01  9e-01 0:58.1
   10     80 2.898550724637516e-03 2.7e+00 9.05e-01  6e-01  9e-01 1:12.6
   12     96 1.523512276321237e-02 3.5e+00 9.66e-01  7e-01  1e+00 1:27.0
   14    112 7.367475292003556e-02 4.6e+00 1.17e+00  8e-01  1e+00 1:42.0
   16    128 1.117804551539470e-02 5.0e+00 9.09e-01  6e-01  1e+00 1:57.2
   18    144 5.526998961578267e-03 4.3e+00 7.33e-01  4e-01  7e-01 2:12.2
   20    160 2.871238968799972e-02 3.8e+00 8.21e-01  5e-01  8e-01 2:27.1
   22    176 7.241114017541161e-02 4.2e+00 1.03e+00  5e-01  1e+00 2:41.6
   25    200 1.297108512020873e-02 4.5e+00 6.69e-01  3e-01  7e-01 3:03.7
   28    224 6.248243872006398e-03 5.2e+00 4.72e-01  2e-01  4e-01 3:25.8
   31    248 4.561548374182545e-03 7.2e+00 3.80e-01  1e-01  3e-01 3:47.8
   34    272 1.390718782023681e-03 6.8e+00 3.99e-01  1e-01  4e-01 4:09.5
   37    296 1.270959955170503e-02 5.5e+00 2.68e-01  7e-02  2e-01 4:32.2
   40    320 3.800707458411212e-04 6.7e+00 1.91e-01  4e-02  2e-01 4:54.0
termination on ftarget=0.0005
final/bestever f-value = 3.800707e-04 3.800707e-04
incumbent solution: [0.989320706103261, 6.907342333558056, 3.3543218389604745, 2.6260058729985953]
std deviation: [0.16125466555038256, 0.07924191013276208, 0.08507828452741036, 0.03611767369910779]
CMAEvolutionStrategyResult(xbest=array([1.23358949, 6.92361151, 3.27141927, 2.61565739]), fbest=0.0003800707458411212, evals_best=316, evaluations=320, iterations=40, xfavorite=array([0.98932071, 6.90734233, 3.35432184, 2.62600587]), stds=array([0.16125467, 0.07924191, 0.08507828, 0.03611767]), stop={'ftarget': 0.0005})
8 10
(4_w,8)-aCMA-ES (mu_w=2.6,w_1=52%) in dimension 4 (seed=520315, Tue Jun 22 16:33:49 2021)
Iterat #Fevals   function value  axis ratio  sigma  min&max std  t[m:s]
    1      8 6.978354978354977e-01 1.0e+00 1.50e+00  1e+00  2e+00 0:07.2
    2     16 5.019794584500464e-01 1.4e+00 1.63e+00  1e+00  2e+00 0:14.5
    3     24 2.794045154293600e-01 1.6e+00 1.61e+00  1e+00  2e+00 0:22.1
    4     32 1.768482736513138e-01 2.2e+00 1.54e+00  1e+00  2e+00 0:29.4
    5     40 3.173215409502326e-01 2.6e+00 1.44e+00  1e+00  2e+00 0:36.8
    6     48 6.177905308464848e-01 2.9e+00 1.47e+00  1e+00  2e+00 0:44.5
    7     56 2.084777841731900e-01 3.5e+00 1.26e+00  1e+00  2e+00 0:51.7
    8     64 3.558354139702391e-01 3.6e+00 1.27e+00  1e+00  2e+00 0:59.0
   10     80 1.882877127459172e-01 3.2e+00 1.63e+00  1e+00  2e+00 1:14.2
   12     96 5.144388103714936e-02 3.2e+00 1.50e+00  1e+00  2e+00 1:28.8
   14    112 1.559476460466555e-01 3.9e+00 1.22e+00  1e+00  1e+00 1:42.8
   16    128 8.158794641709266e-02 3.8e+00 9.58e-01  7e-01  9e-01 1:57.3
   18    144 1.152279093455555e-02 3.2e+00 7.41e-01  5e-01  6e-01 2:11.9
   20    160 3.254431868889296e-03 3.0e+00 6.69e-01  4e-01  5e-01 2:28.1
   22    176 2.695970695970651e-02 2.5e+00 5.92e-01  3e-01  4e-01 2:42.5
   24    192 7.229169298134552e-03 2.5e+00 4.44e-01  2e-01  3e-01 2:57.6
   27    216 1.590876590876644e-02 2.4e+00 2.52e-01  1e-01  2e-01 3:19.5
   30    240 4.259005927953030e-03 2.8e+00 2.48e-01  1e-01  2e-01 3:41.6
   33    264 1.287143277434066e-03 2.4e+00 1.89e-01  8e-02  1e-01 4:03.8
   36    288 1.197963462114870e-03 3.2e+00 2.19e-01  7e-02  2e-01 4:25.5
   39    312 3.119469026548649e-02 3.5e+00 3.81e-01  1e-01  3e-01 4:47.6
   42    336 1.370259976817056e-03 4.2e+00 4.34e-01  2e-01  3e-01 5:09.6
   45    360 5.417295123177124e-03 4.0e+00 4.53e-01  2e-01  3e-01 5:31.7
   49    392 1.870552455192342e-02 4.8e+00 3.89e-01  1e-01  3e-01 6:01.9
   53    424 3.309382140906925e-03 5.3e+00 3.19e-01  1e-01  2e-01 6:31.0
   54    432 4.263532394206404e-04 6.3e+00 3.23e-01  1e-01  2e-01 6:38.6
termination on ftarget=0.0005
final/bestever f-value = 4.263532e-04 4.263532e-04
incumbent solution: [1.4447886644502053, -0.6197542871078997, -0.8550796298817874, 4.2273393394250185]
std deviation: [0.22770985287086118, 0.14735740050836438, 0.1094547740439214, 0.12155717612107357]
CMAEvolutionStrategyResult(xbest=array([ 1.56915712, -0.51217905, -0.81457268,  4.13417665]), fbest=0.0004263532394206404, evals_best=429, evaluations=432, iterations=54, xfavorite=array([ 1.44478866, -0.61975429, -0.85507963,  4.22733934]), stds=array([0.22770985, 0.1473574 , 0.10945477, 0.12155718]), stop={'ftarget': 0.0005})
9 10
(4_w,8)-aCMA-ES (mu_w=2.6,w_1=52%) in dimension 4 (seed=436089, Tue Jun 22 16:40:28 2021)
Iterat #Fevals   function value  axis ratio  sigma  min&max std  t[m:s]
    1      8 9.850418752737067e-04 1.0e+00 1.55e+00  1e+00  2e+00 0:07.0
    2     16 9.158742492075833e-02 1.2e+00 1.50e+00  1e+00  2e+00 0:14.6
    3     24 1.994687422782303e-01 1.4e+00 1.35e+00  1e+00  1e+00 0:21.9
    4     32 8.220122956965037e-02 1.4e+00 1.13e+00  9e-01  1e+00 0:29.3
    5     40 2.255719537456635e-02 1.7e+00 1.16e+00  9e-01  1e+00 0:36.6
    6     48 9.361702127659566e-02 2.0e+00 1.05e+00  8e-01  1e+00 0:43.8
    7     56 4.009021906756871e-02 1.9e+00 9.10e-01  7e-01  8e-01 0:51.2
    8     64 2.739898989898959e-02 2.0e+00 7.60e-01  5e-01  7e-01 0:59.0
   10     80 3.018985371926475e-02 2.2e+00 5.91e-01  4e-01  5e-01 1:13.5
   12     96 2.921610931319929e-03 2.4e+00 5.52e-01  3e-01  5e-01 1:27.8
   14    112 2.334229748559791e-03 2.6e+00 5.36e-01  3e-01  5e-01 1:42.8
   16    128 3.192848020434191e-02 2.7e+00 4.94e-01  3e-01  4e-01 1:57.8
   18    144 6.630120516572435e-02 3.1e+00 4.77e-01  2e-01  5e-01 2:12.4
   20    160 3.224550738548593e-02 3.3e+00 4.97e-01  2e-01  5e-01 2:27.0
   22    176 6.667302783807227e-03 3.5e+00 5.38e-01  2e-01  5e-01 2:41.6
   24    192 2.140343316813453e-03 4.7e+00 3.95e-01  2e-01  4e-01 2:56.7
   27    216 5.221873849346137e-03 4.7e+00 2.69e-01  1e-01  2e-01 3:18.9
   30    240 5.613648871765076e-04 5.9e+00 2.32e-01  8e-02  2e-01 3:40.8
   33    264 4.320124320124741e-03 7.2e+00 2.59e-01  1e-01  2e-01 4:02.7
   36    288 5.063741304654923e-03 1.0e+01 2.59e-01  1e-01  3e-01 4:24.3
   39    312 5.090515443721078e-03 1.1e+01 2.77e-01  1e-01  3e-01 4:45.9
   42    336 1.888092743111969e-04 9.9e+00 2.96e-01  1e-01  3e-01 5:07.8
termination on ftarget=0.0005
final/bestever f-value = 1.888093e-04 1.888093e-04
incumbent solution: [3.5854312833032873, -0.8230191568963591, 4.92533903098435, 5.864210155859783]
std deviation: [0.2583878364229823, 0.11509819181250494, 0.25934465314878025, 0.11157517912623664]
CMAEvolutionStrategyResult(xbest=array([ 3.70628681, -0.7925567 ,  4.8261801 ,  5.9088626 ]), fbest=0.00018880927431119687, evals_best=336, evaluations=336, iterations=42, xfavorite=array([ 3.58543128, -0.82301916,  4.92533903,  5.86421016]), stds=array([0.25838784, 0.11509819, 0.25934465, 0.11157518]), stop={'ftarget': 0.0005})
