64
0 10
(4_w,8)-aCMA-ES (mu_w=2.6,w_1=52%) in dimension 4 (seed=496206, Tue Jun 22 15:45:24 2021)
circuitVTD.py:347: DeprecationWarning: The QuantumCircuit.__add__() method is being deprecated.Use the compose() method which is more flexible w.r.t circuit register compatibility.
  TrotterFixStepList.append(TrotterFixStepList[-1] + U_trot)
/home/nfb1/.local/lib/python3.7/site-packages/qiskit/circuit/quantumcircuit.py:869: DeprecationWarning: The QuantumCircuit.combine() method is being deprecated. Use the compose() method which is more flexible w.r.t circuit register compatibility.
  return self.combine(rhs)
Iterat #Fevals   function value  axis ratio  sigma  min&max std  t[m:s]
    1      8 3.241098241098239e-01 1.0e+00 1.45e+00  1e+00  1e+00 0:06.2
    2     16 4.055708731000351e-01 1.3e+00 1.33e+00  1e+00  1e+00 0:11.9
    3     24 1.468150896722321e-01 1.3e+00 1.17e+00  9e-01  1e+00 0:17.7
    4     32 3.100106758643317e-02 1.3e+00 1.01e+00  8e-01  1e+00 0:23.5
    5     40 7.531022678647803e-03 1.4e+00 1.08e+00  9e-01  1e+00 0:29.3
    6     48 1.316720372359468e-01 1.4e+00 1.29e+00  9e-01  1e+00 0:34.9
    8     64 1.983680933901725e-01 2.3e+00 1.51e+00  1e+00  2e+00 0:46.9
   10     80 5.828845776044578e-02 2.8e+00 1.12e+00  5e-01  1e+00 0:58.7
   12     96 7.146426786606663e-02 2.2e+00 1.51e+00  9e-01  2e+00 1:10.5
   14    112 9.245609245608577e-03 2.1e+00 1.28e+00  8e-01  1e+00 1:22.2
   16    128 2.747641188786454e-02 1.9e+00 1.15e+00  7e-01  9e-01 1:34.0
   18    144 1.074124740335409e-01 1.8e+00 9.01e-01  5e-01  7e-01 1:45.7
   20    160 3.336283862789480e-02 1.9e+00 8.76e-01  5e-01  6e-01 1:57.7
   23    184 2.774911134044211e-02 2.4e+00 7.55e-01  4e-01  6e-01 2:15.3
   26    208 7.620561738208464e-03 2.8e+00 4.90e-01  2e-01  4e-01 2:32.6
   29    232 2.909233623519336e-02 2.5e+00 4.31e-01  2e-01  3e-01 2:50.4
   32    256 8.246636729608681e-03 2.9e+00 3.53e-01  1e-01  2e-01 3:07.6
   35    280 4.205299690936082e-03 3.2e+00 3.51e-01  1e-01  3e-01 3:25.1
   39    312 8.340059187521565e-04 3.3e+00 2.51e-01  6e-02  2e-01 3:48.5
   43    344 1.810735702793598e-02 5.3e+00 2.54e-01  6e-02  2e-01 4:11.9
   47    376 6.988120195666969e-03 5.3e+00 1.67e-01  3e-02  1e-01 4:35.9
   51    408 2.410036811659444e-02 5.4e+00 1.24e-01  2e-02  7e-02 4:59.4
   55    440 3.237910214652917e-04 6.2e+00 9.59e-02  1e-02  5e-02 5:22.6
termination on ftarget=0.0005
final/bestever f-value = 3.237910e-04 3.237910e-04
incumbent solution: [2.2584162007605393, -0.3638134888077802, 8.426290082335143, 1.631492199717762]
std deviation: [0.049040925643561634, 0.013278981340602063, 0.028084428514232568, 0.02205482256364323]
CMAEvolutionStrategyResult(xbest=array([ 2.23848902, -0.3666796 ,  8.43230583,  1.62627371]), fbest=0.0003237910214652917, evals_best=433, evaluations=440, iterations=55, xfavorite=array([ 2.2584162 , -0.36381349,  8.42629008,  1.6314922 ]), stds=array([0.04904093, 0.01327898, 0.02808443, 0.02205482]), stop={'ftarget': 0.0005})
1 10
(4_w,8)-aCMA-ES (mu_w=2.6,w_1=52%) in dimension 4 (seed=426927, Tue Jun 22 15:50:47 2021)
Iterat #Fevals   function value  axis ratio  sigma  min&max std  t[m:s]
    1      8 1.108410087423127e-01 1.0e+00 1.52e+00  1e+00  2e+00 0:07.0
    2     16 4.656084656084247e-03 1.4e+00 1.54e+00  1e+00  2e+00 0:14.1
    3     24 8.376344086021492e-02 1.7e+00 1.52e+00  1e+00  2e+00 0:21.2
    4     32 3.132045088566837e-02 1.9e+00 1.74e+00  2e+00  2e+00 0:28.6
    5     40 3.295985060690941e-01 2.0e+00 1.52e+00  1e+00  2e+00 0:35.5
    6     48 1.881514711703387e-01 2.0e+00 1.42e+00  1e+00  1e+00 0:42.7
    7     56 6.214214214214242e-02 2.1e+00 1.21e+00  1e+00  1e+00 0:49.7
    8     64 9.600028742601041e-02 2.2e+00 1.18e+00  1e+00  1e+00 0:56.8
   10     80 5.854700854700834e-02 2.5e+00 8.57e-01  6e-01  8e-01 1:10.9
   12     96 1.838656838656871e-02 2.9e+00 7.45e-01  5e-01  8e-01 1:25.0
   14    112 9.494342827675806e-03 3.0e+00 6.31e-01  4e-01  6e-01 1:39.6
   16    128 6.950148480444507e-03 3.2e+00 5.59e-01  3e-01  7e-01 1:53.6
   18    144 6.097560975609984e-03 3.7e+00 4.29e-01  2e-01  4e-01 2:08.0
   20    160 3.634523371365495e-02 3.1e+00 3.48e-01  2e-01  3e-01 2:22.2
   23    184 6.060606060606322e-03 3.1e+00 2.91e-01  1e-01  3e-01 2:43.0
   26    208 3.139540829370602e-02 4.0e+00 3.16e-01  1e-01  3e-01 3:04.0
   29    232 5.366000649019464e-02 4.1e+00 4.63e-01  2e-01  4e-01 3:25.4
   32    256 1.543859649122792e-02 4.3e+00 6.30e-01  3e-01  5e-01 3:47.0
   35    280 1.267812079725539e-02 6.6e+00 1.00e+00  3e-01  1e+00 4:08.5
   38    304 1.413344270487082e-02 6.7e+00 9.28e-01  2e-01  8e-01 4:29.8
   41    328 1.931426628965149e-02 4.4e+00 8.40e-01  2e-01  6e-01 4:51.8
   42    336 4.177109440268723e-04 4.7e+00 7.78e-01  2e-01  5e-01 4:59.2
termination on ftarget=0.0005
final/bestever f-value = 4.177109e-04 4.177109e-04
incumbent solution: [1.0540107074511658, 0.2322234145306712, 3.011311549405857, 2.0438828482040923]
std deviation: [0.5391826852694299, 0.4438148488289665, 0.5425618071742626, 0.1803249803129004]
CMAEvolutionStrategyResult(xbest=array([1.07781549, 0.17778197, 3.33616602, 2.14041581]), fbest=0.00041771094402687226, evals_best=334, evaluations=336, iterations=42, xfavorite=array([1.05401071, 0.23222341, 3.01131155, 2.04388285]), stds=array([0.53918269, 0.44381485, 0.54256181, 0.18032498]), stop={'ftarget': 0.0005})
2 10
(4_w,8)-aCMA-ES (mu_w=2.6,w_1=52%) in dimension 4 (seed=499283, Tue Jun 22 15:55:46 2021)
Iterat #Fevals   function value  axis ratio  sigma  min&max std  t[m:s]
    1      8 2.089623283013733e-01 1.0e+00 1.56e+00  1e+00  2e+00 0:07.2
    2     16 2.425659324884127e-01 1.4e+00 1.44e+00  1e+00  2e+00 0:14.1
    3     24 3.869463869463867e-01 1.7e+00 1.31e+00  1e+00  2e+00 0:21.3
    4     32 4.909422542801473e-01 1.8e+00 1.30e+00  1e+00  2e+00 0:28.3
    5     40 2.868044653758938e-01 2.1e+00 1.32e+00  9e-01  2e+00 0:35.4
    6     48 5.736855736855717e-02 2.3e+00 1.32e+00  9e-01  2e+00 0:42.4
    7     56 5.265830346475506e-01 2.2e+00 1.60e+00  1e+00  2e+00 0:49.6
    8     64 2.974763979665939e-01 2.1e+00 1.72e+00  1e+00  2e+00 0:56.6
   10     80 3.123251712398998e-01 2.3e+00 2.02e+00  2e+00  2e+00 1:10.8
   12     96 1.386514983351824e-01 2.4e+00 1.74e+00  1e+00  2e+00 1:25.0
   14    112 2.158802177858434e-01 2.6e+00 1.61e+00  1e+00  2e+00 1:39.4
   16    128 2.320070733863838e-01 2.9e+00 1.29e+00  9e-01  1e+00 1:53.4
   18    144 1.829519686662540e-02 3.3e+00 1.24e+00  8e-01  1e+00 2:07.8
   20    160 5.272108843537371e-02 3.6e+00 1.07e+00  7e-01  1e+00 2:22.0
   22    176 3.644429469901178e-03 3.5e+00 1.03e+00  7e-01  9e-01 2:36.6
   25    200 2.197691197691195e-01 2.4e+00 1.09e+00  7e-01  9e-01 2:58.6
   28    224 1.433450231380843e-01 2.9e+00 1.11e+00  6e-01  1e+00 3:21.3
   31    248 6.323232323232286e-02 4.0e+00 8.25e-01  4e-01  7e-01 3:42.8
   34    272 5.970352237182064e-02 3.7e+00 7.52e-01  3e-01  6e-01 4:04.2
   37    296 1.867413632119486e-02 2.6e+00 6.56e-01  3e-01  5e-01 4:25.8
   40    320 1.129038281979458e-01 3.9e+00 6.46e-01  2e-01  6e-01 4:49.3
   43    344 5.566947672210665e-03 5.2e+00 7.79e-01  3e-01  7e-01 5:10.7
   47    376 3.848484848484857e-02 5.9e+00 5.66e-01  2e-01  5e-01 5:40.2
   51    408 1.709401709401692e-02 8.4e+00 4.76e-01  2e-01  5e-01 6:09.0
   55    440 1.732501732501723e-02 7.8e+00 6.91e-01  2e-01  6e-01 6:38.0
   59    472 7.673655683925251e-02 6.6e+00 6.37e-01  1e-01  4e-01 7:06.9
   63    504 4.719132058264308e-02 6.9e+00 8.49e-01  1e-01  5e-01 7:35.5
   67    536 1.825860948667968e-02 8.3e+00 7.17e-01  1e-01  4e-01 8:03.9
   69    552 6.732034724565850e-06 9.5e+00 5.58e-01  8e-02  3e-01 8:18.0
termination on ftarget=0.0005
final/bestever f-value = 6.732035e-06 6.732035e-06
incumbent solution: [3.945849315727763, 1.8871759259580532, 2.6595681989912556, 2.4843275033917056]
std deviation: [0.1816749675760271, 0.15742900549527727, 0.3230008181680831, 0.08019499983327079]
CMAEvolutionStrategyResult(xbest=array([4.03030856, 1.8009898 , 2.76267595, 2.48971542]), fbest=6.73203472456585e-06, evals_best=551, evaluations=552, iterations=69, xfavorite=array([3.94584932, 1.88717593, 2.6595682 , 2.4843275 ]), stds=array([0.18167497, 0.15742901, 0.32300082, 0.080195  ]), stop={'ftarget': 0.0005})
3 10
(4_w,8)-aCMA-ES (mu_w=2.6,w_1=52%) in dimension 4 (seed=472600, Tue Jun 22 16:04:04 2021)
Iterat #Fevals   function value  axis ratio  sigma  min&max std  t[m:s]
    1      8 1.313703409291641e-01 1.0e+00 1.69e+00  2e+00  2e+00 0:07.1
    2     16 1.012296881862096e-01 1.4e+00 1.59e+00  1e+00  2e+00 0:15.3
    3     24 2.226913179085179e-01 1.4e+00 1.82e+00  2e+00  2e+00 0:22.2
    4     32 3.076923076923076e-01 1.5e+00 1.59e+00  1e+00  2e+00 0:29.6
    5     40 5.023272466881489e-01 1.6e+00 1.91e+00  2e+00  3e+00 0:36.9
    6     48 3.438157918994154e-01 2.0e+00 1.77e+00  1e+00  3e+00 0:44.2
    7     56 7.739938080495312e-02 2.3e+00 2.04e+00  2e+00  3e+00 0:51.3
    8     64 2.013227513227511e-01 2.3e+00 1.98e+00  2e+00  3e+00 0:58.3
   10     80 2.577632330788008e-01 2.3e+00 1.82e+00  1e+00  2e+00 1:12.1
   12     96 2.703745600804422e-01 3.1e+00 1.99e+00  2e+00  3e+00 1:26.4
   14    112 8.048421780426185e-02 4.5e+00 2.05e+00  2e+00  3e+00 1:40.9
   16    128 1.192164809186084e-01 5.0e+00 2.48e+00  2e+00  3e+00 1:55.3
   18    144 2.262550410235015e-01 6.1e+00 2.69e+00  2e+00  5e+00 2:10.1
   20    160 2.034919016051151e-02 6.6e+00 2.74e+00  2e+00  4e+00 2:24.3
   22    176 1.282201958797701e-01 5.8e+00 2.79e+00  2e+00  4e+00 2:39.0
   24    192 2.839972047519216e-01 6.7e+00 2.77e+00  2e+00  4e+00 2:54.1
   27    216 2.269191155523442e-02 7.6e+00 3.48e+00  2e+00  5e+00 3:16.0
   30    240 2.197530864197532e-01 1.0e+01 3.06e+00  2e+00  4e+00 3:37.8
   33    264 2.503282014560226e-02 9.8e+00 2.60e+00  1e+00  4e+00 3:59.7
   36    288 5.088702147525703e-02 1.2e+01 2.48e+00  1e+00  4e+00 4:21.7
   39    312 8.107448107448045e-02 1.2e+01 2.61e+00  1e+00  4e+00 4:43.2
   42    336 1.826663289429248e-01 1.6e+01 2.44e+00  1e+00  4e+00 5:05.1
   45    360 2.663398692810415e-02 1.4e+01 1.94e+00  9e-01  2e+00 5:27.6
   49    392 1.444100447196415e-01 1.3e+01 1.67e+00  8e-01  2e+00 5:56.5
   53    424 3.903231338841651e-02 1.2e+01 1.34e+00  5e-01  1e+00 6:25.3
   57    456 2.523356690023315e-02 1.1e+01 9.11e-01  3e-01  7e-01 6:55.5
   59    472 2.583979328170116e-04 1.3e+01 9.36e-01  3e-01  8e-01 7:09.8
termination on ftarget=0.0005
final/bestever f-value = 2.583979e-04 2.583979e-04
incumbent solution: [-1.2924894629531898, 8.25734015244463, 7.235436037877335, -2.9230705497068086]
std deviation: [0.26351222812527836, 0.5231514839431491, 0.7680152242227839, 0.5736016776406268]
CMAEvolutionStrategyResult(xbest=array([-1.06123341,  7.65398159,  7.61384069, -2.2851259 ]), fbest=0.0002583979328170116, evals_best=471, evaluations=472, iterations=59, xfavorite=array([-1.29248946,  8.25734015,  7.23543604, -2.92307055]), stds=array([0.26351223, 0.52315148, 0.76801522, 0.57360168]), stop={'ftarget': 0.0005})
4 10
(4_w,8)-aCMA-ES (mu_w=2.6,w_1=52%) in dimension 4 (seed=495170, Tue Jun 22 16:11:14 2021)
Iterat #Fevals   function value  axis ratio  sigma  min&max std  t[m:s]
    1      8 3.624649859943975e-01 1.0e+00 1.32e+00  1e+00  1e+00 0:07.1
    2     16 2.180223285486439e-01 1.3e+00 1.19e+00  1e+00  1e+00 0:14.2
    3     24 1.400886785148174e-01 1.4e+00 1.33e+00  1e+00  1e+00 0:21.6
    4     32 2.694144465845724e-01 1.8e+00 1.52e+00  1e+00  2e+00 0:28.8
    5     40 4.376576576576575e-01 1.4e+00 1.59e+00  1e+00  2e+00 0:36.1
    6     48 2.619671619671619e-01 1.6e+00 1.35e+00  1e+00  2e+00 0:43.5
    7     56 2.813051146384480e-01 1.7e+00 1.22e+00  1e+00  1e+00 0:50.6
    8     64 5.212930700735574e-01 1.5e+00 1.39e+00  1e+00  2e+00 0:58.1
   10     80 2.188622491020069e-01 2.3e+00 1.89e+00  1e+00  3e+00 1:12.7
   12     96 4.523809523809508e-02 2.9e+00 2.09e+00  2e+00  4e+00 1:26.8
   14    112 1.630382775119615e-01 3.5e+00 2.19e+00  2e+00  4e+00 1:41.6
   16    128 8.068095455236302e-02 4.1e+00 2.87e+00  2e+00  5e+00 1:55.7
   18    144 1.831179005092047e-01 4.5e+00 3.47e+00  3e+00  7e+00 2:10.0
   20    160 1.580294384671950e-01 6.0e+00 3.66e+00  3e+00  7e+00 2:24.2
   22    176 5.042553191489360e-01 5.7e+00 3.76e+00  3e+00  5e+00 2:38.5
   24    192 2.770702053525091e-01 5.0e+00 5.10e+00  4e+00  8e+00 2:53.8
   27    216 3.047388545164275e-01 6.2e+00 4.31e+00  3e+00  7e+00 3:15.9
   30    240 2.363031233998976e-01 6.3e+00 3.87e+00  3e+00  5e+00 3:37.7
   33    264 2.050923108135525e-01 4.4e+00 5.68e+00  4e+00  8e+00 3:59.0
   36    288 2.095054686103393e-01 6.1e+00 9.19e+00  5e+00  2e+01 4:20.9
   39    312 4.948853615520280e-01 5.9e+00 7.06e+00  3e+00  1e+01 4:43.3
   42    336 3.418182824028930e-01 6.0e+00 1.13e+01  6e+00  2e+01 5:05.2
   46    368 1.239970582827717e-01 7.6e+00 1.10e+01  5e+00  2e+01 5:35.7
   50    400 5.475957049486460e-01 9.2e+00 8.87e+00  5e+00  2e+01 6:05.0
   54    432 3.319444444444440e-01 1.5e+01 1.32e+01  8e+00  3e+01 6:35.1
   58    464 2.429880108071596e-01 1.4e+01 1.53e+01  1e+01  3e+01 7:04.0
   62    496 4.155040221216689e-01 1.5e+01 1.94e+01  1e+01  4e+01 7:33.7
   66    528 1.760199967747137e-01 1.8e+01 2.43e+01  1e+01  4e+01 8:02.9
   70    560 2.427637721755368e-01 2.1e+01 3.64e+01  2e+01  8e+01 8:32.3
   74    592 4.448801742919386e-01 2.6e+01 2.72e+01  1e+01  6e+01 9:02.5
   79    632 1.853773584905660e-01 4.2e+01 3.55e+01  2e+01  1e+02 9:39.1
   84    672 4.759868722132869e-01 3.1e+01 3.19e+01  2e+01  7e+01 10:15.7
   89    712 2.057823129251697e-01 3.3e+01 3.08e+01  1e+01  7e+01 10:54.4
   94    752 2.516372516372516e-01 5.2e+01 4.21e+01  2e+01  1e+02 11:31.8
   99    792 4.367015098722414e-01 4.4e+01 5.22e+01  2e+01  1e+02 12:11.2
  100    800 2.128639334521685e-01 4.5e+01 4.81e+01  2e+01  1e+02 12:18.9
  105    840 2.855866355866353e-01 5.5e+01 4.52e+01  2e+01  1e+02 12:56.4
  110    880 2.663496699291583e-01 5.5e+01 5.68e+01  2e+01  1e+02 13:33.7
  116    928 2.501089324618733e-01 4.2e+01 4.90e+01  2e+01  8e+01 14:18.2
  122    976 1.816305469556240e-01 6.5e+01 3.43e+01  9e+00  6e+01 15:03.2
  128   1024 5.270092226613676e-03 9.5e+01 2.76e+01  6e+00  5e+01 15:47.8
  134   1072 3.728177449841723e-01 8.0e+01 2.06e+01  4e+00  3e+01 16:33.3
  140   1120 1.974379672874741e-01 1.1e+02 1.39e+01  3e+00  2e+01 17:19.3
  146   1168 1.019167835437429e-03 1.0e+02 2.27e+01  5e+00  2e+01 18:04.1
  152   1216 2.763207608624842e-01 9.2e+01 2.47e+01  6e+00  2e+01 18:49.1
  158   1264 5.420950829685456e-02 7.8e+01 4.94e+01  2e+01  5e+01 19:34.5
  165   1320 3.864888322085834e-01 8.0e+01 4.10e+01  1e+01  3e+01 20:27.4
  172   1376 5.214082214082212e-01 8.4e+01 5.83e+01  1e+01  5e+01 21:19.7
  179   1432 4.364542672311100e-01 6.1e+01 4.85e+01  1e+01  3e+01 22:11.2
  186   1488 1.709401709401710e-01 4.7e+01 2.87e+01  6e+00  1e+01 23:03.9
  193   1544 2.576386101074976e-01 4.5e+01 1.35e+01  2e+00  4e+00 23:55.5
  200   1600 2.000255574723656e-01 1.0e+02 1.10e+01  2e+00  4e+00 24:47.4
  208   1664 2.911976911976910e-01 1.1e+02 1.54e+01  2e+00  5e+00 25:46.4
  216   1728 3.481803854144275e-01 1.5e+02 1.56e+01  2e+00  6e+00 26:44.6
  224   1792 2.164424890006281e-01 1.5e+02 1.23e+01  1e+00  5e+00 27:44.1
  232   1856 1.768189276645672e-01 1.8e+02 7.64e+00  5e-01  3e+00 28:43.3
  240   1920 1.148148148148148e-01 2.5e+02 1.29e+01  9e-01  4e+00 29:43.0
  248   1984 1.995642701525049e-01 2.5e+02 1.37e+01  8e-01  4e+00 30:42.1
  256   2048 2.252252252252784e-03 2.0e+02 8.26e+00  5e-01  2e+00 31:40.7
  264   2112 1.238606354885421e-01 1.8e+02 1.35e+01  6e-01  3e+00 32:40.4
  273   2184 3.355892717594833e-02 2.0e+02 1.51e+01  4e-01  3e+00 33:46.8
  282   2256 4.469585864934511e-03 3.3e+02 7.50e+00  2e-01  1e+00 34:53.9
  291   2328 4.969952577543846e-03 8.3e+01 8.25e+00  2e-01  5e-01 36:03.6
  300   2400 9.209209209209090e-03 2.4e+01 7.75e+00  1e-01  2e-01 37:11.2
termination on maxiter=300
final/bestever f-value = 9.209209e-03 1.019168e-03
incumbent solution: [-1.6698655903650503, -57.99829954236844, 208.41873962976422, 84.81422322079433]
std deviation: [0.14879983705063277, 0.16519136895830713, 0.20438701378502452, 0.18990662355492918]
CMAEvolutionStrategyResult(xbest=array([  83.59597884, -103.40171876,  210.87495505,  -74.38465992]), fbest=0.001019167835437429, evals_best=1164, evaluations=2400, iterations=300, xfavorite=array([ -1.66986559, -57.99829954, 208.41873963,  84.81422322]), stds=array([0.14879984, 0.16519137, 0.20438701, 0.18990662]), stop={'maxiter': 300})
5 10
(4_w,8)-aCMA-ES (mu_w=2.6,w_1=52%) in dimension 4 (seed=564434, Tue Jun 22 16:48:25 2021)
Iterat #Fevals   function value  axis ratio  sigma  min&max std  t[m:s]
    1      8 3.439515715616653e-01 1.0e+00 1.61e+00  1e+00  2e+00 0:07.2
    2     16 3.576576576576577e-01 1.4e+00 1.91e+00  2e+00  2e+00 0:14.8
    3     24 1.722791114095459e-01 1.9e+00 1.83e+00  1e+00  2e+00 0:22.0
    4     32 2.297847236803948e-01 2.3e+00 1.73e+00  1e+00  2e+00 0:29.3
    5     40 4.944896115627821e-01 2.2e+00 1.95e+00  2e+00  2e+00 0:36.9
    6     48 1.850649350649349e-01 2.4e+00 2.01e+00  2e+00  2e+00 0:44.1
    7     56 4.535147392290328e-03 2.6e+00 2.31e+00  2e+00  2e+00 0:51.4
    8     64 2.365079365079364e-01 2.6e+00 2.73e+00  2e+00  3e+00 0:58.6
   10     80 2.715636609253629e-01 3.5e+00 3.37e+00  3e+00  5e+00 1:13.2
   12     96 7.404712404712432e-02 4.4e+00 3.28e+00  2e+00  4e+00 1:27.6
   14    112 4.159957058507724e-02 4.4e+00 4.55e+00  3e+00  6e+00 1:42.2
   16    128 1.671497584541060e-01 3.7e+00 4.89e+00  4e+00  6e+00 1:56.8
   18    144 2.717857176061509e-01 4.0e+00 3.58e+00  3e+00  4e+00 2:11.7
   20    160 9.817855100873740e-03 3.3e+00 2.46e+00  2e+00  3e+00 2:27.0
   22    176 1.546400885935770e-01 3.9e+00 1.96e+00  1e+00  2e+00 2:42.1
   25    200 1.940405337067721e-01 3.8e+00 1.61e+00  8e-01  2e+00 3:04.0
   28    224 3.710859092733876e-02 4.5e+00 1.61e+00  8e-01  2e+00 3:26.4
   31    248 8.679549114331697e-02 5.9e+00 1.92e+00  1e+00  2e+00 3:48.6
   34    272 2.531805112450273e-01 5.4e+00 1.86e+00  8e-01  2e+00 4:10.6
   37    296 1.472540235606435e-01 7.6e+00 2.35e+00  1e+00  3e+00 4:32.4
   40    320 7.109620542384842e-04 6.6e+00 2.33e+00  8e-01  3e+00 4:54.7
   43    344 2.031443207914041e-03 9.8e+00 1.60e+00  5e-01  2e+00 5:16.7
   46    368 3.371212121212086e-02 9.8e+00 1.12e+00  3e-01  1e+00 5:38.9
   50    400 5.394906511927844e-02 1.1e+01 1.06e+00  2e-01  1e+00 6:08.8
   54    432 4.288488510087385e-02 9.6e+00 8.66e-01  2e-01  7e-01 6:39.2
   58    464 3.761143818334767e-02 6.4e+00 7.65e-01  2e-01  5e-01 7:08.7
   62    496 3.086419753086433e-03 6.2e+00 8.37e-01  1e-01  5e-01 7:38.3
   66    528 8.821548821548508e-03 4.4e+00 6.69e-01  1e-01  3e-01 8:07.8
   70    560 9.998876530726508e-03 3.4e+00 7.10e-01  9e-02  3e-01 8:37.3
   74    592 1.847745750184426e-03 3.0e+00 6.99e-01  1e-01  2e-01 9:06.6
   79    632 7.526242820360407e-04 2.5e+00 6.38e-01  1e-01  2e-01 9:43.5
   84    672 8.105369807496876e-03 3.8e+00 6.64e-01  8e-02  2e-01 10:20.2
   89    712 7.846660676849027e-03 4.2e+00 3.94e-01  4e-02  8e-02 10:57.7
   94    752 2.234696605185760e-02 5.4e+00 3.33e-01  3e-02  7e-02 11:34.7
   99    792 5.332501213508012e-02 5.9e+00 5.98e-01  5e-02  1e-01 12:10.9
  100    800 3.152947681249507e-02 5.4e+00 6.81e-01  5e-02  1e-01 12:18.3
  106    848 2.267573696145719e-03 6.9e+00 4.98e-01  3e-02  1e-01 13:01.4
  112    896 8.106436677864703e-03 1.3e+01 8.36e-01  5e-02  2e-01 13:44.9
  118    944 6.570826145294584e-03 1.6e+01 8.65e-01  4e-02  2e-01 14:30.0
  124    992 7.028455284552804e-02 1.3e+01 9.71e-01  4e-02  2e-01 15:14.5
  130   1040 7.045177045176987e-02 1.4e+01 7.40e-01  3e-02  1e-01 15:58.1
  136   1088 8.492063492063218e-03 1.3e+01 9.36e-01  4e-02  2e-01 16:41.7
  142   1136 4.849131938651552e-03 1.5e+01 5.95e-01  2e-02  1e-01 17:27.2
  148   1184 6.719717064544994e-03 2.1e+01 1.03e+00  3e-02  2e-01 18:12.0
  155   1240 3.061598183549119e-03 2.2e+01 7.67e-01  2e-02  1e-01 19:02.5
  162   1296 1.258998222945085e-02 2.7e+01 4.83e-01  1e-02  9e-02 19:54.3
  167   1336 1.427144284289472e-04 3.2e+01 9.38e-01  2e-02  2e-01 20:32.2
termination on ftarget=0.0005
final/bestever f-value = 1.427144e-04 1.427144e-04
incumbent solution: [-0.3865905579675194, 10.6640991185257, -4.457812710465277, 13.925765774833206]
std deviation: [0.12907643350145065, 0.07914181791781424, 0.1573078603545031, 0.024712912569877944]
CMAEvolutionStrategyResult(xbest=array([-0.36472433, 10.66983887, -4.44746399, 13.92893633]), fbest=0.00014271442842894722, evals_best=1336, evaluations=1336, iterations=167, xfavorite=array([-0.38659056, 10.66409912, -4.45781271, 13.92576577]), stds=array([0.12907643, 0.07914182, 0.15730786, 0.02471291]), stop={'ftarget': 0.0005})
6 10
(4_w,8)-aCMA-ES (mu_w=2.6,w_1=52%) in dimension 4 (seed=585736, Tue Jun 22 17:08:57 2021)
Iterat #Fevals   function value  axis ratio  sigma  min&max std  t[m:s]
    1      8 1.748473748473746e-01 1.0e+00 1.68e+00  2e+00  2e+00 0:07.1
    2     16 9.253184441154305e-02 1.4e+00 1.56e+00  1e+00  2e+00 0:14.5
    3     24 1.387909648779206e-02 1.4e+00 1.48e+00  1e+00  2e+00 0:21.7
    4     32 8.167401327456025e-02 1.6e+00 1.26e+00  1e+00  1e+00 0:29.0
    5     40 4.107417951467198e-01 1.7e+00 1.09e+00  8e-01  1e+00 0:36.0
    6     48 1.663252470799640e-01 1.8e+00 9.75e-01  7e-01  1e+00 0:43.3
    7     56 2.844307534334478e-02 1.8e+00 9.18e-01  7e-01  9e-01 0:50.4
    8     64 3.463203463203435e-02 1.9e+00 7.80e-01  6e-01  8e-01 0:57.7
   10     80 1.269841269840977e-03 2.2e+00 6.14e-01  4e-01  6e-01 1:12.4
   12     96 5.434618291761151e-02 2.3e+00 4.89e-01  3e-01  5e-01 1:27.2
   14    112 6.543421637760671e-03 2.6e+00 5.24e-01  3e-01  5e-01 1:41.8
   16    128 1.149721149721206e-02 2.5e+00 4.64e-01  3e-01  4e-01 1:56.4
   18    144 2.254629881554915e-02 3.3e+00 4.72e-01  2e-01  5e-01 2:10.9
   20    160 2.126528442317976e-02 3.2e+00 3.48e-01  1e-01  3e-01 2:25.4
   22    176 6.397306397305624e-03 3.4e+00 3.75e-01  2e-01  4e-01 2:40.6
   25    200 3.485838779956785e-03 4.3e+00 4.71e-01  2e-01  4e-01 3:02.7
   28    224 2.428435761769032e-02 4.3e+00 3.10e-01  1e-01  3e-01 3:24.6
   31    248 7.275219539370825e-03 3.9e+00 2.79e-01  1e-01  2e-01 3:47.6
   34    272 1.808497460671310e-02 5.1e+00 2.53e-01  1e-01  2e-01 4:09.4
   37    296 3.488574917149823e-04 6.3e+00 2.20e-01  1e-01  2e-01 4:31.4
termination on ftarget=0.0005
final/bestever f-value = 3.488575e-04 3.488575e-04
incumbent solution: [-0.28487161847083686, 5.034683877005252, 0.5641202115793685, 2.8893256988912457]
std deviation: [0.09792968021527995, 0.17188724561231825, 0.09919775960999562, 0.1215091971479383]
CMAEvolutionStrategyResult(xbest=array([-0.3370385 ,  5.0987864 ,  0.5054654 ,  2.75292384]), fbest=0.00034885749171498226, evals_best=291, evaluations=296, iterations=37, xfavorite=array([-0.28487162,  5.03468388,  0.56412021,  2.8893257 ]), stds=array([0.09792968, 0.17188725, 0.09919776, 0.1215092 ]), stop={'ftarget': 0.0005})
7 10
(4_w,8)-aCMA-ES (mu_w=2.6,w_1=52%) in dimension 4 (seed=506054, Tue Jun 22 17:13:29 2021)
Iterat #Fevals   function value  axis ratio  sigma  min&max std  t[m:s]
    1      8 2.689027951606174e-01 1.0e+00 1.32e+00  1e+00  1e+00 0:07.7
    2     16 6.574074074074066e-02 1.1e+00 1.61e+00  1e+00  2e+00 0:15.2
    3     24 2.749480249480251e-01 1.6e+00 1.64e+00  1e+00  2e+00 0:24.1
    4     32 2.114898989898988e-01 1.8e+00 1.58e+00  1e+00  2e+00 0:31.5
    5     40 3.714317239639980e-01 2.0e+00 1.48e+00  1e+00  2e+00 0:38.8
    6     48 7.451352634076891e-02 1.8e+00 1.43e+00  1e+00  1e+00 0:46.1
    7     56 3.420373952288844e-01 1.8e+00 1.19e+00  9e-01  1e+00 0:53.7
    8     64 1.880861455329538e-01 1.8e+00 8.98e-01  7e-01  8e-01 1:01.0
   10     80 1.090847686592367e-01 1.7e+00 7.14e-01  5e-01  6e-01 1:15.4
   12     96 3.776899429073277e-02 2.0e+00 5.48e-01  3e-01  5e-01 1:30.1
   14    112 3.955761798413904e-02 1.7e+00 4.73e-01  3e-01  4e-01 1:44.8
   16    128 2.199602780536214e-02 2.3e+00 4.54e-01  3e-01  4e-01 1:59.6
   18    144 5.612244897959862e-03 2.3e+00 3.75e-01  2e-01  3e-01 2:14.3
   20    160 1.481481481481473e-02 2.5e+00 2.84e-01  1e-01  2e-01 2:28.7
   22    176 3.180509413067512e-02 2.2e+00 2.30e-01  1e-01  2e-01 2:43.4
   25    200 2.423969587835151e-02 2.9e+00 2.17e-01  1e-01  2e-01 3:05.0
   28    224 1.124871001031957e-02 2.8e+00 1.94e-01  9e-02  1e-01 3:26.7
   31    248 7.082165343672342e-03 2.4e+00 1.75e-01  7e-02  1e-01 3:48.1
   34    272 2.743393800304339e-02 3.1e+00 2.00e-01  6e-02  1e-01 4:09.5
   37    296 2.127814088598390e-02 3.4e+00 1.50e-01  4e-02  1e-01 4:30.9
   40    320 1.071943929086761e-02 3.6e+00 1.50e-01  3e-02  1e-01 4:53.6
   43    344 1.020303527481570e-02 3.8e+00 1.12e-01  2e-02  6e-02 5:15.5
   47    376 2.201058201058181e-02 3.6e+00 1.15e-01  2e-02  5e-02 5:43.6
   51    408 1.421568627450931e-02 3.2e+00 9.01e-02  1e-02  4e-02 6:12.0
   55    440 7.403396413134367e-03 3.7e+00 8.60e-02  1e-02  4e-02 6:41.1
   59    472 4.309764309764264e-03 5.5e+00 6.90e-02  9e-03  4e-02 7:11.5
   63    504 1.071943929086761e-02 5.6e+00 6.98e-02  8e-03  3e-02 7:41.1
   67    536 1.673935068939736e-02 4.5e+00 4.29e-02  4e-03  2e-02 8:10.5
   71    568 1.724995435686827e-03 7.3e+00 3.46e-02  3e-03  2e-02 8:40.3
   75    600 9.143311468892468e-03 9.2e+00 2.40e-02  2e-03  1e-02 9:09.3
   80    640 1.225692322120997e-03 9.6e+00 4.12e-02  3e-03  2e-02 9:46.6
   85    680 7.140522875817235e-03 1.2e+01 5.12e-02  4e-03  2e-02 10:23.1
   90    720 3.452991452991494e-02 1.5e+01 3.94e-02  3e-03  2e-02 10:59.6
   95    760 4.748338081671521e-03 1.8e+01 4.47e-02  3e-03  3e-02 11:36.1
  100    800 2.056590752242959e-02 2.1e+01 5.25e-02  4e-03  3e-02 12:12.8
  105    840 3.749655362558446e-03 2.1e+01 4.37e-02  3e-03  2e-02 12:51.5
  108    864 1.139990880076880e-04 2.2e+01 1.04e-01  7e-03  6e-02 13:12.7
termination on ftarget=0.0005
final/bestever f-value = 1.139991e-04 1.139991e-04
incumbent solution: [4.48776506285408, 2.466861888171807, -1.4980955255601653, 5.653034858655951]
std deviation: [0.014843715536398978, 0.0067928949075902224, 0.05758691482618665, 0.017813199647538303]
CMAEvolutionStrategyResult(xbest=array([ 4.49466262,  2.46525649, -1.47683285,  5.64948956]), fbest=0.00011399908800768799, evals_best=859, evaluations=864, iterations=108, xfavorite=array([ 4.48776506,  2.46686189, -1.49809553,  5.65303486]), stds=array([0.01484372, 0.00679289, 0.05758691, 0.0178132 ]), stop={'ftarget': 0.0005})
8 10
(4_w,8)-aCMA-ES (mu_w=2.6,w_1=52%) in dimension 4 (seed=441755, Tue Jun 22 17:26:42 2021)
Iterat #Fevals   function value  axis ratio  sigma  min&max std  t[m:s]
    1      8 2.506310226052517e-01 1.0e+00 1.49e+00  1e+00  2e+00 0:07.1
    2     16 3.203855246408435e-01 1.3e+00 1.43e+00  1e+00  2e+00 0:14.8
    3     24 1.270531400966181e-01 1.4e+00 1.31e+00  1e+00  1e+00 0:22.0
    4     32 1.586020409549822e-01 1.5e+00 1.07e+00  8e-01  1e+00 0:29.8
    5     40 1.046153846153843e-01 1.6e+00 9.51e-01  6e-01  1e+00 0:38.4
    6     48 2.464339339339338e-01 1.8e+00 8.00e-01  5e-01  8e-01 0:45.4
    7     56 4.821253737662368e-02 2.0e+00 8.06e-01  5e-01  8e-01 0:53.1
    8     64 1.562777284826971e-01 2.0e+00 7.57e-01  4e-01  7e-01 1:00.4
   10     80 3.042735042735023e-02 2.4e+00 5.73e-01  3e-01  5e-01 1:15.2
   12     96 4.191531685137795e-02 2.3e+00 5.36e-01  3e-01  5e-01 1:29.3
   14    112 8.061002178649235e-02 2.0e+00 7.17e-01  5e-01  6e-01 1:44.4
   16    128 4.988662131519495e-03 2.3e+00 4.84e-01  3e-01  3e-01 1:58.9
   18    144 3.644986449864485e-02 2.3e+00 3.95e-01  2e-01  3e-01 2:12.9
   20    160 9.150326797385255e-03 2.1e+00 3.52e-01  2e-01  2e-01 2:27.2
   22    176 2.871475523266165e-03 2.1e+00 2.91e-01  2e-01  2e-01 2:41.7
   25    200 4.134987328264783e-03 2.7e+00 2.16e-01  1e-01  1e-01 3:03.4
   28    224 1.486572890025584e-02 2.6e+00 2.17e-01  9e-02  1e-01 3:25.0
   31    248 3.364248045099272e-03 2.7e+00 2.22e-01  9e-02  1e-01 3:46.7
   34    272 7.894736842104844e-03 2.3e+00 2.23e-01  9e-02  1e-01 4:09.1
   37    296 5.638291352576874e-03 2.6e+00 1.29e-01  5e-02  8e-02 4:33.6
   40    320 7.138717665033711e-03 3.0e+00 8.81e-02  3e-02  5e-02 4:56.1
   43    344 6.708836496070791e-03 3.7e+00 8.85e-02  3e-02  7e-02 5:17.6
   47    376 3.196930946291143e-03 5.0e+00 8.84e-02  2e-02  7e-02 5:46.4
   51    408 1.005530417295097e-02 5.9e+00 1.16e-01  4e-02  8e-02 6:15.6
   55    440 8.445429908845226e-03 5.7e+00 1.03e-01  4e-02  7e-02 6:44.8
   59    472 1.353535353535296e-02 7.8e+00 9.63e-02  3e-02  7e-02 7:14.1
   63    504 3.856209150326761e-02 9.3e+00 1.15e-01  3e-02  9e-02 7:43.8
   67    536 1.365176151761494e-02 9.3e+00 1.04e-01  3e-02  7e-02 8:14.1
   71    568 6.314806624403757e-03 9.5e+00 8.41e-02  2e-02  5e-02 8:43.7
   76    608 4.487717531195368e-03 1.0e+01 8.33e-02  2e-02  5e-02 9:19.5
   77    616 2.220446049250313e-16 1.2e+01 9.18e-02  3e-02  6e-02 9:27.4
termination on ftarget=0.0005
final/bestever f-value = 2.220446e-16 2.220446e-16
incumbent solution: [1.9295428245306419, 3.3808305522225077, 2.250195107244706, 4.795011184756238]
std deviation: [0.04990529245682776, 0.026339673666902905, 0.06356489005635907, 0.029450441023275785]
CMAEvolutionStrategyResult(xbest=array([1.91284744, 3.3933591 , 2.2699872 , 4.78681956]), fbest=2.220446049250313e-16, evals_best=609, evaluations=616, iterations=77, xfavorite=array([1.92954282, 3.38083055, 2.25019511, 4.79501118]), stds=array([0.04990529, 0.02633967, 0.06356489, 0.02945044]), stop={'ftarget': 0.0005})
9 10
(4_w,8)-aCMA-ES (mu_w=2.6,w_1=52%) in dimension 4 (seed=540561, Tue Jun 22 17:36:09 2021)
Iterat #Fevals   function value  axis ratio  sigma  min&max std  t[m:s]
    1      8 2.468337903120510e-01 1.0e+00 1.93e+00  2e+00  2e+00 0:07.2
    2     16 3.497076023391809e-01 1.4e+00 2.00e+00  2e+00  2e+00 0:15.2
    3     24 3.611111111111110e-01 1.5e+00 2.04e+00  2e+00  2e+00 0:22.6
    4     32 1.631546927714173e-01 1.3e+00 2.00e+00  2e+00  2e+00 0:29.6
    5     40 5.161149123413271e-01 1.5e+00 1.93e+00  2e+00  2e+00 0:37.3
    6     48 2.475987685046915e-01 1.4e+00 1.69e+00  1e+00  2e+00 0:44.5
    7     56 1.458443737855499e-01 1.5e+00 1.54e+00  1e+00  2e+00 0:51.8
    8     64 9.095238095238056e-02 1.8e+00 1.60e+00  1e+00  2e+00 0:59.5
   10     80 2.808784711223733e-01 2.7e+00 1.54e+00  9e-01  2e+00 1:13.5
   12     96 1.449173917765894e-01 3.1e+00 1.49e+00  9e-01  2e+00 1:27.9
   14    112 9.406911476296709e-02 3.7e+00 1.25e+00  6e-01  2e+00 1:42.5
   16    128 4.375752709755876e-03 4.1e+00 1.05e+00  5e-01  1e+00 1:57.1
   18    144 1.463914507392827e-02 3.3e+00 8.06e-01  4e-01  1e+00 2:12.9
   20    160 1.772382207164780e-02 3.2e+00 5.82e-01  3e-01  6e-01 2:27.4
   22    176 8.012093726379454e-03 3.1e+00 5.15e-01  3e-01  5e-01 2:42.4
   25    200 3.725490196078407e-02 3.6e+00 3.48e-01  2e-01  3e-01 3:03.9
   28    224 8.512122797836863e-03 3.6e+00 2.66e-01  9e-02  2e-01 3:26.0
   31    248 1.005530417294898e-03 3.6e+00 1.89e-01  5e-02  1e-01 3:47.9
   34    272 3.701890384876894e-02 3.6e+00 1.52e-01  4e-02  1e-01 4:09.7
   37    296 1.222450597753666e-02 4.5e+00 1.84e-01  5e-02  2e-01 4:31.5
   40    320 9.313644156850209e-03 4.9e+00 1.69e-01  4e-02  1e-01 4:53.6
   43    344 2.616482212796423e-03 4.7e+00 1.45e-01  3e-02  9e-02 5:16.3
   46    368 6.211180124223503e-03 4.8e+00 1.65e-01  3e-02  1e-01 5:38.7
   50    400 5.875077303648668e-03 4.4e+00 1.35e-01  2e-02  9e-02 6:08.2
   51    408 1.949317738794143e-04 5.3e+00 1.12e-01  2e-02  7e-02 6:15.4
termination on ftarget=0.0005
final/bestever f-value = 1.949318e-04 1.949318e-04
incumbent solution: [2.469433676728778, 5.444620302945237, 3.435354553015512, 4.313093309719349]
std deviation: [0.0708483353981709, 0.02354283331603734, 0.04421052205110107, 0.01748427612631183]
CMAEvolutionStrategyResult(xbest=array([2.51402499, 5.46956569, 3.42804462, 4.3003797 ]), fbest=0.0001949317738794143, evals_best=407, evaluations=408, iterations=51, xfavorite=array([2.46943368, 5.4446203 , 3.43535455, 4.31309331]), stds=array([0.07084834, 0.02354283, 0.04421052, 0.01748428]), stop={'ftarget': 0.0005})
