1024
0 10
(4_w,8)-aCMA-ES (mu_w=2.6,w_1=52%) in dimension 4 (seed=567000, Tue Jun 22 15:45:40 2021)
circuitVTD.py:347: DeprecationWarning: The QuantumCircuit.__add__() method is being deprecated.Use the compose() method which is more flexible w.r.t circuit register compatibility.
  TrotterFixStepList.append(TrotterFixStepList[-1] + U_trot)
/home/nfb1/.local/lib/python3.7/site-packages/qiskit/circuit/quantumcircuit.py:869: DeprecationWarning: The QuantumCircuit.combine() method is being deprecated. Use the compose() method which is more flexible w.r.t circuit register compatibility.
  return self.combine(rhs)
Iterat #Fevals   function value  axis ratio  sigma  min&max std  t[m:s]
    1      8 3.489299485882813e-01 1.0e+00 1.48e+00  1e+00  2e+00 0:06.1
    2     16 2.713652875885382e-01 1.4e+00 1.43e+00  1e+00  1e+00 0:12.0
    3     24 2.845119486458492e-03 1.5e+00 1.20e+00  1e+00  1e+00 0:18.0
    4     32 1.172738725023996e-01 1.3e+00 1.19e+00  1e+00  1e+00 0:23.9
    5     40 2.676675056059835e-01 1.7e+00 1.34e+00  1e+00  1e+00 0:29.8
    6     48 7.776232425223573e-02 2.0e+00 1.14e+00  1e+00  1e+00 0:35.7
    8     64 4.573373620237015e-01 2.3e+00 1.23e+00  1e+00  2e+00 0:47.8
   10     80 1.253995988740351e-01 2.4e+00 9.03e-01  7e-01  1e+00 0:60.0
   12     96 1.030998283955920e-02 2.3e+00 6.53e-01  4e-01  6e-01 1:12.3
   14    112 8.481011869534072e-02 2.5e+00 6.28e-01  4e-01  5e-01 1:24.2
   16    128 2.501721649623145e-02 2.2e+00 5.40e-01  3e-01  4e-01 1:36.5
   18    144 2.775369207699474e-02 2.1e+00 3.89e-01  2e-01  3e-01 1:48.9
   20    160 2.148950374601244e-02 2.2e+00 3.00e-01  1e-01  2e-01 2:01.2
   23    184 4.056069495135484e-03 2.0e+00 2.74e-01  1e-01  2e-01 2:19.7
   26    208 2.107377282626999e-03 2.2e+00 2.24e-01  8e-02  1e-01 2:37.9
   29    232 7.996541906700072e-03 3.0e+00 2.09e-01  6e-02  1e-01 2:55.8
   32    256 2.408664149352369e-03 3.1e+00 1.67e-01  5e-02  1e-01 3:14.2
   35    280 1.090789499968770e-03 4.1e+00 1.51e-01  4e-02  1e-01 3:32.8
   36    288 4.679476872798682e-04 4.6e+00 1.74e-01  5e-02  1e-01 3:38.9
termination on ftarget=0.0005
final/bestever f-value = 4.679477e-04 4.679477e-04
incumbent solution: [1.9282677079084396, 3.7289888668435545, 4.153475925589804, 2.616614702436568]
std deviation: [0.048211207254186816, 0.12767470873002232, 0.10703705588317311, 0.07124855863107332]
CMAEvolutionStrategyResult(xbest=array([1.89216291, 3.78893911, 4.12590572, 2.62048233]), fbest=0.00046794768727986824, evals_best=281, evaluations=288, iterations=36, xfavorite=array([1.92826771, 3.72898887, 4.15347593, 2.6166147 ]), stds=array([0.04821121, 0.12767471, 0.10703706, 0.07124856]), stop={'ftarget': 0.0005})
1 10
(4_w,8)-aCMA-ES (mu_w=2.6,w_1=52%) in dimension 4 (seed=531949, Tue Jun 22 15:49:19 2021)
Iterat #Fevals   function value  axis ratio  sigma  min&max std  t[m:s]
    1      8 5.540930823949664e-02 1.0e+00 1.47e+00  1e+00  2e+00 0:07.2
    2     16 3.887569572522355e-01 1.3e+00 1.46e+00  1e+00  2e+00 0:14.8
    3     24 3.952486689555651e-01 1.4e+00 1.49e+00  1e+00  2e+00 0:22.4
    4     32 2.888129934701231e-01 1.6e+00 1.46e+00  1e+00  2e+00 0:31.2
    5     40 3.528727067813364e-01 1.7e+00 1.36e+00  1e+00  2e+00 0:38.7
    6     48 3.043094540645429e-01 1.9e+00 1.18e+00  1e+00  1e+00 0:46.0
    7     56 2.570804123974793e-01 2.1e+00 1.22e+00  1e+00  1e+00 0:54.3
    8     64 1.901965187768676e-01 2.1e+00 1.14e+00  9e-01  1e+00 1:01.5
   10     80 8.040230931800396e-03 1.7e+00 9.59e-01  7e-01  8e-01 1:15.9
   12     96 2.360118908356713e-01 1.6e+00 8.09e-01  6e-01  6e-01 1:30.4
   14    112 3.865460760035877e-02 2.2e+00 7.10e-01  4e-01  6e-01 1:45.7
   16    128 4.323058420961146e-02 2.5e+00 6.33e-01  3e-01  6e-01 2:00.4
   18    144 2.789855846367029e-02 2.7e+00 6.47e-01  3e-01  6e-01 2:15.0
   20    160 1.006966797359121e-03 2.6e+00 5.79e-01  3e-01  5e-01 2:29.4
   22    176 4.050655302864747e-03 3.0e+00 4.32e-01  2e-01  3e-01 2:44.1
   25    200 8.353143915854400e-03 4.1e+00 4.29e-01  2e-01  4e-01 3:06.0
   28    224 2.337709017323930e-02 4.5e+00 4.79e-01  2e-01  4e-01 3:29.0
   31    248 2.426060600188018e-04 4.4e+00 3.18e-01  1e-01  2e-01 3:51.1
termination on ftarget=0.0005
final/bestever f-value = 2.426061e-04 2.426061e-04
incumbent solution: [-0.40142244819945655, 2.964380212089589, 3.786446107661514, 5.651346687694125]
std deviation: [0.12650809369335123, 0.19990280126749288, 0.15004971962086847, 0.2021664546999977]
CMAEvolutionStrategyResult(xbest=array([-0.49388891,  2.9329819 ,  3.78283955,  5.67909403]), fbest=0.0002426060600188018, evals_best=246, evaluations=248, iterations=31, xfavorite=array([-0.40142245,  2.96438021,  3.78644611,  5.65134669]), stds=array([0.12650809, 0.1999028 , 0.15004972, 0.20216645]), stop={'ftarget': 0.0005})
2 10
(4_w,8)-aCMA-ES (mu_w=2.6,w_1=52%) in dimension 4 (seed=583855, Tue Jun 22 15:53:10 2021)
Iterat #Fevals   function value  axis ratio  sigma  min&max std  t[m:s]
    1      8 5.515588173116834e-01 1.0e+00 1.38e+00  1e+00  1e+00 0:07.3
    2     16 3.012279979980980e-01 1.3e+00 1.51e+00  1e+00  2e+00 0:14.7
    3     24 2.356896247701552e-01 1.6e+00 1.45e+00  1e+00  2e+00 0:22.1
    4     32 4.122056366957570e-01 1.9e+00 1.49e+00  1e+00  2e+00 0:29.5
    5     40 2.954824908627898e-01 2.1e+00 1.43e+00  1e+00  2e+00 0:37.1
    6     48 4.957759465438250e-02 2.1e+00 1.34e+00  9e-01  2e+00 0:44.4
    7     56 2.691783693546518e-01 2.0e+00 1.42e+00  9e-01  2e+00 0:52.2
    8     64 1.563319644314065e-01 2.2e+00 1.20e+00  7e-01  1e+00 0:59.4
   10     80 8.582713369425143e-02 2.3e+00 8.63e-01  5e-01  8e-01 1:14.7
   12     96 5.971840688032604e-02 2.3e+00 6.54e-01  4e-01  6e-01 1:29.4
   14    112 8.078044309019583e-02 2.1e+00 5.69e-01  3e-01  5e-01 1:43.9
   16    128 1.596401723019836e-02 2.2e+00 4.84e-01  2e-01  4e-01 1:59.2
   18    144 2.780495649729486e-03 2.1e+00 3.85e-01  2e-01  3e-01 2:14.5
   20    160 1.384692777207686e-02 2.3e+00 3.05e-01  1e-01  2e-01 2:29.7
   22    176 5.588393308083139e-03 2.1e+00 2.67e-01  1e-01  2e-01 2:44.7
   23    184 3.069846360581607e-05 1.8e+00 2.35e-01  1e-01  1e-01 2:52.3
termination on ftarget=0.0005
final/bestever f-value = 3.069846e-05 3.069846e-05
incumbent solution: [4.036810604605474, 1.598804502223898, 3.7357402219442366, 2.369445176848393]
std deviation: [0.13173377257394425, 0.10103978182918161, 0.11003997388974834, 0.1049660296146157]
CMAEvolutionStrategyResult(xbest=array([3.92997854, 1.57799854, 3.69604275, 2.48783704]), fbest=3.069846360581607e-05, evals_best=177, evaluations=184, iterations=23, xfavorite=array([4.0368106 , 1.5988045 , 3.73574022, 2.36944518]), stds=array([0.13173377, 0.10103978, 0.11003997, 0.10496603]), stop={'ftarget': 0.0005})
3 10
(4_w,8)-aCMA-ES (mu_w=2.6,w_1=52%) in dimension 4 (seed=432153, Tue Jun 22 15:56:03 2021)
Iterat #Fevals   function value  axis ratio  sigma  min&max std  t[m:s]
    1      8 6.226404977326216e-02 1.0e+00 1.53e+00  1e+00  2e+00 0:07.4
    2     16 2.440517075871917e-01 1.3e+00 1.62e+00  1e+00  2e+00 0:15.0
    3     24 3.566164256152190e-01 1.7e+00 1.66e+00  1e+00  2e+00 0:22.5
    4     32 1.502273531913990e-01 1.8e+00 1.91e+00  2e+00  2e+00 0:29.7
    5     40 3.140078459959887e-01 2.2e+00 2.23e+00  2e+00  3e+00 0:37.0
    6     48 2.387842251088004e-01 3.1e+00 2.25e+00  2e+00  3e+00 0:44.3
    7     56 3.832105096038412e-01 3.4e+00 2.05e+00  2e+00  2e+00 0:51.5
    8     64 3.360821129665628e-01 3.5e+00 1.71e+00  1e+00  2e+00 0:59.0
   10     80 2.595284362861153e-01 3.1e+00 1.92e+00  1e+00  2e+00 1:13.3
   12     96 3.099863547582082e-01 3.0e+00 2.24e+00  2e+00  3e+00 1:27.8
   14    112 3.250141479377255e-02 3.3e+00 1.96e+00  1e+00  3e+00 1:42.9
   16    128 6.632934826142323e-02 4.5e+00 1.63e+00  1e+00  2e+00 1:57.6
   18    144 8.253935228463161e-02 3.9e+00 1.28e+00  9e-01  1e+00 2:12.1
   20    160 2.370684322331218e-02 4.3e+00 1.75e+00  1e+00  2e+00 2:27.0
   22    176 2.787585625083022e-02 4.2e+00 1.95e+00  1e+00  2e+00 2:42.4
   25    200 2.156882797297924e-01 5.2e+00 1.48e+00  6e-01  1e+00 3:04.7
   28    224 4.516901184371769e-02 7.0e+00 1.18e+00  4e-01  1e+00 3:26.3
   31    248 3.447544663715274e-02 5.4e+00 9.76e-01  3e-01  8e-01 3:48.7
   34    272 1.635484834095002e-02 6.5e+00 1.07e+00  3e-01  9e-01 4:11.3
   37    296 1.625844006568622e-03 6.5e+00 7.60e-01  2e-01  6e-01 4:33.7
   40    320 4.822609785237741e-03 5.9e+00 6.25e-01  2e-01  4e-01 4:55.7
   43    344 1.045597736845805e-02 7.5e+00 4.68e-01  1e-01  3e-01 5:17.5
   46    368 7.874054811069175e-03 8.4e+00 4.62e-01  1e-01  3e-01 5:40.1
   50    400 1.874638837159659e-02 8.4e+00 5.61e-01  1e-01  4e-01 6:09.8
   54    432 3.071913480903077e-03 8.0e+00 4.78e-01  1e-01  2e-01 6:39.3
   58    464 6.135843409924346e-03 7.2e+00 3.82e-01  7e-02  2e-01 7:10.2
   62    496 1.423490752598444e-02 8.8e+00 2.57e-01  5e-02  1e-01 7:40.4
   66    528 1.354081098451143e-02 6.5e+00 1.87e-01  3e-02  6e-02 8:10.6
   70    560 4.080975421757227e-03 8.2e+00 1.71e-01  3e-02  6e-02 8:40.9
   74    592 7.983032466764017e-04 9.9e+00 1.76e-01  3e-02  7e-02 9:10.8
   79    632 8.080032821943917e-03 1.2e+01 8.74e-02  1e-02  3e-02 9:47.8
   84    672 1.811454933869916e-04 1.4e+01 1.40e-01  2e-02  5e-02 10:25.1
termination on ftarget=0.0005
final/bestever f-value = 1.811455e-04 1.811455e-04
incumbent solution: [-0.9413392331898215, 9.747804476345319, -2.0364307000199235, -4.801578015128971]
std deviation: [0.01892083950766787, 0.037091995204222294, 0.018458965448677794, 0.04730381447112926]
CMAEvolutionStrategyResult(xbest=array([-0.9422308 ,  9.74812116, -2.03345279, -4.80579705]), fbest=0.0001811454933869916, evals_best=670, evaluations=672, iterations=84, xfavorite=array([-0.94133923,  9.74780448, -2.0364307 , -4.80157802]), stds=array([0.01892084, 0.037092  , 0.01845897, 0.04730381]), stop={'ftarget': 0.0005})
4 10
(4_w,8)-aCMA-ES (mu_w=2.6,w_1=52%) in dimension 4 (seed=524404, Tue Jun 22 16:06:28 2021)
Iterat #Fevals   function value  axis ratio  sigma  min&max std  t[m:s]
    1      8 2.812970100785983e-01 1.0e+00 1.60e+00  1e+00  2e+00 0:07.3
    2     16 4.294947993223133e-01 1.4e+00 1.33e+00  1e+00  1e+00 0:14.8
    3     24 3.087199036987298e-01 1.5e+00 1.45e+00  1e+00  2e+00 0:22.0
    4     32 3.194768615143909e-01 1.8e+00 1.17e+00  8e-01  1e+00 0:29.7
    5     40 3.682805145421799e-01 1.8e+00 1.01e+00  7e-01  1e+00 0:37.3
    6     48 1.051842475785344e-01 1.8e+00 9.94e-01  7e-01  1e+00 0:44.5
    7     56 2.896291111662441e-01 2.3e+00 1.05e+00  7e-01  1e+00 0:51.7
    8     64 1.581976034124357e-01 2.2e+00 1.10e+00  7e-01  1e+00 0:58.9
   10     80 1.487446853229872e-01 2.2e+00 8.66e-01  5e-01  9e-01 1:13.4
   12     96 2.609654741959788e-02 2.3e+00 7.16e-01  5e-01  6e-01 1:28.4
   14    112 6.212665028825881e-02 3.1e+00 6.62e-01  4e-01  7e-01 1:43.3
   16    128 2.177053913462657e-02 4.0e+00 4.94e-01  3e-01  5e-01 1:58.4
   18    144 1.784041705372152e-02 4.3e+00 4.61e-01  3e-01  4e-01 2:13.3
   20    160 4.061915123486859e-03 3.8e+00 3.41e-01  2e-01  3e-01 2:28.3
   22    176 9.695033017144916e-03 3.7e+00 2.90e-01  1e-01  2e-01 2:43.6
   24    192 5.006336927271593e-03 3.9e+00 2.44e-01  1e-01  2e-01 2:58.8
   27    216 8.698617980579137e-03 4.2e+00 1.87e-01  7e-02  1e-01 3:21.5
   30    240 6.795121650074232e-03 5.2e+00 1.72e-01  6e-02  1e-01 3:44.5
   33    264 3.749738136700431e-03 5.7e+00 1.18e-01  4e-02  7e-02 4:06.7
   36    288 1.054110601849290e-02 5.4e+00 9.73e-02  3e-02  5e-02 4:29.5
   39    312 6.359252827878303e-03 6.8e+00 7.60e-02  2e-02  4e-02 4:51.8
   42    336 6.998864963577711e-03 7.5e+00 8.03e-02  1e-02  5e-02 5:13.7
   45    360 1.169749715638735e-02 8.4e+00 7.26e-02  1e-02  4e-02 5:36.4
   47    376 1.720979059256500e-04 7.2e+00 7.42e-02  1e-02  4e-02 5:51.3
termination on ftarget=0.0005
final/bestever f-value = 1.720979e-04 1.720979e-04
incumbent solution: [7.224340191893892, 2.6106922361467655, 4.567861786672954, 2.1801749110594035]
std deviation: [0.023722391418481318, 0.038628723371720214, 0.013740359238623285, 0.0360539298741169]
CMAEvolutionStrategyResult(xbest=array([7.22776843, 2.6073889 , 4.5726708 , 2.18216952]), fbest=0.00017209790592565, evals_best=370, evaluations=376, iterations=47, xfavorite=array([7.22434019, 2.61069224, 4.56786179, 2.18017491]), stds=array([0.02372239, 0.03862872, 0.01374036, 0.03605393]), stop={'ftarget': 0.0005})
5 10
(4_w,8)-aCMA-ES (mu_w=2.6,w_1=52%) in dimension 4 (seed=563950, Tue Jun 22 16:12:19 2021)
Iterat #Fevals   function value  axis ratio  sigma  min&max std  t[m:s]
    1      8 2.490615202842642e-01 1.0e+00 1.44e+00  1e+00  2e+00 0:07.4
    2     16 3.097913187684107e-01 1.4e+00 1.37e+00  1e+00  2e+00 0:15.7
    3     24 2.667311895106437e-01 1.5e+00 1.28e+00  1e+00  1e+00 0:22.8
    4     32 4.263934764335726e-01 1.7e+00 1.38e+00  1e+00  2e+00 0:31.8
    5     40 4.515514550902782e-01 1.8e+00 1.53e+00  1e+00  2e+00 0:39.4
    6     48 1.827087449678023e-01 1.7e+00 1.28e+00  1e+00  1e+00 0:46.6
    7     56 2.534617750519288e-01 1.7e+00 1.01e+00  7e-01  1e+00 0:54.1
    8     64 1.203330129850891e-01 1.8e+00 9.12e-01  7e-01  9e-01 1:01.4
   10     80 6.085423965805781e-02 2.0e+00 7.60e-01  4e-01  7e-01 1:15.9
   12     96 3.497413097706004e-02 2.4e+00 5.11e-01  3e-01  5e-01 1:31.4
   14    112 4.819068976766228e-02 2.5e+00 4.61e-01  2e-01  4e-01 1:47.1
   16    128 2.717262892133143e-03 2.3e+00 3.69e-01  2e-01  3e-01 2:02.4
   18    144 1.166169543978857e-03 2.8e+00 3.22e-01  1e-01  3e-01 2:17.3
   20    160 3.989976439816245e-03 2.9e+00 3.47e-01  1e-01  3e-01 2:32.9
   22    176 6.744310938056386e-03 2.9e+00 3.14e-01  1e-01  3e-01 2:48.2
   24    192 3.323782851571977e-05 3.1e+00 3.33e-01  1e-01  3e-01 3:03.4
termination on ftarget=0.0005
final/bestever f-value = 3.323783e-05 3.323783e-05
incumbent solution: [1.5516101615338047, 0.8904164154611381, 0.5125964641765066, -1.1492508964961832]
std deviation: [0.30833657935779646, 0.13844195579103066, 0.1181390528211495, 0.1948915251122764]
CMAEvolutionStrategyResult(xbest=array([ 1.58241479,  0.81529785,  0.4773084 , -1.17118663]), fbest=3.323782851571977e-05, evals_best=191, evaluations=192, iterations=24, xfavorite=array([ 1.55161016,  0.89041642,  0.51259646, -1.1492509 ]), stds=array([0.30833658, 0.13844196, 0.11813905, 0.19489153]), stop={'ftarget': 0.0005})
6 10
(4_w,8)-aCMA-ES (mu_w=2.6,w_1=52%) in dimension 4 (seed=505230, Tue Jun 22 16:15:23 2021)
Iterat #Fevals   function value  axis ratio  sigma  min&max std  t[m:s]
    1      8 1.912930889346117e-01 1.0e+00 1.42e+00  1e+00  1e+00 0:07.3
    2     16 1.293124806091804e-01 1.3e+00 1.41e+00  1e+00  1e+00 0:14.9
    3     24 9.470733608664617e-02 1.6e+00 1.34e+00  1e+00  1e+00 0:22.3
    4     32 2.490276846075204e-01 1.8e+00 1.22e+00  9e-01  1e+00 0:29.8
    5     40 8.664830375133858e-02 1.8e+00 1.33e+00  9e-01  2e+00 0:37.6
    6     48 1.956894499275250e-01 1.9e+00 1.23e+00  7e-01  2e+00 0:44.8
    7     56 1.696306860892181e-01 2.4e+00 1.49e+00  8e-01  2e+00 0:52.3
    8     64 2.842257332849263e-02 2.9e+00 1.32e+00  7e-01  2e+00 0:60.0
   10     80 3.266080020586593e-03 3.4e+00 1.61e+00  7e-01  2e+00 1:14.9
   12     96 1.355524499192693e-01 4.0e+00 1.46e+00  6e-01  2e+00 1:30.6
   14    112 8.802538175183283e-03 4.1e+00 1.13e+00  4e-01  2e+00 1:45.6
   16    128 1.996271185422738e-02 4.6e+00 8.73e-01  3e-01  1e+00 2:00.3
   18    144 2.658751423254790e-02 5.6e+00 6.91e-01  2e-01  1e+00 2:14.9
   20    160 4.404661296915191e-03 6.4e+00 5.21e-01  1e-01  8e-01 2:29.9
   22    176 4.210543177525672e-03 7.0e+00 4.49e-01  1e-01  6e-01 2:45.4
   23    184 1.885156279455291e-04 7.3e+00 4.33e-01  1e-01  5e-01 2:52.6
termination on ftarget=0.0005
final/bestever f-value = 1.885156e-04 1.885156e-04
incumbent solution: [3.3380843581877127, 0.6678245243959599, 0.8075011604677926, 1.0312694408433187]
std deviation: [0.278265209869811, 0.1175124586871625, 0.534247573464422, 0.11580555377396172]
CMAEvolutionStrategyResult(xbest=array([3.33525533, 0.62882915, 0.832295  , 1.02333453]), fbest=0.00018851562794552912, evals_best=179, evaluations=184, iterations=23, xfavorite=array([3.33808436, 0.66782452, 0.80750116, 1.03126944]), stds=array([0.27826521, 0.11751246, 0.53424757, 0.11580555]), stop={'ftarget': 0.0005})
7 10
(4_w,8)-aCMA-ES (mu_w=2.6,w_1=52%) in dimension 4 (seed=537022, Tue Jun 22 16:18:15 2021)
Iterat #Fevals   function value  axis ratio  sigma  min&max std  t[m:s]
    1      8 3.245225028970896e-01 1.0e+00 1.51e+00  1e+00  2e+00 0:07.4
    2     16 6.603029670094120e-01 1.2e+00 1.85e+00  2e+00  2e+00 0:14.9
    3     24 1.150350137810509e-01 1.6e+00 2.33e+00  2e+00  3e+00 0:22.6
    4     32 1.524690992386264e-01 2.1e+00 2.67e+00  3e+00  4e+00 0:29.9
    5     40 1.610913856104905e-01 1.9e+00 3.55e+00  3e+00  5e+00 0:37.7
    6     48 3.241890447291504e-01 1.9e+00 3.63e+00  4e+00  5e+00 0:44.8
    7     56 1.249160840266053e-01 2.2e+00 3.24e+00  3e+00  4e+00 0:52.2
    8     64 2.473020354284591e-01 2.0e+00 3.25e+00  3e+00  4e+00 0:60.0
   10     80 3.372316614203913e-01 1.9e+00 3.65e+00  4e+00  5e+00 1:14.5
   12     96 6.755515272421476e-01 1.9e+00 5.43e+00  5e+00  7e+00 1:29.2
   14    112 1.947625617012192e-01 2.1e+00 4.60e+00  4e+00  6e+00 1:43.7
   16    128 4.318718633136819e-01 2.7e+00 3.94e+00  3e+00  5e+00 1:58.3
   18    144 4.134925106971304e-01 3.2e+00 3.33e+00  3e+00  4e+00 2:13.4
   20    160 4.498539896750300e-01 2.7e+00 2.97e+00  2e+00  3e+00 2:28.1
   22    176 5.614642447667173e-01 3.0e+00 2.78e+00  2e+00  3e+00 2:43.1
   24    192 2.328200090395601e-01 2.6e+00 3.42e+00  2e+00  3e+00 2:58.2
   27    216 6.393262434578761e-02 3.2e+00 4.85e+00  3e+00  6e+00 3:20.9
   30    240 5.573264495652435e-01 2.5e+00 4.69e+00  3e+00  5e+00 3:45.6
   33    264 7.314450354784607e-02 4.7e+00 6.47e+00  3e+00  1e+01 4:08.1
   36    288 4.175539545293919e-01 5.8e+00 5.32e+00  3e+00  8e+00 4:30.9
   39    312 2.118173254033837e-01 5.9e+00 3.74e+00  2e+00  5e+00 4:54.6
   42    336 3.843665543300940e-01 7.1e+00 4.87e+00  2e+00  6e+00 5:16.7
   45    360 2.356336573330953e-01 9.1e+00 5.32e+00  2e+00  7e+00 5:38.8
   49    392 1.923897122588026e-01 1.1e+01 6.28e+00  3e+00  9e+00 6:08.8
   53    424 3.073067536530917e-01 1.4e+01 9.28e+00  5e+00  2e+01 6:38.7
   57    456 1.769799325068899e-02 1.5e+01 8.25e+00  3e+00  2e+01 7:08.5
   61    488 7.769398357633651e-01 1.3e+01 7.14e+00  3e+00  1e+01 7:38.6
   65    520 6.201492982351035e-01 1.5e+01 1.00e+01  4e+00  2e+01 8:08.4
   69    552 2.139815535026631e-01 1.9e+01 1.00e+01  4e+00  2e+01 8:37.6
   73    584 2.181598177276526e-01 2.5e+01 8.04e+00  4e+00  2e+01 9:07.9
   78    624 1.120762774609724e-01 2.8e+01 9.23e+00  4e+00  2e+01 9:45.0
   83    664 1.920847016175399e-01 3.5e+01 8.42e+00  4e+00  2e+01 10:23.6
   88    704 1.731630055907788e-01 3.6e+01 4.53e+00  2e+00  7e+00 11:01.1
   93    744 8.000601302366228e-02 3.7e+01 3.56e+00  1e+00  5e+00 11:39.2
   98    784 2.538728978950022e-02 3.8e+01 3.00e+00  1e+00  4e+00 12:17.1
  100    800 4.284269404672736e-02 4.9e+01 2.15e+00  6e-01  2e+00 12:31.9
  105    840 7.936438834304105e-02 3.5e+01 1.27e+00  2e-01  9e-01 13:10.8
  107    856 4.703381449988608e-04 3.1e+01 1.13e+00  2e-01  6e-01 13:25.7
termination on ftarget=0.0005
final/bestever f-value = 4.703381e-04 4.703381e-04
incumbent solution: [2.8054159933163536, 2.26945436447021, 31.935422939065216, -10.423326114824258]
std deviation: [0.18320211018726376, 0.6055370050228781, 0.31027768148665064, 0.42836043764113985]
CMAEvolutionStrategyResult(xbest=array([  2.77959027,   2.1911892 ,  32.00251872, -10.37637493]), fbest=0.00047033814499886084, evals_best=849, evaluations=856, iterations=107, xfavorite=array([  2.80541599,   2.26945436,  31.93542294, -10.42332611]), stds=array([0.18320211, 0.60553701, 0.31027768, 0.42836044]), stop={'ftarget': 0.0005})
8 10
(4_w,8)-aCMA-ES (mu_w=2.6,w_1=52%) in dimension 4 (seed=504760, Tue Jun 22 16:31:41 2021)
Iterat #Fevals   function value  axis ratio  sigma  min&max std  t[m:s]
    1      8 3.809613419520538e-01 1.0e+00 1.56e+00  1e+00  2e+00 0:07.3
    2     16 1.156382865628336e-01 1.3e+00 1.76e+00  2e+00  2e+00 0:14.7
    3     24 1.547387889375907e-01 1.5e+00 1.57e+00  1e+00  2e+00 0:22.0
    4     32 4.512641049961911e-01 1.7e+00 1.26e+00  1e+00  1e+00 0:29.9
    5     40 2.425406951377227e-01 1.8e+00 1.18e+00  1e+00  1e+00 0:37.4
    6     48 2.101433721442515e-01 2.0e+00 1.21e+00  1e+00  1e+00 0:45.1
    7     56 1.642597155889095e-01 2.1e+00 1.09e+00  9e-01  1e+00 0:52.6
    8     64 8.282906739619378e-02 2.2e+00 1.02e+00  8e-01  1e+00 1:00.3
   10     80 6.710845152399469e-02 2.1e+00 7.80e-01  5e-01  8e-01 1:15.4
   12     96 4.689711178675759e-02 1.9e+00 7.29e-01  4e-01  7e-01 1:30.4
   14    112 1.054612836998758e-02 2.1e+00 5.19e-01  3e-01  4e-01 1:45.3
   16    128 1.017020842738980e-02 2.0e+00 4.47e-01  2e-01  4e-01 1:59.7
   18    144 2.356678430781667e-02 2.4e+00 5.10e-01  3e-01  4e-01 2:14.2
   19    152 1.794218797147584e-04 2.7e+00 5.01e-01  3e-01  4e-01 2:21.8
termination on ftarget=0.0005
final/bestever f-value = 1.794219e-04 1.794219e-04
incumbent solution: [3.7974980729958134, 2.8165353673666664, 0.7678995209736873, 1.2841750890624037]
std deviation: [0.3072615108666625, 0.25370634129284186, 0.4090955526992119, 0.4192205966988935]
CMAEvolutionStrategyResult(xbest=array([3.74569343, 2.57461492, 0.77531935, 1.19464889]), fbest=0.00017942187971475843, evals_best=145, evaluations=152, iterations=19, xfavorite=array([3.79749807, 2.81653537, 0.76789952, 1.28417509]), stds=array([0.30726151, 0.25370634, 0.40909555, 0.4192206 ]), stop={'ftarget': 0.0005})
9 10
(4_w,8)-aCMA-ES (mu_w=2.6,w_1=52%) in dimension 4 (seed=470744, Tue Jun 22 16:34:03 2021)
Iterat #Fevals   function value  axis ratio  sigma  min&max std  t[m:s]
    1      8 1.801335322343943e-01 1.0e+00 1.54e+00  1e+00  2e+00 0:07.2
    2     16 2.356635663566331e-02 1.3e+00 1.42e+00  1e+00  1e+00 0:14.6
    3     24 1.226746428274672e-02 1.4e+00 1.24e+00  9e-01  1e+00 0:22.6
    4     32 2.649388098384849e-01 1.6e+00 1.16e+00  9e-01  1e+00 0:29.9
    5     40 9.940979113232629e-02 1.8e+00 1.17e+00  9e-01  1e+00 0:37.8
    6     48 1.783156510520876e-01 2.1e+00 1.05e+00  7e-01  1e+00 0:45.1
    7     56 1.508463123773318e-02 2.3e+00 8.98e-01  5e-01  1e+00 0:52.4
    8     64 8.404960622605551e-02 2.4e+00 8.85e-01  5e-01  1e+00 1:00.0
   10     80 6.550332305072104e-02 2.8e+00 6.92e-01  4e-01  8e-01 1:14.6
   12     96 9.579663450840825e-03 2.6e+00 6.10e-01  4e-01  7e-01 1:30.0
   14    112 2.298746139437957e-02 3.4e+00 4.78e-01  2e-01  6e-01 1:44.6
   16    128 2.841347691772800e-03 3.5e+00 4.62e-01  2e-01  6e-01 1:59.9
   18    144 9.816207184627945e-03 4.3e+00 4.44e-01  2e-01  6e-01 2:15.4
   20    160 6.281047536765727e-03 4.7e+00 3.94e-01  2e-01  5e-01 2:30.3
   22    176 7.700142690869605e-05 4.2e+00 3.86e-01  2e-01  5e-01 2:45.0
termination on ftarget=0.0005
final/bestever f-value = 7.700143e-05 7.700143e-05
incumbent solution: [2.957433133571838, 4.977533913611599, -0.5728825937420507, -1.4278816412513702]
std deviation: [0.18983892273607067, 0.18974500277009015, 0.5126350427943881, 0.21230848786678877]
CMAEvolutionStrategyResult(xbest=array([ 2.96340605,  5.10481955, -1.13113047, -1.58158497]), fbest=7.700142690869605e-05, evals_best=176, evaluations=176, iterations=22, xfavorite=array([ 2.95743313,  4.97753391, -0.57288259, -1.42788164]), stds=array([0.18983892, 0.189745  , 0.51263504, 0.21230849]), stop={'ftarget': 0.0005})
