512
0 10
(4_w,8)-aCMA-ES (mu_w=2.6,w_1=52%) in dimension 4 (seed=508473, Tue Jun 22 15:45:34 2021)
circuitVTD.py:347: DeprecationWarning: The QuantumCircuit.__add__() method is being deprecated.Use the compose() method which is more flexible w.r.t circuit register compatibility.
  TrotterFixStepList.append(TrotterFixStepList[-1] + U_trot)
/home/nfb1/.local/lib/python3.7/site-packages/qiskit/circuit/quantumcircuit.py:869: DeprecationWarning: The QuantumCircuit.combine() method is being deprecated. Use the compose() method which is more flexible w.r.t circuit register compatibility.
  return self.combine(rhs)
Iterat #Fevals   function value  axis ratio  sigma  min&max std  t[m:s]
    1      8 9.743516125945006e-02 1.0e+00 1.40e+00  1e+00  1e+00 0:06.1
    2     16 3.482521759585979e-01 1.3e+00 1.35e+00  1e+00  1e+00 0:12.0
    3     24 2.933570401025052e-01 1.3e+00 1.32e+00  1e+00  1e+00 0:18.1
    4     32 2.079246996667895e-01 1.7e+00 1.08e+00  8e-01  1e+00 0:24.2
    5     40 3.947378111437092e-01 1.7e+00 1.03e+00  7e-01  1e+00 0:30.2
    6     48 1.563502737546242e-01 2.1e+00 9.84e-01  6e-01  1e+00 0:36.1
    8     64 4.028001880968135e-02 2.3e+00 8.64e-01  7e-01  9e-01 0:48.2
   10     80 2.164982572101937e-01 2.2e+00 8.84e-01  6e-01  8e-01 0:60.0
   12     96 3.776871687089778e-02 2.3e+00 9.03e-01  6e-01  8e-01 1:12.0
   14    112 3.458418709461863e-02 2.6e+00 6.05e-01  4e-01  5e-01 1:23.9
   16    128 3.168735502159692e-02 3.1e+00 5.19e-01  3e-01  4e-01 1:35.9
   18    144 5.774069456193631e-04 3.0e+00 4.47e-01  2e-01  4e-01 1:47.9
   19    152 1.832220560114006e-04 3.4e+00 4.45e-01  2e-01  3e-01 1:53.8
termination on ftarget=0.0005
final/bestever f-value = 1.832221e-04 1.832221e-04
incumbent solution: [-0.08435833893120118, 3.8081728524088363, 1.6421167365102691, 4.24959613447317]
std deviation: [0.2175220292289728, 0.3347048248342897, 0.23733603514146748, 0.2591944544369787]
CMAEvolutionStrategyResult(xbest=array([-0.19789674,  3.70952886,  1.74422137,  4.30397441]), fbest=0.00018322205601140062, evals_best=151, evaluations=152, iterations=19, xfavorite=array([-0.08435834,  3.80817285,  1.64211674,  4.24959613]), stds=array([0.21752203, 0.33470482, 0.23733604, 0.25919445]), stop={'ftarget': 0.0005})
1 10
(4_w,8)-aCMA-ES (mu_w=2.6,w_1=52%) in dimension 4 (seed=515935, Tue Jun 22 15:47:28 2021)
Iterat #Fevals   function value  axis ratio  sigma  min&max std  t[m:s]
    1      8 1.374808594123840e-01 1.0e+00 1.50e+00  1e+00  2e+00 0:07.2
    2     16 4.056213197353253e-02 1.3e+00 1.38e+00  1e+00  1e+00 0:14.3
    3     24 3.464528823016843e-01 1.4e+00 1.39e+00  1e+00  2e+00 0:21.5
    4     32 1.122543930800524e-02 1.7e+00 1.11e+00  9e-01  1e+00 0:28.6
    5     40 1.523715596552040e-01 1.8e+00 1.05e+00  8e-01  1e+00 0:36.0
    6     48 1.410372029110893e-01 1.7e+00 8.48e-01  6e-01  8e-01 0:43.5
    7     56 7.345603310419069e-02 1.6e+00 7.60e-01  5e-01  7e-01 0:50.6
    8     64 4.064619227880228e-02 1.6e+00 7.44e-01  5e-01  7e-01 0:58.6
   10     80 5.415825515576178e-03 1.8e+00 6.55e-01  4e-01  6e-01 1:12.7
   12     96 2.330633301219875e-02 2.0e+00 6.06e-01  4e-01  5e-01 1:27.6
   14    112 4.113974480750393e-02 1.8e+00 5.19e-01  3e-01  4e-01 1:42.3
   16    128 7.196905046367164e-04 2.1e+00 4.36e-01  2e-01  3e-01 1:57.3
   18    144 3.735709417146849e-03 2.2e+00 3.67e-01  2e-01  3e-01 2:11.6
   20    160 4.082414621515484e-03 3.3e+00 4.69e-01  2e-01  4e-01 2:26.2
   21    168 3.451609516111898e-04 4.0e+00 5.87e-01  3e-01  5e-01 2:33.5
termination on ftarget=0.0005
final/bestever f-value = 3.451610e-04 3.451610e-04
incumbent solution: [1.9053628898299793, 2.1002425931501882, 1.567932324210456, 6.860325617774124]
std deviation: [0.3539704914530794, 0.3607531016179355, 0.31942885528320364, 0.5112706488109603]
CMAEvolutionStrategyResult(xbest=array([1.89132308, 2.20261203, 1.63317161, 6.7321824 ]), fbest=0.00034516095161118976, evals_best=161, evaluations=168, iterations=21, xfavorite=array([1.90536289, 2.10024259, 1.56793232, 6.86032562]), stds=array([0.35397049, 0.3607531 , 0.31942886, 0.51127065]), stop={'ftarget': 0.0005})
2 10
(4_w,8)-aCMA-ES (mu_w=2.6,w_1=52%) in dimension 4 (seed=559617, Tue Jun 22 15:50:01 2021)
Iterat #Fevals   function value  axis ratio  sigma  min&max std  t[m:s]
    1      8 3.176687665200729e-01 1.0e+00 1.34e+00  1e+00  1e+00 0:07.2
    2     16 1.114136545290595e-01 1.3e+00 1.41e+00  1e+00  2e+00 0:14.5
    3     24 2.632390870424106e-02 1.6e+00 1.58e+00  1e+00  2e+00 0:22.0
    4     32 6.891093970670847e-02 1.7e+00 1.69e+00  1e+00  2e+00 0:29.1
    5     40 7.426091575634275e-02 1.8e+00 2.01e+00  2e+00  2e+00 0:36.6
    6     48 1.875752938746192e-01 2.1e+00 2.12e+00  2e+00  3e+00 0:44.1
    7     56 2.593971297863004e-01 2.3e+00 2.39e+00  2e+00  3e+00 0:51.2
    8     64 2.973998837687457e-01 2.5e+00 3.00e+00  2e+00  5e+00 0:58.7
   10     80 3.534788724936523e-01 3.3e+00 2.43e+00  2e+00  4e+00 1:13.5
   12     96 1.192762162336198e-01 4.0e+00 2.59e+00  2e+00  5e+00 1:28.7
   14    112 9.078563673259932e-02 5.1e+00 2.91e+00  2e+00  6e+00 1:43.9
   16    128 6.885274656726901e-01 7.2e+00 2.89e+00  2e+00  7e+00 1:58.5
   18    144 5.412451071462263e-01 6.5e+00 2.88e+00  2e+00  6e+00 2:13.2
   20    160 1.433206971554355e-01 4.3e+00 2.97e+00  2e+00  5e+00 2:27.7
   22    176 3.805879539364281e-01 5.2e+00 2.53e+00  2e+00  5e+00 2:42.4
   24    192 3.411559918222991e-01 5.4e+00 1.77e+00  9e-01  3e+00 2:57.4
   27    216 2.854081605045000e-02 6.0e+00 1.07e+00  4e-01  2e+00 3:19.5
   30    240 6.918249635831220e-02 6.5e+00 1.01e+00  3e-01  2e+00 3:41.5
   33    264 8.249461357603516e-03 7.0e+00 6.92e-01  2e-01  1e+00 4:03.5
   36    288 5.148469620831042e-03 7.9e+00 5.00e-01  1e-01  8e-01 4:25.6
   39    312 2.008179442619262e-02 8.8e+00 5.11e-01  1e-01  8e-01 4:48.3
   42    336 7.435558493059768e-03 1.4e+01 4.57e-01  9e-02  9e-01 5:10.3
   45    360 4.459482785118984e-03 1.4e+01 4.02e-01  8e-02  7e-01 5:32.9
   49    392 9.785108999846193e-03 1.4e+01 4.04e-01  7e-02  6e-01 6:01.9
   53    424 1.236792512900975e-02 1.3e+01 5.10e-01  8e-02  6e-01 6:31.2
   57    456 1.593416748836507e-03 1.2e+01 3.93e-01  7e-02  4e-01 7:00.7
   61    488 7.664399092970564e-03 1.6e+01 2.64e-01  4e-02  3e-01 7:30.3
   62    496 3.821871394031895e-04 1.6e+01 2.63e-01  4e-02  2e-01 7:38.7
termination on ftarget=0.0005
final/bestever f-value = 3.821871e-04 3.821871e-04
incumbent solution: [7.876475828630187, 4.626465708046334, 5.227954017197828, 4.060053750484895]
std deviation: [0.08259874391512717, 0.0387998786307162, 0.24566537701927607, 0.04550751544244825]
CMAEvolutionStrategyResult(xbest=array([7.90891303, 4.61258037, 5.46010224, 4.0422256 ]), fbest=0.0003821871394031895, evals_best=496, evaluations=496, iterations=62, xfavorite=array([7.87647583, 4.62646571, 5.22795402, 4.06005375]), stds=array([0.08259874, 0.03879988, 0.24566538, 0.04550752]), stop={'ftarget': 0.0005})
3 10
(4_w,8)-aCMA-ES (mu_w=2.6,w_1=52%) in dimension 4 (seed=518808, Tue Jun 22 15:57:40 2021)
Iterat #Fevals   function value  axis ratio  sigma  min&max std  t[m:s]
    1      8 1.977224316160612e-01 1.0e+00 1.36e+00  1e+00  1e+00 0:07.4
    2     16 4.758945297198854e-01 1.2e+00 1.51e+00  1e+00  2e+00 0:14.8
    3     24 3.101411861904493e-01 1.4e+00 1.62e+00  1e+00  2e+00 0:22.0
    4     32 1.095122439678110e-01 1.9e+00 1.49e+00  1e+00  2e+00 0:29.0
    5     40 7.202929248148660e-02 2.1e+00 1.26e+00  1e+00  1e+00 0:36.2
    6     48 2.703429345193635e-01 2.2e+00 1.21e+00  1e+00  1e+00 0:43.6
    7     56 1.328563007650185e-01 2.8e+00 1.27e+00  1e+00  1e+00 0:51.2
    8     64 1.660982525175292e-01 3.0e+00 1.19e+00  9e-01  1e+00 0:58.6
   10     80 1.288199666680214e-01 2.8e+00 9.20e-01  6e-01  9e-01 1:13.6
   12     96 3.411203352790892e-02 2.7e+00 8.10e-01  6e-01  7e-01 1:28.5
   14    112 1.754846779379837e-02 2.9e+00 5.43e-01  3e-01  5e-01 1:43.4
   16    128 1.350440286186017e-02 2.3e+00 4.20e-01  3e-01  3e-01 1:58.2
   18    144 1.258123594651572e-02 1.8e+00 4.32e-01  2e-01  3e-01 2:12.7
   20    160 1.562813558351106e-02 1.6e+00 4.24e-01  2e-01  3e-01 2:27.0
   22    176 7.082465260780157e-03 2.4e+00 5.05e-01  2e-01  3e-01 2:41.8
   25    200 8.287082368914844e-03 2.1e+00 4.79e-01  2e-01  3e-01 3:04.1
   28    224 1.688190270932588e-02 3.0e+00 5.49e-01  2e-01  4e-01 3:26.1
   31    248 1.549446422858691e-02 2.7e+00 5.03e-01  2e-01  3e-01 3:48.4
   34    272 8.660068712343483e-03 2.5e+00 3.48e-01  1e-01  2e-01 4:09.9
   37    296 1.818961818961240e-03 2.6e+00 3.65e-01  1e-01  2e-01 4:31.7
   40    320 9.356310985203509e-04 3.8e+00 2.78e-01  1e-01  2e-01 4:53.7
   43    344 2.533173680835610e-03 4.7e+00 2.80e-01  1e-01  2e-01 5:15.6
   47    376 5.927314256084948e-03 4.6e+00 2.64e-01  9e-02  1e-01 5:44.6
   51    408 1.372426240724200e-03 4.8e+00 2.00e-01  6e-02  1e-01 6:14.8
   55    440 6.007006957851058e-04 4.2e+00 2.05e-01  6e-02  9e-02 6:44.9
   59    472 8.099441932267970e-03 5.1e+00 1.81e-01  5e-02  8e-02 7:14.7
   62    496 4.637693227580453e-04 4.5e+00 1.64e-01  4e-02  7e-02 7:36.8
termination on ftarget=0.0005
final/bestever f-value = 4.637693e-04 4.637693e-04
incumbent solution: [3.791476335462104, 4.611102589412522, 5.298665041835696, 5.100819526310253]
std deviation: [0.038641329334190934, 0.07182941415477948, 0.053953326499753304, 0.05051799755356624]
CMAEvolutionStrategyResult(xbest=array([3.81628521, 4.61470315, 5.34109625, 5.13668613]), fbest=0.0004637693227580453, evals_best=490, evaluations=496, iterations=62, xfavorite=array([3.79147634, 4.61110259, 5.29866504, 5.10081953]), stds=array([0.03864133, 0.07182941, 0.05395333, 0.050518  ]), stop={'ftarget': 0.0005})
4 10
(4_w,8)-aCMA-ES (mu_w=2.6,w_1=52%) in dimension 4 (seed=502333, Tue Jun 22 16:05:17 2021)
Iterat #Fevals   function value  axis ratio  sigma  min&max std  t[m:s]
    1      8 5.019518260191727e-01 1.0e+00 1.74e+00  2e+00  2e+00 0:07.3
    2     16 3.745805824478079e-01 1.5e+00 1.86e+00  2e+00  2e+00 0:14.8
    3     24 6.492545676260075e-01 1.3e+00 1.95e+00  2e+00  2e+00 0:21.9
    4     32 3.445618150927855e-01 1.4e+00 2.00e+00  2e+00  2e+00 0:29.5
    5     40 3.328538829866822e-01 1.6e+00 1.76e+00  1e+00  2e+00 0:36.7
    6     48 2.966216146940917e-01 1.7e+00 1.99e+00  2e+00  2e+00 0:44.2
    7     56 5.807035226678081e-01 1.6e+00 1.68e+00  1e+00  2e+00 0:51.5
    8     64 1.621741859766911e-01 1.6e+00 2.03e+00  2e+00  3e+00 0:58.5
   10     80 1.526821058174190e-01 2.1e+00 1.90e+00  1e+00  2e+00 1:12.5
   12     96 2.974154467440685e-01 2.1e+00 2.40e+00  2e+00  3e+00 1:26.9
   14    112 8.985504913376474e-02 2.2e+00 4.68e+00  4e+00  7e+00 1:41.6
   16    128 2.060160558223874e-01 2.6e+00 5.50e+00  4e+00  7e+00 1:57.1
   18    144 1.264019018955558e-01 2.1e+00 5.04e+00  4e+00  6e+00 2:11.6
   20    160 1.963939300469114e-01 3.2e+00 5.23e+00  4e+00  7e+00 2:26.3
   22    176 6.726535304739367e-02 3.3e+00 3.76e+00  3e+00  4e+00 2:41.8
   25    200 2.464850830070874e-01 3.3e+00 3.04e+00  2e+00  3e+00 3:03.6
   28    224 4.738354078554496e-03 4.1e+00 3.87e+00  2e+00  5e+00 3:25.4
   31    248 8.511035691783153e-02 3.9e+00 3.60e+00  2e+00  4e+00 3:47.6
   34    272 5.239111626393138e-01 3.4e+00 3.07e+00  2e+00  3e+00 4:09.6
   37    296 3.778889806657242e-01 3.3e+00 2.30e+00  1e+00  2e+00 4:31.2
   40    320 6.615553206476588e-02 4.4e+00 2.89e+00  1e+00  3e+00 4:52.8
   43    344 1.559961625142449e-01 4.8e+00 2.52e+00  1e+00  3e+00 5:14.7
   47    376 1.924743566269737e-01 4.6e+00 1.87e+00  8e-01  1e+00 5:43.9
   51    408 4.143994303568699e-02 3.8e+00 1.68e+00  6e-01  1e+00 6:12.8
   55    440 6.092431656341379e-02 3.0e+00 1.73e+00  6e-01  1e+00 6:42.4
   59    472 3.962623650379182e-02 3.4e+00 1.04e+00  3e-01  5e-01 7:12.0
   63    504 1.554950286312728e-02 3.6e+00 7.62e-01  2e-01  3e-01 7:41.3
   64    512 3.890581693613004e-04 3.7e+00 7.46e-01  2e-01  3e-01 7:48.7
termination on ftarget=0.0005
final/bestever f-value = 3.890582e-04 3.890582e-04
incumbent solution: [4.602310778354598, -1.1989210144192934, 18.749823364103587, -7.759824973918619]
std deviation: [0.3084552409996741, 0.338082445565468, 0.273465020666903, 0.178475658213292]
CMAEvolutionStrategyResult(xbest=array([ 4.41277427, -1.12409965, 18.72279455, -7.86176222]), fbest=0.00038905816936130044, evals_best=506, evaluations=512, iterations=64, xfavorite=array([ 4.60231078, -1.19892101, 18.74982336, -7.75982497]), stds=array([0.30845524, 0.33808245, 0.27346502, 0.17847566]), stop={'ftarget': 0.0005})
5 10
(4_w,8)-aCMA-ES (mu_w=2.6,w_1=52%) in dimension 4 (seed=510437, Tue Jun 22 16:13:06 2021)
Iterat #Fevals   function value  axis ratio  sigma  min&max std  t[m:s]
    1      8 3.208635126110815e-02 1.0e+00 1.77e+00  2e+00  2e+00 0:07.5
    2     16 6.005867196406811e-02 1.4e+00 2.20e+00  2e+00  3e+00 0:14.6
    3     24 4.776243854577977e-03 1.9e+00 2.25e+00  2e+00  3e+00 0:21.7
    4     32 1.861953521013086e-01 2.1e+00 2.42e+00  2e+00  3e+00 0:29.0
    5     40 1.927630080792332e-01 2.5e+00 2.72e+00  2e+00  4e+00 0:36.3
    6     48 1.293297581164791e-01 3.2e+00 3.21e+00  3e+00  5e+00 0:43.9
    7     56 1.357657008492872e-01 2.9e+00 3.06e+00  3e+00  5e+00 0:51.0
    8     64 7.041544745083983e-02 3.4e+00 3.08e+00  3e+00  5e+00 0:58.6
   10     80 1.659308813181901e-01 3.1e+00 2.90e+00  2e+00  5e+00 1:13.4
   12     96 1.976160973421084e-01 4.0e+00 3.42e+00  3e+00  5e+00 1:28.5
   14    112 2.507405737423241e-02 4.1e+00 2.88e+00  2e+00  5e+00 1:43.1
   16    128 5.123901664863073e-02 4.8e+00 2.66e+00  1e+00  5e+00 1:57.9
   18    144 5.877932928396201e-02 5.8e+00 2.07e+00  1e+00  4e+00 2:12.7
   20    160 9.223234483157894e-02 7.0e+00 1.63e+00  7e-01  4e+00 2:27.6
   22    176 2.495370608427894e-02 1.0e+01 1.82e+00  7e-01  5e+00 2:42.4
   25    200 3.218332107783173e-02 1.5e+01 1.59e+00  5e-01  5e+00 3:04.6
   27    216 9.498330437556368e-02 1.8e+01 1.59e+00  5e-01  5e+00 3:21.1
   30    240 2.256069094304358e-02 2.6e+01 1.44e+00  3e-01  5e+00 3:44.0
   33    264 5.347472937622466e-02 3.1e+01 1.86e+00  4e-01  7e+00 4:06.0
   36    288 2.105480654275360e-02 4.0e+01 2.84e+00  6e-01  1e+01 4:28.7
   39    312 1.254827817351900e-02 5.2e+01 2.16e+00  3e-01  9e+00 4:50.7
   42    336 1.838271454693918e-02 5.5e+01 1.79e+00  2e-01  7e+00 5:13.1
   45    360 2.983391554819859e-03 5.7e+01 1.56e+00  2e-01  6e+00 5:35.2
   49    392 7.360624763658730e-03 7.5e+01 1.23e+00  1e-01  4e+00 6:07.8
   52    416 4.663335417655068e-04 5.6e+01 1.05e+00  8e-02  3e+00 6:29.9
termination on ftarget=0.0005
final/bestever f-value = 4.663335e-04 4.663335e-04
incumbent solution: [-14.651844689451085, -6.469251919755615, 5.587808031861251, 6.100835879280677]
std deviation: [3.0228177307522506, 0.08210914790188734, 0.8933346696113824, 0.09868803173396129]
CMAEvolutionStrategyResult(xbest=array([-11.7925605 ,  -6.46413044,   4.8821461 ,   6.10138649]), fbest=0.0004663335417655068, evals_best=411, evaluations=416, iterations=52, xfavorite=array([-14.65184469,  -6.46925192,   5.58780803,   6.10083588]), stds=array([3.02281773, 0.08210915, 0.89333467, 0.09868803]), stop={'ftarget': 0.0005})
6 10
(4_w,8)-aCMA-ES (mu_w=2.6,w_1=52%) in dimension 4 (seed=526619, Tue Jun 22 16:19:36 2021)
Iterat #Fevals   function value  axis ratio  sigma  min&max std  t[m:s]
    1      8 3.865382075771625e-01 1.0e+00 1.46e+00  1e+00  1e+00 0:07.3
    2     16 5.981673368266702e-01 1.3e+00 1.33e+00  1e+00  1e+00 0:14.7
    3     24 1.922604770403424e-01 1.3e+00 1.77e+00  1e+00  2e+00 0:21.6
    4     32 3.779528507240868e-01 1.4e+00 1.97e+00  2e+00  2e+00 0:28.8
    5     40 8.914977212006858e-02 1.7e+00 2.28e+00  2e+00  2e+00 0:36.1
    6     48 2.953875031187078e-01 2.2e+00 2.41e+00  2e+00  3e+00 0:43.7
    7     56 6.841644461362750e-02 2.3e+00 2.03e+00  1e+00  2e+00 0:51.4
    8     64 1.294363955137633e-01 2.3e+00 1.93e+00  1e+00  2e+00 0:58.8
   10     80 2.262048325458969e-01 2.5e+00 2.16e+00  1e+00  2e+00 1:13.4
   12     96 2.959845447416021e-01 2.8e+00 1.89e+00  1e+00  2e+00 1:27.9
   14    112 1.489656049925772e-01 2.7e+00 2.00e+00  1e+00  2e+00 1:42.5
   16    128 3.857017900390902e-02 2.3e+00 2.11e+00  1e+00  2e+00 1:56.8
   18    144 1.271299491088730e-01 2.4e+00 2.64e+00  1e+00  3e+00 2:11.2
   20    160 3.043203411739175e-01 3.5e+00 2.52e+00  1e+00  3e+00 2:26.1
   22    176 1.440790353199110e-01 4.1e+00 2.54e+00  1e+00  3e+00 2:40.7
   25    200 1.537699011218510e-01 4.5e+00 3.07e+00  2e+00  4e+00 3:02.7
   28    224 1.033408544636087e-01 4.9e+00 2.69e+00  1e+00  3e+00 3:24.7
   31    248 1.750500829903843e-01 4.6e+00 1.76e+00  7e-01  2e+00 3:47.0
   34    272 1.010023162361070e-01 5.9e+00 2.11e+00  8e-01  3e+00 4:09.0
   37    296 2.567799998140508e-02 6.9e+00 1.80e+00  6e-01  2e+00 4:31.1
   40    320 7.278803334992956e-02 6.5e+00 1.45e+00  5e-01  2e+00 4:54.7
   43    344 1.007750471833112e-01 5.2e+00 1.46e+00  4e-01  2e+00 5:16.7
   47    376 6.391088701333092e-02 3.9e+00 1.07e+00  3e-01  9e-01 5:45.6
   51    408 1.109140990041646e-02 3.0e+00 7.01e-01  2e-01  3e-01 6:15.3
   55    440 4.681632844985018e-03 2.3e+00 4.51e-01  9e-02  2e-01 6:44.9
   56    448 5.211590577447467e-05 2.2e+00 4.52e-01  9e-02  2e-01 6:52.5
termination on ftarget=0.0005
final/bestever f-value = 5.211591e-05 5.211591e-05
incumbent solution: [1.7266824099764173, -7.170218085719833, -3.933276870405076, 7.956669211010409]
std deviation: [0.12540685002635366, 0.14857895437476012, 0.15897095111718457, 0.09025123659648511]
CMAEvolutionStrategyResult(xbest=array([ 1.7492001 , -7.2851946 , -4.00479918,  8.0154011 ]), fbest=5.211590577447467e-05, evals_best=443, evaluations=448, iterations=56, xfavorite=array([ 1.72668241, -7.17021809, -3.93327687,  7.95666921]), stds=array([0.12540685, 0.14857895, 0.15897095, 0.09025124]), stop={'ftarget': 0.0005})
7 10
(4_w,8)-aCMA-ES (mu_w=2.6,w_1=52%) in dimension 4 (seed=408185, Tue Jun 22 16:26:29 2021)
Iterat #Fevals   function value  axis ratio  sigma  min&max std  t[m:s]
    1      8 4.475235818614566e-01 1.0e+00 1.73e+00  2e+00  2e+00 0:07.3
    2     16 2.480159261768456e-01 1.3e+00 1.80e+00  2e+00  2e+00 0:14.5
    3     24 2.137090391238528e-02 1.5e+00 1.69e+00  2e+00  2e+00 0:22.1
    4     32 3.741457869296386e-01 1.6e+00 2.14e+00  2e+00  3e+00 0:29.3
    5     40 2.825149631514267e-01 2.3e+00 2.03e+00  2e+00  3e+00 0:37.5
    6     48 2.080646002619326e-01 2.3e+00 2.24e+00  2e+00  3e+00 0:44.7
    7     56 1.299780764066473e-01 2.7e+00 2.19e+00  2e+00  3e+00 0:52.3
    8     64 3.234716503009184e-01 2.8e+00 1.74e+00  1e+00  2e+00 0:59.6
   10     80 5.181101995007681e-01 2.7e+00 1.87e+00  1e+00  3e+00 1:14.6
   12     96 5.013479342263591e-01 3.9e+00 2.36e+00  2e+00  3e+00 1:30.0
   14    112 1.286007011928898e-01 4.1e+00 2.38e+00  2e+00  3e+00 1:44.3
   16    128 2.120913814309346e-01 5.4e+00 3.22e+00  2e+00  5e+00 1:58.8
   18    144 3.609409009371377e-01 5.9e+00 2.75e+00  2e+00  4e+00 2:13.5
   20    160 1.354993020238209e-01 6.3e+00 3.13e+00  2e+00  5e+00 2:28.4
   22    176 2.721128485109442e-01 7.8e+00 2.73e+00  1e+00  4e+00 2:42.9
   25    200 4.118331327098309e-01 9.5e+00 1.84e+00  1e+00  3e+00 3:04.6
   28    224 1.863497592500559e-01 1.1e+01 1.86e+00  1e+00  3e+00 3:26.8
   31    248 5.355467340310354e-01 1.2e+01 2.51e+00  2e+00  5e+00 3:49.0
   34    272 3.530864361735818e-01 1.4e+01 2.54e+00  2e+00  5e+00 4:11.6
   37    296 3.459721994083842e-01 1.5e+01 1.82e+00  1e+00  3e+00 4:33.8
   40    320 2.881924749271469e-02 1.1e+01 1.15e+00  5e-01  1e+00 4:56.6
   43    344 8.567863870072356e-02 8.1e+00 8.21e-01  3e-01  7e-01 5:18.7
   47    376 8.846333360788472e-02 4.9e+00 8.36e-01  3e-01  6e-01 5:48.0
   50    400 9.069377610320040e-02 3.7e+00 7.83e-01  2e-01  5e-01 6:11.7
   54    432 6.966300467825914e-02 3.2e+00 4.94e-01  9e-02  2e-01 6:42.0
   58    464 5.889621775366261e-02 3.0e+00 3.46e-01  5e-02  1e-01 7:11.6
   62    496 1.396732521824229e-02 2.9e+00 3.71e-01  4e-02  1e-01 7:41.8
   66    528 1.914595188397783e-02 3.7e+00 4.03e-01  5e-02  1e-01 8:12.8
   70    560 3.798360081995844e-02 2.9e+00 3.18e-01  4e-02  9e-02 8:43.0
   74    592 2.836484983314724e-02 3.6e+00 3.12e-01  4e-02  9e-02 9:13.2
   76    608 2.197200522963128e-04 3.6e+00 2.44e-01  3e-02  6e-02 9:27.2
termination on ftarget=0.0005
final/bestever f-value = 2.197201e-04 2.197201e-04
incumbent solution: [8.459551240210725, -4.040325946039915, 0.9862282580184691, 0.9446661385796237]
std deviation: [0.0633192419292406, 0.054398133275042886, 0.06429783795696872, 0.027369470744317923]
CMAEvolutionStrategyResult(xbest=array([ 8.51723507, -3.98207052,  0.92850579,  0.97786339]), fbest=0.00021972005229631275, evals_best=605, evaluations=608, iterations=76, xfavorite=array([ 8.45955124, -4.04032595,  0.98622826,  0.94466614]), stds=array([0.06331924, 0.05439813, 0.06429784, 0.02736947]), stop={'ftarget': 0.0005})
8 10
(4_w,8)-aCMA-ES (mu_w=2.6,w_1=52%) in dimension 4 (seed=490796, Tue Jun 22 16:35:56 2021)
Iterat #Fevals   function value  axis ratio  sigma  min&max std  t[m:s]
    1      8 9.510976804514881e-02 1.0e+00 1.47e+00  1e+00  2e+00 0:07.8
    2     16 1.531242772202474e-01 1.3e+00 1.59e+00  1e+00  2e+00 0:15.3
    3     24 2.429285683231164e-01 1.7e+00 1.83e+00  1e+00  2e+00 0:22.8
    4     32 4.058452686987390e-01 1.9e+00 1.98e+00  2e+00  3e+00 0:30.0
    5     40 3.079406099758359e-01 2.3e+00 1.58e+00  1e+00  2e+00 0:37.3
    6     48 3.026716062246145e-01 2.4e+00 1.53e+00  1e+00  2e+00 0:44.5
    7     56 4.088443785782607e-01 2.8e+00 1.52e+00  1e+00  2e+00 0:52.0
    8     64 6.779000203332552e-02 3.6e+00 1.44e+00  1e+00  2e+00 0:59.5
   10     80 7.750278869004301e-02 3.7e+00 1.72e+00  1e+00  3e+00 1:14.3
   12     96 1.449690198404846e-01 4.2e+00 1.96e+00  1e+00  3e+00 1:28.7
   14    112 9.203190513377646e-02 5.8e+00 2.01e+00  1e+00  3e+00 1:43.6
   16    128 1.002492987655311e-01 6.0e+00 2.30e+00  2e+00  4e+00 1:58.4
   18    144 3.734780037573993e-01 6.3e+00 2.04e+00  1e+00  3e+00 2:13.3
   20    160 4.894359006349586e-01 5.4e+00 1.57e+00  9e-01  2e+00 2:28.5
   22    176 2.278268105821027e-01 5.8e+00 1.83e+00  1e+00  2e+00 2:43.1
   25    200 3.556859345282504e-02 4.9e+00 1.36e+00  8e-01  2e+00 3:05.1
   28    224 1.902054791878505e-01 5.7e+00 1.17e+00  7e-01  1e+00 3:27.1
   31    248 4.199347530021824e-02 6.0e+00 1.33e+00  7e-01  2e+00 3:48.8
   34    272 4.980953659751508e-02 5.8e+00 1.13e+00  6e-01  1e+00 4:10.9
   37    296 6.811859601342085e-02 6.4e+00 9.60e-01  5e-01  8e-01 4:33.1
   40    320 9.480688051105146e-02 6.0e+00 9.14e-01  5e-01  8e-01 4:55.3
   43    344 2.517235850569166e-02 5.7e+00 5.83e-01  2e-01  5e-01 5:17.7
   46    368 3.275472494984699e-02 5.1e+00 4.82e-01  2e-01  4e-01 5:40.5
   50    400 2.740704269656224e-03 4.9e+00 4.15e-01  2e-01  3e-01 6:10.4
   54    432 5.459268499533598e-04 6.3e+00 2.98e-01  8e-02  2e-01 6:40.2
   57    456 3.843547712751860e-04 6.7e+00 2.20e-01  6e-02  2e-01 7:03.1
termination on ftarget=0.0005
final/bestever f-value = 3.843548e-04 3.843548e-04
incumbent solution: [2.2442480038019594, 4.53012851960246, 0.3717086011305855, -2.5579369045486176]
std deviation: [0.055729052849440595, 0.0735030893499667, 0.17041283862124953, 0.06940755774101923]
CMAEvolutionStrategyResult(xbest=array([ 2.27521985,  4.50467029,  0.49737072, -2.53377942]), fbest=0.000384354771275186, evals_best=454, evaluations=456, iterations=57, xfavorite=array([ 2.244248  ,  4.53012852,  0.3717086 , -2.5579369 ]), stds=array([0.05572905, 0.07350309, 0.17041284, 0.06940756]), stop={'ftarget': 0.0005})
9 10
(4_w,8)-aCMA-ES (mu_w=2.6,w_1=52%) in dimension 4 (seed=493200, Tue Jun 22 16:42:59 2021)
Iterat #Fevals   function value  axis ratio  sigma  min&max std  t[m:s]
    1      8 2.095063671933951e-01 1.0e+00 1.47e+00  1e+00  1e+00 0:07.3
    2     16 2.676182903098593e-01 1.2e+00 1.79e+00  2e+00  2e+00 0:14.7
    3     24 2.972372120387918e-01 1.7e+00 2.33e+00  2e+00  3e+00 0:22.1
    4     32 1.441180682523489e-01 1.9e+00 2.60e+00  2e+00  3e+00 0:29.3
    5     40 3.061243775270811e-01 2.1e+00 2.67e+00  2e+00  3e+00 0:36.5
    6     48 1.827512263126148e-01 1.8e+00 2.30e+00  2e+00  2e+00 0:44.0
    7     56 2.433572931441642e-01 1.8e+00 2.33e+00  2e+00  2e+00 0:51.1
    8     64 2.887202264895076e-01 1.5e+00 2.30e+00  2e+00  2e+00 0:58.2
   10     80 2.583642851269230e-01 1.7e+00 2.28e+00  2e+00  2e+00 1:13.4
   12     96 2.421339318036317e-01 2.4e+00 2.86e+00  2e+00  3e+00 1:28.3
   14    112 1.731519274376414e-01 2.5e+00 2.75e+00  2e+00  3e+00 1:43.4
   16    128 2.369491210904771e-01 2.7e+00 3.31e+00  3e+00  4e+00 1:58.2
   18    144 4.550724481280034e-01 3.4e+00 2.85e+00  2e+00  4e+00 2:13.6
   20    160 2.965610255442541e-01 2.7e+00 5.56e+00  5e+00  7e+00 2:28.0
   22    176 2.601854469941555e-01 3.3e+00 8.48e+00  8e+00  1e+01 2:42.5
   25    200 2.485634684184529e-01 4.2e+00 1.47e+01  1e+01  2e+01 3:04.3
   28    224 3.315346427800562e-01 3.7e+00 2.67e+01  2e+01  4e+01 3:26.3
   31    248 1.841794160036154e-01 5.8e+00 3.63e+01  3e+01  6e+01 3:48.9
   34    272 3.174446111485689e-01 7.2e+00 5.06e+01  5e+01  7e+01 4:11.3
   37    296 3.061419916157612e-01 5.4e+00 5.27e+01  3e+01  8e+01 4:33.4
   40    320 1.425915750915748e-01 5.8e+00 4.75e+01  3e+01  7e+01 4:55.7
   43    344 3.147634775924248e-01 5.3e+00 4.46e+01  3e+01  5e+01 5:17.4
   46    368 4.294600316784081e-02 5.2e+00 4.86e+01  3e+01  6e+01 5:39.5
   50    400 1.272243633426738e-01 3.6e+00 4.43e+01  3e+01  6e+01 6:09.3
   54    432 1.863939857610742e-01 3.9e+00 4.42e+01  3e+01  5e+01 6:39.2
   58    464 1.199688658428337e-01 3.8e+00 4.74e+01  3e+01  4e+01 7:09.5
   62    496 4.739555008403993e-01 4.3e+00 5.19e+01  3e+01  4e+01 7:39.4
   66    528 3.293138988791158e-01 4.4e+00 4.29e+01  3e+01  3e+01 8:08.5
   70    560 5.688314273273345e-01 5.8e+00 3.68e+01  2e+01  2e+01 8:39.2
   74    592 5.097166660818093e-01 5.9e+00 3.08e+01  2e+01  2e+01 9:08.4
   79    632 3.444778376306119e-01 6.8e+00 4.30e+01  2e+01  3e+01 9:45.5
   84    672 2.876360554548003e-01 1.0e+01 5.12e+01  2e+01  4e+01 10:21.9
   89    712 4.074886695225673e-01 1.6e+01 3.03e+01  1e+01  3e+01 10:58.7
   94    752 5.507490246655966e-02 2.1e+01 1.60e+01  6e+00  1e+01 11:35.6
   99    792 4.900221371266483e-01 3.0e+01 2.87e+01  1e+01  3e+01 12:13.8
  100    800 4.729171021305845e-02 3.3e+01 2.82e+01  1e+01  3e+01 12:20.9
  105    840 3.154401013723186e-01 2.7e+01 2.90e+01  1e+01  2e+01 12:57.8
  111    888 6.939718272177042e-01 2.3e+01 2.24e+01  7e+00  2e+01 13:41.9
  117    936 3.093778750220467e-01 2.6e+01 2.76e+01  8e+00  2e+01 14:26.3
  123    984 1.469552530041718e-01 3.6e+01 2.38e+01  6e+00  2e+01 15:11.0
  129   1032 1.817168998434004e-01 3.4e+01 2.53e+01  5e+00  2e+01 15:55.4
  135   1080 4.008951306160772e-01 4.6e+01 2.43e+01  5e+00  2e+01 16:40.6
  141   1128 2.379561753779522e-01 5.5e+01 2.51e+01  6e+00  2e+01 17:25.4
  147   1176 1.730398673670183e-01 8.4e+01 2.43e+01  5e+00  2e+01 18:10.5
  153   1224 5.241491706090833e-01 1.2e+02 2.46e+01  6e+00  2e+01 18:55.0
  160   1280 1.791001736431250e-01 1.0e+02 3.40e+01  6e+00  3e+01 19:47.4
  167   1336 7.350440281895398e-02 1.1e+02 4.83e+01  1e+01  5e+01 20:39.6
  174   1392 1.282226283058625e-01 9.9e+01 1.54e+02  3e+01  1e+02 21:30.7
  181   1448 8.055636436454072e-02 1.3e+02 1.42e+02  2e+01  2e+02 22:22.6
  188   1504 9.430519626099443e-02 1.4e+02 1.42e+02  2e+01  1e+02 23:13.7
  195   1560 2.748359923695020e-01 2.1e+02 2.01e+02  5e+01  2e+02 24:05.2
  200   1600 1.059336753781195e-01 3.4e+02 2.20e+02  6e+01  3e+02 24:41.9
  208   1664 1.907315035195214e-01 3.7e+02 3.58e+02  1e+02  5e+02 25:40.8
  216   1728 1.440284723160784e-01 5.5e+02 3.51e+02  1e+02  5e+02 26:40.3
  224   1792 1.630436237388941e-01 4.4e+02 2.85e+02  9e+01  4e+02 27:39.2
  232   1856 2.359322159564092e-01 4.9e+02 2.06e+02  6e+01  3e+02 28:38.6
  240   1920 1.666653866553701e-01 4.9e+02 2.77e+02  8e+01  3e+02 29:36.7
  248   1984 4.051411432738568e-01 7.3e+02 1.90e+02  5e+01  2e+02 30:35.8
  256   2048 3.084019572741376e-01 8.8e+02 7.92e+01  2e+01  7e+01 31:34.7
  264   2112 2.124702287154221e-01 1.6e+03 5.09e+01  1e+01  6e+01 32:34.3
  273   2184 2.632008699605853e-01 2.0e+03 1.42e+02  4e+01  2e+02 33:39.8
  282   2256 2.809570279061802e-01 2.2e+03 2.20e+02  9e+01  3e+02 34:46.2
  291   2328 4.087547091062856e-01 3.3e+03 1.19e+02  3e+01  1e+02 35:51.9
  300   2400 2.105916265877418e-01 4.0e+03 2.61e+02  7e+01  3e+02 36:57.1
termination on maxiter=300
final/bestever f-value = 2.105916e-01 1.143822e-02
incumbent solution: [-306.54705869558546, -5.925884489315592, 952.9043004818445, -989.1681925359014]
std deviation: [67.26398730602612, 118.00195071410162, 264.19179579185067, 259.32311551273835]
CMAEvolutionStrategyResult(xbest=array([ 100.2674343 , -695.72725225, -581.35984629,  543.33734953]), fbest=0.011438221019059003, evals_best=1574, evaluations=2400, iterations=300, xfavorite=array([-306.5470587 ,   -5.92588449,  952.90430048, -989.16819254]), stds=array([ 67.26398731, 118.00195071, 264.19179579, 259.32311551]), stop={'maxiter': 300})
