2048
0 10
(4_w,8)-aCMA-ES (mu_w=2.6,w_1=52%) in dimension 4 (seed=460003, Tue Jun 22 15:45:45 2021)
circuitVTD.py:347: DeprecationWarning: The QuantumCircuit.__add__() method is being deprecated.Use the compose() method which is more flexible w.r.t circuit register compatibility.
  TrotterFixStepList.append(TrotterFixStepList[-1] + U_trot)
/home/nfb1/.local/lib/python3.7/site-packages/qiskit/circuit/quantumcircuit.py:869: DeprecationWarning: The QuantumCircuit.combine() method is being deprecated. Use the compose() method which is more flexible w.r.t circuit register compatibility.
  return self.combine(rhs)
Iterat #Fevals   function value  axis ratio  sigma  min&max std  t[m:s]
    1      8 9.716573774285808e-03 1.0e+00 1.51e+00  1e+00  2e+00 0:06.2
    2     16 2.547043415360370e-01 1.4e+00 1.51e+00  1e+00  2e+00 0:12.1
    3     24 2.920165532908969e-02 1.7e+00 1.39e+00  1e+00  2e+00 0:18.3
    4     32 2.624452457437801e-01 2.0e+00 1.65e+00  1e+00  2e+00 0:24.3
    5     40 1.665927991612134e-01 2.2e+00 1.53e+00  1e+00  2e+00 0:30.6
    6     48 4.852896406231699e-02 2.2e+00 1.40e+00  1e+00  2e+00 0:36.9
    8     64 7.461510684701067e-02 2.4e+00 1.28e+00  1e+00  1e+00 0:49.0
   10     80 1.520458461076413e-02 3.4e+00 1.37e+00  1e+00  1e+00 1:01.5
   12     96 1.470281732291157e-02 3.2e+00 1.18e+00  8e-01  1e+00 1:13.8
   14    112 6.792155456539239e-02 2.7e+00 1.11e+00  8e-01  1e+00 1:26.1
   16    128 4.155513134195710e-03 2.8e+00 1.08e+00  7e-01  1e+00 1:38.7
   18    144 1.502905766823526e-02 3.2e+00 7.85e-01  5e-01  7e-01 1:51.1
   20    160 7.941078971146376e-03 3.4e+00 6.07e-01  3e-01  6e-01 2:03.3
   23    184 1.329284601776504e-04 3.8e+00 4.54e-01  2e-01  3e-01 2:22.1
termination on ftarget=0.0005
final/bestever f-value = 1.329285e-04 1.329285e-04
incumbent solution: [1.1972866033188476, 1.0508356947176953, 0.8463497640883526, 0.9283503639690617]
std deviation: [0.31777131386873747, 0.23619380802430393, 0.26260274909150483, 0.28180680531880986]
CMAEvolutionStrategyResult(xbest=array([1.26173629, 1.00104458, 0.68673202, 0.97007866]), fbest=0.00013292846017765036, evals_best=179, evaluations=184, iterations=23, xfavorite=array([1.1972866 , 1.05083569, 0.84634976, 0.92835036]), stds=array([0.31777131, 0.23619381, 0.26260275, 0.28180681]), stop={'ftarget': 0.0005})
1 10
(4_w,8)-aCMA-ES (mu_w=2.6,w_1=52%) in dimension 4 (seed=470585, Tue Jun 22 15:48:07 2021)
Iterat #Fevals   function value  axis ratio  sigma  min&max std  t[m:s]
    1      8 3.010196347415173e-02 1.0e+00 1.29e+00  1e+00  1e+00 0:07.2
    2     16 9.655336095266509e-02 1.3e+00 1.22e+00  1e+00  1e+00 0:14.9
    3     24 6.758548852641444e-02 1.4e+00 1.28e+00  1e+00  1e+00 0:22.2
    4     32 1.635250275186679e-01 1.4e+00 1.14e+00  9e-01  1e+00 0:29.5
    5     40 7.071599129194073e-02 1.4e+00 9.56e-01  7e-01  1e+00 0:36.7
    6     48 1.432323548924644e-01 1.5e+00 7.94e-01  5e-01  8e-01 0:43.8
    7     56 3.773973440618561e-02 1.5e+00 7.97e-01  5e-01  7e-01 0:51.0
    8     64 4.903714270856829e-02 1.6e+00 7.40e-01  5e-01  7e-01 0:58.3
   10     80 5.603443774076400e-03 1.8e+00 5.84e-01  3e-01  5e-01 1:13.0
   12     96 6.200814450654546e-02 1.8e+00 5.10e-01  3e-01  5e-01 1:27.6
   14    112 1.051869147454498e-02 2.0e+00 3.74e-01  2e-01  3e-01 1:42.0
   16    128 8.418430939675092e-03 1.8e+00 3.26e-01  2e-01  3e-01 1:57.4
   18    144 3.493618725528780e-03 2.4e+00 2.42e-01  1e-01  2e-01 2:12.0
   20    160 2.709010019881664e-03 2.3e+00 1.94e-01  7e-02  1e-01 2:26.8
   22    176 3.104313584662344e-03 2.6e+00 1.89e-01  6e-02  2e-01 2:41.4
   24    192 6.630049549782635e-03 2.8e+00 2.18e-01  8e-02  2e-01 2:56.6
   25    200 2.875147248575516e-04 2.9e+00 2.31e-01  8e-02  2e-01 3:04.4
termination on ftarget=0.0005
final/bestever f-value = 2.875147e-04 2.875147e-04
incumbent solution: [3.284488667794239, 5.809264012666872, 3.625628412247652, 2.109313199842668]
std deviation: [0.1773494937719092, 0.08674438878945727, 0.08135575698980353, 0.1337110381226086]
CMAEvolutionStrategyResult(xbest=array([3.20255195, 5.83422183, 3.65431924, 2.0553172 ]), fbest=0.0002875147248575516, evals_best=193, evaluations=200, iterations=25, xfavorite=array([3.28448867, 5.80926401, 3.62562841, 2.1093132 ]), stds=array([0.17734949, 0.08674439, 0.08135576, 0.13371104]), stop={'ftarget': 0.0005})
2 10
(4_w,8)-aCMA-ES (mu_w=2.6,w_1=52%) in dimension 4 (seed=461450, Tue Jun 22 15:51:11 2021)
Iterat #Fevals   function value  axis ratio  sigma  min&max std  t[m:s]
    1      8 4.271518730820448e-01 1.0e+00 1.45e+00  1e+00  2e+00 0:07.2
    2     16 4.125198168559061e-01 1.3e+00 1.37e+00  1e+00  1e+00 0:14.8
    3     24 1.263190990905170e-01 1.4e+00 1.10e+00  9e-01  1e+00 0:22.2
    4     32 7.224642378742951e-02 1.6e+00 9.50e-01  8e-01  1e+00 0:29.6
    5     40 2.816843557515539e-01 1.9e+00 9.57e-01  8e-01  1e+00 0:37.0
    6     48 3.536928208629958e-01 2.0e+00 8.41e-01  6e-01  8e-01 0:44.3
    7     56 2.214031334496382e-01 1.9e+00 7.16e-01  5e-01  7e-01 0:51.7
    8     64 1.110607739785097e-01 2.0e+00 7.70e-01  6e-01  7e-01 0:59.0
   10     80 1.005168190396247e-01 1.8e+00 7.48e-01  5e-01  7e-01 1:13.7
   12     96 1.372246228239689e-01 2.1e+00 6.35e-01  4e-01  6e-01 1:28.7
   14    112 3.950266853213824e-02 2.1e+00 7.27e-01  4e-01  7e-01 1:43.3
   16    128 2.975642578708770e-02 2.3e+00 5.63e-01  3e-01  5e-01 1:58.7
   18    144 4.505314943761107e-02 2.0e+00 5.97e-01  3e-01  6e-01 2:13.5
   20    160 3.129284984552494e-02 2.2e+00 4.72e-01  2e-01  4e-01 2:28.6
   22    176 1.173712005558980e-02 2.3e+00 3.47e-01  1e-01  3e-01 2:43.3
   25    200 5.705827468056590e-04 2.8e+00 2.49e-01  9e-02  2e-01 3:05.6
   28    224 6.931236232079030e-03 3.8e+00 2.45e-01  7e-02  2e-01 3:27.6
   31    248 6.068085510727683e-03 4.9e+00 2.01e-01  5e-02  2e-01 3:50.3
   34    272 2.873777842297476e-03 4.4e+00 1.95e-01  5e-02  2e-01 4:13.6
   37    296 4.898952182954330e-03 3.5e+00 1.68e-01  4e-02  1e-01 4:35.2
   39    312 4.322371525367075e-04 3.5e+00 1.42e-01  4e-02  9e-02 4:49.9
termination on ftarget=0.0005
final/bestever f-value = 4.322372e-04 4.322372e-04
incumbent solution: [1.5848164087786931, 4.595918344265755, 5.530628017240392, 3.942882211537964]
std deviation: [0.04438175736619985, 0.03553089611283596, 0.09259659003709239, 0.0456808237439144]
CMAEvolutionStrategyResult(xbest=array([1.53392809, 4.62772259, 5.63331358, 3.9617369 ]), fbest=0.00043223715253670747, evals_best=307, evaluations=312, iterations=39, xfavorite=array([1.58481641, 4.59591834, 5.53062802, 3.94288221]), stds=array([0.04438176, 0.0355309 , 0.09259659, 0.04568082]), stop={'ftarget': 0.0005})
3 10
(4_w,8)-aCMA-ES (mu_w=2.6,w_1=52%) in dimension 4 (seed=494919, Tue Jun 22 15:56:01 2021)
Iterat #Fevals   function value  axis ratio  sigma  min&max std  t[m:s]
    1      8 1.380294840638050e-01 1.0e+00 2.03e+00  2e+00  2e+00 0:07.6
    2     16 1.140279953123384e-01 1.4e+00 2.32e+00  2e+00  3e+00 0:14.9
    3     24 1.661023768201900e-01 1.6e+00 2.12e+00  2e+00  2e+00 0:22.6
    4     32 1.822907252377147e-01 1.6e+00 1.67e+00  1e+00  2e+00 0:30.2
    5     40 6.216909145321052e-01 1.6e+00 1.45e+00  1e+00  1e+00 0:37.7
    6     48 1.792742055017854e-01 1.8e+00 1.54e+00  1e+00  2e+00 0:44.9
    7     56 3.782619858363995e-01 1.8e+00 1.63e+00  1e+00  2e+00 0:52.3
    8     64 1.806586122733681e-01 1.9e+00 1.52e+00  1e+00  2e+00 0:59.7
   10     80 2.506752272035305e-01 1.8e+00 1.20e+00  8e-01  1e+00 1:14.4
   12     96 1.363633069637186e-01 2.1e+00 9.28e-01  6e-01  9e-01 1:29.3
   14    112 1.444421043151417e-01 2.3e+00 8.10e-01  5e-01  7e-01 1:44.9
   16    128 2.826952979799380e-02 1.9e+00 7.54e-01  4e-01  6e-01 2:00.2
   18    144 1.946573185294043e-02 2.1e+00 6.47e-01  3e-01  5e-01 2:14.9
   20    160 1.888436319240494e-02 2.1e+00 4.89e-01  2e-01  3e-01 2:29.9
   22    176 1.081660415896135e-02 2.2e+00 4.34e-01  2e-01  3e-01 2:45.4
   24    192 2.136912132818714e-02 2.5e+00 5.14e-01  3e-01  4e-01 3:00.9
   27    216 1.533988149804777e-02 3.0e+00 4.25e-01  2e-01  3e-01 3:23.6
   30    240 8.904646681450967e-03 3.4e+00 3.31e-01  1e-01  2e-01 3:46.0
   33    264 2.744541378736809e-03 4.4e+00 2.49e-01  9e-02  2e-01 4:08.6
   36    288 1.796041615540633e-02 4.6e+00 4.47e-01  2e-01  3e-01 4:31.0
   39    312 1.278083856978551e-02 5.8e+00 2.93e-01  1e-01  2e-01 4:53.4
   42    336 3.152178603868183e-03 6.2e+00 2.17e-01  8e-02  2e-01 5:15.7
   45    360 1.564170228643080e-03 7.5e+00 2.17e-01  7e-02  2e-01 5:37.8
   48    384 8.432919233181568e-03 1.1e+01 2.11e-01  7e-02  2e-01 6:02.4
   52    416 4.216036978369031e-03 1.6e+01 1.29e-01  4e-02  9e-02 6:32.0
   56    448 3.117639416266194e-03 1.8e+01 1.24e-01  4e-02  9e-02 7:02.0
   60    480 5.666763656254181e-03 2.9e+01 2.05e-01  7e-02  2e-01 7:32.6
   64    512 8.204974376881946e-04 2.2e+01 1.14e-01  3e-02  7e-02 8:03.6
   68    544 1.017657373834746e-02 2.5e+01 1.24e-01  4e-02  9e-02 8:33.7
   69    552 2.817679780749982e-04 2.9e+01 1.59e-01  6e-02  1e-01 8:41.0
termination on ftarget=0.0005
final/bestever f-value = 2.817680e-04 2.817680e-04
incumbent solution: [3.8025430243637572, 4.950391728684954, 4.590219854467938, 4.7116471120344405]
std deviation: [0.06654724135466644, 0.08795266222601317, 0.10491840828045866, 0.061904216122024305]
CMAEvolutionStrategyResult(xbest=array([3.76975117, 4.90963501, 4.62598728, 4.66401314]), fbest=0.0002817679780749982, evals_best=547, evaluations=552, iterations=69, xfavorite=array([3.80254302, 4.95039173, 4.59021985, 4.71164711]), stds=array([0.06654724, 0.08795266, 0.10491841, 0.06190422]), stop={'ftarget': 0.0005})
4 10
(4_w,8)-aCMA-ES (mu_w=2.6,w_1=52%) in dimension 4 (seed=479180, Tue Jun 22 16:04:42 2021)
Iterat #Fevals   function value  axis ratio  sigma  min&max std  t[m:s]
    1      8 2.827679839259922e-01 1.0e+00 1.29e+00  1e+00  1e+00 0:07.5
    2     16 5.664766836663007e-01 1.2e+00 1.14e+00  1e+00  1e+00 0:14.8
    3     24 4.941085838168857e-02 1.3e+00 1.13e+00  1e+00  1e+00 0:22.2
    4     32 1.398669945256024e-01 1.7e+00 1.06e+00  8e-01  1e+00 0:29.6
    5     40 6.893577716199772e-02 1.9e+00 9.75e-01  7e-01  1e+00 0:37.0
    6     48 1.281816124809735e-01 1.8e+00 8.00e-01  6e-01  7e-01 0:44.6
    7     56 9.049813815774810e-02 1.6e+00 6.77e-01  5e-01  5e-01 0:51.9
    8     64 4.172518301365957e-02 1.5e+00 6.19e-01  4e-01  5e-01 0:59.5
   10     80 1.881541140992948e-02 1.9e+00 4.85e-01  3e-01  4e-01 1:14.9
   12     96 2.148574585965379e-02 2.0e+00 4.69e-01  3e-01  3e-01 1:30.3
   14    112 2.121330552242517e-02 1.9e+00 3.60e-01  2e-01  2e-01 1:45.0
   16    128 1.101292545812471e-02 1.9e+00 2.44e-01  8e-02  2e-01 1:59.5
   18    144 4.091081019870879e-03 2.6e+00 2.06e-01  6e-02  1e-01 2:14.3
   20    160 7.873375267355209e-03 2.9e+00 1.71e-01  5e-02  1e-01 2:29.1
   22    176 2.229233761595673e-03 3.5e+00 1.45e-01  4e-02  9e-02 2:43.7
   24    192 7.962067524314165e-05 3.5e+00 1.11e-01  3e-02  7e-02 2:58.8
termination on ftarget=0.0005
final/bestever f-value = 7.962068e-05 7.962068e-05
incumbent solution: [3.9919117803250534, 2.9235944546455217, 2.2426157872807844, 3.8502053200266557]
std deviation: [0.027883777785895618, 0.06294323776934181, 0.0676750976539236, 0.05863348516850767]
CMAEvolutionStrategyResult(xbest=array([3.96906625, 2.86363948, 2.32109793, 3.85260472]), fbest=7.962067524314165e-05, evals_best=185, evaluations=192, iterations=24, xfavorite=array([3.99191178, 2.92359445, 2.24261579, 3.85020532]), stds=array([0.02788378, 0.06294324, 0.0676751 , 0.05863349]), stop={'ftarget': 0.0005})
5 10
(4_w,8)-aCMA-ES (mu_w=2.6,w_1=52%) in dimension 4 (seed=460317, Tue Jun 22 16:07:41 2021)
Iterat #Fevals   function value  axis ratio  sigma  min&max std  t[m:s]
    1      8 3.780628641794731e-01 1.0e+00 1.55e+00  1e+00  2e+00 0:07.7
    2     16 1.136498806563476e-01 1.2e+00 1.64e+00  2e+00  2e+00 0:15.8
    3     24 1.524021858301466e-01 1.6e+00 1.63e+00  1e+00  2e+00 0:22.9
    4     32 9.825384400437542e-02 1.5e+00 1.60e+00  1e+00  2e+00 0:31.1
    5     40 1.965073285729207e-01 1.7e+00 1.38e+00  1e+00  2e+00 0:38.5
    6     48 1.813694141633773e-01 1.9e+00 1.56e+00  1e+00  2e+00 0:45.9
    7     56 7.436908679856657e-02 2.0e+00 1.64e+00  1e+00  2e+00 0:53.0
    8     64 1.534734652567311e-01 2.1e+00 1.75e+00  1e+00  3e+00 1:00.8
   10     80 2.481709586256535e-01 2.8e+00 1.87e+00  1e+00  3e+00 1:15.7
   12     96 3.574666473902335e-01 2.9e+00 1.68e+00  1e+00  2e+00 1:30.7
   14    112 1.175677535971651e-01 2.5e+00 1.60e+00  1e+00  2e+00 1:45.8
   16    128 1.952292313264583e-01 2.7e+00 1.60e+00  9e-01  2e+00 2:01.2
   18    144 5.352694699550631e-02 3.7e+00 1.55e+00  8e-01  2e+00 2:16.2
   20    160 1.114174228873493e-01 4.1e+00 1.75e+00  8e-01  2e+00 2:31.1
   22    176 1.141054920541030e-01 3.6e+00 1.24e+00  6e-01  2e+00 2:46.6
   25    200 4.994350879045439e-02 4.0e+00 1.09e+00  5e-01  1e+00 3:09.2
   28    224 6.078935935349616e-02 2.4e+00 1.01e+00  4e-01  7e-01 3:31.1
   31    248 1.545112990705966e-02 2.4e+00 6.94e-01  2e-01  5e-01 3:53.3
   34    272 1.450131781201902e-03 3.0e+00 5.88e-01  2e-01  4e-01 4:16.0
   37    296 3.024051636147052e-03 3.0e+00 4.60e-01  1e-01  3e-01 4:38.8
   39    312 3.388892876059479e-04 3.5e+00 3.67e-01  9e-02  2e-01 4:54.0
termination on ftarget=0.0005
final/bestever f-value = 3.388893e-04 3.388893e-04
incumbent solution: [-0.7308904880313067, 3.751651864805702, 2.69919691033814, 2.343084023386301]
std deviation: [0.09414331600596224, 0.166172456982559, 0.22735887478080352, 0.1457120205582328]
CMAEvolutionStrategyResult(xbest=array([-0.67792341,  3.72402569,  2.66280345,  2.419324  ]), fbest=0.00033888928760594794, evals_best=309, evaluations=312, iterations=39, xfavorite=array([-0.73089049,  3.75165186,  2.69919691,  2.34308402]), stds=array([0.09414332, 0.16617246, 0.22735887, 0.14571202]), stop={'ftarget': 0.0005})
6 10
(4_w,8)-aCMA-ES (mu_w=2.6,w_1=52%) in dimension 4 (seed=504895, Tue Jun 22 16:12:35 2021)
Iterat #Fevals   function value  axis ratio  sigma  min&max std  t[m:s]
    1      8 4.641900575430690e-01 1.0e+00 1.45e+00  1e+00  2e+00 0:07.3
    2     16 2.931264344029358e-01 1.3e+00 1.50e+00  1e+00  2e+00 0:14.6
    3     24 8.176646999172521e-02 1.5e+00 1.67e+00  2e+00  2e+00 0:22.0
    4     32 5.990387660384466e-02 1.6e+00 1.57e+00  1e+00  2e+00 0:29.7
    5     40 1.591917720324701e-01 1.6e+00 1.41e+00  1e+00  1e+00 0:37.0
    6     48 3.581642810951580e-02 1.9e+00 1.25e+00  1e+00  1e+00 0:44.7
    7     56 3.725576285909182e-02 1.8e+00 1.22e+00  1e+00  1e+00 0:52.6
    8     64 3.262752443822980e-02 2.2e+00 1.27e+00  1e+00  1e+00 1:00.0
   10     80 9.815656401847117e-02 3.1e+00 1.28e+00  1e+00  1e+00 1:14.8
   12     96 1.964000786912046e-02 3.5e+00 1.04e+00  7e-01  1e+00 1:29.3
   14    112 1.109815768487310e-02 2.8e+00 8.06e-01  5e-01  7e-01 1:43.7
   16    128 1.434647531563027e-02 3.0e+00 6.38e-01  4e-01  5e-01 1:58.2
   18    144 5.088771582356877e-03 2.8e+00 5.92e-01  3e-01  5e-01 2:12.9
   20    160 3.204592252131211e-03 3.6e+00 4.52e-01  2e-01  3e-01 2:28.3
   22    176 1.455530450403808e-03 4.4e+00 4.44e-01  2e-01  4e-01 2:43.1
   24    192 8.080006563565556e-04 5.5e+00 3.58e-01  2e-01  3e-01 3:00.3
   27    216 3.307740958369054e-03 5.9e+00 2.71e-01  1e-01  2e-01 3:23.0
   28    224 2.071949823994057e-04 7.3e+00 2.38e-01  1e-01  2e-01 3:30.2
termination on ftarget=0.0005
final/bestever f-value = 2.071950e-04 2.071950e-04
incumbent solution: [7.495207470203027, 6.471730684424552, 1.081673337174292, 1.1653954070472308]
std deviation: [0.11808163427247356, 0.1633880158797658, 0.18246869655032152, 0.12739440921744905]
CMAEvolutionStrategyResult(xbest=array([7.48059598, 6.38035245, 1.24750431, 1.22063896]), fbest=0.0002071949823994057, evals_best=220, evaluations=224, iterations=28, xfavorite=array([7.49520747, 6.47173068, 1.08167334, 1.16539541]), stds=array([0.11808163, 0.16338802, 0.1824687 , 0.12739441]), stop={'ftarget': 0.0005})
7 10
(4_w,8)-aCMA-ES (mu_w=2.6,w_1=52%) in dimension 4 (seed=520490, Tue Jun 22 16:16:05 2021)
Iterat #Fevals   function value  axis ratio  sigma  min&max std  t[m:s]
    1      8 2.467670016215158e-01 1.0e+00 1.25e+00  1e+00  1e+00 0:08.0
    2     16 1.104106965169972e-01 1.2e+00 1.33e+00  1e+00  1e+00 0:15.1
    3     24 5.226335630016710e-02 1.5e+00 1.61e+00  2e+00  2e+00 0:22.5
    4     32 2.264361163450727e-01 1.6e+00 1.37e+00  1e+00  1e+00 0:29.6
    5     40 1.053639281157973e-01 1.7e+00 1.21e+00  1e+00  1e+00 0:37.1
    6     48 1.534286725749172e-01 1.8e+00 1.52e+00  1e+00  2e+00 0:44.3
    7     56 3.435667326348144e-01 2.5e+00 1.82e+00  1e+00  2e+00 0:52.0
    8     64 1.497400955977882e-01 3.0e+00 1.65e+00  1e+00  2e+00 0:59.2
   10     80 1.329969179711337e-01 3.4e+00 1.44e+00  1e+00  2e+00 1:13.9
   12     96 2.663397161074484e-01 3.8e+00 1.16e+00  7e-01  1e+00 1:28.9
   14    112 6.748100267325186e-02 4.5e+00 7.90e-01  4e-01  9e-01 1:43.4
   16    128 5.697908502023386e-02 5.3e+00 9.92e-01  6e-01  1e+00 1:58.4
   18    144 7.378598523373781e-02 5.9e+00 8.01e-01  4e-01  9e-01 2:12.8
   20    160 2.781123459275281e-02 6.0e+00 6.95e-01  3e-01  7e-01 2:27.6
   22    176 2.008417107858729e-02 5.1e+00 6.77e-01  3e-01  7e-01 2:43.3
   25    200 7.263109869712681e-03 5.2e+00 4.91e-01  2e-01  5e-01 3:05.7
   26    208 2.461823344149794e-04 4.7e+00 5.11e-01  2e-01  6e-01 3:13.4
termination on ftarget=0.0005
final/bestever f-value = 2.461823e-04 2.461823e-04
incumbent solution: [8.658616437277507, 2.262776304769098, 0.3376280632429654, 4.585733419468681]
std deviation: [0.3266218086980926, 0.20716299005806563, 0.26062573890417595, 0.5921173858648225]
CMAEvolutionStrategyResult(xbest=array([8.64915042, 2.29670336, 0.28426762, 4.14386671]), fbest=0.0002461823344149794, evals_best=203, evaluations=208, iterations=26, xfavorite=array([8.65861644, 2.2627763 , 0.33762806, 4.58573342]), stds=array([0.32662181, 0.20716299, 0.26062574, 0.59211739]), stop={'ftarget': 0.0005})
8 10
(4_w,8)-aCMA-ES (mu_w=2.6,w_1=52%) in dimension 4 (seed=502330, Tue Jun 22 16:19:19 2021)
Iterat #Fevals   function value  axis ratio  sigma  min&max std  t[m:s]
    1      8 3.151226416562070e-01 1.0e+00 1.61e+00  2e+00  2e+00 0:07.8
    2     16 3.118414277200879e-01 1.2e+00 1.61e+00  1e+00  2e+00 0:15.1
    3     24 1.356025516541577e-01 1.2e+00 1.65e+00  1e+00  2e+00 0:22.5
    4     32 2.425798322652107e-01 1.4e+00 1.90e+00  2e+00  2e+00 0:30.3
    5     40 3.848621036531465e-01 1.7e+00 1.73e+00  1e+00  2e+00 0:37.7
    6     48 8.578897418592524e-02 1.7e+00 1.40e+00  1e+00  2e+00 0:45.6
    7     56 1.861630927289581e-01 1.8e+00 1.48e+00  1e+00  2e+00 0:53.4
    8     64 1.037657143488726e-01 2.2e+00 1.46e+00  1e+00  2e+00 1:00.9
   10     80 8.039700185239451e-02 2.7e+00 1.16e+00  9e-01  1e+00 1:15.9
   12     96 1.053508886794240e-01 3.1e+00 9.59e-01  7e-01  1e+00 1:30.7
   14    112 2.888909889662594e-02 3.0e+00 7.87e-01  6e-01  8e-01 1:46.3
   16    128 9.474401717973202e-02 3.3e+00 7.04e-01  5e-01  6e-01 2:01.4
   18    144 5.825861886916806e-03 3.3e+00 5.20e-01  3e-01  5e-01 2:16.7
   20    160 9.644793263153928e-03 3.4e+00 4.30e-01  2e-01  4e-01 2:31.3
   22    176 1.174986790674171e-02 3.4e+00 3.06e-01  1e-01  3e-01 2:46.2
   25    200 1.382300915001178e-02 4.0e+00 2.59e-01  1e-01  2e-01 3:08.3
   28    224 4.705563877334784e-03 4.0e+00 1.75e-01  6e-02  1e-01 3:31.1
   31    248 2.090673353686068e-03 3.4e+00 1.42e-01  4e-02  1e-01 3:52.9
   34    272 1.422264859531897e-03 3.4e+00 1.78e-01  5e-02  1e-01 4:15.3
   35    280 6.643829635299969e-05 3.5e+00 1.99e-01  7e-02  1e-01 4:23.0
termination on ftarget=0.0005
final/bestever f-value = 6.643830e-05 6.643830e-05
incumbent solution: [7.662995414940445, 3.407673859017033, 3.179240392923454, -1.3197266506487413]
std deviation: [0.08420149200844182, 0.08839185191025198, 0.13084658354309778, 0.06567863830900741]
CMAEvolutionStrategyResult(xbest=array([ 7.60211468,  3.38965476,  3.16787513, -1.35779084]), fbest=6.643829635299969e-05, evals_best=280, evaluations=280, iterations=35, xfavorite=array([ 7.66299541,  3.40767386,  3.17924039, -1.31972665]), stds=array([0.08420149, 0.08839185, 0.13084658, 0.06567864]), stop={'ftarget': 0.0005})
9 10
(4_w,8)-aCMA-ES (mu_w=2.6,w_1=52%) in dimension 4 (seed=449917, Tue Jun 22 16:23:42 2021)
Iterat #Fevals   function value  axis ratio  sigma  min&max std  t[m:s]
    1      8 1.983887881701861e-01 1.0e+00 1.58e+00  1e+00  2e+00 0:07.4
    2     16 1.162416799448458e-01 1.2e+00 1.49e+00  1e+00  2e+00 0:15.4
    3     24 7.211406362426553e-02 1.3e+00 1.26e+00  1e+00  1e+00 0:22.9
    4     32 2.638683051326809e-01 1.5e+00 1.19e+00  9e-01  1e+00 0:30.7
    5     40 2.652113708284793e-01 1.6e+00 1.06e+00  8e-01  1e+00 0:37.9
    6     48 1.627411395830695e-01 1.5e+00 1.00e+00  7e-01  1e+00 0:45.7
    7     56 1.364096564693530e-01 1.7e+00 8.71e-01  6e-01  9e-01 0:53.2
    8     64 9.672862480067246e-02 1.5e+00 7.58e-01  5e-01  7e-01 1:01.3
   10     80 4.351502825340003e-02 1.6e+00 6.73e-01  5e-01  6e-01 1:15.8
   12     96 1.880212126675340e-02 1.7e+00 5.39e-01  4e-01  4e-01 1:31.5
   14    112 3.497298265353055e-02 1.9e+00 4.79e-01  3e-01  4e-01 1:46.2
   16    128 2.525514491622571e-02 1.8e+00 3.52e-01  2e-01  2e-01 2:00.9
   18    144 1.427044357218610e-02 2.0e+00 2.35e-01  1e-01  1e-01 2:15.8
   20    160 4.903164329846277e-03 2.0e+00 2.18e-01  1e-01  1e-01 2:30.7
   22    176 2.346280589669725e-02 2.1e+00 2.27e-01  9e-02  1e-01 2:46.0
   24    192 1.367059893530698e-02 2.5e+00 2.06e-01  7e-02  1e-01 3:02.1
   27    216 6.686946564307794e-03 3.2e+00 2.24e-01  8e-02  2e-01 3:24.2
   30    240 4.109017222368894e-03 3.5e+00 2.13e-01  7e-02  2e-01 3:47.2
   33    264 6.451546106304495e-03 4.2e+00 1.64e-01  5e-02  1e-01 4:09.8
   36    288 1.297300953576142e-02 3.8e+00 1.62e-01  5e-02  1e-01 4:32.2
   37    296 2.467988218312067e-04 3.7e+00 1.55e-01  5e-02  8e-02 4:39.8
termination on ftarget=0.0005
final/bestever f-value = 2.467988e-04 2.467988e-04
incumbent solution: [1.7056253199030016, 5.263534651030688, 2.573187412033649, 4.715715555908387]
std deviation: [0.08420252110525937, 0.05178150850646508, 0.049494967637807114, 0.08404494088848635]
CMAEvolutionStrategyResult(xbest=array([1.68245297, 5.31294611, 2.57064362, 4.68780327]), fbest=0.0002467988218312067, evals_best=296, evaluations=296, iterations=37, xfavorite=array([1.70562532, 5.26353465, 2.57318741, 4.71571556]), stds=array([0.08420252, 0.05178151, 0.04949497, 0.08404494]), stop={'ftarget': 0.0005})
